"randread_4k_32_1": (g=0): rw=randread, bs=(R) 4096B-4096B, (W) 4096B-4096B, (T) 4096B-4096B, ioengine=io_uring, iodepth=32
fio-3.28
Starting 1 thread

"randread_4k_32_1": (groupid=0, jobs=1): err= 0: pid=71234: Fri Aug 11 21:40:13 2023
  read: IOPS=262k, BW=1025MiB/s (1075MB/s)(60.1GiB/60001msec)
    slat (nsec): min=2037, max=69248, avg=2798.64, stdev=956.34
    clat (usec): min=45, max=630, avg=118.33, stdev=15.28
     lat (usec): min=53, max=633, avg=121.25, stdev=15.25
    clat percentiles (usec):
     |  1.00th=[  103],  5.00th=[  109], 10.00th=[  111], 20.00th=[  114],
     | 30.00th=[  115], 40.00th=[  117], 50.00th=[  118], 60.00th=[  119],
     | 70.00th=[  121], 80.00th=[  122], 90.00th=[  124], 95.00th=[  127],
     | 99.00th=[  143], 99.50th=[  273], 99.90th=[  306], 99.95th=[  318],
     | 99.99th=[  334]
   bw (  MiB/s): min=  948, max= 1027, per=100.00%, avg=1025.05, stdev= 7.07, samples=120
   iops        : min=242890, max=263000, avg=262413.67, stdev=1810.66, samples=120
  lat (usec)   : 50=0.01%, 100=0.29%, 250=99.06%, 500=0.65%, 750=0.01%
  cpu          : usr=28.44%, sys=70.46%, ctx=13093, majf=0, minf=0
  IO depths    : 1=0.0%, 2=0.0%, 4=0.0%, 8=0.0%, 16=0.0%, 32=100.0%, >=64=0.0%
     submit    : 0=0.0%, 4=100.0%, 8=0.0%, 16=0.0%, 32=0.0%, 64=0.0%, >=64=0.0%
     complete  : 0=0.0%, 4=100.0%, 8=0.0%, 16=0.0%, 32=0.1%, 64=0.0%, >=64=0.0%
     issued rwts: total=15743815,0,0,0 short=0,0,0,0 dropped=0,0,0,0
     latency   : target=0, window=0, percentile=100.00%, depth=32

Run status group 0 (all jobs):
   READ: bw=1025MiB/s (1075MB/s), 1025MiB/s-1025MiB/s (1075MB/s-1075MB/s), io=60.1GiB (64.5GB), run=60001-60001msec
