"randwrite_4k_128_1": (g=0): rw=randwrite, bs=(R) 4096B-4096B, (W) 4096B-4096B, (T) 4096B-4096B, ioengine=io_uring, iodepth=128
fio-3.28
Starting 1 thread

"randwrite_4k_128_1": (groupid=0, jobs=1): err= 0: pid=73532: Fri Aug 11 22:07:14 2023
  write: IOPS=211k, BW=826MiB/s (866MB/s)(48.4GiB/60001msec); 0 zone resets
    slat (nsec): min=2193, max=59575, avg=2847.52, stdev=825.32
    clat (usec): min=160, max=3602, avg=601.98, stdev=226.72
     lat (usec): min=169, max=3605, avg=604.98, stdev=226.22
    clat percentiles (usec):
     |  1.00th=[  221],  5.00th=[  247], 10.00th=[  265], 20.00th=[  553],
     | 30.00th=[  578], 40.00th=[  586], 50.00th=[  594], 60.00th=[  611],
     | 70.00th=[  619], 80.00th=[  652], 90.00th=[  914], 95.00th=[  963],
     | 99.00th=[ 1287], 99.50th=[ 1483], 99.90th=[ 1778], 99.95th=[ 1893],
     | 99.99th=[ 2212]
   bw (  KiB/s): min=771496, max=859704, per=100.00%, avg=845775.22, stdev=10162.87, samples=120
   iops        : min=192874, max=214926, avg=211443.77, stdev=2540.71, samples=120
  lat (usec)   : 250=5.83%, 500=12.77%, 750=64.59%, 1000=13.27%
  lat (msec)   : 2=3.52%, 4=0.02%
  cpu          : usr=24.61%, sys=57.96%, ctx=758047, majf=0, minf=0
  IO depths    : 1=0.0%, 2=0.0%, 4=0.0%, 8=0.0%, 16=0.0%, 32=0.0%, >=64=100.0%
     submit    : 0=0.0%, 4=100.0%, 8=0.0%, 16=0.0%, 32=0.0%, 64=0.0%, >=64=0.0%
     complete  : 0=0.0%, 4=100.0%, 8=0.0%, 16=0.0%, 32=0.0%, 64=0.0%, >=64=0.1%
     issued rwts: total=0,12685148,0,0 short=0,0,0,0 dropped=0,0,0,0
     latency   : target=0, window=0, percentile=100.00%, depth=128

Run status group 0 (all jobs):
  WRITE: bw=826MiB/s (866MB/s), 826MiB/s-826MiB/s (866MB/s-866MB/s), io=48.4GiB (52.0GB), run=60001-60001msec
