"randwrite_4k_4_1": (g=0): rw=randwrite, bs=(R) 4096B-4096B, (W) 4096B-4096B, (T) 4096B-4096B, ioengine=io_uring, iodepth=4
fio-3.28
Starting 1 thread

"randwrite_4k_4_1": (groupid=0, jobs=1): err= 0: pid=73031: Fri Aug 11 22:01:22 2023
  write: IOPS=79.5k, BW=311MiB/s (326MB/s)(18.2GiB/60001msec); 0 zone resets
    slat (nsec): min=2411, max=43412, avg=3410.62, stdev=650.88
    clat (usec): min=15, max=572, avg=46.11, stdev=18.51
     lat (usec): min=34, max=575, avg=49.62, stdev=18.46
    clat percentiles (usec):
     |  1.00th=[   35],  5.00th=[   37], 10.00th=[   37], 20.00th=[   39],
     | 30.00th=[   40], 40.00th=[   41], 50.00th=[   42], 60.00th=[   44],
     | 70.00th=[   47], 80.00th=[   55], 90.00th=[   57], 95.00th=[   59],
     | 99.00th=[  180], 99.50th=[  200], 99.90th=[  221], 99.95th=[  225],
     | 99.99th=[  237]
   bw (  KiB/s): min=297960, max=321600, per=100.00%, avg=318125.25, stdev=5027.22, samples=120
   iops        : min=74488, max=80400, avg=79531.25, stdev=1256.89, samples=120
  lat (usec)   : 20=0.01%, 50=76.65%, 100=22.10%, 250=1.25%, 500=0.01%
  lat (usec)   : 750=0.01%
  cpu          : usr=16.58%, sys=34.65%, ctx=3151030, majf=0, minf=0
  IO depths    : 1=0.0%, 2=0.0%, 4=100.0%, 8=0.0%, 16=0.0%, 32=0.0%, >=64=0.0%
     submit    : 0=0.0%, 4=100.0%, 8=0.0%, 16=0.0%, 32=0.0%, 64=0.0%, >=64=0.0%
     complete  : 0=0.0%, 4=100.0%, 8=0.0%, 16=0.0%, 32=0.0%, 64=0.0%, >=64=0.0%
     issued rwts: total=0,4771419,0,0 short=0,0,0,0 dropped=0,0,0,0
     latency   : target=0, window=0, percentile=100.00%, depth=4

Run status group 0 (all jobs):
  WRITE: bw=311MiB/s (326MB/s), 311MiB/s-311MiB/s (326MB/s-326MB/s), io=18.2GiB (19.5GB), run=60001-60001msec
