"randread_64k_8_1": (g=0): rw=randread, bs=(R) 64.0KiB-64.0KiB, (W) 64.0KiB-64.0KiB, (T) 64.0KiB-64.0KiB, ioengine=io_uring, iodepth=8
fio-3.28
Starting 1 thread

"randread_64k_8_1": (groupid=0, jobs=1): err= 0: pid=72430: Fri Aug 11 21:54:19 2023
  read: IOPS=37.7k, BW=2357MiB/s (2471MB/s)(138GiB/60001msec)
    slat (nsec): min=3884, max=47919, avg=5504.43, stdev=1122.17
    clat (usec): min=142, max=528, avg=205.63, stdev=26.66
     lat (usec): min=147, max=533, avg=211.27, stdev=26.65
    clat percentiles (usec):
     |  1.00th=[  178],  5.00th=[  186], 10.00th=[  190], 20.00th=[  194],
     | 30.00th=[  196], 40.00th=[  200], 50.00th=[  202], 60.00th=[  204],
     | 70.00th=[  208], 80.00th=[  212], 90.00th=[  219], 95.00th=[  225],
     | 99.00th=[  375], 99.50th=[  383], 99.90th=[  400], 99.95th=[  408],
     | 99.99th=[  424]
   bw (  MiB/s): min= 2204, max= 2372, per=100.00%, avg=2357.28, stdev=16.68, samples=120
   iops        : min=35266, max=37960, avg=37716.46, stdev=266.92, samples=120
  lat (usec)   : 250=97.88%, 500=2.12%, 750=0.01%
  cpu          : usr=9.39%, sys=27.90%, ctx=2179238, majf=0, minf=0
  IO depths    : 1=0.0%, 2=0.0%, 4=0.0%, 8=100.0%, 16=0.0%, 32=0.0%, >=64=0.0%
     submit    : 0=0.0%, 4=100.0%, 8=0.0%, 16=0.0%, 32=0.0%, 64=0.0%, >=64=0.0%
     complete  : 0=0.0%, 4=100.0%, 8=0.1%, 16=0.0%, 32=0.0%, 64=0.0%, >=64=0.0%
     issued rwts: total=2262735,0,0,0 short=0,0,0,0 dropped=0,0,0,0
     latency   : target=0, window=0, percentile=100.00%, depth=8

Run status group 0 (all jobs):
   READ: bw=2357MiB/s (2471MB/s), 2357MiB/s-2357MiB/s (2471MB/s-2471MB/s), io=138GiB (148GB), run=60001-60001msec
