"randwrite_64k_16_1": (g=0): rw=randwrite, bs=(R) 64.0KiB-64.0KiB, (W) 64.0KiB-64.0KiB, (T) 64.0KiB-64.0KiB, ioengine=io_uring, iodepth=16
fio-3.28
Starting 1 thread

"randwrite_64k_16_1": (groupid=0, jobs=1): err= 0: pid=11584: Sat Sep 16 16:24:54 2023
  write: IOPS=1031, BW=64.5MiB/s (67.6MB/s)(3871MiB/60003msec); 0 zone resets
    slat (nsec): min=3556, max=65960, avg=9932.30, stdev=6204.66
    clat (usec): min=885, max=116851, avg=15489.77, stdev=12934.29
     lat (usec): min=909, max=116860, avg=15499.91, stdev=12933.82
    clat percentiles (usec):
     |  1.00th=[  1729],  5.00th=[  2376], 10.00th=[  2966], 20.00th=[  4228],
     | 30.00th=[  6194], 40.00th=[  9503], 50.00th=[ 12518], 60.00th=[ 15795],
     | 70.00th=[ 19530], 80.00th=[ 23987], 90.00th=[ 31851], 95.00th=[ 40109],
     | 99.00th=[ 60556], 99.50th=[ 69731], 99.90th=[ 87557], 99.95th=[ 94897],
     | 99.99th=[107480]
   bw (  KiB/s): min=35072, max=120832, per=99.99%, avg=66059.37, stdev=21110.13, samples=120
   iops        : min=  548, max= 1888, avg=1032.12, stdev=329.86, samples=120
  lat (usec)   : 1000=0.02%
  lat (msec)   : 2=2.35%, 4=16.01%, 10=23.15%, 20=29.82%, 50=26.33%
  lat (msec)   : 100=2.32%, 250=0.03%
  cpu          : usr=0.46%, sys=1.22%, ctx=20492, majf=0, minf=0
  IO depths    : 1=0.0%, 2=0.0%, 4=0.0%, 8=0.0%, 16=100.0%, 32=0.0%, >=64=0.0%
     submit    : 0=0.0%, 4=100.0%, 8=0.0%, 16=0.0%, 32=0.0%, 64=0.0%, >=64=0.0%
     complete  : 0=0.0%, 4=100.0%, 8=0.0%, 16=0.1%, 32=0.0%, 64=0.0%, >=64=0.0%
     issued rwts: total=0,61922,0,0 short=0,0,0,0 dropped=0,0,0,0
     latency   : target=0, window=0, percentile=100.00%, depth=16

Run status group 0 (all jobs):
  WRITE: bw=64.5MiB/s (67.6MB/s), 64.5MiB/s-64.5MiB/s (67.6MB/s-67.6MB/s), io=3871MiB (4059MB), run=60003-60003msec
