"randwrite_64k_128_1": (g=0): rw=randwrite, bs=(R) 64.0KiB-64.0KiB, (W) 64.0KiB-64.0KiB, (T) 64.0KiB-64.0KiB, ioengine=io_uring, iodepth=128
fio-3.28
Starting 1 thread

"randwrite_64k_128_1": (groupid=0, jobs=1): err= 0: pid=12165: Sat Sep 16 16:28:25 2023
  write: IOPS=2524, BW=158MiB/s (166MB/s)(9479MiB/60032msec); 0 zone resets
    slat (usec): min=3, max=111, avg=12.48, stdev= 6.43
    clat (usec): min=651, max=2688.9k, avg=50681.31, stdev=73759.91
     lat (usec): min=664, max=2688.9k, avg=50694.03, stdev=73759.89
    clat percentiles (usec):
     |  1.00th=[   1483],  5.00th=[   5276], 10.00th=[  20841],
     | 20.00th=[  24511], 30.00th=[  28443], 40.00th=[  33162],
     | 50.00th=[  39584], 60.00th=[  46400], 70.00th=[  54264],
     | 80.00th=[  69731], 90.00th=[  92799], 95.00th=[ 117965],
     | 99.00th=[ 181404], 99.50th=[ 208667], 99.90th=[ 320865],
     | 99.95th=[2365588], 99.99th=[2466251]
   bw (  KiB/s): min=109312, max=229376, per=99.99%, avg=161680.51, stdev=35425.52, samples=120
   iops        : min= 1708, max= 3584, avg=2526.18, stdev=553.51, samples=120
  lat (usec)   : 750=0.02%, 1000=0.20%
  lat (msec)   : 2=1.68%, 4=2.43%, 10=1.37%, 20=2.83%, 50=56.79%
  lat (msec)   : 100=26.63%, 250=7.91%, 500=0.16%, >=2000=0.08%
  cpu          : usr=2.05%, sys=3.31%, ctx=83656, majf=0, minf=0
  IO depths    : 1=0.0%, 2=0.0%, 4=0.0%, 8=0.0%, 16=0.0%, 32=0.0%, >=64=100.0%
     submit    : 0=0.0%, 4=100.0%, 8=0.0%, 16=0.0%, 32=0.0%, 64=0.0%, >=64=0.0%
     complete  : 0=0.0%, 4=100.0%, 8=0.0%, 16=0.0%, 32=0.0%, 64=0.0%, >=64=0.1%
     issued rwts: total=0,151543,0,0 short=0,0,0,0 dropped=0,0,0,0
     latency   : target=0, window=0, percentile=100.00%, depth=128

Run status group 0 (all jobs):
  WRITE: bw=158MiB/s (166MB/s), 158MiB/s-158MiB/s (166MB/s-166MB/s), io=9479MiB (9940MB), run=60032-60032msec
