"randwrite_64k_8_1": (g=0): rw=randwrite, bs=(R) 64.0KiB-64.0KiB, (W) 64.0KiB-64.0KiB, (T) 64.0KiB-64.0KiB, ioengine=io_uring, iodepth=8
fio-3.28
Starting 1 thread

"randwrite_64k_8_1": (groupid=0, jobs=1): err= 0: pid=11392: Sat Sep 16 16:23:43 2023
  write: IOPS=3480, BW=218MiB/s (228MB/s)(12.7GiB/60002msec); 0 zone resets
    slat (nsec): min=3913, max=92636, avg=11538.68, stdev=6523.73
    clat (usec): min=619, max=40441, avg=2284.77, stdev=1677.36
     lat (usec): min=632, max=40447, avg=2296.56, stdev=1677.22
    clat percentiles (usec):
     |  1.00th=[  865],  5.00th=[ 1029], 10.00th=[ 1156], 20.00th=[ 1352],
     | 30.00th=[ 1532], 40.00th=[ 1713], 50.00th=[ 1909], 60.00th=[ 2114],
     | 70.00th=[ 2409], 80.00th=[ 2769], 90.00th=[ 3425], 95.00th=[ 4293],
     | 99.00th=[10552], 99.50th=[12780], 99.90th=[17433], 99.95th=[19792],
     | 99.99th=[28181]
   bw (  KiB/s): min=123904, max=259712, per=100.00%, avg=222776.33, stdev=34640.39, samples=120
   iops        : min= 1936, max= 4058, avg=3480.83, stdev=541.25, samples=120
  lat (usec)   : 750=0.11%, 1000=3.91%
  lat (msec)   : 2=50.28%, 4=39.65%, 10=4.88%, 20=1.12%, 50=0.05%
  cpu          : usr=2.11%, sys=5.17%, ctx=146791, majf=0, minf=0
  IO depths    : 1=0.0%, 2=0.0%, 4=0.0%, 8=100.0%, 16=0.0%, 32=0.0%, >=64=0.0%
     submit    : 0=0.0%, 4=100.0%, 8=0.0%, 16=0.0%, 32=0.0%, 64=0.0%, >=64=0.0%
     complete  : 0=0.0%, 4=100.0%, 8=0.1%, 16=0.0%, 32=0.0%, 64=0.0%, >=64=0.0%
     issued rwts: total=0,208824,0,0 short=0,0,0,0 dropped=0,0,0,0
     latency   : target=0, window=0, percentile=100.00%, depth=8

Run status group 0 (all jobs):
  WRITE: bw=218MiB/s (228MB/s), 218MiB/s-218MiB/s (228MB/s-228MB/s), io=12.7GiB (13.7GB), run=60002-60002msec
