"randread_16k_4_1": (g=0): rw=randread, bs=(R) 16.0KiB-16.0KiB, (W) 16.0KiB-16.0KiB, (T) 16.0KiB-16.0KiB, ioengine=io_uring, iodepth=4
fio-3.28
Starting 1 thread

"randread_16k_4_1": (groupid=0, jobs=1): err= 0: pid=5746: Sat Sep 16 15:49:36 2023
  read: IOPS=4105, BW=64.2MiB/s (67.3MB/s)(3849MiB/60001msec)
    slat (nsec): min=1914, max=53183, avg=5860.94, stdev=4179.25
    clat (usec): min=189, max=13944, avg=966.79, stdev=726.58
     lat (usec): min=192, max=13962, avg=972.82, stdev=726.59
    clat percentiles (usec):
     |  1.00th=[  359],  5.00th=[  429], 10.00th=[  486], 20.00th=[  586],
     | 30.00th=[  676], 40.00th=[  758], 50.00th=[  840], 60.00th=[  938],
     | 70.00th=[ 1057], 80.00th=[ 1188], 90.00th=[ 1401], 95.00th=[ 1598],
     | 99.00th=[ 5276], 99.50th=[ 6718], 99.90th=[ 7898], 99.95th=[ 8160],
     | 99.99th=[ 8717]
   bw (  KiB/s): min=56192, max=69568, per=100.00%, avg=65704.44, stdev=1741.40, samples=120
   iops        : min= 3512, max= 4348, avg=4106.50, stdev=108.85, samples=120
  lat (usec)   : 250=0.11%, 500=11.20%, 750=28.05%, 1000=26.37%
  lat (msec)   : 2=32.13%, 4=0.79%, 10=1.36%, 20=0.01%
  cpu          : usr=1.50%, sys=3.66%, ctx=146935, majf=0, minf=0
  IO depths    : 1=0.0%, 2=0.0%, 4=100.0%, 8=0.0%, 16=0.0%, 32=0.0%, >=64=0.0%
     submit    : 0=0.0%, 4=100.0%, 8=0.0%, 16=0.0%, 32=0.0%, 64=0.0%, >=64=0.0%
     complete  : 0=0.0%, 4=100.0%, 8=0.0%, 16=0.0%, 32=0.0%, 64=0.0%, >=64=0.0%
     issued rwts: total=246356,0,0,0 short=0,0,0,0 dropped=0,0,0,0
     latency   : target=0, window=0, percentile=100.00%, depth=4

Run status group 0 (all jobs):
   READ: bw=64.2MiB/s (67.3MB/s), 64.2MiB/s-64.2MiB/s (67.3MB/s-67.3MB/s), io=3849MiB (4036MB), run=60001-60001msec
