"randread_16k_2_1": (g=0): rw=randread, bs=(R) 16.0KiB-16.0KiB, (W) 16.0KiB-16.0KiB, (T) 16.0KiB-16.0KiB, ioengine=io_uring, iodepth=2
fio-3.28
Starting 1 thread

"randread_16k_2_1": (groupid=0, jobs=1): err= 0: pid=5547: Sat Sep 16 15:48:25 2023
  read: IOPS=3705, BW=57.9MiB/s (60.7MB/s)(3474MiB/60001msec)
    slat (nsec): min=2444, max=58799, avg=7264.91, stdev=4660.59
    clat (usec): min=185, max=10508, avg=530.27, stdev=147.20
     lat (usec): min=190, max=10516, avg=537.76, stdev=147.08
    clat percentiles (usec):
     |  1.00th=[  285],  5.00th=[  351], 10.00th=[  371], 20.00th=[  408],
     | 30.00th=[  441], 40.00th=[  474], 50.00th=[  506], 60.00th=[  545],
     | 70.00th=[  586], 80.00th=[  644], 90.00th=[  725], 95.00th=[  791],
     | 99.00th=[  930], 99.50th=[  979], 99.90th=[ 1123], 99.95th=[ 1237],
     | 99.99th=[ 2376]
   bw (  KiB/s): min=56352, max=60864, per=100.00%, avg=59297.64, stdev=696.45, samples=120
   iops        : min= 3522, max= 3804, avg=3706.08, stdev=43.52, samples=120
  lat (usec)   : 250=0.53%, 500=47.33%, 750=44.50%, 1000=7.26%
  lat (msec)   : 2=0.36%, 4=0.01%, 10=0.01%, 20=0.01%
  cpu          : usr=1.90%, sys=4.56%, ctx=203153, majf=0, minf=0
  IO depths    : 1=0.0%, 2=100.0%, 4=0.0%, 8=0.0%, 16=0.0%, 32=0.0%, >=64=0.0%
     submit    : 0=0.0%, 4=100.0%, 8=0.0%, 16=0.0%, 32=0.0%, 64=0.0%, >=64=0.0%
     complete  : 0=0.0%, 4=100.0%, 8=0.0%, 16=0.0%, 32=0.0%, 64=0.0%, >=64=0.0%
     issued rwts: total=222345,0,0,0 short=0,0,0,0 dropped=0,0,0,0
     latency   : target=0, window=0, percentile=100.00%, depth=2

Run status group 0 (all jobs):
   READ: bw=57.9MiB/s (60.7MB/s), 57.9MiB/s-57.9MiB/s (60.7MB/s-60.7MB/s), io=3474MiB (3643MB), run=60001-60001msec
