"randwrite_16k_128_1": (g=0): rw=randwrite, bs=(R) 16.0KiB-16.0KiB, (W) 16.0KiB-16.0KiB, (T) 16.0KiB-16.0KiB, ioengine=io_uring, iodepth=128
fio-3.28
Starting 1 thread

"randwrite_16k_128_1": (groupid=0, jobs=1): err= 0: pid=10805: Sat Sep 16 16:20:11 2023
  write: IOPS=455, BW=7327KiB/s (7503kB/s)(430MiB/60030msec); 0 zone resets
    slat (nsec): min=2433, max=57146, avg=6371.02, stdev=4626.02
    clat (usec): min=714, max=1884.1k, avg=280026.65, stdev=200601.22
     lat (usec): min=754, max=1884.1k, avg=280033.19, stdev=200600.63
    clat percentiles (msec):
     |  1.00th=[    3],  5.00th=[   18], 10.00th=[   47], 20.00th=[  102],
     | 30.00th=[  148], 40.00th=[  203], 50.00th=[  253], 60.00th=[  305],
     | 70.00th=[  359], 80.00th=[  430], 90.00th=[  535], 95.00th=[  651],
     | 99.00th=[  894], 99.50th=[  986], 99.90th=[ 1234], 99.95th=[ 1385],
     | 99.99th=[ 1687]
   bw (  KiB/s): min= 3334, max=13920, per=99.59%, avg=7297.30, stdev=2086.09, samples=120
   iops        : min=  208, max=  870, avg=456.05, stdev=130.38, samples=120
  lat (usec)   : 750=0.01%, 1000=0.02%
  lat (msec)   : 2=0.40%, 4=2.69%, 10=1.13%, 20=1.11%, 50=5.31%
  lat (msec)   : 100=8.97%, 250=30.22%, 500=37.70%, 750=10.30%, 1000=2.14%
  lat (msec)   : 2000=0.48%
  cpu          : usr=0.14%, sys=0.30%, ctx=4838, majf=0, minf=0
  IO depths    : 1=0.0%, 2=0.0%, 4=0.0%, 8=0.0%, 16=0.0%, 32=0.0%, >=64=100.0%
     submit    : 0=0.0%, 4=100.0%, 8=0.0%, 16=0.0%, 32=0.0%, 64=0.0%, >=64=0.0%
     complete  : 0=0.0%, 4=100.0%, 8=0.0%, 16=0.0%, 32=0.0%, 64=0.0%, >=64=0.1%
     issued rwts: total=0,27362,0,0 short=0,0,0,0 dropped=0,0,0,0
     latency   : target=0, window=0, percentile=100.00%, depth=128

Run status group 0 (all jobs):
  WRITE: bw=7327KiB/s (7503kB/s), 7327KiB/s-7327KiB/s (7503kB/s-7503kB/s), io=430MiB (450MB), run=60030-60030msec
