"randwrite_16k_16_1": (g=0): rw=randwrite, bs=(R) 16.0KiB-16.0KiB, (W) 16.0KiB-16.0KiB, (T) 16.0KiB-16.0KiB, ioengine=io_uring, iodepth=16
fio-3.28
Starting 1 thread

"randwrite_16k_16_1": (groupid=0, jobs=1): err= 0: pid=10217: Sat Sep 16 16:16:40 2023
  write: IOPS=6639, BW=104MiB/s (109MB/s)(6225MiB/60003msec); 0 zone resets
    slat (nsec): min=2369, max=49045, avg=6422.15, stdev=4654.90
    clat (usec): min=460, max=40646, avg=2401.95, stdev=1615.29
     lat (usec): min=469, max=40654, avg=2408.53, stdev=1615.22
    clat percentiles (usec):
     |  1.00th=[  758],  5.00th=[  955], 10.00th=[ 1106], 20.00th=[ 1352],
     | 30.00th=[ 1582], 40.00th=[ 1811], 50.00th=[ 2073], 60.00th=[ 2343],
     | 70.00th=[ 2671], 80.00th=[ 3097], 90.00th=[ 3752], 95.00th=[ 4555],
     | 99.00th=[ 9634], 99.50th=[11076], 99.90th=[14091], 99.95th=[19006],
     | 99.99th=[32113]
   bw (  KiB/s): min=85536, max=114816, per=100.00%, avg=106256.13, stdev=4071.10, samples=120
   iops        : min= 5346, max= 7176, avg=6640.96, stdev=254.44, samples=120
  lat (usec)   : 500=0.01%, 750=0.90%, 1000=5.44%
  lat (msec)   : 2=41.06%, 4=44.83%, 10=6.91%, 20=0.82%, 50=0.04%
  cpu          : usr=2.25%, sys=5.61%, ctx=155419, majf=0, minf=0
  IO depths    : 1=0.0%, 2=0.0%, 4=0.0%, 8=0.0%, 16=100.0%, 32=0.0%, >=64=0.0%
     submit    : 0=0.0%, 4=100.0%, 8=0.0%, 16=0.0%, 32=0.0%, 64=0.0%, >=64=0.0%
     complete  : 0=0.0%, 4=100.0%, 8=0.0%, 16=0.1%, 32=0.0%, 64=0.0%, >=64=0.0%
     issued rwts: total=0,398395,0,0 short=0,0,0,0 dropped=0,0,0,0
     latency   : target=0, window=0, percentile=100.00%, depth=16

Run status group 0 (all jobs):
  WRITE: bw=104MiB/s (109MB/s), 104MiB/s-104MiB/s (109MB/s-109MB/s), io=6225MiB (6528MB), run=60003-60003msec
