"randread_64k_32_1": (g=0): rw=randread, bs=(R) 64.0KiB-64.0KiB, (W) 64.0KiB-64.0KiB, (T) 64.0KiB-64.0KiB, ioengine=io_uring, iodepth=32
fio-3.28
Starting 1 thread

"randread_64k_32_1": (groupid=0, jobs=1): err= 0: pid=7688: Sat Sep 16 16:01:22 2023
  read: IOPS=1950, BW=122MiB/s (128MB/s)(7320MiB/60014msec)
    slat (nsec): min=2375, max=92050, avg=8848.19, stdev=5430.54
    clat (usec): min=358, max=7186.0k, avg=16389.04, stdev=79787.16
     lat (usec): min=368, max=7186.0k, avg=16398.14, stdev=79787.13
    clat percentiles (usec):
     |  1.00th=[    947],  5.00th=[   3720], 10.00th=[   5866],
     | 20.00th=[   7635], 30.00th=[   9765], 40.00th=[  11994],
     | 50.00th=[  13829], 60.00th=[  15795], 70.00th=[  17957],
     | 80.00th=[  21365], 90.00th=[  26608], 95.00th=[  32375],
     | 99.00th=[  45351], 99.50th=[  51119], 99.90th=[  65274],
     | 99.95th=[  73925], 99.99th=[5133829]
   bw (  KiB/s): min=113152, max=136576, per=100.00%, avg=124912.93, stdev=4260.47, samples=120
   iops        : min= 1768, max= 2134, avg=1951.72, stdev=66.57, samples=120
  lat (usec)   : 500=0.02%, 750=0.29%, 1000=0.93%
  lat (msec)   : 2=2.85%, 4=1.09%, 10=25.52%, 20=45.99%, 50=22.75%
  lat (msec)   : 100=0.56%, 250=0.01%, 500=0.01%, 2000=0.01%, >=2000=0.02%
  cpu          : usr=1.12%, sys=2.72%, ctx=79239, majf=0, minf=0
  IO depths    : 1=0.0%, 2=0.0%, 4=0.0%, 8=0.0%, 16=0.0%, 32=100.0%, >=64=0.0%
     submit    : 0=0.0%, 4=100.0%, 8=0.0%, 16=0.0%, 32=0.0%, 64=0.0%, >=64=0.0%
     complete  : 0=0.0%, 4=100.0%, 8=0.0%, 16=0.0%, 32=0.1%, 64=0.0%, >=64=0.0%
     issued rwts: total=117083,0,0,0 short=0,0,0,0 dropped=0,0,0,0
     latency   : target=0, window=0, percentile=100.00%, depth=32

Run status group 0 (all jobs):
   READ: bw=122MiB/s (128MB/s), 122MiB/s-122MiB/s (128MB/s-128MB/s), io=7320MiB (7675MB), run=60014-60014msec
