"randwrite_64k_16_1": (g=0): rw=randwrite, bs=(R) 64.0KiB-64.0KiB, (W) 64.0KiB-64.0KiB, (T) 64.0KiB-64.0KiB, ioengine=io_uring, iodepth=16
fio-3.28
Starting 1 thread

"randwrite_64k_16_1": (groupid=0, jobs=1): err= 0: pid=80597: Tue Aug  8 23:41:17 2023
  write: IOPS=583, BW=36.5MiB/s (38.3MB/s)(2191MiB/60007msec); 0 zone resets
    slat (usec): min=5, max=376, avg=14.91, stdev= 7.71
    clat (usec): min=1084, max=49110, avg=27379.54, stdev=9826.69
     lat (usec): min=1095, max=49124, avg=27394.71, stdev=9827.95
    clat percentiles (usec):
     |  1.00th=[ 2311],  5.00th=[ 5800], 10.00th=[10028], 20.00th=[18220],
     | 30.00th=[26608], 40.00th=[30016], 50.00th=[31589], 60.00th=[32900],
     | 70.00th=[33817], 80.00th=[34866], 90.00th=[35914], 95.00th=[36439],
     | 99.00th=[38011], 99.50th=[39060], 99.90th=[41681], 99.95th=[42730],
     | 99.99th=[48497]
   bw (  KiB/s): min=27520, max=71552, per=99.97%, avg=37372.57, stdev=11624.89, samples=120
   iops        : min=  430, max= 1118, avg=583.92, stdev=181.64, samples=120
  lat (msec)   : 2=0.58%, 4=2.60%, 10=6.82%, 20=12.24%, 50=77.79%
  cpu          : usr=0.48%, sys=1.07%, ctx=32220, majf=0, minf=0
  IO depths    : 1=0.0%, 2=0.0%, 4=0.0%, 8=0.0%, 16=100.0%, 32=0.0%, >=64=0.0%
     submit    : 0=0.0%, 4=100.0%, 8=0.0%, 16=0.0%, 32=0.0%, 64=0.0%, >=64=0.0%
     complete  : 0=0.0%, 4=100.0%, 8=0.0%, 16=0.1%, 32=0.0%, 64=0.0%, >=64=0.0%
     issued rwts: total=0,35036,0,0 short=0,0,0,0 dropped=0,0,0,0
     latency   : target=0, window=0, percentile=100.00%, depth=16

Run status group 0 (all jobs):
  WRITE: bw=36.5MiB/s (38.3MB/s), 36.5MiB/s-36.5MiB/s (38.3MB/s-38.3MB/s), io=2191MiB (2297MB), run=60007-60007msec
