"randread_64k_32_1": (g=0): rw=randread, bs=(R) 64.0KiB-64.0KiB, (W) 64.0KiB-64.0KiB, (T) 64.0KiB-64.0KiB, ioengine=io_uring, iodepth=32
fio-3.28
Starting 1 thread

"randread_64k_32_1": (groupid=0, jobs=1): err= 0: pid=79769: Tue Aug  8 23:14:56 2023
  read: IOPS=5680, BW=355MiB/s (372MB/s)(20.8GiB/60005msec)
    slat (usec): min=5, max=147, avg= 9.34, stdev= 4.20
    clat (usec): min=2205, max=44959, avg=5622.04, stdev=1491.82
     lat (usec): min=2214, max=44968, avg=5631.56, stdev=1491.95
    clat percentiles (usec):
     |  1.00th=[ 3458],  5.00th=[ 3949], 10.00th=[ 4228], 20.00th=[ 4621],
     | 30.00th=[ 4883], 40.00th=[ 5080], 50.00th=[ 5342], 60.00th=[ 5604],
     | 70.00th=[ 5866], 80.00th=[ 6325], 90.00th=[ 7242], 95.00th=[ 8455],
     | 99.00th=[11207], 99.50th=[12125], 99.90th=[15139], 99.95th=[17433],
     | 99.99th=[25822]
   bw (  KiB/s): min=216192, max=404096, per=100.00%, avg=363618.67, stdev=47792.07, samples=120
   iops        : min= 3378, max= 6314, avg=5681.52, stdev=746.74, samples=120
  lat (msec)   : 4=5.91%, 10=92.12%, 20=1.95%, 50=0.03%
  cpu          : usr=2.18%, sys=6.37%, ctx=342278, majf=0, minf=0
  IO depths    : 1=0.0%, 2=0.0%, 4=0.0%, 8=0.0%, 16=0.0%, 32=100.0%, >=64=0.0%
     submit    : 0=0.0%, 4=100.0%, 8=0.0%, 16=0.0%, 32=0.0%, 64=0.0%, >=64=0.0%
     complete  : 0=0.0%, 4=100.0%, 8=0.0%, 16=0.0%, 32=0.1%, 64=0.0%, >=64=0.0%
     issued rwts: total=340858,0,0,0 short=0,0,0,0 dropped=0,0,0,0
     latency   : target=0, window=0, percentile=100.00%, depth=32

Run status group 0 (all jobs):
   READ: bw=355MiB/s (372MB/s), 355MiB/s-355MiB/s (372MB/s-372MB/s), io=20.8GiB (22.3GB), run=60005-60005msec
