"randwrite_4k_8_1": (g=0): rw=randwrite, bs=(R) 4096B-4096B, (W) 4096B-4096B, (T) 4096B-4096B, ioengine=io_uring, iodepth=8
fio-3.28
Starting 1 thread

"randwrite_4k_8_1": (groupid=0, jobs=1): err= 0: pid=79978: Tue Aug  8 23:20:50 2023
  write: IOPS=1097, BW=4390KiB/s (4496kB/s)(257MiB/60005msec); 0 zone resets
    slat (usec): min=2, max=105, avg= 6.73, stdev= 3.97
    clat (usec): min=624, max=33040, avg=7280.12, stdev=1568.41
     lat (usec): min=629, max=33045, avg=7287.06, stdev=1568.44
    clat percentiles (usec):
     |  1.00th=[ 1106],  5.00th=[ 3884], 10.00th=[ 5997], 20.00th=[ 6783],
     | 30.00th=[ 7177], 40.00th=[ 7373], 50.00th=[ 7635], 60.00th=[ 7832],
     | 70.00th=[ 8029], 80.00th=[ 8225], 90.00th=[ 8455], 95.00th=[ 8717],
     | 99.00th=[ 9110], 99.50th=[ 9372], 99.90th=[14484], 99.95th=[19006],
     | 99.99th=[30540]
   bw (  KiB/s): min= 3992, max= 5408, per=99.99%, avg=4390.41, stdev=274.18, samples=120
   iops        : min=  998, max= 1352, avg=1097.60, stdev=68.54, samples=120
  lat (usec)   : 750=0.03%, 1000=0.57%
  lat (msec)   : 2=2.58%, 4=1.96%, 10=94.65%, 20=0.17%, 50=0.04%
  cpu          : usr=0.63%, sys=1.07%, ctx=64510, majf=0, minf=0
  IO depths    : 1=0.0%, 2=0.0%, 4=0.0%, 8=100.0%, 16=0.0%, 32=0.0%, >=64=0.0%
     submit    : 0=0.0%, 4=100.0%, 8=0.0%, 16=0.0%, 32=0.0%, 64=0.0%, >=64=0.0%
     complete  : 0=0.0%, 4=100.0%, 8=0.1%, 16=0.0%, 32=0.0%, 64=0.0%, >=64=0.0%
     issued rwts: total=0,65853,0,0 short=0,0,0,0 dropped=0,0,0,0
     latency   : target=0, window=0, percentile=100.00%, depth=8

Run status group 0 (all jobs):
  WRITE: bw=4390KiB/s (4496kB/s), 4390KiB/s-4390KiB/s (4496kB/s-4496kB/s), io=257MiB (270MB), run=60005-60005msec
