"randwrite_16k_64_1": (g=0): rw=randwrite, bs=(R) 16.0KiB-16.0KiB, (W) 16.0KiB-16.0KiB, (T) 16.0KiB-16.0KiB, ioengine=io_uring, iodepth=64
fio-3.28
Starting 1 thread

"randwrite_16k_64_1": (groupid=0, jobs=1): err= 0: pid=80394: Tue Aug  8 23:35:22 2023
  write: IOPS=1590, BW=24.8MiB/s (26.1MB/s)(1491MiB/60013msec); 0 zone resets
    slat (usec): min=2, max=131, avg=11.47, stdev= 6.41
    clat (usec): min=782, max=143547, avg=40233.14, stdev=21117.14
     lat (usec): min=792, max=143562, avg=40244.88, stdev=21117.07
    clat percentiles (msec):
     |  1.00th=[    3],  5.00th=[   30], 10.00th=[   31], 20.00th=[   33],
     | 30.00th=[   33], 40.00th=[   34], 50.00th=[   35], 60.00th=[   35],
     | 70.00th=[   36], 80.00th=[   37], 90.00th=[   63], 95.00th=[   89],
     | 99.00th=[  136], 99.50th=[  138], 99.90th=[  142], 99.95th=[  142],
     | 99.99th=[  142]
   bw (  KiB/s): min= 7424, max=32768, per=99.96%, avg=25433.17, stdev=8632.16, samples=120
   iops        : min=  464, max= 2048, avg=1589.53, stdev=539.51, samples=120
  lat (usec)   : 1000=0.06%
  lat (msec)   : 2=0.69%, 4=0.37%, 10=0.02%, 20=0.04%, 50=86.59%
  lat (msec)   : 100=8.46%, 250=3.78%
  cpu          : usr=1.26%, sys=2.74%, ctx=90604, majf=0, minf=0
  IO depths    : 1=0.0%, 2=0.1%, 4=0.1%, 8=0.1%, 16=0.1%, 32=0.1%, >=64=99.9%
     submit    : 0=0.0%, 4=100.0%, 8=0.0%, 16=0.0%, 32=0.0%, 64=0.0%, >=64=0.0%
     complete  : 0=0.0%, 4=100.0%, 8=0.0%, 16=0.0%, 32=0.0%, 64=0.1%, >=64=0.0%
     issued rwts: total=0,95427,0,0 short=0,0,0,0 dropped=0,0,0,0
     latency   : target=0, window=0, percentile=100.00%, depth=64

Run status group 0 (all jobs):
  WRITE: bw=24.8MiB/s (26.1MB/s), 24.8MiB/s-24.8MiB/s (26.1MB/s-26.1MB/s), io=1491MiB (1563MB), run=60013-60013msec
