"randread_4k_16_1": (g=0): rw=randread, bs=(R) 4096B-4096B, (W) 4096B-4096B, (T) 4096B-4096B, ioengine=io_uring, iodepth=16
fio-3.28
Starting 1 thread

"randread_4k_16_1": (groupid=0, jobs=1): err= 0: pid=79168: Tue Aug  8 22:57:13 2023
  read: IOPS=6579, BW=25.7MiB/s (26.9MB/s)(1542MiB/60003msec)
    slat (usec): min=2, max=214, avg= 4.42, stdev= 2.75
    clat (usec): min=94, max=16306, avg=2426.23, stdev=1239.45
     lat (usec): min=98, max=16311, avg=2430.77, stdev=1239.36
    clat percentiles (usec):
     |  1.00th=[  318],  5.00th=[  594], 10.00th=[  865], 20.00th=[ 1369],
     | 30.00th=[ 1762], 40.00th=[ 2073], 50.00th=[ 2343], 60.00th=[ 2671],
     | 70.00th=[ 2966], 80.00th=[ 3294], 90.00th=[ 3818], 95.00th=[ 4490],
     | 99.00th=[ 6325], 99.50th=[ 7111], 99.90th=[ 9110], 99.95th=[ 9896],
     | 99.99th=[12256]
   bw (  KiB/s): min=22584, max=29979, per=100.00%, avg=26320.13, stdev=1867.01, samples=120
   iops        : min= 5646, max= 7494, avg=6580.02, stdev=466.74, samples=120
  lat (usec)   : 100=0.01%, 250=0.48%, 500=2.73%, 750=4.78%, 1000=4.35%
  lat (msec)   : 2=25.46%, 4=53.97%, 10=8.19%, 20=0.04%
  cpu          : usr=1.72%, sys=4.13%, ctx=279681, majf=0, minf=0
  IO depths    : 1=0.0%, 2=0.0%, 4=0.0%, 8=0.0%, 16=100.0%, 32=0.0%, >=64=0.0%
     submit    : 0=0.0%, 4=100.0%, 8=0.0%, 16=0.0%, 32=0.0%, 64=0.0%, >=64=0.0%
     complete  : 0=0.0%, 4=100.0%, 8=0.0%, 16=0.1%, 32=0.0%, 64=0.0%, >=64=0.0%
     issued rwts: total=394778,0,0,0 short=0,0,0,0 dropped=0,0,0,0
     latency   : target=0, window=0, percentile=100.00%, depth=16

Run status group 0 (all jobs):
   READ: bw=25.7MiB/s (26.9MB/s), 25.7MiB/s-25.7MiB/s (26.9MB/s-26.9MB/s), io=1542MiB (1617MB), run=60003-60003msec
