"randread_4k_16_1": (g=0): rw=randread, bs=(R) 4096B-4096B, (W) 4096B-4096B, (T) 4096B-4096B, ioengine=io_uring, iodepth=16
fio-3.28
Starting 1 thread

"randread_4k_16_1": (groupid=0, jobs=1): err= 0: pid=79166: Tue Aug  8 22:57:13 2023
  read: IOPS=6579, BW=25.7MiB/s (26.9MB/s)(1542MiB/60002msec)
    slat (usec): min=2, max=181, avg= 4.44, stdev= 2.63
    clat (usec): min=105, max=18860, avg=2426.22, stdev=1244.97
     lat (usec): min=109, max=18865, avg=2430.79, stdev=1244.87
    clat percentiles (usec):
     |  1.00th=[  314],  5.00th=[  594], 10.00th=[  857], 20.00th=[ 1369],
     | 30.00th=[ 1745], 40.00th=[ 2073], 50.00th=[ 2343], 60.00th=[ 2671],
     | 70.00th=[ 2966], 80.00th=[ 3294], 90.00th=[ 3818], 95.00th=[ 4490],
     | 99.00th=[ 6325], 99.50th=[ 7111], 99.90th=[ 9241], 99.95th=[10290],
     | 99.99th=[12387]
   bw (  KiB/s): min=22544, max=29955, per=100.00%, avg=26319.90, stdev=1868.78, samples=120
   iops        : min= 5636, max= 7488, avg=6579.96, stdev=467.19, samples=120
  lat (usec)   : 250=0.50%, 500=2.80%, 750=4.79%, 1000=4.37%
  lat (msec)   : 2=25.33%, 4=54.00%, 10=8.15%, 20=0.06%
  cpu          : usr=1.79%, sys=4.06%, ctx=282373, majf=0, minf=0
  IO depths    : 1=0.0%, 2=0.0%, 4=0.0%, 8=0.0%, 16=100.0%, 32=0.0%, >=64=0.0%
     submit    : 0=0.0%, 4=100.0%, 8=0.0%, 16=0.0%, 32=0.0%, 64=0.0%, >=64=0.0%
     complete  : 0=0.0%, 4=100.0%, 8=0.0%, 16=0.1%, 32=0.0%, 64=0.0%, >=64=0.0%
     issued rwts: total=394779,0,0,0 short=0,0,0,0 dropped=0,0,0,0
     latency   : target=0, window=0, percentile=100.00%, depth=16

Run status group 0 (all jobs):
   READ: bw=25.7MiB/s (26.9MB/s), 25.7MiB/s-25.7MiB/s (26.9MB/s-26.9MB/s), io=1542MiB (1617MB), run=60002-60002msec
