"randwrite_64k_64_1": (g=0): rw=randwrite, bs=(R) 64.0KiB-64.0KiB, (W) 64.0KiB-64.0KiB, (T) 64.0KiB-64.0KiB, ioengine=io_uring, iodepth=64
fio-3.28
Starting 1 thread

"randwrite_64k_64_1": (groupid=0, jobs=1): err= 0: pid=80676: Tue Aug  8 23:44:38 2023
  write: IOPS=480, BW=30.1MiB/s (31.5MB/s)(1809MiB/60132msec); 0 zone resets
    slat (usec): min=6, max=155, avg=20.76, stdev=10.62
    clat (msec): min=70, max=258, avg=133.07, stdev= 9.56
     lat (msec): min=70, max=258, avg=133.09, stdev= 9.56
    clat percentiles (msec):
     |  1.00th=[  102],  5.00th=[  117], 10.00th=[  124], 20.00th=[  128],
     | 30.00th=[  131], 40.00th=[  133], 50.00th=[  136], 60.00th=[  136],
     | 70.00th=[  138], 80.00th=[  140], 90.00th=[  142], 95.00th=[  146],
     | 99.00th=[  153], 99.50th=[  153], 99.90th=[  201], 99.95th=[  230],
     | 99.99th=[  255]
   bw (  KiB/s): min=27446, max=33536, per=100.00%, avg=30812.10, stdev=1177.22, samples=120
   iops        : min=  428, max=  524, avg=481.39, stdev=18.41, samples=120
  lat (msec)   : 100=0.90%, 250=99.30%, 500=0.01%
  cpu          : usr=0.55%, sys=1.22%, ctx=29604, majf=0, minf=0
  IO depths    : 1=0.0%, 2=0.0%, 4=0.0%, 8=0.0%, 16=0.0%, 32=0.0%, >=64=100.0%
     submit    : 0=0.0%, 4=100.0%, 8=0.0%, 16=0.0%, 32=0.0%, 64=0.0%, >=64=0.0%
     complete  : 0=0.0%, 4=100.0%, 8=0.0%, 16=0.0%, 32=0.0%, 64=0.1%, >=64=0.0%
     issued rwts: total=0,28883,0,0 short=0,0,0,0 dropped=0,0,0,0
     latency   : target=0, window=0, percentile=100.00%, depth=64

Run status group 0 (all jobs):
  WRITE: bw=30.1MiB/s (31.5MB/s), 30.1MiB/s-30.1MiB/s (31.5MB/s-31.5MB/s), io=1809MiB (1897MB), run=60132-60132msec
