"randread_64k_4_1": (g=0): rw=randread, bs=(R) 64.0KiB-64.0KiB, (W) 64.0KiB-64.0KiB, (T) 64.0KiB-64.0KiB, ioengine=io_uring, iodepth=4
fio-3.28
Starting 1 thread

"randread_64k_4_1": (groupid=0, jobs=1): err= 0: pid=79654: Tue Aug  8 23:11:23 2023
  read: IOPS=3159, BW=197MiB/s (207MB/s)(11.6GiB/60002msec)
    slat (nsec): min=5281, max=70046, avg=8603.97, stdev=2578.73
    clat (usec): min=139, max=29287, avg=1255.82, stdev=574.30
     lat (usec): min=147, max=29295, avg=1264.59, stdev=574.28
    clat percentiles (usec):
     |  1.00th=[  302],  5.00th=[  461], 10.00th=[  594], 20.00th=[  824],
     | 30.00th=[  996], 40.00th=[ 1139], 50.00th=[ 1254], 60.00th=[ 1369],
     | 70.00th=[ 1483], 80.00th=[ 1631], 90.00th=[ 1860], 95.00th=[ 2073],
     | 99.00th=[ 2507], 99.50th=[ 2704], 99.90th=[ 3294], 99.95th=[ 4555],
     | 99.99th=[19792]
   bw (  KiB/s): min=182144, max=223744, per=100.00%, avg=202239.47, stdev=7611.34, samples=120
   iops        : min= 2846, max= 3496, avg=3159.98, stdev=118.93, samples=120
  lat (usec)   : 250=0.43%, 500=5.94%, 750=10.22%, 1000=13.59%
  lat (msec)   : 2=63.57%, 4=6.20%, 10=0.03%, 20=0.02%, 50=0.01%
  cpu          : usr=0.99%, sys=3.73%, ctx=186621, majf=0, minf=0
  IO depths    : 1=0.0%, 2=0.0%, 4=100.0%, 8=0.0%, 16=0.0%, 32=0.0%, >=64=0.0%
     submit    : 0=0.0%, 4=100.0%, 8=0.0%, 16=0.0%, 32=0.0%, 64=0.0%, >=64=0.0%
     complete  : 0=0.0%, 4=100.0%, 8=0.0%, 16=0.0%, 32=0.0%, 64=0.0%, >=64=0.0%
     issued rwts: total=189588,0,0,0 short=0,0,0,0 dropped=0,0,0,0
     latency   : target=0, window=0, percentile=100.00%, depth=4

Run status group 0 (all jobs):
   READ: bw=197MiB/s (207MB/s), 197MiB/s-197MiB/s (207MB/s-207MB/s), io=11.6GiB (12.4GB), run=60002-60002msec
