"randwrite_16k_2_1": (g=0): rw=randwrite, bs=(R) 16.0KiB-16.0KiB, (W) 16.0KiB-16.0KiB, (T) 16.0KiB-16.0KiB, ioengine=io_uring, iodepth=2
fio-3.28
Starting 1 thread

"randwrite_16k_2_1": (groupid=0, jobs=1): err= 0: pid=80191: Tue Aug  8 23:27:45 2023
  write: IOPS=1334, BW=20.9MiB/s (21.9MB/s)(1252MiB/60001msec); 0 zone resets
    slat (usec): min=3, max=127, avg= 6.91, stdev= 3.53
    clat (usec): min=663, max=42634, avg=1489.30, stdev=937.74
     lat (usec): min=669, max=42639, avg=1496.41, stdev=937.75
    clat percentiles (usec):
     |  1.00th=[  898],  5.00th=[ 1045], 10.00th=[ 1106], 20.00th=[ 1172],
     | 30.00th=[ 1237], 40.00th=[ 1287], 50.00th=[ 1336], 60.00th=[ 1418],
     | 70.00th=[ 1516], 80.00th=[ 1663], 90.00th=[ 1926], 95.00th=[ 2212],
     | 99.00th=[ 3261], 99.50th=[ 4555], 99.90th=[18220], 99.95th=[21103],
     | 99.99th=[26870]
   bw (  KiB/s): min=14272, max=23776, per=100.00%, avg=21360.17, stdev=1912.43, samples=120
   iops        : min=  892, max= 1486, avg=1334.98, stdev=119.52, samples=120
  lat (usec)   : 750=0.07%, 1000=2.92%
  lat (msec)   : 2=88.60%, 4=7.77%, 10=0.42%, 20=0.15%, 50=0.07%
  cpu          : usr=0.64%, sys=1.30%, ctx=76954, majf=0, minf=0
  IO depths    : 1=0.0%, 2=100.0%, 4=0.0%, 8=0.0%, 16=0.0%, 32=0.0%, >=64=0.0%
     submit    : 0=0.0%, 4=100.0%, 8=0.0%, 16=0.0%, 32=0.0%, 64=0.0%, >=64=0.0%
     complete  : 0=0.0%, 4=100.0%, 8=0.0%, 16=0.0%, 32=0.0%, 64=0.0%, >=64=0.0%
     issued rwts: total=0,80095,0,0 short=0,0,0,0 dropped=0,0,0,0
     latency   : target=0, window=0, percentile=100.00%, depth=2

Run status group 0 (all jobs):
  WRITE: bw=20.9MiB/s (21.9MB/s), 20.9MiB/s-20.9MiB/s (21.9MB/s-21.9MB/s), io=1252MiB (1312MB), run=60001-60001msec
