"randread_4k_128_1": (g=0): rw=randread, bs=(R) 4096B-4096B, (W) 4096B-4096B, (T) 4096B-4096B, ioengine=io_uring, iodepth=128
fio-3.28
Starting 1 thread

"randread_4k_128_1": (groupid=0, jobs=1): err= 0: pid=79290: Tue Aug  8 23:00:46 2023
  read: IOPS=6195, BW=24.2MiB/s (25.4MB/s)(1453MiB/60019msec)
    slat (usec): min=2, max=252, avg= 4.88, stdev= 3.10
    clat (usec): min=13707, max=41642, avg=20651.24, stdev=1727.69
     lat (usec): min=13715, max=41647, avg=20656.26, stdev=1727.61
    clat percentiles (usec):
     |  1.00th=[17433],  5.00th=[18482], 10.00th=[18744], 20.00th=[19268],
     | 30.00th=[19792], 40.00th=[20055], 50.00th=[20579], 60.00th=[20841],
     | 70.00th=[21365], 80.00th=[21890], 90.00th=[22676], 95.00th=[23725],
     | 99.00th=[26346], 99.50th=[27395], 99.90th=[30278], 99.95th=[31851],
     | 99.99th=[35914]
   bw (  KiB/s): min=23358, max=27664, per=100.00%, avg=24789.74, stdev=780.25, samples=120
   iops        : min= 5839, max= 6916, avg=6197.42, stdev=195.07, samples=120
  lat (msec)   : 20=37.42%, 50=62.62%
  cpu          : usr=1.52%, sys=4.41%, ctx=267144, majf=0, minf=0
  IO depths    : 1=0.0%, 2=0.0%, 4=0.0%, 8=0.0%, 16=0.0%, 32=0.0%, >=64=100.0%
     submit    : 0=0.0%, 4=100.0%, 8=0.0%, 16=0.0%, 32=0.0%, 64=0.0%, >=64=0.0%
     complete  : 0=0.0%, 4=100.0%, 8=0.0%, 16=0.0%, 32=0.0%, 64=0.0%, >=64=0.1%
     issued rwts: total=371829,0,0,0 short=0,0,0,0 dropped=0,0,0,0
     latency   : target=0, window=0, percentile=100.00%, depth=128

Run status group 0 (all jobs):
   READ: bw=24.2MiB/s (25.4MB/s), 24.2MiB/s-24.2MiB/s (25.4MB/s-25.4MB/s), io=1453MiB (1524MB), run=60019-60019msec
