"randread_16k_128_1": (g=0): rw=randread, bs=(R) 16.0KiB-16.0KiB, (W) 16.0KiB-16.0KiB, (T) 16.0KiB-16.0KiB, ioengine=io_uring, iodepth=128
fio-3.28
Starting 1 thread

"randread_16k_128_1": (groupid=0, jobs=1): err= 0: pid=79572: Tue Aug  8 23:09:02 2023
  read: IOPS=5986, BW=93.6MiB/s (98.1MB/s)(5617MiB/60022msec)
    slat (usec): min=2, max=180, avg= 5.54, stdev= 3.10
    clat (usec): min=12274, max=43346, avg=21369.56, stdev=2497.45
     lat (usec): min=12278, max=43352, avg=21375.25, stdev=2497.45
    clat percentiles (usec):
     |  1.00th=[14746],  5.00th=[16450], 10.00th=[17957], 20.00th=[19530],
     | 30.00th=[20579], 40.00th=[21103], 50.00th=[21627], 60.00th=[22152],
     | 70.00th=[22676], 80.00th=[23200], 90.00th=[24249], 95.00th=[25035],
     | 99.00th=[26870], 99.50th=[27657], 99.90th=[29492], 99.95th=[30540],
     | 99.99th=[38536]
   bw (  KiB/s): min=82720, max=127328, per=100.00%, avg=95833.42, stdev=8513.08, samples=120
   iops        : min= 5170, max= 7958, avg=5989.58, stdev=532.07, samples=120
  lat (msec)   : 20=24.04%, 50=76.00%
  cpu          : usr=1.93%, sys=4.55%, ctx=313484, majf=0, minf=0
  IO depths    : 1=0.0%, 2=0.0%, 4=0.0%, 8=0.0%, 16=0.0%, 32=0.0%, >=64=100.0%
     submit    : 0=0.0%, 4=100.0%, 8=0.0%, 16=0.0%, 32=0.0%, 64=0.0%, >=64=0.0%
     complete  : 0=0.0%, 4=100.0%, 8=0.0%, 16=0.0%, 32=0.0%, 64=0.0%, >=64=0.1%
     issued rwts: total=359347,0,0,0 short=0,0,0,0 dropped=0,0,0,0
     latency   : target=0, window=0, percentile=100.00%, depth=128

Run status group 0 (all jobs):
   READ: bw=93.6MiB/s (98.1MB/s), 93.6MiB/s-93.6MiB/s (98.1MB/s-98.1MB/s), io=5617MiB (5890MB), run=60022-60022msec
