"randread_4k_1_1": (g=0): rw=randread, bs=(R) 4096B-4096B, (W) 4096B-4096B, (T) 4096B-4096B, ioengine=io_uring, iodepth=1
fio-3.28
Starting 1 thread

"randread_4k_1_1": (groupid=0, jobs=1): err= 0: pid=80769: Tue Aug  8 23:47:38 2023
  read: IOPS=2583, BW=10.1MiB/s (10.6MB/s)(605MiB/60001msec)
    slat (usec): min=3, max=106, avg= 6.41, stdev= 4.29
    clat (usec): min=32, max=10012, avg=378.56, stdev=140.71
     lat (usec): min=89, max=10018, avg=385.18, stdev=140.59
    clat percentiles (usec):
     |  1.00th=[  111],  5.00th=[  145], 10.00th=[  190], 20.00th=[  253],
     | 30.00th=[  302], 40.00th=[  343], 50.00th=[  379], 60.00th=[  416],
     | 70.00th=[  457], 80.00th=[  502], 90.00th=[  553], 95.00th=[  603],
     | 99.00th=[  685], 99.50th=[  717], 99.90th=[  775], 99.95th=[  799],
     | 99.99th=[ 1516]
   bw (  KiB/s): min= 9408, max=13000, per=100.00%, avg=10333.72, stdev=479.03, samples=120
   iops        : min= 2352, max= 3250, avg=2583.42, stdev=119.76, samples=120
  lat (usec)   : 50=0.01%, 100=0.28%, 250=18.87%, 500=60.75%, 750=19.91%
  lat (usec)   : 1000=0.17%
  lat (msec)   : 2=0.01%, 4=0.01%, 10=0.01%, 20=0.01%
  cpu          : usr=1.03%, sys=2.52%, ctx=163406, majf=0, minf=0
  IO depths    : 1=100.0%, 2=0.0%, 4=0.0%, 8=0.0%, 16=0.0%, 32=0.0%, >=64=0.0%
     submit    : 0=0.0%, 4=100.0%, 8=0.0%, 16=0.0%, 32=0.0%, 64=0.0%, >=64=0.0%
     complete  : 0=0.0%, 4=100.0%, 8=0.0%, 16=0.0%, 32=0.0%, 64=0.0%, >=64=0.0%
     issued rwts: total=154996,0,0,0 short=0,0,0,0 dropped=0,0,0,0
     latency   : target=0, window=0, percentile=100.00%, depth=1

Run status group 0 (all jobs):
   READ: bw=10.1MiB/s (10.6MB/s), 10.1MiB/s-10.1MiB/s (10.6MB/s-10.6MB/s), io=605MiB (635MB), run=60001-60001msec
