"randwrite_16k_16_1": (g=0): rw=randwrite, bs=(R) 16.0KiB-16.0KiB, (W) 16.0KiB-16.0KiB, (T) 16.0KiB-16.0KiB, ioengine=io_uring, iodepth=16
fio-3.28
Starting 1 thread

"randwrite_16k_16_1": (groupid=0, jobs=1): err= 0: pid=80309: Tue Aug  8 23:31:17 2023
  write: IOPS=489, BW=7829KiB/s (8017kB/s)(459MiB/60011msec); 0 zone resets
    slat (usec): min=3, max=114, avg=12.21, stdev= 6.65
    clat (usec): min=858, max=60552, avg=32691.91, stdev=4394.33
     lat (usec): min=868, max=60557, avg=32704.44, stdev=4394.38
    clat percentiles (usec):
     |  1.00th=[ 2540],  5.00th=[28443], 10.00th=[30016], 20.00th=[31327],
     | 30.00th=[32375], 40.00th=[32900], 50.00th=[33424], 60.00th=[33817],
     | 70.00th=[34341], 80.00th=[34866], 90.00th=[35914], 95.00th=[36439],
     | 99.00th=[37487], 99.50th=[37487], 99.90th=[43254], 99.95th=[55837],
     | 99.99th=[60031]
   bw (  KiB/s): min= 7264, max= 8448, per=99.97%, avg=7826.48, stdev=204.05, samples=120
   iops        : min=  454, max=  528, avg=489.11, stdev=12.75, samples=120
  lat (usec)   : 1000=0.05%
  lat (msec)   : 2=0.77%, 4=0.39%, 10=0.08%, 20=0.47%, 50=98.23%
  lat (msec)   : 100=0.06%
  cpu          : usr=0.35%, sys=0.98%, ctx=29089, majf=0, minf=0
  IO depths    : 1=0.0%, 2=0.0%, 4=0.0%, 8=0.0%, 16=100.0%, 32=0.0%, >=64=0.0%
     submit    : 0=0.0%, 4=100.0%, 8=0.0%, 16=0.0%, 32=0.0%, 64=0.0%, >=64=0.0%
     complete  : 0=0.0%, 4=100.0%, 8=0.0%, 16=0.1%, 32=0.0%, 64=0.0%, >=64=0.0%
     issued rwts: total=0,29348,0,0 short=0,0,0,0 dropped=0,0,0,0
     latency   : target=0, window=0, percentile=100.00%, depth=16

Run status group 0 (all jobs):
  WRITE: bw=7829KiB/s (8017kB/s), 7829KiB/s-7829KiB/s (8017kB/s-8017kB/s), io=459MiB (481MB), run=60011-60011msec
