"randread_4k_4_1": (g=0): rw=randread, bs=(R) 4096B-4096B, (W) 4096B-4096B, (T) 4096B-4096B, ioengine=io_uring, iodepth=4
fio-3.28
Starting 1 thread

"randread_4k_4_1": (groupid=0, jobs=1): err= 0: pid=79087: Tue Aug  8 22:54:51 2023
  read: IOPS=6045, BW=23.6MiB/s (24.8MB/s)(1417MiB/60001msec)
    slat (usec): min=2, max=266, avg= 4.45, stdev= 2.33
    clat (usec): min=59, max=15870, avg=655.96, stdev=237.99
     lat (usec): min=100, max=15874, avg=660.53, stdev=237.88
    clat percentiles (usec):
     |  1.00th=[  204],  5.00th=[  293], 10.00th=[  359], 20.00th=[  453],
     | 30.00th=[  519], 40.00th=[  578], 50.00th=[  644], 60.00th=[  701],
     | 70.00th=[  775], 80.00th=[  857], 90.00th=[  971], 95.00th=[ 1057],
     | 99.00th=[ 1205], 99.50th=[ 1270], 99.90th=[ 1401], 99.95th=[ 1467],
     | 99.99th=[ 2704]
   bw (  KiB/s): min=22104, max=26848, per=100.00%, avg=24184.39, stdev=891.80, samples=120
   iops        : min= 5526, max= 6712, avg=6046.08, stdev=222.94, samples=120
  lat (usec)   : 100=0.01%, 250=2.67%, 500=24.41%, 750=39.53%, 1000=25.32%
  lat (msec)   : 2=8.05%, 4=0.01%, 10=0.01%, 20=0.01%
  cpu          : usr=1.81%, sys=3.85%, ctx=287435, majf=0, minf=0
  IO depths    : 1=0.0%, 2=0.0%, 4=100.0%, 8=0.0%, 16=0.0%, 32=0.0%, >=64=0.0%
     submit    : 0=0.0%, 4=100.0%, 8=0.0%, 16=0.0%, 32=0.0%, 64=0.0%, >=64=0.0%
     complete  : 0=0.0%, 4=100.0%, 8=0.0%, 16=0.0%, 32=0.0%, 64=0.0%, >=64=0.0%
     issued rwts: total=362743,0,0,0 short=0,0,0,0 dropped=0,0,0,0
     latency   : target=0, window=0, percentile=100.00%, depth=4

Run status group 0 (all jobs):
   READ: bw=23.6MiB/s (24.8MB/s), 23.6MiB/s-23.6MiB/s (24.8MB/s-24.8MB/s), io=1417MiB (1486MB), run=60001-60001msec
