"randwrite_64k_8_1": (g=0): rw=randwrite, bs=(R) 64.0KiB-64.0KiB, (W) 64.0KiB-64.0KiB, (T) 64.0KiB-64.0KiB, ioengine=io_uring, iodepth=8
fio-3.28
Starting 1 thread

"randwrite_64k_8_1": (groupid=0, jobs=1): err= 0: pid=80560: Tue Aug  8 23:40:06 2023
  write: IOPS=1427, BW=89.2MiB/s (93.5MB/s)(5352MiB/60002msec); 0 zone resets
    slat (usec): min=6, max=145, avg=10.50, stdev= 3.66
    clat (usec): min=910, max=28586, avg=5593.30, stdev=1758.39
     lat (usec): min=919, max=28595, avg=5603.94, stdev=1758.36
    clat percentiles (usec):
     |  1.00th=[ 1614],  5.00th=[ 2442], 10.00th=[ 3195], 20.00th=[ 4146],
     | 30.00th=[ 4817], 40.00th=[ 5342], 50.00th=[ 5800], 60.00th=[ 6194],
     | 70.00th=[ 6587], 80.00th=[ 6980], 90.00th=[ 7504], 95.00th=[ 7963],
     | 99.00th=[ 8717], 99.50th=[ 8979], 99.90th=[18744], 99.95th=[22676],
     | 99.99th=[27657]
   bw (  KiB/s): min=67968, max=112896, per=100.00%, avg=91341.83, stdev=13285.53, samples=120
   iops        : min= 1062, max= 1764, avg=1427.21, stdev=207.59, samples=120
  lat (usec)   : 1000=0.01%
  lat (msec)   : 2=2.82%, 4=15.38%, 10=81.57%, 20=0.14%, 50=0.09%
  cpu          : usr=0.53%, sys=1.91%, ctx=78993, majf=0, minf=0
  IO depths    : 1=0.0%, 2=0.0%, 4=0.0%, 8=100.0%, 16=0.0%, 32=0.0%, >=64=0.0%
     submit    : 0=0.0%, 4=100.0%, 8=0.0%, 16=0.0%, 32=0.0%, 64=0.0%, >=64=0.0%
     complete  : 0=0.0%, 4=100.0%, 8=0.1%, 16=0.0%, 32=0.0%, 64=0.0%, >=64=0.0%
     issued rwts: total=0,85628,0,0 short=0,0,0,0 dropped=0,0,0,0
     latency   : target=0, window=0, percentile=100.00%, depth=8

Run status group 0 (all jobs):
  WRITE: bw=89.2MiB/s (93.5MB/s), 89.2MiB/s-89.2MiB/s (93.5MB/s-93.5MB/s), io=5352MiB (5612MB), run=60002-60002msec
