"randread_16k_1_1": (g=0): rw=randread, bs=(R) 16.0KiB-16.0KiB, (W) 16.0KiB-16.0KiB, (T) 16.0KiB-16.0KiB, ioengine=io_uring, iodepth=1
fio-3.28
Starting 1 thread

"randread_16k_1_1": (groupid=0, jobs=1): err= 0: pid=80806: Tue Aug  8 23:48:49 2023
  read: IOPS=1991, BW=31.1MiB/s (32.6MB/s)(1867MiB/60001msec)
    slat (nsec): min=5289, max=64950, avg=7454.60, stdev=2007.95
    clat (usec): min=84, max=15134, avg=493.02, stdev=184.11
     lat (usec): min=101, max=15141, avg=500.65, stdev=184.08
    clat percentiles (usec):
     |  1.00th=[  122],  5.00th=[  161], 10.00th=[  231], 20.00th=[  326],
     | 30.00th=[  420], 40.00th=[  478], 50.00th=[  523], 60.00th=[  562],
     | 70.00th=[  603], 80.00th=[  644], 90.00th=[  693], 95.00th=[  734],
     | 99.00th=[  824], 99.50th=[  857], 99.90th=[  938], 99.95th=[ 1012],
     | 99.99th=[ 2638]
   bw (  KiB/s): min=27040, max=34496, per=100.00%, avg=31865.85, stdev=1624.95, samples=120
   iops        : min= 1690, max= 2156, avg=1991.61, stdev=101.57, samples=120
  lat (usec)   : 100=0.01%, 250=11.86%, 500=33.26%, 750=50.95%, 1000=3.86%
  lat (msec)   : 2=0.04%, 4=0.01%, 10=0.01%, 20=0.01%
  cpu          : usr=0.77%, sys=2.31%, ctx=120308, majf=0, minf=0
  IO depths    : 1=100.0%, 2=0.0%, 4=0.0%, 8=0.0%, 16=0.0%, 32=0.0%, >=64=0.0%
     submit    : 0=0.0%, 4=100.0%, 8=0.0%, 16=0.0%, 32=0.0%, 64=0.0%, >=64=0.0%
     complete  : 0=0.0%, 4=100.0%, 8=0.0%, 16=0.0%, 32=0.0%, 64=0.0%, >=64=0.0%
     issued rwts: total=119491,0,0,0 short=0,0,0,0 dropped=0,0,0,0
     latency   : target=0, window=0, percentile=100.00%, depth=1

Run status group 0 (all jobs):
   READ: bw=31.1MiB/s (32.6MB/s), 31.1MiB/s-31.1MiB/s (32.6MB/s-32.6MB/s), io=1867MiB (1958MB), run=60001-60001msec
