"randwrite_64k_2_1": (g=0): rw=randwrite, bs=(R) 64.0KiB-64.0KiB, (W) 64.0KiB-64.0KiB, (T) 64.0KiB-64.0KiB, ioengine=io_uring, iodepth=2
fio-3.28
Starting 1 thread

"randwrite_64k_2_1": (groupid=0, jobs=1): err= 0: pid=80475: Tue Aug  8 23:37:44 2023
  write: IOPS=1201, BW=75.1MiB/s (78.8MB/s)(4507MiB/60001msec); 0 zone resets
    slat (usec): min=6, max=154, avg=10.48, stdev= 3.64
    clat (usec): min=928, max=26803, avg=1651.72, stdev=558.76
     lat (usec): min=938, max=26811, avg=1662.37, stdev=558.69
    clat percentiles (usec):
     |  1.00th=[ 1156],  5.00th=[ 1237], 10.00th=[ 1287], 20.00th=[ 1369],
     | 30.00th=[ 1434], 40.00th=[ 1483], 50.00th=[ 1549], 60.00th=[ 1614],
     | 70.00th=[ 1713], 80.00th=[ 1844], 90.00th=[ 2114], 95.00th=[ 2376],
     | 99.00th=[ 2966], 99.50th=[ 3261], 99.90th=[ 5866], 99.95th=[10421],
     | 99.99th=[23725]
   bw (  KiB/s): min=68864, max=84352, per=100.00%, avg=76921.33, stdev=3420.12, samples=120
   iops        : min= 1076, max= 1318, avg=1201.88, stdev=53.43, samples=120
  lat (usec)   : 1000=0.03%
  lat (msec)   : 2=86.63%, 4=13.14%, 10=0.15%, 20=0.03%, 50=0.02%
  cpu          : usr=0.69%, sys=1.44%, ctx=68945, majf=0, minf=0
  IO depths    : 1=0.0%, 2=100.0%, 4=0.0%, 8=0.0%, 16=0.0%, 32=0.0%, >=64=0.0%
     submit    : 0=0.0%, 4=100.0%, 8=0.0%, 16=0.0%, 32=0.0%, 64=0.0%, >=64=0.0%
     complete  : 0=0.0%, 4=100.0%, 8=0.0%, 16=0.0%, 32=0.0%, 64=0.0%, >=64=0.0%
     issued rwts: total=0,72110,0,0 short=0,0,0,0 dropped=0,0,0,0
     latency   : target=0, window=0, percentile=100.00%, depth=2

Run status group 0 (all jobs):
  WRITE: bw=75.1MiB/s (78.8MB/s), 75.1MiB/s-75.1MiB/s (78.8MB/s-78.8MB/s), io=4507MiB (4726MB), run=60001-60001msec
