"randwrite_4k_1_1": (g=0): rw=randwrite, bs=(R) 4096B-4096B, (W) 4096B-4096B, (T) 4096B-4096B, ioengine=io_uring, iodepth=1
fio-3.28
Starting 1 thread

"randwrite_4k_1_1": (groupid=0, jobs=1): err= 0: pid=80887: Tue Aug  8 23:51:11 2023
  write: IOPS=865, BW=3461KiB/s (3544kB/s)(203MiB/60001msec); 0 zone resets
    slat (nsec): min=4543, max=36240, avg=6685.37, stdev=1086.70
    clat (usec): min=619, max=27639, avg=1147.30, stdev=503.07
     lat (usec): min=625, max=27645, avg=1154.15, stdev=503.08
    clat percentiles (usec):
     |  1.00th=[  766],  5.00th=[  889], 10.00th=[  930], 20.00th=[  979],
     | 30.00th=[ 1012], 40.00th=[ 1045], 50.00th=[ 1074], 60.00th=[ 1106],
     | 70.00th=[ 1139], 80.00th=[ 1205], 90.00th=[ 1369], 95.00th=[ 1713],
     | 99.00th=[ 2311], 99.50th=[ 2573], 99.90th=[ 5407], 99.95th=[10552],
     | 99.99th=[20841]
   bw (  KiB/s): min= 3152, max= 3792, per=99.98%, avg=3460.88, stdev=145.80, samples=120
   iops        : min=  788, max=  948, avg=865.19, stdev=36.44, samples=120
  lat (usec)   : 750=0.76%, 1000=24.65%
  lat (msec)   : 2=72.15%, 4=2.29%, 10=0.09%, 20=0.04%, 50=0.01%
  cpu          : usr=0.49%, sys=0.81%, ctx=52013, majf=0, minf=0
  IO depths    : 1=100.0%, 2=0.0%, 4=0.0%, 8=0.0%, 16=0.0%, 32=0.0%, >=64=0.0%
     submit    : 0=0.0%, 4=100.0%, 8=0.0%, 16=0.0%, 32=0.0%, 64=0.0%, >=64=0.0%
     complete  : 0=0.0%, 4=100.0%, 8=0.0%, 16=0.0%, 32=0.0%, 64=0.0%, >=64=0.0%
     issued rwts: total=0,51911,0,0 short=0,0,0,0 dropped=0,0,0,0
     latency   : target=0, window=0, percentile=100.00%, depth=1

Run status group 0 (all jobs):
  WRITE: bw=3461KiB/s (3544kB/s), 3461KiB/s-3461KiB/s (3544kB/s-3544kB/s), io=203MiB (213MB), run=60001-60001msec
