"randread_64k_32_1": (g=0): rw=randread, bs=(R) 64.0KiB-64.0KiB, (W) 64.0KiB-64.0KiB, (T) 64.0KiB-64.0KiB, ioengine=io_uring, iodepth=32
fio-3.28
Starting 1 thread

"randread_64k_32_1": (groupid=0, jobs=1): err= 0: pid=27864: Wed Aug  2 22:34:13 2023
  read: IOPS=21.8k, BW=1362MiB/s (1429MB/s)(79.8GiB/60002msec)
    slat (nsec): min=3467, max=79043, avg=7722.32, stdev=4034.07
    clat (usec): min=232, max=3229, avg=1459.28, stdev=295.32
     lat (usec): min=245, max=3237, avg=1467.15, stdev=293.71
    clat percentiles (usec):
     |  1.00th=[  930],  5.00th=[ 1106], 10.00th=[ 1156], 20.00th=[ 1205],
     | 30.00th=[ 1254], 40.00th=[ 1319], 50.00th=[ 1385], 60.00th=[ 1483],
     | 70.00th=[ 1598], 80.00th=[ 1729], 90.00th=[ 1893], 95.00th=[ 2024],
     | 99.00th=[ 2212], 99.50th=[ 2311], 99.90th=[ 2474], 99.95th=[ 2540],
     | 99.99th=[ 2671]
   bw (  MiB/s): min= 1273, max= 1372, per=100.00%, avg=1362.51, stdev= 9.39, samples=120
   iops        : min=20368, max=21962, avg=21800.08, stdev=150.18, samples=120
  lat (usec)   : 250=0.01%, 500=0.04%, 750=0.29%, 1000=1.20%
  lat (msec)   : 2=92.88%, 4=5.59%
  cpu          : usr=4.45%, sys=17.56%, ctx=185357, majf=0, minf=0
  IO depths    : 1=0.0%, 2=0.0%, 4=0.0%, 8=0.0%, 16=0.0%, 32=100.0%, >=64=0.0%
     submit    : 0=0.0%, 4=100.0%, 8=0.0%, 16=0.0%, 32=0.0%, 64=0.0%, >=64=0.0%
     complete  : 0=0.0%, 4=100.0%, 8=0.0%, 16=0.0%, 32=0.1%, 64=0.0%, >=64=0.0%
     issued rwts: total=1307880,0,0,0 short=0,0,0,0 dropped=0,0,0,0
     latency   : target=0, window=0, percentile=100.00%, depth=32

Run status group 0 (all jobs):
   READ: bw=1362MiB/s (1429MB/s), 1362MiB/s-1362MiB/s (1429MB/s-1429MB/s), io=79.8GiB (85.7GB), run=60002-60002msec
