"randread_4k_32_1": (g=0): rw=randread, bs=(R) 4096B-4096B, (W) 4096B-4096B, (T) 4096B-4096B, ioengine=io_uring, iodepth=32
fio-3.28
Starting 1 thread

"randread_4k_32_1": (groupid=0, jobs=1): err= 0: pid=27719: Wed Aug  2 22:17:47 2023
  read: IOPS=144k, BW=563MiB/s (590MB/s)(33.0GiB/60001msec)
    slat (nsec): min=1721, max=60586, avg=2259.03, stdev=1026.41
    clat (usec): min=69, max=596, avg=219.00, stdev=32.02
     lat (usec): min=73, max=598, avg=221.34, stdev=31.94
    clat percentiles (usec):
     |  1.00th=[  118],  5.00th=[  169], 10.00th=[  192], 20.00th=[  210],
     | 30.00th=[  215], 40.00th=[  215], 50.00th=[  217], 60.00th=[  219],
     | 70.00th=[  223], 80.00th=[  233], 90.00th=[  251], 95.00th=[  273],
     | 99.00th=[  322], 99.50th=[  343], 99.90th=[  375], 99.95th=[  400],
     | 99.99th=[  465]
   bw (  KiB/s): min=551896, max=582120, per=100.00%, avg=576612.34, stdev=3324.34, samples=120
   iops        : min=137974, max=145530, avg=144153.07, stdev=831.07, samples=120
  lat (usec)   : 100=0.38%, 250=89.52%, 500=10.10%, 750=0.01%
  cpu          : usr=15.27%, sys=33.90%, ctx=533499, majf=0, minf=0
  IO depths    : 1=0.0%, 2=0.0%, 4=0.0%, 8=0.0%, 16=0.0%, 32=100.0%, >=64=0.0%
     submit    : 0=0.0%, 4=100.0%, 8=0.0%, 16=0.0%, 32=0.0%, 64=0.0%, >=64=0.0%
     complete  : 0=0.0%, 4=100.0%, 8=0.0%, 16=0.0%, 32=0.1%, 64=0.0%, >=64=0.0%
     issued rwts: total=8648816,0,0,0 short=0,0,0,0 dropped=0,0,0,0
     latency   : target=0, window=0, percentile=100.00%, depth=32

Run status group 0 (all jobs):
   READ: bw=563MiB/s (590MB/s), 563MiB/s-563MiB/s (590MB/s-590MB/s), io=33.0GiB (35.4GB), run=60001-60001msec
