"randread_4k_1_1": (g=0): rw=randread, bs=(R) 4096B-4096B, (W) 4096B-4096B, (T) 4096B-4096B, ioengine=io_uring, iodepth=1
fio-3.28
Starting 1 thread

"randread_4k_1_1": (groupid=0, jobs=1): err= 0: pid=28120: Wed Aug  2 23:02:27 2023
  read: IOPS=22.1k, BW=86.5MiB/s (90.7MB/s)(5189MiB/60001msec)
    slat (nsec): min=3774, max=36568, avg=3975.81, stdev=326.32
    clat (usec): min=8, max=631, avg=40.31, stdev=11.07
     lat (usec): min=38, max=635, avg=44.40, stdev=11.07
    clat percentiles (usec):
     |  1.00th=[   37],  5.00th=[   38], 10.00th=[   38], 20.00th=[   38],
     | 30.00th=[   38], 40.00th=[   39], 50.00th=[   39], 60.00th=[   39],
     | 70.00th=[   39], 80.00th=[   39], 90.00th=[   39], 95.00th=[   42],
     | 99.00th=[   98], 99.50th=[  103], 99.90th=[  109], 99.95th=[  112],
     | 99.99th=[  127]
   bw (  KiB/s): min=84328, max=88896, per=100.00%, avg=88561.82, stdev=442.25, samples=120
   iops        : min=21082, max=22224, avg=22140.45, stdev=110.56, samples=120
  lat (usec)   : 10=0.01%, 20=0.01%, 50=95.86%, 100=3.41%, 250=0.73%
  lat (usec)   : 500=0.01%, 750=0.01%
  cpu          : usr=5.30%, sys=15.42%, ctx=1329447, majf=0, minf=0
  IO depths    : 1=100.0%, 2=0.0%, 4=0.0%, 8=0.0%, 16=0.0%, 32=0.0%, >=64=0.0%
     submit    : 0=0.0%, 4=100.0%, 8=0.0%, 16=0.0%, 32=0.0%, 64=0.0%, >=64=0.0%
     complete  : 0=0.0%, 4=100.0%, 8=0.0%, 16=0.0%, 32=0.0%, 64=0.0%, >=64=0.0%
     issued rwts: total=1328362,0,0,0 short=0,0,0,0 dropped=0,0,0,0
     latency   : target=0, window=0, percentile=100.00%, depth=1

Run status group 0 (all jobs):
   READ: bw=86.5MiB/s (90.7MB/s), 86.5MiB/s-86.5MiB/s (90.7MB/s-90.7MB/s), io=5189MiB (5441MB), run=60001-60001msec
