randwrite_128k_8_2: (g=0): rw=randwrite, bs=(R) 128KiB-128KiB, (W) 128KiB-128KiB, (T) 128KiB-128KiB, ioengine=io_uring, iodepth=8
...
fio-3.28
Starting 2 threads

randwrite_128k_8_2: (groupid=0, jobs=2): err= 0: pid=23225: Tue Feb 28 11:11:57 2023
  write: IOPS=2286, BW=286MiB/s (300MB/s)(16.8GiB/60126msec); 0 zone resets
    slat (usec): min=9, max=124, avg=26.26, stdev= 7.94
    clat (usec): min=284, max=6568.4k, avg=7083.83, stdev=105705.01
     lat (usec): min=330, max=6568.4k, avg=7110.46, stdev=105704.97
    clat percentiles (usec):
     |  1.00th=[    338],  5.00th=[    343], 10.00th=[    347],
     | 20.00th=[    355], 30.00th=[    363], 40.00th=[    388],
     | 50.00th=[    400], 60.00th=[    420], 70.00th=[    437],
     | 80.00th=[    453], 90.00th=[    474], 95.00th=[    510],
     | 99.00th=[    627], 99.50th=[ 404751], 99.90th=[1669333],
     | 99.95th=[2264925], 99.99th=[3808429]
   bw (  KiB/s): min=31744, max=555008, per=100.00%, avg=293377.19, stdev=59705.30, samples=240
   iops        : min=  248, max= 4336, avg=2291.91, stdev=466.47, samples=240
  lat (usec)   : 500=93.62%, 750=5.59%
  lat (msec)   : 2=0.01%, 4=0.01%, 100=0.03%, 250=0.18%, 500=0.15%
  lat (msec)   : 750=0.12%, 1000=0.09%, 2000=0.17%, >=2000=0.07%
  cpu          : usr=1.27%, sys=3.81%, ctx=137652, majf=0, minf=0
  IO depths    : 1=0.0%, 2=0.0%, 4=0.0%, 8=100.0%, 16=0.0%, 32=0.0%, >=64=0.0%
     submit    : 0=0.0%, 4=100.0%, 8=0.0%, 16=0.0%, 32=0.0%, 64=0.0%, >=64=0.0%
     complete  : 0=0.0%, 4=100.0%, 8=0.1%, 16=0.0%, 32=0.0%, 64=0.0%, >=64=0.0%
     issued rwts: total=0,137499,0,0 short=0,0,0,0 dropped=0,0,0,0
     latency   : target=0, window=0, percentile=100.00%, depth=8

Run status group 0 (all jobs):
  WRITE: bw=286MiB/s (300MB/s), 286MiB/s-286MiB/s (300MB/s-300MB/s), io=16.8GiB (18.0GB), run=60126-60126msec
