randread_4k_1_2: (g=0): rw=randread, bs=(R) 4096B-4096B, (W) 4096B-4096B, (T) 4096B-4096B, ioengine=io_uring, iodepth=1
...
fio-3.28
Starting 2 threads

randread_4k_1_2: (groupid=0, jobs=2): err= 0: pid=19677: Tue Feb 28 09:29:54 2023
  read: IOPS=18.8k, BW=73.4MiB/s (76.9MB/s)(4403MiB/60001msec)
    slat (usec): min=2, max=108, avg= 5.07, stdev= 2.29
    clat (usec): min=11, max=2302, avg=100.26, stdev=25.85
     lat (usec): min=80, max=2309, avg=105.44, stdev=25.84
    clat percentiles (usec):
     |  1.00th=[   81],  5.00th=[   83], 10.00th=[   84], 20.00th=[   86],
     | 30.00th=[   88], 40.00th=[   90], 50.00th=[   92], 60.00th=[   97],
     | 70.00th=[  102], 80.00th=[  109], 90.00th=[  129], 95.00th=[  149],
     | 99.00th=[  174], 99.50th=[  208], 99.90th=[  375], 99.95th=[  404],
     | 99.99th=[  519]
   bw (  KiB/s): min=68552, max=75816, per=100.00%, avg=75159.77, stdev=428.15, samples=240
   iops        : min=17138, max=18954, avg=18789.82, stdev=107.03, samples=240
  lat (usec)   : 20=0.01%, 50=0.01%, 100=67.24%, 250=32.37%, 500=0.37%
  lat (usec)   : 750=0.01%, 1000=0.01%
  lat (msec)   : 2=0.01%, 4=0.01%
  cpu          : usr=3.19%, sys=7.81%, ctx=1127187, majf=0, minf=0
  IO depths    : 1=100.0%, 2=0.0%, 4=0.0%, 8=0.0%, 16=0.0%, 32=0.0%, >=64=0.0%
     submit    : 0=0.0%, 4=100.0%, 8=0.0%, 16=0.0%, 32=0.0%, 64=0.0%, >=64=0.0%
     complete  : 0=0.0%, 4=100.0%, 8=0.0%, 16=0.0%, 32=0.0%, 64=0.0%, >=64=0.0%
     issued rwts: total=1127182,0,0,0 short=0,0,0,0 dropped=0,0,0,0
     latency   : target=0, window=0, percentile=100.00%, depth=1

Run status group 0 (all jobs):
   READ: bw=73.4MiB/s (76.9MB/s), 73.4MiB/s-73.4MiB/s (76.9MB/s-76.9MB/s), io=4403MiB (4617MB), run=60001-60001msec
