randwrite_16k_1_1: (g=0): rw=randwrite, bs=(R) 16.0KiB-16.0KiB, (W) 16.0KiB-16.0KiB, (T) 16.0KiB-16.0KiB, ioengine=io_uring, iodepth=1
fio-3.28
Starting 1 thread
Jobs: 1 (f=1): [w(1)][100.0%][w=104MiB/s][w=6628 IOPS][eta 00m:00s]
randwrite_16k_1_1: (groupid=0, jobs=1): err= 0: pid=37428: Tue Feb 28 17:54:15 2023
  write: IOPS=6820, BW=107MiB/s (112MB/s)(6394MiB/60001msec); 0 zone resets
    slat (usec): min=6, max=211, avg= 9.66, stdev= 2.84
    clat (nsec): min=386, max=2005.2k, avg=135387.97, stdev=18831.19
     lat (usec): min=118, max=2016, avg=145.21, stdev=18.99
    clat percentiles (usec):
     |  1.00th=[  116],  5.00th=[  119], 10.00th=[  120], 20.00th=[  123],
     | 30.00th=[  126], 40.00th=[  130], 50.00th=[  133], 60.00th=[  135],
     | 70.00th=[  137], 80.00th=[  145], 90.00th=[  153], 95.00th=[  176],
     | 99.00th=[  198], 99.50th=[  206], 99.90th=[  251], 99.95th=[  269],
     | 99.99th=[  355]
   bw (  KiB/s): min=102444, max=114144, per=100.00%, avg=109159.34, stdev=4183.97, samples=120
   iops        : min= 6402, max= 7134, avg=6822.43, stdev=261.50, samples=120
  lat (nsec)   : 500=0.01%
  lat (usec)   : 2=0.01%, 4=0.01%, 100=0.01%, 250=99.90%, 500=0.10%
  lat (usec)   : 750=0.01%
  lat (msec)   : 2=0.01%, 4=0.01%
  cpu          : usr=3.09%, sys=10.80%, ctx=409247, majf=0, minf=24
  IO depths    : 1=100.0%, 2=0.0%, 4=0.0%, 8=0.0%, 16=0.0%, 32=0.0%, >=64=0.0%
     submit    : 0=0.0%, 4=100.0%, 8=0.0%, 16=0.0%, 32=0.0%, 64=0.0%, >=64=0.0%
     complete  : 0=0.0%, 4=100.0%, 8=0.0%, 16=0.0%, 32=0.0%, 64=0.0%, >=64=0.0%
     issued rwts: total=0,409229,0,0 short=0,0,0,0 dropped=0,0,0,0
     latency   : target=0, window=0, percentile=100.00%, depth=1

Run status group 0 (all jobs):
  WRITE: bw=107MiB/s (112MB/s), 107MiB/s-107MiB/s (112MB/s-112MB/s), io=6394MiB (6705MB), run=60001-60001msec