randwrite_16k_64_2: (g=0): rw=randwrite, bs=(R) 16.0KiB-16.0KiB, (W) 16.0KiB-16.0KiB, (T) 16.0KiB-16.0KiB, ioengine=io_uring, iodepth=64
...
fio-3.28
Starting 2 threads

randwrite_16k_64_2: (groupid=0, jobs=2): err= 0: pid=22384: Tue Feb 28 10:50:50 2023
  write: IOPS=33.2k, BW=519MiB/s (544MB/s)(30.4GiB/60116msec); 0 zone resets
    slat (usec): min=2, max=301, avg= 5.85, stdev= 3.12
    clat (usec): min=106, max=10288k, avg=3918.20, stdev=91100.03
     lat (usec): min=119, max=10288k, avg=3924.16, stdev=91100.10
    clat percentiles (usec):
     |  1.00th=[    145],  5.00th=[    161], 10.00th=[    172],
     | 20.00th=[    186], 30.00th=[    198], 40.00th=[    208],
     | 50.00th=[    221], 60.00th=[    233], 70.00th=[    249],
     | 80.00th=[    277], 90.00th=[    322], 95.00th=[    355],
     | 99.00th=[    449], 99.50th=[    553], 99.90th=[1216349],
     | 99.95th=[2197816], 99.99th=[3909092]
   bw (  KiB/s): min=243136, max=834848, per=100.00%, avg=532232.47, stdev=46989.70, samples=240
   iops        : min=15196, max=52178, avg=33264.43, stdev=2936.86, samples=240
  lat (usec)   : 250=70.16%, 500=29.20%, 750=0.35%, 1000=0.03%
  lat (msec)   : 2=0.01%, 4=0.01%, 250=0.01%, 500=0.01%, 750=0.10%
  lat (msec)   : 1000=0.01%, 2000=0.10%, >=2000=0.05%
  cpu          : usr=3.85%, sys=12.66%, ctx=1437277, majf=0, minf=0
  IO depths    : 1=0.0%, 2=0.0%, 4=0.0%, 8=0.0%, 16=0.0%, 32=0.0%, >=64=100.0%
     submit    : 0=0.0%, 4=100.0%, 8=0.0%, 16=0.0%, 32=0.0%, 64=0.0%, >=64=0.0%
     complete  : 0=0.0%, 4=100.0%, 8=0.0%, 16=0.0%, 32=0.0%, 64=0.1%, >=64=0.0%
     issued rwts: total=0,1995431,0,0 short=0,0,0,0 dropped=0,0,0,0
     latency   : target=0, window=0, percentile=100.00%, depth=64

Run status group 0 (all jobs):
  WRITE: bw=519MiB/s (544MB/s), 519MiB/s-519MiB/s (544MB/s-544MB/s), io=30.4GiB (32.7GB), run=60116-60116msec
