randwrite_32k_64_2: (g=0): rw=randwrite, bs=(R) 32.0KiB-32.0KiB, (W) 32.0KiB-32.0KiB, (T) 32.0KiB-32.0KiB, ioengine=io_uring, iodepth=64
...
fio-3.28
Starting 2 threads

randwrite_32k_64_2: (groupid=0, jobs=2): err= 0: pid=22807: Tue Feb 28 10:59:02 2023
  write: IOPS=19.9k, BW=622MiB/s (652MB/s)(36.6GiB/60197msec); 0 zone resets
    slat (usec): min=3, max=202, avg= 8.44, stdev= 3.78
    clat (nsec): min=246, max=13220M, avg=6603329.47, stdev=146011857.39
     lat (usec): min=160, max=13220k, avg=6611.91, stdev=146011.92
    clat percentiles (usec):
     |  1.00th=[    176],  5.00th=[    186], 10.00th=[    192],
     | 20.00th=[    202], 30.00th=[    212], 40.00th=[    221],
     | 50.00th=[    229], 60.00th=[    237], 70.00th=[    249],
     | 80.00th=[    269], 90.00th=[    306], 95.00th=[    347],
     | 99.00th=[    469], 99.50th=[    644], 99.90th=[2105541],
     | 99.95th=[3372221], 99.99th=[6073353]
   bw (  KiB/s): min=284608, max=1024704, per=100.00%, avg=639109.31, stdev=76427.61, samples=240
   iops        : min= 8894, max=32022, avg=19972.12, stdev=2388.37, samples=240
  lat (nsec)   : 250=0.01%
  lat (usec)   : 250=70.78%, 500=28.46%, 750=0.39%, 1000=0.06%
  lat (msec)   : 2=0.01%, 4=0.01%, 250=0.01%, 500=0.01%, 750=0.10%
  lat (msec)   : 1000=0.01%, 2000=0.09%, >=2000=0.12%
  cpu          : usr=3.41%, sys=11.07%, ctx=1043236, majf=0, minf=0
  IO depths    : 1=0.0%, 2=0.0%, 4=0.0%, 8=0.0%, 16=0.0%, 32=0.0%, >=64=100.0%
     submit    : 0=0.0%, 4=100.0%, 8=0.0%, 16=0.0%, 32=0.0%, 64=0.0%, >=64=0.0%
     complete  : 0=0.0%, 4=100.0%, 8=0.0%, 16=0.0%, 32=0.0%, 64=0.1%, >=64=0.0%
     issued rwts: total=0,1198125,0,0 short=0,0,0,0 dropped=0,0,0,0
     latency   : target=0, window=0, percentile=100.00%, depth=64

Run status group 0 (all jobs):
  WRITE: bw=622MiB/s (652MB/s), 622MiB/s-622MiB/s (652MB/s-652MB/s), io=36.6GiB (39.3GB), run=60197-60197msec
