randread_128k_8_2: (g=0): rw=randread, bs=(R) 128KiB-128KiB, (W) 128KiB-128KiB, (T) 128KiB-128KiB, ioengine=io_uring, iodepth=8
...
fio-3.28
Starting 2 threads

randread_128k_8_2: (groupid=0, jobs=2): err= 0: pid=21159: Tue Feb 28 10:14:28 2023
  read: IOPS=2725, BW=341MiB/s (357MB/s)(20.0GiB/60147msec)
    slat (usec): min=7, max=468, avg=21.41, stdev= 6.32
    clat (nsec): min=822, max=8116.3M, avg=5898027.16, stdev=97989020.28
     lat (usec): min=252, max=8116.3k, avg=5919.76, stdev=97988.82
    clat percentiles (usec):
     |  1.00th=[    251],  5.00th=[    260], 10.00th=[    265],
     | 20.00th=[    277], 30.00th=[    293], 40.00th=[    326],
     | 50.00th=[    343], 60.00th=[    359], 70.00th=[    367],
     | 80.00th=[    388], 90.00th=[    433], 95.00th=[    461],
     | 99.00th=[    545], 99.50th=[ 217056], 99.90th=[1652556],
     | 99.95th=[2197816], 99.99th=[3506439]
   bw (  KiB/s): min=12032, max=708784, per=100.00%, avg=351326.71, stdev=78447.83, samples=239
   iops        : min=   94, max= 5537, avg=2744.64, stdev=612.87, samples=239
  lat (nsec)   : 1000=0.01%
  lat (usec)   : 250=0.82%, 500=97.36%, 750=1.21%, 1000=0.01%
  lat (msec)   : 2=0.01%, 100=0.01%, 250=0.13%, 500=0.10%, 750=0.10%
  lat (msec)   : 1000=0.08%, 2000=0.13%, >=2000=0.07%
  cpu          : usr=0.94%, sys=4.52%, ctx=164070, majf=0, minf=0
  IO depths    : 1=0.0%, 2=0.0%, 4=0.0%, 8=100.0%, 16=0.0%, 32=0.0%, >=64=0.0%
     submit    : 0=0.0%, 4=100.0%, 8=0.0%, 16=0.0%, 32=0.0%, 64=0.0%, >=64=0.0%
     complete  : 0=0.0%, 4=100.0%, 8=0.1%, 16=0.0%, 32=0.0%, 64=0.0%, >=64=0.0%
     issued rwts: total=163926,0,0,0 short=0,0,0,0 dropped=0,0,0,0
     latency   : target=0, window=0, percentile=100.00%, depth=8

Run status group 0 (all jobs):
   READ: bw=341MiB/s (357MB/s), 341MiB/s-341MiB/s (357MB/s-357MB/s), io=20.0GiB (21.5GB), run=60147-60147msec
