randwrite_128k_128_2: (g=0): rw=randwrite, bs=(R) 128KiB-128KiB, (W) 128KiB-128KiB, (T) 128KiB-128KiB, ioengine=io_uring, iodepth=128
...
fio-3.28
Starting 2 threads

randwrite_128k_128_2: (groupid=0, jobs=2): err= 0: pid=35166: Tue Feb 28 16:42:59 2023
  write: IOPS=2029, BW=254MiB/s (267MB/s)(15.4GiB/62041msec); 0 zone resets
    slat (usec): min=8, max=144, avg=24.68, stdev= 8.44
    clat (usec): min=309, max=72036k, avg=141023.05, stdev=1704638.51
     lat (usec): min=337, max=72036k, avg=141048.08, stdev=1704638.39
    clat percentiles (usec):
     |  1.00th=[     351],  5.00th=[     367], 10.00th=[     383],
     | 20.00th=[     396], 30.00th=[     408], 40.00th=[     429],
     | 50.00th=[     445], 60.00th=[     461], 70.00th=[     478],
     | 80.00th=[     498], 90.00th=[     519], 95.00th=[     553],
     | 99.00th=[ 2701132], 99.50th=[10670310], 99.90th=[17112761],
     | 99.95th=[17112761], 99.99th=[17112761]
   bw (  KiB/s): min= 4864, max=566784, per=100.00%, avg=276631.14, stdev=76772.41, samples=233
   iops        : min=   38, max= 4428, avg=2161.11, stdev=599.78, samples=233
  lat (usec)   : 500=81.62%, 750=17.38%, 1000=0.03%
  lat (msec)   : 2=0.01%, 4=0.01%, 50=0.01%, 2000=0.15%, >=2000=1.01%
  cpu          : usr=1.14%, sys=3.20%, ctx=126276, majf=0, minf=0
  IO depths    : 1=0.0%, 2=0.0%, 4=0.0%, 8=0.0%, 16=0.0%, 32=0.0%, >=64=100.0%
     submit    : 0=0.0%, 4=100.0%, 8=0.0%, 16=0.0%, 32=0.0%, 64=0.0%, >=64=0.0%
     complete  : 0=0.0%, 4=100.0%, 8=0.0%, 16=0.0%, 32=0.0%, 64=0.0%, >=64=0.1%
     issued rwts: total=0,125903,0,0 short=0,0,0,0 dropped=0,0,0,0
     latency   : target=0, window=0, percentile=100.00%, depth=128

Run status group 0 (all jobs):
  WRITE: bw=254MiB/s (267MB/s), 254MiB/s-254MiB/s (267MB/s-267MB/s), io=15.4GiB (16.5GB), run=62041-62041msec
