"randread_16k_32_1": (g=0): rw=randread, bs=(R) 16.0KiB-16.0KiB, (W) 16.0KiB-16.0KiB, (T) 16.0KiB-16.0KiB, ioengine=io_uring, iodepth=32
fio-3.28
Starting 1 thread

"randread_16k_32_1": (groupid=0, jobs=1): err= 0: pid=119766: Mon Aug  7 12:23:50 2023
  read: IOPS=18.0k, BW=281MiB/s (295MB/s)(16.5GiB/60002msec)
    slat (nsec): min=2234, max=46097, avg=4021.93, stdev=2072.54
    clat (usec): min=1192, max=17753, avg=1771.46, stdev=278.82
     lat (usec): min=1199, max=17759, avg=1775.60, stdev=278.80
    clat percentiles (usec):
     |  1.00th=[ 1385],  5.00th=[ 1483], 10.00th=[ 1532], 20.00th=[ 1598],
     | 30.00th=[ 1647], 40.00th=[ 1680], 50.00th=[ 1729], 60.00th=[ 1778],
     | 70.00th=[ 1844], 80.00th=[ 1926], 90.00th=[ 2057], 95.00th=[ 2180],
     | 99.00th=[ 2540], 99.50th=[ 2704], 99.90th=[ 3228], 99.95th=[ 3818],
     | 99.99th=[ 9765]
   bw (  KiB/s): min=264928, max=294976, per=100.00%, avg=288258.09, stdev=4300.57, samples=120
   iops        : min=16558, max=18436, avg=18016.12, stdev=268.78, samples=120
  lat (msec)   : 2=86.75%, 4=13.21%, 10=0.04%, 20=0.01%
  cpu          : usr=4.21%, sys=10.40%, ctx=978342, majf=0, minf=0
  IO depths    : 1=0.0%, 2=0.0%, 4=0.0%, 8=0.0%, 16=0.0%, 32=100.0%, >=64=0.0%
     submit    : 0=0.0%, 4=100.0%, 8=0.0%, 16=0.0%, 32=0.0%, 64=0.0%, >=64=0.0%
     complete  : 0=0.0%, 4=100.0%, 8=0.0%, 16=0.0%, 32=0.1%, 64=0.0%, >=64=0.0%
     issued rwts: total=1080912,0,0,0 short=0,0,0,0 dropped=0,0,0,0
     latency   : target=0, window=0, percentile=100.00%, depth=32

Run status group 0 (all jobs):
   READ: bw=281MiB/s (295MB/s), 281MiB/s-281MiB/s (295MB/s-295MB/s), io=16.5GiB (17.7GB), run=60002-60002msec
