"randread_64k_16_1": (g=0): rw=randread, bs=(R) 64.0KiB-64.0KiB, (W) 64.0KiB-64.0KiB, (T) 64.0KiB-64.0KiB, ioengine=io_uring, iodepth=16
fio-3.28
Starting 1 thread

"randread_64k_16_1": (groupid=0, jobs=1): err= 0: pid=119827: Mon Aug  7 12:30:53 2023
  read: IOPS=7246, BW=453MiB/s (475MB/s)(26.5GiB/60007msec)
    slat (nsec): min=4647, max=54014, avg=9171.24, stdev=3337.79
    clat (usec): min=473, max=26898, avg=2197.39, stdev=1004.14
     lat (usec): min=483, max=26905, avg=2206.72, stdev=1004.19
    clat percentiles (usec):
     |  1.00th=[ 1106],  5.00th=[ 1287], 10.00th=[ 1401], 20.00th=[ 1549],
     | 30.00th=[ 1663], 40.00th=[ 1778], 50.00th=[ 1909], 60.00th=[ 2057],
     | 70.00th=[ 2278], 80.00th=[ 2606], 90.00th=[ 3326], 95.00th=[ 4228],
     | 99.00th=[ 6259], 99.50th=[ 7046], 99.90th=[ 8717], 99.95th=[ 9503],
     | 99.99th=[12256]
   bw (  KiB/s): min=408448, max=493568, per=100.00%, avg=463897.98, stdev=11959.17, samples=120
   iops        : min= 6382, max= 7712, avg=7248.38, stdev=186.86, samples=120
  lat (usec)   : 500=0.01%, 750=0.01%, 1000=0.12%
  lat (msec)   : 2=56.29%, 4=37.66%, 10=5.89%, 20=0.03%, 50=0.01%
  cpu          : usr=2.38%, sys=8.83%, ctx=424713, majf=0, minf=0
  IO depths    : 1=0.0%, 2=0.0%, 4=0.0%, 8=0.0%, 16=100.0%, 32=0.0%, >=64=0.0%
     submit    : 0=0.0%, 4=100.0%, 8=0.0%, 16=0.0%, 32=0.0%, 64=0.0%, >=64=0.0%
     complete  : 0=0.0%, 4=100.0%, 8=0.0%, 16=0.1%, 32=0.0%, 64=0.0%, >=64=0.0%
     issued rwts: total=434865,0,0,0 short=0,0,0,0 dropped=0,0,0,0
     latency   : target=0, window=0, percentile=100.00%, depth=16

Run status group 0 (all jobs):
   READ: bw=453MiB/s (475MB/s), 453MiB/s-453MiB/s (475MB/s-475MB/s), io=26.5GiB (28.5GB), run=60007-60007msec
