"randread_4k_32_1": (g=0): rw=randread, bs=(R) 4096B-4096B, (W) 4096B-4096B, (T) 4096B-4096B, ioengine=io_uring, iodepth=32
fio-3.28
Starting 1 thread

"randread_4k_32_1": (groupid=0, jobs=1): err= 0: pid=119692: Mon Aug  7 12:15:38 2023
  read: IOPS=24.2k, BW=94.6MiB/s (99.2MB/s)(5674MiB/60002msec)
    slat (nsec): min=1832, max=45550, avg=3338.48, stdev=1753.89
    clat (usec): min=934, max=17450, avg=1317.86, stdev=241.75
     lat (usec): min=937, max=17455, avg=1321.31, stdev=241.70
    clat percentiles (usec):
     |  1.00th=[ 1090],  5.00th=[ 1156], 10.00th=[ 1188], 20.00th=[ 1221],
     | 30.00th=[ 1254], 40.00th=[ 1270], 50.00th=[ 1303], 60.00th=[ 1319],
     | 70.00th=[ 1352], 80.00th=[ 1401], 90.00th=[ 1450], 95.00th=[ 1516],
     | 99.00th=[ 1663], 99.50th=[ 1729], 99.90th=[ 2606], 99.95th=[ 4490],
     | 99.99th=[16450]
   bw (  KiB/s): min=86808, max=99408, per=100.00%, avg=96837.97, stdev=2296.54, samples=120
   iops        : min=21702, max=24852, avg=24209.48, stdev=574.14, samples=120
  lat (usec)   : 1000=0.01%
  lat (msec)   : 2=99.83%, 4=0.10%, 10=0.04%, 20=0.02%
  cpu          : usr=4.70%, sys=10.46%, ctx=812430, majf=0, minf=0
  IO depths    : 1=0.0%, 2=0.0%, 4=0.0%, 8=0.0%, 16=0.0%, 32=100.0%, >=64=0.0%
     submit    : 0=0.0%, 4=100.0%, 8=0.0%, 16=0.0%, 32=0.0%, 64=0.0%, >=64=0.0%
     complete  : 0=0.0%, 4=100.0%, 8=0.0%, 16=0.0%, 32=0.1%, 64=0.0%, >=64=0.0%
     issued rwts: total=1452488,0,0,0 short=0,0,0,0 dropped=0,0,0,0
     latency   : target=0, window=0, percentile=100.00%, depth=32

Run status group 0 (all jobs):
   READ: bw=94.6MiB/s (99.2MB/s), 94.6MiB/s-94.6MiB/s (99.2MB/s-99.2MB/s), io=5674MiB (5950MB), run=60002-60002msec
