"randwrite_4k_1_1": (g=0): rw=randwrite, bs=(R) 4096B-4096B, (W) 4096B-4096B, (T) 4096B-4096B, ioengine=io_uring, iodepth=1
fio-3.28
Starting 1 thread

"randwrite_4k_1_1": (groupid=0, jobs=1): err= 0: pid=120121: Mon Aug  7 13:03:49 2023
  write: IOPS=1319, BW=5279KiB/s (5406kB/s)(309MiB/60002msec); 0 zone resets
    slat (nsec): min=4486, max=21953, avg=4896.65, stdev=475.38
    clat (usec): min=560, max=12110, avg=751.77, stdev=176.37
     lat (usec): min=565, max=12114, avg=756.80, stdev=176.37
    clat percentiles (usec):
     |  1.00th=[  644],  5.00th=[  668], 10.00th=[  676], 20.00th=[  693],
     | 30.00th=[  709], 40.00th=[  717], 50.00th=[  734], 60.00th=[  742],
     | 70.00th=[  758], 80.00th=[  775], 90.00th=[  799], 95.00th=[  824],
     | 99.00th=[ 1893], 99.50th=[ 2114], 99.90th=[ 2474], 99.95th=[ 2868],
     | 99.99th=[ 4555]
   bw (  KiB/s): min= 5048, max= 5432, per=99.99%, avg=5279.67, stdev=71.78, samples=120
   iops        : min= 1262, max= 1358, avg=1319.90, stdev=17.95, samples=120
  lat (usec)   : 750=66.12%, 1000=32.45%
  lat (msec)   : 2=0.63%, 4=0.78%, 10=0.01%, 20=0.01%
  cpu          : usr=0.42%, sys=0.98%, ctx=79274, majf=0, minf=0
  IO depths    : 1=100.0%, 2=0.0%, 4=0.0%, 8=0.0%, 16=0.0%, 32=0.0%, >=64=0.0%
     submit    : 0=0.0%, 4=100.0%, 8=0.0%, 16=0.0%, 32=0.0%, 64=0.0%, >=64=0.0%
     complete  : 0=0.0%, 4=100.0%, 8=0.0%, 16=0.0%, 32=0.0%, 64=0.0%, >=64=0.0%
     issued rwts: total=0,79192,0,0 short=0,0,0,0 dropped=0,0,0,0
     latency   : target=0, window=0, percentile=100.00%, depth=1

Run status group 0 (all jobs):
  WRITE: bw=5279KiB/s (5406kB/s), 5279KiB/s-5279KiB/s (5406kB/s-5406kB/s), io=309MiB (324MB), run=60002-60002msec
