"randwrite_64k_32_1": (g=0): rw=randwrite, bs=(R) 64.0KiB-64.0KiB, (W) 64.0KiB-64.0KiB, (T) 64.0KiB-64.0KiB, ioengine=io_uring, iodepth=32
fio-3.28
Starting 1 thread

"randwrite_64k_32_1": (groupid=0, jobs=1): err= 0: pid=120056: Mon Aug  7 12:56:41 2023
  write: IOPS=2597, BW=162MiB/s (170MB/s)(9747MiB/60014msec); 0 zone resets
    slat (nsec): min=5016, max=92833, avg=14744.00, stdev=7086.57
    clat (usec): min=6570, max=48945, avg=12297.94, stdev=2819.01
     lat (usec): min=6603, max=48953, avg=12313.03, stdev=2819.23
    clat percentiles (usec):
     |  1.00th=[ 8717],  5.00th=[ 9503], 10.00th=[ 9896], 20.00th=[10421],
     | 30.00th=[10814], 40.00th=[11207], 50.00th=[11600], 60.00th=[12125],
     | 70.00th=[12649], 80.00th=[13566], 90.00th=[15401], 95.00th=[17695],
     | 99.00th=[23462], 99.50th=[25822], 99.90th=[31327], 99.95th=[33817],
     | 99.99th=[39584]
   bw (  KiB/s): min=159616, max=171264, per=100.00%, avg=166329.42, stdev=2488.25, samples=120
   iops        : min= 2494, max= 2676, avg=2598.88, stdev=38.87, samples=120
  lat (msec)   : 10=12.36%, 20=85.00%, 50=2.65%
  cpu          : usr=2.38%, sys=4.85%, ctx=131653, majf=0, minf=0
  IO depths    : 1=0.0%, 2=0.0%, 4=0.0%, 8=0.0%, 16=0.0%, 32=100.0%, >=64=0.0%
     submit    : 0=0.0%, 4=100.0%, 8=0.0%, 16=0.0%, 32=0.0%, 64=0.0%, >=64=0.0%
     complete  : 0=0.0%, 4=100.0%, 8=0.0%, 16=0.0%, 32=0.1%, 64=0.0%, >=64=0.0%
     issued rwts: total=0,155915,0,0 short=0,0,0,0 dropped=0,0,0,0
     latency   : target=0, window=0, percentile=100.00%, depth=32

Run status group 0 (all jobs):
  WRITE: bw=162MiB/s (170MB/s), 162MiB/s-162MiB/s (170MB/s-170MB/s), io=9747MiB (10.2GB), run=60014-60014msec
