"randread_64k_32_1": (g=0): rw=randread, bs=(R) 64.0KiB-64.0KiB, (W) 64.0KiB-64.0KiB, (T) 64.0KiB-64.0KiB, ioengine=io_uring, iodepth=32
fio-3.28
Starting 1 thread

"randread_64k_32_1": (groupid=0, jobs=1): err= 0: pid=119836: Mon Aug  7 12:32:03 2023
  read: IOPS=7229, BW=452MiB/s (474MB/s)(26.5GiB/60005msec)
    slat (nsec): min=3739, max=66696, avg=7615.88, stdev=3059.18
    clat (usec): min=1989, max=56728, avg=4417.32, stdev=1257.66
     lat (usec): min=2003, max=56733, avg=4425.11, stdev=1257.71
    clat percentiles (usec):
     |  1.00th=[ 2868],  5.00th=[ 3130], 10.00th=[ 3294], 20.00th=[ 3523],
     | 30.00th=[ 3720], 40.00th=[ 3916], 50.00th=[ 4113], 60.00th=[ 4359],
     | 70.00th=[ 4686], 80.00th=[ 5080], 90.00th=[ 5866], 95.00th=[ 6718],
     | 99.00th=[ 8848], 99.50th=[ 9634], 99.90th=[11600], 99.95th=[12518],
     | 99.99th=[18744]
   bw (  KiB/s): min=424832, max=487296, per=100.00%, avg=462749.59, stdev=9947.97, samples=120
   iops        : min= 6638, max= 7614, avg=7230.44, stdev=155.42, samples=120
  lat (msec)   : 2=0.01%, 4=44.29%, 10=55.32%, 20=0.38%, 50=0.01%
  lat (msec)   : 100=0.01%
  cpu          : usr=2.44%, sys=7.75%, ctx=422408, majf=0, minf=0
  IO depths    : 1=0.0%, 2=0.0%, 4=0.0%, 8=0.0%, 16=0.0%, 32=100.0%, >=64=0.0%
     submit    : 0=0.0%, 4=100.0%, 8=0.0%, 16=0.0%, 32=0.0%, 64=0.0%, >=64=0.0%
     complete  : 0=0.0%, 4=100.0%, 8=0.0%, 16=0.0%, 32=0.1%, 64=0.0%, >=64=0.0%
     issued rwts: total=433791,0,0,0 short=0,0,0,0 dropped=0,0,0,0
     latency   : target=0, window=0, percentile=100.00%, depth=32

Run status group 0 (all jobs):
   READ: bw=452MiB/s (474MB/s), 452MiB/s-452MiB/s (474MB/s-474MB/s), io=26.5GiB (28.4GB), run=60005-60005msec
