randread_32k_128_16: (g=0): rw=randread, bs=(R) 32.0KiB-32.0KiB, (W) 32.0KiB-32.0KiB, (T) 32.0KiB-32.0KiB, ioengine=io_uring, iodepth=128
...
fio-3.28
Starting 16 threads

randread_32k_128_16: (groupid=0, jobs=16): err= 0: pid=104045: Sat Feb 25 03:35:18 2023
  read: IOPS=32.0k, BW=1003MiB/s (1051MB/s)(58.8GiB/60065msec)
    slat (usec): min=5, max=198, avg= 9.16, stdev= 1.85
    clat (msec): min=55, max=131, avg=63.86, stdev= 3.80
     lat (msec): min=55, max=131, avg=63.87, stdev= 3.80
    clat percentiles (msec):
     |  1.00th=[   56],  5.00th=[   57], 10.00th=[   59], 20.00th=[   62],
     | 30.00th=[   63], 40.00th=[   64], 50.00th=[   64], 60.00th=[   65],
     | 70.00th=[   66], 80.00th=[   67], 90.00th=[   68], 95.00th=[   70],
     | 99.00th=[   75], 99.50th=[   79], 99.90th=[   82], 99.95th=[   99],
     | 99.99th=[  126]
   bw (  KiB/s): min=952896, max=1089408, per=100.00%, avg=1026687.02, stdev=1589.32, samples=1920
   iops        : min=29778, max=34044, avg=32083.61, stdev=49.68, samples=1920
  lat (msec)   : 100=100.06%, 250=0.05%
  cpu          : usr=0.59%, sys=2.25%, ctx=1901781, majf=0, minf=0
  IO depths    : 1=0.0%, 2=0.0%, 4=0.0%, 8=0.0%, 16=0.0%, 32=0.0%, >=64=100.0%
     submit    : 0=0.0%, 4=100.0%, 8=0.0%, 16=0.0%, 32=0.0%, 64=0.0%, >=64=0.0%
     complete  : 0=0.0%, 4=100.0%, 8=0.0%, 16=0.0%, 32=0.0%, 64=0.0%, >=64=0.1%
     issued rwts: total=1924918,0,0,0 short=0,0,0,0 dropped=0,0,0,0
     latency   : target=0, window=0, percentile=100.00%, depth=128

Run status group 0 (all jobs):
   READ: bw=1003MiB/s (1051MB/s), 1003MiB/s-1003MiB/s (1051MB/s-1051MB/s), io=58.8GiB (63.1GB), run=60065-60065msec
