randread_1m_2_1: (g=0): rw=randread, bs=(R) 1024KiB-1024KiB, (W) 1024KiB-1024KiB, (T) 1024KiB-1024KiB, ioengine=io_uring, iodepth=2
fio-3.28
Starting 1 thread

randread_1m_2_1: (groupid=0, jobs=1): err= 0: pid=98565: Sat Feb 25 01:48:38 2023
  read: IOPS=2639, BW=2639MiB/s (2768MB/s)(155GiB/60001msec)
    slat (usec): min=91, max=194, avg=110.28, stdev= 3.38
    clat (usec): min=462, max=1881, avg=646.28, stdev=87.87
     lat (usec): min=578, max=1985, avg=756.73, stdev=87.72
    clat percentiles (usec):
     |  1.00th=[  510],  5.00th=[  545], 10.00th=[  570], 20.00th=[  594],
     | 30.00th=[  619], 40.00th=[  627], 50.00th=[  635], 60.00th=[  635],
     | 70.00th=[  644], 80.00th=[  660], 90.00th=[  742], 95.00th=[  824],
     | 99.00th=[ 1057], 99.50th=[ 1074], 99.90th=[ 1123], 99.95th=[ 1156],
     | 99.99th=[ 1303]
   bw (  MiB/s): min= 2546, max= 2700, per=100.00%, avg=2639.54, stdev=33.77, samples=120
   iops        : min= 2546, max= 2700, avg=2639.53, stdev=33.77, samples=120
  lat (usec)   : 500=0.40%, 750=89.89%, 1000=8.14%
  lat (msec)   : 2=1.58%
  cpu          : usr=0.73%, sys=29.70%, ctx=158126, majf=0, minf=0
  IO depths    : 1=0.0%, 2=100.0%, 4=0.0%, 8=0.0%, 16=0.0%, 32=0.0%, >=64=0.0%
     submit    : 0=0.0%, 4=100.0%, 8=0.0%, 16=0.0%, 32=0.0%, 64=0.0%, >=64=0.0%
     complete  : 0=0.0%, 4=100.0%, 8=0.0%, 16=0.0%, 32=0.0%, 64=0.0%, >=64=0.0%
     issued rwts: total=158364,0,0,0 short=0,0,0,0 dropped=0,0,0,0
     latency   : target=0, window=0, percentile=100.00%, depth=2

Run status group 0 (all jobs):
   READ: bw=2639MiB/s (2768MB/s), 2639MiB/s-2639MiB/s (2768MB/s-2768MB/s), io=155GiB (166GB), run=60001-60001msec
