randread_64k_8_1: (g=0): rw=randread, bs=(R) 64.0KiB-64.0KiB, (W) 64.0KiB-64.0KiB, (T) 64.0KiB-64.0KiB, ioengine=io_uring, iodepth=8
fio-3.28
Starting 1 thread

randread_64k_8_1: (groupid=0, jobs=1): err= 0: pid=96305: Sat Feb 25 01:13:28 2023
  read: IOPS=19.6k, BW=1224MiB/s (1284MB/s)(71.7GiB/60001msec)
    slat (usec): min=8, max=413, avg=12.97, stdev= 1.84
    clat (usec): min=84, max=1183, avg=394.45, stdev=93.41
     lat (usec): min=163, max=1196, avg=407.57, stdev=93.56
    clat percentiles (usec):
     |  1.00th=[  227],  5.00th=[  265], 10.00th=[  289], 20.00th=[  314],
     | 30.00th=[  334], 40.00th=[  355], 50.00th=[  383], 60.00th=[  412],
     | 70.00th=[  441], 80.00th=[  469], 90.00th=[  515], 95.00th=[  570],
     | 99.00th=[  660], 99.50th=[  693], 99.90th=[  758], 99.95th=[  791],
     | 99.99th=[  889]
   bw (  MiB/s): min= 1101, max= 1328, per=100.00%, avg=1224.37, stdev=46.54, samples=120
   iops        : min=17618, max=21262, avg=19589.85, stdev=744.67, samples=120
  lat (usec)   : 100=0.01%, 250=3.03%, 500=84.49%, 750=12.36%, 1000=0.12%
  lat (msec)   : 2=0.01%
  cpu          : usr=4.88%, sys=28.59%, ctx=944579, majf=0, minf=0
  IO depths    : 1=0.0%, 2=0.0%, 4=0.0%, 8=100.0%, 16=0.0%, 32=0.0%, >=64=0.0%
     submit    : 0=0.0%, 4=100.0%, 8=0.0%, 16=0.0%, 32=0.0%, 64=0.0%, >=64=0.0%
     complete  : 0=0.0%, 4=100.0%, 8=0.1%, 16=0.0%, 32=0.0%, 64=0.0%, >=64=0.0%
     issued rwts: total=1175276,0,0,0 short=0,0,0,0 dropped=0,0,0,0
     latency   : target=0, window=0, percentile=100.00%, depth=8

Run status group 0 (all jobs):
   READ: bw=1224MiB/s (1284MB/s), 1224MiB/s-1224MiB/s (1284MB/s-1284MB/s), io=71.7GiB (77.0GB), run=60001-60001msec
