randwrite_256k_8_1: (g=0): rw=randwrite, bs=(R) 256KiB-256KiB, (W) 256KiB-256KiB, (T) 256KiB-256KiB, ioengine=io_uring, iodepth=8
fio-3.28
Starting 1 thread

randwrite_256k_8_1: (groupid=0, jobs=1): err= 0: pid=102280: Sat Feb 25 03:05:59 2023
  write: IOPS=10.0k, BW=2512MiB/s (2634MB/s)(147GiB/60001msec); 0 zone resets
    slat (usec): min=26, max=247, avg=38.21, stdev= 7.10
    clat (usec): min=305, max=2765, avg=756.68, stdev=198.16
     lat (usec): min=341, max=2812, avg=795.08, stdev=198.60
    clat percentiles (usec):
     |  1.00th=[  453],  5.00th=[  519], 10.00th=[  553], 20.00th=[  603],
     | 30.00th=[  644], 40.00th=[  685], 50.00th=[  717], 60.00th=[  758],
     | 70.00th=[  807], 80.00th=[  881], 90.00th=[ 1012], 95.00th=[ 1123],
     | 99.00th=[ 1385], 99.50th=[ 1614], 99.90th=[ 2057], 99.95th=[ 2147],
     | 99.99th=[ 2343]
   bw (  MiB/s): min= 2271, max= 2812, per=100.00%, avg=2512.39, stdev=110.22, samples=120
   iops        : min= 9084, max=11248, avg=10049.53, stdev=440.86, samples=120
  lat (usec)   : 500=3.57%, 750=54.38%, 1000=31.22%
  lat (msec)   : 2=10.69%, 4=0.14%
  cpu          : usr=7.01%, sys=34.90%, ctx=279442, majf=0, minf=0
  IO depths    : 1=0.0%, 2=0.0%, 4=0.0%, 8=100.0%, 16=0.0%, 32=0.0%, >=64=0.0%
     submit    : 0=0.0%, 4=100.0%, 8=0.0%, 16=0.0%, 32=0.0%, 64=0.0%, >=64=0.0%
     complete  : 0=0.0%, 4=100.0%, 8=0.1%, 16=0.0%, 32=0.0%, 64=0.0%, >=64=0.0%
     issued rwts: total=0,602895,0,0 short=0,0,0,0 dropped=0,0,0,0
     latency   : target=0, window=0, percentile=100.00%, depth=8

Run status group 0 (all jobs):
  WRITE: bw=2512MiB/s (2634MB/s), 2512MiB/s-2512MiB/s (2634MB/s-2634MB/s), io=147GiB (158GB), run=60001-60001msec
