randwrite_128k_32_1: (g=0): rw=randwrite, bs=(R) 128KiB-128KiB, (W) 128KiB-128KiB, (T) 128KiB-128KiB, ioengine=io_uring, iodepth=32
fio-3.28
Starting 1 thread

randwrite_128k_32_1: (groupid=0, jobs=1): err= 0: pid=101574: Sat Feb 25 02:58:57 2023
  write: IOPS=20.1k, BW=2517MiB/s (2639MB/s)(147GiB/60001msec); 0 zone resets
    slat (usec): min=16, max=126, avg=29.97, stdev= 6.05
    clat (usec): min=680, max=4390, avg=1558.44, stdev=328.03
     lat (usec): min=701, max=4417, avg=1588.58, stdev=327.34
    clat percentiles (usec):
     |  1.00th=[  971],  5.00th=[ 1037], 10.00th=[ 1123], 20.00th=[ 1270],
     | 30.00th=[ 1385], 40.00th=[ 1467], 50.00th=[ 1549], 60.00th=[ 1614],
     | 70.00th=[ 1696], 80.00th=[ 1827], 90.00th=[ 2008], 95.00th=[ 2147],
     | 99.00th=[ 2409], 99.50th=[ 2507], 99.90th=[ 2737], 99.95th=[ 2835],
     | 99.99th=[ 3097]
   bw (  MiB/s): min= 2380, max= 2584, per=100.00%, avg=2516.82, stdev=36.10, samples=120
   iops        : min=19046, max=20674, avg=20134.53, stdev=288.82, samples=120
  lat (usec)   : 750=0.01%, 1000=2.62%
  lat (msec)   : 2=87.32%, 4=10.06%, 10=0.01%
  cpu          : usr=20.68%, sys=43.25%, ctx=195288, majf=0, minf=0
  IO depths    : 1=0.0%, 2=0.0%, 4=0.0%, 8=0.0%, 16=0.0%, 32=100.0%, >=64=0.0%
     submit    : 0=0.0%, 4=100.0%, 8=0.0%, 16=0.0%, 32=0.0%, 64=0.0%, >=64=0.0%
     complete  : 0=0.0%, 4=100.0%, 8=0.0%, 16=0.0%, 32=0.1%, 64=0.0%, >=64=0.0%
     issued rwts: total=0,1208007,0,0 short=0,0,0,0 dropped=0,0,0,0
     latency   : target=0, window=0, percentile=100.00%, depth=32

Run status group 0 (all jobs):
  WRITE: bw=2517MiB/s (2639MB/s), 2517MiB/s-2517MiB/s (2639MB/s-2639MB/s), io=147GiB (158GB), run=60001-60001msec
