randwrite_128k_128_1: (g=0): rw=randwrite, bs=(R) 128KiB-128KiB, (W) 128KiB-128KiB, (T) 128KiB-128KiB, ioengine=io_uring, iodepth=128
fio-3.28
Starting 1 thread

randwrite_128k_128_1: (groupid=0, jobs=1): err= 0: pid=101683: Sat Feb 25 03:01:18 2023
  write: IOPS=19.5k, BW=2432MiB/s (2551MB/s)(143GiB/60007msec); 0 zone resets
    slat (usec): min=19, max=144, avg=28.77, stdev= 4.77
    clat (usec): min=5222, max=12883, avg=6548.36, stdev=405.92
     lat (usec): min=5252, max=12907, avg=6577.33, stdev=405.50
    clat percentiles (usec):
     |  1.00th=[ 5669],  5.00th=[ 5932], 10.00th=[ 6063], 20.00th=[ 6194],
     | 30.00th=[ 6325], 40.00th=[ 6456], 50.00th=[ 6521], 60.00th=[ 6652],
     | 70.00th=[ 6718], 80.00th=[ 6849], 90.00th=[ 7046], 95.00th=[ 7242],
     | 99.00th=[ 7635], 99.50th=[ 7832], 99.90th=[ 8455], 99.95th=[ 8848],
     | 99.99th=[ 9372]
   bw (  MiB/s): min= 2342, max= 2508, per=100.00%, avg=2432.59, stdev=30.09, samples=120
   iops        : min=18740, max=20068, avg=19460.70, stdev=240.71, samples=120
  lat (msec)   : 10=100.01%, 20=0.01%
  cpu          : usr=19.90%, sys=39.99%, ctx=240867, majf=0, minf=0
  IO depths    : 1=0.0%, 2=0.0%, 4=0.0%, 8=0.0%, 16=0.0%, 32=0.0%, >=64=100.0%
     submit    : 0=0.0%, 4=100.0%, 8=0.0%, 16=0.0%, 32=0.0%, 64=0.0%, >=64=0.0%
     complete  : 0=0.0%, 4=100.0%, 8=0.0%, 16=0.0%, 32=0.0%, 64=0.0%, >=64=0.1%
     issued rwts: total=0,1167546,0,0 short=0,0,0,0 dropped=0,0,0,0
     latency   : target=0, window=0, percentile=100.00%, depth=128

Run status group 0 (all jobs):
  WRITE: bw=2432MiB/s (2551MB/s), 2432MiB/s-2432MiB/s (2551MB/s-2551MB/s), io=143GiB (153GB), run=60007-60007msec
