randwrite_1m_128_1: (g=0): rw=randwrite, bs=(R) 1024KiB-1024KiB, (W) 1024KiB-1024KiB, (T) 1024KiB-1024KiB, ioengine=io_uring, iodepth=128
fio-3.28
Starting 1 thread

randwrite_1m_128_1: (groupid=0, jobs=1): err= 0: pid=103762: Sat Feb 25 03:29:26 2023
  write: IOPS=2436, BW=2439MiB/s (2557MB/s)(143GiB/60050msec); 0 zone resets
    slat (usec): min=140, max=585, avg=235.84, stdev=53.20
    clat (msec): min=36, max=104, avg=52.27, stdev= 6.84
     lat (msec): min=36, max=105, avg=52.51, stdev= 6.85
    clat percentiles (usec):
     |  1.00th=[40109],  5.00th=[40633], 10.00th=[41157], 20.00th=[41681],
     | 30.00th=[51643], 40.00th=[54264], 50.00th=[55313], 60.00th=[55837],
     | 70.00th=[56886], 80.00th=[57410], 90.00th=[58459], 95.00th=[59507],
     | 99.00th=[61080], 99.50th=[62129], 99.90th=[64226], 99.95th=[73925],
     | 99.99th=[99091]
   bw (  MiB/s): min= 2116, max= 3120, per=100.00%, avg=2438.76, stdev=316.41, samples=120
   iops        : min= 2116, max= 3120, avg=2438.72, stdev=316.41, samples=120
  lat (msec)   : 50=27.89%, 100=72.19%, 250=0.01%
  cpu          : usr=27.94%, sys=30.14%, ctx=30334, majf=0, minf=0
  IO depths    : 1=0.0%, 2=0.0%, 4=0.0%, 8=0.0%, 16=0.0%, 32=0.0%, >=64=100.0%
     submit    : 0=0.0%, 4=100.0%, 8=0.0%, 16=0.0%, 32=0.0%, 64=0.0%, >=64=0.0%
     complete  : 0=0.0%, 4=100.0%, 8=0.0%, 16=0.0%, 32=0.0%, 64=0.0%, >=64=0.1%
     issued rwts: total=0,146310,0,0 short=0,0,0,0 dropped=0,0,0,0
     latency   : target=0, window=0, percentile=100.00%, depth=128

Run status group 0 (all jobs):
  WRITE: bw=2439MiB/s (2557MB/s), 2439MiB/s-2439MiB/s (2557MB/s-2557MB/s), io=143GiB (154GB), run=60050-60050msec
