randwrite_8k_32_1: (g=0): rw=randwrite, bs=(R) 8192B-8192B, (W) 8192B-8192B, (T) 8192B-8192B, ioengine=io_uring, iodepth=32
fio-3.28
Starting 1 thread

randwrite_8k_32_1: (groupid=0, jobs=1): err= 0: pid=99973: Sat Feb 25 02:21:27 2023
  write: IOPS=46.0k, BW=359MiB/s (377MB/s)(21.0GiB/60001msec); 0 zone resets
    slat (nsec): min=3720, max=76624, avg=6819.96, stdev=1094.53
    clat (usec): min=193, max=2512, avg=688.38, stdev=204.28
     lat (usec): min=201, max=2519, avg=695.34, stdev=204.27
    clat percentiles (usec):
     |  1.00th=[  347],  5.00th=[  420], 10.00th=[  465], 20.00th=[  519],
     | 30.00th=[  562], 40.00th=[  611], 50.00th=[  668], 60.00th=[  709],
     | 70.00th=[  758], 80.00th=[  824], 90.00th=[  971], 95.00th=[ 1090],
     | 99.00th=[ 1254], 99.50th=[ 1401], 99.90th=[ 1827], 99.95th=[ 1909],
     | 99.99th=[ 1991]
   bw (  KiB/s): min=318096, max=403904, per=100.00%, avg=367826.36, stdev=16866.94, samples=120
   iops        : min=39762, max=50488, avg=45978.28, stdev=2108.35, samples=120
  lat (usec)   : 250=0.01%, 500=16.32%, 750=52.38%, 1000=22.30%
  lat (msec)   : 2=8.99%, 4=0.01%
  cpu          : usr=10.69%, sys=29.37%, ctx=689138, majf=0, minf=0
  IO depths    : 1=0.0%, 2=0.0%, 4=0.0%, 8=0.0%, 16=0.0%, 32=100.0%, >=64=0.0%
     submit    : 0=0.0%, 4=100.0%, 8=0.0%, 16=0.0%, 32=0.0%, 64=0.0%, >=64=0.0%
     complete  : 0=0.0%, 4=100.0%, 8=0.0%, 16=0.0%, 32=0.1%, 64=0.0%, >=64=0.0%
     issued rwts: total=0,2758501,0,0 short=0,0,0,0 dropped=0,0,0,0
     latency   : target=0, window=0, percentile=100.00%, depth=32

Run status group 0 (all jobs):
  WRITE: bw=359MiB/s (377MB/s), 359MiB/s-359MiB/s (377MB/s-377MB/s), io=21.0GiB (22.6GB), run=60001-60001msec
