randread_4k_1_1: (g=0): rw=randread, bs=(R) 4096B-4096B, (W) 4096B-4096B, (T) 4096B-4096B, ioengine=io_uring, iodepth=1
fio-3.28
Starting 1 thread

randread_4k_1_1: (groupid=0, jobs=1): err= 0: pid=94862: Sat Feb 25 00:32:27 2023
  read: IOPS=7610, BW=29.7MiB/s (31.2MB/s)(1784MiB/60001msec)
    slat (nsec): min=4985, max=21594, avg=5676.26, stdev=562.34
    clat (usec): min=71, max=264, avg=124.78, stdev= 7.14
     lat (usec): min=77, max=270, avg=130.60, stdev= 7.14
    clat percentiles (usec):
     |  1.00th=[   86],  5.00th=[  121], 10.00th=[  122], 20.00th=[  123],
     | 30.00th=[  124], 40.00th=[  124], 50.00th=[  125], 60.00th=[  126],
     | 70.00th=[  126], 80.00th=[  128], 90.00th=[  130], 95.00th=[  133],
     | 99.00th=[  143], 99.50th=[  159], 99.90th=[  184], 99.95th=[  221],
     | 99.99th=[  233]
   bw (  KiB/s): min=29979, max=31262, per=100.00%, avg=30443.72, stdev=127.52, samples=120
   iops        : min= 7494, max= 7815, avg=7610.92, stdev=31.88, samples=120
  lat (usec)   : 100=1.38%, 250=98.62%, 500=0.01%
  cpu          : usr=1.76%, sys=6.01%, ctx=456641, majf=0, minf=0
  IO depths    : 1=100.0%, 2=0.0%, 4=0.0%, 8=0.0%, 16=0.0%, 32=0.0%, >=64=0.0%
     submit    : 0=0.0%, 4=100.0%, 8=0.0%, 16=0.0%, 32=0.0%, 64=0.0%, >=64=0.0%
     complete  : 0=0.0%, 4=100.0%, 8=0.0%, 16=0.0%, 32=0.0%, 64=0.0%, >=64=0.0%
     issued rwts: total=456639,0,0,0 short=0,0,0,0 dropped=0,0,0,0
     latency   : target=0, window=0, percentile=100.00%, depth=1

Run status group 0 (all jobs):
   READ: bw=29.7MiB/s (31.2MB/s), 29.7MiB/s-29.7MiB/s (31.2MB/s-31.2MB/s), io=1784MiB (1870MB), run=60001-60001msec
