randread_16k_32_1: (g=0): rw=randread, bs=(R) 16.0KiB-16.0KiB, (W) 16.0KiB-16.0KiB, (T) 16.0KiB-16.0KiB, ioengine=io_uring, iodepth=32
fio-3.28
Starting 1 thread

randread_16k_32_1: (groupid=0, jobs=1): err= 0: pid=95731: Sat Feb 25 00:57:04 2023
  read: IOPS=43.0k, BW=672MiB/s (705MB/s)(39.4GiB/60001msec)
    slat (nsec): min=4021, max=59086, avg=7242.75, stdev=1116.53
    clat (usec): min=230, max=2322, avg=735.47, stdev=205.46
     lat (usec): min=238, max=2329, avg=742.84, stdev=205.45
    clat percentiles (usec):
     |  1.00th=[  404],  5.00th=[  453], 10.00th=[  490], 20.00th=[  545],
     | 30.00th=[  603], 40.00th=[  660], 50.00th=[  717], 60.00th=[  775],
     | 70.00th=[  832], 80.00th=[  898], 90.00th=[ 1004], 95.00th=[ 1106],
     | 99.00th=[ 1270], 99.50th=[ 1401], 99.90th=[ 1696], 99.95th=[ 1778],
     | 99.99th=[ 1926]
   bw (  KiB/s): min=593280, max=749664, per=100.00%, avg=688609.55, stdev=28297.57, samples=120
   iops        : min=37080, max=46854, avg=43038.12, stdev=1768.68, samples=120
  lat (usec)   : 250=0.01%, 500=12.07%, 750=43.27%, 1000=34.36%
  lat (msec)   : 2=10.30%, 4=0.01%
  cpu          : usr=8.31%, sys=34.72%, ctx=1205366, majf=0, minf=0
  IO depths    : 1=0.0%, 2=0.0%, 4=0.0%, 8=0.0%, 16=0.0%, 32=100.0%, >=64=0.0%
     submit    : 0=0.0%, 4=100.0%, 8=0.0%, 16=0.0%, 32=0.0%, 64=0.0%, >=64=0.0%
     complete  : 0=0.0%, 4=100.0%, 8=0.0%, 16=0.0%, 32=0.1%, 64=0.0%, >=64=0.0%
     issued rwts: total=2582124,0,0,0 short=0,0,0,0 dropped=0,0,0,0
     latency   : target=0, window=0, percentile=100.00%, depth=32

Run status group 0 (all jobs):
   READ: bw=672MiB/s (705MB/s), 672MiB/s-672MiB/s (705MB/s-705MB/s), io=39.4GiB (42.3GB), run=60001-60001msec
