randwrite_32k_128_4: (g=0): rw=randwrite, bs=(R) 32.0KiB-32.0KiB, (W) 32.0KiB-32.0KiB, (T) 32.0KiB-32.0KiB, ioengine=io_uring, iodepth=128
...
fio-3.28
Starting 4 threads

randwrite_32k_128_4: (groupid=0, jobs=4): err= 0: pid=104196: Sat Feb 25 03:38:49 2023
  write: IOPS=38.0k, BW=1188MiB/s (1246MB/s)(69.6GiB/60013msec); 0 zone resets
    slat (nsec): min=7116, max=80695, avg=11745.55, stdev=2133.90
    clat (usec): min=10401, max=24459, avg=13454.47, stdev=1565.40
     lat (usec): min=10412, max=24471, avg=13466.35, stdev=1565.42
    clat percentiles (usec):
     |  1.00th=[11338],  5.00th=[11731], 10.00th=[11863], 20.00th=[12125],
     | 30.00th=[12387], 40.00th=[12649], 50.00th=[12911], 60.00th=[13435],
     | 70.00th=[14091], 80.00th=[14877], 90.00th=[15795], 95.00th=[16581],
     | 99.00th=[17695], 99.50th=[18220], 99.90th=[19268], 99.95th=[19792],
     | 99.99th=[20579]
   bw (  MiB/s): min= 1073, max= 1261, per=100.00%, avg=1188.28, stdev= 9.38, samples=480
   iops        : min=34338, max=40364, avg=38024.87, stdev=300.20, samples=480
  lat (msec)   : 20=99.99%, 50=0.03%
  cpu          : usr=4.59%, sys=10.24%, ctx=1711486, majf=0, minf=0
  IO depths    : 1=0.0%, 2=0.0%, 4=0.0%, 8=0.0%, 16=0.0%, 32=0.0%, >=64=100.0%
     submit    : 0=0.0%, 4=100.0%, 8=0.0%, 16=0.0%, 32=0.0%, 64=0.0%, >=64=0.0%
     complete  : 0=0.0%, 4=100.0%, 8=0.0%, 16=0.0%, 32=0.0%, 64=0.0%, >=64=0.1%
     issued rwts: total=0,2281319,0,0 short=0,0,0,0 dropped=0,0,0,0
     latency   : target=0, window=0, percentile=100.00%, depth=128

Run status group 0 (all jobs):
  WRITE: bw=1188MiB/s (1246MB/s), 1188MiB/s-1188MiB/s (1246MB/s-1246MB/s), io=69.6GiB (74.8GB), run=60013-60013msec
