randwrite_4k_16_1: (g=0): rw=randwrite, bs=(R) 4096B-4096B, (W) 4096B-4096B, (T) 4096B-4096B, ioengine=io_uring, iodepth=16
fio-3.28
Starting 1 thread

randwrite_4k_16_1: (groupid=0, jobs=1): err= 0: pid=99589: Sat Feb 25 02:10:54 2023
  write: IOPS=52.3k, BW=204MiB/s (214MB/s)(12.0GiB/60001msec); 0 zone resets
    slat (usec): min=3, max=125, avg= 5.50, stdev= 1.01
    clat (usec): min=81, max=1803, avg=299.51, stdev=99.91
     lat (usec): min=89, max=1807, avg=305.15, stdev=99.86
    clat percentiles (usec):
     |  1.00th=[  141],  5.00th=[  172], 10.00th=[  190], 20.00th=[  212],
     | 30.00th=[  233], 40.00th=[  251], 50.00th=[  277], 60.00th=[  314],
     | 70.00th=[  351], 80.00th=[  383], 90.00th=[  433], 95.00th=[  494],
     | 99.00th=[  578], 99.50th=[  594], 99.90th=[  676], 99.95th=[  725],
     | 99.99th=[  840]
   bw (  KiB/s): min=179712, max=234816, per=100.00%, avg=209272.37, stdev=12257.78, samples=120
   iops        : min=44928, max=58704, avg=52318.13, stdev=3064.50, samples=120
  lat (usec)   : 100=0.02%, 250=39.11%, 500=56.17%, 750=4.67%, 1000=0.03%
  lat (msec)   : 2=0.01%
  cpu          : usr=10.24%, sys=29.93%, ctx=982016, majf=0, minf=0
  IO depths    : 1=0.0%, 2=0.0%, 4=0.0%, 8=0.0%, 16=100.0%, 32=0.0%, >=64=0.0%
     submit    : 0=0.0%, 4=100.0%, 8=0.0%, 16=0.0%, 32=0.0%, 64=0.0%, >=64=0.0%
     complete  : 0=0.0%, 4=100.0%, 8=0.0%, 16=0.1%, 32=0.0%, 64=0.0%, >=64=0.0%
     issued rwts: total=0,3138767,0,0 short=0,0,0,0 dropped=0,0,0,0
     latency   : target=0, window=0, percentile=100.00%, depth=16

Run status group 0 (all jobs):
  WRITE: bw=204MiB/s (214MB/s), 204MiB/s-204MiB/s (214MB/s-214MB/s), io=12.0GiB (12.9GB), run=60001-60001msec
