randwrite_32k_128_16: (g=0): rw=randwrite, bs=(R) 32.0KiB-32.0KiB, (W) 32.0KiB-32.0KiB, (T) 32.0KiB-32.0KiB, ioengine=io_uring, iodepth=128
...
fio-3.28
Starting 16 threads

randwrite_32k_128_16: (groupid=0, jobs=16): err= 0: pid=104282: Sat Feb 25 03:41:09 2023
  write: IOPS=36.2k, BW=1131MiB/s (1186MB/s)(66.3GiB/60056msec); 0 zone resets
    slat (usec): min=6, max=210, avg=12.25, stdev= 2.64
    clat (msec): min=48, max=106, avg=56.60, stdev= 3.93
     lat (msec): min=48, max=106, avg=56.61, stdev= 3.93
    clat percentiles (usec):
     |  1.00th=[50070],  5.00th=[51643], 10.00th=[52167], 20.00th=[53216],
     | 30.00th=[54264], 40.00th=[55313], 50.00th=[56361], 60.00th=[56886],
     | 70.00th=[57934], 80.00th=[58983], 90.00th=[61080], 95.00th=[63701],
     | 99.00th=[69731], 99.50th=[71828], 99.90th=[73925], 99.95th=[76022],
     | 99.99th=[98042]
   bw (  MiB/s): min= 1011, max= 1259, per=100.00%, avg=1131.04, stdev= 2.86, samples=1920
   iops        : min=32380, max=40310, avg=36193.13, stdev=91.40, samples=1920
  lat (msec)   : 50=0.78%, 100=99.31%, 250=0.01%
  cpu          : usr=1.20%, sys=2.63%, ctx=1765444, majf=0, minf=0
  IO depths    : 1=0.0%, 2=0.0%, 4=0.0%, 8=0.0%, 16=0.0%, 32=0.0%, >=64=100.0%
     submit    : 0=0.0%, 4=100.0%, 8=0.0%, 16=0.0%, 32=0.0%, 64=0.0%, >=64=0.0%
     complete  : 0=0.0%, 4=100.0%, 8=0.0%, 16=0.0%, 32=0.0%, 64=0.0%, >=64=0.1%
     issued rwts: total=0,2171546,0,0 short=0,0,0,0 dropped=0,0,0,0
     latency   : target=0, window=0, percentile=100.00%, depth=128

Run status group 0 (all jobs):
  WRITE: bw=1131MiB/s (1186MB/s), 1131MiB/s-1131MiB/s (1186MB/s-1186MB/s), io=66.3GiB (71.2GB), run=60056-60056msec
