randwrite_64k_128_1: (g=0): rw=randwrite, bs=(R) 64.0KiB-64.0KiB, (W) 64.0KiB-64.0KiB, (T) 64.0KiB-64.0KiB, ioengine=io_uring, iodepth=128
fio-3.28
Starting 1 thread

randwrite_64k_128_1: (groupid=0, jobs=1): err= 0: pid=101235: Sat Feb 25 02:51:55 2023
  write: IOPS=29.3k, BW=1829MiB/s (1918MB/s)(107GiB/60004msec); 0 zone resets
    slat (usec): min=10, max=374, avg=17.18, stdev= 3.44
    clat (usec): min=3182, max=9309, avg=4355.49, stdev=440.17
     lat (usec): min=3198, max=9326, avg=4372.82, stdev=440.04
    clat percentiles (usec):
     |  1.00th=[ 3523],  5.00th=[ 3687], 10.00th=[ 3785], 20.00th=[ 3982],
     | 30.00th=[ 4113], 40.00th=[ 4228], 50.00th=[ 4359], 60.00th=[ 4424],
     | 70.00th=[ 4555], 80.00th=[ 4686], 90.00th=[ 4948], 95.00th=[ 5080],
     | 99.00th=[ 5473], 99.50th=[ 5669], 99.90th=[ 6128], 99.95th=[ 6325],
     | 99.99th=[ 7111]
   bw (  MiB/s): min= 1587, max= 2008, per=100.00%, avg=1829.31, stdev=82.51, samples=120
   iops        : min=25392, max=32138, avg=29269.00, stdev=1320.24, samples=120
  lat (msec)   : 4=22.34%, 10=77.66%
  cpu          : usr=17.14%, sys=37.93%, ctx=263563, majf=0, minf=0
  IO depths    : 1=0.0%, 2=0.0%, 4=0.0%, 8=0.0%, 16=0.0%, 32=0.0%, >=64=100.0%
     submit    : 0=0.0%, 4=100.0%, 8=0.0%, 16=0.0%, 32=0.0%, 64=0.0%, >=64=0.0%
     complete  : 0=0.0%, 4=100.0%, 8=0.0%, 16=0.0%, 32=0.0%, 64=0.0%, >=64=0.1%
     issued rwts: total=0,1756037,0,0 short=0,0,0,0 dropped=0,0,0,0
     latency   : target=0, window=0, percentile=100.00%, depth=128

Run status group 0 (all jobs):
  WRITE: bw=1829MiB/s (1918MB/s), 1829MiB/s-1829MiB/s (1918MB/s-1918MB/s), io=107GiB (115GB), run=60004-60004msec
