randwrite_16k_8_1: (g=0): rw=randwrite, bs=(R) 16.0KiB-16.0KiB, (W) 16.0KiB-16.0KiB, (T) 16.0KiB-16.0KiB, ioengine=io_uring, iodepth=8
fio-3.28
Starting 1 thread

randwrite_16k_8_1: (groupid=0, jobs=1): err= 0: pid=100220: Sat Feb 25 02:28:29 2023
  write: IOPS=30.5k, BW=476MiB/s (499MB/s)(27.9GiB/60001msec); 0 zone resets
    slat (usec): min=4, max=409, avg= 7.25, stdev= 1.25
    clat (usec): min=56, max=1375, avg=254.57, stdev=83.21
     lat (usec): min=97, max=1394, avg=261.96, stdev=83.16
    clat percentiles (usec):
     |  1.00th=[  131],  5.00th=[  151], 10.00th=[  163], 20.00th=[  182],
     | 30.00th=[  198], 40.00th=[  215], 50.00th=[  237], 60.00th=[  265],
     | 70.00th=[  293], 80.00th=[  322], 90.00th=[  371], 95.00th=[  416],
     | 99.00th=[  482], 99.50th=[  523], 99.90th=[  644], 99.95th=[  685],
     | 99.99th=[  775]
   bw (  KiB/s): min=404864, max=554400, per=100.00%, avg=487322.47, stdev=33152.38, samples=120
   iops        : min=25304, max=34650, avg=30457.61, stdev=2072.03, samples=120
  lat (usec)   : 100=0.01%, 250=55.55%, 500=43.74%, 750=0.69%, 1000=0.01%
  lat (msec)   : 2=0.01%
  cpu          : usr=6.71%, sys=22.80%, ctx=659674, majf=0, minf=0
  IO depths    : 1=0.0%, 2=0.0%, 4=0.0%, 8=100.0%, 16=0.0%, 32=0.0%, >=64=0.0%
     submit    : 0=0.0%, 4=100.0%, 8=0.0%, 16=0.0%, 32=0.0%, 64=0.0%, >=64=0.0%
     complete  : 0=0.0%, 4=100.0%, 8=0.1%, 16=0.0%, 32=0.0%, 64=0.0%, >=64=0.0%
     issued rwts: total=0,1827242,0,0 short=0,0,0,0 dropped=0,0,0,0
     latency   : target=0, window=0, percentile=100.00%, depth=8

Run status group 0 (all jobs):
  WRITE: bw=476MiB/s (499MB/s), 476MiB/s-476MiB/s (499MB/s-499MB/s), io=27.9GiB (29.9GB), run=60001-60001msec
