randread_1m_8_1: (g=0): rw=randread, bs=(R) 1024KiB-1024KiB, (W) 1024KiB-1024KiB, (T) 1024KiB-1024KiB, ioengine=io_uring, iodepth=8
fio-3.28
Starting 1 thread

randread_1m_8_1: (groupid=0, jobs=1): err= 0: pid=98643: Sat Feb 25 01:50:58 2023
  read: IOPS=2159, BW=2160MiB/s (2265MB/s)(127GiB/60004msec)
    slat (usec): min=86, max=206, avg=112.49, stdev= 6.60
    clat (usec): min=981, max=6277, avg=3589.66, stdev=111.61
     lat (usec): min=1099, max=6387, avg=3702.38, stdev=112.00
    clat percentiles (usec):
     |  1.00th=[ 3425],  5.00th=[ 3458], 10.00th=[ 3490], 20.00th=[ 3523],
     | 30.00th=[ 3556], 40.00th=[ 3589], 50.00th=[ 3621], 60.00th=[ 3621],
     | 70.00th=[ 3621], 80.00th=[ 3654], 90.00th=[ 3687], 95.00th=[ 3720],
     | 99.00th=[ 3752], 99.50th=[ 3818], 99.90th=[ 4228], 99.95th=[ 4293],
     | 99.99th=[ 4555]
   bw (  MiB/s): min= 2088, max= 2234, per=100.00%, avg=2160.25, stdev=40.22, samples=120
   iops        : min= 2088, max= 2234, avg=2160.23, stdev=40.21, samples=120
  lat (usec)   : 1000=0.01%
  lat (msec)   : 2=0.02%, 4=99.62%, 10=0.36%
  cpu          : usr=0.71%, sys=24.97%, ctx=129187, majf=0, minf=0
  IO depths    : 1=0.0%, 2=0.0%, 4=0.0%, 8=100.0%, 16=0.0%, 32=0.0%, >=64=0.0%
     submit    : 0=0.0%, 4=100.0%, 8=0.0%, 16=0.0%, 32=0.0%, 64=0.0%, >=64=0.0%
     complete  : 0=0.0%, 4=100.0%, 8=0.1%, 16=0.0%, 32=0.0%, 64=0.0%, >=64=0.0%
     issued rwts: total=129601,0,0,0 short=0,0,0,0 dropped=0,0,0,0
     latency   : target=0, window=0, percentile=100.00%, depth=8

Run status group 0 (all jobs):
   READ: bw=2160MiB/s (2265MB/s), 2160MiB/s-2160MiB/s (2265MB/s-2265MB/s), io=127GiB (136GB), run=60004-60004msec
