randwrite_1m_4_1: (g=0): rw=randwrite, bs=(R) 1024KiB-1024KiB, (W) 1024KiB-1024KiB, (T) 1024KiB-1024KiB, ioengine=io_uring, iodepth=4
fio-3.28
Starting 1 thread

randwrite_1m_4_1: (groupid=0, jobs=1): err= 0: pid=103367: Sat Feb 25 03:23:34 2023
  write: IOPS=2833, BW=2834MiB/s (2972MB/s)(166GiB/60002msec); 0 zone resets
    slat (usec): min=97, max=396, avg=134.51, stdev=13.32
    clat (usec): min=775, max=3553, avg=1275.50, stdev=220.28
     lat (usec): min=901, max=3667, avg=1410.22, stdev=220.35
    clat percentiles (usec):
     |  1.00th=[  881],  5.00th=[  963], 10.00th=[ 1074], 20.00th=[ 1123],
     | 30.00th=[ 1156], 40.00th=[ 1188], 50.00th=[ 1221], 60.00th=[ 1270],
     | 70.00th=[ 1352], 80.00th=[ 1434], 90.00th=[ 1565], 95.00th=[ 1680],
     | 99.00th=[ 1942], 99.50th=[ 2114], 99.90th=[ 2573], 99.95th=[ 2769],
     | 99.99th=[ 3130]
   bw (  MiB/s): min= 2674, max= 2990, per=100.00%, avg=2834.23, stdev=76.17, samples=120
   iops        : min= 2674, max= 2990, avg=2834.21, stdev=76.17, samples=120
  lat (usec)   : 1000=6.54%
  lat (msec)   : 2=92.68%, 4=0.77%
  cpu          : usr=6.43%, sys=33.01%, ctx=108301, majf=0, minf=0
  IO depths    : 1=0.0%, 2=0.0%, 4=100.0%, 8=0.0%, 16=0.0%, 32=0.0%, >=64=0.0%
     submit    : 0=0.0%, 4=100.0%, 8=0.0%, 16=0.0%, 32=0.0%, 64=0.0%, >=64=0.0%
     complete  : 0=0.0%, 4=100.0%, 8=0.0%, 16=0.0%, 32=0.0%, 64=0.0%, >=64=0.0%
     issued rwts: total=0,170044,0,0 short=0,0,0,0 dropped=0,0,0,0
     latency   : target=0, window=0, percentile=100.00%, depth=4

Run status group 0 (all jobs):
  WRITE: bw=2834MiB/s (2972MB/s), 2834MiB/s-2834MiB/s (2972MB/s-2972MB/s), io=166GiB (178GB), run=60002-60002msec
