randread_16k_8_1: (g=0): rw=randread, bs=(R) 16.0KiB-16.0KiB, (W) 16.0KiB-16.0KiB, (T) 16.0KiB-16.0KiB, ioengine=io_uring, iodepth=8
fio-3.28
Starting 1 thread

randread_16k_8_1: (groupid=0, jobs=1): err= 0: pid=95645: Sat Feb 25 00:54:43 2023
  read: IOPS=30.3k, BW=474MiB/s (497MB/s)(27.8GiB/60001msec)
    slat (nsec): min=4305, max=72238, avg=7010.63, stdev=977.54
    clat (usec): min=79, max=867, avg=255.90, stdev=78.70
     lat (usec): min=87, max=873, avg=263.03, stdev=78.77
    clat percentiles (usec):
     |  1.00th=[  128],  5.00th=[  153], 10.00th=[  167], 20.00th=[  186],
     | 30.00th=[  202], 40.00th=[  221], 50.00th=[  245], 60.00th=[  273],
     | 70.00th=[  293], 80.00th=[  322], 90.00th=[  363], 95.00th=[  404],
     | 99.00th=[  469], 99.50th=[  498], 99.90th=[  570], 99.95th=[  603],
     | 99.99th=[  693]
   bw (  KiB/s): min=415904, max=549856, per=100.00%, avg=485145.32, stdev=28526.57, samples=120
   iops        : min=25994, max=34366, avg=30321.58, stdev=1782.89, samples=120
  lat (usec)   : 100=0.10%, 250=51.79%, 500=47.64%, 750=0.46%, 1000=0.01%
  cpu          : usr=6.53%, sys=23.74%, ctx=884471, majf=0, minf=0
  IO depths    : 1=0.0%, 2=0.0%, 4=0.0%, 8=100.0%, 16=0.0%, 32=0.0%, >=64=0.0%
     submit    : 0=0.0%, 4=100.0%, 8=0.0%, 16=0.0%, 32=0.0%, 64=0.0%, >=64=0.0%
     complete  : 0=0.0%, 4=100.0%, 8=0.1%, 16=0.0%, 32=0.0%, 64=0.0%, >=64=0.0%
     issued rwts: total=1819209,0,0,0 short=0,0,0,0 dropped=0,0,0,0
     latency   : target=0, window=0, percentile=100.00%, depth=8

Run status group 0 (all jobs):
   READ: bw=474MiB/s (497MB/s), 474MiB/s-474MiB/s (497MB/s-497MB/s), io=27.8GiB (29.8GB), run=60001-60001msec
