randwrite_256k_32_1: (g=0): rw=randwrite, bs=(R) 256KiB-256KiB, (W) 256KiB-256KiB, (T) 256KiB-256KiB, ioengine=io_uring, iodepth=32
fio-3.28
Starting 1 thread

randwrite_256k_32_1: (groupid=0, jobs=1): err= 0: pid=102520: Sat Feb 25 03:08:20 2023
  write: IOPS=11.2k, BW=2805MiB/s (2942MB/s)(164GiB/60002msec); 0 zone resets
    slat (usec): min=34, max=198, avg=54.17, stdev=10.65
    clat (usec): min=1547, max=6957, avg=2796.44, stdev=443.05
     lat (usec): min=1598, max=7006, avg=2850.81, stdev=441.85
    clat percentiles (usec):
     |  1.00th=[ 1844],  5.00th=[ 2073], 10.00th=[ 2245], 20.00th=[ 2442],
     | 30.00th=[ 2606], 40.00th=[ 2704], 50.00th=[ 2769], 60.00th=[ 2868],
     | 70.00th=[ 2999], 80.00th=[ 3130], 90.00th=[ 3359], 95.00th=[ 3556],
     | 99.00th=[ 3982], 99.50th=[ 4146], 99.90th=[ 4555], 99.95th=[ 4752],
     | 99.99th=[ 5407]
   bw (  MiB/s): min= 2506, max= 2907, per=100.00%, avg=2805.46, stdev=91.56, samples=120
   iops        : min=10026, max=11628, avg=11221.81, stdev=366.22, samples=120
  lat (msec)   : 2=3.63%, 4=95.46%, 10=0.91%
  cpu          : usr=21.54%, sys=41.67%, ctx=143493, majf=0, minf=0
  IO depths    : 1=0.0%, 2=0.0%, 4=0.0%, 8=0.0%, 16=0.0%, 32=100.0%, >=64=0.0%
     submit    : 0=0.0%, 4=100.0%, 8=0.0%, 16=0.0%, 32=0.0%, 64=0.0%, >=64=0.0%
     complete  : 0=0.0%, 4=100.0%, 8=0.0%, 16=0.0%, 32=0.1%, 64=0.0%, >=64=0.0%
     issued rwts: total=0,673273,0,0 short=0,0,0,0 dropped=0,0,0,0
     latency   : target=0, window=0, percentile=100.00%, depth=32

Run status group 0 (all jobs):
  WRITE: bw=2805MiB/s (2942MB/s), 2805MiB/s-2805MiB/s (2942MB/s-2942MB/s), io=164GiB (177GB), run=60002-60002msec
