randread_16k_2_1: (g=0): rw=randread, bs=(R) 16.0KiB-16.0KiB, (W) 16.0KiB-16.0KiB, (T) 16.0KiB-16.0KiB, ioengine=io_uring, iodepth=2
fio-3.28
Starting 1 thread

randread_16k_2_1: (groupid=0, jobs=1): err= 0: pid=95567: Sat Feb 25 00:52:22 2023
  read: IOPS=11.2k, BW=176MiB/s (184MB/s)(10.3GiB/60001msec)
    slat (nsec): min=4915, max=71744, avg=6820.82, stdev=858.38
    clat (usec): min=73, max=501, avg=170.40, stdev=34.89
     lat (usec): min=80, max=507, avg=177.34, stdev=34.94
    clat percentiles (usec):
     |  1.00th=[  100],  5.00th=[  119], 10.00th=[  129], 20.00th=[  143],
     | 30.00th=[  151], 40.00th=[  159], 50.00th=[  167], 60.00th=[  178],
     | 70.00th=[  184], 80.00th=[  198], 90.00th=[  219], 95.00th=[  225],
     | 99.00th=[  269], 99.50th=[  293], 99.90th=[  314], 99.95th=[  330],
     | 99.99th=[  367]
   bw (  KiB/s): min=141280, max=223520, per=100.00%, avg=179749.77, stdev=18432.23, samples=120
   iops        : min= 8830, max=13970, avg=11234.34, stdev=1152.04, samples=120
  lat (usec)   : 100=0.94%, 250=96.80%, 500=2.25%, 750=0.01%
  cpu          : usr=2.17%, sys=8.87%, ctx=389767, majf=0, minf=0
  IO depths    : 1=0.0%, 2=100.0%, 4=0.0%, 8=0.0%, 16=0.0%, 32=0.0%, >=64=0.0%
     submit    : 0=0.0%, 4=100.0%, 8=0.0%, 16=0.0%, 32=0.0%, 64=0.0%, >=64=0.0%
     complete  : 0=0.0%, 4=100.0%, 8=0.0%, 16=0.0%, 32=0.0%, 64=0.0%, >=64=0.0%
     issued rwts: total=674038,0,0,0 short=0,0,0,0 dropped=0,0,0,0
     latency   : target=0, window=0, percentile=100.00%, depth=2

Run status group 0 (all jobs):
   READ: bw=176MiB/s (184MB/s), 176MiB/s-176MiB/s (184MB/s-184MB/s), io=10.3GiB (11.0GB), run=60001-60001msec
