randwrite_4k_8_1: (g=0): rw=randwrite, bs=(R) 4096B-4096B, (W) 4096B-4096B, (T) 4096B-4096B, ioengine=io_uring, iodepth=8
fio-3.28
Starting 1 thread

randwrite_4k_8_1: (groupid=0, jobs=1): err= 0: pid=99549: Sat Feb 25 02:09:44 2023
  write: IOPS=44.7k, BW=175MiB/s (183MB/s)(10.2GiB/60001msec); 0 zone resets
    slat (nsec): min=3308, max=75227, avg=5478.56, stdev=982.34
    clat (usec): min=46, max=1312, avg=172.60, stdev=62.09
     lat (usec): min=69, max=1318, avg=178.19, stdev=62.02
    clat percentiles (usec):
     |  1.00th=[   86],  5.00th=[   99], 10.00th=[  109], 20.00th=[  121],
     | 30.00th=[  131], 40.00th=[  141], 50.00th=[  153], 60.00th=[  172],
     | 70.00th=[  202], 80.00th=[  229], 90.00th=[  265], 95.00th=[  289],
     | 99.00th=[  347], 99.50th=[  363], 99.90th=[  420], 99.95th=[  449],
     | 99.99th=[  529]
   bw (  KiB/s): min=135288, max=207264, per=100.00%, avg=178882.56, stdev=12335.67, samples=120
   iops        : min=33822, max=51816, avg=44720.61, stdev=3083.91, samples=120
  lat (usec)   : 50=0.01%, 100=5.56%, 250=81.23%, 500=13.19%, 750=0.02%
  lat (usec)   : 1000=0.01%
  lat (msec)   : 2=0.01%
  cpu          : usr=8.59%, sys=26.87%, ctx=1025805, majf=0, minf=0
  IO depths    : 1=0.0%, 2=0.0%, 4=0.0%, 8=100.0%, 16=0.0%, 32=0.0%, >=64=0.0%
     submit    : 0=0.0%, 4=100.0%, 8=0.0%, 16=0.0%, 32=0.0%, 64=0.0%, >=64=0.0%
     complete  : 0=0.0%, 4=100.0%, 8=0.1%, 16=0.0%, 32=0.0%, 64=0.0%, >=64=0.0%
     issued rwts: total=0,2683016,0,0 short=0,0,0,0 dropped=0,0,0,0
     latency   : target=0, window=0, percentile=100.00%, depth=8

Run status group 0 (all jobs):
  WRITE: bw=175MiB/s (183MB/s), 175MiB/s-175MiB/s (183MB/s-183MB/s), io=10.2GiB (11.0GB), run=60001-60001msec
