randread_256k_2_1: (g=0): rw=randread, bs=(R) 256KiB-256KiB, (W) 256KiB-256KiB, (T) 256KiB-256KiB, ioengine=io_uring, iodepth=2
fio-3.28
Starting 1 thread

randread_256k_2_1: (groupid=0, jobs=1): err= 0: pid=97925: Sat Feb 25 01:29:53 2023
  read: IOPS=6230, BW=1558MiB/s (1633MB/s)(91.3GiB/60001msec)
    slat (usec): min=25, max=135, avg=31.55, stdev= 2.18
    clat (usec): min=178, max=783, avg=288.38, stdev=62.70
     lat (usec): min=210, max=815, avg=320.09, stdev=62.77
    clat percentiles (usec):
     |  1.00th=[  206],  5.00th=[  223], 10.00th=[  229], 20.00th=[  235],
     | 30.00th=[  243], 40.00th=[  251], 50.00th=[  273], 60.00th=[  297],
     | 70.00th=[  314], 80.00th=[  334], 90.00th=[  371], 95.00th=[  416],
     | 99.00th=[  478], 99.50th=[  498], 99.90th=[  545], 99.95th=[  578],
     | 99.99th=[  644]
   bw (  MiB/s): min= 1188, max= 1729, per=100.00%, avg=1557.76, stdev=96.76, samples=120
   iops        : min= 4754, max= 6916, avg=6231.05, stdev=387.04, samples=120
  lat (usec)   : 250=39.62%, 500=59.95%, 750=0.43%, 1000=0.01%
  cpu          : usr=1.52%, sys=21.04%, ctx=372887, majf=0, minf=0
  IO depths    : 1=0.0%, 2=100.0%, 4=0.0%, 8=0.0%, 16=0.0%, 32=0.0%, >=64=0.0%
     submit    : 0=0.0%, 4=100.0%, 8=0.0%, 16=0.0%, 32=0.0%, 64=0.0%, >=64=0.0%
     complete  : 0=0.0%, 4=100.0%, 8=0.0%, 16=0.0%, 32=0.0%, 64=0.0%, >=64=0.0%
     issued rwts: total=373846,0,0,0 short=0,0,0,0 dropped=0,0,0,0
     latency   : target=0, window=0, percentile=100.00%, depth=2

Run status group 0 (all jobs):
   READ: bw=1558MiB/s (1633MB/s), 1558MiB/s-1558MiB/s (1633MB/s-1633MB/s), io=91.3GiB (98.0GB), run=60001-60001msec
