"randread_4k_32_1": (g=0): rw=randread, bs=(R) 4096B-4096B, (W) 4096B-4096B, (T) 4096B-4096B, ioengine=io_uring, iodepth=32
fio-3.28
Starting 1 thread

"randread_4k_32_1": (groupid=0, jobs=1): err= 0: pid=85941: Wed Aug  9 01:09:37 2023
  read: IOPS=2924, BW=11.4MiB/s (12.0MB/s)(686MiB/60011msec)
    slat (usec): min=2, max=420, avg= 5.21, stdev= 5.88
    clat (usec): min=7023, max=23475, avg=10935.48, stdev=1148.16
     lat (usec): min=7027, max=23480, avg=10940.86, stdev=1147.98
    clat percentiles (usec):
     |  1.00th=[ 8717],  5.00th=[ 9372], 10.00th=[ 9634], 20.00th=[10028],
     | 30.00th=[10290], 40.00th=[10552], 50.00th=[10814], 60.00th=[11076],
     | 70.00th=[11338], 80.00th=[11731], 90.00th=[12387], 95.00th=[12911],
     | 99.00th=[14484], 99.50th=[15139], 99.90th=[16909], 99.95th=[17957],
     | 99.99th=[21365]
   bw (  KiB/s): min=10920, max=12448, per=100.00%, avg=11699.43, stdev=321.93, samples=120
   iops        : min= 2730, max= 3112, avg=2924.83, stdev=80.48, samples=120
  lat (msec)   : 10=18.95%, 20=81.05%, 50=0.02%
  cpu          : usr=1.10%, sys=2.20%, ctx=144935, majf=0, minf=0
  IO depths    : 1=0.0%, 2=0.0%, 4=0.0%, 8=0.0%, 16=0.0%, 32=100.0%, >=64=0.0%
     submit    : 0=0.0%, 4=100.0%, 8=0.0%, 16=0.0%, 32=0.0%, 64=0.0%, >=64=0.0%
     complete  : 0=0.0%, 4=100.0%, 8=0.0%, 16=0.0%, 32=0.1%, 64=0.0%, >=64=0.0%
     issued rwts: total=175480,0,0,0 short=0,0,0,0 dropped=0,0,0,0
     latency   : target=0, window=0, percentile=100.00%, depth=32

Run status group 0 (all jobs):
   READ: bw=11.4MiB/s (12.0MB/s), 11.4MiB/s-11.4MiB/s (12.0MB/s-12.0MB/s), io=686MiB (719MB), run=60011-60011msec
