"randread_4k_1_1": (g=0): rw=randread, bs=(R) 4096B-4096B, (W) 4096B-4096B, (T) 4096B-4096B, ioengine=io_uring, iodepth=1
fio-3.28
Starting 1 thread

"randread_4k_1_1": (groupid=0, jobs=1): err= 0: pid=89545: Wed Aug  9 02:04:15 2023
  read: IOPS=1937, BW=7748KiB/s (7934kB/s)(454MiB/60001msec)
    slat (usec): min=4, max=203, avg= 6.58, stdev= 4.95
    clat (nsec): min=463, max=11753k, avg=507420.37, stdev=184876.67
     lat (usec): min=101, max=11758, avg=514.23, stdev=184.86
    clat percentiles (usec):
     |  1.00th=[  165],  5.00th=[  227], 10.00th=[  277], 20.00th=[  359],
     | 30.00th=[  412], 40.00th=[  457], 50.00th=[  502], 60.00th=[  537],
     | 70.00th=[  586], 80.00th=[  644], 90.00th=[  742], 95.00th=[  824],
     | 99.00th=[  963], 99.50th=[ 1020], 99.90th=[ 1139], 99.95th=[ 1188],
     | 99.99th=[ 1844]
   bw (  KiB/s): min= 6856, max= 9176, per=100.00%, avg=7748.87, stdev=308.91, samples=120
   iops        : min= 1714, max= 2294, avg=1937.19, stdev=77.23, samples=120
  lat (nsec)   : 500=0.01%, 750=0.01%
  lat (usec)   : 20=0.01%, 50=0.01%, 100=0.01%, 250=7.04%, 500=42.98%
  lat (usec)   : 750=40.76%, 1000=8.58%
  lat (msec)   : 2=0.62%, 4=0.01%, 10=0.01%, 20=0.01%
  cpu          : usr=0.90%, sys=2.03%, ctx=117238, majf=0, minf=0
  IO depths    : 1=100.0%, 2=0.0%, 4=0.0%, 8=0.0%, 16=0.0%, 32=0.0%, >=64=0.0%
     submit    : 0=0.0%, 4=100.0%, 8=0.0%, 16=0.0%, 32=0.0%, 64=0.0%, >=64=0.0%
     complete  : 0=0.0%, 4=100.0%, 8=0.0%, 16=0.0%, 32=0.0%, 64=0.0%, >=64=0.0%
     issued rwts: total=116227,0,0,0 short=0,0,0,0 dropped=0,0,0,0
     latency   : target=0, window=0, percentile=100.00%, depth=1

Run status group 0 (all jobs):
   READ: bw=7748KiB/s (7934kB/s), 7748KiB/s-7748KiB/s (7934kB/s-7934kB/s), io=454MiB (476MB), run=60001-60001msec
