"randwrite_4k_8_1": (g=0): rw=randwrite, bs=(R) 4096B-4096B, (W) 4096B-4096B, (T) 4096B-4096B, ioengine=io_uring, iodepth=8
fio-3.28
Starting 1 thread

"randwrite_4k_8_1": (groupid=0, jobs=1): err= 0: pid=87741: Wed Aug  9 01:34:20 2023
  write: IOPS=197, BW=791KiB/s (810kB/s)(46.4MiB/60010msec); 0 zone resets
    slat (nsec): min=2478, max=47795, avg=11128.43, stdev=5483.19
    clat (usec): min=917, max=57971, avg=40455.21, stdev=6300.35
     lat (usec): min=927, max=57982, avg=40466.68, stdev=6300.66
    clat percentiles (usec):
     |  1.00th=[ 9634],  5.00th=[32375], 10.00th=[36439], 20.00th=[38536],
     | 30.00th=[40109], 40.00th=[40633], 50.00th=[41681], 60.00th=[42206],
     | 70.00th=[43254], 80.00th=[43779], 90.00th=[45351], 95.00th=[46400],
     | 99.00th=[49546], 99.50th=[50594], 99.90th=[52691], 99.95th=[53740],
     | 99.99th=[56886]
   bw (  KiB/s): min=  728, max= 1688, per=99.88%, avg=790.58, stdev=94.12, samples=120
   iops        : min=  182, max=  422, avg=197.63, stdev=23.53, samples=120
  lat (usec)   : 1000=0.01%
  lat (msec)   : 4=0.03%, 10=1.18%, 20=1.81%, 50=96.32%, 100=0.71%
  cpu          : usr=0.20%, sys=0.37%, ctx=11836, majf=0, minf=0
  IO depths    : 1=0.0%, 2=0.0%, 4=0.0%, 8=100.0%, 16=0.0%, 32=0.0%, >=64=0.0%
     submit    : 0=0.0%, 4=100.0%, 8=0.0%, 16=0.0%, 32=0.0%, 64=0.0%, >=64=0.0%
     complete  : 0=0.0%, 4=100.0%, 8=0.1%, 16=0.0%, 32=0.0%, 64=0.0%, >=64=0.0%
     issued rwts: total=0,11859,0,0 short=0,0,0,0 dropped=0,0,0,0
     latency   : target=0, window=0, percentile=100.00%, depth=8

Run status group 0 (all jobs):
  WRITE: bw=791KiB/s (810kB/s), 791KiB/s-791KiB/s (810kB/s-810kB/s), io=46.4MiB (48.6MB), run=60010-60010msec
