"randwrite_4k_16_1": (g=0): rw=randwrite, bs=(R) 4096B-4096B, (W) 4096B-4096B, (T) 4096B-4096B, ioengine=io_uring, iodepth=16
fio-3.28
Starting 1 thread

"randwrite_4k_16_1": (groupid=0, jobs=1): err= 0: pid=87831: Wed Aug  9 01:35:32 2023
  write: IOPS=213, BW=855KiB/s (875kB/s)(50.1MiB/60065msec); 0 zone resets
    slat (usec): min=2, max=202, avg=10.82, stdev= 6.65
    clat (msec): min=11, max=141, avg=74.90, stdev=17.00
     lat (msec): min=11, max=141, avg=74.92, stdev=17.00
    clat percentiles (msec):
     |  1.00th=[   24],  5.00th=[   34], 10.00th=[   43], 20.00th=[   70],
     | 30.00th=[   78], 40.00th=[   81], 50.00th=[   82], 60.00th=[   84],
     | 70.00th=[   85], 80.00th=[   86], 90.00th=[   88], 95.00th=[   89],
     | 99.00th=[   92], 99.50th=[   94], 99.90th=[   97], 99.95th=[  111],
     | 99.99th=[  136]
   bw (  KiB/s): min=  736, max= 1680, per=99.91%, avg=854.66, stdev=217.62, samples=120
   iops        : min=  184, max=  420, avg=213.65, stdev=54.40, samples=120
  lat (msec)   : 20=0.28%, 50=13.04%, 100=86.72%, 250=0.07%
  cpu          : usr=0.20%, sys=0.39%, ctx=12593, majf=0, minf=0
  IO depths    : 1=0.0%, 2=0.0%, 4=0.0%, 8=0.0%, 16=100.0%, 32=0.0%, >=64=0.0%
     submit    : 0=0.0%, 4=100.0%, 8=0.0%, 16=0.0%, 32=0.0%, 64=0.0%, >=64=0.0%
     complete  : 0=0.0%, 4=100.0%, 8=0.0%, 16=0.1%, 32=0.0%, 64=0.0%, >=64=0.0%
     issued rwts: total=0,12820,0,0 short=0,0,0,0 dropped=0,0,0,0
     latency   : target=0, window=0, percentile=100.00%, depth=16

Run status group 0 (all jobs):
  WRITE: bw=855KiB/s (875kB/s), 855KiB/s-855KiB/s (875kB/s-875kB/s), io=50.1MiB (52.6MB), run=60065-60065msec
