"randwrite_16k_32_1": (g=0): rw=randwrite, bs=(R) 16.0KiB-16.0KiB, (W) 16.0KiB-16.0KiB, (T) 16.0KiB-16.0KiB, ioengine=io_uring, iodepth=32
fio-3.28
Starting 1 thread

"randwrite_16k_32_1": (groupid=0, jobs=1): err= 0: pid=88587: Wed Aug  9 01:46:50 2023
  write: IOPS=388, BW=6231KiB/s (6381kB/s)(366MiB/60160msec); 0 zone resets
    slat (usec): min=3, max=481, avg=10.93, stdev=15.15
    clat (usec): min=804, max=320099, avg=82151.63, stdev=62741.75
     lat (usec): min=823, max=320105, avg=82162.85, stdev=62744.72
    clat percentiles (usec):
     |  1.00th=[  1958],  5.00th=[  6390], 10.00th=[  6783], 20.00th=[  7308],
     | 30.00th=[  7832], 40.00th=[ 71828], 50.00th=[ 86508], 60.00th=[102237],
     | 70.00th=[126354], 80.00th=[156238], 90.00th=[166724], 95.00th=[168821],
     | 99.00th=[173016], 99.50th=[175113], 99.90th=[200279], 99.95th=[263193],
     | 99.99th=[308282]
   bw (  KiB/s): min= 2976, max=75168, per=100.00%, avg=6240.83, stdev=11407.59, samples=120
   iops        : min=  186, max= 4698, avg=390.03, stdev=712.97, samples=120
  lat (usec)   : 1000=0.09%
  lat (msec)   : 2=0.92%, 4=0.21%, 10=33.53%, 20=0.08%, 50=0.26%
  lat (msec)   : 100=23.96%, 250=41.02%, 500=0.06%
  cpu          : usr=0.36%, sys=0.48%, ctx=22433, majf=0, minf=0
  IO depths    : 1=0.0%, 2=0.0%, 4=0.0%, 8=0.0%, 16=0.0%, 32=100.0%, >=64=0.0%
     submit    : 0=0.0%, 4=100.0%, 8=0.0%, 16=0.0%, 32=0.0%, 64=0.0%, >=64=0.0%
     complete  : 0=0.0%, 4=100.0%, 8=0.0%, 16=0.0%, 32=0.1%, 64=0.0%, >=64=0.0%
     issued rwts: total=0,23398,0,0 short=0,0,0,0 dropped=0,0,0,0
     latency   : target=0, window=0, percentile=100.00%, depth=32

Run status group 0 (all jobs):
  WRITE: bw=6231KiB/s (6381kB/s), 6231KiB/s-6231KiB/s (6381kB/s-6381kB/s), io=366MiB (384MB), run=60160-60160msec
