"randread_4k_2_1": (g=0): rw=randread, bs=(R) 4096B-4096B, (W) 4096B-4096B, (T) 4096B-4096B, ioengine=io_uring, iodepth=2
fio-3.28
Starting 1 thread

"randread_4k_2_1": (groupid=0, jobs=1): err= 0: pid=85559: Wed Aug  9 01:04:50 2023
  read: IOPS=2688, BW=10.5MiB/s (11.0MB/s)(630MiB/60001msec)
    slat (usec): min=2, max=438, avg= 4.91, stdev= 4.37
    clat (nsec): min=392, max=16123k, avg=737307.18, stdev=287231.91
     lat (usec): min=104, max=16126, avg=742.39, stdev=287.10
    clat percentiles (usec):
     |  1.00th=[  217],  5.00th=[  306], 10.00th=[  379], 20.00th=[  490],
     | 30.00th=[  570], 40.00th=[  644], 50.00th=[  717], 60.00th=[  791],
     | 70.00th=[  881], 80.00th=[  979], 90.00th=[ 1106], 95.00th=[ 1221],
     | 99.00th=[ 1418], 99.50th=[ 1500], 99.90th=[ 1663], 99.95th=[ 1729],
     | 99.99th=[ 3097]
   bw (  KiB/s): min= 8880, max=11680, per=100.00%, avg=10753.29, stdev=467.14, samples=120
   iops        : min= 2220, max= 2920, avg=2688.32, stdev=116.78, samples=120
  lat (nsec)   : 500=0.01%
  lat (usec)   : 50=0.01%, 100=0.01%, 250=2.14%, 500=19.22%, 750=32.87%
  lat (usec)   : 1000=27.84%
  lat (msec)   : 2=17.91%, 4=0.02%, 10=0.01%, 20=0.01%
  cpu          : usr=1.16%, sys=1.91%, ctx=148228, majf=0, minf=0
  IO depths    : 1=0.0%, 2=100.0%, 4=0.0%, 8=0.0%, 16=0.0%, 32=0.0%, >=64=0.0%
     submit    : 0=0.0%, 4=100.0%, 8=0.0%, 16=0.0%, 32=0.0%, 64=0.0%, >=64=0.0%
     complete  : 0=0.0%, 4=100.0%, 8=0.0%, 16=0.0%, 32=0.0%, 64=0.0%, >=64=0.0%
     issued rwts: total=161289,0,0,0 short=0,0,0,0 dropped=0,0,0,0
     latency   : target=0, window=0, percentile=100.00%, depth=2

Run status group 0 (all jobs):
   READ: bw=10.5MiB/s (11.0MB/s), 10.5MiB/s-10.5MiB/s (11.0MB/s-11.0MB/s), io=630MiB (661MB), run=60001-60001msec
