"randwrite_64k_16_1": (g=0): rw=randwrite, bs=(R) 64.0KiB-64.0KiB, (W) 64.0KiB-64.0KiB, (T) 64.0KiB-64.0KiB, ioengine=io_uring, iodepth=16
fio-3.28
Starting 1 thread

"randwrite_64k_16_1": (groupid=0, jobs=1): err= 0: pid=89158: Wed Aug  9 01:55:55 2023
  write: IOPS=254, BW=15.9MiB/s (16.7MB/s)(954MiB/60031msec); 0 zone resets
    slat (usec): min=6, max=216, avg=17.96, stdev= 9.42
    clat (msec): min=13, max=100, avg=62.93, stdev=19.83
     lat (msec): min=13, max=100, avg=62.95, stdev=19.83
    clat percentiles (msec):
     |  1.00th=[   22],  5.00th=[   29], 10.00th=[   35], 20.00th=[   43],
     | 30.00th=[   54], 40.00th=[   58], 50.00th=[   62], 60.00th=[   74],
     | 70.00th=[   82], 80.00th=[   84], 90.00th=[   87], 95.00th=[   89],
     | 99.00th=[   93], 99.50th=[   94], 99.90th=[   97], 99.95th=[  100],
     | 99.99th=[  101]
   bw (  KiB/s): min=11264, max=30720, per=99.95%, avg=16257.68, stdev=5059.87, samples=120
   iops        : min=  176, max=  480, avg=254.00, stdev=79.05, samples=120
  lat (msec)   : 20=0.58%, 50=26.14%, 100=73.28%, 250=0.01%
  cpu          : usr=0.29%, sys=0.56%, ctx=14955, majf=0, minf=0
  IO depths    : 1=0.0%, 2=0.1%, 4=0.1%, 8=0.1%, 16=99.9%, 32=0.0%, >=64=0.0%
     submit    : 0=0.0%, 4=100.0%, 8=0.0%, 16=0.0%, 32=0.0%, 64=0.0%, >=64=0.0%
     complete  : 0=0.0%, 4=100.0%, 8=0.0%, 16=0.1%, 32=0.0%, 64=0.0%, >=64=0.0%
     issued rwts: total=0,15255,0,0 short=0,0,0,0 dropped=0,0,0,0
     latency   : target=0, window=0, percentile=100.00%, depth=16

Run status group 0 (all jobs):
  WRITE: bw=15.9MiB/s (16.7MB/s), 15.9MiB/s-15.9MiB/s (16.7MB/s-16.7MB/s), io=954MiB (1000MB), run=60031-60031msec
