"randwrite_16k_8_1": (g=0): rw=randwrite, bs=(R) 16.0KiB-16.0KiB, (W) 16.0KiB-16.0KiB, (T) 16.0KiB-16.0KiB, ioengine=io_uring, iodepth=8
fio-3.28
Starting 1 thread

"randwrite_16k_8_1": (groupid=0, jobs=1): err= 0: pid=88400: Wed Aug  9 01:44:00 2023
  write: IOPS=201, BW=3229KiB/s (3306kB/s)(189MiB/60017msec); 0 zone resets
    slat (usec): min=3, max=240, avg=13.84, stdev= 7.96
    clat (usec): min=2887, max=76036, avg=39633.36, stdev=6661.21
     lat (usec): min=2893, max=76057, avg=39647.57, stdev=6661.82
    clat percentiles (usec):
     |  1.00th=[10028],  5.00th=[25035], 10.00th=[34866], 20.00th=[38011],
     | 30.00th=[39584], 40.00th=[40109], 50.00th=[41157], 60.00th=[41681],
     | 70.00th=[42730], 80.00th=[43254], 90.00th=[44303], 95.00th=[45351],
     | 99.00th=[48497], 99.50th=[49546], 99.90th=[56361], 99.95th=[66847],
     | 99.99th=[72877]
   bw (  KiB/s): min= 2816, max= 5344, per=99.97%, avg=3228.04, stdev=375.52, samples=120
   iops        : min=  176, max=  334, avg=201.73, stdev=23.47, samples=120
  lat (msec)   : 4=0.02%, 10=1.00%, 20=2.55%, 50=96.14%, 100=0.35%
  cpu          : usr=0.21%, sys=0.44%, ctx=12106, majf=0, minf=0
  IO depths    : 1=0.0%, 2=0.0%, 4=0.0%, 8=100.0%, 16=0.0%, 32=0.0%, >=64=0.0%
     submit    : 0=0.0%, 4=100.0%, 8=0.0%, 16=0.0%, 32=0.0%, 64=0.0%, >=64=0.0%
     complete  : 0=0.0%, 4=100.0%, 8=0.1%, 16=0.0%, 32=0.0%, 64=0.0%, >=64=0.0%
     issued rwts: total=0,12105,0,0 short=0,0,0,0 dropped=0,0,0,0
     latency   : target=0, window=0, percentile=100.00%, depth=8

Run status group 0 (all jobs):
  WRITE: bw=3229KiB/s (3306kB/s), 3229KiB/s-3229KiB/s (3306kB/s-3306kB/s), io=189MiB (198MB), run=60017-60017msec
