"randwrite_16k_16_1": (g=0): rw=randwrite, bs=(R) 16.0KiB-16.0KiB, (W) 16.0KiB-16.0KiB, (T) 16.0KiB-16.0KiB, ioengine=io_uring, iodepth=16
fio-3.28
Starting 1 thread

"randwrite_16k_16_1": (groupid=0, jobs=1): err= 0: pid=88492: Wed Aug  9 01:45:11 2023
  write: IOPS=434, BW=6960KiB/s (7127kB/s)(408MiB/60026msec); 0 zone resets
    slat (usec): min=3, max=485, avg=12.77, stdev=13.26
    clat (usec): min=2082, max=95125, avg=36772.87, stdev=15488.16
     lat (usec): min=2090, max=95140, avg=36785.97, stdev=15487.63
    clat percentiles (usec):
     |  1.00th=[ 7701],  5.00th=[15795], 10.00th=[22152], 20.00th=[27919],
     | 30.00th=[29492], 40.00th=[30802], 50.00th=[31851], 60.00th=[33424],
     | 70.00th=[38536], 80.00th=[47973], 90.00th=[60556], 95.00th=[70779],
     | 99.00th=[82314], 99.50th=[84411], 99.90th=[88605], 99.95th=[89654],
     | 99.99th=[92799]
   bw (  KiB/s): min= 3872, max=15102, per=99.98%, avg=6959.69, stdev=2125.81, samples=120
   iops        : min=  242, max=  943, avg=434.96, stdev=132.85, samples=120
  lat (msec)   : 4=0.16%, 10=1.39%, 20=6.53%, 50=73.67%, 100=18.31%
  cpu          : usr=0.47%, sys=0.70%, ctx=24732, majf=0, minf=0
  IO depths    : 1=0.0%, 2=0.0%, 4=0.0%, 8=0.0%, 16=100.0%, 32=0.0%, >=64=0.0%
     submit    : 0=0.0%, 4=100.0%, 8=0.0%, 16=0.0%, 32=0.0%, 64=0.0%, >=64=0.0%
     complete  : 0=0.0%, 4=100.0%, 8=0.0%, 16=0.1%, 32=0.0%, 64=0.0%, >=64=0.0%
     issued rwts: total=0,26097,0,0 short=0,0,0,0 dropped=0,0,0,0
     latency   : target=0, window=0, percentile=100.00%, depth=16

Run status group 0 (all jobs):
  WRITE: bw=6960KiB/s (7127kB/s), 6960KiB/s-6960KiB/s (7127kB/s-7127kB/s), io=408MiB (428MB), run=60026-60026msec
