"randread_64k_16_1": (g=0): rw=randread, bs=(R) 64.0KiB-64.0KiB, (W) 64.0KiB-64.0KiB, (T) 64.0KiB-64.0KiB, ioengine=io_uring, iodepth=16
fio-3.28
Starting 1 thread

"randread_64k_16_1": (groupid=0, jobs=1): err= 0: pid=87173: Wed Aug  9 01:26:10 2023
  read: IOPS=2657, BW=166MiB/s (174MB/s)(9966MiB/60007msec)
    slat (usec): min=5, max=318, avg=10.00, stdev= 7.28
    clat (usec): min=544, max=23055, avg=6008.98, stdev=1595.49
     lat (usec): min=657, max=23063, avg=6019.21, stdev=1595.59
    clat percentiles (usec):
     |  1.00th=[ 3720],  5.00th=[ 4146], 10.00th=[ 4424], 20.00th=[ 4752],
     | 30.00th=[ 5014], 40.00th=[ 5276], 50.00th=[ 5604], 60.00th=[ 5932],
     | 70.00th=[ 6390], 80.00th=[ 7177], 90.00th=[ 8356], 95.00th=[ 9372],
     | 99.00th=[10945], 99.50th=[11338], 99.90th=[12649], 99.95th=[13173],
     | 99.99th=[15926]
   bw (  KiB/s): min=117376, max=216064, per=100.00%, avg=170085.32, stdev=29157.34, samples=120
   iops        : min= 1834, max= 3376, avg=2657.56, stdev=455.58, samples=120
  lat (usec)   : 750=0.01%
  lat (msec)   : 2=0.01%, 4=2.97%, 10=94.28%, 20=2.75%, 50=0.01%
  cpu          : usr=1.19%, sys=3.14%, ctx=165513, majf=0, minf=240
  IO depths    : 1=0.0%, 2=0.1%, 4=0.1%, 8=0.1%, 16=100.0%, 32=0.0%, >=64=0.0%
     submit    : 0=0.0%, 4=100.0%, 8=0.0%, 16=0.0%, 32=0.0%, 64=0.0%, >=64=0.0%
     complete  : 0=0.0%, 4=100.0%, 8=0.0%, 16=0.1%, 32=0.0%, 64=0.0%, >=64=0.0%
     issued rwts: total=159456,0,0,0 short=0,0,0,0 dropped=0,0,0,0
     latency   : target=0, window=0, percentile=100.00%, depth=16

Run status group 0 (all jobs):
   READ: bw=166MiB/s (174MB/s), 166MiB/s-166MiB/s (174MB/s-174MB/s), io=9966MiB (10.5GB), run=60007-60007msec
