"randwrite_64k_16_1": (g=0): rw=randwrite, bs=(R) 64.0KiB-64.0KiB, (W) 64.0KiB-64.0KiB, (T) 64.0KiB-64.0KiB, ioengine=io_uring, iodepth=16
fio-3.28
Starting 1 thread

"randwrite_64k_16_1": (groupid=0, jobs=1): err= 0: pid=89154: Wed Aug  9 01:55:54 2023
  write: IOPS=254, BW=15.9MiB/s (16.7MB/s)(954MiB/60033msec); 0 zone resets
    slat (usec): min=6, max=252, avg=18.32, stdev=10.21
    clat (msec): min=6, max=100, avg=62.89, stdev=19.90
     lat (msec): min=6, max=100, avg=62.90, stdev=19.90
    clat percentiles (msec):
     |  1.00th=[   22],  5.00th=[   29], 10.00th=[   34], 20.00th=[   43],
     | 30.00th=[   54], 40.00th=[   59], 50.00th=[   62], 60.00th=[   74],
     | 70.00th=[   82], 80.00th=[   84], 90.00th=[   87], 95.00th=[   89],
     | 99.00th=[   92], 99.50th=[   94], 99.90th=[   97], 99.95th=[   99],
     | 99.99th=[  101]
   bw (  KiB/s): min=11264, max=30592, per=99.96%, avg=16270.92, stdev=5068.01, samples=120
   iops        : min=  176, max=  478, avg=254.20, stdev=79.18, samples=120
  lat (msec)   : 10=0.01%, 20=0.64%, 50=26.16%, 100=73.20%, 250=0.01%
  cpu          : usr=0.25%, sys=0.60%, ctx=14997, majf=0, minf=0
  IO depths    : 1=0.0%, 2=0.1%, 4=0.1%, 8=0.1%, 16=99.9%, 32=0.0%, >=64=0.0%
     submit    : 0=0.0%, 4=100.0%, 8=0.0%, 16=0.0%, 32=0.0%, 64=0.0%, >=64=0.0%
     complete  : 0=0.0%, 4=100.0%, 8=0.0%, 16=0.1%, 32=0.0%, 64=0.0%, >=64=0.0%
     issued rwts: total=0,15267,0,0 short=0,0,0,0 dropped=0,0,0,0
     latency   : target=0, window=0, percentile=100.00%, depth=16

Run status group 0 (all jobs):
  WRITE: bw=15.9MiB/s (16.7MB/s), 15.9MiB/s-15.9MiB/s (16.7MB/s-16.7MB/s), io=954MiB (1001MB), run=60033-60033msec
