"randwrite_16k_32_1": (g=0): rw=randwrite, bs=(R) 16.0KiB-16.0KiB, (W) 16.0KiB-16.0KiB, (T) 16.0KiB-16.0KiB, ioengine=io_uring, iodepth=32
fio-3.28
Starting 1 thread

"randwrite_16k_32_1": (groupid=0, jobs=1): err= 0: pid=88592: Wed Aug  9 01:46:52 2023
  write: IOPS=260, BW=4164KiB/s (4263kB/s)(244MiB/60122msec); 0 zone resets
    slat (usec): min=3, max=284, avg=11.74, stdev= 8.04
    clat (msec): min=31, max=261, avg=122.95, stdev=37.09
     lat (msec): min=31, max=261, avg=122.96, stdev=37.09
    clat percentiles (msec):
     |  1.00th=[   57],  5.00th=[   68], 10.00th=[   75], 20.00th=[   85],
     | 30.00th=[   94], 40.00th=[  105], 50.00th=[  123], 60.00th=[  146],
     | 70.00th=[  157], 80.00th=[  165], 90.00th=[  169], 95.00th=[  171],
     | 99.00th=[  176], 99.50th=[  176], 99.90th=[  190], 99.95th=[  228],
     | 99.99th=[  255]
   bw (  KiB/s): min= 2885, max= 6464, per=99.99%, avg=4163.81, stdev=1148.11, samples=120
   iops        : min=  180, max=  404, avg=260.22, stdev=71.76, samples=120
  lat (msec)   : 50=0.23%, 100=35.82%, 250=63.94%, 500=0.02%
  cpu          : usr=0.22%, sys=0.48%, ctx=14857, majf=0, minf=0
  IO depths    : 1=0.0%, 2=0.1%, 4=0.1%, 8=0.1%, 16=0.1%, 32=99.8%, >=64=0.0%
     submit    : 0=0.0%, 4=100.0%, 8=0.0%, 16=0.0%, 32=0.0%, 64=0.0%, >=64=0.0%
     complete  : 0=0.0%, 4=100.0%, 8=0.0%, 16=0.0%, 32=0.1%, 64=0.0%, >=64=0.0%
     issued rwts: total=0,15644,0,0 short=0,0,0,0 dropped=0,0,0,0
     latency   : target=0, window=0, percentile=100.00%, depth=32

Run status group 0 (all jobs):
  WRITE: bw=4164KiB/s (4263kB/s), 4164KiB/s-4164KiB/s (4263kB/s-4263kB/s), io=244MiB (256MB), run=60122-60122msec
