"randwrite_64k_8_1": (g=0): rw=randwrite, bs=(R) 64.0KiB-64.0KiB, (W) 64.0KiB-64.0KiB, (T) 64.0KiB-64.0KiB, ioengine=io_uring, iodepth=8
fio-3.28
Starting 1 thread

"randwrite_64k_8_1": (groupid=0, jobs=1): err= 0: pid=89061: Wed Aug  9 01:54:28 2023
  write: IOPS=238, BW=14.9MiB/s (15.7MB/s)(897MiB/60022msec); 0 zone resets
    slat (usec): min=6, max=220, avg=17.39, stdev=10.25
    clat (usec): min=2639, max=56800, avg=33448.20, stdev=11996.15
     lat (usec): min=2649, max=56828, avg=33465.93, stdev=11998.30
    clat percentiles (usec):
     |  1.00th=[ 6259],  5.00th=[ 9896], 10.00th=[12780], 20.00th=[19792],
     | 30.00th=[28967], 40.00th=[36439], 50.00th=[39060], 60.00th=[40633],
     | 70.00th=[41681], 80.00th=[42730], 90.00th=[44303], 95.00th=[45351],
     | 99.00th=[48497], 99.50th=[49546], 99.90th=[52167], 99.95th=[53740],
     | 99.99th=[55837]
   bw (  KiB/s): min=11520, max=31360, per=99.99%, avg=15296.40, stdev=5240.33, samples=120
   iops        : min=  180, max=  490, avg=238.98, stdev=81.87, samples=120
  lat (msec)   : 4=0.11%, 10=5.18%, 20=14.96%, 50=79.50%, 100=0.29%
  cpu          : usr=0.23%, sys=0.54%, ctx=13974, majf=0, minf=0
  IO depths    : 1=0.0%, 2=0.0%, 4=0.0%, 8=100.0%, 16=0.0%, 32=0.0%, >=64=0.0%
     submit    : 0=0.0%, 4=100.0%, 8=0.0%, 16=0.0%, 32=0.0%, 64=0.0%, >=64=0.0%
     complete  : 0=0.0%, 4=100.0%, 8=0.1%, 16=0.0%, 32=0.0%, 64=0.0%, >=64=0.0%
     issued rwts: total=0,14340,0,0 short=0,0,0,0 dropped=0,0,0,0
     latency   : target=0, window=0, percentile=100.00%, depth=8

Run status group 0 (all jobs):
  WRITE: bw=14.9MiB/s (15.7MB/s), 14.9MiB/s-14.9MiB/s (15.7MB/s-15.7MB/s), io=897MiB (940MB), run=60022-60022msec
