"randread_64k_32_1": (g=0): rw=randread, bs=(R) 64.0KiB-64.0KiB, (W) 64.0KiB-64.0KiB, (T) 64.0KiB-64.0KiB, ioengine=io_uring, iodepth=32
fio-3.28
Starting 1 thread

"randread_64k_32_1": (groupid=0, jobs=1): err= 0: pid=87268: Wed Aug  9 01:28:22 2023
  read: IOPS=2167, BW=136MiB/s (142MB/s)(8132MiB/60014msec)
    slat (usec): min=5, max=338, avg= 9.24, stdev= 3.82
    clat (usec): min=871, max=44183, avg=14748.54, stdev=3318.45
     lat (usec): min=923, max=44192, avg=14757.96, stdev=3318.48
    clat percentiles (usec):
     |  1.00th=[10028],  5.00th=[10683], 10.00th=[11076], 20.00th=[11600],
     | 30.00th=[12125], 40.00th=[12649], 50.00th=[13829], 60.00th=[15664],
     | 70.00th=[16909], 80.00th=[18220], 90.00th=[19530], 95.00th=[20317],
     | 99.00th=[21890], 99.50th=[22414], 99.90th=[23725], 99.95th=[24511],
     | 99.99th=[40633]
   bw (  KiB/s): min=102656, max=177664, per=100.00%, avg=138757.77, stdev=24647.57, samples=120
   iops        : min= 1604, max= 2776, avg=2168.08, stdev=385.11, samples=120
  lat (usec)   : 1000=0.01%
  lat (msec)   : 2=0.01%, 4=0.01%, 10=0.75%, 20=91.98%, 50=7.25%
  cpu          : usr=0.84%, sys=2.72%, ctx=130475, majf=0, minf=496
  IO depths    : 1=0.0%, 2=0.1%, 4=0.1%, 8=0.1%, 16=0.1%, 32=100.0%, >=64=0.0%
     submit    : 0=0.0%, 4=100.0%, 8=0.0%, 16=0.0%, 32=0.0%, 64=0.0%, >=64=0.0%
     complete  : 0=0.0%, 4=100.0%, 8=0.0%, 16=0.0%, 32=0.1%, 64=0.0%, >=64=0.0%
     issued rwts: total=130110,0,0,0 short=0,0,0,0 dropped=0,0,0,0
     latency   : target=0, window=0, percentile=100.00%, depth=32

Run status group 0 (all jobs):
   READ: bw=136MiB/s (142MB/s), 136MiB/s-136MiB/s (142MB/s-142MB/s), io=8132MiB (8527MB), run=60014-60014msec
