"randread_4k_2_1": (g=0): rw=randread, bs=(R) 4096B-4096B, (W) 4096B-4096B, (T) 4096B-4096B, ioengine=io_uring, iodepth=2
fio-3.28
Starting 1 thread

"randread_4k_2_1": (groupid=0, jobs=1): err= 0: pid=85564: Wed Aug  9 01:04:50 2023
  read: IOPS=2688, BW=10.5MiB/s (11.0MB/s)(630MiB/60001msec)
    slat (usec): min=2, max=230, avg= 4.92, stdev= 4.26
    clat (nsec): min=366, max=16192k, avg=737253.71, stdev=287093.61
     lat (usec): min=117, max=16196, avg=742.35, stdev=286.96
    clat percentiles (usec):
     |  1.00th=[  219],  5.00th=[  306], 10.00th=[  379], 20.00th=[  486],
     | 30.00th=[  570], 40.00th=[  644], 50.00th=[  717], 60.00th=[  791],
     | 70.00th=[  881], 80.00th=[  971], 90.00th=[ 1106], 95.00th=[ 1221],
     | 99.00th=[ 1418], 99.50th=[ 1500], 99.90th=[ 1663], 99.95th=[ 1745],
     | 99.99th=[ 3032]
   bw (  KiB/s): min= 8872, max=11680, per=100.00%, avg=10753.23, stdev=467.10, samples=120
   iops        : min= 2218, max= 2920, avg=2688.30, stdev=116.77, samples=120
  lat (nsec)   : 500=0.01%
  lat (usec)   : 100=0.01%, 250=2.08%, 500=19.36%, 750=32.78%, 1000=28.03%
  lat (msec)   : 2=17.73%, 4=0.01%, 10=0.01%, 20=0.01%
  cpu          : usr=1.16%, sys=1.90%, ctx=147727, majf=0, minf=0
  IO depths    : 1=0.0%, 2=100.0%, 4=0.0%, 8=0.0%, 16=0.0%, 32=0.0%, >=64=0.0%
     submit    : 0=0.0%, 4=100.0%, 8=0.0%, 16=0.0%, 32=0.0%, 64=0.0%, >=64=0.0%
     complete  : 0=0.0%, 4=100.0%, 8=0.0%, 16=0.0%, 32=0.0%, 64=0.0%, >=64=0.0%
     issued rwts: total=161291,0,0,0 short=0,0,0,0 dropped=0,0,0,0
     latency   : target=0, window=0, percentile=100.00%, depth=2

Run status group 0 (all jobs):
   READ: bw=10.5MiB/s (11.0MB/s), 10.5MiB/s-10.5MiB/s (11.0MB/s-11.0MB/s), io=630MiB (661MB), run=60001-60001msec
