"randwrite_16k_4_1": (g=0): rw=randwrite, bs=(R) 16.0KiB-16.0KiB, (W) 16.0KiB-16.0KiB, (T) 16.0KiB-16.0KiB, ioengine=io_uring, iodepth=4
fio-3.28
Starting 1 thread

"randwrite_16k_4_1": (groupid=0, jobs=1): err= 0: pid=88301: Wed Aug  9 01:42:48 2023
  write: IOPS=339, BW=5427KiB/s (5557kB/s)(318MiB/60007msec); 0 zone resets
    slat (usec): min=3, max=213, avg= 9.37, stdev= 6.27
    clat (usec): min=834, max=63010, avg=11780.62, stdev=3273.38
     lat (usec): min=840, max=63015, avg=11790.27, stdev=3273.68
    clat percentiles (usec):
     |  1.00th=[ 1500],  5.00th=[ 5735], 10.00th=[ 8586], 20.00th=[10683],
     | 30.00th=[11469], 40.00th=[11863], 50.00th=[12256], 60.00th=[12649],
     | 70.00th=[12911], 80.00th=[13173], 90.00th=[13698], 95.00th=[14091],
     | 99.00th=[19792], 99.50th=[28181], 99.90th=[38536], 99.95th=[45876],
     | 99.99th=[62129]
   bw (  KiB/s): min= 4328, max= 7968, per=100.00%, avg=5427.17, stdev=721.89, samples=120
   iops        : min=  270, max=  498, avg=339.17, stdev=45.12, samples=120
  lat (usec)   : 1000=0.07%
  lat (msec)   : 2=1.47%, 4=1.70%, 10=11.59%, 20=84.22%, 50=0.92%
  lat (msec)   : 100=0.04%
  cpu          : usr=0.25%, sys=0.46%, ctx=20123, majf=0, minf=0
  IO depths    : 1=0.0%, 2=0.0%, 4=100.0%, 8=0.0%, 16=0.0%, 32=0.0%, >=64=0.0%
     submit    : 0=0.0%, 4=100.0%, 8=0.0%, 16=0.0%, 32=0.0%, 64=0.0%, >=64=0.0%
     complete  : 0=0.0%, 4=100.0%, 8=0.0%, 16=0.0%, 32=0.0%, 64=0.0%, >=64=0.0%
     issued rwts: total=0,20351,0,0 short=0,0,0,0 dropped=0,0,0,0
     latency   : target=0, window=0, percentile=100.00%, depth=4

Run status group 0 (all jobs):
  WRITE: bw=5427KiB/s (5557kB/s), 5427KiB/s-5427KiB/s (5557kB/s-5557kB/s), io=318MiB (333MB), run=60007-60007msec
