"randwrite_64k_4_1": (g=0): rw=randwrite, bs=(R) 64.0KiB-64.0KiB, (W) 64.0KiB-64.0KiB, (T) 64.0KiB-64.0KiB, ioengine=io_uring, iodepth=4
fio-3.28
Starting 1 thread

"randwrite_64k_4_1": (groupid=0, jobs=1): err= 0: pid=88968: Wed Aug  9 01:53:16 2023
  write: IOPS=407, BW=25.5MiB/s (26.7MB/s)(1529MiB/60002msec); 0 zone resets
    slat (usec): min=6, max=203, avg=11.53, stdev= 5.40
    clat (usec): min=1040, max=52510, avg=9798.98, stdev=3302.55
     lat (usec): min=1054, max=52520, avg=9810.73, stdev=3302.63
    clat percentiles (usec):
     |  1.00th=[ 1844],  5.00th=[ 3556], 10.00th=[ 5145], 20.00th=[ 7177],
     | 30.00th=[ 8717], 40.00th=[ 9896], 50.00th=[10683], 60.00th=[11207],
     | 70.00th=[11731], 80.00th=[12256], 90.00th=[12780], 95.00th=[13173],
     | 99.00th=[14091], 99.50th=[15401], 99.90th=[38011], 99.95th=[46924],
     | 99.99th=[51643]
   bw (  KiB/s): min=17536, max=40576, per=99.99%, avg=26086.36, stdev=5663.84, samples=120
   iops        : min=  274, max=  634, avg=407.57, stdev=88.50, samples=120
  lat (msec)   : 2=1.37%, 4=4.86%, 10=35.42%, 20=58.03%, 50=0.30%
  lat (msec)   : 100=0.03%
  cpu          : usr=0.24%, sys=0.58%, ctx=23783, majf=0, minf=0
  IO depths    : 1=0.0%, 2=0.0%, 4=100.0%, 8=0.0%, 16=0.0%, 32=0.0%, >=64=0.0%
     submit    : 0=0.0%, 4=100.0%, 8=0.0%, 16=0.0%, 32=0.0%, 64=0.0%, >=64=0.0%
     complete  : 0=0.0%, 4=100.0%, 8=0.0%, 16=0.0%, 32=0.0%, 64=0.0%, >=64=0.0%
     issued rwts: total=0,24456,0,0 short=0,0,0,0 dropped=0,0,0,0
     latency   : target=0, window=0, percentile=100.00%, depth=4

Run status group 0 (all jobs):
  WRITE: bw=25.5MiB/s (26.7MB/s), 25.5MiB/s-25.5MiB/s (26.7MB/s-26.7MB/s), io=1529MiB (1603MB), run=60002-60002msec
