"randwrite_64k_32_1": (g=0): rw=randwrite, bs=(R) 64.0KiB-64.0KiB, (W) 64.0KiB-64.0KiB, (T) 64.0KiB-64.0KiB, ioengine=io_uring, iodepth=32
fio-3.28
Starting 1 thread

"randwrite_64k_32_1": (groupid=0, jobs=1): err= 0: pid=89255: Wed Aug  9 01:57:54 2023
  write: IOPS=283, BW=17.7MiB/s (18.6MB/s)(1066MiB/60107msec); 0 zone resets
    slat (usec): min=6, max=183, avg=19.14, stdev= 9.29
    clat (msec): min=11, max=222, avg=112.76, stdev=19.56
     lat (msec): min=11, max=222, avg=112.78, stdev=19.56
    clat percentiles (msec):
     |  1.00th=[   58],  5.00th=[   73], 10.00th=[   87], 20.00th=[  105],
     | 30.00th=[  110], 40.00th=[  113], 50.00th=[  115], 60.00th=[  117],
     | 70.00th=[  120], 80.00th=[  122], 90.00th=[  128], 95.00th=[  148],
     | 99.00th=[  171], 99.50th=[  174], 99.90th=[  180], 99.95th=[  190],
     | 99.99th=[  218]
   bw (  KiB/s): min=12032, max=27520, per=100.00%, avg=18157.36, stdev=2792.61, samples=120
   iops        : min=  188, max=  430, avg=283.68, stdev=43.65, samples=120
  lat (msec)   : 20=0.01%, 50=0.19%, 100=15.18%, 250=84.63%
  cpu          : usr=0.29%, sys=0.71%, ctx=16950, majf=0, minf=0
  IO depths    : 1=0.0%, 2=0.1%, 4=0.1%, 8=0.1%, 16=0.1%, 32=99.8%, >=64=0.0%
     submit    : 0=0.0%, 4=100.0%, 8=0.0%, 16=0.0%, 32=0.0%, 64=0.0%, >=64=0.0%
     complete  : 0=0.0%, 4=100.0%, 8=0.0%, 16=0.0%, 32=0.1%, 64=0.0%, >=64=0.0%
     issued rwts: total=0,17052,0,0 short=0,0,0,0 dropped=0,0,0,0
     latency   : target=0, window=0, percentile=100.00%, depth=32

Run status group 0 (all jobs):
  WRITE: bw=17.7MiB/s (18.6MB/s), 17.7MiB/s-17.7MiB/s (18.6MB/s-18.6MB/s), io=1066MiB (1118MB), run=60107-60107msec
