"randwrite_4k_8_1": (g=0): rw=randwrite, bs=(R) 4096B-4096B, (W) 4096B-4096B, (T) 4096B-4096B, ioengine=io_uring, iodepth=8
fio-3.28
Starting 1 thread

"randwrite_4k_8_1": (groupid=0, jobs=1): err= 0: pid=87742: Wed Aug  9 01:34:20 2023
  write: IOPS=197, BW=791KiB/s (810kB/s)(46.4MiB/60011msec); 0 zone resets
    slat (nsec): min=2603, max=47140, avg=11054.86, stdev=5498.85
    clat (usec): min=2873, max=55738, avg=40441.49, stdev=6317.49
     lat (usec): min=2901, max=55744, avg=40452.89, stdev=6317.83
    clat percentiles (usec):
     |  1.00th=[ 9241],  5.00th=[32113], 10.00th=[36439], 20.00th=[38536],
     | 30.00th=[39584], 40.00th=[40633], 50.00th=[41681], 60.00th=[42206],
     | 70.00th=[43254], 80.00th=[43779], 90.00th=[45351], 95.00th=[46400],
     | 99.00th=[49546], 99.50th=[50070], 99.90th=[52691], 99.95th=[53216],
     | 99.99th=[54789]
   bw (  KiB/s): min=  728, max= 1752, per=99.85%, avg=790.85, stdev=98.99, samples=120
   iops        : min=  182, max=  438, avg=197.70, stdev=24.75, samples=120
  lat (msec)   : 4=0.04%, 10=1.25%, 20=1.66%, 50=96.49%, 100=0.62%
  cpu          : usr=0.24%, sys=0.33%, ctx=11840, majf=0, minf=0
  IO depths    : 1=0.0%, 2=0.0%, 4=0.0%, 8=100.0%, 16=0.0%, 32=0.0%, >=64=0.0%
     submit    : 0=0.0%, 4=100.0%, 8=0.0%, 16=0.0%, 32=0.0%, 64=0.0%, >=64=0.0%
     complete  : 0=0.0%, 4=100.0%, 8=0.1%, 16=0.0%, 32=0.0%, 64=0.0%, >=64=0.0%
     issued rwts: total=0,11863,0,0 short=0,0,0,0 dropped=0,0,0,0
     latency   : target=0, window=0, percentile=100.00%, depth=8

Run status group 0 (all jobs):
  WRITE: bw=791KiB/s (810kB/s), 791KiB/s-791KiB/s (810kB/s-810kB/s), io=46.4MiB (48.6MB), run=60011-60011msec
