"randwrite_4k_8_1": (g=0): rw=randwrite, bs=(R) 4096B-4096B, (W) 4096B-4096B, (T) 4096B-4096B, ioengine=io_uring, iodepth=8
fio-3.28
Starting 1 thread

"randwrite_4k_8_1": (groupid=0, jobs=1): err= 0: pid=87745: Wed Aug  9 01:34:20 2023
  write: IOPS=197, BW=791KiB/s (810kB/s)(46.3MiB/60014msec); 0 zone resets
    slat (usec): min=2, max=178, avg=11.07, stdev= 5.81
    clat (usec): min=2986, max=59685, avg=40470.99, stdev=6377.14
     lat (usec): min=2994, max=59692, avg=40482.40, stdev=6377.51
    clat percentiles (usec):
     |  1.00th=[ 9241],  5.00th=[31851], 10.00th=[36439], 20.00th=[38536],
     | 30.00th=[40109], 40.00th=[40633], 50.00th=[41681], 60.00th=[42206],
     | 70.00th=[43254], 80.00th=[44303], 90.00th=[45351], 95.00th=[46400],
     | 99.00th=[49546], 99.50th=[50594], 99.90th=[53216], 99.95th=[54264],
     | 99.99th=[58983]
   bw (  KiB/s): min=  728, max= 1696, per=99.92%, avg=790.32, stdev=92.73, samples=120
   iops        : min=  182, max=  424, avg=197.57, stdev=23.19, samples=120
  lat (msec)   : 4=0.01%, 10=1.31%, 20=1.75%, 50=96.34%, 100=0.65%
  cpu          : usr=0.22%, sys=0.35%, ctx=11830, majf=0, minf=0
  IO depths    : 1=0.0%, 2=0.0%, 4=0.0%, 8=100.0%, 16=0.0%, 32=0.0%, >=64=0.0%
     submit    : 0=0.0%, 4=100.0%, 8=0.0%, 16=0.0%, 32=0.0%, 64=0.0%, >=64=0.0%
     complete  : 0=0.0%, 4=100.0%, 8=0.1%, 16=0.0%, 32=0.0%, 64=0.0%, >=64=0.0%
     issued rwts: total=0,11855,0,0 short=0,0,0,0 dropped=0,0,0,0
     latency   : target=0, window=0, percentile=100.00%, depth=8

Run status group 0 (all jobs):
  WRITE: bw=791KiB/s (810kB/s), 791KiB/s-791KiB/s (810kB/s-810kB/s), io=46.3MiB (48.6MB), run=60014-60014msec
