"randread_4k_64_1": (g=0): rw=randread, bs=(R) 4096B-4096B, (W) 4096B-4096B, (T) 4096B-4096B, ioengine=io_uring, iodepth=64
fio-3.28
Starting 1 thread

"randread_4k_64_1": (groupid=0, jobs=1): err= 0: pid=86037: Wed Aug  9 01:10:49 2023
  read: IOPS=2982, BW=11.7MiB/s (12.2MB/s)(700MiB/60021msec)
    slat (usec): min=2, max=521, avg= 5.19, stdev= 5.53
    clat (usec): min=15818, max=41616, avg=21446.19, stdev=1307.33
     lat (usec): min=15822, max=41619, avg=21451.56, stdev=1307.19
    clat percentiles (usec):
     |  1.00th=[18744],  5.00th=[19530], 10.00th=[20055], 20.00th=[20317],
     | 30.00th=[20841], 40.00th=[21103], 50.00th=[21365], 60.00th=[21627],
     | 70.00th=[21890], 80.00th=[22414], 90.00th=[22938], 95.00th=[23725],
     | 99.00th=[25297], 99.50th=[26084], 99.90th=[27657], 99.95th=[28443],
     | 99.99th=[35390]
   bw (  KiB/s): min=11112, max=12832, per=100.00%, avg=11935.38, stdev=289.17, samples=120
   iops        : min= 2778, max= 3208, avg=2983.83, stdev=72.30, samples=120
  lat (msec)   : 20=10.53%, 50=89.51%
  cpu          : usr=1.03%, sys=2.34%, ctx=148501, majf=0, minf=0
  IO depths    : 1=0.0%, 2=0.0%, 4=0.0%, 8=0.0%, 16=0.0%, 32=0.0%, >=64=100.0%
     submit    : 0=0.0%, 4=100.0%, 8=0.0%, 16=0.0%, 32=0.0%, 64=0.0%, >=64=0.0%
     complete  : 0=0.0%, 4=100.0%, 8=0.0%, 16=0.0%, 32=0.0%, 64=0.1%, >=64=0.0%
     issued rwts: total=179023,0,0,0 short=0,0,0,0 dropped=0,0,0,0
     latency   : target=0, window=0, percentile=100.00%, depth=64

Run status group 0 (all jobs):
   READ: bw=11.7MiB/s (12.2MB/s), 11.7MiB/s-11.7MiB/s (12.2MB/s-12.2MB/s), io=700MiB (734MB), run=60021-60021msec
