"randwrite_64k_2_1": (g=0): rw=randwrite, bs=(R) 64.0KiB-64.0KiB, (W) 64.0KiB-64.0KiB, (T) 64.0KiB-64.0KiB, ioengine=io_uring, iodepth=2
fio-3.28
Starting 1 thread

"randwrite_64k_2_1": (groupid=0, jobs=1): err= 0: pid=88871: Wed Aug  9 01:52:04 2023
  write: IOPS=579, BW=36.2MiB/s (38.0MB/s)(2174MiB/60001msec); 0 zone resets
    slat (usec): min=5, max=100, avg=10.44, stdev= 3.48
    clat (usec): min=1020, max=27837, avg=3437.60, stdev=1011.16
     lat (usec): min=1031, max=27847, avg=3448.26, stdev=1011.14
    clat percentiles (usec):
     |  1.00th=[ 1549],  5.00th=[ 2147], 10.00th=[ 2409], 20.00th=[ 2704],
     | 30.00th=[ 2966], 40.00th=[ 3195], 50.00th=[ 3392], 60.00th=[ 3589],
     | 70.00th=[ 3818], 80.00th=[ 4047], 90.00th=[ 4424], 95.00th=[ 4817],
     | 99.00th=[ 5932], 99.50th=[ 6587], 99.90th=[13566], 99.95th=[17957],
     | 99.99th=[23462]
   bw (  KiB/s): min=27136, max=48000, per=100.00%, avg=37100.92, stdev=4533.67, samples=120
   iops        : min=  424, max=  750, avg=579.68, stdev=70.86, samples=120
  lat (msec)   : 2=3.10%, 4=74.58%, 10=22.13%, 20=0.18%, 50=0.03%
  cpu          : usr=0.29%, sys=0.74%, ctx=34584, majf=0, minf=0
  IO depths    : 1=0.0%, 2=100.0%, 4=0.0%, 8=0.0%, 16=0.0%, 32=0.0%, >=64=0.0%
     submit    : 0=0.0%, 4=100.0%, 8=0.0%, 16=0.0%, 32=0.0%, 64=0.0%, >=64=0.0%
     complete  : 0=0.0%, 4=100.0%, 8=0.0%, 16=0.0%, 32=0.0%, 64=0.0%, >=64=0.0%
     issued rwts: total=0,34781,0,0 short=0,0,0,0 dropped=0,0,0,0
     latency   : target=0, window=0, percentile=100.00%, depth=2

Run status group 0 (all jobs):
  WRITE: bw=36.2MiB/s (38.0MB/s), 36.2MiB/s-36.2MiB/s (38.0MB/s-38.0MB/s), io=2174MiB (2279MB), run=60001-60001msec
