"randread_64k_16_1": (g=0): rw=randread, bs=(R) 64.0KiB-64.0KiB, (W) 64.0KiB-64.0KiB, (T) 64.0KiB-64.0KiB, ioengine=io_uring, iodepth=16
fio-3.28
Starting 1 thread

"randread_64k_16_1": (groupid=0, jobs=1): err= 0: pid=87176: Wed Aug  9 01:26:10 2023
  read: IOPS=2657, BW=166MiB/s (174MB/s)(9966MiB/60008msec)
    slat (usec): min=5, max=349, avg=11.09, stdev= 9.29
    clat (usec): min=525, max=23548, avg=6007.72, stdev=1610.71
     lat (usec): min=631, max=23557, avg=6019.10, stdev=1610.49
    clat percentiles (usec):
     |  1.00th=[ 3687],  5.00th=[ 4146], 10.00th=[ 4359], 20.00th=[ 4752],
     | 30.00th=[ 5014], 40.00th=[ 5276], 50.00th=[ 5604], 60.00th=[ 5932],
     | 70.00th=[ 6390], 80.00th=[ 7177], 90.00th=[ 8356], 95.00th=[ 9372],
     | 99.00th=[10945], 99.50th=[11469], 99.90th=[12649], 99.95th=[13435],
     | 99.99th=[15533]
   bw (  KiB/s): min=117248, max=215808, per=100.00%, avg=170089.38, stdev=29155.75, samples=120
   iops        : min= 1832, max= 3372, avg=2657.63, stdev=455.55, samples=120
  lat (usec)   : 750=0.01%, 1000=0.01%
  lat (msec)   : 2=0.01%, 4=3.27%, 10=93.94%, 20=2.79%, 50=0.01%
  cpu          : usr=1.11%, sys=3.22%, ctx=173328, majf=0, minf=240
  IO depths    : 1=0.0%, 2=0.1%, 4=0.1%, 8=0.1%, 16=100.0%, 32=0.0%, >=64=0.0%
     submit    : 0=0.0%, 4=100.0%, 8=0.0%, 16=0.0%, 32=0.0%, 64=0.0%, >=64=0.0%
     complete  : 0=0.0%, 4=100.0%, 8=0.0%, 16=0.1%, 32=0.0%, 64=0.0%, >=64=0.0%
     issued rwts: total=159459,0,0,0 short=0,0,0,0 dropped=0,0,0,0
     latency   : target=0, window=0, percentile=100.00%, depth=16

Run status group 0 (all jobs):
   READ: bw=166MiB/s (174MB/s), 166MiB/s-166MiB/s (174MB/s-174MB/s), io=9966MiB (10.5GB), run=60008-60008msec
