"randwrite_16k_1_1": (g=0): rw=randwrite, bs=(R) 16.0KiB-16.0KiB, (W) 16.0KiB-16.0KiB, (T) 16.0KiB-16.0KiB, ioengine=io_uring, iodepth=1
fio-3.28
Starting 1 thread

"randwrite_16k_1_1": (groupid=0, jobs=1): err= 0: pid=90184: Wed Aug  9 02:09:03 2023
  write: IOPS=500, BW=8010KiB/s (8202kB/s)(469MiB/60001msec); 0 zone resets
    slat (usec): min=6, max=115, avg= 8.17, stdev= 2.53
    clat (usec): min=700, max=49926, avg=1987.01, stdev=2037.27
     lat (usec): min=708, max=49934, avg=1995.40, stdev=2037.30
    clat percentiles (usec):
     |  1.00th=[  996],  5.00th=[ 1205], 10.00th=[ 1287], 20.00th=[ 1385],
     | 30.00th=[ 1467], 40.00th=[ 1549], 50.00th=[ 1647], 60.00th=[ 1778],
     | 70.00th=[ 1942], 80.00th=[ 2147], 90.00th=[ 2540], 95.00th=[ 3032],
     | 99.00th=[ 8160], 99.50th=[18744], 99.90th=[29492], 99.95th=[32900],
     | 99.99th=[41157]
   bw (  KiB/s): min= 2880, max=10336, per=100.00%, avg=8010.09, stdev=1528.53, samples=120
   iops        : min=  180, max=  646, avg=500.62, stdev=95.55, samples=120
  lat (usec)   : 750=0.01%, 1000=1.05%
  lat (msec)   : 2=71.94%, 4=24.67%, 10=1.46%, 20=0.41%, 50=0.46%
  cpu          : usr=0.26%, sys=0.60%, ctx=30256, majf=0, minf=0
  IO depths    : 1=100.0%, 2=0.0%, 4=0.0%, 8=0.0%, 16=0.0%, 32=0.0%, >=64=0.0%
     submit    : 0=0.0%, 4=100.0%, 8=0.0%, 16=0.0%, 32=0.0%, 64=0.0%, >=64=0.0%
     complete  : 0=0.0%, 4=100.0%, 8=0.0%, 16=0.0%, 32=0.0%, 64=0.0%, >=64=0.0%
     issued rwts: total=0,30037,0,0 short=0,0,0,0 dropped=0,0,0,0
     latency   : target=0, window=0, percentile=100.00%, depth=1

Run status group 0 (all jobs):
  WRITE: bw=8010KiB/s (8202kB/s), 8010KiB/s-8010KiB/s (8202kB/s-8202kB/s), io=469MiB (492MB), run=60001-60001msec
