"randread_4k_64_1": (g=0): rw=randread, bs=(R) 4096B-4096B, (W) 4096B-4096B, (T) 4096B-4096B, ioengine=io_uring, iodepth=64
fio-3.28
Starting 1 thread

"randread_4k_64_1": (groupid=0, jobs=1): err= 0: pid=86035: Wed Aug  9 01:10:49 2023
  read: IOPS=2982, BW=11.7MiB/s (12.2MB/s)(700MiB/60021msec)
    slat (usec): min=2, max=523, avg= 5.26, stdev= 6.18
    clat (usec): min=16196, max=42789, avg=21446.32, stdev=1315.91
     lat (usec): min=16200, max=42794, avg=21451.76, stdev=1315.74
    clat percentiles (usec):
     |  1.00th=[18744],  5.00th=[19530], 10.00th=[20055], 20.00th=[20317],
     | 30.00th=[20841], 40.00th=[21103], 50.00th=[21365], 60.00th=[21627],
     | 70.00th=[21890], 80.00th=[22414], 90.00th=[23200], 95.00th=[23725],
     | 99.00th=[25297], 99.50th=[26084], 99.90th=[27657], 99.95th=[28705],
     | 99.99th=[35390]
   bw (  KiB/s): min=11128, max=12872, per=100.00%, avg=11935.52, stdev=290.76, samples=120
   iops        : min= 2782, max= 3218, avg=2983.88, stdev=72.70, samples=120
  lat (msec)   : 20=10.70%, 50=89.33%
  cpu          : usr=1.18%, sys=2.19%, ctx=146750, majf=0, minf=0
  IO depths    : 1=0.0%, 2=0.0%, 4=0.0%, 8=0.0%, 16=0.0%, 32=0.0%, >=64=100.0%
     submit    : 0=0.0%, 4=100.0%, 8=0.0%, 16=0.0%, 32=0.0%, 64=0.0%, >=64=0.0%
     complete  : 0=0.0%, 4=100.0%, 8=0.0%, 16=0.0%, 32=0.0%, 64=0.1%, >=64=0.0%
     issued rwts: total=179020,0,0,0 short=0,0,0,0 dropped=0,0,0,0
     latency   : target=0, window=0, percentile=100.00%, depth=64

Run status group 0 (all jobs):
   READ: bw=11.7MiB/s (12.2MB/s), 11.7MiB/s-11.7MiB/s (12.2MB/s-12.2MB/s), io=700MiB (734MB), run=60021-60021msec
