"randread_16k_16_1": (g=0): rw=randread, bs=(R) 16.0KiB-16.0KiB, (W) 16.0KiB-16.0KiB, (T) 16.0KiB-16.0KiB, ioengine=io_uring, iodepth=16
fio-3.28
Starting 1 thread

"randread_16k_16_1": (groupid=0, jobs=1): err= 0: pid=86496: Wed Aug  9 01:16:47 2023
  read: IOPS=2578, BW=40.3MiB/s (42.2MB/s)(2417MiB/60006msec)
    slat (usec): min=2, max=111, avg= 5.83, stdev= 2.84
    clat (usec): min=2002, max=14406, avg=6198.25, stdev=1425.64
     lat (usec): min=2007, max=14410, avg=6204.25, stdev=1425.60
    clat percentiles (usec):
     |  1.00th=[ 3261],  5.00th=[ 3982], 10.00th=[ 4424], 20.00th=[ 4948],
     | 30.00th=[ 5407], 40.00th=[ 5800], 50.00th=[ 6128], 60.00th=[ 6456],
     | 70.00th=[ 6915], 80.00th=[ 7373], 90.00th=[ 8094], 95.00th=[ 8717],
     | 99.00th=[ 9765], 99.50th=[10290], 99.90th=[11469], 99.95th=[11994],
     | 99.99th=[13173]
   bw (  KiB/s): min=37920, max=54464, per=100.00%, avg=41256.71, stdev=3130.65, samples=120
   iops        : min= 2370, max= 3404, avg=2578.54, stdev=195.67, samples=120
  lat (msec)   : 4=5.11%, 10=94.17%, 20=0.74%
  cpu          : usr=0.90%, sys=2.32%, ctx=143656, majf=0, minf=0
  IO depths    : 1=0.0%, 2=0.0%, 4=0.0%, 8=0.0%, 16=100.0%, 32=0.0%, >=64=0.0%
     submit    : 0=0.0%, 4=100.0%, 8=0.0%, 16=0.0%, 32=0.0%, 64=0.0%, >=64=0.0%
     complete  : 0=0.0%, 4=100.0%, 8=0.0%, 16=0.1%, 32=0.0%, 64=0.0%, >=64=0.0%
     issued rwts: total=154702,0,0,0 short=0,0,0,0 dropped=0,0,0,0
     latency   : target=0, window=0, percentile=100.00%, depth=16

Run status group 0 (all jobs):
   READ: bw=40.3MiB/s (42.2MB/s), 40.3MiB/s-40.3MiB/s (42.2MB/s-42.2MB/s), io=2417MiB (2535MB), run=60006-60006msec
