"randwrite_4k_8_1": (g=0): rw=randwrite, bs=(R) 4096B-4096B, (W) 4096B-4096B, (T) 4096B-4096B, ioengine=io_uring, iodepth=8
fio-3.28
Starting 1 thread

"randwrite_4k_8_1": (groupid=0, jobs=1): err= 0: pid=87744: Wed Aug  9 01:34:20 2023
  write: IOPS=197, BW=790KiB/s (809kB/s)(46.3MiB/60008msec); 0 zone resets
    slat (nsec): min=2576, max=44532, avg=11018.47, stdev=5448.48
    clat (usec): min=1666, max=57394, avg=40485.44, stdev=6279.73
     lat (usec): min=1675, max=57402, avg=40496.80, stdev=6280.15
    clat percentiles (usec):
     |  1.00th=[ 9503],  5.00th=[32113], 10.00th=[36439], 20.00th=[38536],
     | 30.00th=[40109], 40.00th=[40633], 50.00th=[41681], 60.00th=[42206],
     | 70.00th=[43254], 80.00th=[43779], 90.00th=[45351], 95.00th=[46400],
     | 99.00th=[49546], 99.50th=[50594], 99.90th=[52691], 99.95th=[55313],
     | 99.99th=[57410]
   bw (  KiB/s): min=  721, max= 1632, per=99.83%, avg=789.99, stdev=88.85, samples=120
   iops        : min=  180, max=  408, avg=197.48, stdev=22.21, samples=120
  lat (msec)   : 2=0.01%, 4=0.01%, 10=1.17%, 20=1.76%, 50=96.41%
  lat (msec)   : 100=0.69%
  cpu          : usr=0.21%, sys=0.35%, ctx=11814, majf=0, minf=0
  IO depths    : 1=0.0%, 2=0.0%, 4=0.0%, 8=100.0%, 16=0.0%, 32=0.0%, >=64=0.0%
     submit    : 0=0.0%, 4=100.0%, 8=0.0%, 16=0.0%, 32=0.0%, 64=0.0%, >=64=0.0%
     complete  : 0=0.0%, 4=100.0%, 8=0.1%, 16=0.0%, 32=0.0%, 64=0.0%, >=64=0.0%
     issued rwts: total=0,11850,0,0 short=0,0,0,0 dropped=0,0,0,0
     latency   : target=0, window=0, percentile=100.00%, depth=8

Run status group 0 (all jobs):
  WRITE: bw=790KiB/s (809kB/s), 790KiB/s-790KiB/s (809kB/s-809kB/s), io=46.3MiB (48.6MB), run=60008-60008msec
