"randread_64k_8_1": (g=0): rw=randread, bs=(R) 64.0KiB-64.0KiB, (W) 64.0KiB-64.0KiB, (T) 64.0KiB-64.0KiB, ioengine=io_uring, iodepth=8
fio-3.28
Starting 1 thread

"randread_64k_8_1": (groupid=0, jobs=1): err= 0: pid=87077: Wed Aug  9 01:23:58 2023
  read: IOPS=2159, BW=135MiB/s (142MB/s)(8099MiB/60004msec)
    slat (usec): min=5, max=184, avg= 9.51, stdev= 4.86
    clat (usec): min=779, max=27467, avg=3693.41, stdev=1382.95
     lat (usec): min=787, max=27477, avg=3703.12, stdev=1382.98
    clat percentiles (usec):
     |  1.00th=[ 1549],  5.00th=[ 2024], 10.00th=[ 2278], 20.00th=[ 2606],
     | 30.00th=[ 2868], 40.00th=[ 3130], 50.00th=[ 3392], 60.00th=[ 3720],
     | 70.00th=[ 4113], 80.00th=[ 4621], 90.00th=[ 5538], 95.00th=[ 6456],
     | 99.00th=[ 8160], 99.50th=[ 8717], 99.90th=[10159], 99.95th=[10552],
     | 99.99th=[12518]
   bw (  KiB/s): min=112352, max=163584, per=100.00%, avg=138216.12, stdev=10706.28, samples=120
   iops        : min= 1755, max= 2556, avg=2159.61, stdev=167.28, samples=120
  lat (usec)   : 1000=0.04%
  lat (msec)   : 2=4.72%, 4=63.00%, 10=32.13%, 20=0.11%, 50=0.01%
  cpu          : usr=0.95%, sys=2.53%, ctx=131461, majf=0, minf=0
  IO depths    : 1=0.0%, 2=0.0%, 4=0.0%, 8=100.0%, 16=0.0%, 32=0.0%, >=64=0.0%
     submit    : 0=0.0%, 4=100.0%, 8=0.0%, 16=0.0%, 32=0.0%, 64=0.0%, >=64=0.0%
     complete  : 0=0.0%, 4=100.0%, 8=0.1%, 16=0.0%, 32=0.0%, 64=0.0%, >=64=0.0%
     issued rwts: total=129569,0,0,0 short=0,0,0,0 dropped=0,0,0,0
     latency   : target=0, window=0, percentile=100.00%, depth=8

Run status group 0 (all jobs):
   READ: bw=135MiB/s (142MB/s), 135MiB/s-135MiB/s (142MB/s-142MB/s), io=8099MiB (8492MB), run=60004-60004msec
