"randwrite_4k_32_1": (g=0): rw=randwrite, bs=(R) 4096B-4096B, (W) 4096B-4096B, (T) 4096B-4096B, ioengine=io_uring, iodepth=32
fio-3.28
Starting 1 thread

"randwrite_4k_32_1": (groupid=0, jobs=1): err= 0: pid=87930: Wed Aug  9 01:36:44 2023
  write: IOPS=244, BW=979KiB/s (1002kB/s)(57.5MiB/60144msec); 0 zone resets
    slat (usec): min=2, max=233, avg=10.26, stdev= 7.70
    clat (msec): min=35, max=297, avg=130.87, stdev=39.57
     lat (msec): min=35, max=297, avg=130.88, stdev=39.57
    clat percentiles (msec):
     |  1.00th=[   49],  5.00th=[   64], 10.00th=[   73], 20.00th=[   86],
     | 30.00th=[  100], 40.00th=[  127], 50.00th=[  153], 60.00th=[  159],
     | 70.00th=[  163], 80.00th=[  165], 90.00th=[  169], 95.00th=[  174],
     | 99.00th=[  178], 99.50th=[  180], 99.90th=[  232], 99.95th=[  262],
     | 99.99th=[  292]
   bw (  KiB/s): min=  736, max= 2028, per=99.94%, avg=978.88, stdev=312.70, samples=120
   iops        : min=  184, max=  507, avg=244.71, stdev=78.17, samples=120
  lat (msec)   : 50=1.27%, 100=29.33%, 250=69.54%, 500=0.07%
  cpu          : usr=0.21%, sys=0.41%, ctx=14244, majf=0, minf=0
  IO depths    : 1=0.0%, 2=0.0%, 4=0.0%, 8=0.0%, 16=0.0%, 32=100.0%, >=64=0.0%
     submit    : 0=0.0%, 4=100.0%, 8=0.0%, 16=0.0%, 32=0.0%, 64=0.0%, >=64=0.0%
     complete  : 0=0.0%, 4=100.0%, 8=0.0%, 16=0.0%, 32=0.1%, 64=0.0%, >=64=0.0%
     issued rwts: total=0,14683,0,0 short=0,0,0,0 dropped=0,0,0,0
     latency   : target=0, window=0, percentile=100.00%, depth=32

Run status group 0 (all jobs):
  WRITE: bw=979KiB/s (1002kB/s), 979KiB/s-979KiB/s (1002kB/s-1002kB/s), io=57.5MiB (60.3MB), run=60144-60144msec
