"randwrite_16k_8_1": (g=0): rw=randwrite, bs=(R) 16.0KiB-16.0KiB, (W) 16.0KiB-16.0KiB, (T) 16.0KiB-16.0KiB, ioengine=io_uring, iodepth=8
fio-3.28
Starting 1 thread

"randwrite_16k_8_1": (groupid=0, jobs=1): err= 0: pid=88398: Wed Aug  9 01:44:00 2023
  write: IOPS=201, BW=3228KiB/s (3305kB/s)(189MiB/60017msec); 0 zone resets
    slat (usec): min=3, max=193, avg=13.74, stdev= 7.67
    clat (usec): min=3190, max=75127, avg=39646.69, stdev=6672.04
     lat (usec): min=3198, max=75133, avg=39660.80, stdev=6672.57
    clat percentiles (usec):
     |  1.00th=[ 9896],  5.00th=[25297], 10.00th=[34866], 20.00th=[38011],
     | 30.00th=[39584], 40.00th=[40109], 50.00th=[41157], 60.00th=[41681],
     | 70.00th=[42730], 80.00th=[43254], 90.00th=[44303], 95.00th=[45351],
     | 99.00th=[48497], 99.50th=[49546], 99.90th=[55837], 99.95th=[71828],
     | 99.99th=[73925]
   bw (  KiB/s): min= 2848, max= 5248, per=99.94%, avg=3226.97, stdev=364.21, samples=120
   iops        : min=  178, max=  328, avg=201.67, stdev=22.76, samples=120
  lat (msec)   : 4=0.01%, 10=1.02%, 20=2.59%, 50=96.07%, 100=0.38%
  cpu          : usr=0.22%, sys=0.43%, ctx=12097, majf=0, minf=0
  IO depths    : 1=0.0%, 2=0.0%, 4=0.0%, 8=100.0%, 16=0.0%, 32=0.0%, >=64=0.0%
     submit    : 0=0.0%, 4=100.0%, 8=0.0%, 16=0.0%, 32=0.0%, 64=0.0%, >=64=0.0%
     complete  : 0=0.0%, 4=100.0%, 8=0.1%, 16=0.0%, 32=0.0%, 64=0.0%, >=64=0.0%
     issued rwts: total=0,12101,0,0 short=0,0,0,0 dropped=0,0,0,0
     latency   : target=0, window=0, percentile=100.00%, depth=8

Run status group 0 (all jobs):
  WRITE: bw=3228KiB/s (3305kB/s), 3228KiB/s-3228KiB/s (3305kB/s-3305kB/s), io=189MiB (198MB), run=60017-60017msec
