"randwrite_4k_64_1": (g=0): rw=randwrite, bs=(R) 4096B-4096B, (W) 4096B-4096B, (T) 4096B-4096B, ioengine=io_uring, iodepth=64
fio-3.28
Starting 1 thread

"randwrite_4k_64_1": (groupid=0, jobs=1): err= 0: pid=88020: Wed Aug  9 01:38:12 2023
  write: IOPS=300, BW=1203KiB/s (1231kB/s)(70.6MiB/60126msec); 0 zone resets
    slat (usec): min=2, max=491, avg= 9.10, stdev= 7.21
    clat (msec): min=36, max=349, avg=212.85, stdev=65.15
     lat (msec): min=36, max=349, avg=212.86, stdev=65.15
    clat percentiles (msec):
     |  1.00th=[  109],  5.00th=[  127], 10.00th=[  138], 20.00th=[  155],
     | 30.00th=[  165], 40.00th=[  178], 50.00th=[  192], 60.00th=[  213],
     | 70.00th=[  279], 80.00th=[  296], 90.00th=[  305], 95.00th=[  313],
     | 99.00th=[  326], 99.50th=[  326], 99.90th=[  334], 99.95th=[  334],
     | 99.99th=[  347]
   bw (  KiB/s): min=  792, max= 2064, per=99.78%, avg=1200.96, stdev=340.61, samples=120
   iops        : min=  198, max=  516, avg=300.22, stdev=85.13, samples=120
  lat (msec)   : 50=0.03%, 100=0.32%, 250=65.91%, 500=33.76%
  cpu          : usr=0.20%, sys=0.48%, ctx=16774, majf=0, minf=0
  IO depths    : 1=0.0%, 2=0.1%, 4=0.1%, 8=0.1%, 16=0.1%, 32=0.2%, >=64=99.7%
     submit    : 0=0.0%, 4=100.0%, 8=0.0%, 16=0.0%, 32=0.0%, 64=0.0%, >=64=0.0%
     complete  : 0=0.0%, 4=100.0%, 8=0.0%, 16=0.0%, 32=0.0%, 64=0.1%, >=64=0.0%
     issued rwts: total=0,18076,0,0 short=0,0,0,0 dropped=0,0,0,0
     latency   : target=0, window=0, percentile=100.00%, depth=64

Run status group 0 (all jobs):
  WRITE: bw=1203KiB/s (1231kB/s), 1203KiB/s-1203KiB/s (1231kB/s-1231kB/s), io=70.6MiB (74.0MB), run=60126-60126msec
