"randread_4k_64_1": (g=0): rw=randread, bs=(R) 4096B-4096B, (W) 4096B-4096B, (T) 4096B-4096B, ioengine=io_uring, iodepth=64
fio-3.28
Starting 1 thread

"randread_4k_64_1": (groupid=0, jobs=1): err= 0: pid=86033: Wed Aug  9 01:10:49 2023
  read: IOPS=2982, BW=11.7MiB/s (12.2MB/s)(700MiB/60022msec)
    slat (usec): min=2, max=594, avg= 5.26, stdev= 5.68
    clat (usec): min=16000, max=44046, avg=21446.91, stdev=1439.45
     lat (usec): min=16008, max=44053, avg=21452.34, stdev=1439.28
    clat percentiles (usec):
     |  1.00th=[18482],  5.00th=[19268], 10.00th=[19792], 20.00th=[20317],
     | 30.00th=[20579], 40.00th=[21103], 50.00th=[21365], 60.00th=[21627],
     | 70.00th=[22152], 80.00th=[22414], 90.00th=[23200], 95.00th=[23987],
     | 99.00th=[25560], 99.50th=[26346], 99.90th=[27919], 99.95th=[28705],
     | 99.99th=[38536]
   bw (  KiB/s): min=11112, max=12880, per=100.00%, avg=11935.38, stdev=290.15, samples=120
   iops        : min= 2778, max= 3220, avg=2983.83, stdev=72.55, samples=120
  lat (msec)   : 20=13.85%, 50=86.18%
  cpu          : usr=1.07%, sys=2.30%, ctx=144851, majf=0, minf=0
  IO depths    : 1=0.0%, 2=0.0%, 4=0.0%, 8=0.0%, 16=0.0%, 32=0.0%, >=64=100.0%
     submit    : 0=0.0%, 4=100.0%, 8=0.0%, 16=0.0%, 32=0.0%, 64=0.0%, >=64=0.0%
     complete  : 0=0.0%, 4=100.0%, 8=0.0%, 16=0.0%, 32=0.0%, 64=0.1%, >=64=0.0%
     issued rwts: total=179017,0,0,0 short=0,0,0,0 dropped=0,0,0,0
     latency   : target=0, window=0, percentile=100.00%, depth=64

Run status group 0 (all jobs):
   READ: bw=11.7MiB/s (12.2MB/s), 11.7MiB/s-11.7MiB/s (12.2MB/s-12.2MB/s), io=700MiB (734MB), run=60022-60022msec
