"randread_64k_1_1": (g=0): rw=randread, bs=(R) 64.0KiB-64.0KiB, (W) 64.0KiB-64.0KiB, (T) 64.0KiB-64.0KiB, ioengine=io_uring, iodepth=1
fio-3.28
Starting 1 thread

"randread_64k_1_1": (groupid=0, jobs=1): err= 0: pid=89735: Wed Aug  9 02:06:39 2023
  read: IOPS=1122, BW=70.2MiB/s (73.6MB/s)(4211MiB/60001msec)
    slat (usec): min=9, max=268, avg=14.27, stdev= 9.32
    clat (usec): min=194, max=19442, avg=873.81, stdev=301.95
     lat (usec): min=208, max=19453, avg=888.37, stdev=301.78
    clat percentiles (usec):
     |  1.00th=[  314],  5.00th=[  383], 10.00th=[  498], 20.00th=[  586],
     | 30.00th=[  685], 40.00th=[  783], 50.00th=[  881], 60.00th=[  979],
     | 70.00th=[ 1057], 80.00th=[ 1139], 90.00th=[ 1237], 95.00th=[ 1336],
     | 99.00th=[ 1500], 99.50th=[ 1549], 99.90th=[ 1696], 99.95th=[ 1795],
     | 99.99th=[ 2966]
   bw (  KiB/s): min=65280, max=80384, per=100.00%, avg=71875.94, stdev=3340.28, samples=120
   iops        : min= 1020, max= 1256, avg=1123.05, stdev=52.19, samples=120
  lat (usec)   : 250=0.05%, 500=10.18%, 750=25.95%, 1000=26.43%
  lat (msec)   : 2=37.37%, 4=0.01%, 10=0.01%, 20=0.01%
  cpu          : usr=0.54%, sys=1.87%, ctx=72553, majf=0, minf=0
  IO depths    : 1=100.0%, 2=0.0%, 4=0.0%, 8=0.0%, 16=0.0%, 32=0.0%, >=64=0.0%
     submit    : 0=0.0%, 4=100.0%, 8=0.0%, 16=0.0%, 32=0.0%, 64=0.0%, >=64=0.0%
     complete  : 0=0.0%, 4=100.0%, 8=0.0%, 16=0.0%, 32=0.0%, 64=0.0%, >=64=0.0%
     issued rwts: total=67378,0,0,0 short=0,0,0,0 dropped=0,0,0,0
     latency   : target=0, window=0, percentile=100.00%, depth=1

Run status group 0 (all jobs):
   READ: bw=70.2MiB/s (73.6MB/s), 70.2MiB/s-70.2MiB/s (73.6MB/s-73.6MB/s), io=4211MiB (4416MB), run=60001-60001msec
