"randread_64k_2_1": (g=0): rw=randread, bs=(R) 64.0KiB-64.0KiB, (W) 64.0KiB-64.0KiB, (T) 64.0KiB-64.0KiB, ioengine=io_uring, iodepth=2
fio-3.28
Starting 1 thread

"randread_64k_2_1": (groupid=0, jobs=1): err= 0: pid=86890: Wed Aug  9 01:21:35 2023
  read: IOPS=1462, BW=91.4MiB/s (95.8MB/s)(5484MiB/60001msec)
    slat (usec): min=5, max=375, avg=13.60, stdev=14.59
    clat (usec): min=149, max=20076, avg=1351.52, stdev=614.41
     lat (usec): min=158, max=20116, avg=1365.49, stdev=614.28
    clat percentiles (usec):
     |  1.00th=[  338],  5.00th=[  502], 10.00th=[  619], 20.00th=[  807],
     | 30.00th=[  979], 40.00th=[ 1139], 50.00th=[ 1287], 60.00th=[ 1434],
     | 70.00th=[ 1614], 80.00th=[ 1827], 90.00th=[ 2180], 95.00th=[ 2474],
     | 99.00th=[ 2999], 99.50th=[ 3228], 99.90th=[ 3720], 99.95th=[ 3982],
     | 99.99th=[ 4817]
   bw (  KiB/s): min=80032, max=105088, per=100.00%, avg=93603.19, stdev=5219.73, samples=120
   iops        : min= 1250, max= 1642, avg=1462.54, stdev=81.56, samples=120
  lat (usec)   : 250=0.09%, 500=4.88%, 750=12.08%, 1000=14.26%
  lat (msec)   : 2=54.08%, 4=14.56%, 10=0.04%, 20=0.01%, 50=0.01%
  cpu          : usr=0.62%, sys=1.81%, ctx=104510, majf=0, minf=0
  IO depths    : 1=0.0%, 2=100.0%, 4=0.0%, 8=0.0%, 16=0.0%, 32=0.0%, >=64=0.0%
     submit    : 0=0.0%, 4=100.0%, 8=0.0%, 16=0.0%, 32=0.0%, 64=0.0%, >=64=0.0%
     complete  : 0=0.0%, 4=100.0%, 8=0.0%, 16=0.0%, 32=0.0%, 64=0.0%, >=64=0.0%
     issued rwts: total=87749,0,0,0 short=0,0,0,0 dropped=0,0,0,0
     latency   : target=0, window=0, percentile=100.00%, depth=2

Run status group 0 (all jobs):
   READ: bw=91.4MiB/s (95.8MB/s), 91.4MiB/s-91.4MiB/s (95.8MB/s-95.8MB/s), io=5484MiB (5751MB), run=60001-60001msec
