"randread_4k_16_1": (g=0): rw=randread, bs=(R) 4096B-4096B, (W) 4096B-4096B, (T) 4096B-4096B, ioengine=io_uring, iodepth=16
fio-3.28
Starting 1 thread

"randread_4k_16_1": (groupid=0, jobs=1): err= 0: pid=21289: Wed Aug  2 16:23:44 2023
  read: IOPS=27.3k, BW=107MiB/s (112MB/s)(6397MiB/60001msec)
    slat (nsec): min=1866, max=102876, avg=4118.63, stdev=2016.58
    clat (usec): min=154, max=3897, avg=581.10, stdev=131.61
     lat (usec): min=157, max=3899, avg=585.36, stdev=131.37
    clat percentiles (usec):
     |  1.00th=[  310],  5.00th=[  375], 10.00th=[  416], 20.00th=[  465],
     | 30.00th=[  506], 40.00th=[  545], 50.00th=[  578], 60.00th=[  611],
     | 70.00th=[  652], 80.00th=[  693], 90.00th=[  750], 95.00th=[  799],
     | 99.00th=[  906], 99.50th=[  955], 99.90th=[ 1057], 99.95th=[ 1090],
     | 99.99th=[ 1319]
   bw (  KiB/s): min=102104, max=112664, per=100.00%, avg=109188.52, stdev=1106.00, samples=120
   iops        : min=25526, max=28166, avg=27297.12, stdev=276.50, samples=120
  lat (usec)   : 250=0.16%, 500=28.07%, 750=61.67%, 1000=9.88%
  lat (msec)   : 2=0.22%, 4=0.01%
  cpu          : usr=5.49%, sys=13.00%, ctx=441920, majf=0, minf=0
  IO depths    : 1=0.0%, 2=0.0%, 4=0.0%, 8=0.0%, 16=100.0%, 32=0.0%, >=64=0.0%
     submit    : 0=0.0%, 4=100.0%, 8=0.0%, 16=0.0%, 32=0.0%, 64=0.0%, >=64=0.0%
     complete  : 0=0.0%, 4=100.0%, 8=0.0%, 16=0.1%, 32=0.0%, 64=0.0%, >=64=0.0%
     issued rwts: total=1637685,0,0,0 short=0,0,0,0 dropped=0,0,0,0
     latency   : target=0, window=0, percentile=100.00%, depth=16

Run status group 0 (all jobs):
   READ: bw=107MiB/s (112MB/s), 107MiB/s-107MiB/s (112MB/s-112MB/s), io=6397MiB (6708MB), run=60001-60001msec
