"randread_64k_1_1": (g=0): rw=randread, bs=(R) 64.0KiB-64.0KiB, (W) 64.0KiB-64.0KiB, (T) 64.0KiB-64.0KiB, ioengine=io_uring, iodepth=1
fio-3.28
Starting 1 thread

"randread_64k_1_1": (groupid=0, jobs=1): err= 0: pid=21753: Wed Aug  2 17:11:56 2023
  read: IOPS=1673, BW=105MiB/s (110MB/s)(6276MiB/60001msec)
    slat (nsec): min=6546, max=49080, avg=6864.79, stdev=456.89
    clat (usec): min=298, max=4909, avg=589.65, stdev=132.70
     lat (usec): min=305, max=4915, avg=596.65, stdev=132.70
    clat percentiles (usec):
     |  1.00th=[  322],  5.00th=[  343], 10.00th=[  371], 20.00th=[  441],
     | 30.00th=[  562], 40.00th=[  594], 50.00th=[  619], 60.00th=[  644],
     | 70.00th=[  668], 80.00th=[  693], 90.00th=[  725], 95.00th=[  758],
     | 99.00th=[  807], 99.50th=[  832], 99.90th=[  906], 99.95th=[  971],
     | 99.99th=[ 2343]
   bw (  KiB/s): min=99968, max=109824, per=100.00%, avg=107122.13, stdev=1390.56, samples=120
   iops        : min= 1562, max= 1716, avg=1673.78, stdev=21.73, samples=120
  lat (usec)   : 500=21.06%, 750=72.95%, 1000=5.94%
  lat (msec)   : 2=0.02%, 4=0.01%, 10=0.01%
  cpu          : usr=0.50%, sys=1.58%, ctx=100537, majf=0, minf=0
  IO depths    : 1=100.0%, 2=0.0%, 4=0.0%, 8=0.0%, 16=0.0%, 32=0.0%, >=64=0.0%
     submit    : 0=0.0%, 4=100.0%, 8=0.0%, 16=0.0%, 32=0.0%, 64=0.0%, >=64=0.0%
     complete  : 0=0.0%, 4=100.0%, 8=0.0%, 16=0.0%, 32=0.0%, 64=0.0%, >=64=0.0%
     issued rwts: total=100423,0,0,0 short=0,0,0,0 dropped=0,0,0,0
     latency   : target=0, window=0, percentile=100.00%, depth=1

Run status group 0 (all jobs):
   READ: bw=105MiB/s (110MB/s), 105MiB/s-105MiB/s (110MB/s-110MB/s), io=6276MiB (6581MB), run=60001-60001msec
