"randwrite_16k_8_1": (g=0): rw=randwrite, bs=(R) 16.0KiB-16.0KiB, (W) 16.0KiB-16.0KiB, (T) 16.0KiB-16.0KiB, ioengine=io_uring, iodepth=8
fio-3.28
Starting 1 thread

"randwrite_16k_8_1": (groupid=0, jobs=1): err= 0: pid=10119: Thu Aug 10 23:35:07 2023
  write: IOPS=71.0k, BW=1110MiB/s (1164MB/s)(65.0GiB/60001msec); 0 zone resets
    slat (nsec): min=2825, max=55686, avg=5112.65, stdev=1307.57
    clat (usec): min=36, max=2739, avg=106.49, stdev=30.40
     lat (usec): min=51, max=2743, avg=111.77, stdev=30.34
    clat percentiles (usec):
     |  1.00th=[   68],  5.00th=[   77], 10.00th=[   83], 20.00th=[   90],
     | 30.00th=[   95], 40.00th=[   99], 50.00th=[  103], 60.00th=[  108],
     | 70.00th=[  113], 80.00th=[  118], 90.00th=[  127], 95.00th=[  137],
     | 99.00th=[  289], 99.50th=[  310], 99.90th=[  338], 99.95th=[  347],
     | 99.99th=[  367]
   bw (  MiB/s): min= 1055, max= 1130, per=100.00%, avg=1109.85, stdev= 7.65, samples=120
   iops        : min=67565, max=72322, avg=71030.40, stdev=489.47, samples=120
  lat (usec)   : 50=0.01%, 100=43.44%, 250=54.90%, 500=1.66%, 750=0.01%
  lat (usec)   : 1000=0.01%
  lat (msec)   : 4=0.01%
  cpu          : usr=17.08%, sys=41.39%, ctx=1627400, majf=0, minf=0
  IO depths    : 1=0.0%, 2=0.0%, 4=0.0%, 8=100.0%, 16=0.0%, 32=0.0%, >=64=0.0%
     submit    : 0=0.0%, 4=100.0%, 8=0.0%, 16=0.0%, 32=0.0%, 64=0.0%, >=64=0.0%
     complete  : 0=0.0%, 4=100.0%, 8=0.1%, 16=0.0%, 32=0.0%, 64=0.0%, >=64=0.0%
     issued rwts: total=0,4261518,0,0 short=0,0,0,0 dropped=0,0,0,0
     latency   : target=0, window=0, percentile=100.00%, depth=8

Run status group 0 (all jobs):
  WRITE: bw=1110MiB/s (1164MB/s), 1110MiB/s-1110MiB/s (1164MB/s-1164MB/s), io=65.0GiB (69.8GB), run=60001-60001msec
