"randread_16k_4_1": (g=0): rw=randread, bs=(R) 16.0KiB-16.0KiB, (W) 16.0KiB-16.0KiB, (T) 16.0KiB-16.0KiB, ioengine=io_uring, iodepth=4
fio-3.28
Starting 1 thread

"randread_16k_4_1": (groupid=0, jobs=1): err= 0: pid=5809: Thu Aug 10 23:09:14 2023
  read: IOPS=61.0k, BW=954MiB/s (1000MB/s)(55.9GiB/60001msec)
    slat (nsec): min=2422, max=44412, avg=4675.13, stdev=965.15
    clat (usec): min=13, max=4579, avg=59.72, stdev=21.75
     lat (usec): min=42, max=4585, avg=64.57, stdev=21.67
    clat percentiles (usec):
     |  1.00th=[   45],  5.00th=[   47], 10.00th=[   48], 20.00th=[   49],
     | 30.00th=[   51], 40.00th=[   52], 50.00th=[   55], 60.00th=[   59],
     | 70.00th=[   62], 80.00th=[   69], 90.00th=[   74], 95.00th=[   78],
     | 99.00th=[  198], 99.50th=[  219], 99.90th=[  243], 99.95th=[  249],
     | 99.99th=[  265]
   bw (  KiB/s): min=918400, max=1006272, per=100.00%, avg=976718.74, stdev=9691.38, samples=120
   iops        : min=57400, max=62892, avg=61044.89, stdev=605.68, samples=120
  lat (usec)   : 20=0.01%, 50=26.64%, 100=71.78%, 250=1.54%, 500=0.04%
  lat (usec)   : 750=0.01%
  lat (msec)   : 2=0.01%, 4=0.01%, 10=0.01%
  cpu          : usr=16.21%, sys=39.53%, ctx=2419733, majf=0, minf=0
  IO depths    : 1=0.0%, 2=0.0%, 4=100.0%, 8=0.0%, 16=0.0%, 32=0.0%, >=64=0.0%
     submit    : 0=0.0%, 4=100.0%, 8=0.0%, 16=0.0%, 32=0.0%, 64=0.0%, >=64=0.0%
     complete  : 0=0.0%, 4=100.0%, 8=0.0%, 16=0.0%, 32=0.0%, 64=0.0%, >=64=0.0%
     issued rwts: total=3662413,0,0,0 short=0,0,0,0 dropped=0,0,0,0
     latency   : target=0, window=0, percentile=100.00%, depth=4

Run status group 0 (all jobs):
   READ: bw=954MiB/s (1000MB/s), 954MiB/s-954MiB/s (1000MB/s-1000MB/s), io=55.9GiB (60.0GB), run=60001-60001msec
