"randwrite_64k_4_1": (g=0): rw=randwrite, bs=(R) 64.0KiB-64.0KiB, (W) 64.0KiB-64.0KiB, (T) 64.0KiB-64.0KiB, ioengine=io_uring, iodepth=4
fio-3.28
Starting 1 thread

"randwrite_64k_4_1": (groupid=0, jobs=1): err= 0: pid=11435: Thu Aug 10 23:42:10 2023
  write: IOPS=19.8k, BW=1236MiB/s (1296MB/s)(72.4GiB/60001msec); 0 zone resets
    slat (nsec): min=4598, max=45681, avg=7756.41, stdev=1154.41
    clat (usec): min=104, max=6060, avg=193.30, stdev=29.14
     lat (usec): min=111, max=6068, avg=201.21, stdev=29.14
    clat percentiles (usec):
     |  1.00th=[  159],  5.00th=[  172], 10.00th=[  178], 20.00th=[  182],
     | 30.00th=[  186], 40.00th=[  188], 50.00th=[  190], 60.00th=[  192],
     | 70.00th=[  194], 80.00th=[  198], 90.00th=[  204], 95.00th=[  210],
     | 99.00th=[  343], 99.50th=[  351], 99.90th=[  367], 99.95th=[  375],
     | 99.99th=[  392]
   bw (  MiB/s): min= 1199, max= 1246, per=100.00%, avg=1236.01, stdev= 5.25, samples=120
   iops        : min=19184, max=19944, avg=19776.07, stdev=84.03, samples=120
  lat (usec)   : 250=97.01%, 500=2.99%, 750=0.01%, 1000=0.01%
  lat (msec)   : 2=0.01%, 4=0.01%, 10=0.01%
  cpu          : usr=7.61%, sys=18.58%, ctx=1169986, majf=0, minf=0
  IO depths    : 1=0.0%, 2=0.0%, 4=100.0%, 8=0.0%, 16=0.0%, 32=0.0%, >=64=0.0%
     submit    : 0=0.0%, 4=100.0%, 8=0.0%, 16=0.0%, 32=0.0%, 64=0.0%, >=64=0.0%
     complete  : 0=0.0%, 4=100.0%, 8=0.0%, 16=0.0%, 32=0.0%, 64=0.0%, >=64=0.0%
     issued rwts: total=0,1186491,0,0 short=0,0,0,0 dropped=0,0,0,0
     latency   : target=0, window=0, percentile=100.00%, depth=4

Run status group 0 (all jobs):
  WRITE: bw=1236MiB/s (1296MB/s), 1236MiB/s-1236MiB/s (1296MB/s-1296MB/s), io=72.4GiB (77.8GB), run=60001-60001msec
