"randread_4k_8_1": (g=0): rw=randread, bs=(R) 4096B-4096B, (W) 4096B-4096B, (T) 4096B-4096B, ioengine=io_uring, iodepth=8
fio-3.28
Starting 1 thread

"randread_4k_8_1": (groupid=0, jobs=1): err= 0: pid=4631: Thu Aug 10 23:02:11 2023
  read: IOPS=127k, BW=496MiB/s (520MB/s)(29.1GiB/60001msec)
    slat (nsec): min=2003, max=45378, avg=3875.35, stdev=970.86
    clat (usec): min=23, max=6675, avg=58.02, stdev=22.58
     lat (usec): min=32, max=6679, avg=62.07, stdev=22.54
    clat percentiles (usec):
     |  1.00th=[   38],  5.00th=[   43], 10.00th=[   45], 20.00th=[   48],
     | 30.00th=[   51], 40.00th=[   54], 50.00th=[   57], 60.00th=[   59],
     | 70.00th=[   61], 80.00th=[   64], 90.00th=[   70], 95.00th=[   74],
     | 99.00th=[  202], 99.50th=[  235], 99.90th=[  258], 99.95th=[  265],
     | 99.99th=[  281]
   bw (  KiB/s): min=478645, max=526448, per=100.00%, avg=508063.75, stdev=6700.07, samples=120
   iops        : min=119661, max=131612, avg=127015.93, stdev=1675.01, samples=120
  lat (usec)   : 50=29.05%, 100=69.59%, 250=1.17%, 500=0.18%, 750=0.01%
  lat (msec)   : 2=0.01%, 4=0.01%, 10=0.01%
  cpu          : usr=25.54%, sys=54.19%, ctx=1443108, majf=0, minf=0
  IO depths    : 1=0.0%, 2=0.0%, 4=0.0%, 8=100.0%, 16=0.0%, 32=0.0%, >=64=0.0%
     submit    : 0=0.0%, 4=100.0%, 8=0.0%, 16=0.0%, 32=0.0%, 64=0.0%, >=64=0.0%
     complete  : 0=0.0%, 4=100.0%, 8=0.1%, 16=0.0%, 32=0.0%, 64=0.0%, >=64=0.0%
     issued rwts: total=7620337,0,0,0 short=0,0,0,0 dropped=0,0,0,0
     latency   : target=0, window=0, percentile=100.00%, depth=8

Run status group 0 (all jobs):
   READ: bw=496MiB/s (520MB/s), 496MiB/s-496MiB/s (520MB/s-520MB/s), io=29.1GiB (31.2GB), run=60001-60001msec
