"randwrite_64k_32_1": (g=0): rw=randwrite, bs=(R) 64.0KiB-64.0KiB, (W) 64.0KiB-64.0KiB, (T) 64.0KiB-64.0KiB, ioengine=io_uring, iodepth=32
fio-3.28
Starting 1 thread

"randwrite_64k_32_1": (groupid=0, jobs=1): err= 0: pid=12015: Thu Aug 10 23:45:42 2023
  write: IOPS=21.4k, BW=1339MiB/s (1404MB/s)(78.4GiB/60002msec); 0 zone resets
    slat (nsec): min=4015, max=77986, avg=6776.75, stdev=1540.51
    clat (usec): min=335, max=9980, avg=1486.09, stdev=601.77
     lat (usec): min=342, max=9987, avg=1493.02, stdev=601.63
    clat percentiles (usec):
     |  1.00th=[  545],  5.00th=[  979], 10.00th=[ 1029], 20.00th=[ 1074],
     | 30.00th=[ 1123], 40.00th=[ 1172], 50.00th=[ 1254], 60.00th=[ 1467],
     | 70.00th=[ 1614], 80.00th=[ 1844], 90.00th=[ 2245], 95.00th=[ 2671],
     | 99.00th=[ 3654], 99.50th=[ 4080], 99.90th=[ 5080], 99.95th=[ 5538],
     | 99.99th=[ 6456]
   bw (  MiB/s): min= 1261, max= 1356, per=100.00%, avg=1338.88, stdev=11.87, samples=120
   iops        : min=20190, max=21696, avg=21421.93, stdev=189.83, samples=120
  lat (usec)   : 500=0.31%, 750=2.40%, 1000=4.23%
  lat (msec)   : 2=77.25%, 4=15.24%, 10=0.58%
  cpu          : usr=7.81%, sys=14.19%, ctx=664191, majf=0, minf=0
  IO depths    : 1=0.0%, 2=0.0%, 4=0.0%, 8=0.0%, 16=0.0%, 32=100.0%, >=64=0.0%
     submit    : 0=0.0%, 4=100.0%, 8=0.0%, 16=0.0%, 32=0.0%, 64=0.0%, >=64=0.0%
     complete  : 0=0.0%, 4=100.0%, 8=0.0%, 16=0.0%, 32=0.1%, 64=0.0%, >=64=0.0%
     issued rwts: total=0,1285192,0,0 short=0,0,0,0 dropped=0,0,0,0
     latency   : target=0, window=0, percentile=100.00%, depth=32

Run status group 0 (all jobs):
  WRITE: bw=1339MiB/s (1404MB/s), 1339MiB/s-1339MiB/s (1404MB/s-1404MB/s), io=78.4GiB (84.2GB), run=60002-60002msec
