"randwrite_64k_8_1": (g=0): rw=randwrite, bs=(R) 64.0KiB-64.0KiB, (W) 64.0KiB-64.0KiB, (T) 64.0KiB-64.0KiB, ioengine=io_uring, iodepth=8
fio-3.28
Starting 1 thread

"randwrite_64k_8_1": (groupid=0, jobs=1): err= 0: pid=11627: Thu Aug 10 23:43:21 2023
  write: IOPS=22.2k, BW=1390MiB/s (1458MB/s)(81.5GiB/60001msec); 0 zone resets
    slat (nsec): min=4741, max=43723, avg=7749.34, stdev=1495.52
    clat (usec): min=136, max=2303, avg=350.65, stdev=47.32
     lat (usec): min=146, max=2313, avg=358.58, stdev=47.25
    clat percentiles (usec):
     |  1.00th=[  281],  5.00th=[  302], 10.00th=[  314], 20.00th=[  322],
     | 30.00th=[  330], 40.00th=[  338], 50.00th=[  343], 60.00th=[  351],
     | 70.00th=[  355], 80.00th=[  363], 90.00th=[  379], 95.00th=[  482],
     | 99.00th=[  537], 99.50th=[  545], 99.90th=[  570], 99.95th=[  578],
     | 99.99th=[  603]
   bw (  MiB/s): min= 1354, max= 1421, per=100.00%, avg=1390.40, stdev= 4.94, samples=120
   iops        : min=21676, max=22738, avg=22246.43, stdev=79.09, samples=120
  lat (usec)   : 250=0.07%, 500=96.15%, 750=3.78%, 1000=0.01%
  lat (msec)   : 4=0.01%
  cpu          : usr=7.49%, sys=20.03%, ctx=1003934, majf=0, minf=0
  IO depths    : 1=0.0%, 2=0.0%, 4=0.0%, 8=100.0%, 16=0.0%, 32=0.0%, >=64=0.0%
     submit    : 0=0.0%, 4=100.0%, 8=0.0%, 16=0.0%, 32=0.0%, 64=0.0%, >=64=0.0%
     complete  : 0=0.0%, 4=100.0%, 8=0.1%, 16=0.0%, 32=0.0%, 64=0.0%, >=64=0.0%
     issued rwts: total=0,1334700,0,0 short=0,0,0,0 dropped=0,0,0,0
     latency   : target=0, window=0, percentile=100.00%, depth=8

Run status group 0 (all jobs):
  WRITE: bw=1390MiB/s (1458MB/s), 1390MiB/s-1390MiB/s (1458MB/s-1458MB/s), io=81.5GiB (87.5GB), run=60001-60001msec
