"randread_16k_128_1": (g=0): rw=randread, bs=(R) 16.0KiB-16.0KiB, (W) 16.0KiB-16.0KiB, (T) 16.0KiB-16.0KiB, ioengine=io_uring, iodepth=128
fio-3.28
Starting 1 thread

"randread_16k_128_1": (groupid=0, jobs=1): err= 0: pid=6779: Thu Aug 10 23:15:07 2023
  read: IOPS=85.3k, BW=1333MiB/s (1398MB/s)(78.1GiB/60002msec)
    slat (nsec): min=2270, max=85480, avg=3871.98, stdev=1424.44
    clat (usec): min=133, max=14233, avg=1494.83, stdev=866.12
     lat (usec): min=139, max=14236, avg=1498.87, stdev=865.50
    clat percentiles (usec):
     |  1.00th=[  326],  5.00th=[  388], 10.00th=[  420], 20.00th=[  478],
     | 30.00th=[ 1336], 40.00th=[ 1418], 50.00th=[ 1483], 60.00th=[ 1532],
     | 70.00th=[ 1631], 80.00th=[ 1827], 90.00th=[ 2606], 95.00th=[ 2900],
     | 99.00th=[ 4359], 99.50th=[ 4752], 99.90th=[ 5932], 99.95th=[ 6587],
     | 99.99th=[ 7767]
   bw (  MiB/s): min= 1300, max= 1349, per=100.00%, avg=1333.59, stdev= 8.58, samples=120
   iops        : min=83258, max=86374, avg=85349.84, stdev=549.13, samples=120
  lat (usec)   : 250=0.08%, 500=21.99%, 750=3.24%, 1000=0.10%
  lat (msec)   : 2=55.97%, 4=17.39%, 10=1.24%, 20=0.01%
  cpu          : usr=14.84%, sys=34.79%, ctx=543183, majf=0, minf=0
  IO depths    : 1=0.0%, 2=0.0%, 4=0.0%, 8=0.0%, 16=0.0%, 32=0.0%, >=64=100.0%
     submit    : 0=0.0%, 4=100.0%, 8=0.0%, 16=0.0%, 32=0.0%, 64=0.0%, >=64=0.0%
     complete  : 0=0.0%, 4=100.0%, 8=0.0%, 16=0.0%, 32=0.0%, 64=0.0%, >=64=0.1%
     issued rwts: total=5120584,0,0,0 short=0,0,0,0 dropped=0,0,0,0
     latency   : target=0, window=0, percentile=100.00%, depth=128

Run status group 0 (all jobs):
   READ: bw=1333MiB/s (1398MB/s), 1333MiB/s-1333MiB/s (1398MB/s-1398MB/s), io=78.1GiB (83.9GB), run=60002-60002msec
