"randread_64k_64_1": (g=0): rw=randread, bs=(R) 64.0KiB-64.0KiB, (W) 64.0KiB-64.0KiB, (T) 64.0KiB-64.0KiB, ioengine=io_uring, iodepth=64
fio-3.28
Starting 1 thread

"randread_64k_64_1": (groupid=0, jobs=1): err= 0: pid=7964: Thu Aug 10 23:22:11 2023
  read: IOPS=19.5k, BW=1221MiB/s (1280MB/s)(71.5GiB/60002msec)
    slat (nsec): min=2904, max=65439, avg=4938.97, stdev=1117.41
    clat (usec): min=287, max=29468, avg=3271.03, stdev=1749.28
     lat (usec): min=292, max=29475, avg=3276.11, stdev=1749.23
    clat percentiles (usec):
     |  1.00th=[  676],  5.00th=[ 1975], 10.00th=[ 2024], 20.00th=[ 2089],
     | 30.00th=[ 2147], 40.00th=[ 2245], 50.00th=[ 2343], 60.00th=[ 3425],
     | 70.00th=[ 3621], 80.00th=[ 3916], 90.00th=[ 5211], 95.00th=[ 6587],
     | 99.00th=[ 9503], 99.50th=[10814], 99.90th=[13698], 99.95th=[15008],
     | 99.99th=[17957]
   bw (  MiB/s): min= 1143, max= 1231, per=100.00%, avg=1220.67, stdev= 9.21, samples=120
   iops        : min=18302, max=19702, avg=19530.77, stdev=147.45, samples=120
  lat (usec)   : 500=0.01%, 750=1.35%, 1000=0.19%
  lat (msec)   : 2=5.73%, 4=73.19%, 10=18.77%, 20=0.77%, 50=0.01%
  cpu          : usr=5.16%, sys=12.76%, ctx=854642, majf=0, minf=0
  IO depths    : 1=0.0%, 2=0.0%, 4=0.0%, 8=0.0%, 16=0.0%, 32=0.0%, >=64=100.0%
     submit    : 0=0.0%, 4=100.0%, 8=0.0%, 16=0.0%, 32=0.0%, 64=0.0%, >=64=0.0%
     complete  : 0=0.0%, 4=100.0%, 8=0.0%, 16=0.0%, 32=0.0%, 64=0.1%, >=64=0.0%
     issued rwts: total=1171795,0,0,0 short=0,0,0,0 dropped=0,0,0,0
     latency   : target=0, window=0, percentile=100.00%, depth=64

Run status group 0 (all jobs):
   READ: bw=1221MiB/s (1280MB/s), 1221MiB/s-1221MiB/s (1280MB/s-1280MB/s), io=71.5GiB (76.8GB), run=60002-60002msec
