"randwrite_4k_64_1": (g=0): rw=randwrite, bs=(R) 4096B-4096B, (W) 4096B-4096B, (T) 4096B-4096B, ioengine=io_uring, iodepth=64
fio-3.28
Starting 1 thread

"randwrite_4k_64_1": (groupid=0, jobs=1): err= 0: pid=9332: Thu Aug 10 23:30:25 2023
  write: IOPS=155k, BW=605MiB/s (634MB/s)(35.4GiB/60001msec); 0 zone resets
    slat (usec): min=2, max=159, avg= 4.69, stdev= 2.82
    clat (usec): min=149, max=7469, avg=407.30, stdev=156.05
     lat (usec): min=154, max=7473, avg=412.27, stdev=157.21
    clat percentiles (usec):
     |  1.00th=[  265],  5.00th=[  310], 10.00th=[  330], 20.00th=[  351],
     | 30.00th=[  363], 40.00th=[  375], 50.00th=[  383], 60.00th=[  396],
     | 70.00th=[  408], 80.00th=[  429], 90.00th=[  449], 95.00th=[  537],
     | 99.00th=[ 1139], 99.50th=[ 1287], 99.90th=[ 1614], 99.95th=[ 1745],
     | 99.99th=[ 5342]
   bw (  KiB/s): min=243888, max=750981, per=100.00%, avg=619579.12, stdev=103164.25, samples=120
   iops        : min=60972, max=187745, avg=154894.72, stdev=25791.03, samples=120
  lat (usec)   : 250=0.45%, 500=93.56%, 750=3.33%, 1000=0.92%
  lat (msec)   : 2=1.71%, 4=0.01%, 10=0.02%
  cpu          : usr=27.33%, sys=66.11%, ctx=293438, majf=0, minf=0
  IO depths    : 1=0.0%, 2=0.0%, 4=0.0%, 8=0.0%, 16=0.0%, 32=0.0%, >=64=100.0%
     submit    : 0=0.0%, 4=100.0%, 8=0.0%, 16=0.0%, 32=0.0%, 64=0.0%, >=64=0.0%
     complete  : 0=0.0%, 4=100.0%, 8=0.0%, 16=0.0%, 32=0.0%, 64=0.1%, >=64=0.0%
     issued rwts: total=0,9292979,0,0 short=0,0,0,0 dropped=0,0,0,0
     latency   : target=0, window=0, percentile=100.00%, depth=64

Run status group 0 (all jobs):
  WRITE: bw=605MiB/s (634MB/s), 605MiB/s-605MiB/s (634MB/s-634MB/s), io=35.4GiB (38.1GB), run=60001-60001msec
