"randwrite_16k_1_1": (g=0): rw=randwrite, bs=(R) 16.0KiB-16.0KiB, (W) 16.0KiB-16.0KiB, (T) 16.0KiB-16.0KiB, ioengine=io_uring, iodepth=1
fio-3.28
Starting 1 thread

"randwrite_16k_1_1": (groupid=0, jobs=1): err= 0: pid=13268: Thu Aug 10 23:54:01 2023
  write: IOPS=17.3k, BW=270MiB/s (283MB/s)(15.8GiB/60001msec); 0 zone resets
    slat (nsec): min=5364, max=37560, avg=6264.48, stdev=588.49
    clat (usec): min=20, max=433, avg=50.50, stdev=12.91
     lat (usec): min=50, max=439, avg=56.91, stdev=12.93
    clat percentiles (usec):
     |  1.00th=[   47],  5.00th=[   48], 10.00th=[   48], 20.00th=[   48],
     | 30.00th=[   49], 40.00th=[   49], 50.00th=[   49], 60.00th=[   49],
     | 70.00th=[   50], 80.00th=[   50], 90.00th=[   51], 95.00th=[   52],
     | 99.00th=[  149], 99.50th=[  165], 99.90th=[  174], 99.95th=[  176],
     | 99.99th=[  186]
   bw (  KiB/s): min=265632, max=285440, per=100.00%, avg=276270.36, stdev=3571.93, samples=120
   iops        : min=16602, max=17840, avg=17266.87, stdev=223.24, samples=120
  lat (usec)   : 50=84.52%, 100=14.05%, 250=1.43%, 500=0.01%
  cpu          : usr=5.24%, sys=16.34%, ctx=1036018, majf=0, minf=0
  IO depths    : 1=100.0%, 2=0.0%, 4=0.0%, 8=0.0%, 16=0.0%, 32=0.0%, >=64=0.0%
     submit    : 0=0.0%, 4=100.0%, 8=0.0%, 16=0.0%, 32=0.0%, 64=0.0%, >=64=0.0%
     complete  : 0=0.0%, 4=100.0%, 8=0.0%, 16=0.0%, 32=0.0%, 64=0.0%, >=64=0.0%
     issued rwts: total=0,1035953,0,0 short=0,0,0,0 dropped=0,0,0,0
     latency   : target=0, window=0, percentile=100.00%, depth=1

Run status group 0 (all jobs):
  WRITE: bw=270MiB/s (283MB/s), 270MiB/s-270MiB/s (283MB/s-283MB/s), io=15.8GiB (17.0GB), run=60001-60001msec
