"randread_4k_16_1": (g=0): rw=randread, bs=(R) 4096B-4096B, (W) 4096B-4096B, (T) 4096B-4096B, ioengine=io_uring, iodepth=16
fio-3.28
Starting 1 thread

"randread_4k_16_1": (groupid=0, jobs=1): err= 0: pid=4821: Thu Aug 10 23:03:21 2023
  read: IOPS=172k, BW=670MiB/s (703MB/s)(39.3GiB/60001msec)
    slat (nsec): min=2013, max=92481, avg=3951.30, stdev=1272.88
    clat (usec): min=32, max=19472, avg=88.01, stdev=40.98
     lat (usec): min=37, max=19476, avg=92.16, stdev=41.04
    clat percentiles (usec):
     |  1.00th=[   62],  5.00th=[   70], 10.00th=[   74], 20.00th=[   78],
     | 30.00th=[   81], 40.00th=[   84], 50.00th=[   86], 60.00th=[   88],
     | 70.00th=[   90], 80.00th=[   93], 90.00th=[   97], 95.00th=[  101],
     | 99.00th=[  277], 99.50th=[  302], 99.90th=[  326], 99.95th=[  338],
     | 99.99th=[  494]
   bw (  KiB/s): min=599272, max=765432, per=100.00%, avg=686234.22, stdev=41034.57, samples=120
   iops        : min=149818, max=191356, avg=171558.52, stdev=10258.68, samples=120
  lat (usec)   : 50=0.02%, 100=94.00%, 250=4.78%, 500=1.19%, 750=0.01%
  lat (usec)   : 1000=0.01%
  lat (msec)   : 2=0.01%, 4=0.01%, 10=0.01%, 20=0.01%
  cpu          : usr=30.50%, sys=65.16%, ctx=108927, majf=0, minf=0
  IO depths    : 1=0.0%, 2=0.0%, 4=0.0%, 8=0.0%, 16=100.0%, 32=0.0%, >=64=0.0%
     submit    : 0=0.0%, 4=100.0%, 8=0.0%, 16=0.0%, 32=0.0%, 64=0.0%, >=64=0.0%
     complete  : 0=0.0%, 4=100.0%, 8=0.0%, 16=0.1%, 32=0.0%, 64=0.0%, >=64=0.0%
     issued rwts: total=10292515,0,0,0 short=0,0,0,0 dropped=0,0,0,0
     latency   : target=0, window=0, percentile=100.00%, depth=16

Run status group 0 (all jobs):
   READ: bw=670MiB/s (703MB/s), 670MiB/s-670MiB/s (703MB/s-703MB/s), io=39.3GiB (42.2GB), run=60001-60001msec
