"randread_4k_64_1": (g=0): rw=randread, bs=(R) 4096B-4096B, (W) 4096B-4096B, (T) 4096B-4096B, ioengine=io_uring, iodepth=64
fio-3.28
Starting 1 thread

"randread_4k_64_1": (groupid=0, jobs=1): err= 0: pid=5221: Thu Aug 10 23:05:43 2023
  read: IOPS=178k, BW=696MiB/s (730MB/s)(40.8GiB/60001msec)
    slat (nsec): min=1951, max=192348, avg=3958.04, stdev=1342.29
    clat (usec): min=40, max=7234, avg=353.86, stdev=111.92
     lat (usec): min=44, max=7237, avg=358.02, stdev=112.07
    clat percentiles (usec):
     |  1.00th=[  245],  5.00th=[  285], 10.00th=[  314], 20.00th=[  334],
     | 30.00th=[  343], 40.00th=[  347], 50.00th=[  355], 60.00th=[  359],
     | 70.00th=[  363], 80.00th=[  371], 90.00th=[  388], 95.00th=[  396],
     | 99.00th=[  465], 99.50th=[  494], 99.90th=[ 1123], 99.95th=[ 2311],
     | 99.99th=[ 5932]
   bw (  KiB/s): min=627592, max=797552, per=100.00%, avg=712918.53, stdev=30311.77, samples=120
   iops        : min=156898, max=199388, avg=178229.60, stdev=7577.96, samples=120
  lat (usec)   : 50=0.01%, 100=0.01%, 250=1.34%, 500=98.23%, 750=0.32%
  lat (usec)   : 1000=0.01%
  lat (msec)   : 2=0.03%, 4=0.03%, 10=0.04%
  cpu          : usr=29.86%, sys=68.43%, ctx=23643, majf=0, minf=0
  IO depths    : 1=0.0%, 2=0.0%, 4=0.0%, 8=0.0%, 16=0.0%, 32=0.0%, >=64=100.0%
     submit    : 0=0.0%, 4=100.0%, 8=0.0%, 16=0.0%, 32=0.0%, 64=0.0%, >=64=0.0%
     complete  : 0=0.0%, 4=100.0%, 8=0.0%, 16=0.0%, 32=0.0%, 64=0.1%, >=64=0.0%
     issued rwts: total=10692769,0,0,0 short=0,0,0,0 dropped=0,0,0,0
     latency   : target=0, window=0, percentile=100.00%, depth=64

Run status group 0 (all jobs):
   READ: bw=696MiB/s (730MB/s), 696MiB/s-696MiB/s (730MB/s-730MB/s), io=40.8GiB (43.8GB), run=60001-60001msec
