"randread_16k_16_1": (g=0): rw=randread, bs=(R) 16.0KiB-16.0KiB, (W) 16.0KiB-16.0KiB, (T) 16.0KiB-16.0KiB, ioengine=io_uring, iodepth=16
fio-3.28
Starting 1 thread

"randread_16k_16_1": (groupid=0, jobs=1): err= 0: pid=6202: Thu Aug 10 23:11:36 2023
  read: IOPS=89.9k, BW=1405MiB/s (1474MB/s)(82.3GiB/60001msec)
    slat (nsec): min=2362, max=45511, avg=4086.34, stdev=1162.88
    clat (usec): min=48, max=3694, avg=172.85, stdev=42.92
     lat (usec): min=52, max=3698, avg=177.09, stdev=42.84
    clat percentiles (usec):
     |  1.00th=[  103],  5.00th=[  121], 10.00th=[  130], 20.00th=[  143],
     | 30.00th=[  153], 40.00th=[  161], 50.00th=[  169], 60.00th=[  178],
     | 70.00th=[  186], 80.00th=[  196], 90.00th=[  212], 95.00th=[  229],
     | 99.00th=[  367], 99.50th=[  383], 99.90th=[  416], 99.95th=[  424],
     | 99.99th=[  453]
   bw (  MiB/s): min= 1372, max= 1423, per=100.00%, avg=1405.47, stdev= 9.93, samples=120
   iops        : min=87849, max=91106, avg=89950.21, stdev=635.28, samples=120
  lat (usec)   : 50=0.01%, 100=0.71%, 250=96.34%, 500=2.94%, 750=0.01%
  lat (msec)   : 2=0.01%, 4=0.01%
  cpu          : usr=16.33%, sys=41.37%, ctx=1277648, majf=0, minf=0
  IO depths    : 1=0.0%, 2=0.0%, 4=0.0%, 8=0.0%, 16=100.0%, 32=0.0%, >=64=0.0%
     submit    : 0=0.0%, 4=100.0%, 8=0.0%, 16=0.0%, 32=0.0%, 64=0.0%, >=64=0.0%
     complete  : 0=0.0%, 4=100.0%, 8=0.0%, 16=0.1%, 32=0.0%, 64=0.0%, >=64=0.0%
     issued rwts: total=5396656,0,0,0 short=0,0,0,0 dropped=0,0,0,0
     latency   : target=0, window=0, percentile=100.00%, depth=16

Run status group 0 (all jobs):
   READ: bw=1405MiB/s (1474MB/s), 1405MiB/s-1405MiB/s (1474MB/s-1474MB/s), io=82.3GiB (88.4GB), run=60001-60001msec
