"randread_16k_32_1": (g=0): rw=randread, bs=(R) 16.0KiB-16.0KiB, (W) 16.0KiB-16.0KiB, (T) 16.0KiB-16.0KiB, ioengine=io_uring, iodepth=32
fio-3.28
Starting 1 thread

"randread_16k_32_1": (groupid=0, jobs=1): err= 0: pid=50497: Fri Aug 11 14:50:36 2023
  read: IOPS=171k, BW=2673MiB/s (2803MB/s)(157GiB/60001msec)
    slat (nsec): min=2288, max=44523, avg=3366.78, stdev=1068.38
    clat (usec): min=87, max=19577, avg=182.94, stdev=47.34
     lat (usec): min=90, max=19580, avg=186.43, stdev=47.27
    clat percentiles (usec):
     |  1.00th=[  129],  5.00th=[  139], 10.00th=[  147], 20.00th=[  157],
     | 30.00th=[  163], 40.00th=[  172], 50.00th=[  178], 60.00th=[  186],
     | 70.00th=[  194], 80.00th=[  206], 90.00th=[  227], 95.00th=[  249],
     | 99.00th=[  285], 99.50th=[  293], 99.90th=[  314], 99.95th=[  322],
     | 99.99th=[  338]
   bw (  MiB/s): min= 2556, max= 2760, per=100.00%, avg=2672.92, stdev=41.91, samples=120
   iops        : min=163616, max=176674, avg=171066.93, stdev=2682.14, samples=120
  lat (usec)   : 100=0.01%, 250=95.18%, 500=4.82%, 750=0.01%, 1000=0.01%
  lat (msec)   : 2=0.01%, 20=0.01%
  cpu          : usr=21.46%, sys=57.94%, ctx=767663, majf=0, minf=0
  IO depths    : 1=0.0%, 2=0.0%, 4=0.0%, 8=0.0%, 16=0.0%, 32=100.0%, >=64=0.0%
     submit    : 0=0.0%, 4=100.0%, 8=0.0%, 16=0.0%, 32=0.0%, 64=0.0%, >=64=0.0%
     complete  : 0=0.0%, 4=100.0%, 8=0.0%, 16=0.0%, 32=0.1%, 64=0.0%, >=64=0.0%
     issued rwts: total=10263276,0,0,0 short=0,0,0,0 dropped=0,0,0,0
     latency   : target=0, window=0, percentile=100.00%, depth=32

Run status group 0 (all jobs):
   READ: bw=2673MiB/s (2803MB/s), 2673MiB/s-2673MiB/s (2803MB/s-2803MB/s), io=157GiB (168GB), run=60001-60001msec
