"randread_16k_2_1": (g=0): rw=randread, bs=(R) 16.0KiB-16.0KiB, (W) 16.0KiB-16.0KiB, (T) 16.0KiB-16.0KiB, ioengine=io_uring, iodepth=2
fio-3.28
Starting 1 thread

"randread_16k_2_1": (groupid=0, jobs=1): err= 0: pid=50102: Fri Aug 11 14:45:54 2023
  read: IOPS=42.8k, BW=669MiB/s (702MB/s)(39.2GiB/60001msec)
    slat (nsec): min=2574, max=32520, avg=3766.74, stdev=626.07
    clat (usec): min=10, max=1136, avg=42.07, stdev= 8.69
     lat (usec): min=40, max=1139, avg=45.95, stdev= 8.71
    clat percentiles (usec):
     |  1.00th=[   39],  5.00th=[   40], 10.00th=[   40], 20.00th=[   40],
     | 30.00th=[   40], 40.00th=[   41], 50.00th=[   41], 60.00th=[   41],
     | 70.00th=[   42], 80.00th=[   42], 90.00th=[   43], 95.00th=[   46],
     | 99.00th=[   99], 99.50th=[  102], 99.90th=[  109], 99.95th=[  111],
     | 99.99th=[  119]
   bw (  KiB/s): min=642629, max=702016, per=100.00%, avg=685304.07, stdev=14817.61, samples=120
   iops        : min=40164, max=43876, avg=42831.47, stdev=926.11, samples=120
  lat (usec)   : 20=0.01%, 50=96.24%, 100=2.99%, 250=0.77%, 500=0.01%
  lat (usec)   : 1000=0.01%
  lat (msec)   : 2=0.01%
  cpu          : usr=10.43%, sys=24.05%, ctx=2543518, majf=0, minf=0
  IO depths    : 1=0.0%, 2=100.0%, 4=0.0%, 8=0.0%, 16=0.0%, 32=0.0%, >=64=0.0%
     submit    : 0=0.0%, 4=100.0%, 8=0.0%, 16=0.0%, 32=0.0%, 64=0.0%, >=64=0.0%
     complete  : 0=0.0%, 4=100.0%, 8=0.0%, 16=0.0%, 32=0.0%, 64=0.0%, >=64=0.0%
     issued rwts: total=2569627,0,0,0 short=0,0,0,0 dropped=0,0,0,0
     latency   : target=0, window=0, percentile=100.00%, depth=2

Run status group 0 (all jobs):
   READ: bw=669MiB/s (702MB/s), 669MiB/s-669MiB/s (702MB/s-702MB/s), io=39.2GiB (42.1GB), run=60001-60001msec
