"randwrite_4k_64_1": (g=0): rw=randwrite, bs=(R) 4096B-4096B, (W) 4096B-4096B, (T) 4096B-4096B, ioengine=io_uring, iodepth=64
fio-3.28
Starting 1 thread

"randwrite_4k_64_1": (groupid=0, jobs=1): err= 0: pid=51982: Fri Aug 11 15:08:13 2023
  write: IOPS=216k, BW=844MiB/s (885MB/s)(49.4GiB/60001msec); 0 zone resets
    slat (nsec): min=2181, max=47762, avg=2847.28, stdev=843.96
    clat (usec): min=166, max=3002, avg=292.85, stdev=36.81
     lat (usec): min=172, max=3005, avg=295.84, stdev=36.48
    clat percentiles (usec):
     |  1.00th=[  221],  5.00th=[  239], 10.00th=[  251], 20.00th=[  269],
     | 30.00th=[  277], 40.00th=[  285], 50.00th=[  289], 60.00th=[  293],
     | 70.00th=[  302], 80.00th=[  318], 90.00th=[  343], 95.00th=[  363],
     | 99.00th=[  404], 99.50th=[  420], 99.90th=[  449], 99.95th=[  465],
     | 99.99th=[  510]
   bw (  KiB/s): min=788616, max=870616, per=100.00%, avg=864108.87, stdev=11305.48, samples=120
   iops        : min=197154, max=217654, avg=216027.21, stdev=2826.37, samples=120
  lat (usec)   : 250=9.91%, 500=90.08%, 750=0.01%, 1000=0.01%
  lat (msec)   : 2=0.01%, 4=0.01%
  cpu          : usr=25.30%, sys=59.06%, ctx=939609, majf=0, minf=0
  IO depths    : 1=0.0%, 2=0.0%, 4=0.0%, 8=0.0%, 16=0.0%, 32=0.0%, >=64=100.0%
     submit    : 0=0.0%, 4=100.0%, 8=0.0%, 16=0.0%, 32=0.0%, 64=0.0%, >=64=0.0%
     complete  : 0=0.0%, 4=100.0%, 8=0.0%, 16=0.0%, 32=0.0%, 64=0.1%, >=64=0.0%
     issued rwts: total=0,12960750,0,0 short=0,0,0,0 dropped=0,0,0,0
     latency   : target=0, window=0, percentile=100.00%, depth=64

Run status group 0 (all jobs):
  WRITE: bw=844MiB/s (885MB/s), 844MiB/s-844MiB/s (885MB/s-885MB/s), io=49.4GiB (53.1GB), run=60001-60001msec
