"randwrite_16k_16_1": (g=0): rw=randwrite, bs=(R) 16.0KiB-16.0KiB, (W) 16.0KiB-16.0KiB, (T) 16.0KiB-16.0KiB, ioengine=io_uring, iodepth=16
fio-3.28
Starting 1 thread

"randwrite_16k_16_1": (groupid=0, jobs=1): err= 0: pid=52481: Fri Aug 11 15:14:05 2023
  write: IOPS=111k, BW=1737MiB/s (1821MB/s)(102GiB/60001msec); 0 zone resets
    slat (nsec): min=2915, max=27441, avg=3712.18, stdev=612.27
    clat (usec): min=58, max=615, avg=139.49, stdev=25.32
     lat (usec): min=63, max=621, avg=143.37, stdev=25.23
    clat percentiles (usec):
     |  1.00th=[   88],  5.00th=[  106], 10.00th=[  115], 20.00th=[  123],
     | 30.00th=[  129], 40.00th=[  133], 50.00th=[  137], 60.00th=[  141],
     | 70.00th=[  145], 80.00th=[  151], 90.00th=[  165], 95.00th=[  194],
     | 99.00th=[  229], 99.50th=[  239], 99.90th=[  255], 99.95th=[  260],
     | 99.99th=[  273]
   bw (  MiB/s): min= 1686, max= 1744, per=100.00%, avg=1737.04, stdev= 8.70, samples=120
   iops        : min=107950, max=111654, avg=111170.41, stdev=556.61, samples=120
  lat (usec)   : 100=3.06%, 250=96.77%, 500=0.16%, 750=0.01%
  cpu          : usr=17.00%, sys=41.65%, ctx=1178622, majf=0, minf=0
  IO depths    : 1=0.0%, 2=0.0%, 4=0.0%, 8=0.0%, 16=100.0%, 32=0.0%, >=64=0.0%
     submit    : 0=0.0%, 4=100.0%, 8=0.0%, 16=0.0%, 32=0.0%, 64=0.0%, >=64=0.0%
     complete  : 0=0.0%, 4=100.0%, 8=0.0%, 16=0.1%, 32=0.0%, 64=0.0%, >=64=0.0%
     issued rwts: total=0,6669837,0,0 short=0,0,0,0 dropped=0,0,0,0
     latency   : target=0, window=0, percentile=100.00%, depth=16

Run status group 0 (all jobs):
  WRITE: bw=1737MiB/s (1821MB/s), 1737MiB/s-1737MiB/s (1821MB/s-1821MB/s), io=102GiB (109GB), run=60001-60001msec
