"randwrite_4k_1_1": (g=0): rw=randwrite, bs=(R) 4096B-4096B, (W) 4096B-4096B, (T) 4096B-4096B, ioengine=io_uring, iodepth=1
fio-3.28
Starting 1 thread

"randwrite_4k_1_1": (groupid=0, jobs=1): err= 0: pid=53788: Fri Aug 11 15:30:36 2023
  write: IOPS=22.8k, BW=88.9MiB/s (93.2MB/s)(5335MiB/60001msec); 0 zone resets
    slat (nsec): min=4449, max=38482, avg=4749.31, stdev=217.04
    clat (usec): min=10, max=18985, avg=38.24, stdev=17.82
     lat (usec): min=39, max=18990, avg=43.12, stdev=17.82
    clat percentiles (usec):
     |  1.00th=[   37],  5.00th=[   37], 10.00th=[   37], 20.00th=[   37],
     | 30.00th=[   37], 40.00th=[   37], 50.00th=[   38], 60.00th=[   38],
     | 70.00th=[   38], 80.00th=[   38], 90.00th=[   39], 95.00th=[   39],
     | 99.00th=[   85], 99.50th=[   94], 99.90th=[   97], 99.95th=[   99],
     | 99.99th=[  109]
   bw (  KiB/s): min=84160, max=91848, per=100.00%, avg=91058.36, stdev=942.23, samples=120
   iops        : min=21040, max=22962, avg=22764.55, stdev=235.53, samples=120
  lat (usec)   : 20=0.01%, 50=97.32%, 100=2.64%, 250=0.04%, 500=0.01%
  lat (usec)   : 750=0.01%
  lat (msec)   : 20=0.01%
  cpu          : usr=5.80%, sys=17.42%, ctx=1365810, majf=0, minf=0
  IO depths    : 1=100.0%, 2=0.0%, 4=0.0%, 8=0.0%, 16=0.0%, 32=0.0%, >=64=0.0%
     submit    : 0=0.0%, 4=100.0%, 8=0.0%, 16=0.0%, 32=0.0%, 64=0.0%, >=64=0.0%
     complete  : 0=0.0%, 4=100.0%, 8=0.0%, 16=0.0%, 32=0.0%, 64=0.0%, >=64=0.0%
     issued rwts: total=0,1365801,0,0 short=0,0,0,0 dropped=0,0,0,0
     latency   : target=0, window=0, percentile=100.00%, depth=1

Run status group 0 (all jobs):
  WRITE: bw=88.9MiB/s (93.2MB/s), 88.9MiB/s-88.9MiB/s (93.2MB/s-93.2MB/s), io=5335MiB (5594MB), run=60001-60001msec
