"randread_4k_128_1": (g=0): rw=randread, bs=(R) 4096B-4096B, (W) 4096B-4096B, (T) 4096B-4096B, ioengine=io_uring, iodepth=128
fio-3.28
Starting 1 thread

"randread_4k_128_1": (groupid=0, jobs=1): err= 0: pid=50006: Fri Aug 11 14:44:44 2023
  read: IOPS=264k, BW=1033MiB/s (1083MB/s)(60.5GiB/60001msec)
    slat (nsec): min=1891, max=128564, avg=2846.35, stdev=1120.48
    clat (usec): min=44, max=3515, avg=480.40, stdev=48.55
     lat (usec): min=48, max=3517, avg=483.36, stdev=48.83
    clat percentiles (usec):
     |  1.00th=[  437],  5.00th=[  453], 10.00th=[  457], 20.00th=[  465],
     | 30.00th=[  469], 40.00th=[  469], 50.00th=[  474], 60.00th=[  474],
     | 70.00th=[  478], 80.00th=[  482], 90.00th=[  490], 95.00th=[  510],
     | 99.00th=[  668], 99.50th=[  676], 99.90th=[ 1106], 99.95th=[ 1205],
     | 99.99th=[ 1287]
   bw (  MiB/s): min=  691, max= 1056, per=100.00%, avg=1032.99, stdev=76.08, samples=120
   iops        : min=177096, max=270464, avg=264446.67, stdev=19477.03, samples=120
  lat (usec)   : 50=0.01%, 100=0.01%, 250=0.01%, 500=94.00%, 750=5.88%
  lat (usec)   : 1000=0.01%
  lat (msec)   : 2=0.12%, 4=0.01%
  cpu          : usr=29.34%, sys=70.50%, ctx=8993, majf=0, minf=0
  IO depths    : 1=0.0%, 2=0.0%, 4=0.0%, 8=0.0%, 16=0.0%, 32=0.0%, >=64=100.0%
     submit    : 0=0.0%, 4=100.0%, 8=0.0%, 16=0.0%, 32=0.0%, 64=0.0%, >=64=0.0%
     complete  : 0=0.0%, 4=100.0%, 8=0.0%, 16=0.0%, 32=0.0%, 64=0.0%, >=64=0.1%
     issued rwts: total=15865569,0,0,0 short=0,0,0,0 dropped=0,0,0,0
     latency   : target=0, window=0, percentile=100.00%, depth=128

Run status group 0 (all jobs):
   READ: bw=1033MiB/s (1083MB/s), 1033MiB/s-1033MiB/s (1083MB/s-1083MB/s), io=60.5GiB (65.0GB), run=60001-60001msec
