"randread_16k_8_1": (g=0): rw=randread, bs=(R) 16.0KiB-16.0KiB, (W) 16.0KiB-16.0KiB, (T) 16.0KiB-16.0KiB, ioengine=io_uring, iodepth=8
fio-3.28
Starting 1 thread

"randread_16k_8_1": (groupid=0, jobs=1): err= 0: pid=95710: Thu Aug 10 17:49:26 2023
  read: IOPS=1583, BW=24.7MiB/s (25.9MB/s)(1484MiB/60002msec)
    slat (nsec): min=2712, max=94587, avg=7166.18, stdev=2792.05
    clat (usec): min=526, max=56755, avg=5043.77, stdev=1769.91
     lat (usec): min=535, max=56762, avg=5051.13, stdev=1769.75
    clat percentiles (usec):
     |  1.00th=[ 2278],  5.00th=[ 2933], 10.00th=[ 3294], 20.00th=[ 3752],
     | 30.00th=[ 4080], 40.00th=[ 4424], 50.00th=[ 4752], 60.00th=[ 5080],
     | 70.00th=[ 5538], 80.00th=[ 6063], 90.00th=[ 7111], 95.00th=[ 8225],
     | 99.00th=[11076], 99.50th=[12387], 99.90th=[15533], 99.95th=[16909],
     | 99.99th=[30016]
   bw (  KiB/s): min=21472, max=27680, per=100.00%, avg=25333.78, stdev=1288.18, samples=120
   iops        : min= 1342, max= 1730, avg=1583.35, stdev=80.52, samples=120
  lat (usec)   : 750=0.01%, 1000=0.02%
  lat (msec)   : 2=0.50%, 4=26.74%, 10=70.99%, 20=1.74%, 50=0.02%
  lat (msec)   : 100=0.01%
  cpu          : usr=0.81%, sys=1.58%, ctx=85583, majf=0, minf=0
  IO depths    : 1=0.0%, 2=0.0%, 4=0.0%, 8=100.0%, 16=0.0%, 32=0.0%, >=64=0.0%
     submit    : 0=0.0%, 4=100.0%, 8=0.0%, 16=0.0%, 32=0.0%, 64=0.0%, >=64=0.0%
     complete  : 0=0.0%, 4=100.0%, 8=0.1%, 16=0.0%, 32=0.0%, 64=0.0%, >=64=0.0%
     issued rwts: total=94997,0,0,0 short=0,0,0,0 dropped=0,0,0,0
     latency   : target=0, window=0, percentile=100.00%, depth=8

Run status group 0 (all jobs):
   READ: bw=24.7MiB/s (25.9MB/s), 24.7MiB/s-24.7MiB/s (25.9MB/s-25.9MB/s), io=1484MiB (1557MB), run=60002-60002msec
