"randwrite_4k_2_1": (g=0): rw=randwrite, bs=(R) 4096B-4096B, (W) 4096B-4096B, (T) 4096B-4096B, ioengine=io_uring, iodepth=2
fio-3.28
Starting 1 thread

"randwrite_4k_2_1": (groupid=0, jobs=1): err= 0: pid=98647: Thu Aug 10 18:03:34 2023
  write: IOPS=596, BW=2385KiB/s (2442kB/s)(140MiB/60001msec); 0 zone resets
    slat (nsec): min=2275, max=49753, avg=8974.00, stdev=4067.37
    clat (usec): min=862, max=71540, avg=3342.39, stdev=2191.56
     lat (usec): min=872, max=71550, avg=3351.59, stdev=2191.61
    clat percentiles (usec):
     |  1.00th=[ 1860],  5.00th=[ 2278], 10.00th=[ 2474], 20.00th=[ 2671],
     | 30.00th=[ 2835], 40.00th=[ 2966], 50.00th=[ 3097], 60.00th=[ 3228],
     | 70.00th=[ 3392], 80.00th=[ 3589], 90.00th=[ 3949], 95.00th=[ 4293],
     | 99.00th=[10814], 99.50th=[21365], 99.90th=[31851], 99.95th=[40109],
     | 99.99th=[55837]
   bw (  KiB/s): min= 1088, max= 3160, per=99.99%, avg=2385.23, stdev=311.47, samples=120
   iops        : min=  272, max=  790, avg=596.30, stdev=77.87, samples=120
  lat (usec)   : 1000=0.04%
  lat (msec)   : 2=1.69%, 4=89.26%, 10=7.97%, 20=0.47%, 50=0.56%
  lat (msec)   : 100=0.01%
  cpu          : usr=0.38%, sys=0.88%, ctx=35239, majf=0, minf=0
  IO depths    : 1=0.0%, 2=100.0%, 4=0.0%, 8=0.0%, 16=0.0%, 32=0.0%, >=64=0.0%
     submit    : 0=0.0%, 4=100.0%, 8=0.0%, 16=0.0%, 32=0.0%, 64=0.0%, >=64=0.0%
     complete  : 0=0.0%, 4=100.0%, 8=0.0%, 16=0.0%, 32=0.0%, 64=0.0%, >=64=0.0%
     issued rwts: total=0,35777,0,0 short=0,0,0,0 dropped=0,0,0,0
     latency   : target=0, window=0, percentile=100.00%, depth=2

Run status group 0 (all jobs):
  WRITE: bw=2385KiB/s (2442kB/s), 2385KiB/s-2385KiB/s (2442kB/s-2442kB/s), io=140MiB (147MB), run=60001-60001msec
