"randwrite_16k_4_1": (g=0): rw=randwrite, bs=(R) 16.0KiB-16.0KiB, (W) 16.0KiB-16.0KiB, (T) 16.0KiB-16.0KiB, ioengine=io_uring, iodepth=4
fio-3.28
Starting 1 thread

"randwrite_16k_4_1": (groupid=0, jobs=1): err= 0: pid=100593: Thu Aug 10 18:12:59 2023
  write: IOPS=596, BW=9548KiB/s (9777kB/s)(559MiB/60004msec); 0 zone resets
    slat (nsec): min=3227, max=51656, avg=9852.27, stdev=4367.80
    clat (usec): min=822, max=67870, avg=6690.97, stdev=2826.84
     lat (usec): min=829, max=67881, avg=6701.06, stdev=2826.95
    clat percentiles (usec):
     |  1.00th=[ 3982],  5.00th=[ 4686], 10.00th=[ 5080], 20.00th=[ 5538],
     | 30.00th=[ 5800], 40.00th=[ 5997], 50.00th=[ 6259], 60.00th=[ 6521],
     | 70.00th=[ 6849], 80.00th=[ 7308], 90.00th=[ 8160], 95.00th=[ 9241],
     | 99.00th=[19006], 99.50th=[27919], 99.90th=[39060], 99.95th=[43779],
     | 99.99th=[65274]
   bw (  KiB/s): min= 6464, max=11552, per=100.00%, avg=9548.12, stdev=1240.73, samples=120
   iops        : min=  404, max=  722, avg=596.75, stdev=77.54, samples=120
  lat (usec)   : 1000=0.04%
  lat (msec)   : 2=0.53%, 4=0.48%, 10=95.93%, 20=2.09%, 50=0.92%
  lat (msec)   : 100=0.02%
  cpu          : usr=0.40%, sys=0.88%, ctx=34924, majf=0, minf=0
  IO depths    : 1=0.0%, 2=0.0%, 4=100.0%, 8=0.0%, 16=0.0%, 32=0.0%, >=64=0.0%
     submit    : 0=0.0%, 4=100.0%, 8=0.0%, 16=0.0%, 32=0.0%, 64=0.0%, >=64=0.0%
     complete  : 0=0.0%, 4=100.0%, 8=0.0%, 16=0.0%, 32=0.0%, 64=0.0%, >=64=0.0%
     issued rwts: total=0,35803,0,0 short=0,0,0,0 dropped=0,0,0,0
     latency   : target=0, window=0, percentile=100.00%, depth=4

Run status group 0 (all jobs):
  WRITE: bw=9548KiB/s (9777kB/s), 9548KiB/s-9548KiB/s (9777kB/s-9777kB/s), io=559MiB (587MB), run=60004-60004msec
