"randread_4k_8_1": (g=0): rw=randread, bs=(R) 4096B-4096B, (W) 4096B-4096B, (T) 4096B-4096B, ioengine=io_uring, iodepth=8
fio-3.28
Starting 1 thread

"randread_4k_8_1": (groupid=0, jobs=1): err= 0: pid=94000: Thu Aug 10 17:41:11 2023
  read: IOPS=1539, BW=6160KiB/s (6307kB/s)(361MiB/60002msec)
    slat (usec): min=2, max=112, avg= 6.44, stdev= 3.02
    clat (usec): min=525, max=20600, avg=5186.99, stdev=1746.00
     lat (usec): min=531, max=20609, avg=5193.61, stdev=1745.77
    clat percentiles (usec):
     |  1.00th=[ 2311],  5.00th=[ 3032], 10.00th=[ 3392], 20.00th=[ 3851],
     | 30.00th=[ 4228], 40.00th=[ 4555], 50.00th=[ 4883], 60.00th=[ 5276],
     | 70.00th=[ 5669], 80.00th=[ 6259], 90.00th=[ 7308], 95.00th=[ 8455],
     | 99.00th=[11207], 99.50th=[12387], 99.90th=[15008], 99.95th=[16057],
     | 99.99th=[18744]
   bw (  KiB/s): min= 5496, max= 6648, per=99.99%, avg=6159.57, stdev=249.27, samples=120
   iops        : min= 1374, max= 1662, avg=1539.88, stdev=62.32, samples=120
  lat (usec)   : 750=0.01%, 1000=0.02%
  lat (msec)   : 2=0.48%, 4=23.29%, 10=74.22%, 20=1.99%, 50=0.01%
  cpu          : usr=0.67%, sys=1.54%, ctx=79944, majf=0, minf=0
  IO depths    : 1=0.0%, 2=0.0%, 4=0.0%, 8=100.0%, 16=0.0%, 32=0.0%, >=64=0.0%
     submit    : 0=0.0%, 4=100.0%, 8=0.0%, 16=0.0%, 32=0.0%, 64=0.0%, >=64=0.0%
     complete  : 0=0.0%, 4=100.0%, 8=0.1%, 16=0.0%, 32=0.0%, 64=0.0%, >=64=0.0%
     issued rwts: total=92390,0,0,0 short=0,0,0,0 dropped=0,0,0,0
     latency   : target=0, window=0, percentile=100.00%, depth=8

Run status group 0 (all jobs):
   READ: bw=6160KiB/s (6307kB/s), 6160KiB/s-6160KiB/s (6307kB/s-6307kB/s), io=361MiB (378MB), run=60002-60002msec
