"randread_16k_8_1": (g=0): rw=randread, bs=(R) 16.0KiB-16.0KiB, (W) 16.0KiB-16.0KiB, (T) 16.0KiB-16.0KiB, ioengine=io_uring, iodepth=8
fio-3.28
Starting 1 thread

"randread_16k_8_1": (groupid=0, jobs=1): err= 0: pid=95706: Thu Aug 10 17:49:26 2023
  read: IOPS=1582, BW=24.7MiB/s (25.9MB/s)(1483MiB/60003msec)
    slat (usec): min=2, max=143, avg= 7.15, stdev= 2.84
    clat (usec): min=512, max=57070, avg=5047.38, stdev=1769.23
     lat (usec): min=522, max=57077, avg=5054.71, stdev=1769.08
    clat percentiles (usec):
     |  1.00th=[ 2278],  5.00th=[ 2933], 10.00th=[ 3294], 20.00th=[ 3752],
     | 30.00th=[ 4080], 40.00th=[ 4424], 50.00th=[ 4752], 60.00th=[ 5080],
     | 70.00th=[ 5538], 80.00th=[ 6128], 90.00th=[ 7111], 95.00th=[ 8225],
     | 99.00th=[10945], 99.50th=[12256], 99.90th=[15533], 99.95th=[17433],
     | 99.99th=[30278]
   bw (  KiB/s): min=21376, max=28120, per=100.00%, avg=25316.24, stdev=1319.58, samples=120
   iops        : min= 1336, max= 1757, avg=1582.25, stdev=82.47, samples=120
  lat (usec)   : 750=0.01%, 1000=0.01%
  lat (msec)   : 2=0.51%, 4=26.71%, 10=71.06%, 20=1.68%, 50=0.02%
  lat (msec)   : 100=0.01%
  cpu          : usr=0.54%, sys=1.80%, ctx=85730, majf=0, minf=0
  IO depths    : 1=0.0%, 2=0.0%, 4=0.0%, 8=100.0%, 16=0.0%, 32=0.0%, >=64=0.0%
     submit    : 0=0.0%, 4=100.0%, 8=0.0%, 16=0.0%, 32=0.0%, 64=0.0%, >=64=0.0%
     complete  : 0=0.0%, 4=100.0%, 8=0.1%, 16=0.0%, 32=0.0%, 64=0.0%, >=64=0.0%
     issued rwts: total=94930,0,0,0 short=0,0,0,0 dropped=0,0,0,0
     latency   : target=0, window=0, percentile=100.00%, depth=8

Run status group 0 (all jobs):
   READ: bw=24.7MiB/s (25.9MB/s), 24.7MiB/s-24.7MiB/s (25.9MB/s-25.9MB/s), io=1483MiB (1555MB), run=60003-60003msec
