"randread_64k_1_1": (g=0): rw=randread, bs=(R) 64.0KiB-64.0KiB, (W) 64.0KiB-64.0KiB, (T) 64.0KiB-64.0KiB, ioengine=io_uring, iodepth=1
fio-3.28
Starting 1 thread

"randread_64k_1_1": (groupid=0, jobs=1): err= 0: pid=104270: Thu Aug 10 18:30:45 2023
  read: IOPS=1044, BW=65.3MiB/s (68.4MB/s)(3916MiB/60001msec)
    slat (usec): min=9, max=229, avg=12.37, stdev= 2.26
    clat (usec): min=151, max=20609, avg=943.30, stdev=236.74
     lat (usec): min=161, max=20622, avg=955.86, stdev=236.75
    clat percentiles (usec):
     |  1.00th=[  351],  5.00th=[  668], 10.00th=[  717], 20.00th=[  783],
     | 30.00th=[  832], 40.00th=[  873], 50.00th=[  922], 60.00th=[  971],
     | 70.00th=[ 1029], 80.00th=[ 1106], 90.00th=[ 1221], 95.00th=[ 1303],
     | 99.00th=[ 1500], 99.50th=[ 1582], 99.90th=[ 1795], 99.95th=[ 1909],
     | 99.99th=[ 2966]
   bw (  KiB/s): min=60160, max=74112, per=100.00%, avg=66843.88, stdev=2359.11, samples=120
   iops        : min=  940, max= 1158, avg=1044.42, stdev=36.87, samples=120
  lat (usec)   : 250=0.37%, 500=1.23%, 750=12.73%, 1000=51.11%
  lat (msec)   : 2=34.53%, 4=0.02%, 10=0.01%, 20=0.01%, 50=0.01%
  cpu          : usr=0.47%, sys=1.69%, ctx=62732, majf=0, minf=0
  IO depths    : 1=100.0%, 2=0.0%, 4=0.0%, 8=0.0%, 16=0.0%, 32=0.0%, >=64=0.0%
     submit    : 0=0.0%, 4=100.0%, 8=0.0%, 16=0.0%, 32=0.0%, 64=0.0%, >=64=0.0%
     complete  : 0=0.0%, 4=100.0%, 8=0.0%, 16=0.0%, 32=0.0%, 64=0.0%, >=64=0.0%
     issued rwts: total=62663,0,0,0 short=0,0,0,0 dropped=0,0,0,0
     latency   : target=0, window=0, percentile=100.00%, depth=1

Run status group 0 (all jobs):
   READ: bw=65.3MiB/s (68.4MB/s), 65.3MiB/s-65.3MiB/s (68.4MB/s-68.4MB/s), io=3916MiB (4107MB), run=60001-60001msec
