"randwrite_16k_64_1": (g=0): rw=randwrite, bs=(R) 16.0KiB-16.0KiB, (W) 16.0KiB-16.0KiB, (T) 16.0KiB-16.0KiB, ioengine=io_uring, iodepth=64
fio-3.28
Starting 1 thread

"randwrite_16k_64_1": (groupid=0, jobs=1): err= 0: pid=101573: Thu Aug 10 18:17:42 2023
  write: IOPS=625, BW=9.79MiB/s (10.3MB/s)(588MiB/60091msec); 0 zone resets
    slat (nsec): min=3500, max=89121, avg=11533.12, stdev=4812.38
    clat (msec): min=80, max=201, avg=102.26, stdev=11.71
     lat (msec): min=80, max=201, avg=102.27, stdev=11.71
    clat percentiles (msec):
     |  1.00th=[   88],  5.00th=[   90], 10.00th=[   91], 20.00th=[   92],
     | 30.00th=[   95], 40.00th=[   97], 50.00th=[  100], 60.00th=[  103],
     | 70.00th=[  107], 80.00th=[  110], 90.00th=[  120], 95.00th=[  125],
     | 99.00th=[  140], 99.50th=[  146], 99.90th=[  163], 99.95th=[  174],
     | 99.99th=[  197]
   bw (  KiB/s): min= 7872, max=11424, per=99.99%, avg=10022.16, stdev=819.36, samples=120
   iops        : min=  492, max=  714, avg=626.38, stdev=51.20, samples=120
  lat (msec)   : 100=52.01%, 250=48.15%
  cpu          : usr=0.50%, sys=1.07%, ctx=37646, majf=0, minf=0
  IO depths    : 1=0.0%, 2=0.0%, 4=0.0%, 8=0.0%, 16=0.0%, 32=0.0%, >=64=100.0%
     submit    : 0=0.0%, 4=100.0%, 8=0.0%, 16=0.0%, 32=0.0%, 64=0.0%, >=64=0.0%
     complete  : 0=0.0%, 4=100.0%, 8=0.0%, 16=0.0%, 32=0.0%, 64=0.1%, >=64=0.0%
     issued rwts: total=0,37580,0,0 short=0,0,0,0 dropped=0,0,0,0
     latency   : target=0, window=0, percentile=100.00%, depth=64

Run status group 0 (all jobs):
  WRITE: bw=9.79MiB/s (10.3MB/s), 9.79MiB/s-9.79MiB/s (10.3MB/s-10.3MB/s), io=588MiB (617MB), run=60091-60091msec
