"randwrite_16k_2_1": (g=0): rw=randwrite, bs=(R) 16.0KiB-16.0KiB, (W) 16.0KiB-16.0KiB, (T) 16.0KiB-16.0KiB, ioengine=io_uring, iodepth=2
fio-3.28
Starting 1 thread

"randwrite_16k_2_1": (groupid=0, jobs=1): err= 0: pid=100351: Thu Aug 10 18:11:49 2023
  write: IOPS=588, BW=9410KiB/s (9636kB/s)(551MiB/60011msec); 0 zone resets
    slat (nsec): min=3248, max=54771, avg=10163.11, stdev=4442.31
    clat (usec): min=887, max=58809, avg=3387.78, stdev=2216.74
     lat (usec): min=898, max=58821, avg=3398.18, stdev=2216.79
    clat percentiles (usec):
     |  1.00th=[ 1795],  5.00th=[ 2212], 10.00th=[ 2442], 20.00th=[ 2671],
     | 30.00th=[ 2835], 40.00th=[ 2966], 50.00th=[ 3064], 60.00th=[ 3228],
     | 70.00th=[ 3425], 80.00th=[ 3654], 90.00th=[ 4047], 95.00th=[ 4490],
     | 99.00th=[13435], 99.50th=[22152], 99.90th=[30016], 99.95th=[33817],
     | 99.99th=[43254]
   bw (  KiB/s): min= 4768, max=11872, per=100.00%, avg=9411.83, stdev=1199.75, samples=120
   iops        : min=  298, max=  742, avg=588.23, stdev=74.98, samples=120
  lat (usec)   : 1000=0.03%
  lat (msec)   : 2=2.20%, 4=86.92%, 10=9.56%, 20=0.64%, 50=0.65%
  lat (msec)   : 100=0.01%
  cpu          : usr=0.42%, sys=0.89%, ctx=34698, majf=0, minf=0
  IO depths    : 1=0.0%, 2=100.0%, 4=0.0%, 8=0.0%, 16=0.0%, 32=0.0%, >=64=0.0%
     submit    : 0=0.0%, 4=100.0%, 8=0.0%, 16=0.0%, 32=0.0%, 64=0.0%, >=64=0.0%
     complete  : 0=0.0%, 4=100.0%, 8=0.0%, 16=0.0%, 32=0.0%, 64=0.0%, >=64=0.0%
     issued rwts: total=0,35292,0,0 short=0,0,0,0 dropped=0,0,0,0
     latency   : target=0, window=0, percentile=100.00%, depth=2

Run status group 0 (all jobs):
  WRITE: bw=9410KiB/s (9636kB/s), 9410KiB/s-9410KiB/s (9636kB/s-9636kB/s), io=551MiB (578MB), run=60011-60011msec
