"randread_4k_16_1": (g=0): rw=randread, bs=(R) 4096B-4096B, (W) 4096B-4096B, (T) 4096B-4096B, ioengine=io_uring, iodepth=16
fio-3.28
Starting 1 thread

"randread_4k_16_1": (groupid=0, jobs=1): err= 0: pid=94235: Thu Aug 10 17:42:22 2023
  read: IOPS=1562, BW=6251KiB/s (6401kB/s)(366MiB/60007msec)
    slat (nsec): min=2189, max=59493, avg=6503.08, stdev=3003.54
    clat (usec): min=2693, max=41005, avg=10230.35, stdev=2161.60
     lat (usec): min=2696, max=41009, avg=10237.03, stdev=2161.42
    clat percentiles (usec):
     |  1.00th=[ 6063],  5.00th=[ 7373], 10.00th=[ 8029], 20.00th=[ 8717],
     | 30.00th=[ 9241], 40.00th=[ 9634], 50.00th=[10028], 60.00th=[10421],
     | 70.00th=[10814], 80.00th=[11469], 90.00th=[12518], 95.00th=[13829],
     | 99.00th=[17695], 99.50th=[19792], 99.90th=[24773], 99.95th=[26608],
     | 99.99th=[32900]
   bw (  KiB/s): min= 5872, max= 6952, per=100.00%, avg=6251.23, stdev=183.88, samples=120
   iops        : min= 1468, max= 1738, avg=1562.81, stdev=45.97, samples=120
  lat (msec)   : 4=0.05%, 10=50.18%, 20=49.32%, 50=0.46%
  cpu          : usr=0.68%, sys=1.57%, ctx=81103, majf=0, minf=0
  IO depths    : 1=0.0%, 2=0.0%, 4=0.0%, 8=0.0%, 16=100.0%, 32=0.0%, >=64=0.0%
     submit    : 0=0.0%, 4=100.0%, 8=0.0%, 16=0.0%, 32=0.0%, 64=0.0%, >=64=0.0%
     complete  : 0=0.0%, 4=100.0%, 8=0.0%, 16=0.1%, 32=0.0%, 64=0.0%, >=64=0.0%
     issued rwts: total=93764,0,0,0 short=0,0,0,0 dropped=0,0,0,0
     latency   : target=0, window=0, percentile=100.00%, depth=16

Run status group 0 (all jobs):
   READ: bw=6251KiB/s (6401kB/s), 6251KiB/s-6251KiB/s (6401kB/s-6401kB/s), io=366MiB (384MB), run=60007-60007msec
