"randwrite_4k_16_1": (g=0): rw=randwrite, bs=(R) 4096B-4096B, (W) 4096B-4096B, (T) 4096B-4096B, ioengine=io_uring, iodepth=16
fio-3.28
Starting 1 thread

"randwrite_4k_16_1": (groupid=0, jobs=1): err= 0: pid=99374: Thu Aug 10 18:07:06 2023
  write: IOPS=603, BW=2413KiB/s (2471kB/s)(141MiB/60020msec); 0 zone resets
    slat (nsec): min=2560, max=64253, avg=9773.05, stdev=4399.93
    clat (usec): min=14111, max=72034, avg=26511.87, stdev=3009.58
     lat (usec): min=14118, max=72038, avg=26521.93, stdev=3009.63
    clat percentiles (usec):
     |  1.00th=[22676],  5.00th=[23462], 10.00th=[23987], 20.00th=[24773],
     | 30.00th=[25035], 40.00th=[25560], 50.00th=[26084], 60.00th=[26608],
     | 70.00th=[27395], 80.00th=[28181], 90.00th=[28967], 95.00th=[29754],
     | 99.00th=[36439], 99.50th=[42730], 99.90th=[62129], 99.95th=[68682],
     | 99.99th=[69731]
   bw (  KiB/s): min= 1848, max= 2728, per=99.99%, avg=2413.22, stdev=145.03, samples=120
   iops        : min=  462, max=  682, avg=603.30, stdev=36.25, samples=120
  lat (msec)   : 20=0.04%, 50=99.69%, 100=0.30%
  cpu          : usr=0.48%, sys=0.91%, ctx=36242, majf=0, minf=0
  IO depths    : 1=0.0%, 2=0.0%, 4=0.0%, 8=0.0%, 16=100.0%, 32=0.0%, >=64=0.0%
     submit    : 0=0.0%, 4=100.0%, 8=0.0%, 16=0.0%, 32=0.0%, 64=0.0%, >=64=0.0%
     complete  : 0=0.0%, 4=100.0%, 8=0.0%, 16=0.1%, 32=0.0%, 64=0.0%, >=64=0.0%
     issued rwts: total=0,36196,0,0 short=0,0,0,0 dropped=0,0,0,0
     latency   : target=0, window=0, percentile=100.00%, depth=16

Run status group 0 (all jobs):
  WRITE: bw=2413KiB/s (2471kB/s), 2413KiB/s-2413KiB/s (2471kB/s-2471kB/s), io=141MiB (148MB), run=60020-60020msec
