"randwrite_4k_1_1": (g=0): rw=randwrite, bs=(R) 4096B-4096B, (W) 4096B-4096B, (T) 4096B-4096B, ioengine=io_uring, iodepth=1
fio-3.28
Starting 1 thread

"randwrite_4k_1_1": (groupid=0, jobs=1): err= 0: pid=104512: Thu Aug 10 18:31:56 2023
  write: IOPS=558, BW=2236KiB/s (2289kB/s)(131MiB/60002msec); 0 zone resets
    slat (nsec): min=4299, max=31890, avg=6870.06, stdev=1371.07
    clat (usec): min=850, max=40483, avg=1780.41, stdev=903.18
     lat (usec): min=856, max=40490, avg=1787.48, stdev=903.21
    clat percentiles (usec):
     |  1.00th=[ 1172],  5.00th=[ 1287], 10.00th=[ 1352], 20.00th=[ 1450],
     | 30.00th=[ 1532], 40.00th=[ 1598], 50.00th=[ 1680], 60.00th=[ 1762],
     | 70.00th=[ 1860], 80.00th=[ 1991], 90.00th=[ 2212], 95.00th=[ 2474],
     | 99.00th=[ 3064], 99.50th=[ 3490], 99.90th=[17695], 99.95th=[21365],
     | 99.99th=[38011]
   bw (  KiB/s): min= 1656, max= 2624, per=99.96%, avg=2235.91, stdev=190.19, samples=120
   iops        : min=  414, max=  656, avg=558.98, stdev=47.54, samples=120
  lat (usec)   : 1000=0.04%
  lat (msec)   : 2=80.58%, 4=19.05%, 10=0.16%, 20=0.10%, 50=0.07%
  cpu          : usr=0.26%, sys=0.58%, ctx=33547, majf=0, minf=0
  IO depths    : 1=100.0%, 2=0.0%, 4=0.0%, 8=0.0%, 16=0.0%, 32=0.0%, >=64=0.0%
     submit    : 0=0.0%, 4=100.0%, 8=0.0%, 16=0.0%, 32=0.0%, 64=0.0%, >=64=0.0%
     complete  : 0=0.0%, 4=100.0%, 8=0.0%, 16=0.0%, 32=0.0%, 64=0.0%, >=64=0.0%
     issued rwts: total=0,33538,0,0 short=0,0,0,0 dropped=0,0,0,0
     latency   : target=0, window=0, percentile=100.00%, depth=1

Run status group 0 (all jobs):
  WRITE: bw=2236KiB/s (2289kB/s), 2236KiB/s-2236KiB/s (2289kB/s-2289kB/s), io=131MiB (137MB), run=60002-60002msec
