"randwrite_64k_1_1": (g=0): rw=randwrite, bs=(R) 64.0KiB-64.0KiB, (W) 64.0KiB-64.0KiB, (T) 64.0KiB-64.0KiB, ioengine=io_uring, iodepth=1
fio-3.28
Starting 1 thread

"randwrite_64k_1_1": (groupid=0, jobs=1): err= 0: pid=104996: Thu Aug 10 18:34:17 2023
  write: IOPS=501, BW=31.4MiB/s (32.9MB/s)(1882MiB/60001msec); 0 zone resets
    slat (nsec): min=10510, max=48521, avg=14006.44, stdev=1581.76
    clat (usec): min=949, max=51599, avg=1976.25, stdev=952.05
     lat (usec): min=961, max=51615, avg=1990.45, stdev=952.07
    clat percentiles (usec):
     |  1.00th=[ 1303],  5.00th=[ 1418], 10.00th=[ 1483], 20.00th=[ 1582],
     | 30.00th=[ 1680], 40.00th=[ 1762], 50.00th=[ 1844], 60.00th=[ 1942],
     | 70.00th=[ 2057], 80.00th=[ 2212], 90.00th=[ 2507], 95.00th=[ 2835],
     | 99.00th=[ 3687], 99.50th=[ 4490], 99.90th=[15926], 99.95th=[20317],
     | 99.99th=[30278]
   bw (  KiB/s): min=25344, max=38016, per=100.00%, avg=32127.30, stdev=3136.90, samples=120
   iops        : min=  396, max=  594, avg=501.95, stdev=49.03, samples=120
  lat (usec)   : 1000=0.01%
  lat (msec)   : 2=65.24%, 4=34.05%, 10=0.49%, 20=0.16%, 50=0.05%
  lat (msec)   : 100=0.01%
  cpu          : usr=0.29%, sys=0.84%, ctx=30132, majf=0, minf=0
  IO depths    : 1=100.0%, 2=0.0%, 4=0.0%, 8=0.0%, 16=0.0%, 32=0.0%, >=64=0.0%
     submit    : 0=0.0%, 4=100.0%, 8=0.0%, 16=0.0%, 32=0.0%, 64=0.0%, >=64=0.0%
     complete  : 0=0.0%, 4=100.0%, 8=0.0%, 16=0.0%, 32=0.0%, 64=0.0%, >=64=0.0%
     issued rwts: total=0,30118,0,0 short=0,0,0,0 dropped=0,0,0,0
     latency   : target=0, window=0, percentile=100.00%, depth=1

Run status group 0 (all jobs):
  WRITE: bw=31.4MiB/s (32.9MB/s), 31.4MiB/s-31.4MiB/s (32.9MB/s-32.9MB/s), io=1882MiB (1974MB), run=60001-60001msec
