"randread_64k_16_1": (g=0): rw=randread, bs=(R) 64.0KiB-64.0KiB, (W) 64.0KiB-64.0KiB, (T) 64.0KiB-64.0KiB, ioengine=io_uring, iodepth=16
fio-3.28
Starting 1 thread

"randread_64k_16_1": (groupid=0, jobs=1): err= 0: pid=97669: Thu Aug 10 17:58:51 2023
  read: IOPS=1593, BW=99.6MiB/s (104MB/s)(5978MiB/60003msec)
    slat (usec): min=5, max=515, avg=10.30, stdev= 5.00
    clat (usec): min=3072, max=59709, avg=10026.65, stdev=2070.76
     lat (usec): min=3087, max=59718, avg=10037.14, stdev=2070.66
    clat percentiles (usec):
     |  1.00th=[ 6456],  5.00th=[ 7504], 10.00th=[ 7963], 20.00th=[ 8586],
     | 30.00th=[ 8979], 40.00th=[ 9372], 50.00th=[ 9765], 60.00th=[10159],
     | 70.00th=[10552], 80.00th=[11207], 90.00th=[12256], 95.00th=[13304],
     | 99.00th=[16712], 99.50th=[18482], 99.90th=[25297], 99.95th=[30802],
     | 99.99th=[46924]
   bw (  KiB/s): min=81408, max=109824, per=100.00%, avg=102009.13, stdev=5939.82, samples=120
   iops        : min= 1272, max= 1716, avg=1593.88, stdev=92.81, samples=120
  lat (msec)   : 4=0.01%, 10=56.17%, 20=43.52%, 50=0.31%, 100=0.01%
  cpu          : usr=0.63%, sys=2.19%, ctx=92626, majf=0, minf=0
  IO depths    : 1=0.0%, 2=0.0%, 4=0.0%, 8=0.0%, 16=100.0%, 32=0.0%, >=64=0.0%
     submit    : 0=0.0%, 4=100.0%, 8=0.0%, 16=0.0%, 32=0.0%, 64=0.0%, >=64=0.0%
     complete  : 0=0.0%, 4=100.0%, 8=0.0%, 16=0.1%, 32=0.0%, 64=0.0%, >=64=0.0%
     issued rwts: total=95625,0,0,0 short=0,0,0,0 dropped=0,0,0,0
     latency   : target=0, window=0, percentile=100.00%, depth=16

Run status group 0 (all jobs):
   READ: bw=99.6MiB/s (104MB/s), 99.6MiB/s-99.6MiB/s (104MB/s-104MB/s), io=5978MiB (6268MB), run=60003-60003msec
