"randwrite_16k_1_1": (g=0): rw=randwrite, bs=(R) 16.0KiB-16.0KiB, (W) 16.0KiB-16.0KiB, (T) 16.0KiB-16.0KiB, ioengine=io_uring, iodepth=1
fio-3.28
Starting 1 thread

"randwrite_16k_1_1": (groupid=0, jobs=1): err= 0: pid=104751: Thu Aug 10 18:33:06 2023
  write: IOPS=540, BW=8642KiB/s (8849kB/s)(506MiB/60001msec); 0 zone resets
    slat (nsec): min=5641, max=37489, avg=8416.32, stdev=1459.02
    clat (usec): min=940, max=47879, avg=1841.26, stdev=924.30
     lat (usec): min=946, max=47887, avg=1849.88, stdev=924.34
    clat percentiles (usec):
     |  1.00th=[ 1188],  5.00th=[ 1303], 10.00th=[ 1385], 20.00th=[ 1483],
     | 30.00th=[ 1565], 40.00th=[ 1647], 50.00th=[ 1729], 60.00th=[ 1827],
     | 70.00th=[ 1926], 80.00th=[ 2073], 90.00th=[ 2343], 95.00th=[ 2606],
     | 99.00th=[ 3326], 99.50th=[ 3884], 99.90th=[15139], 99.95th=[22676],
     | 99.99th=[32900]
   bw (  KiB/s): min= 6765, max=10560, per=100.00%, avg=8642.29, stdev=849.56, samples=120
   iops        : min=  422, max=  660, avg=540.13, stdev=53.11, samples=120
  lat (usec)   : 1000=0.01%
  lat (msec)   : 2=75.11%, 4=24.45%, 10=0.28%, 20=0.09%, 50=0.07%
  cpu          : usr=0.28%, sys=0.62%, ctx=32426, majf=0, minf=0
  IO depths    : 1=100.0%, 2=0.0%, 4=0.0%, 8=0.0%, 16=0.0%, 32=0.0%, >=64=0.0%
     submit    : 0=0.0%, 4=100.0%, 8=0.0%, 16=0.0%, 32=0.0%, 64=0.0%, >=64=0.0%
     complete  : 0=0.0%, 4=100.0%, 8=0.0%, 16=0.0%, 32=0.0%, 64=0.0%, >=64=0.0%
     issued rwts: total=0,32407,0,0 short=0,0,0,0 dropped=0,0,0,0
     latency   : target=0, window=0, percentile=100.00%, depth=1

Run status group 0 (all jobs):
  WRITE: bw=8642KiB/s (8849kB/s), 8642KiB/s-8642KiB/s (8849kB/s-8849kB/s), io=506MiB (531MB), run=60001-60001msec
