"randread_4k_16_1": (g=0): rw=randread, bs=(R) 4096B-4096B, (W) 4096B-4096B, (T) 4096B-4096B, ioengine=io_uring, iodepth=16
fio-3.28
Starting 1 thread

"randread_4k_16_1": (groupid=0, jobs=1): err= 0: pid=94238: Thu Aug 10 17:42:22 2023
  read: IOPS=1562, BW=6252KiB/s (6402kB/s)(366MiB/60007msec)
    slat (nsec): min=2150, max=85993, avg=6488.36, stdev=2994.38
    clat (usec): min=2680, max=41924, avg=10229.47, stdev=2055.19
     lat (usec): min=2687, max=41935, avg=10236.13, stdev=2055.01
    clat percentiles (usec):
     |  1.00th=[ 6259],  5.00th=[ 7439], 10.00th=[ 8029], 20.00th=[ 8717],
     | 30.00th=[ 9241], 40.00th=[ 9634], 50.00th=[10028], 60.00th=[10421],
     | 70.00th=[10945], 80.00th=[11469], 90.00th=[12518], 95.00th=[13698],
     | 99.00th=[17171], 99.50th=[19006], 99.90th=[23200], 99.95th=[25560],
     | 99.99th=[29230]
   bw (  KiB/s): min= 5896, max= 6925, per=99.99%, avg=6251.78, stdev=183.09, samples=120
   iops        : min= 1474, max= 1731, avg=1562.94, stdev=45.76, samples=120
  lat (msec)   : 4=0.03%, 10=49.68%, 20=49.97%, 50=0.34%
  cpu          : usr=0.61%, sys=1.63%, ctx=81027, majf=0, minf=0
  IO depths    : 1=0.0%, 2=0.0%, 4=0.0%, 8=0.0%, 16=100.0%, 32=0.0%, >=64=0.0%
     submit    : 0=0.0%, 4=100.0%, 8=0.0%, 16=0.0%, 32=0.0%, 64=0.0%, >=64=0.0%
     complete  : 0=0.0%, 4=100.0%, 8=0.0%, 16=0.1%, 32=0.0%, 64=0.0%, >=64=0.0%
     issued rwts: total=93772,0,0,0 short=0,0,0,0 dropped=0,0,0,0
     latency   : target=0, window=0, percentile=100.00%, depth=16

Run status group 0 (all jobs):
   READ: bw=6252KiB/s (6402kB/s), 6252KiB/s-6252KiB/s (6402kB/s-6402kB/s), io=366MiB (384MB), run=60007-60007msec
