"randread_4k_4_1": (g=0): rw=randread, bs=(R) 4096B-4096B, (W) 4096B-4096B, (T) 4096B-4096B, ioengine=io_uring, iodepth=4
fio-3.28
Starting 1 thread

"randread_4k_4_1": (groupid=0, jobs=1): err= 0: pid=93749: Thu Aug 10 17:40:01 2023
  read: IOPS=1596, BW=6385KiB/s (6538kB/s)(374MiB/60002msec)
    slat (nsec): min=2206, max=82606, avg=6195.19, stdev=2779.97
    clat (usec): min=113, max=14561, avg=2497.96, stdev=802.43
     lat (usec): min=117, max=14567, avg=2504.35, stdev=802.37
    clat percentiles (usec):
     |  1.00th=[  873],  5.00th=[ 1319], 10.00th=[ 1565], 20.00th=[ 1844],
     | 30.00th=[ 2057], 40.00th=[ 2245], 50.00th=[ 2442], 60.00th=[ 2606],
     | 70.00th=[ 2835], 80.00th=[ 3097], 90.00th=[ 3523], 95.00th=[ 3916],
     | 99.00th=[ 4817], 99.50th=[ 5211], 99.90th=[ 6194], 99.95th=[ 6652],
     | 99.99th=[ 7570]
   bw (  KiB/s): min= 6008, max= 6800, per=100.00%, avg=6385.30, stdev=127.48, samples=120
   iops        : min= 1502, max= 1700, avg=1596.32, stdev=31.87, samples=120
  lat (usec)   : 250=0.04%, 500=0.16%, 750=0.43%, 1000=1.01%
  lat (msec)   : 2=25.28%, 4=68.85%, 10=4.24%, 20=0.01%
  cpu          : usr=0.71%, sys=1.53%, ctx=85751, majf=0, minf=0
  IO depths    : 1=0.0%, 2=0.0%, 4=100.0%, 8=0.0%, 16=0.0%, 32=0.0%, >=64=0.0%
     submit    : 0=0.0%, 4=100.0%, 8=0.0%, 16=0.0%, 32=0.0%, 64=0.0%, >=64=0.0%
     complete  : 0=0.0%, 4=100.0%, 8=0.0%, 16=0.0%, 32=0.0%, 64=0.0%, >=64=0.0%
     issued rwts: total=95773,0,0,0 short=0,0,0,0 dropped=0,0,0,0
     latency   : target=0, window=0, percentile=100.00%, depth=4

Run status group 0 (all jobs):
   READ: bw=6385KiB/s (6538kB/s), 6385KiB/s-6385KiB/s (6538kB/s-6538kB/s), io=374MiB (392MB), run=60002-60002msec
