"randread_16k_4_1": (g=0): rw=randread, bs=(R) 16.0KiB-16.0KiB, (W) 16.0KiB-16.0KiB, (T) 16.0KiB-16.0KiB, ioengine=io_uring, iodepth=4
fio-3.28
Starting 1 thread

"randread_16k_4_1": (groupid=0, jobs=1): err= 0: pid=95468: Thu Aug 10 17:48:15 2023
  read: IOPS=1611, BW=25.2MiB/s (26.4MB/s)(1511MiB/60001msec)
    slat (usec): min=2, max=110, avg= 7.05, stdev= 2.60
    clat (usec): min=116, max=19047, avg=2473.58, stdev=737.27
     lat (usec): min=121, max=19055, avg=2480.80, stdev=737.21
    clat percentiles (usec):
     |  1.00th=[  963],  5.00th=[ 1385], 10.00th=[ 1614], 20.00th=[ 1876],
     | 30.00th=[ 2073], 40.00th=[ 2245], 50.00th=[ 2409], 60.00th=[ 2606],
     | 70.00th=[ 2802], 80.00th=[ 3032], 90.00th=[ 3392], 95.00th=[ 3752],
     | 99.00th=[ 4555], 99.50th=[ 4948], 99.90th=[ 5735], 99.95th=[ 6128],
     | 99.99th=[ 7767]
   bw (  KiB/s): min=23808, max=27552, per=100.00%, avg=25781.32, stdev=621.11, samples=120
   iops        : min= 1488, max= 1722, avg=1611.33, stdev=38.82, samples=120
  lat (usec)   : 250=0.01%, 500=0.06%, 750=0.29%, 1000=0.81%
  lat (msec)   : 2=24.93%, 4=70.90%, 10=3.00%, 20=0.01%
  cpu          : usr=0.60%, sys=1.79%, ctx=89461, majf=0, minf=0
  IO depths    : 1=0.0%, 2=0.0%, 4=100.0%, 8=0.0%, 16=0.0%, 32=0.0%, >=64=0.0%
     submit    : 0=0.0%, 4=100.0%, 8=0.0%, 16=0.0%, 32=0.0%, 64=0.0%, >=64=0.0%
     complete  : 0=0.0%, 4=100.0%, 8=0.0%, 16=0.0%, 32=0.0%, 64=0.0%, >=64=0.0%
     issued rwts: total=96680,0,0,0 short=0,0,0,0 dropped=0,0,0,0
     latency   : target=0, window=0, percentile=100.00%, depth=4

Run status group 0 (all jobs):
   READ: bw=25.2MiB/s (26.4MB/s), 25.2MiB/s-25.2MiB/s (26.4MB/s-26.4MB/s), io=1511MiB (1584MB), run=60001-60001msec
