"randwrite_64k_1_1": (g=0): rw=randwrite, bs=(R) 64.0KiB-64.0KiB, (W) 64.0KiB-64.0KiB, (T) 64.0KiB-64.0KiB, ioengine=io_uring, iodepth=1
fio-3.28
Starting 1 thread

"randwrite_64k_1_1": (groupid=0, jobs=1): err= 0: pid=104988: Thu Aug 10 18:34:17 2023
  write: IOPS=502, BW=31.4MiB/s (32.9MB/s)(1884MiB/60001msec); 0 zone resets
    slat (nsec): min=10594, max=40016, avg=14321.18, stdev=1939.99
    clat (usec): min=947, max=49478, avg=1974.10, stdev=944.48
     lat (usec): min=961, max=49494, avg=1988.65, stdev=944.52
    clat percentiles (usec):
     |  1.00th=[ 1303],  5.00th=[ 1418], 10.00th=[ 1483], 20.00th=[ 1582],
     | 30.00th=[ 1680], 40.00th=[ 1762], 50.00th=[ 1844], 60.00th=[ 1942],
     | 70.00th=[ 2057], 80.00th=[ 2212], 90.00th=[ 2507], 95.00th=[ 2835],
     | 99.00th=[ 3654], 99.50th=[ 4293], 99.90th=[16319], 99.95th=[20841],
     | 99.99th=[30802]
   bw (  KiB/s): min=26112, max=38144, per=100.00%, avg=32155.78, stdev=3154.67, samples=120
   iops        : min=  408, max=  596, avg=502.41, stdev=49.30, samples=120
  lat (usec)   : 1000=0.02%
  lat (msec)   : 2=65.09%, 4=34.24%, 10=0.46%, 20=0.13%, 50=0.06%
  cpu          : usr=0.20%, sys=0.96%, ctx=30171, majf=0, minf=0
  IO depths    : 1=100.0%, 2=0.0%, 4=0.0%, 8=0.0%, 16=0.0%, 32=0.0%, >=64=0.0%
     submit    : 0=0.0%, 4=100.0%, 8=0.0%, 16=0.0%, 32=0.0%, 64=0.0%, >=64=0.0%
     complete  : 0=0.0%, 4=100.0%, 8=0.0%, 16=0.0%, 32=0.0%, 64=0.0%, >=64=0.0%
     issued rwts: total=0,30144,0,0 short=0,0,0,0 dropped=0,0,0,0
     latency   : target=0, window=0, percentile=100.00%, depth=1

Run status group 0 (all jobs):
  WRITE: bw=31.4MiB/s (32.9MB/s), 31.4MiB/s-31.4MiB/s (32.9MB/s-32.9MB/s), io=1884MiB (1976MB), run=60001-60001msec
