"randread_4k_1_1": (g=0): rw=randread, bs=(R) 4096B-4096B, (W) 4096B-4096B, (T) 4096B-4096B, ioengine=io_uring, iodepth=1
fio-3.28
Starting 1 thread

"randread_4k_1_1": (groupid=0, jobs=1): err= 0: pid=103775: Thu Aug 10 18:28:24 2023
  read: IOPS=1273, BW=5094KiB/s (5216kB/s)(298MiB/60001msec)
    slat (nsec): min=4048, max=41582, avg=6594.82, stdev=1713.27
    clat (usec): min=104, max=12057, avg=777.00, stdev=199.06
     lat (usec): min=111, max=12064, avg=783.79, stdev=199.11
    clat percentiles (usec):
     |  1.00th=[  343],  5.00th=[  490], 10.00th=[  545], 20.00th=[  619],
     | 30.00th=[  676], 40.00th=[  725], 50.00th=[  775], 60.00th=[  824],
     | 70.00th=[  873], 80.00th=[  938], 90.00th=[ 1020], 95.00th=[ 1090],
     | 99.00th=[ 1221], 99.50th=[ 1254], 99.90th=[ 1385], 99.95th=[ 1483],
     | 99.99th=[ 4146]
   bw (  KiB/s): min= 4704, max= 5448, per=100.00%, avg=5094.26, stdev=144.99, samples=120
   iops        : min= 1176, max= 1362, avg=1273.55, stdev=36.25, samples=120
  lat (usec)   : 250=0.40%, 500=5.29%, 750=40.17%, 1000=42.35%
  lat (msec)   : 2=11.77%, 4=0.01%, 10=0.01%, 20=0.01%
  cpu          : usr=0.52%, sys=1.33%, ctx=76479, majf=0, minf=0
  IO depths    : 1=100.0%, 2=0.0%, 4=0.0%, 8=0.0%, 16=0.0%, 32=0.0%, >=64=0.0%
     submit    : 0=0.0%, 4=100.0%, 8=0.0%, 16=0.0%, 32=0.0%, 64=0.0%, >=64=0.0%
     complete  : 0=0.0%, 4=100.0%, 8=0.0%, 16=0.0%, 32=0.0%, 64=0.0%, >=64=0.0%
     issued rwts: total=76410,0,0,0 short=0,0,0,0 dropped=0,0,0,0
     latency   : target=0, window=0, percentile=100.00%, depth=1

Run status group 0 (all jobs):
   READ: bw=5094KiB/s (5216kB/s), 5094KiB/s-5094KiB/s (5216kB/s-5216kB/s), io=298MiB (313MB), run=60001-60001msec
