"randwrite_64k_16_1": (g=0): rw=randwrite, bs=(R) 64.0KiB-64.0KiB, (W) 64.0KiB-64.0KiB, (T) 64.0KiB-64.0KiB, ioengine=io_uring, iodepth=16
fio-3.28
Starting 1 thread

"randwrite_64k_16_1": (groupid=0, jobs=1): err= 0: pid=102794: Thu Aug 10 18:23:36 2023
  write: IOPS=583, BW=36.5MiB/s (38.2MB/s)(2189MiB/60018msec); 0 zone resets
    slat (nsec): min=8080, max=96607, avg=16195.79, stdev=5491.43
    clat (usec): min=12901, max=90323, avg=27400.94, stdev=4350.42
     lat (usec): min=12915, max=90336, avg=27417.43, stdev=4350.90
    clat percentiles (usec):
     |  1.00th=[21365],  5.00th=[22414], 10.00th=[22938], 20.00th=[24249],
     | 30.00th=[25297], 40.00th=[26084], 50.00th=[26608], 60.00th=[27132],
     | 70.00th=[28181], 80.00th=[30278], 90.00th=[32900], 95.00th=[34866],
     | 99.00th=[40109], 99.50th=[44827], 99.90th=[57934], 99.95th=[64226],
     | 99.99th=[89654]
   bw (  KiB/s): min=27520, max=45824, per=99.99%, avg=37350.23, stdev=3650.89, samples=120
   iops        : min=  430, max=  716, avg=583.58, stdev=57.04, samples=120
  lat (msec)   : 20=0.27%, 50=99.39%, 100=0.37%
  cpu          : usr=0.58%, sys=1.10%, ctx=35035, majf=0, minf=0
  IO depths    : 1=0.0%, 2=0.0%, 4=0.0%, 8=0.0%, 16=100.0%, 32=0.0%, >=64=0.0%
     submit    : 0=0.0%, 4=100.0%, 8=0.0%, 16=0.0%, 32=0.0%, 64=0.0%, >=64=0.0%
     complete  : 0=0.0%, 4=100.0%, 8=0.0%, 16=0.1%, 32=0.0%, 64=0.0%, >=64=0.0%
     issued rwts: total=0,35013,0,0 short=0,0,0,0 dropped=0,0,0,0
     latency   : target=0, window=0, percentile=100.00%, depth=16

Run status group 0 (all jobs):
  WRITE: bw=36.5MiB/s (38.2MB/s), 36.5MiB/s-36.5MiB/s (38.2MB/s-38.2MB/s), io=2189MiB (2296MB), run=60018-60018msec
