"randwrite_64k_4_1": (g=0): rw=randwrite, bs=(R) 64.0KiB-64.0KiB, (W) 64.0KiB-64.0KiB, (T) 64.0KiB-64.0KiB, ioengine=io_uring, iodepth=4
fio-3.28
Starting 1 thread

"randwrite_64k_4_1": (groupid=0, jobs=1): err= 0: pid=102305: Thu Aug 10 18:21:14 2023
  write: IOPS=611, BW=38.2MiB/s (40.1MB/s)(2292MiB/60003msec); 0 zone resets
    slat (nsec): min=6627, max=96944, avg=13963.43, stdev=4453.80
    clat (usec): min=1086, max=38939, avg=6527.43, stdev=1414.94
     lat (usec): min=1100, max=38957, avg=6541.63, stdev=1415.09
    clat percentiles (usec):
     |  1.00th=[ 4080],  5.00th=[ 4817], 10.00th=[ 5211], 20.00th=[ 5669],
     | 30.00th=[ 5932], 40.00th=[ 6194], 50.00th=[ 6456], 60.00th=[ 6718],
     | 70.00th=[ 6980], 80.00th=[ 7308], 90.00th=[ 7832], 95.00th=[ 8291],
     | 99.00th=[ 9372], 99.50th=[10814], 99.90th=[24511], 99.95th=[29230],
     | 99.99th=[34866]
   bw (  KiB/s): min=29824, max=47360, per=100.00%, avg=39123.27, stdev=3577.34, samples=120
   iops        : min=  466, max=  740, avg=611.28, stdev=55.91, samples=120
  lat (msec)   : 2=0.32%, 4=0.52%, 10=98.47%, 20=0.53%, 50=0.17%
  cpu          : usr=0.41%, sys=1.13%, ctx=35818, majf=0, minf=0
  IO depths    : 1=0.0%, 2=0.0%, 4=100.0%, 8=0.0%, 16=0.0%, 32=0.0%, >=64=0.0%
     submit    : 0=0.0%, 4=100.0%, 8=0.0%, 16=0.0%, 32=0.0%, 64=0.0%, >=64=0.0%
     complete  : 0=0.0%, 4=100.0%, 8=0.0%, 16=0.0%, 32=0.0%, 64=0.0%, >=64=0.0%
     issued rwts: total=0,36675,0,0 short=0,0,0,0 dropped=0,0,0,0
     latency   : target=0, window=0, percentile=100.00%, depth=4

Run status group 0 (all jobs):
  WRITE: bw=38.2MiB/s (40.1MB/s), 38.2MiB/s-38.2MiB/s (40.1MB/s-40.1MB/s), io=2292MiB (2404MB), run=60003-60003msec
