"randwrite_64k_2_1": (g=0): rw=randwrite, bs=(R) 64.0KiB-64.0KiB, (W) 64.0KiB-64.0KiB, (T) 64.0KiB-64.0KiB, ioengine=io_uring, iodepth=2
fio-3.28
Starting 1 thread

"randwrite_64k_2_1": (groupid=0, jobs=1): err= 0: pid=102061: Thu Aug 10 18:20:04 2023
  write: IOPS=587, BW=36.7MiB/s (38.5MB/s)(2205MiB/60004msec); 0 zone resets
    slat (nsec): min=6610, max=61476, avg=14240.79, stdev=4608.66
    clat (usec): min=1067, max=45006, avg=3385.10, stdev=1046.84
     lat (usec): min=1079, max=45018, avg=3399.57, stdev=1046.90
    clat percentiles (usec):
     |  1.00th=[ 1926],  5.00th=[ 2409], 10.00th=[ 2606], 20.00th=[ 2802],
     | 30.00th=[ 2966], 40.00th=[ 3097], 50.00th=[ 3228], 60.00th=[ 3392],
     | 70.00th=[ 3589], 80.00th=[ 3851], 90.00th=[ 4293], 95.00th=[ 4752],
     | 99.00th=[ 5866], 99.50th=[ 6521], 99.90th=[15795], 99.95th=[22414],
     | 99.99th=[39584]
   bw (  KiB/s): min=27776, max=46592, per=100.00%, avg=37628.11, stdev=4162.56, samples=120
   iops        : min=  434, max=  728, avg=587.92, stdev=65.03, samples=120
  lat (msec)   : 2=1.22%, 4=82.38%, 10=16.23%, 20=0.11%, 50=0.07%
  cpu          : usr=0.43%, sys=1.10%, ctx=34689, majf=0, minf=0
  IO depths    : 1=0.0%, 2=100.0%, 4=0.0%, 8=0.0%, 16=0.0%, 32=0.0%, >=64=0.0%
     submit    : 0=0.0%, 4=100.0%, 8=0.0%, 16=0.0%, 32=0.0%, 64=0.0%, >=64=0.0%
     complete  : 0=0.0%, 4=100.0%, 8=0.0%, 16=0.0%, 32=0.0%, 64=0.0%, >=64=0.0%
     issued rwts: total=0,35274,0,0 short=0,0,0,0 dropped=0,0,0,0
     latency   : target=0, window=0, percentile=100.00%, depth=2

Run status group 0 (all jobs):
  WRITE: bw=36.7MiB/s (38.5MB/s), 36.7MiB/s-36.7MiB/s (38.5MB/s-38.5MB/s), io=2205MiB (2312MB), run=60004-60004msec
