"randwrite_64k_4_1": (g=0): rw=randwrite, bs=(R) 64.0KiB-64.0KiB, (W) 64.0KiB-64.0KiB, (T) 64.0KiB-64.0KiB, ioengine=io_uring, iodepth=4
fio-3.28
Starting 1 thread

"randwrite_64k_4_1": (groupid=0, jobs=1): err= 0: pid=102309: Thu Aug 10 18:21:14 2023
  write: IOPS=612, BW=38.3MiB/s (40.1MB/s)(2295MiB/60002msec); 0 zone resets
    slat (nsec): min=6390, max=73616, avg=13773.13, stdev=4453.02
    clat (usec): min=1106, max=38150, avg=6519.12, stdev=1421.09
     lat (usec): min=1120, max=38163, avg=6533.12, stdev=1421.14
    clat percentiles (usec):
     |  1.00th=[ 4080],  5.00th=[ 4817], 10.00th=[ 5211], 20.00th=[ 5669],
     | 30.00th=[ 5932], 40.00th=[ 6194], 50.00th=[ 6456], 60.00th=[ 6718],
     | 70.00th=[ 6980], 80.00th=[ 7308], 90.00th=[ 7832], 95.00th=[ 8291],
     | 99.00th=[ 9372], 99.50th=[10683], 99.90th=[24773], 99.95th=[27657],
     | 99.99th=[35390]
   bw (  KiB/s): min=30208, max=46080, per=100.00%, avg=39175.69, stdev=3528.95, samples=120
   iops        : min=  472, max=  720, avg=612.10, stdev=55.15, samples=120
  lat (msec)   : 2=0.36%, 4=0.51%, 10=98.46%, 20=0.49%, 50=0.19%
  cpu          : usr=0.45%, sys=1.06%, ctx=35846, majf=0, minf=0
  IO depths    : 1=0.0%, 2=0.0%, 4=100.0%, 8=0.0%, 16=0.0%, 32=0.0%, >=64=0.0%
     submit    : 0=0.0%, 4=100.0%, 8=0.0%, 16=0.0%, 32=0.0%, 64=0.0%, >=64=0.0%
     complete  : 0=0.0%, 4=100.0%, 8=0.0%, 16=0.0%, 32=0.0%, 64=0.0%, >=64=0.0%
     issued rwts: total=0,36724,0,0 short=0,0,0,0 dropped=0,0,0,0
     latency   : target=0, window=0, percentile=100.00%, depth=4

Run status group 0 (all jobs):
  WRITE: bw=38.3MiB/s (40.1MB/s), 38.3MiB/s-38.3MiB/s (40.1MB/s-40.1MB/s), io=2295MiB (2407MB), run=60002-60002msec
