"randwrite_4k_4_1": (g=0): rw=randwrite, bs=(R) 4096B-4096B, (W) 4096B-4096B, (T) 4096B-4096B, ioengine=io_uring, iodepth=4
fio-3.28
Starting 1 thread

"randwrite_4k_4_1": (groupid=0, jobs=1): err= 0: pid=98888: Thu Aug 10 18:04:44 2023
  write: IOPS=609, BW=2437KiB/s (2495kB/s)(143MiB/60002msec); 0 zone resets
    slat (nsec): min=2436, max=80070, avg=8624.09, stdev=4133.97
    clat (usec): min=831, max=49602, avg=6555.73, stdev=2327.31
     lat (usec): min=841, max=49612, avg=6564.58, stdev=2327.47
    clat percentiles (usec):
     |  1.00th=[ 3818],  5.00th=[ 4752], 10.00th=[ 5014], 20.00th=[ 5473],
     | 30.00th=[ 5800], 40.00th=[ 6063], 50.00th=[ 6390], 60.00th=[ 6652],
     | 70.00th=[ 6980], 80.00th=[ 7308], 90.00th=[ 7767], 95.00th=[ 8225],
     | 99.00th=[16057], 99.50th=[23987], 99.90th=[34341], 99.95th=[39060],
     | 99.99th=[47449]
   bw (  KiB/s): min= 1416, max= 3240, per=99.98%, avg=2436.49, stdev=277.39, samples=120
   iops        : min=  354, max=  810, avg=609.12, stdev=69.34, samples=120
  lat (usec)   : 1000=0.07%
  lat (msec)   : 2=0.57%, 4=0.52%, 10=97.42%, 20=0.64%, 50=0.79%
  cpu          : usr=0.39%, sys=0.84%, ctx=35747, majf=0, minf=0
  IO depths    : 1=0.0%, 2=0.0%, 4=100.0%, 8=0.0%, 16=0.0%, 32=0.0%, >=64=0.0%
     submit    : 0=0.0%, 4=100.0%, 8=0.0%, 16=0.0%, 32=0.0%, 64=0.0%, >=64=0.0%
     complete  : 0=0.0%, 4=100.0%, 8=0.0%, 16=0.0%, 32=0.0%, 64=0.0%, >=64=0.0%
     issued rwts: total=0,36546,0,0 short=0,0,0,0 dropped=0,0,0,0
     latency   : target=0, window=0, percentile=100.00%, depth=4

Run status group 0 (all jobs):
  WRITE: bw=2437KiB/s (2495kB/s), 2437KiB/s-2437KiB/s (2495kB/s-2495kB/s), io=143MiB (150MB), run=60002-60002msec
