"randwrite_64k_1_1": (g=0): rw=randwrite, bs=(R) 64.0KiB-64.0KiB, (W) 64.0KiB-64.0KiB, (T) 64.0KiB-64.0KiB, ioengine=io_uring, iodepth=1
fio-3.28
Starting 1 thread

"randwrite_64k_1_1": (groupid=0, jobs=1): err= 0: pid=104994: Thu Aug 10 18:34:17 2023
  write: IOPS=502, BW=31.4MiB/s (32.9MB/s)(1884MiB/60001msec); 0 zone resets
    slat (nsec): min=10358, max=62565, avg=14118.93, stdev=1894.81
    clat (usec): min=1034, max=51219, avg=1974.06, stdev=939.73
     lat (usec): min=1048, max=51233, avg=1988.40, stdev=939.76
    clat percentiles (usec):
     |  1.00th=[ 1303],  5.00th=[ 1418], 10.00th=[ 1483], 20.00th=[ 1598],
     | 30.00th=[ 1680], 40.00th=[ 1762], 50.00th=[ 1844], 60.00th=[ 1942],
     | 70.00th=[ 2057], 80.00th=[ 2212], 90.00th=[ 2507], 95.00th=[ 2802],
     | 99.00th=[ 3621], 99.50th=[ 4228], 99.90th=[16319], 99.95th=[19792],
     | 99.99th=[31327]
   bw (  KiB/s): min=25984, max=37760, per=100.00%, avg=32158.15, stdev=3152.58, samples=120
   iops        : min=  406, max=  590, avg=502.44, stdev=49.29, samples=120
  lat (msec)   : 2=65.39%, 4=34.01%, 10=0.40%, 20=0.15%, 50=0.05%
  lat (msec)   : 100=0.01%
  cpu          : usr=0.32%, sys=0.83%, ctx=30175, majf=0, minf=0
  IO depths    : 1=100.0%, 2=0.0%, 4=0.0%, 8=0.0%, 16=0.0%, 32=0.0%, >=64=0.0%
     submit    : 0=0.0%, 4=100.0%, 8=0.0%, 16=0.0%, 32=0.0%, 64=0.0%, >=64=0.0%
     complete  : 0=0.0%, 4=100.0%, 8=0.0%, 16=0.0%, 32=0.0%, 64=0.0%, >=64=0.0%
     issued rwts: total=0,30147,0,0 short=0,0,0,0 dropped=0,0,0,0
     latency   : target=0, window=0, percentile=100.00%, depth=1

Run status group 0 (all jobs):
  WRITE: bw=31.4MiB/s (32.9MB/s), 31.4MiB/s-31.4MiB/s (32.9MB/s-32.9MB/s), io=1884MiB (1976MB), run=60001-60001msec
