"randread_64k_128_1": (g=0): rw=randread, bs=(R) 64.0KiB-64.0KiB, (W) 64.0KiB-64.0KiB, (T) 64.0KiB-64.0KiB, ioengine=io_uring, iodepth=128
fio-3.28
Starting 1 thread

"randread_64k_128_1": (groupid=0, jobs=1): err= 0: pid=98402: Thu Aug 10 18:02:23 2023
  read: IOPS=1554, BW=97.3MiB/s (102MB/s)(5845MiB/60080msec)
    slat (usec): min=6, max=591, avg=10.68, stdev= 5.40
    clat (msec): min=72, max=165, avg=82.26, stdev= 3.76
     lat (msec): min=72, max=165, avg=82.28, stdev= 3.76
    clat percentiles (msec):
     |  1.00th=[   77],  5.00th=[   79], 10.00th=[   80], 20.00th=[   81],
     | 30.00th=[   81], 40.00th=[   82], 50.00th=[   83], 60.00th=[   83],
     | 70.00th=[   84], 80.00th=[   85], 90.00th=[   86], 95.00th=[   87],
     | 99.00th=[   92], 99.50th=[  102], 99.90th=[  129], 99.95th=[  136],
     | 99.99th=[  161]
   bw (  KiB/s): min=89216, max=104320, per=100.00%, avg=99633.45, stdev=2324.13, samples=120
   iops        : min= 1394, max= 1630, avg=1556.76, stdev=36.32, samples=120
  lat (msec)   : 100=99.59%, 250=0.55%
  cpu          : usr=0.56%, sys=2.25%, ctx=92679, majf=0, minf=0
  IO depths    : 1=0.0%, 2=0.0%, 4=0.0%, 8=0.0%, 16=0.0%, 32=0.0%, >=64=100.0%
     submit    : 0=0.0%, 4=100.0%, 8=0.0%, 16=0.0%, 32=0.0%, 64=0.0%, >=64=0.0%
     complete  : 0=0.0%, 4=100.0%, 8=0.0%, 16=0.0%, 32=0.0%, 64=0.0%, >=64=0.1%
     issued rwts: total=93398,0,0,0 short=0,0,0,0 dropped=0,0,0,0
     latency   : target=0, window=0, percentile=100.00%, depth=128

Run status group 0 (all jobs):
   READ: bw=97.3MiB/s (102MB/s), 97.3MiB/s-97.3MiB/s (102MB/s-102MB/s), io=5845MiB (6129MB), run=60080-60080msec
