"randwrite_4k_8_1": (g=0): rw=randwrite, bs=(R) 4096B-4096B, (W) 4096B-4096B, (T) 4096B-4096B, ioengine=io_uring, iodepth=8
fio-3.28
Starting 1 thread

"randwrite_4k_8_1": (groupid=0, jobs=1): err= 0: pid=99129: Thu Aug 10 18:05:55 2023
  write: IOPS=612, BW=2449KiB/s (2508kB/s)(144MiB/60012msec); 0 zone resets
    slat (nsec): min=2738, max=71956, avg=9699.53, stdev=4437.79
    clat (usec): min=2469, max=52992, avg=13053.11, stdev=1833.36
     lat (usec): min=2480, max=53002, avg=13063.06, stdev=1833.56
    clat percentiles (usec):
     |  1.00th=[10552],  5.00th=[11207], 10.00th=[11469], 20.00th=[11731],
     | 30.00th=[12125], 40.00th=[12387], 50.00th=[12649], 60.00th=[13042],
     | 70.00th=[13435], 80.00th=[14222], 90.00th=[15139], 95.00th=[15795],
     | 99.00th=[19006], 99.50th=[20055], 99.90th=[29754], 99.95th=[35914],
     | 99.99th=[50594]
   bw (  KiB/s): min= 1872, max= 2760, per=99.99%, avg=2449.35, stdev=178.27, samples=120
   iops        : min=  468, max=  690, avg=612.33, stdev=44.56, samples=120
  lat (msec)   : 4=0.01%, 10=0.35%, 20=99.10%, 50=0.54%, 100=0.02%
  cpu          : usr=0.41%, sys=0.99%, ctx=36773, majf=0, minf=0
  IO depths    : 1=0.0%, 2=0.0%, 4=0.0%, 8=100.0%, 16=0.0%, 32=0.0%, >=64=0.0%
     submit    : 0=0.0%, 4=100.0%, 8=0.0%, 16=0.0%, 32=0.0%, 64=0.0%, >=64=0.0%
     complete  : 0=0.0%, 4=100.0%, 8=0.1%, 16=0.0%, 32=0.0%, 64=0.0%, >=64=0.0%
     issued rwts: total=0,36739,0,0 short=0,0,0,0 dropped=0,0,0,0
     latency   : target=0, window=0, percentile=100.00%, depth=8

Run status group 0 (all jobs):
  WRITE: bw=2449KiB/s (2508kB/s), 2449KiB/s-2449KiB/s (2508kB/s-2508kB/s), io=144MiB (151MB), run=60012-60012msec
