"randwrite_4k_16_1": (g=0): rw=randwrite, bs=(R) 4096B-4096B, (W) 4096B-4096B, (T) 4096B-4096B, ioengine=io_uring, iodepth=16
fio-3.28
Starting 1 thread

"randwrite_4k_16_1": (groupid=0, jobs=1): err= 0: pid=99335: Thu Aug 10 18:07:06 2023
  write: IOPS=603, BW=2413KiB/s (2471kB/s)(141MiB/60027msec); 0 zone resets
    slat (nsec): min=2820, max=67067, avg=9915.65, stdev=4470.38
    clat (usec): min=13522, max=70785, avg=26513.92, stdev=3021.45
     lat (usec): min=13530, max=70790, avg=26524.11, stdev=3021.53
    clat percentiles (usec):
     |  1.00th=[22676],  5.00th=[23462], 10.00th=[23987], 20.00th=[24773],
     | 30.00th=[25035], 40.00th=[25560], 50.00th=[26084], 60.00th=[26608],
     | 70.00th=[27395], 80.00th=[27919], 90.00th=[28967], 95.00th=[29754],
     | 99.00th=[36439], 99.50th=[43254], 99.90th=[62129], 99.95th=[68682],
     | 99.99th=[69731]
   bw (  KiB/s): min= 1872, max= 2736, per=100.00%, avg=2413.23, stdev=142.58, samples=120
   iops        : min=  468, max=  684, avg=603.30, stdev=35.64, samples=120
  lat (msec)   : 20=0.09%, 50=99.65%, 100=0.31%
  cpu          : usr=0.40%, sys=1.02%, ctx=36226, majf=0, minf=0
  IO depths    : 1=0.0%, 2=0.0%, 4=0.0%, 8=0.0%, 16=100.0%, 32=0.0%, >=64=0.0%
     submit    : 0=0.0%, 4=100.0%, 8=0.0%, 16=0.0%, 32=0.0%, 64=0.0%, >=64=0.0%
     complete  : 0=0.0%, 4=100.0%, 8=0.0%, 16=0.1%, 32=0.0%, 64=0.0%, >=64=0.0%
     issued rwts: total=0,36197,0,0 short=0,0,0,0 dropped=0,0,0,0
     latency   : target=0, window=0, percentile=100.00%, depth=16

Run status group 0 (all jobs):
  WRITE: bw=2413KiB/s (2471kB/s), 2413KiB/s-2413KiB/s (2471kB/s-2471kB/s), io=141MiB (148MB), run=60027-60027msec
