"randread_64k_4_1": (g=0): rw=randread, bs=(R) 64.0KiB-64.0KiB, (W) 64.0KiB-64.0KiB, (T) 64.0KiB-64.0KiB, ioengine=io_uring, iodepth=4
fio-3.28
Starting 1 thread

"randread_64k_4_1": (groupid=0, jobs=1): err= 0: pid=97179: Thu Aug 10 17:56:30 2023
  read: IOPS=1595, BW=99.7MiB/s (105MB/s)(5985MiB/60001msec)
    slat (usec): min=5, max=227, avg=10.06, stdev= 3.29
    clat (usec): min=189, max=38049, avg=2494.61, stdev=865.51
     lat (usec): min=201, max=38057, avg=2504.85, stdev=865.47
    clat percentiles (usec):
     |  1.00th=[ 1106],  5.00th=[ 1483], 10.00th=[ 1663], 20.00th=[ 1909],
     | 30.00th=[ 2114], 40.00th=[ 2278], 50.00th=[ 2409], 60.00th=[ 2573],
     | 70.00th=[ 2769], 80.00th=[ 2999], 90.00th=[ 3359], 95.00th=[ 3687],
     | 99.00th=[ 4621], 99.50th=[ 5080], 99.90th=[ 9896], 99.95th=[16450],
     | 99.99th=[25560]
   bw (  KiB/s): min=78208, max=113792, per=100.00%, avg=102146.53, stdev=10757.33, samples=120
   iops        : min= 1222, max= 1778, avg=1596.01, stdev=168.09, samples=120
  lat (usec)   : 250=0.01%, 500=0.03%, 750=0.12%, 1000=0.44%
  lat (msec)   : 2=23.84%, 4=72.71%, 10=2.76%, 20=0.07%, 50=0.03%
  cpu          : usr=0.62%, sys=2.18%, ctx=93076, majf=0, minf=0
  IO depths    : 1=0.0%, 2=0.0%, 4=100.0%, 8=0.0%, 16=0.0%, 32=0.0%, >=64=0.0%
     submit    : 0=0.0%, 4=100.0%, 8=0.0%, 16=0.0%, 32=0.0%, 64=0.0%, >=64=0.0%
     complete  : 0=0.0%, 4=100.0%, 8=0.0%, 16=0.0%, 32=0.0%, 64=0.0%, >=64=0.0%
     issued rwts: total=95755,0,0,0 short=0,0,0,0 dropped=0,0,0,0
     latency   : target=0, window=0, percentile=100.00%, depth=4

Run status group 0 (all jobs):
   READ: bw=99.7MiB/s (105MB/s), 99.7MiB/s-99.7MiB/s (105MB/s-105MB/s), io=5985MiB (6276MB), run=60001-60001msec
