"randwrite_4k_128_1": (g=0): rw=randwrite, bs=(R) 4096B-4096B, (W) 4096B-4096B, (T) 4096B-4096B, ioengine=io_uring, iodepth=128
fio-3.28
Starting 1 thread

"randwrite_4k_128_1": (groupid=0, jobs=1): err= 0: pid=100108: Thu Aug 10 18:10:38 2023
  write: IOPS=608, BW=2444KiB/s (2503kB/s)(144MiB/60213msec); 0 zone resets
    slat (nsec): min=3060, max=69196, avg=9795.99, stdev=4464.98
    clat (msec): min=171, max=425, avg=209.85, stdev=21.52
     lat (msec): min=171, max=425, avg=209.86, stdev=21.52
    clat percentiles (msec):
     |  1.00th=[  180],  5.00th=[  186], 10.00th=[  190], 20.00th=[  192],
     | 30.00th=[  197], 40.00th=[  199], 50.00th=[  203], 60.00th=[  211],
     | 70.00th=[  218], 80.00th=[  230], 90.00th=[  243], 95.00th=[  251],
     | 99.00th=[  264], 99.50th=[  271], 99.90th=[  363], 99.95th=[  397],
     | 99.99th=[  422]
   bw (  KiB/s): min= 2004, max= 2824, per=99.99%, avg=2444.58, stdev=197.91, samples=120
   iops        : min=  501, max=  706, avg=611.14, stdev=49.48, samples=120
  lat (msec)   : 250=95.16%, 500=5.18%
  cpu          : usr=0.43%, sys=0.97%, ctx=36838, majf=0, minf=0
  IO depths    : 1=0.0%, 2=0.0%, 4=0.0%, 8=0.0%, 16=0.0%, 32=0.0%, >=64=100.0%
     submit    : 0=0.0%, 4=100.0%, 8=0.0%, 16=0.0%, 32=0.0%, 64=0.0%, >=64=0.0%
     complete  : 0=0.0%, 4=100.0%, 8=0.0%, 16=0.0%, 32=0.0%, 64=0.0%, >=64=0.1%
     issued rwts: total=0,36666,0,0 short=0,0,0,0 dropped=0,0,0,0
     latency   : target=0, window=0, percentile=100.00%, depth=128

Run status group 0 (all jobs):
  WRITE: bw=2444KiB/s (2503kB/s), 2444KiB/s-2444KiB/s (2503kB/s-2503kB/s), io=144MiB (151MB), run=60213-60213msec
