"randwrite_4k_2_1": (g=0): rw=randwrite, bs=(R) 4096B-4096B, (W) 4096B-4096B, (T) 4096B-4096B, ioengine=io_uring, iodepth=2
fio-3.28
Starting 1 thread

"randwrite_4k_2_1": (groupid=0, jobs=1): err= 0: pid=98639: Thu Aug 10 18:03:34 2023
  write: IOPS=597, BW=2389KiB/s (2446kB/s)(140MiB/60005msec); 0 zone resets
    slat (nsec): min=2445, max=42146, avg=8815.55, stdev=4107.75
    clat (usec): min=818, max=73153, avg=3337.52, stdev=2210.17
     lat (usec): min=824, max=73158, avg=3346.56, stdev=2210.23
    clat percentiles (usec):
     |  1.00th=[ 1860],  5.00th=[ 2245], 10.00th=[ 2442], 20.00th=[ 2671],
     | 30.00th=[ 2835], 40.00th=[ 2966], 50.00th=[ 3064], 60.00th=[ 3228],
     | 70.00th=[ 3392], 80.00th=[ 3621], 90.00th=[ 3949], 95.00th=[ 4293],
     | 99.00th=[10290], 99.50th=[21365], 99.90th=[31589], 99.95th=[39584],
     | 99.99th=[63701]
   bw (  KiB/s): min= 1128, max= 3136, per=100.00%, avg=2389.00, stdev=314.27, samples=120
   iops        : min=  282, max=  784, avg=597.24, stdev=78.56, samples=120
  lat (usec)   : 1000=0.07%
  lat (msec)   : 2=1.71%, 4=89.29%, 10=7.90%, 20=0.46%, 50=0.55%
  lat (msec)   : 100=0.01%
  cpu          : usr=0.32%, sys=0.92%, ctx=35257, majf=0, minf=0
  IO depths    : 1=0.0%, 2=100.0%, 4=0.0%, 8=0.0%, 16=0.0%, 32=0.0%, >=64=0.0%
     submit    : 0=0.0%, 4=100.0%, 8=0.0%, 16=0.0%, 32=0.0%, 64=0.0%, >=64=0.0%
     complete  : 0=0.0%, 4=100.0%, 8=0.0%, 16=0.0%, 32=0.0%, 64=0.0%, >=64=0.0%
     issued rwts: total=0,35833,0,0 short=0,0,0,0 dropped=0,0,0,0
     latency   : target=0, window=0, percentile=100.00%, depth=2

Run status group 0 (all jobs):
  WRITE: bw=2389KiB/s (2446kB/s), 2389KiB/s-2389KiB/s (2446kB/s-2446kB/s), io=140MiB (147MB), run=60005-60005msec
