"randwrite_4k_8_1": (g=0): rw=randwrite, bs=(R) 4096B-4096B, (W) 4096B-4096B, (T) 4096B-4096B, ioengine=io_uring, iodepth=8
fio-3.28
Starting 1 thread

"randwrite_4k_8_1": (groupid=0, jobs=1): err= 0: pid=99136: Thu Aug 10 18:05:55 2023
  write: IOPS=612, BW=2450KiB/s (2508kB/s)(144MiB/60004msec); 0 zone resets
    slat (nsec): min=2365, max=61021, avg=9819.60, stdev=4461.11
    clat (usec): min=2599, max=63720, avg=13051.02, stdev=1849.12
     lat (usec): min=2621, max=63730, avg=13061.12, stdev=1849.31
    clat percentiles (usec):
     |  1.00th=[10552],  5.00th=[11076], 10.00th=[11469], 20.00th=[11731],
     | 30.00th=[12125], 40.00th=[12387], 50.00th=[12649], 60.00th=[13042],
     | 70.00th=[13435], 80.00th=[14222], 90.00th=[15139], 95.00th=[15795],
     | 99.00th=[19006], 99.50th=[20055], 99.90th=[30016], 99.95th=[35914],
     | 99.99th=[52167]
   bw (  KiB/s): min= 1920, max= 2752, per=99.97%, avg=2449.48, stdev=181.81, samples=120
   iops        : min=  480, max=  688, avg=612.37, stdev=45.45, samples=120
  lat (msec)   : 4=0.01%, 10=0.35%, 20=99.09%, 50=0.54%, 100=0.02%
  cpu          : usr=0.43%, sys=1.00%, ctx=36771, majf=0, minf=0
  IO depths    : 1=0.0%, 2=0.0%, 4=0.0%, 8=100.0%, 16=0.0%, 32=0.0%, >=64=0.0%
     submit    : 0=0.0%, 4=100.0%, 8=0.0%, 16=0.0%, 32=0.0%, 64=0.0%, >=64=0.0%
     complete  : 0=0.0%, 4=100.0%, 8=0.1%, 16=0.0%, 32=0.0%, 64=0.0%, >=64=0.0%
     issued rwts: total=0,36741,0,0 short=0,0,0,0 dropped=0,0,0,0
     latency   : target=0, window=0, percentile=100.00%, depth=8

Run status group 0 (all jobs):
  WRITE: bw=2450KiB/s (2508kB/s), 2450KiB/s-2450KiB/s (2508kB/s-2508kB/s), io=144MiB (151MB), run=60004-60004msec
