"randwrite_64k_1_1": (g=0): rw=randwrite, bs=(R) 64.0KiB-64.0KiB, (W) 64.0KiB-64.0KiB, (T) 64.0KiB-64.0KiB, ioengine=io_uring, iodepth=1
fio-3.28
Starting 1 thread

"randwrite_64k_1_1": (groupid=0, jobs=1): err= 0: pid=104992: Thu Aug 10 18:34:17 2023
  write: IOPS=501, BW=31.4MiB/s (32.9MB/s)(1881MiB/60002msec); 0 zone resets
    slat (nsec): min=10420, max=56326, avg=14033.45, stdev=1809.90
    clat (usec): min=932, max=46485, avg=1977.52, stdev=955.03
     lat (usec): min=944, max=46500, avg=1991.77, stdev=955.05
    clat percentiles (usec):
     |  1.00th=[ 1303],  5.00th=[ 1418], 10.00th=[ 1483], 20.00th=[ 1582],
     | 30.00th=[ 1680], 40.00th=[ 1762], 50.00th=[ 1844], 60.00th=[ 1942],
     | 70.00th=[ 2057], 80.00th=[ 2212], 90.00th=[ 2507], 95.00th=[ 2802],
     | 99.00th=[ 3654], 99.50th=[ 4490], 99.90th=[16909], 99.95th=[21103],
     | 99.99th=[30802]
   bw (  KiB/s): min=25472, max=38016, per=100.00%, avg=32103.67, stdev=3135.27, samples=120
   iops        : min=  398, max=  594, avg=501.60, stdev=49.01, samples=120
  lat (usec)   : 1000=0.01%
  lat (msec)   : 2=65.15%, 4=34.16%, 10=0.46%, 20=0.17%, 50=0.06%
  cpu          : usr=0.26%, sys=0.87%, ctx=30123, majf=0, minf=0
  IO depths    : 1=100.0%, 2=0.0%, 4=0.0%, 8=0.0%, 16=0.0%, 32=0.0%, >=64=0.0%
     submit    : 0=0.0%, 4=100.0%, 8=0.0%, 16=0.0%, 32=0.0%, 64=0.0%, >=64=0.0%
     complete  : 0=0.0%, 4=100.0%, 8=0.0%, 16=0.0%, 32=0.0%, 64=0.0%, >=64=0.0%
     issued rwts: total=0,30098,0,0 short=0,0,0,0 dropped=0,0,0,0
     latency   : target=0, window=0, percentile=100.00%, depth=1

Run status group 0 (all jobs):
  WRITE: bw=31.4MiB/s (32.9MB/s), 31.4MiB/s-31.4MiB/s (32.9MB/s-32.9MB/s), io=1881MiB (1973MB), run=60002-60002msec
