"randwrite_4k_16_1": (g=0): rw=randwrite, bs=(R) 4096B-4096B, (W) 4096B-4096B, (T) 4096B-4096B, ioengine=io_uring, iodepth=16
fio-3.28
Starting 1 thread

"randwrite_4k_16_1": (groupid=0, jobs=1): err= 0: pid=99380: Thu Aug 10 18:07:06 2023
  write: IOPS=603, BW=2414KiB/s (2472kB/s)(141MiB/60004msec); 0 zone resets
    slat (nsec): min=2893, max=82243, avg=9848.89, stdev=4451.44
    clat (usec): min=4836, max=72945, avg=26503.95, stdev=3003.95
     lat (usec): min=4845, max=72952, avg=26514.06, stdev=3004.05
    clat percentiles (usec):
     |  1.00th=[22676],  5.00th=[23462], 10.00th=[23987], 20.00th=[24773],
     | 30.00th=[25035], 40.00th=[25560], 50.00th=[26084], 60.00th=[26608],
     | 70.00th=[27395], 80.00th=[28181], 90.00th=[28967], 95.00th=[29754],
     | 99.00th=[36439], 99.50th=[42206], 99.90th=[62129], 99.95th=[68682],
     | 99.99th=[69731]
   bw (  KiB/s): min= 1832, max= 2736, per=99.96%, avg=2413.40, stdev=147.52, samples=120
   iops        : min=  458, max=  684, avg=603.34, stdev=36.87, samples=120
  lat (msec)   : 10=0.01%, 20=0.10%, 50=99.63%, 100=0.30%
  cpu          : usr=0.45%, sys=0.96%, ctx=36235, majf=0, minf=0
  IO depths    : 1=0.0%, 2=0.0%, 4=0.0%, 8=0.0%, 16=100.0%, 32=0.0%, >=64=0.0%
     submit    : 0=0.0%, 4=100.0%, 8=0.0%, 16=0.0%, 32=0.0%, 64=0.0%, >=64=0.0%
     complete  : 0=0.0%, 4=100.0%, 8=0.0%, 16=0.1%, 32=0.0%, 64=0.0%, >=64=0.0%
     issued rwts: total=0,36198,0,0 short=0,0,0,0 dropped=0,0,0,0
     latency   : target=0, window=0, percentile=100.00%, depth=16

Run status group 0 (all jobs):
  WRITE: bw=2414KiB/s (2472kB/s), 2414KiB/s-2414KiB/s (2472kB/s-2472kB/s), io=141MiB (148MB), run=60004-60004msec
