randwrite_32k_1_2: (g=0): rw=randwrite, bs=(R) 32.0KiB-32.0KiB, (W) 32.0KiB-32.0KiB, (T) 32.0KiB-32.0KiB, ioengine=io_uring, iodepth=1
...
fio-3.28
Starting 2 threads

randwrite_32k_1_2: (groupid=0, jobs=2): err= 0: pid=17124: Sun Feb 26 22:40:43 2023
  write: IOPS=13.8k, BW=431MiB/s (452MB/s)(25.3GiB/60001msec); 0 zone resets
    slat (usec): min=6, max=161, avg=10.07, stdev= 1.03
    clat (usec): min=62, max=635, avg=133.91, stdev=33.60
     lat (usec): min=96, max=644, avg=144.12, stdev=33.66
    clat percentiles (usec):
     |  1.00th=[  100],  5.00th=[  105], 10.00th=[  108], 20.00th=[  111],
     | 30.00th=[  114], 40.00th=[  117], 50.00th=[  121], 60.00th=[  130],
     | 70.00th=[  141], 80.00th=[  153], 90.00th=[  182], 95.00th=[  202],
     | 99.00th=[  258], 99.50th=[  281], 99.90th=[  343], 99.95th=[  359],
     | 99.99th=[  433]
   bw (  KiB/s): min=348608, max=480064, per=100.00%, avg=441618.37, stdev=10611.40, samples=240
   iops        : min=10894, max=15002, avg=13800.53, stdev=331.61, samples=240
  lat (usec)   : 100=1.26%, 250=97.57%, 500=1.17%, 750=0.01%
  cpu          : usr=2.27%, sys=8.05%, ctx=828068, majf=0, minf=0
  IO depths    : 1=100.0%, 2=0.0%, 4=0.0%, 8=0.0%, 16=0.0%, 32=0.0%, >=64=0.0%
     submit    : 0=0.0%, 4=100.0%, 8=0.0%, 16=0.0%, 32=0.0%, 64=0.0%, >=64=0.0%
     complete  : 0=0.0%, 4=100.0%, 8=0.0%, 16=0.0%, 32=0.0%, 64=0.0%, >=64=0.0%
     issued rwts: total=0,827950,0,0 short=0,0,0,0 dropped=0,0,0,0
     latency   : target=0, window=0, percentile=100.00%, depth=1

Run status group 0 (all jobs):
  WRITE: bw=431MiB/s (452MB/s), 431MiB/s-431MiB/s (452MB/s-452MB/s), io=25.3GiB (27.1GB), run=60001-60001msec
