randread_256k_128_2: (g=0): rw=randread, bs=(R) 256KiB-256KiB, (W) 256KiB-256KiB, (T) 256KiB-256KiB, ioengine=io_uring, iodepth=128
...
fio-3.28
Starting 2 threads

randread_256k_128_2: (groupid=0, jobs=2): err= 0: pid=15117: Sun Feb 26 21:43:18 2023
  read: IOPS=8330, BW=2084MiB/s (2185MB/s)(122GiB/60030msec)
    slat (usec): min=26, max=208, avg=30.84, stdev= 2.47
    clat (usec): min=29523, max=59997, avg=30692.02, stdev=871.07
     lat (usec): min=29552, max=60029, avg=30723.01, stdev=871.06
    clat percentiles (usec):
     |  1.00th=[30278],  5.00th=[30278], 10.00th=[30278], 20.00th=[30540],
     | 30.00th=[30540], 40.00th=[30540], 50.00th=[30540], 60.00th=[30802],
     | 70.00th=[30802], 80.00th=[30802], 90.00th=[30802], 95.00th=[31065],
     | 99.00th=[31327], 99.50th=[31327], 99.90th=[43779], 99.95th=[43779],
     | 99.99th=[53740]
   bw (  MiB/s): min= 1778, max= 2110, per=100.00%, avg=2083.67, stdev=15.58, samples=240
   iops        : min= 7112, max= 8440, avg=8334.63, stdev=62.31, samples=240
  lat (msec)   : 50=100.03%, 100=0.02%
  cpu          : usr=1.06%, sys=13.74%, ctx=499770, majf=0, minf=0
  IO depths    : 1=0.0%, 2=0.0%, 4=0.0%, 8=0.0%, 16=0.0%, 32=0.0%, >=64=100.0%
     submit    : 0=0.0%, 4=100.0%, 8=0.0%, 16=0.0%, 32=0.0%, 64=0.0%, >=64=0.0%
     complete  : 0=0.0%, 4=100.0%, 8=0.0%, 16=0.0%, 32=0.0%, 64=0.0%, >=64=0.1%
     issued rwts: total=500059,0,0,0 short=0,0,0,0 dropped=0,0,0,0
     latency   : target=0, window=0, percentile=100.00%, depth=128

Run status group 0 (all jobs):
   READ: bw=2084MiB/s (2185MB/s), 2084MiB/s-2084MiB/s (2185MB/s-2185MB/s), io=122GiB (131GB), run=60030-60030msec
