randread_128k_8_2: (g=0): rw=randread, bs=(R) 128KiB-128KiB, (W) 128KiB-128KiB, (T) 128KiB-128KiB, ioengine=io_uring, iodepth=8
...
fio-3.28
Starting 2 threads

randread_128k_8_2: (groupid=0, jobs=2): err= 0: pid=14637: Sun Feb 26 21:29:14 2023
  read: IOPS=16.9k, BW=2107MiB/s (2209MB/s)(123GiB/60001msec)
    slat (usec): min=13, max=254, avg=18.38, stdev= 1.56
    clat (usec): min=392, max=4841, avg=929.80, stdev=178.37
     lat (usec): min=410, max=4860, avg=948.35, stdev=178.30
    clat percentiles (usec):
     |  1.00th=[  562],  5.00th=[  635], 10.00th=[  685], 20.00th=[  750],
     | 30.00th=[  816], 40.00th=[  881], 50.00th=[  963], 60.00th=[ 1057],
     | 70.00th=[ 1074], 80.00th=[ 1074], 90.00th=[ 1106], 95.00th=[ 1123],
     | 99.00th=[ 1336], 99.50th=[ 1401], 99.90th=[ 1516], 99.95th=[ 1582],
     | 99.99th=[ 1680]
   bw (  MiB/s): min= 1801, max= 2437, per=100.00%, avg=2107.16, stdev=130.68, samples=240
   iops        : min=14412, max=19498, avg=16857.23, stdev=1045.41, samples=240
  lat (usec)   : 500=0.17%, 750=20.28%, 1000=32.00%
  lat (msec)   : 2=47.55%, 4=0.01%, 10=0.01%
  cpu          : usr=2.20%, sys=17.66%, ctx=1009154, majf=0, minf=0
  IO depths    : 1=0.0%, 2=0.0%, 4=0.0%, 8=100.0%, 16=0.0%, 32=0.0%, >=64=0.0%
     submit    : 0=0.0%, 4=100.0%, 8=0.0%, 16=0.0%, 32=0.0%, 64=0.0%, >=64=0.0%
     complete  : 0=0.0%, 4=100.0%, 8=0.1%, 16=0.0%, 32=0.0%, 64=0.0%, >=64=0.0%
     issued rwts: total=1011343,0,0,0 short=0,0,0,0 dropped=0,0,0,0
     latency   : target=0, window=0, percentile=100.00%, depth=8

Run status group 0 (all jobs):
   READ: bw=2107MiB/s (2209MB/s), 2107MiB/s-2107MiB/s (2209MB/s-2209MB/s), io=123GiB (133GB), run=60001-60001msec
