randwrite_16k_1_1: (g=0): rw=randwrite, bs=(R) 16.0KiB-16.0KiB, (W) 16.0KiB-16.0KiB, (T) 16.0KiB-16.0KiB, ioengine=io_uring, iodepth=1
fio-3.28
Starting 1 thread

randwrite_16k_1_1: (groupid=0, jobs=1): err= 0: pid=33254: Tue Feb 28 15:38:11 2023
  write: IOPS=9358, BW=146MiB/s (153MB/s)(8774MiB/60001msec); 0 zone resets
    slat (nsec): min=4184, max=51473, avg=7123.47, stdev=3152.16
    clat (usec): min=64, max=3631, avg=98.54, stdev=16.28
     lat (usec): min=77, max=3642, avg=105.77, stdev=17.62
    clat percentiles (usec):
     |  1.00th=[   78],  5.00th=[   80], 10.00th=[   84], 20.00th=[   88],
     | 30.00th=[   89], 40.00th=[   92], 50.00th=[   97], 60.00th=[  101],
     | 70.00th=[  103], 80.00th=[  109], 90.00th=[  118], 95.00th=[  125],
     | 99.00th=[  143], 99.50th=[  163], 99.90th=[  237], 99.95th=[  260],
     | 99.99th=[  326]
   bw (  KiB/s): min=141216, max=159264, per=100.00%, avg=149772.18, stdev=3177.92, samples=120
   iops        : min= 8826, max= 9954, avg=9360.72, stdev=198.65, samples=120
  lat (usec)   : 100=58.38%, 250=41.55%, 500=0.07%, 750=0.01%
  lat (msec)   : 4=0.01%
  cpu          : usr=3.88%, sys=9.15%, ctx=561546, majf=0, minf=0
  IO depths    : 1=100.0%, 2=0.0%, 4=0.0%, 8=0.0%, 16=0.0%, 32=0.0%, >=64=0.0%
     submit    : 0=0.0%, 4=100.0%, 8=0.0%, 16=0.0%, 32=0.0%, 64=0.0%, >=64=0.0%
     complete  : 0=0.0%, 4=100.0%, 8=0.0%, 16=0.0%, 32=0.0%, 64=0.0%, >=64=0.0%
     issued rwts: total=0,561532,0,0 short=0,0,0,0 dropped=0,0,0,0
     latency   : target=0, window=0, percentile=100.00%, depth=1

Run status group 0 (all jobs):
  WRITE: bw=146MiB/s (153MB/s), 146MiB/s-146MiB/s (153MB/s-153MB/s), io=8774MiB (9200MB), run=60001-60001msec
