randwrite_1m_1_1: (g=0): rw=randwrite, bs=(R) 1024KiB-1024KiB, (W) 1024KiB-1024KiB, (T) 1024KiB-1024KiB, ioengine=io_uring, iodepth=1
fio-3.28
Starting 1 thread

randwrite_1m_1_1: (groupid=0, jobs=1): err= 0: pid=33481: Tue Feb 28 15:45:13 2023
  write: IOPS=720, BW=721MiB/s (756MB/s)(42.2GiB/60001msec); 0 zone resets
    slat (usec): min=91, max=291, avg=178.82, stdev=40.40
    clat (usec): min=947, max=1912, avg=1202.86, stdev=105.12
     lat (usec): min=1062, max=2127, avg=1382.28, stdev=120.39
    clat percentiles (usec):
     |  1.00th=[ 1057],  5.00th=[ 1090], 10.00th=[ 1106], 20.00th=[ 1123],
     | 30.00th=[ 1156], 40.00th=[ 1172], 50.00th=[ 1188], 60.00th=[ 1205],
     | 70.00th=[ 1221], 80.00th=[ 1254], 90.00th=[ 1303], 95.00th=[ 1369],
     | 99.00th=[ 1647], 99.50th=[ 1680], 99.90th=[ 1762], 99.95th=[ 1778],
     | 99.99th=[ 1827]
   bw (  KiB/s): min=718848, max=761856, per=100.00%, avg=738142.03, stdev=8020.33, samples=120
   iops        : min=  702, max=  744, avg=720.77, stdev= 7.84, samples=120
  lat (usec)   : 1000=0.05%
  lat (msec)   : 2=99.95%
  cpu          : usr=3.07%, sys=11.87%, ctx=43259, majf=0, minf=0
  IO depths    : 1=100.0%, 2=0.0%, 4=0.0%, 8=0.0%, 16=0.0%, 32=0.0%, >=64=0.0%
     submit    : 0=0.0%, 4=100.0%, 8=0.0%, 16=0.0%, 32=0.0%, 64=0.0%, >=64=0.0%
     complete  : 0=0.0%, 4=100.0%, 8=0.0%, 16=0.0%, 32=0.0%, 64=0.0%, >=64=0.0%
     issued rwts: total=0,43240,0,0 short=0,0,0,0 dropped=0,0,0,0
     latency   : target=0, window=0, percentile=100.00%, depth=1

Run status group 0 (all jobs):
  WRITE: bw=721MiB/s (756MB/s), 721MiB/s-721MiB/s (756MB/s-756MB/s), io=42.2GiB (45.3GB), run=60001-60001msec
