"randread_16k_32_1": (g=0): rw=randread, bs=(R) 16.0KiB-16.0KiB, (W) 16.0KiB-16.0KiB, (T) 16.0KiB-16.0KiB, ioengine=io_uring, iodepth=32
fio-3.28
Starting 1 thread

"randread_16k_32_1": (groupid=0, jobs=1): err= 0: pid=6856: Thu Aug 10 20:48:02 2023
  read: IOPS=88.8k, BW=1388MiB/s (1455MB/s)(81.3GiB/60001msec)
    slat (nsec): min=2351, max=60041, avg=4350.77, stdev=1323.55
    clat (usec): min=110, max=21002, avg=354.95, stdev=115.85
     lat (usec): min=114, max=21008, avg=359.48, stdev=115.83
    clat percentiles (usec):
     |  1.00th=[  217],  5.00th=[  258], 10.00th=[  277], 20.00th=[  306],
     | 30.00th=[  322], 40.00th=[  338], 50.00th=[  355], 60.00th=[  371],
     | 70.00th=[  388], 80.00th=[  404], 90.00th=[  429], 95.00th=[  453],
     | 99.00th=[  494], 99.50th=[  506], 99.90th=[  553], 99.95th=[  619],
     | 99.99th=[ 2966]
   bw (  MiB/s): min= 1265, max= 1459, per=100.00%, avg=1387.70, stdev=28.38, samples=120
   iops        : min=80981, max=93376, avg=88812.91, stdev=1816.18, samples=120
  lat (usec)   : 250=4.04%, 500=95.26%, 750=0.67%, 1000=0.01%
  lat (msec)   : 2=0.01%, 4=0.01%, 10=0.01%, 20=0.01%, 50=0.01%
  cpu          : usr=15.75%, sys=42.00%, ctx=908719, majf=0, minf=0
  IO depths    : 1=0.0%, 2=0.0%, 4=0.0%, 8=0.0%, 16=0.0%, 32=100.0%, >=64=0.0%
     submit    : 0=0.0%, 4=100.0%, 8=0.0%, 16=0.0%, 32=0.0%, 64=0.0%, >=64=0.0%
     complete  : 0=0.0%, 4=100.0%, 8=0.0%, 16=0.0%, 32=0.1%, 64=0.0%, >=64=0.0%
     issued rwts: total=5328426,0,0,0 short=0,0,0,0 dropped=0,0,0,0
     latency   : target=0, window=0, percentile=100.00%, depth=32

Run status group 0 (all jobs):
   READ: bw=1388MiB/s (1455MB/s), 1388MiB/s-1388MiB/s (1455MB/s-1455MB/s), io=81.3GiB (87.3GB), run=60001-60001msec
