"randread_16k_1_1": (g=0): rw=randread, bs=(R) 16.0KiB-16.0KiB, (W) 16.0KiB-16.0KiB, (T) 16.0KiB-16.0KiB, ioengine=io_uring, iodepth=1
fio-3.28
Starting 1 thread

"randread_16k_1_1": (groupid=0, jobs=1): err= 0: pid=13152: Thu Aug 10 21:25:45 2023
  read: IOPS=19.4k, BW=303MiB/s (318MB/s)(17.7GiB/60001msec)
    slat (nsec): min=4556, max=39606, avg=5302.86, stdev=456.54
    clat (usec): min=12, max=23428, avg=45.10, stdev=34.40
     lat (usec): min=45, max=23433, avg=50.57, stdev=34.41
    clat percentiles (usec):
     |  1.00th=[   42],  5.00th=[   43], 10.00th=[   43], 20.00th=[   43],
     | 30.00th=[   43], 40.00th=[   44], 50.00th=[   44], 60.00th=[   44],
     | 70.00th=[   44], 80.00th=[   45], 90.00th=[   45], 95.00th=[   48],
     | 99.00th=[  101], 99.50th=[  106], 99.90th=[  113], 99.95th=[  117],
     | 99.99th=[  153]
   bw (  KiB/s): min=253024, max=318112, per=100.00%, avg=310122.85, stdev=6972.49, samples=120
   iops        : min=15814, max=19882, avg=19382.66, stdev=435.78, samples=120
  lat (usec)   : 20=0.01%, 50=95.85%, 100=3.11%, 250=1.04%, 500=0.01%
  lat (usec)   : 750=0.01%, 1000=0.01%
  lat (msec)   : 2=0.01%, 4=0.01%, 10=0.01%, 20=0.01%, 50=0.01%
  cpu          : usr=6.08%, sys=16.35%, ctx=1162893, majf=0, minf=0
  IO depths    : 1=100.0%, 2=0.0%, 4=0.0%, 8=0.0%, 16=0.0%, 32=0.0%, >=64=0.0%
     submit    : 0=0.0%, 4=100.0%, 8=0.0%, 16=0.0%, 32=0.0%, 64=0.0%, >=64=0.0%
     complete  : 0=0.0%, 4=100.0%, 8=0.0%, 16=0.0%, 32=0.0%, 64=0.0%, >=64=0.0%
     issued rwts: total=1162886,0,0,0 short=0,0,0,0 dropped=0,0,0,0
     latency   : target=0, window=0, percentile=100.00%, depth=1

Run status group 0 (all jobs):
   READ: bw=303MiB/s (318MB/s), 303MiB/s-303MiB/s (318MB/s-318MB/s), io=17.7GiB (19.1GB), run=60001-60001msec
