"randread_16k_16_1": (g=0): rw=randread, bs=(R) 16.0KiB-16.0KiB, (W) 16.0KiB-16.0KiB, (T) 16.0KiB-16.0KiB, ioengine=io_uring, iodepth=16
fio-3.28
Starting 1 thread

"randread_16k_16_1": (groupid=0, jobs=1): err= 0: pid=6659: Thu Aug 10 20:46:51 2023
  read: IOPS=90.1k, BW=1408MiB/s (1477MB/s)(82.5GiB/60001msec)
    slat (nsec): min=2356, max=63796, avg=4475.01, stdev=1195.67
    clat (usec): min=52, max=4788, avg=172.03, stdev=37.69
     lat (usec): min=59, max=4794, avg=176.67, stdev=37.62
    clat percentiles (usec):
     |  1.00th=[  109],  5.00th=[  123], 10.00th=[  131], 20.00th=[  143],
     | 30.00th=[  151], 40.00th=[  159], 50.00th=[  169], 60.00th=[  178],
     | 70.00th=[  188], 80.00th=[  200], 90.00th=[  219], 95.00th=[  235],
     | 99.00th=[  269], 99.50th=[  281], 99.90th=[  306], 99.95th=[  326],
     | 99.99th=[  619]
   bw (  MiB/s): min= 1375, max= 1544, per=100.00%, avg=1408.35, stdev=17.96, samples=120
   iops        : min=88030, max=98842, avg=90134.47, stdev=1149.10, samples=120
  lat (usec)   : 100=0.36%, 250=97.15%, 500=2.47%, 750=0.01%, 1000=0.01%
  lat (msec)   : 2=0.01%, 4=0.01%, 10=0.01%
  cpu          : usr=18.11%, sys=44.47%, ctx=1245238, majf=0, minf=0
  IO depths    : 1=0.0%, 2=0.0%, 4=0.0%, 8=0.0%, 16=100.0%, 32=0.0%, >=64=0.0%
     submit    : 0=0.0%, 4=100.0%, 8=0.0%, 16=0.0%, 32=0.0%, 64=0.0%, >=64=0.0%
     complete  : 0=0.0%, 4=100.0%, 8=0.0%, 16=0.1%, 32=0.0%, 64=0.0%, >=64=0.0%
     issued rwts: total=5407706,0,0,0 short=0,0,0,0 dropped=0,0,0,0
     latency   : target=0, window=0, percentile=100.00%, depth=16

Run status group 0 (all jobs):
   READ: bw=1408MiB/s (1477MB/s), 1408MiB/s-1408MiB/s (1477MB/s-1477MB/s), io=82.5GiB (88.6GB), run=60001-60001msec
