"randread_4k_16_1": (g=0): rw=randread, bs=(R) 4096B-4096B, (W) 4096B-4096B, (T) 4096B-4096B, ioengine=io_uring, iodepth=16
fio-3.28
Starting 1 thread

"randread_4k_16_1": (groupid=0, jobs=1): err= 0: pid=5290: Thu Aug 10 20:38:37 2023
  read: IOPS=179k, BW=701MiB/s (735MB/s)(41.1GiB/60001msec)
    slat (nsec): min=2000, max=136823, avg=3581.42, stdev=1298.36
    clat (usec): min=7, max=12274, avg=84.30, stdev=32.32
     lat (usec): min=34, max=12277, avg=88.06, stdev=32.54
    clat percentiles (usec):
     |  1.00th=[   58],  5.00th=[   64], 10.00th=[   68], 20.00th=[   72],
     | 30.00th=[   75], 40.00th=[   77], 50.00th=[   80], 60.00th=[   83],
     | 70.00th=[   88], 80.00th=[   94], 90.00th=[  100], 95.00th=[  126],
     | 99.00th=[  165], 99.50th=[  174], 99.90th=[  273], 99.95th=[  412],
     | 99.99th=[  627]
   bw (  KiB/s): min=372896, max=770776, per=100.00%, avg=717655.13, stdev=71947.32, samples=120
   iops        : min=93224, max=192694, avg=179413.74, stdev=17986.85, samples=120
  lat (usec)   : 10=0.01%, 20=0.01%, 50=0.13%, 100=90.50%, 250=9.26%
  lat (usec)   : 500=0.09%, 750=0.01%, 1000=0.01%
  lat (msec)   : 2=0.01%, 4=0.01%, 20=0.01%
  cpu          : usr=31.41%, sys=62.60%, ctx=197756, majf=0, minf=0
  IO depths    : 1=0.0%, 2=0.0%, 4=0.0%, 8=0.0%, 16=100.0%, 32=0.0%, >=64=0.0%
     submit    : 0=0.0%, 4=100.0%, 8=0.0%, 16=0.0%, 32=0.0%, 64=0.0%, >=64=0.0%
     complete  : 0=0.0%, 4=100.0%, 8=0.0%, 16=0.1%, 32=0.0%, 64=0.0%, >=64=0.0%
     issued rwts: total=10763944,0,0,0 short=0,0,0,0 dropped=0,0,0,0
     latency   : target=0, window=0, percentile=100.00%, depth=16

Run status group 0 (all jobs):
   READ: bw=701MiB/s (735MB/s), 701MiB/s-701MiB/s (735MB/s-735MB/s), io=41.1GiB (44.1GB), run=60001-60001msec
