"randwrite_16k_128_1": (g=0): rw=randwrite, bs=(R) 16.0KiB-16.0KiB, (W) 16.0KiB-16.0KiB, (T) 16.0KiB-16.0KiB, ioengine=io_uring, iodepth=128
fio-3.28
Starting 1 thread

"randwrite_16k_128_1": (groupid=0, jobs=1): err= 0: pid=11422: Thu Aug 10 21:15:05 2023
  write: IOPS=77.8k, BW=1216MiB/s (1275MB/s)(71.3GiB/60002msec); 0 zone resets
    slat (usec): min=2, max=111, avg= 4.64, stdev= 1.98
    clat (usec): min=131, max=47801, avg=1639.25, stdev=722.87
     lat (usec): min=144, max=47805, avg=1644.06, stdev=722.09
    clat percentiles (usec):
     |  1.00th=[  400],  5.00th=[  429], 10.00th=[  449], 20.00th=[ 1565],
     | 30.00th=[ 1598], 40.00th=[ 1631], 50.00th=[ 1663], 60.00th=[ 1696],
     | 70.00th=[ 1745], 80.00th=[ 1811], 90.00th=[ 2606], 95.00th=[ 2868],
     | 99.00th=[ 3884], 99.50th=[ 4113], 99.90th=[ 5276], 99.95th=[ 6063],
     | 99.99th=[16188]
   bw (  MiB/s): min= 1031, max= 1231, per=100.00%, avg=1216.16, stdev=18.77, samples=120
   iops        : min=66042, max=78784, avg=77834.32, stdev=1201.41, samples=120
  lat (usec)   : 250=0.01%, 500=14.05%, 750=1.16%, 1000=0.01%
  lat (msec)   : 2=73.80%, 4=10.22%, 10=0.75%, 20=0.01%, 50=0.01%
  cpu          : usr=15.62%, sys=32.17%, ctx=296941, majf=0, minf=0
  IO depths    : 1=0.0%, 2=0.0%, 4=0.0%, 8=0.0%, 16=0.0%, 32=0.0%, >=64=100.0%
     submit    : 0=0.0%, 4=100.0%, 8=0.0%, 16=0.0%, 32=0.0%, 64=0.0%, >=64=0.0%
     complete  : 0=0.0%, 4=100.0%, 8=0.0%, 16=0.0%, 32=0.0%, 64=0.0%, >=64=0.1%
     issued rwts: total=0,4669428,0,0 short=0,0,0,0 dropped=0,0,0,0
     latency   : target=0, window=0, percentile=100.00%, depth=128

Run status group 0 (all jobs):
  WRITE: bw=1216MiB/s (1275MB/s), 1216MiB/s-1216MiB/s (1275MB/s-1275MB/s), io=71.3GiB (76.5GB), run=60002-60002msec
