"randwrite_64k_2_1": (g=0): rw=randwrite, bs=(R) 64.0KiB-64.0KiB, (W) 64.0KiB-64.0KiB, (T) 64.0KiB-64.0KiB, ioengine=io_uring, iodepth=2
fio-3.28
Starting 1 thread

"randwrite_64k_2_1": (groupid=0, jobs=1): err= 0: pid=11613: Thu Aug 10 21:16:15 2023
  write: IOPS=15.1k, BW=941MiB/s (986MB/s)(55.1GiB/60001msec); 0 zone resets
    slat (nsec): min=4684, max=43060, avg=7962.40, stdev=1106.84
    clat (usec): min=81, max=7664, avg=123.60, stdev=25.12
     lat (usec): min=91, max=7671, avg=131.71, stdev=25.09
    clat percentiles (usec):
     |  1.00th=[  105],  5.00th=[  110], 10.00th=[  113], 20.00th=[  115],
     | 30.00th=[  117], 40.00th=[  118], 50.00th=[  119], 60.00th=[  121],
     | 70.00th=[  122], 80.00th=[  124], 90.00th=[  133], 95.00th=[  178],
     | 99.00th=[  194], 99.50th=[  198], 99.90th=[  210], 99.95th=[  223],
     | 99.99th=[ 1074]
   bw (  KiB/s): min=892416, max=970496, per=100.00%, avg=963372.01, stdev=7321.55, samples=120
   iops        : min=13944, max=15164, avg=15052.68, stdev=114.40, samples=120
  lat (usec)   : 100=0.11%, 250=99.86%, 500=0.02%, 750=0.01%, 1000=0.01%
  lat (msec)   : 2=0.01%, 4=0.01%, 10=0.01%
  cpu          : usr=6.08%, sys=14.62%, ctx=902936, majf=0, minf=0
  IO depths    : 1=0.0%, 2=100.0%, 4=0.0%, 8=0.0%, 16=0.0%, 32=0.0%, >=64=0.0%
     submit    : 0=0.0%, 4=100.0%, 8=0.0%, 16=0.0%, 32=0.0%, 64=0.0%, >=64=0.0%
     complete  : 0=0.0%, 4=100.0%, 8=0.0%, 16=0.0%, 32=0.0%, 64=0.0%, >=64=0.0%
     issued rwts: total=0,903106,0,0 short=0,0,0,0 dropped=0,0,0,0
     latency   : target=0, window=0, percentile=100.00%, depth=2

Run status group 0 (all jobs):
  WRITE: bw=941MiB/s (986MB/s), 941MiB/s-941MiB/s (986MB/s-986MB/s), io=55.1GiB (59.2GB), run=60001-60001msec
