"randread_16k_128_1": (g=0): rw=randread, bs=(R) 16.0KiB-16.0KiB, (W) 16.0KiB-16.0KiB, (T) 16.0KiB-16.0KiB, ioengine=io_uring, iodepth=128
fio-3.28
Starting 1 thread

"randread_16k_128_1": (groupid=0, jobs=1): err= 0: pid=7248: Thu Aug 10 20:50:23 2023
  read: IOPS=84.6k, BW=1323MiB/s (1387MB/s)(77.5GiB/60002msec)
    slat (nsec): min=2180, max=86191, avg=4015.57, stdev=1487.64
    clat (usec): min=124, max=30519, avg=1507.10, stdev=899.77
     lat (usec): min=131, max=30524, avg=1511.31, stdev=899.16
    clat percentiles (usec):
     |  1.00th=[  343],  5.00th=[  392], 10.00th=[  424], 20.00th=[  490],
     | 30.00th=[ 1336], 40.00th=[ 1418], 50.00th=[ 1483], 60.00th=[ 1532],
     | 70.00th=[ 1598], 80.00th=[ 1876], 90.00th=[ 2573], 95.00th=[ 3261],
     | 99.00th=[ 4490], 99.50th=[ 4817], 99.90th=[ 6390], 99.95th=[ 6980],
     | 99.99th=[10290]
   bw (  MiB/s): min= 1265, max= 1422, per=100.00%, avg=1322.72, stdev=14.61, samples=120
   iops        : min=81022, max=91008, avg=84653.99, stdev=935.29, samples=120
  lat (usec)   : 250=0.05%, 500=21.19%, 750=3.76%, 1000=0.02%
  lat (msec)   : 2=55.04%, 4=18.49%, 10=1.44%, 20=0.01%, 50=0.01%
  cpu          : usr=14.17%, sys=35.79%, ctx=602632, majf=0, minf=0
  IO depths    : 1=0.0%, 2=0.0%, 4=0.0%, 8=0.0%, 16=0.0%, 32=0.0%, >=64=100.0%
     submit    : 0=0.0%, 4=100.0%, 8=0.0%, 16=0.0%, 32=0.0%, 64=0.0%, >=64=0.0%
     complete  : 0=0.0%, 4=100.0%, 8=0.0%, 16=0.0%, 32=0.0%, 64=0.0%, >=64=0.1%
     issued rwts: total=5078835,0,0,0 short=0,0,0,0 dropped=0,0,0,0
     latency   : target=0, window=0, percentile=100.00%, depth=128

Run status group 0 (all jobs):
   READ: bw=1323MiB/s (1387MB/s), 1323MiB/s-1323MiB/s (1387MB/s-1387MB/s), io=77.5GiB (83.2GB), run=60002-60002msec
