"randread_4k_2_1": (g=0): rw=randread, bs=(R) 4096B-4096B, (W) 4096B-4096B, (T) 4096B-4096B, ioengine=io_uring, iodepth=2
fio-3.28
Starting 1 thread

"randread_4k_2_1": (groupid=0, jobs=1): err= 0: pid=4696: Thu Aug 10 20:35:05 2023
  read: IOPS=48.2k, BW=188MiB/s (197MB/s)(11.0GiB/60001msec)
    slat (nsec): min=2102, max=37700, avg=3802.64, stdev=857.37
    clat (nsec): min=269, max=23514k, avg=36629.35, stdev=24800.81
     lat (usec): min=30, max=23519, avg=40.59, stdev=24.79
    clat percentiles (usec):
     |  1.00th=[   31],  5.00th=[   33], 10.00th=[   34], 20.00th=[   34],
     | 30.00th=[   35], 40.00th=[   35], 50.00th=[   36], 60.00th=[   36],
     | 70.00th=[   37], 80.00th=[   38], 90.00th=[   40], 95.00th=[   43],
     | 99.00th=[   95], 99.50th=[  105], 99.90th=[  116], 99.95th=[  120],
     | 99.99th=[  155]
   bw (  KiB/s): min=171408, max=199760, per=100.00%, avg=192789.50, stdev=2496.13, samples=120
   iops        : min=42852, max=49940, avg=48197.37, stdev=624.03, samples=120
  lat (nsec)   : 500=0.01%
  lat (usec)   : 10=0.01%, 20=0.01%, 50=97.95%, 100=1.28%, 250=0.76%
  lat (usec)   : 500=0.01%, 750=0.01%, 1000=0.01%
  lat (msec)   : 2=0.01%, 4=0.01%, 10=0.01%, 20=0.01%, 50=0.01%
  cpu          : usr=13.64%, sys=28.64%, ctx=2516373, majf=0, minf=0
  IO depths    : 1=0.0%, 2=100.0%, 4=0.0%, 8=0.0%, 16=0.0%, 32=0.0%, >=64=0.0%
     submit    : 0=0.0%, 4=100.0%, 8=0.0%, 16=0.0%, 32=0.0%, 64=0.0%, >=64=0.0%
     complete  : 0=0.0%, 4=100.0%, 8=0.0%, 16=0.0%, 32=0.0%, 64=0.0%, >=64=0.0%
     issued rwts: total=2891635,0,0,0 short=0,0,0,0 dropped=0,0,0,0
     latency   : target=0, window=0, percentile=100.00%, depth=2

Run status group 0 (all jobs):
   READ: bw=188MiB/s (197MB/s), 188MiB/s-188MiB/s (197MB/s-197MB/s), io=11.0GiB (11.8GB), run=60001-60001msec
