"randwrite_16k_32_1": (g=0): rw=randwrite, bs=(R) 16.0KiB-16.0KiB, (W) 16.0KiB-16.0KiB, (T) 16.0KiB-16.0KiB, ioengine=io_uring, iodepth=32
fio-3.28
Starting 1 thread

"randwrite_16k_32_1": (groupid=0, jobs=1): err= 0: pid=11033: Thu Aug 10 21:12:44 2023
  write: IOPS=80.0k, BW=1249MiB/s (1310MB/s)(73.2GiB/60001msec); 0 zone resets
    slat (nsec): min=2769, max=93256, avg=4500.71, stdev=1680.14
    clat (usec): min=117, max=12096, avg=394.88, stdev=111.88
     lat (usec): min=124, max=12099, avg=399.52, stdev=111.92
    clat percentiles (usec):
     |  1.00th=[  326],  5.00th=[  355], 10.00th=[  363], 20.00th=[  375],
     | 30.00th=[  379], 40.00th=[  388], 50.00th=[  392], 60.00th=[  396],
     | 70.00th=[  400], 80.00th=[  408], 90.00th=[  424], 95.00th=[  453],
     | 99.00th=[  498], 99.50th=[  515], 99.90th=[ 1074], 99.95th=[ 1565],
     | 99.99th=[ 2966]
   bw (  MiB/s): min= 1209, max= 1295, per=100.00%, avg=1249.44, stdev=12.05, samples=120
   iops        : min=77404, max=82928, avg=79964.18, stdev=771.45, samples=120
  lat (usec)   : 250=0.08%, 500=99.00%, 750=0.80%, 1000=0.01%
  lat (msec)   : 2=0.08%, 4=0.01%, 10=0.01%, 20=0.01%
  cpu          : usr=13.72%, sys=33.84%, ctx=329578, majf=0, minf=0
  IO depths    : 1=0.0%, 2=0.0%, 4=0.0%, 8=0.0%, 16=0.0%, 32=100.0%, >=64=0.0%
     submit    : 0=0.0%, 4=100.0%, 8=0.0%, 16=0.0%, 32=0.0%, 64=0.0%, >=64=0.0%
     complete  : 0=0.0%, 4=100.0%, 8=0.0%, 16=0.0%, 32=0.1%, 64=0.0%, >=64=0.0%
     issued rwts: total=0,4797538,0,0 short=0,0,0,0 dropped=0,0,0,0
     latency   : target=0, window=0, percentile=100.00%, depth=32

Run status group 0 (all jobs):
  WRITE: bw=1249MiB/s (1310MB/s), 1249MiB/s-1249MiB/s (1310MB/s-1310MB/s), io=73.2GiB (78.6GB), run=60001-60001msec
