"randread_4k_64_1": (g=0): rw=randread, bs=(R) 4096B-4096B, (W) 4096B-4096B, (T) 4096B-4096B, ioengine=io_uring, iodepth=64
fio-3.28
Starting 1 thread

"randread_4k_64_1": (groupid=0, jobs=1): err= 0: pid=5683: Thu Aug 10 20:40:58 2023
  read: IOPS=179k, BW=698MiB/s (732MB/s)(40.9GiB/60001msec)
    slat (nsec): min=1932, max=49142, avg=4123.23, stdev=1225.03
    clat (usec): min=41, max=23374, avg=352.86, stdev=155.51
     lat (usec): min=46, max=23378, avg=357.16, stdev=155.71
    clat percentiles (usec):
     |  1.00th=[  210],  5.00th=[  233], 10.00th=[  239], 20.00th=[  258],
     | 30.00th=[  367], 40.00th=[  375], 50.00th=[  379], 60.00th=[  379],
     | 70.00th=[  383], 80.00th=[  388], 90.00th=[  392], 95.00th=[  396],
     | 99.00th=[  408], 99.50th=[  412], 99.90th=[  519], 99.95th=[ 3359],
     | 99.99th=[ 6783]
   bw (  KiB/s): min=573144, max=1050512, per=100.00%, avg=714762.32, stdev=126818.66, samples=120
   iops        : min=143286, max=262628, avg=178690.56, stdev=31704.67, samples=120
  lat (usec)   : 50=0.01%, 100=0.01%, 250=18.32%, 500=81.58%, 750=0.02%
  lat (usec)   : 1000=0.01%
  lat (msec)   : 2=0.01%, 4=0.03%, 10=0.04%, 20=0.01%, 50=0.01%
  cpu          : usr=28.73%, sys=70.28%, ctx=584, majf=0, minf=0
  IO depths    : 1=0.0%, 2=0.0%, 4=0.0%, 8=0.0%, 16=0.0%, 32=0.0%, >=64=100.0%
     submit    : 0=0.0%, 4=100.0%, 8=0.0%, 16=0.0%, 32=0.0%, 64=0.0%, >=64=0.0%
     complete  : 0=0.0%, 4=100.0%, 8=0.0%, 16=0.0%, 32=0.0%, 64=0.1%, >=64=0.0%
     issued rwts: total=10720704,0,0,0 short=0,0,0,0 dropped=0,0,0,0
     latency   : target=0, window=0, percentile=100.00%, depth=64

Run status group 0 (all jobs):
   READ: bw=698MiB/s (732MB/s), 698MiB/s-698MiB/s (732MB/s-732MB/s), io=40.9GiB (43.9GB), run=60001-60001msec
