"randread_16k_8_1": (g=0): rw=randread, bs=(R) 16.0KiB-16.0KiB, (W) 16.0KiB-16.0KiB, (T) 16.0KiB-16.0KiB, ioengine=io_uring, iodepth=8
fio-3.28
Starting 1 thread

"randread_16k_8_1": (groupid=0, jobs=1): err= 0: pid=6464: Thu Aug 10 20:45:41 2023
  read: IOPS=85.0k, BW=1329MiB/s (1393MB/s)(77.9GiB/60001msec)
    slat (nsec): min=2331, max=62621, avg=4790.08, stdev=1114.01
    clat (usec): min=33, max=19987, avg=88.21, stdev=35.26
     lat (usec): min=44, max=19993, avg=93.16, stdev=35.22
    clat percentiles (usec):
     |  1.00th=[   58],  5.00th=[   66], 10.00th=[   70], 20.00th=[   75],
     | 30.00th=[   79], 40.00th=[   83], 50.00th=[   86], 60.00th=[   89],
     | 70.00th=[   93], 80.00th=[   98], 90.00th=[  106], 95.00th=[  116],
     | 99.00th=[  169], 99.50th=[  180], 99.90th=[  198], 99.95th=[  208],
     | 99.99th=[ 1172]
   bw (  MiB/s): min= 1210, max= 1377, per=100.00%, avg=1328.87, stdev=15.50, samples=120
   iops        : min=77466, max=88180, avg=85047.81, stdev=991.82, samples=120
  lat (usec)   : 50=0.09%, 100=83.56%, 250=16.33%, 500=0.01%, 750=0.01%
  lat (usec)   : 1000=0.01%
  lat (msec)   : 2=0.01%, 4=0.01%, 10=0.01%, 20=0.01%
  cpu          : usr=18.82%, sys=48.54%, ctx=1741547, majf=0, minf=0
  IO depths    : 1=0.0%, 2=0.0%, 4=0.0%, 8=100.0%, 16=0.0%, 32=0.0%, >=64=0.0%
     submit    : 0=0.0%, 4=100.0%, 8=0.0%, 16=0.0%, 32=0.0%, 64=0.0%, >=64=0.0%
     complete  : 0=0.0%, 4=100.0%, 8=0.1%, 16=0.0%, 32=0.0%, 64=0.0%, >=64=0.0%
     issued rwts: total=5102480,0,0,0 short=0,0,0,0 dropped=0,0,0,0
     latency   : target=0, window=0, percentile=100.00%, depth=8

Run status group 0 (all jobs):
   READ: bw=1329MiB/s (1393MB/s), 1329MiB/s-1329MiB/s (1393MB/s-1393MB/s), io=77.9GiB (83.6GB), run=60001-60001msec
