"randwrite_4k_4_1": (g=0): rw=randwrite, bs=(R) 4096B-4096B, (W) 4096B-4096B, (T) 4096B-4096B, ioengine=io_uring, iodepth=4
fio-3.28
Starting 1 thread

"randwrite_4k_4_1": (groupid=0, jobs=1): err= 0: pid=9066: Thu Aug 10 21:00:58 2023
  write: IOPS=69.6k, BW=272MiB/s (285MB/s)(15.9GiB/60001msec); 0 zone resets
    slat (nsec): min=2649, max=60543, avg=5308.27, stdev=1181.83
    clat (usec): min=18, max=23667, avg=50.85, stdev=46.09
     lat (usec): min=36, max=23673, avg=56.35, stdev=45.99
    clat percentiles (usec):
     |  1.00th=[   36],  5.00th=[   38], 10.00th=[   39], 20.00th=[   40],
     | 30.00th=[   42], 40.00th=[   44], 50.00th=[   47], 60.00th=[   49],
     | 70.00th=[   54], 80.00th=[   60], 90.00th=[   64], 95.00th=[   75],
     | 99.00th=[  126], 99.50th=[  135], 99.90th=[  147], 99.95th=[  151],
     | 99.99th=[  245]
   bw (  KiB/s): min=205288, max=284904, per=100.00%, avg=278507.75, stdev=7392.68, samples=120
   iops        : min=51322, max=71226, avg=69626.93, stdev=1848.17, samples=120
  lat (usec)   : 20=0.01%, 50=64.47%, 100=32.24%, 250=3.28%, 500=0.01%
  lat (usec)   : 750=0.01%, 1000=0.01%
  lat (msec)   : 2=0.01%, 4=0.01%, 10=0.01%, 20=0.01%, 50=0.01%
  cpu          : usr=19.63%, sys=46.60%, ctx=2106865, majf=0, minf=0
  IO depths    : 1=0.0%, 2=0.0%, 4=100.0%, 8=0.0%, 16=0.0%, 32=0.0%, >=64=0.0%
     submit    : 0=0.0%, 4=100.0%, 8=0.0%, 16=0.0%, 32=0.0%, 64=0.0%, >=64=0.0%
     complete  : 0=0.0%, 4=100.0%, 8=0.0%, 16=0.0%, 32=0.0%, 64=0.0%, >=64=0.0%
     issued rwts: total=0,4177288,0,0 short=0,0,0,0 dropped=0,0,0,0
     latency   : target=0, window=0, percentile=100.00%, depth=4

Run status group 0 (all jobs):
  WRITE: bw=272MiB/s (285MB/s), 272MiB/s-272MiB/s (285MB/s-285MB/s), io=15.9GiB (17.1GB), run=60001-60001msec
