"randwrite_64k_128_1": (g=0): rw=randwrite, bs=(R) 64.0KiB-64.0KiB, (W) 64.0KiB-64.0KiB, (T) 64.0KiB-64.0KiB, ioengine=io_uring, iodepth=128
fio-3.28
Starting 1 thread

"randwrite_64k_128_1": (groupid=0, jobs=1): err= 0: pid=12809: Thu Aug 10 21:23:19 2023
  write: IOPS=21.2k, BW=1322MiB/s (1386MB/s)(77.5GiB/60004msec); 0 zone resets
    slat (usec): min=3, max=105, avg= 8.80, stdev= 2.05
    clat (usec): min=198, max=65298, avg=6040.90, stdev=3606.82
     lat (usec): min=209, max=65307, avg=6049.87, stdev=3606.69
    clat percentiles (usec):
     |  1.00th=[  553],  5.00th=[ 3621], 10.00th=[ 3752], 20.00th=[ 3851],
     | 30.00th=[ 3949], 40.00th=[ 4015], 50.00th=[ 4113], 60.00th=[ 4490],
     | 70.00th=[ 7177], 80.00th=[ 7504], 90.00th=[10683], 95.00th=[13698],
     | 99.00th=[19792], 99.50th=[21103], 99.90th=[27395], 99.95th=[30540],
     | 99.99th=[36963]
   bw (  MiB/s): min= 1170, max= 1420, per=100.00%, avg=1322.29, stdev=17.24, samples=120
   iops        : min=18726, max=22732, avg=21156.55, stdev=275.82, samples=120
  lat (usec)   : 250=0.01%, 500=0.08%, 750=2.54%, 1000=0.01%
  lat (msec)   : 2=0.01%, 4=34.75%, 10=47.57%, 20=14.15%, 50=0.92%
  lat (msec)   : 100=0.01%
  cpu          : usr=11.61%, sys=14.53%, ctx=590358, majf=0, minf=0
  IO depths    : 1=0.0%, 2=0.0%, 4=0.0%, 8=0.0%, 16=0.0%, 32=0.0%, >=64=100.0%
     submit    : 0=0.0%, 4=100.0%, 8=0.0%, 16=0.0%, 32=0.0%, 64=0.0%, >=64=0.0%
     complete  : 0=0.0%, 4=100.0%, 8=0.0%, 16=0.0%, 32=0.0%, 64=0.0%, >=64=0.1%
     issued rwts: total=0,1269276,0,0 short=0,0,0,0 dropped=0,0,0,0
     latency   : target=0, window=0, percentile=100.00%, depth=128

Run status group 0 (all jobs):
  WRITE: bw=1322MiB/s (1386MB/s), 1322MiB/s-1322MiB/s (1386MB/s-1386MB/s), io=77.5GiB (83.2GB), run=60004-60004msec
