"randwrite_64k_1_1": (g=0): rw=randwrite, bs=(R) 64.0KiB-64.0KiB, (W) 64.0KiB-64.0KiB, (T) 64.0KiB-64.0KiB, ioengine=io_uring, iodepth=1
fio-3.28
Starting 1 thread

"randwrite_64k_1_1": (groupid=0, jobs=1): err= 0: pid=13839: Thu Aug 10 21:30:27 2023
  write: IOPS=9604, BW=600MiB/s (629MB/s)(35.2GiB/60001msec); 0 zone resets
    slat (nsec): min=7780, max=40630, avg=9226.18, stdev=783.63
    clat (usec): min=61, max=23082, avg=93.64, stdev=52.90
     lat (usec): min=84, max=23092, avg=103.02, stdev=52.91
    clat percentiles (usec):
     |  1.00th=[   84],  5.00th=[   86], 10.00th=[   87], 20.00th=[   89],
     | 30.00th=[   90], 40.00th=[   90], 50.00th=[   91], 60.00th=[   92],
     | 70.00th=[   93], 80.00th=[   94], 90.00th=[   96], 95.00th=[  102],
     | 99.00th=[  157], 99.50th=[  161], 99.90th=[  174], 99.95th=[  190],
     | 99.99th=[ 1172]
   bw (  KiB/s): min=518784, max=624384, per=100.00%, avg=614714.22, stdev=10619.84, samples=120
   iops        : min= 8106, max= 9756, avg=9604.90, stdev=165.93, samples=120
  lat (usec)   : 100=94.50%, 250=5.46%, 500=0.01%, 750=0.01%, 1000=0.01%
  lat (msec)   : 2=0.02%, 4=0.01%, 10=0.01%, 20=0.01%, 50=0.01%
  cpu          : usr=3.74%, sys=11.34%, ctx=576264, majf=0, minf=0
  IO depths    : 1=100.0%, 2=0.0%, 4=0.0%, 8=0.0%, 16=0.0%, 32=0.0%, >=64=0.0%
     submit    : 0=0.0%, 4=100.0%, 8=0.0%, 16=0.0%, 32=0.0%, 64=0.0%, >=64=0.0%
     complete  : 0=0.0%, 4=100.0%, 8=0.0%, 16=0.0%, 32=0.0%, 64=0.0%, >=64=0.0%
     issued rwts: total=0,576261,0,0 short=0,0,0,0 dropped=0,0,0,0
     latency   : target=0, window=0, percentile=100.00%, depth=1

Run status group 0 (all jobs):
  WRITE: bw=600MiB/s (629MB/s), 600MiB/s-600MiB/s (629MB/s-629MB/s), io=35.2GiB (37.8GB), run=60001-60001msec
