"randwrite_16k_64_1": (g=0): rw=randwrite, bs=(R) 16.0KiB-16.0KiB, (W) 16.0KiB-16.0KiB, (T) 16.0KiB-16.0KiB, ioengine=io_uring, iodepth=64
fio-3.28
Starting 1 thread

"randwrite_16k_64_1": (groupid=0, jobs=1): err= 0: pid=11229: Thu Aug 10 21:13:54 2023
  write: IOPS=79.5k, BW=1242MiB/s (1303MB/s)(72.8GiB/60001msec); 0 zone resets
    slat (nsec): min=2629, max=84205, avg=4263.75, stdev=1928.20
    clat (usec): min=133, max=19626, avg=799.90, stdev=232.62
     lat (usec): min=140, max=19632, avg=804.34, stdev=231.84
    clat percentiles (usec):
     |  1.00th=[  388],  5.00th=[  416], 10.00th=[  433], 20.00th=[  750],
     | 30.00th=[  775], 40.00th=[  791], 50.00th=[  799], 60.00th=[  816],
     | 70.00th=[  840], 80.00th=[  906], 90.00th=[ 1090], 95.00th=[ 1172],
     | 99.00th=[ 1401], 99.50th=[ 1565], 99.90th=[ 1893], 99.95th=[ 2073],
     | 99.99th=[ 3752]
   bw (  MiB/s): min= 1181, max= 1293, per=100.00%, avg=1242.39, stdev= 9.05, samples=120
   iops        : min=75584, max=82780, avg=79512.73, stdev=578.90, samples=120
  lat (usec)   : 250=0.01%, 500=15.91%, 750=3.95%, 1000=67.98%
  lat (msec)   : 2=12.10%, 4=0.06%, 10=0.01%, 20=0.01%
  cpu          : usr=13.32%, sys=31.57%, ctx=304033, majf=0, minf=0
  IO depths    : 1=0.0%, 2=0.0%, 4=0.0%, 8=0.0%, 16=0.0%, 32=0.0%, >=64=100.0%
     submit    : 0=0.0%, 4=100.0%, 8=0.0%, 16=0.0%, 32=0.0%, 64=0.0%, >=64=0.0%
     complete  : 0=0.0%, 4=100.0%, 8=0.0%, 16=0.0%, 32=0.0%, 64=0.1%, >=64=0.0%
     issued rwts: total=0,4770369,0,0 short=0,0,0,0 dropped=0,0,0,0
     latency   : target=0, window=0, percentile=100.00%, depth=64

Run status group 0 (all jobs):
  WRITE: bw=1242MiB/s (1303MB/s), 1242MiB/s-1242MiB/s (1303MB/s-1303MB/s), io=72.8GiB (78.2GB), run=60001-60001msec
