"randwrite_16k_64_1": (g=0): rw=randwrite, bs=(R) 16.0KiB-16.0KiB, (W) 16.0KiB-16.0KiB, (T) 16.0KiB-16.0KiB, ioengine=io_uring, iodepth=64
fio-3.28
Starting 1 thread

"randwrite_16k_64_1": (groupid=0, jobs=1): err= 0: pid=11231: Thu Aug 10 21:13:54 2023
  write: IOPS=79.3k, BW=1239MiB/s (1299MB/s)(72.6GiB/60001msec); 0 zone resets
    slat (nsec): min=2645, max=97252, avg=4395.00, stdev=1993.19
    clat (usec): min=122, max=30199, avg=801.86, stdev=316.59
     lat (usec): min=140, max=30202, avg=806.43, stdev=316.02
    clat percentiles (usec):
     |  1.00th=[  392],  5.00th=[  416], 10.00th=[  437], 20.00th=[  750],
     | 30.00th=[  775], 40.00th=[  791], 50.00th=[  799], 60.00th=[  807],
     | 70.00th=[  824], 80.00th=[  889], 90.00th=[ 1090], 95.00th=[ 1172],
     | 99.00th=[ 1434], 99.50th=[ 1598], 99.90th=[ 2212], 99.95th=[ 2900],
     | 99.99th=[11863]
   bw (  MiB/s): min=  916, max= 1257, per=100.00%, avg=1239.12, stdev=34.30, samples=120
   iops        : min=58660, max=80488, avg=79303.41, stdev=2195.50, samples=120
  lat (usec)   : 250=0.01%, 500=15.37%, 750=3.96%, 1000=68.78%
  lat (msec)   : 2=11.71%, 4=0.14%, 10=0.01%, 20=0.01%, 50=0.01%
  cpu          : usr=13.31%, sys=32.85%, ctx=303218, majf=0, minf=0
  IO depths    : 1=0.0%, 2=0.0%, 4=0.0%, 8=0.0%, 16=0.0%, 32=0.0%, >=64=100.0%
     submit    : 0=0.0%, 4=100.0%, 8=0.0%, 16=0.0%, 32=0.0%, 64=0.0%, >=64=0.0%
     complete  : 0=0.0%, 4=100.0%, 8=0.0%, 16=0.0%, 32=0.0%, 64=0.1%, >=64=0.0%
     issued rwts: total=0,4757884,0,0 short=0,0,0,0 dropped=0,0,0,0
     latency   : target=0, window=0, percentile=100.00%, depth=64

Run status group 0 (all jobs):
  WRITE: bw=1239MiB/s (1299MB/s), 1239MiB/s-1239MiB/s (1299MB/s-1299MB/s), io=72.6GiB (78.0GB), run=60001-60001msec
