"randwrite_16k_4_2": (g=0): rw=randwrite, bs=(R) 16.0KiB-16.0KiB, (W) 16.0KiB-16.0KiB, (T) 16.0KiB-16.0KiB, ioengine=io_uring, iodepth=4
...
fio-3.28
Starting 2 threads

"randwrite_16k_4_2": (groupid=0, jobs=2): err= 0: pid=139376: Wed Jul 19 03:22:36 2023
  write: IOPS=100k, BW=1565MiB/s (1641MB/s)(91.7GiB/60001msec); 0 zone resets
    slat (nsec): min=2899, max=68255, avg=4436.11, stdev=998.09
    clat (usec): min=22, max=736, avg=74.63, stdev=17.51
     lat (usec): min=45, max=742, avg=79.15, stdev=17.59
    clat percentiles (usec):
     |  1.00th=[   45],  5.00th=[   57], 10.00th=[   61], 20.00th=[   66],
     | 30.00th=[   68], 40.00th=[   70], 50.00th=[   72], 60.00th=[   74],
     | 70.00th=[   77], 80.00th=[   81], 90.00th=[   91], 95.00th=[  103],
     | 99.00th=[  149], 99.50th=[  157], 99.90th=[  169], 99.95th=[  174],
     | 99.99th=[  186]
   bw (  MiB/s): min= 1474, max= 1574, per=100.00%, avg=1565.59, stdev= 4.44, samples=240
   iops        : min=94390, max=100758, avg=100197.70, stdev=284.24, samples=240
  lat (usec)   : 50=1.93%, 100=92.23%, 250=5.84%, 500=0.01%, 750=0.01%
  cpu          : usr=9.90%, sys=27.07%, ctx=4404286, majf=0, minf=0
  IO depths    : 1=0.0%, 2=0.0%, 4=100.0%, 8=0.0%, 16=0.0%, 32=0.0%, >=64=0.0%
     submit    : 0=0.0%, 4=100.0%, 8=0.0%, 16=0.0%, 32=0.0%, 64=0.0%, >=64=0.0%
     complete  : 0=0.0%, 4=100.0%, 8=0.0%, 16=0.0%, 32=0.0%, 64=0.0%, >=64=0.0%
     issued rwts: total=0,6010830,0,0 short=0,0,0,0 dropped=0,0,0,0
     latency   : target=0, window=0, percentile=100.00%, depth=4

Run status group 0 (all jobs):
  WRITE: bw=1565MiB/s (1641MB/s), 1565MiB/s-1565MiB/s (1641MB/s-1641MB/s), io=91.7GiB (98.5GB), run=60001-60001msec
