"randwrite_4k_4_8": (g=0): rw=randwrite, bs=(R) 4096B-4096B, (W) 4096B-4096B, (T) 4096B-4096B, ioengine=io_uring, iodepth=4
...
fio-3.28
Starting 8 threads

"randwrite_4k_4_8": (groupid=0, jobs=8): err= 0: pid=137861: Wed Jul 19 02:43:52 2023
  write: IOPS=235k, BW=917MiB/s (962MB/s)(53.7GiB/60002msec); 0 zone resets
    slat (usec): min=2, max=211, avg= 8.28, stdev= 4.50
    clat (usec): min=38, max=368, avg=127.07, stdev=22.49
     lat (usec): min=43, max=374, avg=135.47, stdev=22.62
    clat percentiles (usec):
     |  1.00th=[   82],  5.00th=[  101], 10.00th=[  109], 20.00th=[  115],
     | 30.00th=[  119], 40.00th=[  122], 50.00th=[  125], 60.00th=[  127],
     | 70.00th=[  131], 80.00th=[  135], 90.00th=[  143], 95.00th=[  184],
     | 99.00th=[  215], 99.50th=[  223], 99.90th=[  235], 99.95th=[  241],
     | 99.99th=[  255]
   bw (  KiB/s): min=909520, max=958096, per=100.00%, avg=939213.53, stdev=1592.42, samples=960
   iops        : min=227380, max=239524, avg=234803.20, stdev=398.10, samples=960
  lat (usec)   : 50=0.01%, 100=4.51%, 250=95.47%, 500=0.02%
  cpu          : usr=6.96%, sys=29.39%, ctx=11643586, majf=0, minf=0
  IO depths    : 1=0.0%, 2=0.0%, 4=100.0%, 8=0.0%, 16=0.0%, 32=0.0%, >=64=0.0%
     submit    : 0=0.0%, 4=100.0%, 8=0.0%, 16=0.0%, 32=0.0%, 64=0.0%, >=64=0.0%
     complete  : 0=0.0%, 4=100.0%, 8=0.0%, 16=0.0%, 32=0.0%, 64=0.0%, >=64=0.0%
     issued rwts: total=0,14087078,0,0 short=0,0,0,0 dropped=0,0,0,0
     latency   : target=0, window=0, percentile=100.00%, depth=4

Run status group 0 (all jobs):
  WRITE: bw=917MiB/s (962MB/s), 917MiB/s-917MiB/s (962MB/s-962MB/s), io=53.7GiB (57.7GB), run=60002-60002msec
