"randwrite_4k_32_8": (g=0): rw=randwrite, bs=(R) 4096B-4096B, (W) 4096B-4096B, (T) 4096B-4096B, ioengine=io_uring, iodepth=32
...
fio-3.28
Starting 8 threads

"randwrite_4k_32_8": (groupid=0, jobs=8): err= 0: pid=138442: Wed Jul 19 03:01:28 2023
  write: IOPS=250k, BW=977MiB/s (1025MB/s)(57.3GiB/60020msec); 0 zone resets
    slat (usec): min=2, max=269, avg= 9.68, stdev= 5.05
    clat (usec): min=267, max=1164.4k, avg=1013.57, stdev=12325.16
     lat (usec): min=272, max=1164.4k, avg=1023.40, stdev=12325.25
    clat percentiles (usec):
     |  1.00th=[   355],  5.00th=[   371], 10.00th=[   375], 20.00th=[   383],
     | 30.00th=[   388], 40.00th=[   392], 50.00th=[   396], 60.00th=[   400],
     | 70.00th=[   404], 80.00th=[   408], 90.00th=[   420], 95.00th=[   429],
     | 99.00th=[   457], 99.50th=[   469], 99.90th=[200279], 99.95th=[227541],
     | 99.99th=[404751]
   bw (  KiB/s): min=789960, max=1184536, per=100.00%, avg=1001339.43, stdev=9498.35, samples=960
   iops        : min=197490, max=296134, avg=250334.68, stdev=2374.59, samples=960
  lat (usec)   : 500=99.70%, 750=0.02%, 1000=0.01%
  lat (msec)   : 2=0.01%, 20=0.01%, 50=0.01%, 100=0.01%, 250=0.24%
  lat (msec)   : 500=0.04%, 750=0.01%, 1000=0.01%, 2000=0.01%
  cpu          : usr=7.48%, sys=35.09%, ctx=10832570, majf=0, minf=0
  IO depths    : 1=0.0%, 2=0.0%, 4=0.0%, 8=0.0%, 16=0.0%, 32=100.0%, >=64=0.0%
     submit    : 0=0.0%, 4=100.0%, 8=0.0%, 16=0.0%, 32=0.0%, 64=0.0%, >=64=0.0%
     complete  : 0=0.0%, 4=100.0%, 8=0.0%, 16=0.0%, 32=0.1%, 64=0.0%, >=64=0.0%
     issued rwts: total=0,15018650,0,0 short=0,0,0,0 dropped=0,0,0,0
     latency   : target=0, window=0, percentile=100.00%, depth=32

Run status group 0 (all jobs):
  WRITE: bw=977MiB/s (1025MB/s), 977MiB/s-977MiB/s (1025MB/s-1025MB/s), io=57.3GiB (61.5GB), run=60020-60020msec
