"randread_64k_1_1": (g=0): rw=randread, bs=(R) 64.0KiB-64.0KiB, (W) 64.0KiB-64.0KiB, (T) 64.0KiB-64.0KiB, ioengine=io_uring, iodepth=1
fio-3.28
Starting 1 thread

"randread_64k_1_1": (groupid=0, jobs=1): err= 0: pid=152245: Wed Jul 19 21:23:29 2023
  read: IOPS=12.0k, BW=749MiB/s (785MB/s)(43.9GiB/60001msec)
    slat (nsec): min=6707, max=35397, avg=6959.53, stdev=394.59
    clat (usec): min=49, max=825, avg=75.52, stdev= 9.58
     lat (usec): min=78, max=832, avg=82.61, stdev= 9.59
    clat percentiles (usec):
     |  1.00th=[   73],  5.00th=[   73], 10.00th=[   73], 20.00th=[   73],
     | 30.00th=[   74], 40.00th=[   74], 50.00th=[   74], 60.00th=[   74],
     | 70.00th=[   74], 80.00th=[   74], 90.00th=[   75], 95.00th=[  102],
     | 99.00th=[  118], 99.50th=[  133], 99.90th=[  137], 99.95th=[  137],
     | 99.99th=[  163]
   bw (  KiB/s): min=712192, max=769920, per=100.00%, avg=766646.36, stdev=5178.76, samples=120
   iops        : min=11128, max=12030, avg=11978.83, stdev=80.92, samples=120
  lat (usec)   : 50=0.01%, 100=93.98%, 250=6.02%, 500=0.01%, 750=0.01%
  lat (usec)   : 1000=0.01%
  cpu          : usr=3.21%, sys=11.91%, ctx=719490, majf=0, minf=0
  IO depths    : 1=100.0%, 2=0.0%, 4=0.0%, 8=0.0%, 16=0.0%, 32=0.0%, >=64=0.0%
     submit    : 0=0.0%, 4=100.0%, 8=0.0%, 16=0.0%, 32=0.0%, 64=0.0%, >=64=0.0%
     complete  : 0=0.0%, 4=100.0%, 8=0.0%, 16=0.0%, 32=0.0%, 64=0.0%, >=64=0.0%
     issued rwts: total=718697,0,0,0 short=0,0,0,0 dropped=0,0,0,0
     latency   : target=0, window=0, percentile=100.00%, depth=1

Run status group 0 (all jobs):
   READ: bw=749MiB/s (785MB/s), 749MiB/s-749MiB/s (785MB/s-785MB/s), io=43.9GiB (47.1GB), run=60001-60001msec
