"randwrite_4k_8_10": (g=0): rw=randwrite, bs=(R) 4096B-4096B, (W) 4096B-4096B, (T) 4096B-4096B, ioengine=io_uring, iodepth=8
...
fio-3.28
Starting 10 threads

"randwrite_4k_8_10": (groupid=0, jobs=10): err= 0: pid=138101: Wed Jul 19 02:50:55 2023
  write: IOPS=250k, BW=978MiB/s (1026MB/s)(57.3GiB/60002msec); 0 zone resets
    slat (usec): min=2, max=1492, avg=15.94, stdev= 9.09
    clat (usec): min=145, max=1805, avg=302.38, stdev=26.54
     lat (usec): min=151, max=1822, avg=318.48, stdev=27.45
    clat percentiles (usec):
     |  1.00th=[  245],  5.00th=[  262], 10.00th=[  273], 20.00th=[  281],
     | 30.00th=[  289], 40.00th=[  297], 50.00th=[  302], 60.00th=[  306],
     | 70.00th=[  314], 80.00th=[  318], 90.00th=[  334], 95.00th=[  351],
     | 99.00th=[  383], 99.50th=[  392], 99.90th=[  416], 99.95th=[  424],
     | 99.99th=[  453]
   bw (  KiB/s): min=989486, max=1014722, per=100.00%, avg=1001878.68, stdev=639.81, samples=1200
   iops        : min=247370, max=253680, avg=250469.46, stdev=159.95, samples=1200
  lat (usec)   : 250=1.73%, 500=98.26%, 750=0.01%, 1000=0.01%
  lat (msec)   : 2=0.01%
  cpu          : usr=6.11%, sys=44.82%, ctx=11241909, majf=0, minf=0
  IO depths    : 1=0.0%, 2=0.0%, 4=0.0%, 8=100.0%, 16=0.0%, 32=0.0%, >=64=0.0%
     submit    : 0=0.0%, 4=100.0%, 8=0.0%, 16=0.0%, 32=0.0%, 64=0.0%, >=64=0.0%
     complete  : 0=0.0%, 4=100.0%, 8=0.1%, 16=0.0%, 32=0.0%, 64=0.0%, >=64=0.0%
     issued rwts: total=0,15026850,0,0 short=0,0,0,0 dropped=0,0,0,0
     latency   : target=0, window=0, percentile=100.00%, depth=8

Run status group 0 (all jobs):
  WRITE: bw=978MiB/s (1026MB/s), 978MiB/s-978MiB/s (1026MB/s-1026MB/s), io=57.3GiB (61.6GB), run=60002-60002msec
