"randwrite_64k_16_4": (g=0): rw=randwrite, bs=(R) 64.0KiB-64.0KiB, (W) 64.0KiB-64.0KiB, (T) 64.0KiB-64.0KiB, ioengine=io_uring, iodepth=16
...
fio-3.28
Starting 4 threads

"randwrite_64k_16_4": (groupid=0, jobs=4): err= 0: pid=141066: Wed Jul 19 04:16:35 2023
  write: IOPS=73.7k, BW=4609MiB/s (4833MB/s)(270GiB/60011msec); 0 zone resets
    slat (usec): min=3, max=161, avg=10.95, stdev= 5.17
    clat (usec): min=159, max=1148.3k, avg=856.57, stdev=10388.62
     lat (usec): min=170, max=1148.3k, avg=867.63, stdev=10388.67
    clat percentiles (usec):
     |  1.00th=[   255],  5.00th=[   277], 10.00th=[   293], 20.00th=[   306],
     | 30.00th=[   314], 40.00th=[   318], 50.00th=[   326], 60.00th=[   330],
     | 70.00th=[   338], 80.00th=[   347], 90.00th=[   363], 95.00th=[   388],
     | 99.00th=[   433], 99.50th=[   465], 99.90th=[173016], 99.95th=[235930],
     | 99.99th=[383779]
   bw (  MiB/s): min= 3226, max= 5746, per=100.00%, avg=4610.65, stdev=114.44, samples=480
   iops        : min=51626, max=91942, avg=73770.25, stdev=1830.98, samples=480
  lat (usec)   : 250=0.60%, 500=99.00%, 750=0.04%, 1000=0.01%
  lat (msec)   : 2=0.01%, 20=0.01%, 50=0.01%, 100=0.11%, 250=0.20%
  lat (msec)   : 500=0.04%, 750=0.01%, 1000=0.01%, 2000=0.01%
  cpu          : usr=5.12%, sys=20.54%, ctx=2442680, majf=0, minf=0
  IO depths    : 1=0.0%, 2=0.0%, 4=0.0%, 8=0.0%, 16=100.0%, 32=0.0%, >=64=0.0%
     submit    : 0=0.0%, 4=100.0%, 8=0.0%, 16=0.0%, 32=0.0%, 64=0.0%, >=64=0.0%
     complete  : 0=0.0%, 4=100.0%, 8=0.0%, 16=0.1%, 32=0.0%, 64=0.0%, >=64=0.0%
     issued rwts: total=0,4425705,0,0 short=0,0,0,0 dropped=0,0,0,0
     latency   : target=0, window=0, percentile=100.00%, depth=16

Run status group 0 (all jobs):
  WRITE: bw=4609MiB/s (4833MB/s), 4609MiB/s-4609MiB/s (4833MB/s-4833MB/s), io=270GiB (290GB), run=60011-60011msec
