"randwrite_64k_8_4": (g=0): rw=randwrite, bs=(R) 64.0KiB-64.0KiB, (W) 64.0KiB-64.0KiB, (T) 64.0KiB-64.0KiB, ioengine=io_uring, iodepth=8
...
fio-3.28
Starting 4 threads

"randwrite_64k_8_4": (groupid=0, jobs=4): err= 0: pid=140939: Wed Jul 19 04:10:43 2023
  write: IOPS=73.8k, BW=4612MiB/s (4836MB/s)(270GiB/60003msec); 0 zone resets
    slat (usec): min=3, max=212, avg=11.17, stdev= 5.28
    clat (usec): min=97, max=188348, avg=421.68, stdev=2019.64
     lat (usec): min=112, max=188358, avg=432.95, stdev=2019.69
    clat percentiles (usec):
     |  1.00th=[  258],  5.00th=[  281], 10.00th=[  293], 20.00th=[  306],
     | 30.00th=[  314], 40.00th=[  318], 50.00th=[  326], 60.00th=[  330],
     | 70.00th=[  338], 80.00th=[  347], 90.00th=[  363], 95.00th=[  388],
     | 99.00th=[  433], 99.50th=[  461], 99.90th=[32375], 99.95th=[48497],
     | 99.99th=[80217]
   bw (  MiB/s): min= 4025, max= 5133, per=100.00%, avg=4612.31, stdev=53.64, samples=480
   iops        : min=64402, max=82134, avg=73796.87, stdev=858.26, samples=480
  lat (usec)   : 100=0.01%, 250=0.59%, 500=99.03%, 750=0.04%, 1000=0.01%
  lat (msec)   : 2=0.01%, 4=0.01%, 10=0.06%, 20=0.08%, 50=0.16%
  lat (msec)   : 100=0.04%, 250=0.01%
  cpu          : usr=4.94%, sys=21.21%, ctx=2498207, majf=0, minf=0
  IO depths    : 1=0.0%, 2=0.0%, 4=0.0%, 8=100.0%, 16=0.0%, 32=0.0%, >=64=0.0%
     submit    : 0=0.0%, 4=100.0%, 8=0.0%, 16=0.0%, 32=0.0%, 64=0.0%, >=64=0.0%
     complete  : 0=0.0%, 4=100.0%, 8=0.1%, 16=0.0%, 32=0.0%, 64=0.0%, >=64=0.0%
     issued rwts: total=0,4427264,0,0 short=0,0,0,0 dropped=0,0,0,0
     latency   : target=0, window=0, percentile=100.00%, depth=8

Run status group 0 (all jobs):
  WRITE: bw=4612MiB/s (4836MB/s), 4612MiB/s-4612MiB/s (4836MB/s-4836MB/s), io=270GiB (290GB), run=60003-60003msec
