"randwrite_64k_4_1": (g=0): rw=randwrite, bs=(R) 64.0KiB-64.0KiB, (W) 64.0KiB-64.0KiB, (T) 64.0KiB-64.0KiB, ioengine=io_uring, iodepth=4
fio-3.28
Starting 1 thread

"randwrite_64k_4_1": (groupid=0, jobs=1): err= 0: pid=140692: Wed Jul 19 04:02:30 2023
  write: IOPS=36.5k, BW=2280MiB/s (2391MB/s)(134GiB/60001msec); 0 zone resets
    slat (nsec): min=4334, max=38546, avg=5604.14, stdev=384.38
    clat (usec): min=74, max=2116, avg=103.34, stdev=13.65
     lat (usec): min=91, max=2122, avg=109.03, stdev=13.65
    clat percentiles (usec):
     |  1.00th=[   96],  5.00th=[   98], 10.00th=[   99], 20.00th=[  100],
     | 30.00th=[  100], 40.00th=[  100], 50.00th=[  101], 60.00th=[  101],
     | 70.00th=[  101], 80.00th=[  102], 90.00th=[  103], 95.00th=[  112],
     | 99.00th=[  167], 99.50th=[  174], 99.90th=[  182], 99.95th=[  188],
     | 99.99th=[  215]
   bw (  MiB/s): min= 2105, max= 2285, per=100.00%, avg=2280.05, stdev=16.35, samples=120
   iops        : min=33688, max=36574, avg=36480.84, stdev=261.67, samples=120
  lat (usec)   : 100=30.68%, 250=69.31%, 500=0.01%, 1000=0.01%
  lat (msec)   : 4=0.01%
  cpu          : usr=8.98%, sys=23.63%, ctx=2175581, majf=0, minf=0
  IO depths    : 1=0.0%, 2=0.0%, 4=100.0%, 8=0.0%, 16=0.0%, 32=0.0%, >=64=0.0%
     submit    : 0=0.0%, 4=100.0%, 8=0.0%, 16=0.0%, 32=0.0%, 64=0.0%, >=64=0.0%
     complete  : 0=0.0%, 4=100.0%, 8=0.0%, 16=0.0%, 32=0.0%, 64=0.0%, >=64=0.0%
     issued rwts: total=0,2188768,0,0 short=0,0,0,0 dropped=0,0,0,0
     latency   : target=0, window=0, percentile=100.00%, depth=4

Run status group 0 (all jobs):
  WRITE: bw=2280MiB/s (2391MB/s), 2280MiB/s-2280MiB/s (2391MB/s-2391MB/s), io=134GiB (143GB), run=60001-60001msec
