"randread_16k_16_8": (g=0): rw=randread, bs=(R) 16.0KiB-16.0KiB, (W) 16.0KiB-16.0KiB, (T) 16.0KiB-16.0KiB, ioengine=io_uring, iodepth=16
...
fio-3.28
Starting 8 threads

"randread_16k_16_8": (groupid=0, jobs=8): err= 0: pid=134383: Wed Jul 19 01:33:25 2023
  read: IOPS=373k, BW=5823MiB/s (6106MB/s)(341GiB/60003msec)
    slat (nsec): min=2384, max=89820, avg=5148.40, stdev=1912.77
    clat (usec): min=86, max=128082, avg=337.53, stdev=2062.69
     lat (usec): min=90, max=128088, avg=342.79, stdev=2062.65
    clat percentiles (usec):
     |  1.00th=[  178],  5.00th=[  180], 10.00th=[  184], 20.00th=[  186],
     | 30.00th=[  188], 40.00th=[  190], 50.00th=[  192], 60.00th=[  194],
     | 70.00th=[  196], 80.00th=[  198], 90.00th=[  204], 95.00th=[  208],
     | 99.00th=[  269], 99.50th=[16188], 99.90th=[32113], 99.95th=[40109],
     | 99.99th=[52167]
   bw (  MiB/s): min= 5238, max= 6390, per=100.00%, avg=5823.65, stdev=28.03, samples=960
   iops        : min=335288, max=408982, avg=372713.57, stdev=1793.61, samples=960
  lat (usec)   : 100=0.01%, 250=98.08%, 500=1.38%, 750=0.01%
  lat (msec)   : 4=0.01%, 10=0.01%, 20=0.10%, 50=0.43%, 100=0.01%
  lat (msec)   : 250=0.01%
  cpu          : usr=9.07%, sys=29.07%, ctx=12849429, majf=0, minf=0
  IO depths    : 1=0.0%, 2=0.0%, 4=0.0%, 8=0.0%, 16=100.0%, 32=0.0%, >=64=0.0%
     submit    : 0=0.0%, 4=100.0%, 8=0.0%, 16=0.0%, 32=0.0%, 64=0.0%, >=64=0.0%
     complete  : 0=0.0%, 4=100.0%, 8=0.0%, 16=0.1%, 32=0.0%, 64=0.0%, >=64=0.0%
     issued rwts: total=22360796,0,0,0 short=0,0,0,0 dropped=0,0,0,0
     latency   : target=0, window=0, percentile=100.00%, depth=16

Run status group 0 (all jobs):
   READ: bw=5823MiB/s (6106MB/s), 5823MiB/s-5823MiB/s (6106MB/s-6106MB/s), io=341GiB (366GB), run=60003-60003msec
