"randwrite_16k_8_1": (g=0): rw=randwrite, bs=(R) 16.0KiB-16.0KiB, (W) 16.0KiB-16.0KiB, (T) 16.0KiB-16.0KiB, ioengine=io_uring, iodepth=8
fio-3.28
Starting 1 thread

"randwrite_16k_8_1": (groupid=0, jobs=1): err= 0: pid=139595: Wed Jul 19 03:27:17 2023
  write: IOPS=102k, BW=1590MiB/s (1667MB/s)(93.1GiB/60001msec); 0 zone resets
    slat (nsec): min=2625, max=37088, avg=3255.71, stdev=485.75
    clat (usec): min=34, max=539, avg=74.86, stdev=17.45
     lat (usec): min=44, max=544, avg=78.20, stdev=17.46
    clat percentiles (usec):
     |  1.00th=[   46],  5.00th=[   57], 10.00th=[   61], 20.00th=[   66],
     | 30.00th=[   68], 40.00th=[   70], 50.00th=[   73], 60.00th=[   75],
     | 70.00th=[   78], 80.00th=[   82], 90.00th=[   87], 95.00th=[  101],
     | 99.00th=[  153], 99.50th=[  161], 99.90th=[  174], 99.95th=[  178],
     | 99.99th=[  192]
   bw (  MiB/s): min= 1513, max= 1595, per=100.00%, avg=1589.65, stdev= 7.62, samples=120
   iops        : min=96866, max=102094, avg=101737.61, stdev=487.96, samples=120
  lat (usec)   : 50=1.52%, 100=93.38%, 250=5.09%, 500=0.01%, 750=0.01%
  cpu          : usr=14.19%, sys=37.00%, ctx=2646198, majf=0, minf=0
  IO depths    : 1=0.0%, 2=0.0%, 4=0.0%, 8=100.0%, 16=0.0%, 32=0.0%, >=64=0.0%
     submit    : 0=0.0%, 4=100.0%, 8=0.0%, 16=0.0%, 32=0.0%, 64=0.0%, >=64=0.0%
     complete  : 0=0.0%, 4=100.0%, 8=0.1%, 16=0.0%, 32=0.0%, 64=0.0%, >=64=0.0%
     issued rwts: total=0,6104026,0,0 short=0,0,0,0 dropped=0,0,0,0
     latency   : target=0, window=0, percentile=100.00%, depth=8

Run status group 0 (all jobs):
  WRITE: bw=1590MiB/s (1667MB/s), 1590MiB/s-1590MiB/s (1667MB/s-1667MB/s), io=93.1GiB (100GB), run=60001-60001msec
