"randread_16k_128_8": (g=0): rw=randread, bs=(R) 16.0KiB-16.0KiB, (W) 16.0KiB-16.0KiB, (T) 16.0KiB-16.0KiB, ioengine=io_uring, iodepth=128
...
fio-3.28
Starting 8 threads

"randread_16k_128_8": (groupid=0, jobs=8): err= 0: pid=134752: Wed Jul 19 01:51:01 2023
  read: IOPS=360k, BW=5622MiB/s (5895MB/s)(330GiB/60104msec)
    slat (nsec): min=2396, max=98623, avg=5364.14, stdev=2021.02
    clat (usec): min=107, max=2080.2k, avg=2852.63, stdev=35491.67
     lat (usec): min=112, max=2080.2k, avg=2858.11, stdev=35491.62
    clat percentiles (usec):
     |  1.00th=[   182],  5.00th=[   186], 10.00th=[   190], 20.00th=[   192],
     | 30.00th=[   194], 40.00th=[   196], 50.00th=[   198], 60.00th=[   200],
     | 70.00th=[   204], 80.00th=[   206], 90.00th=[   210], 95.00th=[   217],
     | 99.00th=[   265], 99.50th=[400557], 99.90th=[455082], 99.95th=[476054],
     | 99.99th=[868221]
   bw (  MiB/s): min= 4526, max= 6765, per=100.00%, avg=5631.56, stdev=55.41, samples=960
   iops        : min=289676, max=432978, avg=360419.36, stdev=3546.29, samples=960
  lat (usec)   : 250=98.33%, 500=1.09%
  lat (msec)   : 250=0.01%, 500=0.55%, 750=0.01%, 1000=0.03%, 2000=0.01%
  lat (msec)   : >=2000=0.01%
  cpu          : usr=8.42%, sys=29.25%, ctx=12459644, majf=0, minf=0
  IO depths    : 1=0.0%, 2=0.0%, 4=0.0%, 8=0.0%, 16=0.0%, 32=0.0%, >=64=100.0%
     submit    : 0=0.0%, 4=100.0%, 8=0.0%, 16=0.0%, 32=0.0%, 64=0.0%, >=64=0.0%
     complete  : 0=0.0%, 4=100.0%, 8=0.0%, 16=0.0%, 32=0.0%, 64=0.0%, >=64=0.1%
     issued rwts: total=21623269,0,0,0 short=0,0,0,0 dropped=0,0,0,0
     latency   : target=0, window=0, percentile=100.00%, depth=128

Run status group 0 (all jobs):
   READ: bw=5622MiB/s (5895MB/s), 5622MiB/s-5622MiB/s (5895MB/s-5895MB/s), io=330GiB (354GB), run=60104-60104msec
