"randread_4k_128_4": (g=0): rw=randread, bs=(R) 4096B-4096B, (W) 4096B-4096B, (T) 4096B-4096B, ioengine=io_uring, iodepth=128
...
fio-3.28
Starting 4 threads

"randread_4k_128_4": (groupid=0, jobs=4): err= 0: pid=133861: Wed Jul 19 01:08:46 2023
  read: IOPS=490k, BW=1914MiB/s (2007MB/s)(112GiB/60027msec)
    slat (usec): min=2, max=167, avg= 3.98, stdev= 1.96
    clat (usec): min=122, max=304072, avg=1041.03, stdev=7705.32
     lat (usec): min=213, max=304075, avg=1045.12, stdev=7705.28
    clat percentiles (usec):
     |  1.00th=[   241],  5.00th=[   245], 10.00th=[   247], 20.00th=[   251],
     | 30.00th=[   253], 40.00th=[   258], 50.00th=[   262], 60.00th=[   265],
     | 70.00th=[   269], 80.00th=[   273], 90.00th=[   281], 95.00th=[   285],
     | 99.00th=[ 48497], 99.50th=[ 71828], 99.90th=[ 92799], 99.95th=[104334],
     | 99.99th=[139461]
   bw (  MiB/s): min= 1695, max= 2049, per=100.00%, avg=1914.73, stdev=15.98, samples=480
   iops        : min=434072, max=524703, avg=490171.88, stdev=4090.77, samples=480
  lat (usec)   : 250=18.31%, 500=80.62%, 750=0.01%
  lat (msec)   : 50=0.08%, 100=0.93%, 250=0.07%, 500=0.01%
  cpu          : usr=17.58%, sys=54.01%, ctx=9822402, majf=0, minf=0
  IO depths    : 1=0.0%, 2=0.0%, 4=0.0%, 8=0.0%, 16=0.0%, 32=0.0%, >=64=100.0%
     submit    : 0=0.0%, 4=100.0%, 8=0.0%, 16=0.0%, 32=0.0%, 64=0.0%, >=64=0.0%
     complete  : 0=0.0%, 4=100.0%, 8=0.0%, 16=0.0%, 32=0.0%, 64=0.0%, >=64=0.1%
     issued rwts: total=29406133,0,0,0 short=0,0,0,0 dropped=0,0,0,0
     latency   : target=0, window=0, percentile=100.00%, depth=128

Run status group 0 (all jobs):
   READ: bw=1914MiB/s (2007MB/s), 1914MiB/s-1914MiB/s (2007MB/s-2007MB/s), io=112GiB (120GB), run=60027-60027msec
