"randread_4k_16_8": (g=0): rw=randread, bs=(R) 4096B-4096B, (W) 4096B-4096B, (T) 4096B-4096B, ioengine=io_uring, iodepth=16
...
fio-3.28
Starting 8 threads

"randread_4k_16_8": (groupid=0, jobs=8): err= 0: pid=133512: Wed Jul 19 00:52:20 2023
  read: IOPS=480k, BW=1874MiB/s (1965MB/s)(110GiB/60002msec)
    slat (nsec): min=2195, max=91539, avg=4024.54, stdev=1964.88
    clat (usec): min=159, max=453, avg=261.99, stdev=11.25
     lat (usec): min=162, max=458, avg=266.13, stdev=11.42
    clat percentiles (usec):
     |  1.00th=[  241],  5.00th=[  247], 10.00th=[  249], 20.00th=[  253],
     | 30.00th=[  255], 40.00th=[  258], 50.00th=[  262], 60.00th=[  265],
     | 70.00th=[  269], 80.00th=[  273], 90.00th=[  277], 95.00th=[  281],
     | 99.00th=[  289], 99.50th=[  293], 99.90th=[  306], 99.95th=[  347],
     | 99.99th=[  388]
   bw (  MiB/s): min= 1832, max= 1927, per=100.00%, avg=1874.73, stdev= 3.23, samples=960
   iops        : min=469116, max=493552, avg=479929.62, stdev=826.12, samples=960
  lat (usec)   : 250=13.21%, 500=86.79%
  cpu          : usr=9.68%, sys=27.64%, ctx=10696640, majf=0, minf=0
  IO depths    : 1=0.0%, 2=0.0%, 4=0.0%, 8=0.0%, 16=100.0%, 32=0.0%, >=64=0.0%
     submit    : 0=0.0%, 4=100.0%, 8=0.0%, 16=0.0%, 32=0.0%, 64=0.0%, >=64=0.0%
     complete  : 0=0.0%, 4=100.0%, 8=0.0%, 16=0.1%, 32=0.0%, 64=0.0%, >=64=0.0%
     issued rwts: total=28792074,0,0,0 short=0,0,0,0 dropped=0,0,0,0
     latency   : target=0, window=0, percentile=100.00%, depth=16

Run status group 0 (all jobs):
   READ: bw=1874MiB/s (1965MB/s), 1874MiB/s-1874MiB/s (1965MB/s-1965MB/s), io=110GiB (118GB), run=60002-60002msec
