"randread_4k_8_1": (g=0): rw=randread, bs=(R) 4096B-4096B, (W) 4096B-4096B, (T) 4096B-4096B, ioengine=io_uring, iodepth=8
fio-3.28
Starting 1 thread

"randread_4k_8_1": (groupid=0, jobs=1): err= 0: pid=133316: Wed Jul 19 00:42:57 2023
  read: IOPS=162k, BW=632MiB/s (663MB/s)(37.0GiB/60001msec)
    slat (nsec): min=1785, max=34422, avg=2300.37, stdev=456.10
    clat (usec): min=19, max=241, avg=46.61, stdev=13.87
     lat (usec): min=28, max=243, avg=49.00, stdev=13.83
    clat percentiles (usec):
     |  1.00th=[   30],  5.00th=[   31], 10.00th=[   33], 20.00th=[   38],
     | 30.00th=[   41], 40.00th=[   43], 50.00th=[   46], 60.00th=[   48],
     | 70.00th=[   50], 80.00th=[   53], 90.00th=[   57], 95.00th=[   63],
     | 99.00th=[  112], 99.50th=[  117], 99.90th=[  126], 99.95th=[  129],
     | 99.99th=[  141]
   bw (  KiB/s): min=617168, max=650864, per=100.00%, avg=647487.13, stdev=3016.99, samples=120
   iops        : min=154292, max=162716, avg=161871.77, stdev=754.24, samples=120
  lat (usec)   : 20=0.01%, 50=72.30%, 100=25.34%, 250=2.36%
  cpu          : usr=18.36%, sys=41.02%, ctx=2654679, majf=0, minf=0
  IO depths    : 1=0.0%, 2=0.0%, 4=0.0%, 8=100.0%, 16=0.0%, 32=0.0%, >=64=0.0%
     submit    : 0=0.0%, 4=100.0%, 8=0.0%, 16=0.0%, 32=0.0%, 64=0.0%, >=64=0.0%
     complete  : 0=0.0%, 4=100.0%, 8=0.1%, 16=0.0%, 32=0.0%, 64=0.0%, >=64=0.0%
     issued rwts: total=9711945,0,0,0 short=0,0,0,0 dropped=0,0,0,0
     latency   : target=0, window=0, percentile=100.00%, depth=8

Run status group 0 (all jobs):
   READ: bw=632MiB/s (663MB/s), 632MiB/s-632MiB/s (663MB/s-663MB/s), io=37.0GiB (39.8GB), run=60001-60001msec
