"randwrite_16k_4_4": (g=0): rw=randwrite, bs=(R) 16.0KiB-16.0KiB, (W) 16.0KiB-16.0KiB, (T) 16.0KiB-16.0KiB, ioengine=io_uring, iodepth=4
...
fio-3.28
Starting 4 threads

"randwrite_16k_4_4": (groupid=0, jobs=4): err= 0: pid=139423: Wed Jul 19 03:23:46 2023
  write: IOPS=130k, BW=2031MiB/s (2130MB/s)(119GiB/60001msec); 0 zone resets
    slat (nsec): min=2590, max=56405, avg=7026.12, stdev=2739.12
    clat (usec): min=41, max=2126, avg=115.23, stdev=21.39
     lat (usec): min=46, max=2131, avg=122.35, stdev=21.64
    clat percentiles (usec):
     |  1.00th=[   75],  5.00th=[   88], 10.00th=[   95], 20.00th=[  103],
     | 30.00th=[  108], 40.00th=[  111], 50.00th=[  113], 60.00th=[  116],
     | 70.00th=[  119], 80.00th=[  124], 90.00th=[  135], 95.00th=[  163],
     | 99.00th=[  196], 99.50th=[  206], 99.90th=[  223], 99.95th=[  231],
     | 99.99th=[  247]
   bw (  MiB/s): min= 1929, max= 2094, per=100.00%, avg=2031.19, stdev= 8.14, samples=480
   iops        : min=123462, max=134046, avg=129996.27, stdev=520.79, samples=480
  lat (usec)   : 50=0.06%, 100=15.00%, 250=84.93%, 500=0.01%, 750=0.01%
  lat (msec)   : 4=0.01%
  cpu          : usr=6.59%, sys=26.14%, ctx=4911511, majf=0, minf=0
  IO depths    : 1=0.0%, 2=0.0%, 4=100.0%, 8=0.0%, 16=0.0%, 32=0.0%, >=64=0.0%
     submit    : 0=0.0%, 4=100.0%, 8=0.0%, 16=0.0%, 32=0.0%, 64=0.0%, >=64=0.0%
     complete  : 0=0.0%, 4=100.0%, 8=0.0%, 16=0.0%, 32=0.0%, 64=0.0%, >=64=0.0%
     issued rwts: total=0,7798734,0,0 short=0,0,0,0 dropped=0,0,0,0
     latency   : target=0, window=0, percentile=100.00%, depth=4

Run status group 0 (all jobs):
  WRITE: bw=2031MiB/s (2130MB/s), 2031MiB/s-2031MiB/s (2130MB/s-2130MB/s), io=119GiB (128GB), run=60001-60001msec
