"randwrite_16k_128_4": (g=0): rw=randwrite, bs=(R) 16.0KiB-16.0KiB, (W) 16.0KiB-16.0KiB, (T) 16.0KiB-16.0KiB, ioengine=io_uring, iodepth=128
...
fio-3.28
Starting 4 threads

"randwrite_16k_128_4": (groupid=0, jobs=4): err= 0: pid=140352: Wed Jul 19 03:53:06 2023
  write: IOPS=150k, BW=2351MiB/s (2465MB/s)(138GiB/60057msec); 0 zone resets
    slat (usec): min=2, max=523, avg=11.75, stdev= 5.61
    clat (usec): min=68, max=2016.3k, avg=3399.64, stdev=37090.71
     lat (usec): min=124, max=2016.3k, avg=3411.51, stdev=37090.61
    clat percentiles (usec):
     |  1.00th=[   260],  5.00th=[   306], 10.00th=[   343], 20.00th=[   383],
     | 30.00th=[   396], 40.00th=[   404], 50.00th=[   412], 60.00th=[   420],
     | 70.00th=[   433], 80.00th=[   449], 90.00th=[   486], 95.00th=[   515],
     | 99.00th=[   627], 99.50th=[346031], 99.90th=[476054], 99.95th=[708838],
     | 99.99th=[901776]
   bw (  MiB/s): min= 2097, max= 2551, per=100.00%, avg=2353.26, stdev=22.08, samples=480
   iops        : min=134262, max=163308, avg=150608.49, stdev=1413.34, samples=480
  lat (usec)   : 100=0.01%, 250=0.67%, 500=92.33%, 750=6.27%, 1000=0.01%
  lat (msec)   : 2=0.01%, 100=0.01%, 250=0.01%, 500=0.62%, 750=0.05%
  lat (msec)   : 1000=0.03%, 2000=0.01%, >=2000=0.01%
  cpu          : usr=6.19%, sys=43.44%, ctx=1575897, majf=0, minf=0
  IO depths    : 1=0.0%, 2=0.0%, 4=0.0%, 8=0.0%, 16=0.0%, 32=0.0%, >=64=100.0%
     submit    : 0=0.0%, 4=100.0%, 8=0.0%, 16=0.0%, 32=0.0%, 64=0.0%, >=64=0.0%
     complete  : 0=0.0%, 4=100.0%, 8=0.0%, 16=0.0%, 32=0.0%, 64=0.0%, >=64=0.1%
     issued rwts: total=0,9035194,0,0 short=0,0,0,0 dropped=0,0,0,0
     latency   : target=0, window=0, percentile=100.00%, depth=128

Run status group 0 (all jobs):
  WRITE: bw=2351MiB/s (2465MB/s), 2351MiB/s-2351MiB/s (2465MB/s-2465MB/s), io=138GiB (148GB), run=60057-60057msec
