"randwrite_64k_4_8": (g=0): rw=randwrite, bs=(R) 64.0KiB-64.0KiB, (W) 64.0KiB-64.0KiB, (T) 64.0KiB-64.0KiB, ioengine=io_uring, iodepth=4
...
fio-3.28
Starting 8 threads

"randwrite_64k_4_8": (groupid=0, jobs=8): err= 0: pid=140810: Wed Jul 19 04:06:01 2023
  write: IOPS=73.1k, BW=4567MiB/s (4789MB/s)(268GiB/60005msec); 0 zone resets
    slat (usec): min=4, max=380, avg=14.15, stdev= 7.91
    clat (usec): min=174, max=188338, avg=422.60, stdev=1956.42
     lat (usec): min=185, max=188349, avg=436.89, stdev=1956.53
    clat percentiles (usec):
     |  1.00th=[  255],  5.00th=[  277], 10.00th=[  289], 20.00th=[  306],
     | 30.00th=[  314], 40.00th=[  318], 50.00th=[  326], 60.00th=[  330],
     | 70.00th=[  338], 80.00th=[  347], 90.00th=[  367], 95.00th=[  392],
     | 99.00th=[  441], 99.50th=[  478], 99.90th=[32375], 99.95th=[44303],
     | 99.99th=[76022]
   bw (  MiB/s): min= 3618, max= 5350, per=100.00%, avg=4568.08, stdev=42.51, samples=960
   iops        : min=57889, max=85614, avg=73089.01, stdev=680.15, samples=960
  lat (usec)   : 250=0.63%, 500=98.95%, 750=0.05%
  lat (msec)   : 4=0.01%, 10=0.07%, 20=0.10%, 50=0.16%, 100=0.03%
  lat (msec)   : 250=0.01%
  cpu          : usr=3.04%, sys=14.09%, ctx=3221077, majf=0, minf=0
  IO depths    : 1=0.0%, 2=0.0%, 4=100.0%, 8=0.0%, 16=0.0%, 32=0.0%, >=64=0.0%
     submit    : 0=0.0%, 4=100.0%, 8=0.0%, 16=0.0%, 32=0.0%, 64=0.0%, >=64=0.0%
     complete  : 0=0.0%, 4=100.0%, 8=0.0%, 16=0.0%, 32=0.0%, 64=0.0%, >=64=0.0%
     issued rwts: total=0,4384898,0,0 short=0,0,0,0 dropped=0,0,0,0
     latency   : target=0, window=0, percentile=100.00%, depth=4

Run status group 0 (all jobs):
  WRITE: bw=4567MiB/s (4789MB/s), 4567MiB/s-4567MiB/s (4789MB/s-4789MB/s), io=268GiB (287GB), run=60005-60005msec
