randread_16k_1_1: (g=0): rw=randread, bs=(R) 16.0KiB-16.0KiB, (W) 16.0KiB-16.0KiB, (T) 16.0KiB-16.0KiB, ioengine=io_uring, iodepth=1
fio-3.28
Starting 1 thread

randread_16k_1_1: (groupid=0, jobs=1): err= 0: pid=32872: Tue Feb 28 15:26:28 2023
  read: IOPS=10.4k, BW=162MiB/s (170MB/s)(9711MiB/60001msec)
    slat (nsec): min=3807, max=76684, avg=6626.58, stdev=3097.06
    clat (usec): min=56, max=520, avg=88.68, stdev=15.99
     lat (usec): min=74, max=530, avg=95.42, stdev=16.89
    clat percentiles (usec):
     |  1.00th=[   73],  5.00th=[   74], 10.00th=[   74], 20.00th=[   76],
     | 30.00th=[   79], 40.00th=[   84], 50.00th=[   86], 60.00th=[   90],
     | 70.00th=[   94], 80.00th=[   98], 90.00th=[  105], 95.00th=[  114],
     | 99.00th=[  149], 99.50th=[  163], 99.90th=[  221], 99.95th=[  255],
     | 99.99th=[  343]
   bw (  KiB/s): min=141600, max=176769, per=100.00%, avg=165775.73, stdev=5536.57, samples=120
   iops        : min= 8850, max=11048, avg=10360.95, stdev=346.04, samples=120
  lat (usec)   : 100=82.84%, 250=17.11%, 500=0.05%, 750=0.01%
  cpu          : usr=4.00%, sys=10.37%, ctx=621560, majf=0, minf=0
  IO depths    : 1=100.0%, 2=0.0%, 4=0.0%, 8=0.0%, 16=0.0%, 32=0.0%, >=64=0.0%
     submit    : 0=0.0%, 4=100.0%, 8=0.0%, 16=0.0%, 32=0.0%, 64=0.0%, >=64=0.0%
     complete  : 0=0.0%, 4=100.0%, 8=0.0%, 16=0.0%, 32=0.0%, 64=0.0%, >=64=0.0%
     issued rwts: total=621531,0,0,0 short=0,0,0,0 dropped=0,0,0,0
     latency   : target=0, window=0, percentile=100.00%, depth=1

Run status group 0 (all jobs):
   READ: bw=162MiB/s (170MB/s), 162MiB/s-162MiB/s (170MB/s-170MB/s), io=9711MiB (10.2GB), run=60001-60001msec
