randread_512k_8_2: (g=0): rw=randread, bs=(R) 512KiB-512KiB, (W) 512KiB-512KiB, (T) 512KiB-512KiB, ioengine=io_uring, iodepth=8
...
fio-3.28
Starting 2 threads

randread_512k_8_2: (groupid=0, jobs=2): err= 0: pid=28963: Tue Feb 28 13:33:58 2023
  read: IOPS=5979, BW=2990MiB/s (3135MB/s)(175GiB/60003msec)
    slat (usec): min=26, max=398, avg=48.29, stdev=17.55
    clat (usec): min=872, max=6559, avg=2625.82, stdev=838.40
     lat (usec): min=928, max=6598, avg=2674.31, stdev=837.16
    clat percentiles (usec):
     |  1.00th=[ 1123],  5.00th=[ 1254], 10.00th=[ 1352], 20.00th=[ 1614],
     | 30.00th=[ 2089], 40.00th=[ 2606], 50.00th=[ 2835], 60.00th=[ 2999],
     | 70.00th=[ 3163], 80.00th=[ 3392], 90.00th=[ 3621], 95.00th=[ 3785],
     | 99.00th=[ 4113], 99.50th=[ 4293], 99.90th=[ 4752], 99.95th=[ 4883],
     | 99.99th=[ 5211]
   bw (  MiB/s): min= 2726, max= 3197, per=100.00%, avg=2990.25, stdev=41.87, samples=240
   iops        : min= 5452, max= 6394, avg=5980.39, stdev=83.75, samples=240
  lat (usec)   : 1000=0.06%
  lat (msec)   : 2=28.24%, 4=70.12%, 10=1.58%
  cpu          : usr=1.26%, sys=15.86%, ctx=347806, majf=0, minf=0
  IO depths    : 1=0.0%, 2=0.0%, 4=0.0%, 8=100.0%, 16=0.0%, 32=0.0%, >=64=0.0%
     submit    : 0=0.0%, 4=100.0%, 8=0.0%, 16=0.0%, 32=0.0%, 64=0.0%, >=64=0.0%
     complete  : 0=0.0%, 4=100.0%, 8=0.1%, 16=0.0%, 32=0.0%, 64=0.0%, >=64=0.0%
     issued rwts: total=358766,0,0,0 short=0,0,0,0 dropped=0,0,0,0
     latency   : target=0, window=0, percentile=100.00%, depth=8

Run status group 0 (all jobs):
   READ: bw=2990MiB/s (3135MB/s), 2990MiB/s-2990MiB/s (3135MB/s-3135MB/s), io=175GiB (188GB), run=60003-60003msec
