randwrite_512k_32_2: (g=0): rw=randwrite, bs=(R) 512KiB-512KiB, (W) 512KiB-512KiB, (T) 512KiB-512KiB, ioengine=io_uring, iodepth=32
...
fio-3.28
Starting 2 threads

randwrite_512k_32_2: (groupid=0, jobs=2): err= 0: pid=32314: Tue Feb 28 15:10:03 2023
  write: IOPS=5526, BW=2764MiB/s (2898MB/s)(162GiB/60010msec); 0 zone resets
    slat (usec): min=39, max=473, avg=106.85, stdev=31.83
    clat (usec): min=7940, max=19611, avg=11470.37, stdev=1048.07
     lat (usec): min=8061, max=19683, avg=11577.47, stdev=1043.99
    clat percentiles (usec):
     |  1.00th=[ 9110],  5.00th=[ 9765], 10.00th=[10159], 20.00th=[10552],
     | 30.00th=[10945], 40.00th=[11207], 50.00th=[11469], 60.00th=[11731],
     | 70.00th=[11994], 80.00th=[12256], 90.00th=[12780], 95.00th=[13304],
     | 99.00th=[14091], 99.50th=[14353], 99.90th=[14746], 99.95th=[14877],
     | 99.99th=[15401]
   bw (  MiB/s): min= 2689, max= 2819, per=100.00%, avg=2764.37, stdev=13.94, samples=240
   iops        : min= 5378, max= 5638, avg=5528.63, stdev=27.88, samples=240
  lat (msec)   : 10=7.79%, 20=92.23%
  cpu          : usr=15.63%, sys=15.86%, ctx=134318, majf=0, minf=0
  IO depths    : 1=0.0%, 2=0.0%, 4=0.0%, 8=0.0%, 16=0.0%, 32=100.0%, >=64=0.0%
     submit    : 0=0.0%, 4=100.0%, 8=0.0%, 16=0.0%, 32=0.0%, 64=0.0%, >=64=0.0%
     complete  : 0=0.0%, 4=100.0%, 8=0.0%, 16=0.0%, 32=0.1%, 64=0.0%, >=64=0.0%
     issued rwts: total=0,331655,0,0 short=0,0,0,0 dropped=0,0,0,0
     latency   : target=0, window=0, percentile=100.00%, depth=32

Run status group 0 (all jobs):
  WRITE: bw=2764MiB/s (2898MB/s), 2764MiB/s-2764MiB/s (2898MB/s-2898MB/s), io=162GiB (174GB), run=60010-60010msec
