randwrite_8k_8_2: (g=0): rw=randwrite, bs=(R) 8192B-8192B, (W) 8192B-8192B, (T) 8192B-8192B, ioengine=io_uring, iodepth=8
...
fio-3.28
Starting 2 threads

randwrite_8k_8_2: (groupid=0, jobs=2): err= 0: pid=30273: Tue Feb 28 14:11:28 2023
  write: IOPS=35.8k, BW=280MiB/s (293MB/s)(16.4GiB/60001msec); 0 zone resets
    slat (nsec): min=2462, max=95047, avg=5420.41, stdev=2517.91
    clat (usec): min=73, max=1527, avg=440.59, stdev=143.12
     lat (usec): min=84, max=1537, avg=446.11, stdev=143.18
    clat percentiles (usec):
     |  1.00th=[  161],  5.00th=[  249], 10.00th=[  281], 20.00th=[  318],
     | 30.00th=[  347], 40.00th=[  379], 50.00th=[  429], 60.00th=[  474],
     | 70.00th=[  506], 80.00th=[  545], 90.00th=[  635], 95.00th=[  709],
     | 99.00th=[  824], 99.50th=[  865], 99.90th=[  988], 99.95th=[ 1045],
     | 99.99th=[ 1188]
   bw (  KiB/s): min=239632, max=347728, per=100.00%, avg=286500.08, stdev=9317.79, samples=240
   iops        : min=29954, max=43466, avg=35812.46, stdev=1164.72, samples=240
  lat (usec)   : 100=0.07%, 250=5.10%, 500=62.89%, 750=29.01%, 1000=2.85%
  lat (msec)   : 2=0.08%
  cpu          : usr=3.97%, sys=11.34%, ctx=1054590, majf=0, minf=0
  IO depths    : 1=0.0%, 2=0.0%, 4=0.0%, 8=100.0%, 16=0.0%, 32=0.0%, >=64=0.0%
     submit    : 0=0.0%, 4=100.0%, 8=0.0%, 16=0.0%, 32=0.0%, 64=0.0%, >=64=0.0%
     complete  : 0=0.0%, 4=100.0%, 8=0.1%, 16=0.0%, 32=0.0%, 64=0.0%, >=64=0.0%
     issued rwts: total=0,2148505,0,0 short=0,0,0,0 dropped=0,0,0,0
     latency   : target=0, window=0, percentile=100.00%, depth=8

Run status group 0 (all jobs):
  WRITE: bw=280MiB/s (293MB/s), 280MiB/s-280MiB/s (293MB/s-293MB/s), io=16.4GiB (17.6GB), run=60001-60001msec
