randwrite_1m_64_2: (g=0): rw=randwrite, bs=(R) 1024KiB-1024KiB, (W) 1024KiB-1024KiB, (T) 1024KiB-1024KiB, ioengine=io_uring, iodepth=64
...
fio-3.28
Starting 2 threads

randwrite_1m_64_2: (groupid=0, jobs=2): err= 0: pid=32680: Tue Feb 28 15:20:36 2023
  write: IOPS=2717, BW=2720MiB/s (2852MB/s)(159GiB/60042msec); 0 zone resets
    slat (usec): min=75, max=612, avg=236.17, stdev=76.03
    clat (usec): min=38551, max=94224, avg=46837.77, stdev=1922.09
     lat (usec): min=38927, max=94405, avg=47074.20, stdev=1916.67
    clat percentiles (usec):
     |  1.00th=[41681],  5.00th=[43779], 10.00th=[44827], 20.00th=[45876],
     | 30.00th=[45876], 40.00th=[46400], 50.00th=[46924], 60.00th=[46924],
     | 70.00th=[47449], 80.00th=[47973], 90.00th=[49021], 95.00th=[50070],
     | 99.00th=[52167], 99.50th=[52691], 99.90th=[54264], 99.95th=[62653],
     | 99.99th=[83362]
   bw (  MiB/s): min= 2664, max= 2770, per=100.00%, avg=2720.68, stdev=11.49, samples=240
   iops        : min= 2664, max= 2770, avg=2720.47, stdev=11.48, samples=240
  lat (msec)   : 50=95.56%, 100=4.52%
  cpu          : usr=20.73%, sys=12.43%, ctx=58985, majf=0, minf=0
  IO depths    : 1=0.0%, 2=0.0%, 4=0.0%, 8=0.0%, 16=0.0%, 32=0.0%, >=64=100.0%
     submit    : 0=0.0%, 4=100.0%, 8=0.0%, 16=0.0%, 32=0.0%, 64=0.0%, >=64=0.0%
     complete  : 0=0.0%, 4=100.0%, 8=0.0%, 16=0.0%, 32=0.0%, 64=0.1%, >=64=0.0%
     issued rwts: total=0,163192,0,0 short=0,0,0,0 dropped=0,0,0,0
     latency   : target=0, window=0, percentile=100.00%, depth=64

Run status group 0 (all jobs):
  WRITE: bw=2720MiB/s (2852MB/s), 2720MiB/s-2720MiB/s (2852MB/s-2852MB/s), io=159GiB (171GB), run=60042-60042msec
