"randwrite_16k_32_1": (g=0): rw=randwrite, bs=(R) 16.0KiB-16.0KiB, (W) 16.0KiB-16.0KiB, (T) 16.0KiB-16.0KiB, ioengine=io_uring, iodepth=32
fio-3.28
Starting 1 thread

"randwrite_16k_32_1": (groupid=0, jobs=1): err= 0: pid=25062: Wed Aug  2 20:43:28 2023
  write: IOPS=18.6k, BW=291MiB/s (305MB/s)(17.1GiB/60002msec); 0 zone resets
    slat (nsec): min=4600, max=41841, avg=5334.24, stdev=789.28
    clat (usec): min=497, max=46094, avg=1710.78, stdev=905.91
     lat (usec): min=503, max=46100, avg=1716.29, stdev=905.84
    clat percentiles (usec):
     |  1.00th=[  963],  5.00th=[ 1106], 10.00th=[ 1188], 20.00th=[ 1336],
     | 30.00th=[ 1467], 40.00th=[ 1582], 50.00th=[ 1680], 60.00th=[ 1778],
     | 70.00th=[ 1860], 80.00th=[ 1942], 90.00th=[ 2057], 95.00th=[ 2180],
     | 99.00th=[ 3064], 99.50th=[ 3720], 99.90th=[15401], 99.95th=[20579],
     | 99.99th=[30802]
   bw (  KiB/s): min=195872, max=308288, per=100.00%, avg=298192.25, stdev=21367.63, samples=120
   iops        : min=12242, max=19268, avg=18637.00, stdev=1335.48, samples=120
  lat (usec)   : 500=0.01%, 750=0.17%, 1000=1.33%
  lat (msec)   : 2=84.05%, 4=14.00%, 10=0.20%, 20=0.19%, 50=0.05%
  cpu          : usr=3.65%, sys=10.11%, ctx=155982, majf=0, minf=0
  IO depths    : 1=0.0%, 2=0.0%, 4=0.0%, 8=0.0%, 16=0.0%, 32=100.0%, >=64=0.0%
     submit    : 0=0.0%, 4=100.0%, 8=0.0%, 16=0.0%, 32=0.0%, 64=0.0%, >=64=0.0%
     complete  : 0=0.0%, 4=100.0%, 8=0.0%, 16=0.0%, 32=0.1%, 64=0.0%, >=64=0.0%
     issued rwts: total=0,1118166,0,0 short=0,0,0,0 dropped=0,0,0,0
     latency   : target=0, window=0, percentile=100.00%, depth=32

Run status group 0 (all jobs):
  WRITE: bw=291MiB/s (305MB/s), 291MiB/s-291MiB/s (305MB/s-305MB/s), io=17.1GiB (18.3GB), run=60002-60002msec
