"randwrite_4k_32_1": (g=0): rw=randwrite, bs=(R) 4096B-4096B, (W) 4096B-4096B, (T) 4096B-4096B, ioengine=io_uring, iodepth=32
fio-3.28
Starting 1 thread

"randwrite_4k_32_1": (groupid=0, jobs=1): err= 0: pid=24967: Wed Aug  2 20:35:15 2023
  write: IOPS=24.1k, BW=94.2MiB/s (98.8MB/s)(5654MiB/60002msec); 0 zone resets
    slat (nsec): min=3781, max=40482, avg=4213.05, stdev=519.03
    clat (usec): min=435, max=41539, avg=1321.36, stdev=855.85
     lat (usec): min=440, max=41544, avg=1325.70, stdev=855.84
    clat percentiles (usec):
     |  1.00th=[  758],  5.00th=[  889], 10.00th=[  971], 20.00th=[ 1057],
     | 30.00th=[ 1139], 40.00th=[ 1188], 50.00th=[ 1254], 60.00th=[ 1303],
     | 70.00th=[ 1352], 80.00th=[ 1418], 90.00th=[ 1532], 95.00th=[ 1729],
     | 99.00th=[ 2737], 99.50th=[ 5473], 99.90th=[14353], 99.95th=[16057],
     | 99.99th=[25560]
   bw (  KiB/s): min=44664, max=101888, per=100.00%, avg=96502.32, stdev=8739.56, samples=120
   iops        : min=11166, max=25472, avg=24125.57, stdev=2184.89, samples=120
  lat (usec)   : 500=0.03%, 750=0.91%, 1000=12.00%
  lat (msec)   : 2=83.68%, 4=2.74%, 10=0.35%, 20=0.25%, 50=0.03%
  cpu          : usr=3.95%, sys=10.98%, ctx=206855, majf=0, minf=0
  IO depths    : 1=0.0%, 2=0.0%, 4=0.0%, 8=0.0%, 16=0.0%, 32=100.0%, >=64=0.0%
     submit    : 0=0.0%, 4=100.0%, 8=0.0%, 16=0.0%, 32=0.0%, 64=0.0%, >=64=0.0%
     complete  : 0=0.0%, 4=100.0%, 8=0.0%, 16=0.0%, 32=0.1%, 64=0.0%, >=64=0.0%
     issued rwts: total=0,1447453,0,0 short=0,0,0,0 dropped=0,0,0,0
     latency   : target=0, window=0, percentile=100.00%, depth=32

Run status group 0 (all jobs):
  WRITE: bw=94.2MiB/s (98.8MB/s), 94.2MiB/s-94.2MiB/s (98.8MB/s-98.8MB/s), io=5654MiB (5929MB), run=60002-60002msec
