"randwrite_16k_4_1": (g=0): rw=randwrite, bs=(R) 16.0KiB-16.0KiB, (W) 16.0KiB-16.0KiB, (T) 16.0KiB-16.0KiB, ioengine=io_uring, iodepth=4
fio-3.28
Starting 1 thread

"randwrite_16k_4_1": (groupid=0, jobs=1): err= 0: pid=25031: Wed Aug  2 20:39:56 2023
  write: IOPS=5774, BW=90.2MiB/s (94.6MB/s)(5414MiB/60001msec); 0 zone resets
    slat (nsec): min=4842, max=37269, avg=5910.88, stdev=488.19
    clat (usec): min=451, max=26470, avg=685.74, stdev=358.87
     lat (usec): min=457, max=26476, avg=691.80, stdev=358.86
    clat percentiles (usec):
     |  1.00th=[  523],  5.00th=[  545], 10.00th=[  570], 20.00th=[  594],
     | 30.00th=[  611], 40.00th=[  627], 50.00th=[  652], 60.00th=[  668],
     | 70.00th=[  693], 80.00th=[  717], 90.00th=[  766], 95.00th=[  816],
     | 99.00th=[ 1827], 99.50th=[ 2073], 99.90th=[ 3884], 99.95th=[ 7832],
     | 99.99th=[16319]
   bw (  KiB/s): min=52832, max=98304, per=100.00%, avg=92405.41, stdev=6192.93, samples=120
   iops        : min= 3302, max= 6144, avg=5775.32, stdev=387.05, samples=120
  lat (usec)   : 500=0.17%, 750=87.29%, 1000=10.52%
  lat (msec)   : 2=1.40%, 4=0.53%, 10=0.06%, 20=0.03%, 50=0.01%
  cpu          : usr=1.51%, sys=5.00%, ctx=324604, majf=0, minf=0
  IO depths    : 1=0.0%, 2=0.0%, 4=100.0%, 8=0.0%, 16=0.0%, 32=0.0%, >=64=0.0%
     submit    : 0=0.0%, 4=100.0%, 8=0.0%, 16=0.0%, 32=0.0%, 64=0.0%, >=64=0.0%
     complete  : 0=0.0%, 4=100.0%, 8=0.0%, 16=0.0%, 32=0.0%, 64=0.0%, >=64=0.0%
     issued rwts: total=0,346504,0,0 short=0,0,0,0 dropped=0,0,0,0
     latency   : target=0, window=0, percentile=100.00%, depth=4

Run status group 0 (all jobs):
  WRITE: bw=90.2MiB/s (94.6MB/s), 90.2MiB/s-90.2MiB/s (94.6MB/s-94.6MB/s), io=5414MiB (5677MB), run=60001-60001msec
