randwrite_32k_32_2: (g=0): rw=randwrite, bs=(R) 32.0KiB-32.0KiB, (W) 32.0KiB-32.0KiB, (T) 32.0KiB-32.0KiB, ioengine=io_uring, iodepth=32
...
fio-3.28
Starting 2 threads

randwrite_32k_32_2: (groupid=0, jobs=2): err= 0: pid=22050: Mon Feb 27 18:38:33 2023
  write: IOPS=20.0k, BW=624MiB/s (654MB/s)(36.6GiB/60092msec); 0 zone resets
    slat (nsec): min=5609, max=48106, avg=9310.60, stdev=1343.49
    clat (usec): min=154, max=8656.3k, avg=3249.65, stdev=81350.37
     lat (usec): min=163, max=8656.3k, avg=3259.09, stdev=81350.37
    clat percentiles (usec):
     |  1.00th=[    176],  5.00th=[    186], 10.00th=[    194],
     | 20.00th=[    202], 30.00th=[    208], 40.00th=[    217],
     | 50.00th=[    223], 60.00th=[    233], 70.00th=[    245],
     | 80.00th=[    265], 90.00th=[    302], 95.00th=[    343],
     | 99.00th=[    433], 99.50th=[    594], 99.90th=[1149240],
     | 99.95th=[1904215], 99.99th=[3573548]
   bw (  KiB/s): min=276928, max=1014848, per=100.00%, avg=639473.59, stdev=73313.88, samples=240
   iops        : min= 8654, max=31714, avg=19983.53, stdev=2291.05, samples=240
  lat (usec)   : 250=73.08%, 500=26.29%, 750=0.34%, 1000=0.04%
  lat (msec)   : 2=0.01%, 10=0.01%, 20=0.02%, 50=0.01%, 100=0.01%
  lat (msec)   : 250=0.01%, 500=0.07%, 750=0.02%, 1000=0.03%, 2000=0.07%
  lat (msec)   : >=2000=0.04%
  cpu          : usr=2.85%, sys=12.35%, ctx=1078883, majf=0, minf=0
  IO depths    : 1=0.0%, 2=0.0%, 4=0.0%, 8=0.0%, 16=0.0%, 32=100.0%, >=64=0.0%
     submit    : 0=0.0%, 4=100.0%, 8=0.0%, 16=0.0%, 32=0.0%, 64=0.0%, >=64=0.0%
     complete  : 0=0.0%, 4=100.0%, 8=0.0%, 16=0.0%, 32=0.1%, 64=0.0%, >=64=0.0%
     issued rwts: total=0,1198955,0,0 short=0,0,0,0 dropped=0,0,0,0
     latency   : target=0, window=0, percentile=100.00%, depth=32

Run status group 0 (all jobs):
  WRITE: bw=624MiB/s (654MB/s), 624MiB/s-624MiB/s (654MB/s-654MB/s), io=36.6GiB (39.3GB), run=60092-60092msec
