randwrite_32k_128_8: (g=0): rw=randwrite, bs=(R) 32.0KiB-32.0KiB, (W) 32.0KiB-32.0KiB, (T) 32.0KiB-32.0KiB, ioengine=io_uring, iodepth=128
...
fio-3.28
Starting 8 threads

randwrite_32k_128_8: (groupid=0, jobs=8): err= 0: pid=23511: Mon Feb 27 19:22:37 2023
  write: IOPS=19.8k, BW=618MiB/s (648MB/s)(39.8GiB/65956msec); 0 zone resets
    slat (usec): min=5, max=101, avg= 8.58, stdev= 1.22
    clat (usec): min=134, max=75946k, avg=55870.07, stdev=1297395.15
     lat (usec): min=159, max=75946k, avg=55878.78, stdev=1297395.17
    clat percentiles (usec):
     |  1.00th=[     172],  5.00th=[     182], 10.00th=[     190],
     | 20.00th=[     198], 30.00th=[     206], 40.00th=[     212],
     | 50.00th=[     221], 60.00th=[     229], 70.00th=[     241],
     | 80.00th=[     262], 90.00th=[     297], 95.00th=[     338],
     | 99.00th=[     433], 99.50th=[     644], 99.90th=[17112761],
     | 99.95th=[17112761], 99.99th=[17112761]
   bw (  MiB/s): min=   12, max= 4582, per=100.00%, avg=1760.51, stdev=161.33, samples=383
   iops        : min=  414, max=146640, avg=56336.22, stdev=5162.61, samples=383
  lat (usec)   : 250=75.47%, 500=23.92%, 750=0.35%, 1000=0.03%
  lat (msec)   : 2=0.01%, 4=0.01%, 10=0.01%, 20=0.01%, 50=0.01%
  lat (msec)   : 750=0.01%, 1000=0.01%, 2000=0.01%, >=2000=0.29%
  cpu          : usr=0.71%, sys=2.92%, ctx=1155488, majf=0, minf=0
  IO depths    : 1=0.0%, 2=0.0%, 4=0.0%, 8=0.0%, 16=0.0%, 32=0.0%, >=64=100.0%
     submit    : 0=0.0%, 4=100.0%, 8=0.0%, 16=0.0%, 32=0.0%, 64=0.0%, >=64=0.0%
     complete  : 0=0.0%, 4=100.0%, 8=0.0%, 16=0.0%, 32=0.0%, 64=0.0%, >=64=0.1%
     issued rwts: total=0,1302684,0,0 short=0,0,0,0 dropped=0,0,0,0
     latency   : target=0, window=0, percentile=100.00%, depth=128

Run status group 0 (all jobs):
  WRITE: bw=618MiB/s (648MB/s), 618MiB/s-618MiB/s (648MB/s-648MB/s), io=39.8GiB (42.7GB), run=65956-65956msec
