randwrite_128k_1_2: (g=0): rw=randwrite, bs=(R) 128KiB-128KiB, (W) 128KiB-128KiB, (T) 128KiB-128KiB, ioengine=io_uring, iodepth=1
...
fio-3.28
Starting 2 threads

randwrite_128k_1_2: (groupid=0, jobs=2): err= 0: pid=22471: Mon Feb 27 18:51:30 2023
  write: IOPS=2458, BW=307MiB/s (322MB/s)(18.0GiB/60001msec); 0 zone resets
    slat (nsec): min=11264, max=78314, avg=14640.69, stdev=917.99
    clat (usec): min=318, max=884342, avg=797.62, stdev=11533.92
     lat (usec): min=332, max=884356, avg=812.41, stdev=11533.90
    clat percentiles (usec):
     |  1.00th=[   338],  5.00th=[   343], 10.00th=[   351], 20.00th=[   367],
     | 30.00th=[   383], 40.00th=[   383], 50.00th=[   388], 60.00th=[   388],
     | 70.00th=[   392], 80.00th=[   400], 90.00th=[   429], 95.00th=[   457],
     | 99.00th=[   570], 99.50th=[   603], 99.90th=[147850], 99.95th=[274727],
     | 99.99th=[530580]
   bw (  KiB/s): min=26880, max=675328, per=100.00%, avg=318669.46, stdev=79466.87, samples=236
   iops        : min=  210, max= 5276, avg=2489.58, stdev=620.84, samples=236
  lat (usec)   : 500=98.16%, 750=1.58%, 1000=0.01%
  lat (msec)   : 2=0.01%, 10=0.01%, 20=0.02%, 50=0.04%, 100=0.05%
  lat (msec)   : 250=0.07%, 500=0.04%, 750=0.01%, 1000=0.01%
  cpu          : usr=0.62%, sys=2.04%, ctx=147505, majf=0, minf=0
  IO depths    : 1=100.0%, 2=0.0%, 4=0.0%, 8=0.0%, 16=0.0%, 32=0.0%, >=64=0.0%
     submit    : 0=0.0%, 4=100.0%, 8=0.0%, 16=0.0%, 32=0.0%, 64=0.0%, >=64=0.0%
     complete  : 0=0.0%, 4=100.0%, 8=0.0%, 16=0.0%, 32=0.0%, 64=0.0%, >=64=0.0%
     issued rwts: total=0,147504,0,0 short=0,0,0,0 dropped=0,0,0,0
     latency   : target=0, window=0, percentile=100.00%, depth=1

Run status group 0 (all jobs):
  WRITE: bw=307MiB/s (322MB/s), 307MiB/s-307MiB/s (322MB/s-322MB/s), io=18.0GiB (19.3GB), run=60001-60001msec
