randread_16k_8_2: (g=0): rw=randread, bs=(R) 16.0KiB-16.0KiB, (W) 16.0KiB-16.0KiB, (T) 16.0KiB-16.0KiB, ioengine=io_uring, iodepth=8
...
fio-3.28
Starting 2 threads

randread_16k_8_2: (groupid=0, jobs=2): err= 0: pid=19479: Mon Feb 27 17:21:02 2023
  read: IOPS=25.8k, BW=404MiB/s (423MB/s)(23.7GiB/60007msec)
    slat (nsec): min=4275, max=75975, avg=6756.38, stdev=832.04
    clat (usec): min=82, max=1240.2k, avg=611.97, stdev=8579.98
     lat (usec): min=106, max=1240.2k, avg=618.90, stdev=8579.96
    clat percentiles (usec):
     |  1.00th=[   133],  5.00th=[   155], 10.00th=[   167], 20.00th=[   184],
     | 30.00th=[   196], 40.00th=[   206], 50.00th=[   217], 60.00th=[   227],
     | 70.00th=[   239], 80.00th=[   258], 90.00th=[   285], 95.00th=[   310],
     | 99.00th=[   420], 99.50th=[ 12518], 99.90th=[ 92799], 99.95th=[168821],
     | 99.99th=[383779]
   bw (  KiB/s): min=33568, max=749056, per=100.00%, avg=413372.27, stdev=64769.27, samples=240
   iops        : min= 2098, max=46816, avg=25835.73, stdev=4048.09, samples=240
  lat (usec)   : 100=0.01%, 250=76.67%, 500=22.60%, 750=0.21%, 1000=0.01%
  lat (msec)   : 2=0.01%, 4=0.01%, 10=0.01%, 20=0.04%, 50=0.32%
  lat (msec)   : 100=0.06%, 250=0.07%, 500=0.02%, 750=0.01%, 1000=0.01%
  lat (msec)   : 2000=0.01%
  cpu          : usr=3.30%, sys=12.37%, ctx=1218827, majf=0, minf=0
  IO depths    : 1=0.0%, 2=0.0%, 4=0.0%, 8=100.0%, 16=0.0%, 32=0.0%, >=64=0.0%
     submit    : 0=0.0%, 4=100.0%, 8=0.0%, 16=0.0%, 32=0.0%, 64=0.0%, >=64=0.0%
     complete  : 0=0.0%, 4=100.0%, 8=0.1%, 16=0.0%, 32=0.0%, 64=0.0%, >=64=0.0%
     issued rwts: total=1550091,0,0,0 short=0,0,0,0 dropped=0,0,0,0
     latency   : target=0, window=0, percentile=100.00%, depth=8

Run status group 0 (all jobs):
   READ: bw=404MiB/s (423MB/s), 404MiB/s-404MiB/s (423MB/s-423MB/s), io=23.7GiB (25.4GB), run=60007-60007msec
