randread_4k_8_2: (g=0): rw=randread, bs=(R) 4096B-4096B, (W) 4096B-4096B, (T) 4096B-4096B, ioengine=io_uring, iodepth=8
...
fio-3.28
Starting 2 threads

randread_4k_8_2: (groupid=0, jobs=2): err= 0: pid=18866: Mon Feb 27 17:02:16 2023
  read: IOPS=59.5k, BW=232MiB/s (244MB/s)(13.6GiB/60001msec)
    slat (nsec): min=3279, max=71500, avg=5420.66, stdev=915.34
    clat (usec): min=79, max=22342, avg=262.65, stdev=224.71
     lat (usec): min=89, max=22348, avg=268.19, stdev=224.67
    clat percentiles (usec):
     |  1.00th=[  153],  5.00th=[  186], 10.00th=[  202], 20.00th=[  221],
     | 30.00th=[  233], 40.00th=[  245], 50.00th=[  255], 60.00th=[  265],
     | 70.00th=[  277], 80.00th=[  293], 90.00th=[  314], 95.00th=[  338],
     | 99.00th=[  469], 99.50th=[  578], 99.90th=[  775], 99.95th=[  881],
     | 99.99th=[14222]
   bw (  KiB/s): min=208736, max=297008, per=100.00%, avg=237921.51, stdev=8317.79, samples=240
   iops        : min=52184, max=74252, avg=59480.37, stdev=2079.47, samples=240
  lat (usec)   : 100=0.01%, 250=44.95%, 500=54.19%, 750=0.71%, 1000=0.09%
  lat (msec)   : 2=0.01%, 4=0.01%, 10=0.01%, 20=0.02%, 50=0.01%
  cpu          : usr=6.95%, sys=23.18%, ctx=2368656, majf=0, minf=0
  IO depths    : 1=0.0%, 2=0.0%, 4=0.0%, 8=100.0%, 16=0.0%, 32=0.0%, >=64=0.0%
     submit    : 0=0.0%, 4=100.0%, 8=0.0%, 16=0.0%, 32=0.0%, 64=0.0%, >=64=0.0%
     complete  : 0=0.0%, 4=100.0%, 8=0.1%, 16=0.0%, 32=0.0%, 64=0.0%, >=64=0.0%
     issued rwts: total=3568644,0,0,0 short=0,0,0,0 dropped=0,0,0,0
     latency   : target=0, window=0, percentile=100.00%, depth=8

Run status group 0 (all jobs):
   READ: bw=232MiB/s (244MB/s), 232MiB/s-232MiB/s (244MB/s-244MB/s), io=13.6GiB (14.6GB), run=60001-60001msec
