randread_16k_4_2: (g=0): rw=randread, bs=(R) 16.0KiB-16.0KiB, (W) 16.0KiB-16.0KiB, (T) 16.0KiB-16.0KiB, ioengine=io_uring, iodepth=4
...
fio-3.28
Starting 2 threads

randread_16k_4_2: (groupid=0, jobs=2): err= 0: pid=19442: Mon Feb 27 17:19:51 2023
  read: IOPS=33.4k, BW=521MiB/s (547MB/s)(30.5GiB/60001msec)
    slat (nsec): min=4339, max=72094, avg=6607.38, stdev=774.81
    clat (usec): min=94, max=48068, avg=232.37, stdev=1085.00
     lat (usec): min=104, max=48075, avg=239.09, stdev=1085.00
    clat percentiles (usec):
     |  1.00th=[  125],  5.00th=[  143], 10.00th=[  153], 20.00th=[  167],
     | 30.00th=[  178], 40.00th=[  186], 50.00th=[  196], 60.00th=[  206],
     | 70.00th=[  219], 80.00th=[  235], 90.00th=[  265], 95.00th=[  289],
     | 99.00th=[  363], 99.50th=[  433], 99.90th=[  701], 99.95th=[41681],
     | 99.99th=[46924]
   bw (  KiB/s): min=39008, max=655584, per=100.00%, avg=533731.38, stdev=45771.69, samples=240
   iops        : min= 2438, max=40974, avg=33358.20, stdev=2860.73, samples=240
  lat (usec)   : 100=0.01%, 250=86.33%, 500=13.38%, 750=0.18%, 1000=0.01%
  lat (msec)   : 2=0.01%, 4=0.01%, 10=0.01%, 20=0.03%, 50=0.06%
  cpu          : usr=4.00%, sys=15.76%, ctx=1619406, majf=0, minf=0
  IO depths    : 1=0.0%, 2=0.0%, 4=100.0%, 8=0.0%, 16=0.0%, 32=0.0%, >=64=0.0%
     submit    : 0=0.0%, 4=100.0%, 8=0.0%, 16=0.0%, 32=0.0%, 64=0.0%, >=64=0.0%
     complete  : 0=0.0%, 4=100.0%, 8=0.0%, 16=0.0%, 32=0.0%, 64=0.0%, >=64=0.0%
     issued rwts: total=2001386,0,0,0 short=0,0,0,0 dropped=0,0,0,0
     latency   : target=0, window=0, percentile=100.00%, depth=4

Run status group 0 (all jobs):
   READ: bw=521MiB/s (547MB/s), 521MiB/s-521MiB/s (547MB/s-547MB/s), io=30.5GiB (32.8GB), run=60001-60001msec
