randwrite_4k_64_2: (g=0): rw=randwrite, bs=(R) 4096B-4096B, (W) 4096B-4096B, (T) 4096B-4096B, ioengine=io_uring, iodepth=64
...
fio-3.28
Starting 2 threads

randwrite_4k_64_2: (groupid=0, jobs=2): err= 0: pid=21167: Mon Feb 27 18:11:35 2023
  write: IOPS=51.0k, BW=199MiB/s (209MB/s)(11.7GiB/60088msec); 0 zone resets
    slat (usec): min=3, max=367, avg= 6.86, stdev= 1.48
    clat (usec): min=15, max=6704.2k, avg=2528.77, stdev=56035.61
     lat (usec): min=93, max=6704.2k, avg=2535.76, stdev=56035.62
    clat percentiles (usec):
     |  1.00th=[    119],  5.00th=[    149], 10.00th=[    167],
     | 20.00th=[    184], 30.00th=[    198], 40.00th=[    208],
     | 50.00th=[    219], 60.00th=[    227], 70.00th=[    239],
     | 80.00th=[    255], 90.00th=[    293], 95.00th=[    351],
     | 99.00th=[    478], 99.50th=[    619], 99.90th=[ 918553],
     | 99.95th=[1300235], 99.99th=[2365588]
   bw (  KiB/s): min=137408, max=279472, per=100.00%, avg=204148.95, stdev=13756.43, samples=240
   iops        : min=34352, max=69868, avg=51037.21, stdev=3439.11, samples=240
  lat (usec)   : 20=0.01%, 100=0.06%, 250=77.82%, 500=21.26%, 750=0.54%
  lat (usec)   : 1000=0.06%
  lat (msec)   : 2=0.01%, 4=0.01%, 10=0.01%, 20=0.01%, 50=0.01%
  lat (msec)   : 100=0.01%, 250=0.01%, 500=0.07%, 750=0.06%, 1000=0.03%
  lat (msec)   : 2000=0.06%, >=2000=0.02%
  cpu          : usr=6.10%, sys=23.36%, ctx=1992903, majf=0, minf=0
  IO depths    : 1=0.0%, 2=0.0%, 4=0.0%, 8=0.0%, 16=0.0%, 32=0.0%, >=64=100.0%
     submit    : 0=0.0%, 4=100.0%, 8=0.0%, 16=0.0%, 32=0.0%, 64=0.0%, >=64=0.0%
     complete  : 0=0.0%, 4=100.0%, 8=0.0%, 16=0.0%, 32=0.0%, 64=0.1%, >=64=0.0%
     issued rwts: total=0,3062076,0,0 short=0,0,0,0 dropped=0,0,0,0
     latency   : target=0, window=0, percentile=100.00%, depth=64

Run status group 0 (all jobs):
  WRITE: bw=199MiB/s (209MB/s), 199MiB/s-199MiB/s (209MB/s-209MB/s), io=11.7GiB (12.5GB), run=60088-60088msec
