randread_8k_32_2: (g=0): rw=randread, bs=(R) 8192B-8192B, (W) 8192B-8192B, (T) 8192B-8192B, ioengine=io_uring, iodepth=32
...
fio-3.28
Starting 2 threads

randread_8k_32_2: (groupid=0, jobs=2): err= 0: pid=19247: Mon Feb 27 17:14:00 2023
  read: IOPS=50.3k, BW=393MiB/s (412MB/s)(23.1GiB/60045msec)
    slat (nsec): min=3527, max=366953, avg=5632.68, stdev=895.98
    clat (nsec): min=325, max=3836.2M, avg=1274152.51, stdev=28599169.46
     lat (usec): min=93, max=3836.2k, avg=1279.91, stdev=28599.16
    clat percentiles (usec):
     |  1.00th=[    133],  5.00th=[    159], 10.00th=[    174],
     | 20.00th=[    190], 30.00th=[    202], 40.00th=[    215],
     | 50.00th=[    223], 60.00th=[    233], 70.00th=[    243],
     | 80.00th=[    258], 90.00th=[    281], 95.00th=[    310],
     | 99.00th=[    457], 99.50th=[    594], 99.90th=[ 429917],
     | 99.95th=[ 650118], 99.99th=[1266680]
   bw (  KiB/s): min=279200, max=512208, per=100.00%, avg=402902.71, stdev=25085.86, samples=240
   iops        : min=34900, max=64026, avg=50362.82, stdev=3135.72, samples=240
  lat (nsec)   : 500=0.01%
  lat (usec)   : 20=0.01%, 100=0.05%, 250=75.06%, 500=24.09%, 750=0.53%
  lat (usec)   : 1000=0.04%
  lat (msec)   : 2=0.01%, 10=0.01%, 20=0.03%, 50=0.01%, 100=0.01%
  lat (msec)   : 250=0.05%, 500=0.07%, 750=0.04%, 1000=0.02%, 2000=0.02%
  lat (msec)   : >=2000=0.01%
  cpu          : usr=5.29%, sys=20.95%, ctx=2222269, majf=0, minf=0
  IO depths    : 1=0.0%, 2=0.0%, 4=0.0%, 8=0.0%, 16=0.0%, 32=100.0%, >=64=0.0%
     submit    : 0=0.0%, 4=100.0%, 8=0.0%, 16=0.0%, 32=0.0%, 64=0.0%, >=64=0.0%
     complete  : 0=0.0%, 4=100.0%, 8=0.0%, 16=0.0%, 32=0.1%, 64=0.0%, >=64=0.0%
     issued rwts: total=3021594,0,0,0 short=0,0,0,0 dropped=0,0,0,0
     latency   : target=0, window=0, percentile=100.00%, depth=32

Run status group 0 (all jobs):
   READ: bw=393MiB/s (412MB/s), 393MiB/s-393MiB/s (412MB/s-412MB/s), io=23.1GiB (24.8GB), run=60045-60045msec
