randread_32k_4_2: (g=0): rw=randread, bs=(R) 32.0KiB-32.0KiB, (W) 32.0KiB-32.0KiB, (T) 32.0KiB-32.0KiB, ioengine=io_uring, iodepth=4
...
fio-3.28
Starting 2 threads

randread_32k_4_2: (groupid=0, jobs=2): err= 0: pid=19749: Mon Feb 27 17:29:15 2023
  read: IOPS=22.1k, BW=691MiB/s (725MB/s)(40.5GiB/60002msec)
    slat (nsec): min=3762, max=72035, avg=7423.24, stdev=1067.05
    clat (usec): min=98, max=680139, avg=353.31, stdev=4294.98
     lat (usec): min=115, max=680146, avg=360.86, stdev=4294.97
    clat percentiles (usec):
     |  1.00th=[   124],  5.00th=[   135], 10.00th=[   143], 20.00th=[   153],
     | 30.00th=[   161], 40.00th=[   169], 50.00th=[   178], 60.00th=[   188],
     | 70.00th=[   200], 80.00th=[   217], 90.00th=[   251], 95.00th=[   277],
     | 99.00th=[   359], 99.50th=[   433], 99.90th=[ 47973], 99.95th=[ 88605],
     | 99.99th=[183501]
   bw (  KiB/s): min=287488, max=1053824, per=100.00%, avg=708133.77, stdev=61706.60, samples=240
   iops        : min= 8984, max=32932, avg=22129.15, stdev=1928.33, samples=240
  lat (usec)   : 100=0.01%, 250=89.84%, 500=9.81%, 750=0.06%, 1000=0.01%
  lat (msec)   : 2=0.01%, 4=0.01%, 10=0.01%, 20=0.06%, 50=0.15%
  lat (msec)   : 100=0.05%, 250=0.04%, 500=0.01%, 750=0.01%
  cpu          : usr=2.84%, sys=11.69%, ctx=1227365, majf=0, minf=0
  IO depths    : 1=0.0%, 2=0.0%, 4=100.0%, 8=0.0%, 16=0.0%, 32=0.0%, >=64=0.0%
     submit    : 0=0.0%, 4=100.0%, 8=0.0%, 16=0.0%, 32=0.0%, 64=0.0%, >=64=0.0%
     complete  : 0=0.0%, 4=100.0%, 8=0.0%, 16=0.0%, 32=0.0%, 64=0.0%, >=64=0.0%
     issued rwts: total=1327675,0,0,0 short=0,0,0,0 dropped=0,0,0,0
     latency   : target=0, window=0, percentile=100.00%, depth=4

Run status group 0 (all jobs):
   READ: bw=691MiB/s (725MB/s), 691MiB/s-691MiB/s (725MB/s-725MB/s), io=40.5GiB (43.5GB), run=60002-60002msec
