randwrite_1_4_2: (g=0): rw=randwrite, bs=(R) 1B-1B, (W) 1B-1B, (T) 1B-1B, ioengine=io_uring, iodepth=4
...
fio-3.28
Starting 2 threads

randwrite_1_4_2: (groupid=0, jobs=2): err= 0: pid=20678: Mon Feb 27 17:57:30 2023
  write: IOPS=55.3k, BW=54.0KiB/s (55.3kB/s)(3241KiB/60001msec); 0 zone resets
    slat (nsec): min=4002, max=43922, avg=6559.08, stdev=1228.94
    clat (usec): min=55, max=25350, avg=137.20, stdev=142.52
     lat (usec): min=77, max=25357, avg=143.88, stdev=142.54
    clat percentiles (usec):
     |  1.00th=[   96],  5.00th=[  106], 10.00th=[  111], 20.00th=[  116],
     | 30.00th=[  121], 40.00th=[  125], 50.00th=[  129], 60.00th=[  135],
     | 70.00th=[  141], 80.00th=[  151], 90.00th=[  169], 95.00th=[  188],
     | 99.00th=[  241], 99.50th=[  334], 99.90th=[  545], 99.95th=[  627],
     | 99.99th=[ 1188]
   bw (  KiB/s): min=   46, max=   56, per=98.12%, avg=53.17, stdev= 1.44, samples=240
   iops        : min=47992, max=58488, avg=55314.63, stdev=1410.22, samples=240
  lat (usec)   : 100=2.03%, 250=97.07%, 500=0.76%, 750=0.13%, 1000=0.01%
  lat (msec)   : 2=0.01%, 10=0.01%, 20=0.01%, 50=0.01%
  cpu          : usr=6.32%, sys=25.86%, ctx=2505372, majf=0, minf=0
  IO depths    : 1=0.0%, 2=0.0%, 4=100.0%, 8=0.0%, 16=0.0%, 32=0.0%, >=64=0.0%
     submit    : 0=0.0%, 4=100.0%, 8=0.0%, 16=0.0%, 32=0.0%, 64=0.0%, >=64=0.0%
     complete  : 0=0.0%, 4=100.0%, 8=0.0%, 16=0.0%, 32=0.0%, 64=0.0%, >=64=0.0%
     issued rwts: total=0,3318727,0,0 short=0,0,0,0 dropped=0,0,0,0
     latency   : target=0, window=0, percentile=100.00%, depth=4

Run status group 0 (all jobs):
  WRITE: bw=54.0KiB/s (55.3kB/s), 54.0KiB/s-54.0KiB/s (55.3kB/s-55.3kB/s), io=3241KiB (3319kB), run=60001-60001msec
