randread_32k_128_16: (g=0): rw=randread, bs=(R) 32.0KiB-32.0KiB, (W) 32.0KiB-32.0KiB, (T) 32.0KiB-32.0KiB, ioengine=io_uring, iodepth=128
...
fio-3.28
Starting 16 threads
randread_32k_128_16: Laying out IO file (1 file / 5120MiB)
randread_32k_128_16: Laying out IO file (1 file / 5120MiB)
randread_32k_128_16: Laying out IO file (1 file / 5120MiB)
randread_32k_128_16: Laying out IO file (1 file / 5120MiB)
randread_32k_128_16: Laying out IO file (1 file / 5120MiB)
randread_32k_128_16: Laying out IO file (1 file / 5120MiB)
randread_32k_128_16: Laying out IO file (1 file / 5120MiB)
randread_32k_128_16: Laying out IO file (1 file / 5120MiB)

randread_32k_128_16: (groupid=0, jobs=16): err=38 (file:filesetup.c:174, func=open, error=Function not implemented): pid=23144: Mon Feb 27 19:11:47 2023
  read: IOPS=16.5k, BW=516MiB/s (541MB/s)(32.9GiB/65355msec)
    slat (usec): min=4, max=366, avg= 7.80, stdev= 1.04
    clat (nsec): min=397, max=75354M, avg=68773667.34, stdev=1596386563.18
     lat (usec): min=117, max=75354k, avg=68781.60, stdev=1596386.68
    clat percentiles (usec):
     |  1.00th=[     124],  5.00th=[     139], 10.00th=[     151],
     | 20.00th=[     163], 30.00th=[     172], 40.00th=[     182],
     | 50.00th=[     192], 60.00th=[     202], 70.00th=[     215],
     | 80.00th=[     231], 90.00th=[     260], 95.00th=[     285],
     | 99.00th=[     371], 99.50th=[   12780], 99.90th=[17112761],
     | 99.95th=[17112761], 99.99th=[17112761]
   bw (  MiB/s): min=   37, max= 3272, per=100.00%, avg=1185.68, stdev=95.91, samples=475
   iops        : min= 1208, max=104734, avg=37941.53, stdev=3069.13, samples=475
  lat (nsec)   : 500=0.01%
  lat (usec)   : 250=87.69%, 500=11.80%, 750=0.09%, 1000=0.01%
  lat (msec)   : 4=0.01%, 10=0.01%, 20=0.03%, 50=0.19%, 500=0.01%
  lat (msec)   : 750=0.01%, 1000=0.01%, 2000=0.01%, >=2000=0.28%
  cpu          : usr=0.52%, sys=2.33%, ctx=1015016, majf=0, minf=0
  IO depths    : 1=0.0%, 2=0.0%, 4=0.0%, 8=0.0%, 16=0.0%, 32=0.0%, >=64=100.0%
     submit    : 0=0.0%, 4=100.0%, 8=0.0%, 16=0.0%, 32=0.0%, 64=0.0%, >=64=0.0%
     complete  : 0=0.0%, 4=100.0%, 8=0.0%, 16=0.0%, 32=0.0%, 64=0.0%, >=64=0.1%
     issued rwts: total=1077543,0,0,0 short=0,0,0,0 dropped=0,0,0,0
     latency   : target=0, window=0, percentile=100.00%, depth=128

Run status group 0 (all jobs):
   READ: bw=516MiB/s (541MB/s), 516MiB/s-516MiB/s (541MB/s-541MB/s), io=32.9GiB (35.3GB), run=65355-65355msec
