randwrite_8k_64_2: (g=0): rw=randwrite, bs=(R) 8192B-8192B, (W) 8192B-8192B, (T) 8192B-8192B, ioengine=io_uring, iodepth=64
...
fio-3.28
Starting 2 threads

randwrite_8k_64_2: (groupid=0, jobs=2): err= 0: pid=21474: Mon Feb 27 18:20:58 2023
  write: IOPS=40.3k, BW=315MiB/s (330MB/s)(18.5GiB/60116msec); 0 zone resets
    slat (usec): min=4, max=369, avg= 7.20, stdev= 1.48
    clat (nsec): min=386, max=9832.1M, avg=3217584.00, stdev=75688810.67
     lat (usec): min=102, max=9832.2k, avg=3224.90, stdev=75688.81
    clat percentiles (usec):
     |  1.00th=[    127],  5.00th=[    153], 10.00th=[    174],
     | 20.00th=[    192], 30.00th=[    204], 40.00th=[    215],
     | 50.00th=[    225], 60.00th=[    237], 70.00th=[    253],
     | 80.00th=[    281], 90.00th=[    330], 95.00th=[    363],
     | 99.00th=[    465], 99.50th=[    619], 99.90th=[1166017],
     | 99.95th=[1769997], 99.99th=[3238003]
   bw (  KiB/s): min=183792, max=455200, per=100.00%, avg=323203.14, stdev=22151.44, samples=240
   iops        : min=22974, max=56900, avg=40400.34, stdev=2768.92, samples=240
  lat (nsec)   : 500=0.01%
  lat (usec)   : 100=0.01%, 250=68.17%, 500=31.00%, 750=0.51%, 1000=0.06%
  lat (msec)   : 2=0.01%, 10=0.01%, 20=0.01%, 250=0.01%, 500=0.01%
  lat (msec)   : 750=0.10%, 1000=0.01%, 2000=0.09%, >=2000=0.04%
  cpu          : usr=4.51%, sys=19.77%, ctx=1714431, majf=0, minf=0
  IO depths    : 1=0.0%, 2=0.0%, 4=0.0%, 8=0.0%, 16=0.0%, 32=0.0%, >=64=100.0%
     submit    : 0=0.0%, 4=100.0%, 8=0.0%, 16=0.0%, 32=0.0%, 64=0.0%, >=64=0.0%
     complete  : 0=0.0%, 4=100.0%, 8=0.0%, 16=0.0%, 32=0.0%, 64=0.1%, >=64=0.0%
     issued rwts: total=0,2423914,0,0 short=0,0,0,0 dropped=0,0,0,0
     latency   : target=0, window=0, percentile=100.00%, depth=64

Run status group 0 (all jobs):
  WRITE: bw=315MiB/s (330MB/s), 315MiB/s-315MiB/s (330MB/s-330MB/s), io=18.5GiB (19.9GB), run=60116-60116msec
