randread_32k_64_2: (g=0): rw=randread, bs=(R) 32.0KiB-32.0KiB, (W) 32.0KiB-32.0KiB, (T) 32.0KiB-32.0KiB, ioengine=io_uring, iodepth=64
...
fio-3.28
Starting 2 threads

randread_32k_64_2: (groupid=0, jobs=2): err= 0: pid=19910: Mon Feb 27 17:33:56 2023
  read: IOPS=18.4k, BW=574MiB/s (602MB/s)(33.7GiB/60221msec)
    slat (nsec): min=4893, max=73278, avg=7983.23, stdev=795.58
    clat (usec): min=112, max=19736k, avg=7188.23, stdev=186120.49
     lat (usec): min=120, max=19736k, avg=7196.41, stdev=186120.47
    clat percentiles (usec):
     |  1.00th=[    128],  5.00th=[    141], 10.00th=[    149],
     | 20.00th=[    161], 30.00th=[    172], 40.00th=[    180],
     | 50.00th=[    190], 60.00th=[    202], 70.00th=[    215],
     | 80.00th=[    231], 90.00th=[    260], 95.00th=[    289],
     | 99.00th=[    367], 99.50th=[    490], 99.90th=[2566915],
     | 99.95th=[4328522], 99.99th=[8355054]
   bw (  KiB/s): min=181312, max=1073792, per=100.00%, avg=589579.23, stdev=90638.13, samples=240
   iops        : min= 5666, max=33556, avg=18424.31, stdev=2832.43, samples=240
  lat (usec)   : 250=87.27%, 500=12.25%, 750=0.09%, 1000=0.01%
  lat (msec)   : 10=0.01%, 20=0.02%, 50=0.14%, 250=0.01%, 500=0.01%
  lat (msec)   : 750=0.01%, 1000=0.05%, 2000=0.05%, >=2000=0.12%
  cpu          : usr=2.41%, sys=10.38%, ctx=1010188, majf=0, minf=0
  IO depths    : 1=0.0%, 2=0.0%, 4=0.0%, 8=0.0%, 16=0.0%, 32=0.0%, >=64=100.0%
     submit    : 0=0.0%, 4=100.0%, 8=0.0%, 16=0.0%, 32=0.0%, 64=0.0%, >=64=0.0%
     complete  : 0=0.0%, 4=100.0%, 8=0.0%, 16=0.0%, 32=0.0%, 64=0.1%, >=64=0.0%
     issued rwts: total=1105402,0,0,0 short=0,0,0,0 dropped=0,0,0,0
     latency   : target=0, window=0, percentile=100.00%, depth=64

Run status group 0 (all jobs):
   READ: bw=574MiB/s (602MB/s), 574MiB/s-574MiB/s (602MB/s-602MB/s), io=33.7GiB (36.2GB), run=60221-60221msec
