randwrite_4k_128_4: (g=0): rw=randwrite, bs=(R) 4096B-4096B, (W) 4096B-4096B, (T) 4096B-4096B, ioengine=io_uring, iodepth=128
...
fio-3.28
Starting 4 threads

randwrite_4k_128_4: (groupid=0, jobs=4): err= 0: pid=17324: Tue Feb 28 05:25:55 2023
  write: IOPS=245k, BW=958MiB/s (1004MB/s)(56.1GiB/60030msec); 0 zone resets
    slat (usec): min=2, max=268, avg= 5.27, stdev= 1.69
    clat (usec): min=112, max=4200.4k, avg=2091.24, stdev=37795.64
     lat (usec): min=276, max=4200.4k, avg=2096.59, stdev=37795.64
    clat percentiles (usec):
     |  1.00th=[    367],  5.00th=[    383], 10.00th=[    388],
     | 20.00th=[    396], 30.00th=[    400], 40.00th=[    408],
     | 50.00th=[    412], 60.00th=[    416], 70.00th=[    420],
     | 80.00th=[    424], 90.00th=[    433], 95.00th=[    441],
     | 99.00th=[    461], 99.50th=[    474], 99.90th=[ 624952],
     | 99.95th=[ 675283], 99.99th=[1300235]
   bw (  KiB/s): min=785192, max=1196537, per=100.00%, avg=981382.11, stdev=18246.31, samples=480
   iops        : min=196298, max=299134, avg=245345.43, stdev=4561.58, samples=480
  lat (usec)   : 250=0.01%, 500=99.74%, 750=0.03%, 1000=0.01%
  lat (msec)   : 2=0.01%, 50=0.01%, 100=0.01%, 250=0.01%, 500=0.01%
  lat (msec)   : 750=0.19%, 1000=0.01%, 2000=0.04%, >=2000=0.01%
  cpu          : usr=9.42%, sys=39.58%, ctx=9087361, majf=0, minf=0
  IO depths    : 1=0.0%, 2=0.0%, 4=0.0%, 8=0.0%, 16=0.0%, 32=0.0%, >=64=100.0%
     submit    : 0=0.0%, 4=100.0%, 8=0.0%, 16=0.0%, 32=0.0%, 64=0.0%, >=64=0.0%
     complete  : 0=0.0%, 4=100.0%, 8=0.0%, 16=0.0%, 32=0.0%, 64=0.0%, >=64=0.1%
     issued rwts: total=0,14718819,0,0 short=0,0,0,0 dropped=0,0,0,0
     latency   : target=0, window=0, percentile=100.00%, depth=128

Run status group 0 (all jobs):
  WRITE: bw=958MiB/s (1004MB/s), 958MiB/s-958MiB/s (1004MB/s-1004MB/s), io=56.1GiB (60.3GB), run=60030-60030msec
