randread_1_1_2: (g=0): rw=randread, bs=(R) 1B-1B, (W) 1B-1B, (T) 1B-1B, ioengine=io_uring, iodepth=1
...
fio-3.28
Starting 2 threads

randread_1_1_2: (groupid=0, jobs=2): err= 0: pid=6005: Tue Feb 28 02:13:36 2023
  read: IOPS=50.7k, BW=49.5KiB/s (50.7kB/s)(2969KiB/60001msec)
    slat (nsec): min=3118, max=47022, avg=4126.16, stdev=1202.43
    clat (nsec): min=380, max=1565.5k, avg=34681.19, stdev=11270.02
     lat (usec): min=32, max=1569, avg=38.88, stdev=11.34
    clat percentiles (usec):
     |  1.00th=[   31],  5.00th=[   31], 10.00th=[   32], 20.00th=[   32],
     | 30.00th=[   32], 40.00th=[   32], 50.00th=[   32], 60.00th=[   32],
     | 70.00th=[   33], 80.00th=[   33], 90.00th=[   39], 95.00th=[   49],
     | 99.00th=[   92], 99.50th=[   94], 99.90th=[  106], 99.95th=[  110],
     | 99.99th=[  125]
   bw (  KiB/s): min=   42, max=   48, per=94.99%, avg=47.93, stdev= 0.29, samples=240
   iops        : min=44808, max=50970, avg=50675.05, stdev=287.63, samples=240
  lat (nsec)   : 500=0.01%
  lat (usec)   : 10=0.01%, 20=0.01%, 50=95.13%, 100=4.67%, 250=0.20%
  lat (usec)   : 500=0.01%, 750=0.01%, 1000=0.01%
  lat (msec)   : 2=0.01%
  cpu          : usr=4.97%, sys=16.56%, ctx=3040050, majf=0, minf=0
  IO depths    : 1=100.0%, 2=0.0%, 4=0.0%, 8=0.0%, 16=0.0%, 32=0.0%, >=64=0.0%
     submit    : 0=0.0%, 4=100.0%, 8=0.0%, 16=0.0%, 32=0.0%, 64=0.0%, >=64=0.0%
     complete  : 0=0.0%, 4=100.0%, 8=0.0%, 16=0.0%, 32=0.0%, 64=0.0%, >=64=0.0%
     issued rwts: total=3040044,0,0,0 short=0,0,0,0 dropped=0,0,0,0
     latency   : target=0, window=0, percentile=100.00%, depth=1

Run status group 0 (all jobs):
   READ: bw=49.5KiB/s (50.7kB/s), 49.5KiB/s-49.5KiB/s (50.7kB/s-50.7kB/s), io=2969KiB (3040kB), run=60001-60001msec
