randread_4k_256_2: (g=0): rw=randread, bs=(R) 4096B-4096B, (W) 4096B-4096B, (T) 4096B-4096B, ioengine=io_uring, iodepth=256
...
fio-3.28
Starting 2 threads

randread_4k_256_2: (groupid=0, jobs=2): err= 0: pid=6698: Tue Feb 28 02:34:42 2023
  read: IOPS=328k, BW=1283MiB/s (1345MB/s)(75.2GiB/60015msec)
    slat (usec): min=2, max=497, avg= 5.09, stdev= 3.33
    clat (usec): min=193, max=195971, avg=1554.50, stdev=7699.27
     lat (usec): min=262, max=195976, avg=1559.68, stdev=7699.24
    clat percentiles (usec):
     |  1.00th=[   367],  5.00th=[   375], 10.00th=[   379], 20.00th=[   388],
     | 30.00th=[   392], 40.00th=[   396], 50.00th=[   400], 60.00th=[   408],
     | 70.00th=[   412], 80.00th=[   424], 90.00th=[   449], 95.00th=[   529],
     | 99.00th=[ 51119], 99.50th=[ 59507], 99.90th=[ 72877], 99.95th=[ 80217],
     | 99.99th=[103285]
   bw (  MiB/s): min= 1225, max= 1321, per=100.00%, avg=1283.07, stdev= 9.43, samples=240
   iops        : min=313602, max=338182, avg=328466.07, stdev=2414.81, samples=240
  lat (usec)   : 250=0.01%, 500=93.89%, 750=3.24%, 1000=0.06%
  lat (msec)   : 2=0.48%, 4=0.05%, 10=0.01%, 20=0.01%, 50=1.25%
  lat (msec)   : 100=1.02%, 250=0.01%
  cpu          : usr=15.55%, sys=79.64%, ctx=778880, majf=0, minf=0
  IO depths    : 1=0.0%, 2=0.0%, 4=0.0%, 8=0.0%, 16=0.0%, 32=0.0%, >=64=100.0%
     submit    : 0=0.0%, 4=100.0%, 8=0.0%, 16=0.0%, 32=0.0%, 64=0.0%, >=64=0.0%
     complete  : 0=0.0%, 4=100.0%, 8=0.0%, 16=0.0%, 32=0.0%, 64=0.0%, >=64=0.1%
     issued rwts: total=19704535,0,0,0 short=0,0,0,0 dropped=0,0,0,0
     latency   : target=0, window=0, percentile=100.00%, depth=256

Run status group 0 (all jobs):
   READ: bw=1283MiB/s (1345MB/s), 1283MiB/s-1283MiB/s (1345MB/s-1345MB/s), io=75.2GiB (80.7GB), run=60015-60015msec
