randwrite_32k_32_2: (g=0): rw=randwrite, bs=(R) 32.0KiB-32.0KiB, (W) 32.0KiB-32.0KiB, (T) 32.0KiB-32.0KiB, ioengine=io_uring, iodepth=32
...
fio-3.28
Starting 2 threads

randwrite_32k_32_2: (groupid=0, jobs=2): err= 0: pid=13109: Tue Feb 28 04:28:26 2023
  write: IOPS=109k, BW=3391MiB/s (3556MB/s)(199GiB/60009msec); 0 zone resets
    slat (usec): min=2, max=414, avg= 9.55, stdev= 3.76
    clat (usec): min=100, max=196283, avg=579.58, stdev=2688.77
     lat (usec): min=121, max=196287, avg=589.27, stdev=2688.59
    clat percentiles (usec):
     |  1.00th=[  251],  5.00th=[  289], 10.00th=[  314], 20.00th=[  343],
     | 30.00th=[  359], 40.00th=[  371], 50.00th=[  379], 60.00th=[  388],
     | 70.00th=[  400], 80.00th=[  416], 90.00th=[  441], 95.00th=[  461],
     | 99.00th=[  537], 99.50th=[16450], 99.90th=[40633], 99.95th=[52167],
     | 99.99th=[76022]
   bw (  MiB/s): min= 3176, max= 3611, per=100.00%, avg=3392.18, stdev=51.70, samples=240
   iops        : min=101656, max=115576, avg=108549.68, stdev=1654.53, samples=240
  lat (usec)   : 250=0.91%, 500=97.26%, 750=1.06%, 1000=0.01%
  lat (msec)   : 2=0.01%, 10=0.10%, 20=0.19%, 50=0.42%, 100=0.05%
  lat (msec)   : 250=0.01%
  cpu          : usr=9.85%, sys=50.05%, ctx=800166, majf=0, minf=0
  IO depths    : 1=0.0%, 2=0.0%, 4=0.0%, 8=0.0%, 16=0.0%, 32=100.0%, >=64=0.0%
     submit    : 0=0.0%, 4=100.0%, 8=0.0%, 16=0.0%, 32=0.0%, 64=0.0%, >=64=0.0%
     complete  : 0=0.0%, 4=100.0%, 8=0.0%, 16=0.0%, 32=0.1%, 64=0.0%, >=64=0.0%
     issued rwts: total=0,6512023,0,0 short=0,0,0,0 dropped=0,0,0,0
     latency   : target=0, window=0, percentile=100.00%, depth=32

Run status group 0 (all jobs):
  WRITE: bw=3391MiB/s (3556MB/s), 3391MiB/s-3391MiB/s (3556MB/s-3556MB/s), io=199GiB (213GB), run=60009-60009msec
