randwrite_64k_16_2: (g=0): rw=randwrite, bs=(R) 64.0KiB-64.0KiB, (W) 64.0KiB-64.0KiB, (T) 64.0KiB-64.0KiB, ioengine=io_uring, iodepth=16
...
fio-3.28
Starting 2 threads

randwrite_64k_16_2: (groupid=0, jobs=2): err= 0: pid=13895: Tue Feb 28 04:39:00 2023
  write: IOPS=70.8k, BW=4424MiB/s (4639MB/s)(259GiB/60002msec); 0 zone resets
    slat (usec): min=4, max=215, avg=11.40, stdev= 3.96
    clat (usec): min=101, max=168330, avg=440.01, stdev=1784.60
     lat (usec): min=114, max=168337, avg=451.51, stdev=1784.51
    clat percentiles (usec):
     |  1.00th=[  265],  5.00th=[  285], 10.00th=[  302], 20.00th=[  314],
     | 30.00th=[  326], 40.00th=[  330], 50.00th=[  338], 60.00th=[  347],
     | 70.00th=[  355], 80.00th=[  367], 90.00th=[  388], 95.00th=[  408],
     | 99.00th=[  457], 99.50th=[  510], 99.90th=[32113], 99.95th=[40109],
     | 99.99th=[64226]
   bw (  MiB/s): min= 3831, max= 4675, per=100.00%, avg=4425.21, stdev=54.31, samples=240
   iops        : min=61298, max=74804, avg=70803.23, stdev=868.91, samples=240
  lat (usec)   : 250=0.35%, 500=99.12%, 750=0.08%, 1000=0.01%
  lat (msec)   : 2=0.01%, 4=0.01%, 10=0.09%, 20=0.13%, 50=0.20%
  lat (msec)   : 100=0.02%, 250=0.01%
  cpu          : usr=7.72%, sys=40.89%, ctx=1505773, majf=0, minf=0
  IO depths    : 1=0.0%, 2=0.0%, 4=0.0%, 8=0.0%, 16=100.0%, 32=0.0%, >=64=0.0%
     submit    : 0=0.0%, 4=100.0%, 8=0.0%, 16=0.0%, 32=0.0%, 64=0.0%, >=64=0.0%
     complete  : 0=0.0%, 4=100.0%, 8=0.0%, 16=0.1%, 32=0.0%, 64=0.0%, >=64=0.0%
     issued rwts: total=0,4247577,0,0 short=0,0,0,0 dropped=0,0,0,0
     latency   : target=0, window=0, percentile=100.00%, depth=16

Run status group 0 (all jobs):
  WRITE: bw=4424MiB/s (4639MB/s), 4424MiB/s-4424MiB/s (4639MB/s-4639MB/s), io=259GiB (278GB), run=60002-60002msec
