"randwrite_64k_32_1": (g=0): rw=randwrite, bs=(R) 64.0KiB-64.0KiB, (W) 64.0KiB-64.0KiB, (T) 64.0KiB-64.0KiB, ioengine=io_uring, iodepth=32
fio-3.28
Starting 1 thread

"randwrite_64k_32_1": (groupid=0, jobs=1): err= 0: pid=12411: Thu Aug 10 21:20:58 2023
  write: IOPS=21.5k, BW=1344MiB/s (1409MB/s)(78.7GiB/60002msec); 0 zone resets
    slat (nsec): min=3771, max=77949, avg=6709.24, stdev=1714.33
    clat (usec): min=222, max=42912, avg=1480.47, stdev=688.90
     lat (usec): min=229, max=42923, avg=1487.34, stdev=688.78
    clat percentiles (usec):
     |  1.00th=[  545],  5.00th=[ 1037], 10.00th=[ 1074], 20.00th=[ 1123],
     | 30.00th=[ 1172], 40.00th=[ 1205], 50.00th=[ 1237], 60.00th=[ 1287],
     | 70.00th=[ 1647], 80.00th=[ 1745], 90.00th=[ 2212], 95.00th=[ 2638],
     | 99.00th=[ 3556], 99.50th=[ 4047], 99.90th=[ 5669], 99.95th=[ 8586],
     | 99.99th=[22938]
   bw (  MiB/s): min=  503, max= 1398, per=100.00%, avg=1344.03, stdev=78.90, samples=120
   iops        : min= 8058, max=22372, avg=21504.44, stdev=1262.44, samples=120
  lat (usec)   : 250=0.01%, 500=0.12%, 750=2.58%, 1000=0.83%
  lat (msec)   : 2=82.62%, 4=13.31%, 10=0.49%, 20=0.02%, 50=0.02%
  cpu          : usr=7.53%, sys=14.19%, ctx=591027, majf=0, minf=0
  IO depths    : 1=0.0%, 2=0.0%, 4=0.0%, 8=0.0%, 16=0.0%, 32=100.0%, >=64=0.0%
     submit    : 0=0.0%, 4=100.0%, 8=0.0%, 16=0.0%, 32=0.0%, 64=0.0%, >=64=0.0%
     complete  : 0=0.0%, 4=100.0%, 8=0.0%, 16=0.0%, 32=0.1%, 64=0.0%, >=64=0.0%
     issued rwts: total=0,1290164,0,0 short=0,0,0,0 dropped=0,0,0,0
     latency   : target=0, window=0, percentile=100.00%, depth=32

Run status group 0 (all jobs):
  WRITE: bw=1344MiB/s (1409MB/s), 1344MiB/s-1344MiB/s (1409MB/s-1409MB/s), io=78.7GiB (84.6GB), run=60002-60002msec
