"randwrite_64k_64_1": (g=0): rw=randwrite, bs=(R) 64.0KiB-64.0KiB, (W) 64.0KiB-64.0KiB, (T) 64.0KiB-64.0KiB, ioengine=io_uring, iodepth=64
fio-3.28
Starting 1 thread

"randwrite_64k_64_1": (groupid=0, jobs=1): err= 0: pid=12608: Thu Aug 10 21:22:08 2023
  write: IOPS=21.2k, BW=1325MiB/s (1389MB/s)(77.6GiB/60003msec); 0 zone resets
    slat (usec): min=4, max=101, avg= 8.82, stdev= 2.00
    clat (usec): min=253, max=33413, avg=3009.62, stdev=1578.35
     lat (usec): min=263, max=33420, avg=3018.61, stdev=1578.23
    clat percentiles (usec):
     |  1.00th=[  562],  5.00th=[ 1893], 10.00th=[ 1958], 20.00th=[ 2040],
     | 30.00th=[ 2089], 40.00th=[ 2147], 50.00th=[ 2212], 60.00th=[ 2376],
     | 70.00th=[ 3490], 80.00th=[ 3687], 90.00th=[ 5014], 95.00th=[ 6325],
     | 99.00th=[ 8848], 99.50th=[ 9634], 99.90th=[12387], 99.95th=[13698],
     | 99.99th=[17695]
   bw (  MiB/s): min= 1207, max= 1451, per=100.00%, avg=1324.84, stdev=16.51, samples=120
   iops        : min=19316, max=23224, avg=21197.40, stdev=264.16, samples=120
  lat (usec)   : 500=0.08%, 750=2.25%, 1000=0.01%
  lat (msec)   : 2=12.08%, 4=69.50%, 10=15.65%, 20=0.44%, 50=0.01%
  cpu          : usr=11.35%, sys=15.19%, ctx=585882, majf=0, minf=0
  IO depths    : 1=0.0%, 2=0.0%, 4=0.0%, 8=0.0%, 16=0.0%, 32=0.0%, >=64=100.0%
     submit    : 0=0.0%, 4=100.0%, 8=0.0%, 16=0.0%, 32=0.0%, 64=0.0%, >=64=0.0%
     complete  : 0=0.0%, 4=100.0%, 8=0.0%, 16=0.0%, 32=0.0%, 64=0.1%, >=64=0.0%
     issued rwts: total=0,1271704,0,0 short=0,0,0,0 dropped=0,0,0,0
     latency   : target=0, window=0, percentile=100.00%, depth=64

Run status group 0 (all jobs):
  WRITE: bw=1325MiB/s (1389MB/s), 1325MiB/s-1325MiB/s (1389MB/s-1389MB/s), io=77.6GiB (83.3GB), run=60003-60003msec
