"randread_16k_64_1": (g=0): rw=randread, bs=(R) 16.0KiB-16.0KiB, (W) 16.0KiB-16.0KiB, (T) 16.0KiB-16.0KiB, ioengine=io_uring, iodepth=64
fio-3.28
Starting 1 thread

"randread_16k_64_1": (groupid=0, jobs=1): err= 0: pid=7051: Thu Aug 10 20:49:12 2023
  read: IOPS=86.0k, BW=1343MiB/s (1408MB/s)(78.7GiB/60001msec)
    slat (nsec): min=2182, max=93236, avg=3859.92, stdev=1465.15
    clat (usec): min=121, max=24800, avg=739.63, stdev=278.61
     lat (usec): min=128, max=24802, avg=743.67, stdev=278.08
    clat percentiles (usec):
     |  1.00th=[  343],  5.00th=[  392], 10.00th=[  424], 20.00th=[  506],
     | 30.00th=[  635], 40.00th=[  685], 50.00th=[  725], 60.00th=[  766],
     | 70.00th=[  807], 80.00th=[  889], 90.00th=[ 1045], 95.00th=[ 1172],
     | 99.00th=[ 1516], 99.50th=[ 1663], 99.90th=[ 2073], 99.95th=[ 2343],
     | 99.99th=[ 6783]
   bw (  MiB/s): min= 1240, max= 1399, per=100.00%, avg=1343.34, stdev=16.11, samples=120
   iops        : min=79386, max=89590, avg=85973.55, stdev=1030.76, samples=120
  lat (usec)   : 250=0.06%, 500=19.47%, 750=36.87%, 1000=31.16%
  lat (msec)   : 2=12.31%, 4=0.11%, 10=0.01%, 20=0.01%, 50=0.01%
  cpu          : usr=13.81%, sys=34.83%, ctx=614045, majf=0, minf=0
  IO depths    : 1=0.0%, 2=0.0%, 4=0.0%, 8=0.0%, 16=0.0%, 32=0.0%, >=64=100.0%
     submit    : 0=0.0%, 4=100.0%, 8=0.0%, 16=0.0%, 32=0.0%, 64=0.0%, >=64=0.0%
     complete  : 0=0.0%, 4=100.0%, 8=0.0%, 16=0.0%, 32=0.0%, 64=0.1%, >=64=0.0%
     issued rwts: total=5158033,0,0,0 short=0,0,0,0 dropped=0,0,0,0
     latency   : target=0, window=0, percentile=100.00%, depth=64

Run status group 0 (all jobs):
   READ: bw=1343MiB/s (1408MB/s), 1343MiB/s-1343MiB/s (1408MB/s-1408MB/s), io=78.7GiB (84.5GB), run=60001-60001msec
