"randwrite_4k_1_1": (g=0): rw=randwrite, bs=(R) 4096B-4096B, (W) 4096B-4096B, (T) 4096B-4096B, ioengine=io_uring, iodepth=1
fio-3.28
Starting 1 thread

"randwrite_4k_1_1": (groupid=0, jobs=1): err= 0: pid=13498: Thu Aug 10 21:28:06 2023
  write: IOPS=21.3k, BW=83.3MiB/s (87.4MB/s)(5000MiB/60001msec); 0 zone resets
    slat (nsec): min=4559, max=58721, avg=5502.36, stdev=581.98
    clat (usec): min=10, max=23552, avg=40.13, stdev=24.16
     lat (usec): min=40, max=23557, avg=45.80, stdev=24.17
    clat percentiles (usec):
     |  1.00th=[   37],  5.00th=[   38], 10.00th=[   38], 20.00th=[   38],
     | 30.00th=[   38], 40.00th=[   39], 50.00th=[   39], 60.00th=[   39],
     | 70.00th=[   39], 80.00th=[   39], 90.00th=[   40], 95.00th=[   44],
     | 99.00th=[   97], 99.50th=[  100], 99.90th=[  106], 99.95th=[  110],
     | 99.99th=[  133]
   bw (  KiB/s): min=80784, max=88568, per=100.00%, avg=85333.94, stdev=1538.37, samples=120
   iops        : min=20196, max=22142, avg=21333.47, stdev=384.59, samples=120
  lat (usec)   : 20=0.01%, 50=95.92%, 100=3.56%, 250=0.52%, 500=0.01%
  lat (usec)   : 750=0.01%, 1000=0.01%
  lat (msec)   : 2=0.01%, 4=0.01%, 50=0.01%
  cpu          : usr=6.64%, sys=18.79%, ctx=1279978, majf=0, minf=0
  IO depths    : 1=100.0%, 2=0.0%, 4=0.0%, 8=0.0%, 16=0.0%, 32=0.0%, >=64=0.0%
     submit    : 0=0.0%, 4=100.0%, 8=0.0%, 16=0.0%, 32=0.0%, 64=0.0%, >=64=0.0%
     complete  : 0=0.0%, 4=100.0%, 8=0.0%, 16=0.0%, 32=0.0%, 64=0.0%, >=64=0.0%
     issued rwts: total=0,1279926,0,0 short=0,0,0,0 dropped=0,0,0,0
     latency   : target=0, window=0, percentile=100.00%, depth=1

Run status group 0 (all jobs):
  WRITE: bw=83.3MiB/s (87.4MB/s), 83.3MiB/s-83.3MiB/s (87.4MB/s-87.4MB/s), io=5000MiB (5243MB), run=60001-60001msec
