"randread_4k_16_1": (g=0): rw=randread, bs=(R) 4096B-4096B, (W) 4096B-4096B, (T) 4096B-4096B, ioengine=io_uring, iodepth=16
fio-3.28
Starting 1 thread

"randread_4k_16_1": (groupid=0, jobs=1): err= 0: pid=5289: Thu Aug 10 20:38:37 2023
  read: IOPS=161k, BW=629MiB/s (660MB/s)(36.9GiB/60001msec)
    slat (nsec): min=2024, max=99678, avg=4270.28, stdev=1122.35
    clat (usec): min=24, max=24835, avg=93.73, stdev=72.85
     lat (usec): min=43, max=24837, avg=98.22, stdev=72.84
    clat percentiles (usec):
     |  1.00th=[   62],  5.00th=[   74], 10.00th=[   79], 20.00th=[   84],
     | 30.00th=[   87], 40.00th=[   89], 50.00th=[   91], 60.00th=[   93],
     | 70.00th=[   95], 80.00th=[   97], 90.00th=[  101], 95.00th=[  145],
     | 99.00th=[  169], 99.50th=[  178], 99.90th=[  196], 99.95th=[  273],
     | 99.99th=[ 1582]
   bw (  KiB/s): min=378880, max=697064, per=100.00%, avg=644527.89, stdev=32686.41, samples=120
   iops        : min=94720, max=174266, avg=161131.93, stdev=8171.61, samples=120
  lat (usec)   : 50=0.06%, 100=88.22%, 250=11.67%, 500=0.03%, 750=0.01%
  lat (usec)   : 1000=0.01%
  lat (msec)   : 2=0.01%, 4=0.01%, 10=0.01%, 20=0.01%, 50=0.01%
  cpu          : usr=28.83%, sys=66.41%, ctx=84853, majf=0, minf=0
  IO depths    : 1=0.0%, 2=0.0%, 4=0.0%, 8=0.0%, 16=100.0%, 32=0.0%, >=64=0.0%
     submit    : 0=0.0%, 4=100.0%, 8=0.0%, 16=0.0%, 32=0.0%, 64=0.0%, >=64=0.0%
     complete  : 0=0.0%, 4=100.0%, 8=0.0%, 16=0.1%, 32=0.0%, 64=0.0%, >=64=0.0%
     issued rwts: total=9667138,0,0,0 short=0,0,0,0 dropped=0,0,0,0
     latency   : target=0, window=0, percentile=100.00%, depth=16

Run status group 0 (all jobs):
   READ: bw=629MiB/s (660MB/s), 629MiB/s-629MiB/s (660MB/s-660MB/s), io=36.9GiB (39.6GB), run=60001-60001msec
