"randread_64k_32_1": (g=0): rw=randread, bs=(R) 64.0KiB-64.0KiB, (W) 64.0KiB-64.0KiB, (T) 64.0KiB-64.0KiB, ioengine=io_uring, iodepth=32
fio-3.28
Starting 1 thread

"randread_64k_32_1": (groupid=0, jobs=1): err= 0: pid=8287: Thu Aug 10 20:56:16 2023
  read: IOPS=19.9k, BW=1242MiB/s (1302MB/s)(72.8GiB/60001msec)
    slat (nsec): min=3029, max=66669, avg=5048.74, stdev=1082.90
    clat (usec): min=164, max=15344, avg=1604.34, stdev=625.50
     lat (usec): min=169, max=15348, avg=1609.52, stdev=625.45
    clat percentiles (usec):
     |  1.00th=[  701],  5.00th=[ 1139], 10.00th=[ 1156], 20.00th=[ 1188],
     | 30.00th=[ 1221], 40.00th=[ 1254], 50.00th=[ 1287], 60.00th=[ 1647],
     | 70.00th=[ 1729], 80.00th=[ 1860], 90.00th=[ 2311], 95.00th=[ 2769],
     | 99.00th=[ 3785], 99.50th=[ 4228], 99.90th=[ 5407], 99.95th=[ 6128],
     | 99.99th=[10683]
   bw (  MiB/s): min= 1200, max= 1354, per=100.00%, avg=1241.92, stdev=17.13, samples=120
   iops        : min=19212, max=21668, avg=19870.65, stdev=274.04, samples=120
  lat (usec)   : 250=0.01%, 500=0.03%, 750=1.14%, 1000=0.42%
  lat (msec)   : 2=79.08%, 4=18.57%, 10=0.74%, 20=0.01%
  cpu          : usr=5.75%, sys=13.10%, ctx=894311, majf=0, minf=0
  IO depths    : 1=0.0%, 2=0.0%, 4=0.0%, 8=0.0%, 16=0.0%, 32=100.0%, >=64=0.0%
     submit    : 0=0.0%, 4=100.0%, 8=0.0%, 16=0.0%, 32=0.0%, 64=0.0%, >=64=0.0%
     complete  : 0=0.0%, 4=100.0%, 8=0.0%, 16=0.0%, 32=0.1%, 64=0.0%, >=64=0.0%
     issued rwts: total=1192167,0,0,0 short=0,0,0,0 dropped=0,0,0,0
     latency   : target=0, window=0, percentile=100.00%, depth=32

Run status group 0 (all jobs):
   READ: bw=1242MiB/s (1302MB/s), 1242MiB/s-1242MiB/s (1302MB/s-1302MB/s), io=72.8GiB (78.1GB), run=60001-60001msec
