"randread_64k_4_1": (g=0): rw=randread, bs=(R) 64.0KiB-64.0KiB, (W) 64.0KiB-64.0KiB, (T) 64.0KiB-64.0KiB, ioengine=io_uring, iodepth=4
fio-3.28
Starting 1 thread

"randread_64k_4_1": (groupid=0, jobs=1): err= 0: pid=7698: Thu Aug 10 20:52:44 2023
  read: IOPS=21.0k, BW=1310MiB/s (1374MB/s)(76.8GiB/60001msec)
    slat (nsec): min=3786, max=61591, avg=6174.28, stdev=912.07
    clat (usec): min=88, max=23697, avg=183.42, stdev=72.42
     lat (usec): min=93, max=23704, avg=189.74, stdev=72.42
    clat percentiles (usec):
     |  1.00th=[  153],  5.00th=[  161], 10.00th=[  165], 20.00th=[  169],
     | 30.00th=[  172], 40.00th=[  176], 50.00th=[  178], 60.00th=[  180],
     | 70.00th=[  184], 80.00th=[  188], 90.00th=[  227], 95.00th=[  239],
     | 99.00th=[  251], 99.50th=[  258], 99.90th=[  269], 99.95th=[  281],
     | 99.99th=[ 1074]
   bw (  MiB/s): min= 1076, max= 1336, per=100.00%, avg=1310.41, stdev=22.41, samples=120
   iops        : min=17220, max=21376, avg=20966.59, stdev=358.56, samples=120
  lat (usec)   : 100=0.01%, 250=98.71%, 500=1.27%, 750=0.01%, 1000=0.01%
  lat (msec)   : 2=0.01%, 4=0.01%, 10=0.01%, 20=0.01%, 50=0.01%
  cpu          : usr=6.18%, sys=18.33%, ctx=1254402, majf=0, minf=0
  IO depths    : 1=0.0%, 2=0.0%, 4=100.0%, 8=0.0%, 16=0.0%, 32=0.0%, >=64=0.0%
     submit    : 0=0.0%, 4=100.0%, 8=0.0%, 16=0.0%, 32=0.0%, 64=0.0%, >=64=0.0%
     complete  : 0=0.0%, 4=100.0%, 8=0.0%, 16=0.0%, 32=0.0%, 64=0.0%, >=64=0.0%
     issued rwts: total=1257923,0,0,0 short=0,0,0,0 dropped=0,0,0,0
     latency   : target=0, window=0, percentile=100.00%, depth=4

Run status group 0 (all jobs):
   READ: bw=1310MiB/s (1374MB/s), 1310MiB/s-1310MiB/s (1374MB/s-1374MB/s), io=76.8GiB (82.4GB), run=60001-60001msec
