"randread_64k_64_1": (g=0): rw=randread, bs=(R) 64.0KiB-64.0KiB, (W) 64.0KiB-64.0KiB, (T) 64.0KiB-64.0KiB, ioengine=io_uring, iodepth=64
fio-3.28
Starting 1 thread

"randread_64k_64_1": (groupid=0, jobs=1): err= 0: pid=8483: Thu Aug 10 20:57:26 2023
  read: IOPS=19.6k, BW=1225MiB/s (1284MB/s)(71.8GiB/60002msec)
    slat (nsec): min=2971, max=73979, avg=4929.26, stdev=1098.44
    clat (usec): min=179, max=38143, avg=3260.60, stdev=1765.31
     lat (usec): min=184, max=38148, avg=3265.67, stdev=1765.27
    clat percentiles (usec):
     |  1.00th=[  709],  5.00th=[ 2040], 10.00th=[ 2073], 20.00th=[ 2114],
     | 30.00th=[ 2147], 40.00th=[ 2212], 50.00th=[ 2245], 60.00th=[ 3458],
     | 70.00th=[ 3589], 80.00th=[ 3851], 90.00th=[ 5211], 95.00th=[ 6587],
     | 99.00th=[ 9503], 99.50th=[10945], 99.90th=[14353], 99.95th=[15795],
     | 99.99th=[19006]
   bw (  MiB/s): min= 1205, max= 1302, per=100.00%, avg=1224.59, stdev=11.03, samples=120
   iops        : min=19282, max=20832, avg=19593.43, stdev=176.54, samples=120
  lat (usec)   : 250=0.01%, 500=0.01%, 750=1.19%, 1000=0.06%
  lat (msec)   : 2=1.75%, 4=77.48%, 10=18.67%, 20=0.85%, 50=0.01%
  cpu          : usr=4.70%, sys=13.42%, ctx=871909, majf=0, minf=0
  IO depths    : 1=0.0%, 2=0.0%, 4=0.0%, 8=0.0%, 16=0.0%, 32=0.0%, >=64=100.0%
     submit    : 0=0.0%, 4=100.0%, 8=0.0%, 16=0.0%, 32=0.0%, 64=0.0%, >=64=0.0%
     complete  : 0=0.0%, 4=100.0%, 8=0.0%, 16=0.0%, 32=0.0%, 64=0.1%, >=64=0.0%
     issued rwts: total=1175538,0,0,0 short=0,0,0,0 dropped=0,0,0,0
     latency   : target=0, window=0, percentile=100.00%, depth=64

Run status group 0 (all jobs):
   READ: bw=1225MiB/s (1284MB/s), 1225MiB/s-1225MiB/s (1284MB/s-1284MB/s), io=71.8GiB (77.0GB), run=60002-60002msec
