"randwrite_64k_64_1": (g=0): rw=randwrite, bs=(R) 64.0KiB-64.0KiB, (W) 64.0KiB-64.0KiB, (T) 64.0KiB-64.0KiB, ioengine=io_uring, iodepth=64
fio-3.28
Starting 1 thread

"randwrite_64k_64_1": (groupid=0, jobs=1): err= 0: pid=12607: Thu Aug 10 21:22:08 2023
  write: IOPS=21.3k, BW=1333MiB/s (1398MB/s)(78.1GiB/60003msec); 0 zone resets
    slat (nsec): min=3769, max=96435, avg=8658.66, stdev=1958.27
    clat (usec): min=246, max=117373, avg=2991.05, stdev=1626.45
     lat (usec): min=258, max=117381, avg=2999.87, stdev=1626.33
    clat percentiles (usec):
     |  1.00th=[  553],  5.00th=[ 1893], 10.00th=[ 1958], 20.00th=[ 2024],
     | 30.00th=[ 2073], 40.00th=[ 2114], 50.00th=[ 2180], 60.00th=[ 2343],
     | 70.00th=[ 3458], 80.00th=[ 3654], 90.00th=[ 5014], 95.00th=[ 6259],
     | 99.00th=[ 8848], 99.50th=[ 9634], 99.90th=[13042], 99.95th=[14877],
     | 99.99th=[28705]
   bw (  MiB/s): min=  814, max= 1455, per=100.00%, avg=1333.21, stdev=49.18, samples=120
   iops        : min=13036, max=23294, avg=21331.24, stdev=786.92, samples=120
  lat (usec)   : 250=0.01%, 500=0.08%, 750=2.17%, 1000=0.01%
  lat (msec)   : 2=13.62%, 4=68.19%, 10=15.47%, 20=0.44%, 50=0.02%
  lat (msec)   : 100=0.01%, 250=0.01%
  cpu          : usr=10.95%, sys=14.90%, ctx=585438, majf=0, minf=0
  IO depths    : 1=0.0%, 2=0.0%, 4=0.0%, 8=0.0%, 16=0.0%, 32=0.0%, >=64=100.0%
     submit    : 0=0.0%, 4=100.0%, 8=0.0%, 16=0.0%, 32=0.0%, 64=0.0%, >=64=0.0%
     complete  : 0=0.0%, 4=100.0%, 8=0.0%, 16=0.0%, 32=0.0%, 64=0.1%, >=64=0.0%
     issued rwts: total=0,1279692,0,0 short=0,0,0,0 dropped=0,0,0,0
     latency   : target=0, window=0, percentile=100.00%, depth=64

Run status group 0 (all jobs):
  WRITE: bw=1333MiB/s (1398MB/s), 1333MiB/s-1333MiB/s (1398MB/s-1398MB/s), io=78.1GiB (83.9GB), run=60003-60003msec
