randread_16k_8_2: (g=0): rw=randread, bs=(R) 16.0KiB-16.0KiB, (W) 16.0KiB-16.0KiB, (T) 16.0KiB-16.0KiB, ioengine=io_uring, iodepth=8
...
fio-3.28
Starting 2 threads

randread_16k_8_2: (groupid=0, jobs=2): err= 0: pid=27336: Tue Feb 28 12:47:06 2023
  read: IOPS=33.2k, BW=519MiB/s (544MB/s)(30.4GiB/60001msec)
    slat (usec): min=2, max=237, avg= 6.39, stdev= 3.12
    clat (usec): min=84, max=1467, avg=474.43, stdev=136.62
     lat (usec): min=97, max=1474, avg=480.93, stdev=136.69
    clat percentiles (usec):
     |  1.00th=[  202],  5.00th=[  269], 10.00th=[  306], 20.00th=[  351],
     | 30.00th=[  388], 40.00th=[  424], 50.00th=[  469], 60.00th=[  515],
     | 70.00th=[  553], 80.00th=[  594], 90.00th=[  652], 95.00th=[  701],
     | 99.00th=[  807], 99.50th=[  848], 99.90th=[  955], 99.95th=[  996],
     | 99.99th=[ 1106]
   bw (  KiB/s): min=481152, max=584352, per=100.00%, avg=531528.13, stdev=10204.64, samples=240
   iops        : min=30072, max=36522, avg=33220.44, stdev=637.79, samples=240
  lat (usec)   : 100=0.01%, 250=3.27%, 500=53.83%, 750=40.35%, 1000=2.48%
  lat (msec)   : 2=0.05%
  cpu          : usr=3.56%, sys=12.99%, ctx=1051867, majf=0, minf=0
  IO depths    : 1=0.0%, 2=0.0%, 4=0.0%, 8=100.0%, 16=0.0%, 32=0.0%, >=64=0.0%
     submit    : 0=0.0%, 4=100.0%, 8=0.0%, 16=0.0%, 32=0.0%, 64=0.0%, >=64=0.0%
     complete  : 0=0.0%, 4=100.0%, 8=0.1%, 16=0.0%, 32=0.0%, 64=0.0%, >=64=0.0%
     issued rwts: total=1992999,0,0,0 short=0,0,0,0 dropped=0,0,0,0
     latency   : target=0, window=0, percentile=100.00%, depth=8

Run status group 0 (all jobs):
   READ: bw=519MiB/s (544MB/s), 519MiB/s-519MiB/s (544MB/s-544MB/s), io=30.4GiB (32.7GB), run=60001-60001msec
