randwrite_32k_32_2: (g=0): rw=randwrite, bs=(R) 32.0KiB-32.0KiB, (W) 32.0KiB-32.0KiB, (T) 32.0KiB-32.0KiB, ioengine=io_uring, iodepth=32
...
fio-3.28
Starting 2 threads

randwrite_32k_32_2: (groupid=0, jobs=2): err= 0: pid=31016: Tue Feb 28 14:32:33 2023
  write: IOPS=32.3k, BW=1011MiB/s (1060MB/s)(59.2GiB/60002msec); 0 zone resets
    slat (usec): min=4, max=273, avg= 9.36, stdev= 3.07
    clat (usec): min=1046, max=4300, avg=1968.29, stdev=339.91
     lat (usec): min=1062, max=4311, avg=1977.75, stdev=339.68
    clat percentiles (usec):
     |  1.00th=[ 1385],  5.00th=[ 1516], 10.00th=[ 1598], 20.00th=[ 1696],
     | 30.00th=[ 1778], 40.00th=[ 1844], 50.00th=[ 1909], 60.00th=[ 1975],
     | 70.00th=[ 2073], 80.00th=[ 2212], 90.00th=[ 2442], 95.00th=[ 2638],
     | 99.00th=[ 2999], 99.50th=[ 3130], 99.90th=[ 3458], 99.95th=[ 3621],
     | 99.99th=[ 3851]
   bw (  KiB/s): min=919744, max=1212416, per=100.00%, avg=1035347.72, stdev=24663.09, samples=240
   iops        : min=28742, max=37888, avg=32354.57, stdev=770.71, samples=240
  lat (msec)   : 2=62.53%, 4=37.47%, 10=0.01%
  cpu          : usr=6.58%, sys=13.25%, ctx=810436, majf=0, minf=0
  IO depths    : 1=0.0%, 2=0.0%, 4=0.0%, 8=0.0%, 16=0.0%, 32=100.0%, >=64=0.0%
     submit    : 0=0.0%, 4=100.0%, 8=0.0%, 16=0.0%, 32=0.0%, 64=0.0%, >=64=0.0%
     complete  : 0=0.0%, 4=100.0%, 8=0.0%, 16=0.0%, 32=0.1%, 64=0.0%, >=64=0.0%
     issued rwts: total=0,1940996,0,0 short=0,0,0,0 dropped=0,0,0,0
     latency   : target=0, window=0, percentile=100.00%, depth=32

Run status group 0 (all jobs):
  WRITE: bw=1011MiB/s (1060MB/s), 1011MiB/s-1011MiB/s (1060MB/s-1060MB/s), io=59.2GiB (63.6GB), run=60002-60002msec
