randwrite_1_1_1: (g=0): rw=randwrite, bs=(R) 1B-1B, (W) 1B-1B, (T) 1B-1B, ioengine=io_uring, iodepth=1
fio-3.28
Starting 1 thread

randwrite_1_1_1: (groupid=0, jobs=1): err= 0: pid=33137: Tue Feb 28 15:34:40 2023
  write: IOPS=11.8k, BW=11.5KiB/s (11.8kB/s)(689KiB/60001msec); 0 zone resets
    slat (nsec): min=3413, max=84650, avg=5591.52, stdev=3159.89
    clat (usec): min=51, max=485, avg=78.13, stdev=14.11
     lat (usec): min=63, max=489, avg=83.82, stdev=14.90
    clat percentiles (usec):
     |  1.00th=[   62],  5.00th=[   63], 10.00th=[   64], 20.00th=[   70],
     | 30.00th=[   71], 40.00th=[   72], 50.00th=[   75], 60.00th=[   82],
     | 70.00th=[   83], 80.00th=[   87], 90.00th=[   94], 95.00th=[   99],
     | 99.00th=[  111], 99.50th=[  120], 99.90th=[  235], 99.95th=[  265],
     | 99.99th=[  338]
   bw (  KiB/s): min=   10, max=   12, per=95.78%, avg=11.16, stdev= 0.45, samples=120
   iops        : min=11202, max=13144, avg=11762.92, stdev=562.96, samples=120
  lat (usec)   : 100=95.77%, 250=4.16%, 500=0.07%
  cpu          : usr=4.23%, sys=9.92%, ctx=705669, majf=0, minf=0
  IO depths    : 1=100.0%, 2=0.0%, 4=0.0%, 8=0.0%, 16=0.0%, 32=0.0%, >=64=0.0%
     submit    : 0=0.0%, 4=100.0%, 8=0.0%, 16=0.0%, 32=0.0%, 64=0.0%, >=64=0.0%
     complete  : 0=0.0%, 4=100.0%, 8=0.0%, 16=0.0%, 32=0.0%, 64=0.0%, >=64=0.0%
     issued rwts: total=0,705652,0,0 short=0,0,0,0 dropped=0,0,0,0
     latency   : target=0, window=0, percentile=100.00%, depth=1

Run status group 0 (all jobs):
  WRITE: bw=11.5KiB/s (11.8kB/s), 11.5KiB/s-11.5KiB/s (11.8kB/s-11.8kB/s), io=689KiB (706kB), run=60001-60001msec
