randwrite_16k_32_2: (g=0): rw=randwrite, bs=(R) 16.0KiB-16.0KiB, (W) 16.0KiB-16.0KiB, (T) 16.0KiB-16.0KiB, ioengine=io_uring, iodepth=32
...
fio-3.28
Starting 2 threads

randwrite_16k_32_2: (groupid=0, jobs=2): err= 0: pid=10058: Thu Apr  6 22:55:00 2023
  write: IOPS=32.0k, BW=500MiB/s (524MB/s)(29.3GiB/60002msec); 0 zone resets
    slat (nsec): min=2582, max=92373, avg=5619.20, stdev=2835.12
    clat (usec): min=132, max=5242, avg=1994.61, stdev=626.53
     lat (usec): min=139, max=5246, avg=2000.34, stdev=626.06
    clat percentiles (usec):
     |  1.00th=[  210],  5.00th=[  269], 10.00th=[ 1745], 20.00th=[ 1876],
     | 30.00th=[ 1942], 40.00th=[ 1991], 50.00th=[ 2057], 60.00th=[ 2114],
     | 70.00th=[ 2212], 80.00th=[ 2376], 90.00th=[ 2606], 95.00th=[ 2769],
     | 99.00th=[ 3097], 99.50th=[ 3261], 99.90th=[ 3589], 99.95th=[ 3687],
     | 99.99th=[ 3982]
   bw (  KiB/s): min=464128, max=538592, per=100.00%, avg=511806.08, stdev=8699.62, samples=240
   iops        : min=29008, max=33662, avg=31987.77, stdev=543.72, samples=240
  lat (usec)   : 250=3.79%, 500=5.50%, 750=0.05%, 1000=0.01%
  lat (msec)   : 2=32.11%, 4=58.55%, 10=0.01%
  cpu          : usr=4.20%, sys=12.14%, ctx=1386347, majf=0, minf=0
  IO depths    : 1=0.0%, 2=0.0%, 4=0.0%, 8=0.0%, 16=0.0%, 32=100.0%, >=64=0.0%
     submit    : 0=0.0%, 4=100.0%, 8=0.0%, 16=0.0%, 32=0.0%, 64=0.0%, >=64=0.0%
     complete  : 0=0.0%, 4=100.0%, 8=0.0%, 16=0.0%, 32=0.1%, 64=0.0%, >=64=0.0%
     issued rwts: total=0,1918928,0,0 short=0,0,0,0 dropped=0,0,0,0
     latency   : target=0, window=0, percentile=100.00%, depth=32

Run status group 0 (all jobs):
  WRITE: bw=500MiB/s (524MB/s), 500MiB/s-500MiB/s (524MB/s-524MB/s), io=29.3GiB (31.4GB), run=60002-60002msec
