randread_64k_1_1: (g=0): rw=randread, bs=(R) 64.0KiB-64.0KiB, (W) 64.0KiB-64.0KiB, (T) 64.0KiB-64.0KiB, ioengine=io_uring, iodepth=1
fio-3.28
Starting 1 thread

randread_64k_1_1: (groupid=0, jobs=1): err= 0: pid=11628: Thu Apr  6 23:32:35 2023
  read: IOPS=5048, BW=316MiB/s (331MB/s)(18.5GiB/60001msec)
    slat (nsec): min=9675, max=40755, avg=10155.12, stdev=330.58
    clat (usec): min=148, max=1376, avg=187.01, stdev=24.61
     lat (usec): min=175, max=1387, avg=197.28, stdev=24.61
    clat percentiles (usec):
     |  1.00th=[  169],  5.00th=[  172], 10.00th=[  172], 20.00th=[  174],
     | 30.00th=[  174], 40.00th=[  174], 50.00th=[  176], 60.00th=[  178],
     | 70.00th=[  180], 80.00th=[  206], 90.00th=[  233], 95.00th=[  239],
     | 99.00th=[  253], 99.50th=[  260], 99.90th=[  289], 99.95th=[  302],
     | 99.99th=[  330]
   bw (  KiB/s): min=284601, max=324736, per=100.00%, avg=323117.37, stdev=3608.61, samples=120
   iops        : min= 4446, max= 5074, avg=5048.70, stdev=56.46, samples=120
  lat (usec)   : 250=98.58%, 500=1.42%, 1000=0.01%
  lat (msec)   : 2=0.01%
  cpu          : usr=1.39%, sys=6.87%, ctx=302912, majf=0, minf=0
  IO depths    : 1=100.0%, 2=0.0%, 4=0.0%, 8=0.0%, 16=0.0%, 32=0.0%, >=64=0.0%
     submit    : 0=0.0%, 4=100.0%, 8=0.0%, 16=0.0%, 32=0.0%, 64=0.0%, >=64=0.0%
     complete  : 0=0.0%, 4=100.0%, 8=0.0%, 16=0.0%, 32=0.0%, 64=0.0%, >=64=0.0%
     issued rwts: total=302910,0,0,0 short=0,0,0,0 dropped=0,0,0,0
     latency   : target=0, window=0, percentile=100.00%, depth=1

Run status group 0 (all jobs):
   READ: bw=316MiB/s (331MB/s), 316MiB/s-316MiB/s (331MB/s-331MB/s), io=18.5GiB (19.9GB), run=60001-60001msec
