randwrite_128k_128_2: (g=0): rw=randwrite, bs=(R) 128KiB-128KiB, (W) 128KiB-128KiB, (T) 128KiB-128KiB, ioengine=io_uring, iodepth=128
...
fio-3.28
Starting 2 threads

randwrite_128k_128_2: (groupid=0, jobs=2): err= 0: pid=11395: Thu Apr  6 23:25:28 2023
  write: IOPS=2494, BW=312MiB/s (327MB/s)(18.3GiB/60102msec); 0 zone resets
    slat (usec): min=15, max=155, avg=36.91, stdev= 8.03
    clat (usec): min=382, max=200143, avg=102492.23, stdev=4181.95
     lat (usec): min=425, max=200169, avg=102529.58, stdev=4182.04
    clat percentiles (msec):
     |  1.00th=[   97],  5.00th=[  100], 10.00th=[  100], 20.00th=[  101],
     | 30.00th=[  102], 40.00th=[  102], 50.00th=[  103], 60.00th=[  103],
     | 70.00th=[  104], 80.00th=[  104], 90.00th=[  106], 95.00th=[  108],
     | 99.00th=[  122], 99.50th=[  124], 99.90th=[  136], 99.95th=[  161],
     | 99.99th=[  194]
   bw (  KiB/s): min=290816, max=332800, per=100.00%, avg=319903.78, stdev=4371.26, samples=240
   iops        : min= 2272, max= 2600, avg=2499.10, stdev=34.14, samples=240
  lat (usec)   : 500=0.01%
  lat (msec)   : 100=17.83%, 250=82.33%
  cpu          : usr=3.48%, sys=4.06%, ctx=150188, majf=0, minf=0
  IO depths    : 1=0.0%, 2=0.0%, 4=0.0%, 8=0.0%, 16=0.0%, 32=0.0%, >=64=100.0%
     submit    : 0=0.0%, 4=100.0%, 8=0.0%, 16=0.0%, 32=0.0%, 64=0.0%, >=64=0.0%
     complete  : 0=0.0%, 4=100.0%, 8=0.0%, 16=0.0%, 32=0.0%, 64=0.0%, >=64=0.1%
     issued rwts: total=0,149912,0,0 short=0,0,0,0 dropped=0,0,0,0
     latency   : target=0, window=0, percentile=100.00%, depth=128

Run status group 0 (all jobs):
  WRITE: bw=312MiB/s (327MB/s), 312MiB/s-312MiB/s (327MB/s-327MB/s), io=18.3GiB (19.7GB), run=60102-60102msec
