"randread_16k_32_1": (g=0): rw=randread, bs=(R) 16.0KiB-16.0KiB, (W) 16.0KiB-16.0KiB, (T) 16.0KiB-16.0KiB, ioengine=io_uring, iodepth=32
fio-3.28
Starting 1 thread

"randread_16k_32_1": (groupid=0, jobs=1): err= 0: pid=533173: Thu Sep 14 20:22:15 2023
  read: IOPS=236k, BW=3691MiB/s (3870MB/s)(216GiB/60001msec)
    slat (nsec): min=2244, max=36482, avg=3238.55, stdev=1354.80
    clat (usec): min=69, max=15275, avg=131.54, stdev=30.52
     lat (usec): min=78, max=15278, avg=134.91, stdev=30.49
    clat percentiles (usec):
     |  1.00th=[  111],  5.00th=[  116], 10.00th=[  119], 20.00th=[  122],
     | 30.00th=[  125], 40.00th=[  126], 50.00th=[  128], 60.00th=[  130],
     | 70.00th=[  133], 80.00th=[  135], 90.00th=[  143], 95.00th=[  155],
     | 99.00th=[  235], 99.50th=[  241], 99.90th=[  255], 99.95th=[  262],
     | 99.99th=[  277]
   bw (  MiB/s): min= 3464, max= 3704, per=100.00%, avg=3691.82, stdev=22.63, samples=120
   iops        : min=221756, max=237106, avg=236276.20, stdev=1448.03, samples=120
  lat (usec)   : 100=0.02%, 250=99.78%, 500=0.20%, 750=0.01%, 1000=0.01%
  lat (msec)   : 4=0.01%, 20=0.01%
  cpu          : usr=24.34%, sys=72.44%, ctx=87275, majf=0, minf=0
  IO depths    : 1=0.0%, 2=0.0%, 4=0.0%, 8=0.0%, 16=0.0%, 32=100.0%, >=64=0.0%
     submit    : 0=0.0%, 4=100.0%, 8=0.0%, 16=0.0%, 32=0.0%, 64=0.0%, >=64=0.0%
     complete  : 0=0.0%, 4=100.0%, 8=0.0%, 16=0.0%, 32=0.1%, 64=0.0%, >=64=0.0%
     issued rwts: total=14173341,0,0,0 short=0,0,0,0 dropped=0,0,0,0
     latency   : target=0, window=0, percentile=100.00%, depth=32

Run status group 0 (all jobs):
   READ: bw=3691MiB/s (3870MB/s), 3691MiB/s-3691MiB/s (3870MB/s-3870MB/s), io=216GiB (232GB), run=60001-60001msec
