"randwrite_4k_128_1": (g=0): rw=randwrite, bs=(R) 4096B-4096B, (W) 4096B-4096B, (T) 4096B-4096B, ioengine=io_uring, iodepth=128
fio-3.28
Starting 1 thread

"randwrite_4k_128_1": (groupid=0, jobs=1): err= 0: pid=150224: Wed Jul 19 18:37:22 2023
  write: IOPS=156k, BW=610MiB/s (640MB/s)(35.8GiB/60001msec); 0 zone resets
    slat (nsec): min=1935, max=83080, avg=2635.74, stdev=2136.89
    clat (usec): min=233, max=8537, avg=815.99, stdev=105.35
     lat (usec): min=236, max=8540, avg=818.73, stdev=104.65
    clat percentiles (usec):
     |  1.00th=[  562],  5.00th=[  635], 10.00th=[  676], 20.00th=[  742],
     | 30.00th=[  775], 40.00th=[  791], 50.00th=[  816], 60.00th=[  840],
     | 70.00th=[  865], 80.00th=[  898], 90.00th=[  947], 95.00th=[  988],
     | 99.00th=[ 1057], 99.50th=[ 1090], 99.90th=[ 1188], 99.95th=[ 1254],
     | 99.99th=[ 1565]
   bw (  KiB/s): min=568288, max=684848, per=100.00%, avg=625052.97, stdev=27488.65, samples=120
   iops        : min=142072, max=171212, avg=156263.23, stdev=6872.16, samples=120
  lat (usec)   : 250=0.01%, 500=0.25%, 750=22.05%, 1000=74.09%
  lat (msec)   : 2=3.61%, 4=0.01%, 10=0.01%
  cpu          : usr=18.24%, sys=39.60%, ctx=617444, majf=0, minf=0
  IO depths    : 1=0.0%, 2=0.0%, 4=0.0%, 8=0.0%, 16=0.0%, 32=0.0%, >=64=100.0%
     submit    : 0=0.0%, 4=100.0%, 8=0.0%, 16=0.0%, 32=0.0%, 64=0.0%, >=64=0.0%
     complete  : 0=0.0%, 4=100.0%, 8=0.0%, 16=0.0%, 32=0.0%, 64=0.0%, >=64=0.1%
     issued rwts: total=0,9375363,0,0 short=0,0,0,0 dropped=0,0,0,0
     latency   : target=0, window=0, percentile=100.00%, depth=128

Run status group 0 (all jobs):
  WRITE: bw=610MiB/s (640MB/s), 610MiB/s-610MiB/s (640MB/s-640MB/s), io=35.8GiB (38.4GB), run=60001-60001msec
