"randwrite_16k_4_1": (g=0): rw=randwrite, bs=(R) 16.0KiB-16.0KiB, (W) 16.0KiB-16.0KiB, (T) 16.0KiB-16.0KiB, ioengine=io_uring, iodepth=4
fio-3.28
Starting 1 thread

"randwrite_16k_4_1": (groupid=0, jobs=1): err= 0: pid=150240: Wed Jul 19 18:39:43 2023
  write: IOPS=48.6k, BW=759MiB/s (796MB/s)(44.5GiB/60001msec); 0 zone resets
    slat (nsec): min=2715, max=37870, avg=3548.35, stdev=280.93
    clat (usec): min=53, max=4313, avg=78.20, stdev=18.44
     lat (usec): min=63, max=4317, avg=81.82, stdev=18.43
    clat percentiles (usec):
     |  1.00th=[   69],  5.00th=[   70], 10.00th=[   71], 20.00th=[   72],
     | 30.00th=[   73], 40.00th=[   74], 50.00th=[   75], 60.00th=[   76],
     | 70.00th=[   77], 80.00th=[   79], 90.00th=[   84], 95.00th=[   92],
     | 99.00th=[  167], 99.50th=[  174], 99.90th=[  182], 99.95th=[  188],
     | 99.99th=[  229]
   bw (  KiB/s): min=712864, max=795232, per=100.00%, avg=777196.61, stdev=12159.42, samples=120
   iops        : min=44554, max=49702, avg=48574.77, stdev=759.97, samples=120
  lat (usec)   : 100=96.00%, 250=3.99%, 500=0.01%, 750=0.01%, 1000=0.01%
  lat (msec)   : 2=0.01%, 4=0.01%, 10=0.01%
  cpu          : usr=9.00%, sys=23.68%, ctx=2858731, majf=0, minf=0
  IO depths    : 1=0.0%, 2=0.0%, 4=100.0%, 8=0.0%, 16=0.0%, 32=0.0%, >=64=0.0%
     submit    : 0=0.0%, 4=100.0%, 8=0.0%, 16=0.0%, 32=0.0%, 64=0.0%, >=64=0.0%
     complete  : 0=0.0%, 4=100.0%, 8=0.0%, 16=0.0%, 32=0.0%, 64=0.0%, >=64=0.0%
     issued rwts: total=0,2914384,0,0 short=0,0,0,0 dropped=0,0,0,0
     latency   : target=0, window=0, percentile=100.00%, depth=4

Run status group 0 (all jobs):
  WRITE: bw=759MiB/s (796MB/s), 759MiB/s-759MiB/s (796MB/s-796MB/s), io=44.5GiB (47.7GB), run=60001-60001msec
