"randwrite_64k_64_1": (g=0): rw=randwrite, bs=(R) 64.0KiB-64.0KiB, (W) 64.0KiB-64.0KiB, (T) 64.0KiB-64.0KiB, ioengine=io_uring, iodepth=64
fio-3.28
Starting 1 thread

"randwrite_64k_64_1": (groupid=0, jobs=1): err= 0: pid=150331: Wed Jul 19 18:52:37 2023
  write: IOPS=30.3k, BW=1894MiB/s (1986MB/s)(111GiB/60003msec); 0 zone resets
    slat (nsec): min=3350, max=38156, avg=4775.10, stdev=859.84
    clat (usec): min=202, max=44249, avg=2106.27, stdev=2110.38
     lat (usec): min=209, max=44254, avg=2111.13, stdev=2110.39
    clat percentiles (usec):
     |  1.00th=[ 1369],  5.00th=[ 1401], 10.00th=[ 1418], 20.00th=[ 1450],
     | 30.00th=[ 1467], 40.00th=[ 1483], 50.00th=[ 1500], 60.00th=[ 1500],
     | 70.00th=[ 1532], 80.00th=[ 1549], 90.00th=[ 3982], 95.00th=[ 5997],
     | 99.00th=[11731], 99.50th=[14746], 99.90th=[21365], 99.95th=[23725],
     | 99.99th=[30540]
   bw (  MiB/s): min= 1788, max= 1955, per=100.00%, avg=1894.33, stdev=27.58, samples=120
   iops        : min=28622, max=31284, avg=30309.29, stdev=441.34, samples=120
  lat (usec)   : 250=0.01%, 500=0.01%, 750=0.01%, 1000=0.44%
  lat (msec)   : 2=86.25%, 4=3.39%, 10=8.08%, 20=1.69%, 50=0.14%
  cpu          : usr=7.51%, sys=16.88%, ctx=1760295, majf=0, minf=0
  IO depths    : 1=0.0%, 2=0.0%, 4=0.0%, 8=0.0%, 16=0.0%, 32=0.0%, >=64=100.0%
     submit    : 0=0.0%, 4=100.0%, 8=0.0%, 16=0.0%, 32=0.0%, 64=0.0%, >=64=0.0%
     complete  : 0=0.0%, 4=100.0%, 8=0.0%, 16=0.0%, 32=0.0%, 64=0.1%, >=64=0.0%
     issued rwts: total=0,1818485,0,0 short=0,0,0,0 dropped=0,0,0,0
     latency   : target=0, window=0, percentile=100.00%, depth=64

Run status group 0 (all jobs):
  WRITE: bw=1894MiB/s (1986MB/s), 1894MiB/s-1894MiB/s (1986MB/s-1986MB/s), io=111GiB (119GB), run=60003-60003msec
