"randwrite_16k_128_1": (g=0): rw=randwrite, bs=(R) 16.0KiB-16.0KiB, (W) 16.0KiB-16.0KiB, (T) 16.0KiB-16.0KiB, ioengine=io_uring, iodepth=128
fio-3.28
Starting 1 thread

"randwrite_16k_128_1": (groupid=0, jobs=1): err= 0: pid=150279: Wed Jul 19 18:45:35 2023
  write: IOPS=105k, BW=1648MiB/s (1728MB/s)(96.6GiB/60002msec); 0 zone resets
    slat (nsec): min=2292, max=48237, avg=3055.78, stdev=1204.10
    clat (usec): min=122, max=6756, avg=1210.13, stdev=353.97
     lat (usec): min=128, max=6758, avg=1213.29, stdev=353.65
    clat percentiles (usec):
     |  1.00th=[  578],  5.00th=[  619], 10.00th=[  963], 20.00th=[ 1057],
     | 30.00th=[ 1090], 40.00th=[ 1106], 50.00th=[ 1139], 60.00th=[ 1172],
     | 70.00th=[ 1221], 80.00th=[ 1467], 90.00th=[ 1631], 95.00th=[ 1909],
     | 99.00th=[ 2409], 99.50th=[ 2704], 99.90th=[ 3261], 99.95th=[ 3458],
     | 99.99th=[ 4113]
   bw (  MiB/s): min= 1523, max= 1691, per=100.00%, avg=1648.00, stdev=21.17, samples=120
   iops        : min=97502, max=108276, avg=105471.88, stdev=1355.19, samples=120
  lat (usec)   : 250=0.01%, 500=0.03%, 750=9.86%, 1000=0.55%
  lat (msec)   : 2=86.28%, 4=3.27%, 10=0.01%
  cpu          : usr=12.61%, sys=32.88%, ctx=1400483, majf=0, minf=0
  IO depths    : 1=0.0%, 2=0.0%, 4=0.0%, 8=0.0%, 16=0.0%, 32=0.0%, >=64=100.0%
     submit    : 0=0.0%, 4=100.0%, 8=0.0%, 16=0.0%, 32=0.0%, 64=0.0%, >=64=0.0%
     complete  : 0=0.0%, 4=100.0%, 8=0.0%, 16=0.0%, 32=0.0%, 64=0.0%, >=64=0.1%
     issued rwts: total=0,6328044,0,0 short=0,0,0,0 dropped=0,0,0,0
     latency   : target=0, window=0, percentile=100.00%, depth=128

Run status group 0 (all jobs):
  WRITE: bw=1648MiB/s (1728MB/s), 1648MiB/s-1648MiB/s (1728MB/s-1728MB/s), io=96.6GiB (104GB), run=60002-60002msec
