"randread_4k_128_1": (g=0): rw=randread, bs=(R) 4096B-4096B, (W) 4096B-4096B, (T) 4096B-4096B, ioengine=io_uring, iodepth=128
fio-3.28
Starting 1 thread

"randread_4k_128_1": (groupid=0, jobs=1): err= 0: pid=5352: Sat Sep 16 15:47:14 2023
  read: IOPS=608, BW=2441KiB/s (2499kB/s)(143MiB/60009msec)
    slat (nsec): min=1645, max=43560, avg=2982.07, stdev=2610.89
    clat (usec): min=559, max=880017, avg=210449.79, stdev=93650.60
     lat (usec): min=575, max=880020, avg=210452.90, stdev=93650.33
    clat percentiles (msec):
     |  1.00th=[    3],  5.00th=[   65], 10.00th=[   94], 20.00th=[  125],
     | 30.00th=[  169], 40.00th=[  201], 50.00th=[  218], 60.00th=[  232],
     | 70.00th=[  249], 80.00th=[  271], 90.00th=[  326], 95.00th=[  363],
     | 99.00th=[  468], 99.50th=[  506], 99.90th=[  592], 99.95th=[  634],
     | 99.99th=[  726]
   bw (  KiB/s): min= 1536, max= 8512, per=99.65%, avg=2432.72, stdev=689.93, samples=120
   iops        : min=  384, max= 2128, avg=608.18, stdev=172.48, samples=120
  lat (usec)   : 750=0.01%, 1000=0.07%
  lat (msec)   : 2=0.50%, 4=0.96%, 10=0.86%, 20=1.53%, 50=0.58%
  lat (msec)   : 100=7.40%, 250=59.04%, 500=28.85%, 750=0.55%, 1000=0.01%
  cpu          : usr=0.09%, sys=0.20%, ctx=2833, majf=0, minf=0
  IO depths    : 1=0.0%, 2=0.0%, 4=0.0%, 8=0.0%, 16=0.0%, 32=0.0%, >=64=100.0%
     submit    : 0=0.0%, 4=100.0%, 8=0.0%, 16=0.0%, 32=0.0%, 64=0.0%, >=64=0.0%
     complete  : 0=0.0%, 4=100.0%, 8=0.0%, 16=0.0%, 32=0.0%, 64=0.0%, >=64=0.1%
     issued rwts: total=36487,0,0,0 short=0,0,0,0 dropped=0,0,0,0
     latency   : target=0, window=0, percentile=100.00%, depth=128

Run status group 0 (all jobs):
   READ: bw=2441KiB/s (2499kB/s), 2441KiB/s-2441KiB/s (2499kB/s-2499kB/s), io=143MiB (150MB), run=60009-60009msec
