"randwrite_64k_128_1": (g=0): rw=randwrite, bs=(R) 64.0KiB-64.0KiB, (W) 64.0KiB-64.0KiB, (T) 64.0KiB-64.0KiB, ioengine=io_uring, iodepth=128
fio-3.28
Starting 1 thread

"randwrite_64k_128_1": (groupid=0, jobs=1): err= 0: pid=12167: Sat Sep 16 16:28:25 2023
  write: IOPS=1397, BW=87.5MiB/s (91.7MB/s)(5253MiB/60051msec); 0 zone resets
    slat (usec): min=3, max=126, avg=12.99, stdev= 6.65
    clat (usec): min=739, max=1319.8k, avg=91555.42, stdev=88597.21
     lat (usec): min=760, max=1319.8k, avg=91568.67, stdev=88596.54
    clat percentiles (usec):
     |  1.00th=[   1631],  5.00th=[   2933], 10.00th=[   5866],
     | 20.00th=[  26084], 30.00th=[  44827], 40.00th=[  55313],
     | 50.00th=[  66323], 60.00th=[  83362], 70.00th=[ 109577],
     | 80.00th=[ 141558], 90.00th=[ 193987], 95.00th=[ 254804],
     | 99.00th=[ 417334], 99.50th=[ 509608], 99.90th=[ 717226],
     | 99.95th=[ 868221], 99.99th=[1098908]
   bw (  KiB/s): min=34944, max=134016, per=99.95%, avg=89528.48, stdev=26025.62, samples=120
   iops        : min=  546, max= 2094, avg=1398.83, stdev=406.65, samples=120
  lat (usec)   : 750=0.01%, 1000=0.06%
  lat (msec)   : 2=1.93%, 4=5.51%, 10=5.46%, 20=5.15%, 50=16.62%
  lat (msec)   : 100=32.04%, 250=28.09%, 500=4.75%, 750=0.45%, 1000=0.07%
  lat (msec)   : 2000=0.01%
  cpu          : usr=1.25%, sys=1.64%, ctx=35806, majf=0, minf=0
  IO depths    : 1=0.0%, 2=0.0%, 4=0.0%, 8=0.0%, 16=0.0%, 32=0.0%, >=64=100.0%
     submit    : 0=0.0%, 4=100.0%, 8=0.0%, 16=0.0%, 32=0.0%, 64=0.0%, >=64=0.0%
     complete  : 0=0.0%, 4=100.0%, 8=0.0%, 16=0.0%, 32=0.0%, 64=0.0%, >=64=0.1%
     issued rwts: total=0,83917,0,0 short=0,0,0,0 dropped=0,0,0,0
     latency   : target=0, window=0, percentile=100.00%, depth=128

Run status group 0 (all jobs):
  WRITE: bw=87.5MiB/s (91.7MB/s), 87.5MiB/s-87.5MiB/s (91.7MB/s-91.7MB/s), io=5253MiB (5508MB), run=60051-60051msec
