"randwrite_16k_64_1": (g=0): rw=randwrite, bs=(R) 16.0KiB-16.0KiB, (W) 16.0KiB-16.0KiB, (T) 16.0KiB-16.0KiB, ioengine=io_uring, iodepth=64
fio-3.28
Starting 1 thread

"randwrite_16k_64_1": (groupid=0, jobs=1): err= 0: pid=10612: Sat Sep 16 16:19:01 2023
  write: IOPS=503, BW=8065KiB/s (8259kB/s)(473MiB/60006msec); 0 zone resets
    slat (nsec): min=2374, max=52023, avg=5145.78, stdev=4091.32
    clat (usec): min=581, max=720163, avg=127343.48, stdev=95569.33
     lat (usec): min=588, max=720166, avg=127348.78, stdev=95569.02
    clat percentiles (msec):
     |  1.00th=[    3],  5.00th=[    6], 10.00th=[   15], 20.00th=[   44],
     | 30.00th=[   67], 40.00th=[   89], 50.00th=[  111], 60.00th=[  133],
     | 70.00th=[  163], 80.00th=[  201], 90.00th=[  257], 95.00th=[  309],
     | 99.00th=[  409], 99.50th=[  447], 99.90th=[  550], 99.95th=[  592],
     | 99.99th=[  676]
   bw (  KiB/s): min= 3200, max=20672, per=99.81%, avg=8050.40, stdev=2939.49, samples=120
   iops        : min=  200, max= 1292, avg=503.10, stdev=183.71, samples=120
  lat (usec)   : 750=0.01%, 1000=0.01%
  lat (msec)   : 2=0.36%, 4=3.56%, 10=4.35%, 20=3.41%, 50=11.23%
  lat (msec)   : 100=22.62%, 250=43.41%, 500=11.00%, 750=0.25%
  cpu          : usr=0.14%, sys=0.27%, ctx=5508, majf=0, minf=0
  IO depths    : 1=0.0%, 2=0.0%, 4=0.0%, 8=0.0%, 16=0.0%, 32=0.0%, >=64=100.0%
     submit    : 0=0.0%, 4=100.0%, 8=0.0%, 16=0.0%, 32=0.0%, 64=0.0%, >=64=0.0%
     complete  : 0=0.0%, 4=100.0%, 8=0.0%, 16=0.0%, 32=0.0%, 64=0.1%, >=64=0.0%
     issued rwts: total=0,30185,0,0 short=0,0,0,0 dropped=0,0,0,0
     latency   : target=0, window=0, percentile=100.00%, depth=64

Run status group 0 (all jobs):
  WRITE: bw=8065KiB/s (8259kB/s), 8065KiB/s-8065KiB/s (8259kB/s-8259kB/s), io=473MiB (496MB), run=60006-60006msec
