"randwrite_64k_2_1": (g=0): rw=randwrite, bs=(R) 64.0KiB-64.0KiB, (W) 64.0KiB-64.0KiB, (T) 64.0KiB-64.0KiB, ioengine=io_uring, iodepth=2
fio-3.28
Starting 1 thread

"randwrite_64k_2_1": (groupid=0, jobs=1): err= 0: pid=10997: Sat Sep 16 16:21:22 2023
  write: IOPS=1629, BW=102MiB/s (107MB/s)(6109MiB/60001msec); 0 zone resets
    slat (usec): min=3, max=105, avg=12.92, stdev= 6.64
    clat (usec): min=638, max=72476, avg=1211.72, stdev=509.73
     lat (usec): min=651, max=72488, avg=1224.93, stdev=509.79
    clat percentiles (usec):
     |  1.00th=[  775],  5.00th=[  857], 10.00th=[  906], 20.00th=[  979],
     | 30.00th=[ 1037], 40.00th=[ 1090], 50.00th=[ 1156], 60.00th=[ 1205],
     | 70.00th=[ 1287], 80.00th=[ 1369], 90.00th=[ 1532], 95.00th=[ 1713],
     | 99.00th=[ 2507], 99.50th=[ 2835], 99.90th=[ 3982], 99.95th=[ 4883],
     | 99.99th=[19530]
   bw (  KiB/s): min=86656, max=115968, per=100.00%, avg=104274.08, stdev=5268.18, samples=120
   iops        : min= 1354, max= 1812, avg=1629.26, stdev=82.32, samples=120
  lat (usec)   : 750=0.43%, 1000=23.34%
  lat (msec)   : 2=73.56%, 4=2.57%, 10=0.08%, 20=0.01%, 50=0.01%
  lat (msec)   : 100=0.01%
  cpu          : usr=1.28%, sys=2.96%, ctx=89359, majf=0, minf=0
  IO depths    : 1=0.0%, 2=100.0%, 4=0.0%, 8=0.0%, 16=0.0%, 32=0.0%, >=64=0.0%
     submit    : 0=0.0%, 4=100.0%, 8=0.0%, 16=0.0%, 32=0.0%, 64=0.0%, >=64=0.0%
     complete  : 0=0.0%, 4=100.0%, 8=0.0%, 16=0.0%, 32=0.0%, 64=0.0%, >=64=0.0%
     issued rwts: total=0,97745,0,0 short=0,0,0,0 dropped=0,0,0,0
     latency   : target=0, window=0, percentile=100.00%, depth=2

Run status group 0 (all jobs):
  WRITE: bw=102MiB/s (107MB/s), 102MiB/s-102MiB/s (107MB/s-107MB/s), io=6109MiB (6406MB), run=60001-60001msec
