"randwrite_4k_128_1": (g=0): rw=randwrite, bs=(R) 4096B-4096B, (W) 4096B-4096B, (T) 4096B-4096B, ioengine=io_uring, iodepth=128
fio-3.28
Starting 1 thread

"randwrite_4k_128_1": (groupid=0, jobs=1): err= 0: pid=9437: Sat Sep 16 16:11:57 2023
  write: IOPS=9754, BW=38.1MiB/s (40.0MB/s)(2287MiB/60012msec); 0 zone resets
    slat (nsec): min=1933, max=82909, avg=4319.87, stdev=3607.97
    clat (usec): min=493, max=84696, avg=13114.81, stdev=4992.49
     lat (usec): min=500, max=84698, avg=13119.28, stdev=4992.39
    clat percentiles (usec):
     |  1.00th=[ 6128],  5.00th=[ 7898], 10.00th=[ 8717], 20.00th=[ 9634],
     | 30.00th=[10290], 40.00th=[11076], 50.00th=[11863], 60.00th=[12780],
     | 70.00th=[13960], 80.00th=[15664], 90.00th=[19530], 95.00th=[22938],
     | 99.00th=[31327], 99.50th=[35390], 99.90th=[43779], 99.95th=[47449],
     | 99.99th=[55837]
   bw (  KiB/s): min=35400, max=42264, per=100.00%, avg=39034.97, stdev=1615.33, samples=120
   iops        : min= 8850, max=10566, avg=9758.73, stdev=403.80, samples=120
  lat (usec)   : 500=0.01%, 750=0.01%, 1000=0.03%
  lat (msec)   : 2=0.15%, 4=0.20%, 10=25.04%, 20=65.59%, 50=8.97%
  lat (msec)   : 100=0.03%
  cpu          : usr=2.16%, sys=4.73%, ctx=92521, majf=0, minf=0
  IO depths    : 1=0.0%, 2=0.0%, 4=0.0%, 8=0.0%, 16=0.0%, 32=0.0%, >=64=100.0%
     submit    : 0=0.0%, 4=100.0%, 8=0.0%, 16=0.0%, 32=0.0%, 64=0.0%, >=64=0.0%
     complete  : 0=0.0%, 4=100.0%, 8=0.0%, 16=0.0%, 32=0.0%, 64=0.0%, >=64=0.1%
     issued rwts: total=0,585407,0,0 short=0,0,0,0 dropped=0,0,0,0
     latency   : target=0, window=0, percentile=100.00%, depth=128

Run status group 0 (all jobs):
  WRITE: bw=38.1MiB/s (40.0MB/s), 38.1MiB/s-38.1MiB/s (40.0MB/s-40.0MB/s), io=2287MiB (2398MB), run=60012-60012msec
