"randwrite_4k_128_1": (g=0): rw=randwrite, bs=(R) 4096B-4096B, (W) 4096B-4096B, (T) 4096B-4096B, ioengine=io_uring, iodepth=128
fio-3.28
Starting 1 thread

"randwrite_4k_128_1": (groupid=0, jobs=1): err= 0: pid=9434: Sat Sep 16 16:11:57 2023
  write: IOPS=10.1k, BW=39.4MiB/s (41.3MB/s)(2366MiB/60019msec); 0 zone resets
    slat (nsec): min=1954, max=78377, avg=4415.49, stdev=3706.72
    clat (usec): min=521, max=176938, avg=12677.35, stdev=5287.21
     lat (usec): min=524, max=176961, avg=12681.92, stdev=5287.06
    clat percentiles (msec):
     |  1.00th=[    5],  5.00th=[    8], 10.00th=[    9], 20.00th=[   10],
     | 30.00th=[   10], 40.00th=[   11], 50.00th=[   12], 60.00th=[   13],
     | 70.00th=[   14], 80.00th=[   16], 90.00th=[   20], 95.00th=[   23],
     | 99.00th=[   31], 99.50th=[   36], 99.90th=[   46], 99.95th=[   50],
     | 99.99th=[  133]
   bw (  KiB/s): min=36280, max=43951, per=100.00%, avg=40386.02, stdev=1676.90, samples=120
   iops        : min= 9070, max=10987, avg=10096.44, stdev=419.20, samples=120
  lat (usec)   : 750=0.01%, 1000=0.03%
  lat (msec)   : 2=0.33%, 4=0.56%, 10=30.90%, 20=59.76%, 50=8.38%
  lat (msec)   : 100=0.03%, 250=0.01%
  cpu          : usr=2.31%, sys=4.97%, ctx=85266, majf=0, minf=0
  IO depths    : 1=0.0%, 2=0.0%, 4=0.0%, 8=0.0%, 16=0.0%, 32=0.0%, >=64=100.0%
     submit    : 0=0.0%, 4=100.0%, 8=0.0%, 16=0.0%, 32=0.0%, 64=0.0%, >=64=0.0%
     complete  : 0=0.0%, 4=100.0%, 8=0.0%, 16=0.0%, 32=0.0%, 64=0.0%, >=64=0.1%
     issued rwts: total=0,605660,0,0 short=0,0,0,0 dropped=0,0,0,0
     latency   : target=0, window=0, percentile=100.00%, depth=128

Run status group 0 (all jobs):
  WRITE: bw=39.4MiB/s (41.3MB/s), 39.4MiB/s-39.4MiB/s (41.3MB/s-41.3MB/s), io=2366MiB (2481MB), run=60019-60019msec
