"randwrite_4k_32_1": (g=0): rw=randwrite, bs=(R) 4096B-4096B, (W) 4096B-4096B, (T) 4096B-4096B, ioengine=io_uring, iodepth=32
fio-3.28
Starting 1 thread

"randwrite_4k_32_1": (groupid=0, jobs=1): err= 0: pid=9048: Sat Sep 16 16:09:36 2023
  write: IOPS=10.1k, BW=39.4MiB/s (41.3MB/s)(2365MiB/60003msec); 0 zone resets
    slat (nsec): min=2128, max=87871, avg=4818.60, stdev=3979.44
    clat (usec): min=438, max=51948, avg=3165.68, stdev=2091.08
     lat (usec): min=447, max=51950, avg=3170.64, stdev=2091.01
    clat percentiles (usec):
     |  1.00th=[  824],  5.00th=[ 1106], 10.00th=[ 1336], 20.00th=[ 1680],
     | 30.00th=[ 2040], 40.00th=[ 2442], 50.00th=[ 2835], 60.00th=[ 3228],
     | 70.00th=[ 3687], 80.00th=[ 4178], 90.00th=[ 5014], 95.00th=[ 6063],
     | 99.00th=[11076], 99.50th=[13304], 99.90th=[21365], 99.95th=[28705],
     | 99.99th=[43779]
   bw (  KiB/s): min=36016, max=43400, per=100.00%, avg=40367.28, stdev=1550.34, samples=120
   iops        : min= 9004, max=10850, avg=10091.77, stdev=387.59, samples=120
  lat (usec)   : 500=0.01%, 750=0.51%, 1000=2.50%
  lat (msec)   : 2=25.93%, 4=47.72%, 10=21.95%, 20=1.27%, 50=0.12%
  lat (msec)   : 100=0.01%
  cpu          : usr=2.56%, sys=5.88%, ctx=136216, majf=0, minf=0
  IO depths    : 1=0.0%, 2=0.0%, 4=0.0%, 8=0.0%, 16=0.0%, 32=100.0%, >=64=0.0%
     submit    : 0=0.0%, 4=100.0%, 8=0.0%, 16=0.0%, 32=0.0%, 64=0.0%, >=64=0.0%
     complete  : 0=0.0%, 4=100.0%, 8=0.0%, 16=0.0%, 32=0.1%, 64=0.0%, >=64=0.0%
     issued rwts: total=0,605415,0,0 short=0,0,0,0 dropped=0,0,0,0
     latency   : target=0, window=0, percentile=100.00%, depth=32

Run status group 0 (all jobs):
  WRITE: bw=39.4MiB/s (41.3MB/s), 39.4MiB/s-39.4MiB/s (41.3MB/s-41.3MB/s), io=2365MiB (2480MB), run=60003-60003msec
