"randwrite_64k_1_1": (g=0): rw=randwrite, bs=(R) 64.0KiB-64.0KiB, (W) 64.0KiB-64.0KiB, (T) 64.0KiB-64.0KiB, ioengine=io_uring, iodepth=1
fio-3.28
Starting 1 thread

"randwrite_64k_1_1": (groupid=0, jobs=1): err= 0: pid=13338: Sat Sep 16 16:35:34 2023
  write: IOPS=1056, BW=66.0MiB/s (69.3MB/s)(3963MiB/60001msec); 0 zone resets
    slat (nsec): min=7465, max=17740, avg=8919.56, stdev=799.01
    clat (usec): min=596, max=24689, avg=936.05, stdev=274.91
     lat (usec): min=604, max=24697, avg=945.11, stdev=274.91
    clat percentiles (usec):
     |  1.00th=[  676],  5.00th=[  725], 10.00th=[  750], 20.00th=[  791],
     | 30.00th=[  832], 40.00th=[  865], 50.00th=[  898], 60.00th=[  938],
     | 70.00th=[  979], 80.00th=[ 1029], 90.00th=[ 1106], 95.00th=[ 1205],
     | 99.00th=[ 1991], 99.50th=[ 2180], 99.90th=[ 2671], 99.95th=[ 3392],
     | 99.99th=[ 8586]
   bw (  KiB/s): min=62592, max=70016, per=100.00%, avg=67633.33, stdev=1173.01, samples=120
   iops        : min=  978, max= 1094, avg=1056.77, stdev=18.33, samples=120
  lat (usec)   : 750=9.78%, 1000=65.24%
  lat (msec)   : 2=24.02%, 4=0.93%, 10=0.03%, 20=0.01%, 50=0.01%
  cpu          : usr=0.47%, sys=1.21%, ctx=63404, majf=0, minf=0
  IO depths    : 1=100.0%, 2=0.0%, 4=0.0%, 8=0.0%, 16=0.0%, 32=0.0%, >=64=0.0%
     submit    : 0=0.0%, 4=100.0%, 8=0.0%, 16=0.0%, 32=0.0%, 64=0.0%, >=64=0.0%
     complete  : 0=0.0%, 4=100.0%, 8=0.0%, 16=0.0%, 32=0.0%, 64=0.0%, >=64=0.0%
     issued rwts: total=0,63404,0,0 short=0,0,0,0 dropped=0,0,0,0
     latency   : target=0, window=0, percentile=100.00%, depth=1

Run status group 0 (all jobs):
  WRITE: bw=66.0MiB/s (69.3MB/s), 66.0MiB/s-66.0MiB/s (69.3MB/s-69.3MB/s), io=3963MiB (4155MB), run=60001-60001msec
