"randwrite_64k_32_1": (g=0): rw=randwrite, bs=(R) 64.0KiB-64.0KiB, (W) 64.0KiB-64.0KiB, (T) 64.0KiB-64.0KiB, ioengine=io_uring, iodepth=32
fio-3.28
Starting 1 thread

"randwrite_64k_32_1": (groupid=0, jobs=1): err= 0: pid=11776: Sat Sep 16 16:26:04 2023
  write: IOPS=3452, BW=216MiB/s (226MB/s)(12.6GiB/60005msec); 0 zone resets
    slat (usec): min=3, max=118, avg=10.32, stdev= 6.13
    clat (usec): min=813, max=67800, avg=9254.05, stdev=5458.94
     lat (usec): min=829, max=67806, avg=9264.58, stdev=5458.90
    clat percentiles (usec):
     |  1.00th=[ 2114],  5.00th=[ 3982], 10.00th=[ 4490], 20.00th=[ 5211],
     | 30.00th=[ 5932], 40.00th=[ 6718], 50.00th=[ 7635], 60.00th=[ 8717],
     | 70.00th=[10290], 80.00th=[12387], 90.00th=[16450], 95.00th=[20055],
     | 99.00th=[28705], 99.50th=[32637], 99.90th=[42730], 99.95th=[46400],
     | 99.99th=[54789]
   bw (  KiB/s): min=148352, max=246656, per=100.00%, avg=221052.88, stdev=23028.40, samples=120
   iops        : min= 2318, max= 3854, avg=3453.90, stdev=359.80, samples=120
  lat (usec)   : 1000=0.03%
  lat (msec)   : 2=0.87%, 4=4.19%, 10=63.61%, 20=26.19%, 50=5.11%
  lat (msec)   : 100=0.02%
  cpu          : usr=2.02%, sys=4.63%, ctx=128907, majf=0, minf=0
  IO depths    : 1=0.0%, 2=0.0%, 4=0.0%, 8=0.0%, 16=0.0%, 32=100.0%, >=64=0.0%
     submit    : 0=0.0%, 4=100.0%, 8=0.0%, 16=0.0%, 32=0.0%, 64=0.0%, >=64=0.0%
     complete  : 0=0.0%, 4=100.0%, 8=0.0%, 16=0.0%, 32=0.1%, 64=0.0%, >=64=0.0%
     issued rwts: total=0,207195,0,0 short=0,0,0,0 dropped=0,0,0,0
     latency   : target=0, window=0, percentile=100.00%, depth=32

Run status group 0 (all jobs):
  WRITE: bw=216MiB/s (226MB/s), 216MiB/s-216MiB/s (226MB/s-226MB/s), io=12.6GiB (13.6GB), run=60005-60005msec
