"randwrite_4k_32_1": (g=0): rw=randwrite, bs=(R) 4096B-4096B, (W) 4096B-4096B, (T) 4096B-4096B, ioengine=io_uring, iodepth=32
fio-3.28
Starting 1 thread

"randwrite_4k_32_1": (groupid=0, jobs=1): err= 0: pid=9051: Sat Sep 16 16:09:36 2023
  write: IOPS=595, BW=2382KiB/s (2439kB/s)(140MiB/60003msec); 0 zone resets
    slat (nsec): min=2155, max=48023, avg=4852.25, stdev=4068.45
    clat (usec): min=461, max=268360, avg=53763.21, stdev=49411.40
     lat (usec): min=466, max=268370, avg=53768.21, stdev=49411.28
    clat percentiles (usec):
     |  1.00th=[   709],  5.00th=[  1418], 10.00th=[  2147], 20.00th=[  3785],
     | 30.00th=[ 14484], 40.00th=[ 26084], 50.00th=[ 41157], 60.00th=[ 58459],
     | 70.00th=[ 76022], 80.00th=[100140], 90.00th=[126354], 95.00th=[143655],
     | 99.00th=[193987], 99.50th=[206570], 99.90th=[244319], 99.95th=[263193],
     | 99.99th=[267387]
   bw (  KiB/s): min= 1050, max= 5952, per=99.90%, avg=2380.63, stdev=794.78, samples=120
   iops        : min=  262, max= 1488, avg=595.13, stdev=198.69, samples=120
  lat (usec)   : 500=0.03%, 750=1.20%, 1000=1.67%
  lat (msec)   : 2=5.84%, 4=11.80%, 10=5.00%, 20=8.64%, 50=21.26%
  lat (msec)   : 100=24.71%, 250=19.84%, 500=0.09%
  cpu          : usr=0.15%, sys=0.33%, ctx=7370, majf=0, minf=0
  IO depths    : 1=0.0%, 2=0.0%, 4=0.0%, 8=0.0%, 16=0.0%, 32=100.0%, >=64=0.0%
     submit    : 0=0.0%, 4=100.0%, 8=0.0%, 16=0.0%, 32=0.0%, 64=0.0%, >=64=0.0%
     complete  : 0=0.0%, 4=100.0%, 8=0.0%, 16=0.0%, 32=0.1%, 64=0.0%, >=64=0.0%
     issued rwts: total=0,35705,0,0 short=0,0,0,0 dropped=0,0,0,0
     latency   : target=0, window=0, percentile=100.00%, depth=32

Run status group 0 (all jobs):
  WRITE: bw=2382KiB/s (2439kB/s), 2382KiB/s-2382KiB/s (2439kB/s-2439kB/s), io=140MiB (146MB), run=60003-60003msec
