"randwrite_16k_4_1": (g=0): rw=randwrite, bs=(R) 16.0KiB-16.0KiB, (W) 16.0KiB-16.0KiB, (T) 16.0KiB-16.0KiB, ioengine=io_uring, iodepth=4
fio-3.28
Starting 1 thread

"randwrite_16k_4_1": (groupid=0, jobs=1): err= 0: pid=9830: Sat Sep 16 16:14:19 2023
  write: IOPS=3749, BW=58.6MiB/s (61.4MB/s)(3516MiB/60001msec); 0 zone resets
    slat (usec): min=2, max=111, avg= 7.92, stdev= 4.91
    clat (usec): min=487, max=45261, avg=1056.63, stdev=659.94
     lat (usec): min=492, max=45267, avg=1064.73, stdev=659.86
    clat percentiles (usec):
     |  1.00th=[  635],  5.00th=[  709], 10.00th=[  758], 20.00th=[  824],
     | 30.00th=[  873], 40.00th=[  922], 50.00th=[  971], 60.00th=[ 1029],
     | 70.00th=[ 1090], 80.00th=[ 1188], 90.00th=[ 1352], 95.00th=[ 1647],
     | 99.00th=[ 2409], 99.50th=[ 2769], 99.90th=[ 5538], 99.95th=[15401],
     | 99.99th=[31065]
   bw (  KiB/s): min=52160, max=63168, per=100.00%, avg=60006.48, stdev=2101.79, samples=120
   iops        : min= 3260, max= 3948, avg=3750.37, stdev=131.34, samples=120
  lat (usec)   : 500=0.01%, 750=9.25%, 1000=45.85%
  lat (msec)   : 2=42.25%, 4=2.47%, 10=0.12%, 20=0.04%, 50=0.02%
  cpu          : usr=1.95%, sys=4.21%, ctx=171042, majf=0, minf=0
  IO depths    : 1=0.0%, 2=0.0%, 4=100.0%, 8=0.0%, 16=0.0%, 32=0.0%, >=64=0.0%
     submit    : 0=0.0%, 4=100.0%, 8=0.0%, 16=0.0%, 32=0.0%, 64=0.0%, >=64=0.0%
     complete  : 0=0.0%, 4=100.0%, 8=0.0%, 16=0.0%, 32=0.0%, 64=0.0%, >=64=0.0%
     issued rwts: total=0,224994,0,0 short=0,0,0,0 dropped=0,0,0,0
     latency   : target=0, window=0, percentile=100.00%, depth=4

Run status group 0 (all jobs):
  WRITE: bw=58.6MiB/s (61.4MB/s), 58.6MiB/s-58.6MiB/s (61.4MB/s-61.4MB/s), io=3516MiB (3686MB), run=60001-60001msec
