"randread_16k_8_1": (g=0): rw=randread, bs=(R) 16.0KiB-16.0KiB, (W) 16.0KiB-16.0KiB, (T) 16.0KiB-16.0KiB, ioengine=io_uring, iodepth=8
fio-3.28
Starting 1 thread

"randread_16k_8_1": (groupid=0, jobs=1): err= 0: pid=5935: Sat Sep 16 15:50:46 2023
  read: IOPS=6806, BW=106MiB/s (112MB/s)(6382MiB/60002msec)
    slat (nsec): min=2080, max=77099, avg=5168.24, stdev=3578.97
    clat (usec): min=179, max=17339, avg=1168.84, stdev=867.29
     lat (usec): min=187, max=17343, avg=1174.15, stdev=867.34
    clat percentiles (usec):
     |  1.00th=[  306],  5.00th=[  363], 10.00th=[  400], 20.00th=[  469],
     | 30.00th=[  545], 40.00th=[  701], 50.00th=[ 1074], 60.00th=[ 1319],
     | 70.00th=[ 1532], 80.00th=[ 1745], 90.00th=[ 2024], 95.00th=[ 2245],
     | 99.00th=[ 4948], 99.50th=[ 6063], 99.90th=[ 8979], 99.95th=[ 9765],
     | 99.99th=[11994]
   bw (  KiB/s): min=99136, max=118080, per=100.00%, avg=108927.64, stdev=3245.46, samples=120
   iops        : min= 6196, max= 7380, avg=6807.95, stdev=202.84, samples=120
  lat (usec)   : 250=0.35%, 500=24.05%, 750=17.42%, 1000=6.27%
  lat (msec)   : 2=41.19%, 4=9.49%, 10=1.19%, 20=0.04%
  cpu          : usr=2.27%, sys=5.30%, ctx=340991, majf=0, minf=0
  IO depths    : 1=0.0%, 2=0.0%, 4=0.0%, 8=100.0%, 16=0.0%, 32=0.0%, >=64=0.0%
     submit    : 0=0.0%, 4=100.0%, 8=0.0%, 16=0.0%, 32=0.0%, 64=0.0%, >=64=0.0%
     complete  : 0=0.0%, 4=100.0%, 8=0.1%, 16=0.0%, 32=0.0%, 64=0.0%, >=64=0.0%
     issued rwts: total=408420,0,0,0 short=0,0,0,0 dropped=0,0,0,0
     latency   : target=0, window=0, percentile=100.00%, depth=8

Run status group 0 (all jobs):
   READ: bw=106MiB/s (112MB/s), 106MiB/s-106MiB/s (112MB/s-112MB/s), io=6382MiB (6692MB), run=60002-60002msec
