"randwrite_16k_1_1": (g=0): rw=randwrite, bs=(R) 16.0KiB-16.0KiB, (W) 16.0KiB-16.0KiB, (T) 16.0KiB-16.0KiB, ioengine=io_uring, iodepth=1
fio-3.28
Starting 1 thread

"randwrite_16k_1_1": (groupid=0, jobs=1): err= 0: pid=13140: Sat Sep 16 16:34:23 2023
  write: IOPS=1504, BW=23.5MiB/s (24.6MB/s)(1410MiB/60001msec); 0 zone resets
    slat (nsec): min=5386, max=13127, avg=5850.99, stdev=412.62
    clat (usec): min=461, max=25632, avg=658.01, stdev=242.55
     lat (usec): min=466, max=25638, avg=663.99, stdev=242.55
    clat percentiles (usec):
     |  1.00th=[  506],  5.00th=[  529], 10.00th=[  545], 20.00th=[  570],
     | 30.00th=[  586], 40.00th=[  603], 50.00th=[  619], 60.00th=[  644],
     | 70.00th=[  668], 80.00th=[  693], 90.00th=[  750], 95.00th=[  816],
     | 99.00th=[ 1663], 99.50th=[ 1795], 99.90th=[ 2147], 99.95th=[ 2900],
     | 99.99th=[ 8160]
   bw (  KiB/s): min=22656, max=25266, per=100.00%, avg=24066.94, stdev=504.31, samples=120
   iops        : min= 1416, max= 1579, avg=1504.17, stdev=31.52, samples=120
  lat (usec)   : 500=0.57%, 750=89.51%, 1000=7.40%
  lat (msec)   : 2=2.36%, 4=0.13%, 10=0.02%, 20=0.01%, 50=0.01%
  cpu          : usr=0.35%, sys=1.40%, ctx=90246, majf=0, minf=0
  IO depths    : 1=100.0%, 2=0.0%, 4=0.0%, 8=0.0%, 16=0.0%, 32=0.0%, >=64=0.0%
     submit    : 0=0.0%, 4=100.0%, 8=0.0%, 16=0.0%, 32=0.0%, 64=0.0%, >=64=0.0%
     complete  : 0=0.0%, 4=100.0%, 8=0.0%, 16=0.0%, 32=0.0%, 64=0.0%, >=64=0.0%
     issued rwts: total=0,90246,0,0 short=0,0,0,0 dropped=0,0,0,0
     latency   : target=0, window=0, percentile=100.00%, depth=1

Run status group 0 (all jobs):
  WRITE: bw=23.5MiB/s (24.6MB/s), 23.5MiB/s-23.5MiB/s (24.6MB/s-24.6MB/s), io=1410MiB (1479MB), run=60001-60001msec
