"randread_4k_32_1": (g=0): rw=randread, bs=(R) 4096B-4096B, (W) 4096B-4096B, (T) 4096B-4096B, ioengine=io_uring, iodepth=32
fio-3.28
Starting 1 thread

"randread_4k_32_1": (groupid=0, jobs=1): err= 0: pid=4964: Sat Sep 16 15:44:53 2023
  read: IOPS=312, BW=1254KiB/s (1284kB/s)(73.5MiB/60001msec)
    slat (nsec): min=1788, max=34060, avg=3476.89, stdev=2981.08
    clat (usec): min=220, max=235356, avg=102292.98, stdev=48645.43
     lat (usec): min=223, max=235359, avg=102296.59, stdev=48645.25
    clat percentiles (usec):
     |  1.00th=[   519],  5.00th=[  1188], 10.00th=[  1860], 20.00th=[ 80217],
     | 30.00th=[ 95945], 40.00th=[104334], 50.00th=[111674], 60.00th=[120062],
     | 70.00th=[128451], 80.00th=[139461], 90.00th=[152044], 95.00th=[160433],
     | 99.00th=[193987], 99.50th=[200279], 99.90th=[233833], 99.95th=[233833],
     | 99.99th=[235930]
   bw (  KiB/s): min=  768, max= 2888, per=99.84%, avg=1252.07, stdev=259.62, samples=120
   iops        : min=  192, max=  722, avg=312.97, stdev=64.91, samples=120
  lat (usec)   : 250=0.04%, 500=0.86%, 750=1.32%, 1000=1.61%
  lat (msec)   : 2=6.93%, 4=3.09%, 10=0.84%, 50=0.32%, 100=18.99%
  lat (msec)   : 250=66.15%
  cpu          : usr=0.07%, sys=0.12%, ctx=3165, majf=0, minf=0
  IO depths    : 1=0.0%, 2=0.0%, 4=0.0%, 8=0.0%, 16=0.0%, 32=100.0%, >=64=0.0%
     submit    : 0=0.0%, 4=100.0%, 8=0.0%, 16=0.0%, 32=0.0%, 64=0.0%, >=64=0.0%
     complete  : 0=0.0%, 4=100.0%, 8=0.0%, 16=0.0%, 32=0.1%, 64=0.0%, >=64=0.0%
     issued rwts: total=18779,0,0,0 short=0,0,0,0 dropped=0,0,0,0
     latency   : target=0, window=0, percentile=100.00%, depth=32

Run status group 0 (all jobs):
   READ: bw=1254KiB/s (1284kB/s), 1254KiB/s-1254KiB/s (1284kB/s-1284kB/s), io=73.5MiB (77.0MB), run=60001-60001msec
