"randwrite_16k_32_1": (g=0): rw=randwrite, bs=(R) 16.0KiB-16.0KiB, (W) 16.0KiB-16.0KiB, (T) 16.0KiB-16.0KiB, ioengine=io_uring, iodepth=32
fio-3.28
Starting 1 thread

"randwrite_16k_32_1": (groupid=0, jobs=1): err= 0: pid=10409: Sat Sep 16 16:17:50 2023
  write: IOPS=491, BW=7865KiB/s (8054kB/s)(461MiB/60003msec); 0 zone resets
    slat (nsec): min=2635, max=57699, avg=5404.03, stdev=4310.02
    clat (usec): min=540, max=259385, avg=65169.76, stdev=50681.58
     lat (usec): min=562, max=259389, avg=65175.33, stdev=50681.53
    clat percentiles (usec):
     |  1.00th=[  1139],  5.00th=[  2606], 10.00th=[  3687], 20.00th=[ 17433],
     | 30.00th=[ 31065], 40.00th=[ 41681], 50.00th=[ 53740], 60.00th=[ 69731],
     | 70.00th=[ 88605], 80.00th=[112722], 90.00th=[135267], 95.00th=[156238],
     | 99.00th=[202376], 99.50th=[219153], 99.90th=[242222], 99.95th=[256902],
     | 99.99th=[258999]
   bw (  KiB/s): min= 3360, max=17280, per=99.91%, avg=7858.53, stdev=2543.82, samples=120
   iops        : min=  210, max= 1080, avg=491.10, stdev=159.00, samples=120
  lat (usec)   : 750=0.20%, 1000=0.49%
  lat (msec)   : 2=2.16%, 4=8.28%, 10=4.92%, 20=5.20%, 50=24.77%
  lat (msec)   : 100=28.42%, 250=25.57%, 500=0.10%
  cpu          : usr=0.09%, sys=0.32%, ctx=5066, majf=0, minf=0
  IO depths    : 1=0.0%, 2=0.0%, 4=0.0%, 8=0.0%, 16=0.0%, 32=100.0%, >=64=0.0%
     submit    : 0=0.0%, 4=100.0%, 8=0.0%, 16=0.0%, 32=0.0%, 64=0.0%, >=64=0.0%
     complete  : 0=0.0%, 4=100.0%, 8=0.0%, 16=0.0%, 32=0.1%, 64=0.0%, >=64=0.0%
     issued rwts: total=0,29464,0,0 short=0,0,0,0 dropped=0,0,0,0
     latency   : target=0, window=0, percentile=100.00%, depth=32

Run status group 0 (all jobs):
  WRITE: bw=7865KiB/s (8054kB/s), 7865KiB/s-7865KiB/s (8054kB/s-8054kB/s), io=461MiB (483MB), run=60003-60003msec
