"randwrite_16k_8_1": (g=0): rw=randwrite, bs=(R) 16.0KiB-16.0KiB, (W) 16.0KiB-16.0KiB, (T) 16.0KiB-16.0KiB, ioengine=io_uring, iodepth=8
fio-3.28
Starting 1 thread

"randwrite_16k_8_1": (groupid=0, jobs=1): err= 0: pid=151085: Wed Jul 19 19:46:04 2023
  write: IOPS=77.9k, BW=1218MiB/s (1277MB/s)(71.4GiB/60001msec); 0 zone resets
    slat (nsec): min=2613, max=35348, avg=3443.74, stdev=451.66
    clat (usec): min=54, max=2919, avg=98.65, stdev=20.06
     lat (usec): min=60, max=2922, avg=102.18, stdev=20.00
    clat percentiles (usec):
     |  1.00th=[   74],  5.00th=[   79], 10.00th=[   83], 20.00th=[   88],
     | 30.00th=[   92], 40.00th=[   94], 50.00th=[   96], 60.00th=[   99],
     | 70.00th=[  102], 80.00th=[  105], 90.00th=[  111], 95.00th=[  118],
     | 99.00th=[  198], 99.50th=[  206], 99.90th=[  221], 99.95th=[  227],
     | 99.99th=[  265]
   bw (  MiB/s): min= 1144, max= 1231, per=100.00%, avg=1217.89, stdev= 9.13, samples=120
   iops        : min=73222, max=78824, avg=77944.87, stdev=584.09, samples=120
  lat (usec)   : 100=64.83%, 250=35.15%, 500=0.01%, 750=0.01%, 1000=0.01%
  lat (msec)   : 2=0.01%, 4=0.01%
  cpu          : usr=12.62%, sys=33.36%, ctx=3128418, majf=0, minf=0
  IO depths    : 1=0.0%, 2=0.0%, 4=0.0%, 8=100.0%, 16=0.0%, 32=0.0%, >=64=0.0%
     submit    : 0=0.0%, 4=100.0%, 8=0.0%, 16=0.0%, 32=0.0%, 64=0.0%, >=64=0.0%
     complete  : 0=0.0%, 4=100.0%, 8=0.1%, 16=0.0%, 32=0.0%, 64=0.0%, >=64=0.0%
     issued rwts: total=0,4676523,0,0 short=0,0,0,0 dropped=0,0,0,0
     latency   : target=0, window=0, percentile=100.00%, depth=8

Run status group 0 (all jobs):
  WRITE: bw=1218MiB/s (1277MB/s), 1218MiB/s-1218MiB/s (1277MB/s-1277MB/s), io=71.4GiB (76.6GB), run=60001-60001msec
