"randwrite_64k_4_1": (g=0): rw=randwrite, bs=(R) 64.0KiB-64.0KiB, (W) 64.0KiB-64.0KiB, (T) 64.0KiB-64.0KiB, ioengine=io_uring, iodepth=4
fio-3.28
Starting 1 thread

"randwrite_64k_4_1": (groupid=0, jobs=1): err= 0: pid=151136: Wed Jul 19 19:53:06 2023
  write: IOPS=25.5k, BW=1597MiB/s (1674MB/s)(93.6GiB/60001msec); 0 zone resets
    slat (nsec): min=4295, max=42340, avg=5783.52, stdev=1616.64
    clat (usec): min=102, max=1354, avg=149.98, stdev=22.63
     lat (usec): min=108, max=1359, avg=155.84, stdev=22.68
    clat percentiles (usec):
     |  1.00th=[  133],  5.00th=[  137], 10.00th=[  139], 20.00th=[  141],
     | 30.00th=[  141], 40.00th=[  143], 50.00th=[  143], 60.00th=[  145],
     | 70.00th=[  147], 80.00th=[  151], 90.00th=[  163], 95.00th=[  219],
     | 99.00th=[  243], 99.50th=[  249], 99.90th=[  265], 99.95th=[  273],
     | 99.99th=[  310]
   bw (  MiB/s): min= 1498, max= 1612, per=100.00%, avg=1596.92, stdev=11.37, samples=120
   iops        : min=23978, max=25796, avg=25550.67, stdev=181.98, samples=120
  lat (usec)   : 250=99.56%, 500=0.44%, 750=0.01%, 1000=0.01%
  lat (msec)   : 2=0.01%
  cpu          : usr=7.15%, sys=16.82%, ctx=1527532, majf=0, minf=0
  IO depths    : 1=0.0%, 2=0.0%, 4=100.0%, 8=0.0%, 16=0.0%, 32=0.0%, >=64=0.0%
     submit    : 0=0.0%, 4=100.0%, 8=0.0%, 16=0.0%, 32=0.0%, 64=0.0%, >=64=0.0%
     complete  : 0=0.0%, 4=100.0%, 8=0.0%, 16=0.0%, 32=0.0%, 64=0.0%, >=64=0.0%
     issued rwts: total=0,1532983,0,0 short=0,0,0,0 dropped=0,0,0,0
     latency   : target=0, window=0, percentile=100.00%, depth=4

Run status group 0 (all jobs):
  WRITE: bw=1597MiB/s (1674MB/s), 1597MiB/s-1597MiB/s (1674MB/s-1674MB/s), io=93.6GiB (100GB), run=60001-60001msec
