"randwrite_64k_1_1": (g=0): rw=randwrite, bs=(R) 64.0KiB-64.0KiB, (W) 64.0KiB-64.0KiB, (T) 64.0KiB-64.0KiB, ioengine=io_uring, iodepth=1
fio-3.28
Starting 1 thread

"randwrite_64k_1_1": (groupid=0, jobs=1): err= 0: pid=151233: Wed Jul 19 20:06:05 2023
  write: IOPS=7567, BW=473MiB/s (496MB/s)(27.7GiB/60001msec); 0 zone resets
    slat (nsec): min=7769, max=51618, avg=8423.97, stdev=542.42
    clat (usec): min=81, max=5067, avg=122.52, stdev=20.37
     lat (usec): min=108, max=5075, avg=131.11, stdev=20.37
    clat percentiles (usec):
     |  1.00th=[  112],  5.00th=[  113], 10.00th=[  114], 20.00th=[  115],
     | 30.00th=[  116], 40.00th=[  117], 50.00th=[  117], 60.00th=[  118],
     | 70.00th=[  120], 80.00th=[  122], 90.00th=[  151], 95.00th=[  172],
     | 99.00th=[  186], 99.50th=[  190], 99.90th=[  196], 99.95th=[  204],
     | 99.99th=[  247]
   bw (  KiB/s): min=444672, max=492544, per=100.00%, avg=484380.00, stdev=5449.34, samples=120
   iops        : min= 6948, max= 7696, avg=7568.42, stdev=85.15, samples=120
  lat (usec)   : 100=0.01%, 250=99.99%, 500=0.01%, 750=0.01%, 1000=0.01%
  lat (msec)   : 2=0.01%, 4=0.01%, 10=0.01%
  cpu          : usr=2.70%, sys=8.22%, ctx=454730, majf=0, minf=0
  IO depths    : 1=100.0%, 2=0.0%, 4=0.0%, 8=0.0%, 16=0.0%, 32=0.0%, >=64=0.0%
     submit    : 0=0.0%, 4=100.0%, 8=0.0%, 16=0.0%, 32=0.0%, 64=0.0%, >=64=0.0%
     complete  : 0=0.0%, 4=100.0%, 8=0.0%, 16=0.0%, 32=0.0%, 64=0.0%, >=64=0.0%
     issued rwts: total=0,454083,0,0 short=0,0,0,0 dropped=0,0,0,0
     latency   : target=0, window=0, percentile=100.00%, depth=1

Run status group 0 (all jobs):
  WRITE: bw=473MiB/s (496MB/s), 473MiB/s-473MiB/s (496MB/s-496MB/s), io=27.7GiB (29.8GB), run=60001-60001msec
