"randread_4k_64_1": (g=0): rw=randread, bs=(R) 4096B-4096B, (W) 4096B-4096B, (T) 4096B-4096B, ioengine=io_uring, iodepth=64
fio-3.28
Starting 1 thread

"randread_4k_64_1": (groupid=0, jobs=1): err= 0: pid=150874: Wed Jul 19 19:16:45 2023
  read: IOPS=131k, BW=514MiB/s (539MB/s)(30.1GiB/60001msec)
    slat (nsec): min=1691, max=50783, avg=2218.70, stdev=932.30
    clat (usec): min=164, max=871, avg=483.76, stdev=28.94
     lat (usec): min=167, max=874, avg=486.05, stdev=28.60
    clat percentiles (usec):
     |  1.00th=[  404],  5.00th=[  437], 10.00th=[  457], 20.00th=[  474],
     | 30.00th=[  478], 40.00th=[  482], 50.00th=[  482], 60.00th=[  486],
     | 70.00th=[  486], 80.00th=[  494], 90.00th=[  515], 95.00th=[  529],
     | 99.00th=[  570], 99.50th=[  594], 99.90th=[  676], 99.95th=[  709],
     | 99.99th=[  758]
   bw (  KiB/s): min=504576, max=528144, per=100.00%, avg=526027.04, stdev=2734.24, samples=120
   iops        : min=126144, max=132036, avg=131506.75, stdev=683.56, samples=120
  lat (usec)   : 250=0.01%, 500=84.20%, 750=15.77%, 1000=0.02%
  cpu          : usr=13.70%, sys=30.74%, ctx=476448, majf=0, minf=0
  IO depths    : 1=0.0%, 2=0.0%, 4=0.0%, 8=0.0%, 16=0.0%, 32=0.0%, >=64=100.0%
     submit    : 0=0.0%, 4=100.0%, 8=0.0%, 16=0.0%, 32=0.0%, 64=0.0%, >=64=0.0%
     complete  : 0=0.0%, 4=100.0%, 8=0.0%, 16=0.0%, 32=0.0%, 64=0.1%, >=64=0.0%
     issued rwts: total=7890074,0,0,0 short=0,0,0,0 dropped=0,0,0,0
     latency   : target=0, window=0, percentile=100.00%, depth=64

Run status group 0 (all jobs):
   READ: bw=514MiB/s (539MB/s), 514MiB/s-514MiB/s (539MB/s-539MB/s), io=30.1GiB (32.3GB), run=60001-60001msec
