"randread_4k_4_1": (g=0): rw=randread, bs=(R) 4096B-4096B, (W) 4096B-4096B, (T) 4096B-4096B, ioengine=io_uring, iodepth=4
fio-3.28
Starting 1 thread

"randread_4k_4_1": (groupid=0, jobs=1): err= 0: pid=150838: Wed Jul 19 19:12:03 2023
  read: IOPS=78.2k, BW=306MiB/s (321MB/s)(17.9GiB/60001msec)
    slat (nsec): min=1820, max=30988, avg=2373.12, stdev=265.50
    clat (usec): min=17, max=358, avg=48.25, stdev=18.66
     lat (usec): min=34, max=360, avg=50.69, stdev=18.60
    clat percentiles (usec):
     |  1.00th=[   36],  5.00th=[   37], 10.00th=[   37], 20.00th=[   39],
     | 30.00th=[   40], 40.00th=[   44], 50.00th=[   46], 60.00th=[   48],
     | 70.00th=[   49], 80.00th=[   56], 90.00th=[   59], 95.00th=[   61],
     | 99.00th=[  176], 99.50th=[  184], 99.90th=[  198], 99.95th=[  202],
     | 99.99th=[  212]
   bw (  KiB/s): min=302584, max=314440, per=100.00%, avg=313007.94, stdev=1429.59, samples=120
   iops        : min=75646, max=78610, avg=78251.98, stdev=357.39, samples=120
  lat (usec)   : 20=0.01%, 50=77.11%, 100=21.26%, 250=1.63%, 500=0.01%
  cpu          : usr=11.67%, sys=27.02%, ctx=3777355, majf=0, minf=0
  IO depths    : 1=0.0%, 2=0.0%, 4=100.0%, 8=0.0%, 16=0.0%, 32=0.0%, >=64=0.0%
     submit    : 0=0.0%, 4=100.0%, 8=0.0%, 16=0.0%, 32=0.0%, 64=0.0%, >=64=0.0%
     complete  : 0=0.0%, 4=100.0%, 8=0.0%, 16=0.0%, 32=0.0%, 64=0.0%, >=64=0.0%
     issued rwts: total=4694959,0,0,0 short=0,0,0,0 dropped=0,0,0,0
     latency   : target=0, window=0, percentile=100.00%, depth=4

Run status group 0 (all jobs):
   READ: bw=306MiB/s (321MB/s), 306MiB/s-306MiB/s (321MB/s-321MB/s), io=17.9GiB (19.2GB), run=60001-60001msec
