"randread_64k_1_1": (g=0): rw=randread, bs=(R) 64.0KiB-64.0KiB, (W) 64.0KiB-64.0KiB, (T) 64.0KiB-64.0KiB, ioengine=io_uring, iodepth=1
fio-3.28
Starting 1 thread

"randread_64k_1_1": (groupid=0, jobs=1): err= 0: pid=61187: Thu Aug 10 14:27:31 2023
  read: IOPS=1525, BW=95.3MiB/s (100.0MB/s)(5719MiB/60001msec)
    slat (nsec): min=9451, max=74932, avg=11170.58, stdev=780.79
    clat (usec): min=143, max=25723, avg=643.33, stdev=212.94
     lat (usec): min=154, max=25734, avg=654.66, stdev=212.94
    clat percentiles (usec):
     |  1.00th=[  157],  5.00th=[  167], 10.00th=[  355], 20.00th=[  586],
     | 30.00th=[  619], 40.00th=[  652], 50.00th=[  685], 60.00th=[  701],
     | 70.00th=[  734], 80.00th=[  766], 90.00th=[  816], 95.00th=[  857],
     | 99.00th=[  947], 99.50th=[  996], 99.90th=[ 1139], 99.95th=[ 1221],
     | 99.99th=[ 2737]
   bw (  KiB/s): min=91776, max=101632, per=100.00%, avg=97619.32, stdev=2168.14, samples=120
   iops        : min= 1434, max= 1588, avg=1525.28, stdev=33.89, samples=120
  lat (usec)   : 250=9.19%, 500=3.57%, 750=63.89%, 1000=22.89%
  lat (msec)   : 2=0.45%, 4=0.01%, 10=0.01%, 50=0.01%
  cpu          : usr=0.44%, sys=2.21%, ctx=91516, majf=0, minf=0
  IO depths    : 1=100.0%, 2=0.0%, 4=0.0%, 8=0.0%, 16=0.0%, 32=0.0%, >=64=0.0%
     submit    : 0=0.0%, 4=100.0%, 8=0.0%, 16=0.0%, 32=0.0%, 64=0.0%, >=64=0.0%
     complete  : 0=0.0%, 4=100.0%, 8=0.0%, 16=0.0%, 32=0.0%, 64=0.0%, >=64=0.0%
     issued rwts: total=91511,0,0,0 short=0,0,0,0 dropped=0,0,0,0
     latency   : target=0, window=0, percentile=100.00%, depth=1

Run status group 0 (all jobs):
   READ: bw=95.3MiB/s (100.0MB/s), 95.3MiB/s-95.3MiB/s (100.0MB/s-100.0MB/s), io=5719MiB (5997MB), run=60001-60001msec
