"randwrite_4k_4_1": (g=0): rw=randwrite, bs=(R) 4096B-4096B, (W) 4096B-4096B, (T) 4096B-4096B, ioengine=io_uring, iodepth=4
fio-3.28
Starting 1 thread

"randwrite_4k_4_1": (groupid=0, jobs=1): err= 0: pid=60034: Thu Aug 10 14:01:37 2023
  write: IOPS=2490, BW=9962KiB/s (10.2MB/s)(584MiB/60002msec); 0 zone resets
    slat (nsec): min=2405, max=65924, avg=7422.26, stdev=4343.25
    clat (usec): min=679, max=51649, avg=1596.49, stdev=871.80
     lat (usec): min=689, max=51658, avg=1604.11, stdev=871.75
    clat percentiles (usec):
     |  1.00th=[  938],  5.00th=[ 1106], 10.00th=[ 1172], 20.00th=[ 1270],
     | 30.00th=[ 1336], 40.00th=[ 1418], 50.00th=[ 1483], 60.00th=[ 1582],
     | 70.00th=[ 1680], 80.00th=[ 1827], 90.00th=[ 2089], 95.00th=[ 2343],
     | 99.00th=[ 3032], 99.50th=[ 3458], 99.90th=[ 9372], 99.95th=[20317],
     | 99.99th=[40109]
   bw (  KiB/s): min= 7128, max=11664, per=100.00%, avg=9963.43, stdev=978.60, samples=120
   iops        : min= 1782, max= 2916, avg=2490.83, stdev=244.65, samples=120
  lat (usec)   : 750=0.04%, 1000=1.69%
  lat (msec)   : 2=85.93%, 4=12.07%, 10=0.17%, 20=0.04%, 50=0.05%
  lat (msec)   : 100=0.01%
  cpu          : usr=1.17%, sys=3.00%, ctx=133111, majf=0, minf=0
  IO depths    : 1=0.0%, 2=0.0%, 4=100.0%, 8=0.0%, 16=0.0%, 32=0.0%, >=64=0.0%
     submit    : 0=0.0%, 4=100.0%, 8=0.0%, 16=0.0%, 32=0.0%, 64=0.0%, >=64=0.0%
     complete  : 0=0.0%, 4=100.0%, 8=0.0%, 16=0.0%, 32=0.0%, 64=0.0%, >=64=0.0%
     issued rwts: total=0,149437,0,0 short=0,0,0,0 dropped=0,0,0,0
     latency   : target=0, window=0, percentile=100.00%, depth=4

Run status group 0 (all jobs):
  WRITE: bw=9962KiB/s (10.2MB/s), 9962KiB/s-9962KiB/s (10.2MB/s-10.2MB/s), io=584MiB (612MB), run=60002-60002msec
