"randwrite_4k_32_1": (g=0): rw=randwrite, bs=(R) 4096B-4096B, (W) 4096B-4096B, (T) 4096B-4096B, ioengine=io_uring, iodepth=32
fio-3.28
Starting 1 thread

"randwrite_4k_32_1": (groupid=0, jobs=1): err= 0: pid=60188: Thu Aug 10 14:05:08 2023
  write: IOPS=1630, BW=6524KiB/s (6681kB/s)(382MiB/60008msec); 0 zone resets
    slat (nsec): min=2306, max=44356, avg=10392.17, stdev=5655.62
    clat (usec): min=721, max=57216, avg=19607.62, stdev=2728.02
     lat (usec): min=731, max=57222, avg=19618.36, stdev=2727.95
    clat percentiles (usec):
     |  1.00th=[ 1713],  5.00th=[17695], 10.00th=[18482], 20.00th=[19006],
     | 30.00th=[19530], 40.00th=[19792], 50.00th=[20055], 60.00th=[20055],
     | 70.00th=[20317], 80.00th=[20579], 90.00th=[20841], 95.00th=[21103],
     | 99.00th=[21890], 99.50th=[22676], 99.90th=[44827], 99.95th=[51119],
     | 99.99th=[55837]
   bw (  KiB/s): min= 6064, max= 7152, per=99.99%, avg=6524.13, stdev=170.62, samples=120
   iops        : min= 1516, max= 1788, avg=1631.02, stdev=42.65, samples=120
  lat (usec)   : 750=0.01%, 1000=0.11%
  lat (msec)   : 2=1.08%, 4=0.23%, 10=0.17%, 20=51.76%, 50=46.62%
  lat (msec)   : 100=0.06%
  cpu          : usr=1.22%, sys=2.75%, ctx=94944, majf=0, minf=0
  IO depths    : 1=0.0%, 2=0.0%, 4=0.0%, 8=0.0%, 16=0.0%, 32=100.0%, >=64=0.0%
     submit    : 0=0.0%, 4=100.0%, 8=0.0%, 16=0.0%, 32=0.0%, 64=0.0%, >=64=0.0%
     complete  : 0=0.0%, 4=100.0%, 8=0.0%, 16=0.0%, 32=0.1%, 64=0.0%, >=64=0.0%
     issued rwts: total=0,97849,0,0 short=0,0,0,0 dropped=0,0,0,0
     latency   : target=0, window=0, percentile=100.00%, depth=32

Run status group 0 (all jobs):
  WRITE: bw=6524KiB/s (6681kB/s), 6524KiB/s-6524KiB/s (6681kB/s-6681kB/s), io=382MiB (401MB), run=60008-60008msec
