"randwrite_4k_1_1": (g=0): rw=randwrite, bs=(R) 4096B-4096B, (W) 4096B-4096B, (T) 4096B-4096B, ioengine=io_uring, iodepth=1
fio-3.28
Starting 1 thread

"randwrite_4k_1_1": (groupid=0, jobs=1): err= 0: pid=61236: Thu Aug 10 14:28:42 2023
  write: IOPS=906, BW=3625KiB/s (3712kB/s)(212MiB/60001msec); 0 zone resets
    slat (nsec): min=4464, max=24098, avg=6387.55, stdev=1206.63
    clat (usec): min=726, max=35510, avg=1095.54, stdev=600.86
     lat (usec): min=734, max=35518, avg=1102.15, stdev=600.86
    clat percentiles (usec):
     |  1.00th=[  848],  5.00th=[  906], 10.00th=[  930], 20.00th=[  971],
     | 30.00th=[  996], 40.00th=[ 1020], 50.00th=[ 1037], 60.00th=[ 1057],
     | 70.00th=[ 1074], 80.00th=[ 1106], 90.00th=[ 1172], 95.00th=[ 1303],
     | 99.00th=[ 2409], 99.50th=[ 2769], 99.90th=[ 5276], 99.95th=[17433],
     | 99.99th=[23987]
   bw (  KiB/s): min= 2912, max= 4160, per=100.00%, avg=3625.02, stdev=234.48, samples=120
   iops        : min=  728, max= 1040, avg=906.23, stdev=58.62, samples=120
  lat (usec)   : 750=0.02%, 1000=32.40%
  lat (msec)   : 2=65.38%, 4=2.03%, 10=0.10%, 20=0.03%, 50=0.03%
  cpu          : usr=0.31%, sys=0.94%, ctx=54378, majf=0, minf=0
  IO depths    : 1=100.0%, 2=0.0%, 4=0.0%, 8=0.0%, 16=0.0%, 32=0.0%, >=64=0.0%
     submit    : 0=0.0%, 4=100.0%, 8=0.0%, 16=0.0%, 32=0.0%, 64=0.0%, >=64=0.0%
     complete  : 0=0.0%, 4=100.0%, 8=0.0%, 16=0.0%, 32=0.0%, 64=0.0%, >=64=0.0%
     issued rwts: total=0,54373,0,0 short=0,0,0,0 dropped=0,0,0,0
     latency   : target=0, window=0, percentile=100.00%, depth=1

Run status group 0 (all jobs):
  WRITE: bw=3625KiB/s (3712kB/s), 3625KiB/s-3625KiB/s (3712kB/s-3712kB/s), io=212MiB (223MB), run=60001-60001msec
