"randread_4k_4_1": (g=0): rw=randread, bs=(R) 4096B-4096B, (W) 4096B-4096B, (T) 4096B-4096B, ioengine=io_uring, iodepth=4
fio-3.28
Starting 1 thread

"randread_4k_4_1": (groupid=0, jobs=1): err= 0: pid=58892: Thu Aug 10 13:36:58 2023
  read: IOPS=7379, BW=28.8MiB/s (30.2MB/s)(1730MiB/60001msec)
    slat (nsec): min=2023, max=61344, avg=4414.41, stdev=2134.28
    clat (usec): min=77, max=8087, avg=536.61, stdev=172.74
     lat (usec): min=80, max=8091, avg=541.15, stdev=172.80
    clat percentiles (usec):
     |  1.00th=[  125],  5.00th=[  221], 10.00th=[  359], 20.00th=[  420],
     | 30.00th=[  457], 40.00th=[  494], 50.00th=[  529], 60.00th=[  562],
     | 70.00th=[  611], 80.00th=[  668], 90.00th=[  750], 95.00th=[  824],
     | 99.00th=[  979], 99.50th=[ 1057], 99.90th=[ 1221], 99.95th=[ 1303],
     | 99.99th=[ 2024]
   bw (  KiB/s): min=26404, max=32272, per=100.00%, avg=29519.53, stdev=1409.01, samples=120
   iops        : min= 6601, max= 8068, avg=7379.87, stdev=352.25, samples=120
  lat (usec)   : 100=0.23%, 250=5.87%, 500=36.18%, 750=47.75%, 1000=9.14%
  lat (msec)   : 2=0.81%, 4=0.01%, 10=0.01%
  cpu          : usr=2.01%, sys=4.89%, ctx=382533, majf=0, minf=0
  IO depths    : 1=0.0%, 2=0.0%, 4=100.0%, 8=0.0%, 16=0.0%, 32=0.0%, >=64=0.0%
     submit    : 0=0.0%, 4=100.0%, 8=0.0%, 16=0.0%, 32=0.0%, 64=0.0%, >=64=0.0%
     complete  : 0=0.0%, 4=100.0%, 8=0.0%, 16=0.0%, 32=0.0%, 64=0.0%, >=64=0.0%
     issued rwts: total=442762,0,0,0 short=0,0,0,0 dropped=0,0,0,0
     latency   : target=0, window=0, percentile=100.00%, depth=4

Run status group 0 (all jobs):
   READ: bw=28.8MiB/s (30.2MB/s), 28.8MiB/s-28.8MiB/s (30.2MB/s-30.2MB/s), io=1730MiB (1814MB), run=60001-60001msec
