"randwrite_16k_16_1": (g=0): rw=randwrite, bs=(R) 16.0KiB-16.0KiB, (W) 16.0KiB-16.0KiB, (T) 16.0KiB-16.0KiB, ioengine=io_uring, iodepth=16
fio-3.28
Starting 1 thread

"randwrite_16k_16_1": (groupid=0, jobs=1): err= 0: pid=60501: Thu Aug 10 14:12:11 2023
  write: IOPS=2887, BW=45.1MiB/s (47.3MB/s)(2708MiB/60002msec); 0 zone resets
    slat (nsec): min=2940, max=89834, avg=8184.82, stdev=4493.09
    clat (usec): min=755, max=113290, avg=5529.80, stdev=2464.85
     lat (usec): min=766, max=113294, avg=5538.18, stdev=2465.04
    clat percentiles (usec):
     |  1.00th=[  1237],  5.00th=[  4015], 10.00th=[  4359], 20.00th=[  4621],
     | 30.00th=[  4817], 40.00th=[  5014], 50.00th=[  5211], 60.00th=[  5538],
     | 70.00th=[  5866], 80.00th=[  6390], 90.00th=[  7046], 95.00th=[  7504],
     | 99.00th=[  8717], 99.50th=[ 11076], 99.90th=[ 36439], 99.95th=[ 43779],
     | 99.99th=[104334]
   bw (  KiB/s): min=22592, max=60992, per=100.00%, avg=46214.90, stdev=6346.64, samples=120
   iops        : min= 1412, max= 3812, avg=2888.40, stdev=396.66, samples=120
  lat (usec)   : 1000=0.26%
  lat (msec)   : 2=1.92%, 4=2.74%, 10=94.49%, 20=0.25%, 50=0.31%
  lat (msec)   : 100=0.02%, 250=0.02%
  cpu          : usr=1.51%, sys=3.45%, ctx=163302, majf=0, minf=0
  IO depths    : 1=0.0%, 2=0.0%, 4=0.0%, 8=0.0%, 16=100.0%, 32=0.0%, >=64=0.0%
     submit    : 0=0.0%, 4=100.0%, 8=0.0%, 16=0.0%, 32=0.0%, 64=0.0%, >=64=0.0%
     complete  : 0=0.0%, 4=100.0%, 8=0.0%, 16=0.1%, 32=0.0%, 64=0.0%, >=64=0.0%
     issued rwts: total=0,173283,0,0 short=0,0,0,0 dropped=0,0,0,0
     latency   : target=0, window=0, percentile=100.00%, depth=16

Run status group 0 (all jobs):
  WRITE: bw=45.1MiB/s (47.3MB/s), 45.1MiB/s-45.1MiB/s (47.3MB/s-47.3MB/s), io=2708MiB (2839MB), run=60002-60002msec
