"randwrite_4k_64_1": (g=0): rw=randwrite, bs=(R) 4096B-4096B, (W) 4096B-4096B, (T) 4096B-4096B, ioengine=io_uring, iodepth=64
fio-3.28
Starting 1 thread

"randwrite_4k_64_1": (groupid=0, jobs=1): err= 0: pid=60243: Thu Aug 10 14:06:19 2023
  write: IOPS=1610, BW=6446KiB/s (6601kB/s)(378MiB/60026msec); 0 zone resets
    slat (nsec): min=2228, max=93597, avg=11399.96, stdev=5744.79
    clat (usec): min=7654, max=75189, avg=39711.30, stdev=3185.75
     lat (usec): min=7662, max=75197, avg=39723.01, stdev=3185.86
    clat percentiles (usec):
     |  1.00th=[22414],  5.00th=[35914], 10.00th=[37487], 20.00th=[39060],
     | 30.00th=[39584], 40.00th=[40109], 50.00th=[40109], 60.00th=[40633],
     | 70.00th=[40633], 80.00th=[41157], 90.00th=[41681], 95.00th=[42206],
     | 99.00th=[42730], 99.50th=[43779], 99.90th=[62653], 99.95th=[68682],
     | 99.99th=[71828]
   bw (  KiB/s): min= 6008, max= 7232, per=99.98%, avg=6445.75, stdev=207.34, samples=120
   iops        : min= 1502, max= 1808, avg=1611.43, stdev=51.83, samples=120
  lat (msec)   : 10=0.01%, 20=0.22%, 50=99.51%, 100=0.32%
  cpu          : usr=1.37%, sys=3.02%, ctx=94419, majf=0, minf=0
  IO depths    : 1=0.0%, 2=0.0%, 4=0.0%, 8=0.0%, 16=0.0%, 32=0.0%, >=64=100.0%
     submit    : 0=0.0%, 4=100.0%, 8=0.0%, 16=0.0%, 32=0.0%, 64=0.0%, >=64=0.0%
     complete  : 0=0.0%, 4=100.0%, 8=0.0%, 16=0.0%, 32=0.0%, 64=0.1%, >=64=0.0%
     issued rwts: total=0,96672,0,0 short=0,0,0,0 dropped=0,0,0,0
     latency   : target=0, window=0, percentile=100.00%, depth=64

Run status group 0 (all jobs):
  WRITE: bw=6446KiB/s (6601kB/s), 6446KiB/s-6446KiB/s (6601kB/s-6601kB/s), io=378MiB (396MB), run=60026-60026msec
