"randwrite_4k_64_1": (g=0): rw=randwrite, bs=(R) 4096B-4096B, (W) 4096B-4096B, (T) 4096B-4096B, ioengine=io_uring, iodepth=64
fio-3.28
Starting 1 thread

"randwrite_4k_64_1": (groupid=0, jobs=1): err= 0: pid=80135: Thu Aug 10 16:44:57 2023
  write: IOPS=649, BW=2602KiB/s (2665kB/s)(153MiB/60091msec); 0 zone resets
    slat (nsec): min=2299, max=72001, avg=10038.21, stdev=4720.27
    clat (msec): min=70, max=180, avg=98.42, stdev=11.93
     lat (msec): min=70, max=180, avg=98.43, stdev=11.93
    clat percentiles (msec):
     |  1.00th=[   78],  5.00th=[   81], 10.00th=[   84], 20.00th=[   87],
     | 30.00th=[   92], 40.00th=[   96], 50.00th=[   99], 60.00th=[  102],
     | 70.00th=[  105], 80.00th=[  109], 90.00th=[  113], 95.00th=[  117],
     | 99.00th=[  125], 99.50th=[  138], 99.90th=[  169], 99.95th=[  174],
     | 99.99th=[  176]
   bw (  KiB/s): min= 2032, max= 3304, per=99.98%, avg=2602.30, stdev=247.52, samples=120
   iops        : min=  508, max=  826, avg=650.57, stdev=61.88, samples=120
  lat (msec)   : 100=56.36%, 250=43.80%
  cpu          : usr=0.52%, sys=1.03%, ctx=39103, majf=0, minf=0
  IO depths    : 1=0.0%, 2=0.0%, 4=0.0%, 8=0.0%, 16=0.0%, 32=0.0%, >=64=100.0%
     submit    : 0=0.0%, 4=100.0%, 8=0.0%, 16=0.0%, 32=0.0%, 64=0.0%, >=64=0.0%
     complete  : 0=0.0%, 4=100.0%, 8=0.0%, 16=0.0%, 32=0.0%, 64=0.1%, >=64=0.0%
     issued rwts: total=0,39033,0,0 short=0,0,0,0 dropped=0,0,0,0
     latency   : target=0, window=0, percentile=100.00%, depth=64

Run status group 0 (all jobs):
  WRITE: bw=2602KiB/s (2665kB/s), 2602KiB/s-2602KiB/s (2665kB/s-2665kB/s), io=153MiB (160MB), run=60091-60091msec
