"randwrite_4k_4_1": (g=0): rw=randwrite, bs=(R) 4096B-4096B, (W) 4096B-4096B, (T) 4096B-4096B, ioengine=io_uring, iodepth=4
fio-3.28
Starting 1 thread

"randwrite_4k_4_1": (groupid=0, jobs=1): err= 0: pid=79357: Thu Aug 10 16:40:15 2023
  write: IOPS=733, BW=2936KiB/s (3006kB/s)(172MiB/60004msec); 0 zone resets
    slat (nsec): min=2435, max=64499, avg=8787.03, stdev=4256.63
    clat (usec): min=749, max=100725, avg=5438.55, stdev=2206.90
     lat (usec): min=768, max=100744, avg=5447.56, stdev=2207.19
    clat percentiles (usec):
     |  1.00th=[ 2573],  5.00th=[ 3720], 10.00th=[ 3982], 20.00th=[ 4359],
     | 30.00th=[ 4621], 40.00th=[ 4883], 50.00th=[ 5145], 60.00th=[ 5407],
     | 70.00th=[ 5932], 80.00th=[ 6521], 90.00th=[ 7046], 95.00th=[ 7504],
     | 99.00th=[ 9110], 99.50th=[12518], 99.90th=[35390], 99.95th=[40633],
     | 99.99th=[59507]
   bw (  KiB/s): min= 2216, max= 3888, per=100.00%, avg=2936.00, stdev=410.55, samples=120
   iops        : min=  554, max=  972, avg=733.99, stdev=102.64, samples=120
  lat (usec)   : 750=0.01%, 1000=0.12%
  lat (msec)   : 2=0.72%, 4=9.41%, 10=89.05%, 20=0.37%, 50=0.31%
  lat (msec)   : 100=0.01%, 250=0.01%
  cpu          : usr=0.41%, sys=1.09%, ctx=42897, majf=0, minf=0
  IO depths    : 1=0.0%, 2=0.0%, 4=100.0%, 8=0.0%, 16=0.0%, 32=0.0%, >=64=0.0%
     submit    : 0=0.0%, 4=100.0%, 8=0.0%, 16=0.0%, 32=0.0%, 64=0.0%, >=64=0.0%
     complete  : 0=0.0%, 4=100.0%, 8=0.0%, 16=0.0%, 32=0.0%, 64=0.0%, >=64=0.0%
     issued rwts: total=0,44038,0,0 short=0,0,0,0 dropped=0,0,0,0
     latency   : target=0, window=0, percentile=100.00%, depth=4

Run status group 0 (all jobs):
  WRITE: bw=2936KiB/s (3006kB/s), 2936KiB/s-2936KiB/s (3006kB/s-3006kB/s), io=172MiB (180MB), run=60004-60004msec
