"randread_16k_128_1": (g=0): rw=randread, bs=(R) 16.0KiB-16.0KiB, (W) 16.0KiB-16.0KiB, (T) 16.0KiB-16.0KiB, ioengine=io_uring, iodepth=128
fio-3.28
Starting 1 thread

"randread_16k_128_1": (groupid=0, jobs=1): err= 0: pid=77592: Thu Aug 10 16:29:39 2023
  read: IOPS=1967, BW=30.8MiB/s (32.3MB/s)(1849MiB/60063msec)
    slat (usec): min=2, max=290, avg= 7.16, stdev= 2.86
    clat (msec): min=49, max=126, avg=65.01, stdev= 4.03
     lat (msec): min=49, max=126, avg=65.01, stdev= 4.03
    clat percentiles (msec):
     |  1.00th=[   57],  5.00th=[   60], 10.00th=[   61], 20.00th=[   63],
     | 30.00th=[   64], 40.00th=[   65], 50.00th=[   65], 60.00th=[   66],
     | 70.00th=[   67], 80.00th=[   68], 90.00th=[   69], 95.00th=[   71],
     | 99.00th=[   75], 99.50th=[   79], 99.90th=[  111], 99.95th=[  113],
     | 99.99th=[  123]
   bw (  KiB/s): min=28640, max=34272, per=100.00%, avg=31519.10, stdev=1150.24, samples=120
   iops        : min= 1790, max= 2142, avg=1969.92, stdev=71.91, samples=120
  lat (msec)   : 50=0.01%, 100=99.95%, 250=0.15%
  cpu          : usr=0.84%, sys=2.03%, ctx=108429, majf=0, minf=0
  IO depths    : 1=0.0%, 2=0.0%, 4=0.0%, 8=0.0%, 16=0.0%, 32=0.0%, >=64=100.0%
     submit    : 0=0.0%, 4=100.0%, 8=0.0%, 16=0.0%, 32=0.0%, 64=0.0%, >=64=0.0%
     complete  : 0=0.0%, 4=100.0%, 8=0.0%, 16=0.0%, 32=0.0%, 64=0.0%, >=64=0.1%
     issued rwts: total=118186,0,0,0 short=0,0,0,0 dropped=0,0,0,0
     latency   : target=0, window=0, percentile=100.00%, depth=128

Run status group 0 (all jobs):
   READ: bw=30.8MiB/s (32.3MB/s), 30.8MiB/s-30.8MiB/s (32.3MB/s-32.3MB/s), io=1849MiB (1938MB), run=60063-60063msec
