"randwrite_4k_8_1": (g=0): rw=randwrite, bs=(R) 4096B-4096B, (W) 4096B-4096B, (T) 4096B-4096B, ioengine=io_uring, iodepth=8
fio-3.28
Starting 1 thread

"randwrite_4k_8_1": (groupid=0, jobs=1): err= 0: pid=79556: Thu Aug 10 16:41:25 2023
  write: IOPS=701, BW=2805KiB/s (2873kB/s)(164MiB/60011msec); 0 zone resets
    slat (nsec): min=2276, max=63069, avg=8849.21, stdev=4287.79
    clat (usec): min=762, max=75180, avg=11395.80, stdev=3396.21
     lat (usec): min=774, max=75185, avg=11404.88, stdev=3396.47
    clat percentiles (usec):
     |  1.00th=[ 6718],  5.00th=[ 8848], 10.00th=[ 9110], 20.00th=[ 9503],
     | 30.00th=[ 9765], 40.00th=[10159], 50.00th=[10814], 60.00th=[11338],
     | 70.00th=[12125], 80.00th=[13304], 90.00th=[14353], 95.00th=[15008],
     | 99.00th=[22676], 99.50th=[32900], 99.90th=[47973], 99.95th=[53740],
     | 99.99th=[72877]
   bw (  KiB/s): min= 1992, max= 3520, per=99.98%, avg=2805.68, stdev=346.12, samples=120
   iops        : min=  498, max=  880, avg=701.41, stdev=86.53, samples=120
  lat (usec)   : 1000=0.12%
  lat (msec)   : 2=0.62%, 4=0.11%, 10=35.02%, 20=62.98%, 50=1.11%
  lat (msec)   : 100=0.06%
  cpu          : usr=0.44%, sys=1.01%, ctx=41246, majf=0, minf=0
  IO depths    : 1=0.0%, 2=0.0%, 4=0.0%, 8=100.0%, 16=0.0%, 32=0.0%, >=64=0.0%
     submit    : 0=0.0%, 4=100.0%, 8=0.0%, 16=0.0%, 32=0.0%, 64=0.0%, >=64=0.0%
     complete  : 0=0.0%, 4=100.0%, 8=0.1%, 16=0.0%, 32=0.0%, 64=0.0%, >=64=0.0%
     issued rwts: total=0,42083,0,0 short=0,0,0,0 dropped=0,0,0,0
     latency   : target=0, window=0, percentile=100.00%, depth=8

Run status group 0 (all jobs):
  WRITE: bw=2805KiB/s (2873kB/s), 2805KiB/s-2805KiB/s (2873kB/s-2873kB/s), io=164MiB (172MB), run=60011-60011msec
