"randwrite_64k_8_1": (g=0): rw=randwrite, bs=(R) 64.0KiB-64.0KiB, (W) 64.0KiB-64.0KiB, (T) 64.0KiB-64.0KiB, ioengine=io_uring, iodepth=8
fio-3.28
Starting 1 thread

"randwrite_64k_8_1": (groupid=0, jobs=1): err= 0: pid=82296: Thu Aug 10 16:57:54 2023
  write: IOPS=681, BW=42.6MiB/s (44.7MB/s)(2558MiB/60009msec); 0 zone resets
    slat (nsec): min=6299, max=53492, avg=13618.12, stdev=4489.83
    clat (usec): min=1105, max=98849, avg=11713.53, stdev=3453.75
     lat (usec): min=1120, max=98857, avg=11727.39, stdev=3453.95
    clat percentiles (usec):
     |  1.00th=[ 7242],  5.00th=[ 8225], 10.00th=[ 8586], 20.00th=[ 9372],
     | 30.00th=[10028], 40.00th=[10683], 50.00th=[11338], 60.00th=[11994],
     | 70.00th=[12649], 80.00th=[13566], 90.00th=[15139], 95.00th=[15926],
     | 99.00th=[22152], 99.50th=[29230], 99.90th=[47449], 99.95th=[50594],
     | 99.99th=[96994]
   bw (  KiB/s): min=29952, max=55168, per=100.00%, avg=43656.23, stdev=5780.79, samples=120
   iops        : min=  468, max=  862, avg=682.11, stdev=90.32, samples=120
  lat (msec)   : 2=0.37%, 4=0.23%, 10=28.54%, 20=69.74%, 50=1.08%
  lat (msec)   : 100=0.06%
  cpu          : usr=0.42%, sys=1.24%, ctx=39776, majf=0, minf=0
  IO depths    : 1=0.0%, 2=0.0%, 4=0.0%, 8=100.0%, 16=0.0%, 32=0.0%, >=64=0.0%
     submit    : 0=0.0%, 4=100.0%, 8=0.0%, 16=0.0%, 32=0.0%, 64=0.0%, >=64=0.0%
     complete  : 0=0.0%, 4=100.0%, 8=0.1%, 16=0.0%, 32=0.0%, 64=0.0%, >=64=0.0%
     issued rwts: total=0,40924,0,0 short=0,0,0,0 dropped=0,0,0,0
     latency   : target=0, window=0, percentile=100.00%, depth=8

Run status group 0 (all jobs):
  WRITE: bw=42.6MiB/s (44.7MB/s), 42.6MiB/s-42.6MiB/s (44.7MB/s-44.7MB/s), io=2558MiB (2682MB), run=60009-60009msec
