"randwrite_64k_8_1": (g=0): rw=randwrite, bs=(R) 64.0KiB-64.0KiB, (W) 64.0KiB-64.0KiB, (T) 64.0KiB-64.0KiB, ioengine=io_uring, iodepth=8
fio-3.28
Starting 1 thread

"randwrite_64k_8_1": (groupid=0, jobs=1): err= 0: pid=82295: Thu Aug 10 16:57:54 2023
  write: IOPS=681, BW=42.6MiB/s (44.7MB/s)(2558MiB/60010msec); 0 zone resets
    slat (usec): min=6, max=104, avg=13.93, stdev= 4.63
    clat (usec): min=1134, max=100331, avg=11716.25, stdev=3436.46
     lat (usec): min=1148, max=100339, avg=11730.42, stdev=3436.60
    clat percentiles (usec):
     |  1.00th=[ 7242],  5.00th=[ 8225], 10.00th=[ 8586], 20.00th=[ 9372],
     | 30.00th=[10028], 40.00th=[10683], 50.00th=[11338], 60.00th=[11994],
     | 70.00th=[12649], 80.00th=[13566], 90.00th=[15139], 95.00th=[15926],
     | 99.00th=[21890], 99.50th=[28443], 99.90th=[47449], 99.95th=[52167],
     | 99.99th=[98042]
   bw (  KiB/s): min=30848, max=54656, per=100.00%, avg=43644.51, stdev=5792.27, samples=120
   iops        : min=  482, max=  854, avg=681.93, stdev=90.50, samples=120
  lat (msec)   : 2=0.40%, 4=0.25%, 10=28.39%, 20=69.81%, 50=1.10%
  lat (msec)   : 100=0.06%, 250=0.01%
  cpu          : usr=0.54%, sys=1.16%, ctx=39711, majf=0, minf=0
  IO depths    : 1=0.0%, 2=0.0%, 4=0.0%, 8=100.0%, 16=0.0%, 32=0.0%, >=64=0.0%
     submit    : 0=0.0%, 4=100.0%, 8=0.0%, 16=0.0%, 32=0.0%, 64=0.0%, >=64=0.0%
     complete  : 0=0.0%, 4=100.0%, 8=0.1%, 16=0.0%, 32=0.0%, 64=0.0%, >=64=0.0%
     issued rwts: total=0,40914,0,0 short=0,0,0,0 dropped=0,0,0,0
     latency   : target=0, window=0, percentile=100.00%, depth=8

Run status group 0 (all jobs):
  WRITE: bw=42.6MiB/s (44.7MB/s), 42.6MiB/s-42.6MiB/s (44.7MB/s-44.7MB/s), io=2558MiB (2682MB), run=60010-60010msec
