"randwrite_4k_1_1": (g=0): rw=randwrite, bs=(R) 4096B-4096B, (W) 4096B-4096B, (T) 4096B-4096B, ioengine=io_uring, iodepth=1
fio-3.28
Starting 1 thread

"randwrite_4k_1_1": (groupid=0, jobs=1): err= 0: pid=83868: Thu Aug 10 17:07:24 2023
  write: IOPS=638, BW=2553KiB/s (2615kB/s)(150MiB/60002msec); 0 zone resets
    slat (nsec): min=4265, max=21831, avg=6597.80, stdev=1262.55
    clat (usec): min=775, max=51528, avg=1558.27, stdev=819.56
     lat (usec): min=781, max=51534, avg=1565.06, stdev=819.57
    clat percentiles (usec):
     |  1.00th=[ 1057],  5.00th=[ 1156], 10.00th=[ 1205], 20.00th=[ 1287],
     | 30.00th=[ 1336], 40.00th=[ 1401], 50.00th=[ 1450], 60.00th=[ 1516],
     | 70.00th=[ 1598], 80.00th=[ 1713], 90.00th=[ 1958], 95.00th=[ 2245],
     | 99.00th=[ 2900], 99.50th=[ 3425], 99.90th=[10945], 99.95th=[19006],
     | 99.99th=[35914]
   bw (  KiB/s): min= 2040, max= 2853, per=99.98%, avg=2553.60, stdev=190.55, samples=120
   iops        : min=  510, max=  713, avg=638.39, stdev=47.63, samples=120
  lat (usec)   : 1000=0.17%
  lat (msec)   : 2=90.73%, 4=8.82%, 10=0.17%, 20=0.07%, 50=0.04%
  lat (msec)   : 100=0.01%
  cpu          : usr=0.20%, sys=0.71%, ctx=38314, majf=0, minf=0
  IO depths    : 1=100.0%, 2=0.0%, 4=0.0%, 8=0.0%, 16=0.0%, 32=0.0%, >=64=0.0%
     submit    : 0=0.0%, 4=100.0%, 8=0.0%, 16=0.0%, 32=0.0%, 64=0.0%, >=64=0.0%
     complete  : 0=0.0%, 4=100.0%, 8=0.0%, 16=0.0%, 32=0.0%, 64=0.0%, >=64=0.0%
     issued rwts: total=0,38303,0,0 short=0,0,0,0 dropped=0,0,0,0
     latency   : target=0, window=0, percentile=100.00%, depth=1

Run status group 0 (all jobs):
  WRITE: bw=2553KiB/s (2615kB/s), 2553KiB/s-2553KiB/s (2615kB/s-2615kB/s), io=150MiB (157MB), run=60002-60002msec
