"randwrite_16k_8_1": (g=0): rw=randwrite, bs=(R) 16.0KiB-16.0KiB, (W) 16.0KiB-16.0KiB, (T) 16.0KiB-16.0KiB, ioengine=io_uring, iodepth=8
fio-3.28
Starting 1 thread

"randwrite_16k_8_1": (groupid=0, jobs=1): err= 0: pid=80922: Thu Aug 10 16:49:40 2023
  write: IOPS=677, BW=10.6MiB/s (11.1MB/s)(635MiB/60011msec); 0 zone resets
    slat (nsec): min=3345, max=44000, avg=9970.83, stdev=4500.88
    clat (usec): min=827, max=79515, avg=11799.51, stdev=4299.19
     lat (usec): min=834, max=79526, avg=11809.71, stdev=4299.37
    clat percentiles (usec):
     |  1.00th=[ 7570],  5.00th=[ 8455], 10.00th=[ 8848], 20.00th=[ 9241],
     | 30.00th=[ 9765], 40.00th=[10421], 50.00th=[11207], 60.00th=[11863],
     | 70.00th=[12649], 80.00th=[13698], 90.00th=[14746], 95.00th=[15533],
     | 99.00th=[33817], 99.50th=[40633], 99.90th=[51119], 99.95th=[63701],
     | 99.99th=[78119]
   bw (  KiB/s): min= 7488, max=14304, per=100.00%, avg=10837.92, stdev=1460.03, samples=120
   iops        : min=  468, max=  894, avg=677.35, stdev=91.23, samples=120
  lat (usec)   : 1000=0.05%
  lat (msec)   : 2=0.57%, 4=0.09%, 10=33.70%, 20=63.61%, 50=1.86%
  lat (msec)   : 100=0.13%
  cpu          : usr=0.47%, sys=1.00%, ctx=39727, majf=0, minf=0
  IO depths    : 1=0.0%, 2=0.0%, 4=0.0%, 8=100.0%, 16=0.0%, 32=0.0%, >=64=0.0%
     submit    : 0=0.0%, 4=100.0%, 8=0.0%, 16=0.0%, 32=0.0%, 64=0.0%, >=64=0.0%
     complete  : 0=0.0%, 4=100.0%, 8=0.1%, 16=0.0%, 32=0.0%, 64=0.0%, >=64=0.0%
     issued rwts: total=0,40639,0,0 short=0,0,0,0 dropped=0,0,0,0
     latency   : target=0, window=0, percentile=100.00%, depth=8

Run status group 0 (all jobs):
  WRITE: bw=10.6MiB/s (11.1MB/s), 10.6MiB/s-10.6MiB/s (11.1MB/s-11.1MB/s), io=635MiB (666MB), run=60011-60011msec
