"randread_4k_1_1": (g=0): rw=randread, bs=(R) 4096B-4096B, (W) 4096B-4096B, (T) 4096B-4096B, ioengine=io_uring, iodepth=1
fio-3.28
Starting 1 thread

"randread_4k_1_1": (groupid=0, jobs=1): err= 0: pid=83282: Thu Aug 10 17:03:53 2023
  read: IOPS=1550, BW=6201KiB/s (6350kB/s)(363MiB/60001msec)
    slat (nsec): min=3950, max=35068, avg=6248.56, stdev=1391.97
    clat (usec): min=98, max=10658, avg=637.27, stdev=157.61
     lat (usec): min=105, max=10663, avg=643.69, stdev=157.65
    clat percentiles (usec):
     |  1.00th=[  243],  5.00th=[  429], 10.00th=[  465], 20.00th=[  515],
     | 30.00th=[  553], 40.00th=[  586], 50.00th=[  627], 60.00th=[  660],
     | 70.00th=[  709], 80.00th=[  766], 90.00th=[  832], 95.00th=[  898],
     | 99.00th=[ 1012], 99.50th=[ 1057], 99.90th=[ 1172], 99.95th=[ 1221],
     | 99.99th=[ 1532]
   bw (  KiB/s): min= 5752, max= 6640, per=99.99%, avg=6201.90, stdev=193.59, samples=120
   iops        : min= 1438, max= 1660, avg=1550.48, stdev=48.40, samples=120
  lat (usec)   : 100=0.01%, 250=1.07%, 500=15.75%, 750=60.53%, 1000=21.44%
  lat (msec)   : 2=1.20%, 4=0.01%, 10=0.01%, 20=0.01%
  cpu          : usr=0.60%, sys=1.50%, ctx=93065, majf=0, minf=0
  IO depths    : 1=100.0%, 2=0.0%, 4=0.0%, 8=0.0%, 16=0.0%, 32=0.0%, >=64=0.0%
     submit    : 0=0.0%, 4=100.0%, 8=0.0%, 16=0.0%, 32=0.0%, 64=0.0%, >=64=0.0%
     complete  : 0=0.0%, 4=100.0%, 8=0.0%, 16=0.0%, 32=0.0%, 64=0.0%, >=64=0.0%
     issued rwts: total=93024,0,0,0 short=0,0,0,0 dropped=0,0,0,0
     latency   : target=0, window=0, percentile=100.00%, depth=1

Run status group 0 (all jobs):
   READ: bw=6201KiB/s (6350kB/s), 6201KiB/s-6201KiB/s (6350kB/s-6350kB/s), io=363MiB (381MB), run=60001-60001msec
