"randread_16k_2_1": (g=0): rw=randread, bs=(R) 16.0KiB-16.0KiB, (W) 16.0KiB-16.0KiB, (T) 16.0KiB-16.0KiB, ioengine=io_uring, iodepth=2
fio-3.28
Starting 1 thread

"randread_16k_2_1": (groupid=0, jobs=1): err= 0: pid=76409: Thu Aug 10 16:22:35 2023
  read: IOPS=1589, BW=24.8MiB/s (26.0MB/s)(1490MiB/60002msec)
    slat (nsec): min=2934, max=57221, avg=7470.89, stdev=2977.33
    clat (usec): min=118, max=29388, avg=1249.23, stdev=333.62
     lat (usec): min=125, max=29398, avg=1256.90, stdev=333.61
    clat percentiles (usec):
     |  1.00th=[  553],  5.00th=[  783], 10.00th=[  881], 20.00th=[  996],
     | 30.00th=[ 1090], 40.00th=[ 1172], 50.00th=[ 1237], 60.00th=[ 1303],
     | 70.00th=[ 1385], 80.00th=[ 1483], 90.00th=[ 1631], 95.00th=[ 1762],
     | 99.00th=[ 2040], 99.50th=[ 2180], 99.90th=[ 2507], 99.95th=[ 2737],
     | 99.99th=[ 5342]
   bw (  KiB/s): min=22464, max=28544, per=100.00%, avg=25427.12, stdev=1332.64, samples=120
   iops        : min= 1404, max= 1784, avg=1589.18, stdev=83.30, samples=120
  lat (usec)   : 250=0.05%, 500=0.64%, 750=3.32%, 1000=16.10%
  lat (msec)   : 2=78.66%, 4=1.21%, 10=0.01%, 50=0.01%
  cpu          : usr=0.78%, sys=1.76%, ctx=90712, majf=0, minf=0
  IO depths    : 1=0.0%, 2=100.0%, 4=0.0%, 8=0.0%, 16=0.0%, 32=0.0%, >=64=0.0%
     submit    : 0=0.0%, 4=100.0%, 8=0.0%, 16=0.0%, 32=0.0%, 64=0.0%, >=64=0.0%
     complete  : 0=0.0%, 4=100.0%, 8=0.0%, 16=0.0%, 32=0.0%, 64=0.0%, >=64=0.0%
     issued rwts: total=95345,0,0,0 short=0,0,0,0 dropped=0,0,0,0
     latency   : target=0, window=0, percentile=100.00%, depth=2

Run status group 0 (all jobs):
   READ: bw=24.8MiB/s (26.0MB/s), 24.8MiB/s-24.8MiB/s (26.0MB/s-26.0MB/s), io=1490MiB (1562MB), run=60002-60002msec
