"randwrite_16k_8_1": (g=0): rw=randwrite, bs=(R) 16.0KiB-16.0KiB, (W) 16.0KiB-16.0KiB, (T) 16.0KiB-16.0KiB, ioengine=io_uring, iodepth=8
fio-3.28
Starting 1 thread

"randwrite_16k_8_1": (groupid=0, jobs=1): err= 0: pid=80923: Thu Aug 10 16:49:40 2023
  write: IOPS=677, BW=10.6MiB/s (11.1MB/s)(636MiB/60007msec); 0 zone resets
    slat (nsec): min=3298, max=49861, avg=9611.16, stdev=4357.40
    clat (usec): min=852, max=79117, avg=11791.91, stdev=4332.26
     lat (usec): min=857, max=79126, avg=11801.73, stdev=4332.41
    clat percentiles (usec):
     |  1.00th=[ 7439],  5.00th=[ 8455], 10.00th=[ 8848], 20.00th=[ 9241],
     | 30.00th=[ 9765], 40.00th=[10421], 50.00th=[11207], 60.00th=[11863],
     | 70.00th=[12649], 80.00th=[13698], 90.00th=[14746], 95.00th=[15533],
     | 99.00th=[33162], 99.50th=[40109], 99.90th=[52691], 99.95th=[66323],
     | 99.99th=[74974]
   bw (  KiB/s): min= 7584, max=14400, per=99.99%, avg=10844.98, stdev=1473.20, samples=120
   iops        : min=  474, max=  900, avg=677.79, stdev=92.06, samples=120
  lat (usec)   : 1000=0.08%
  lat (msec)   : 2=0.59%, 4=0.09%, 10=33.90%, 20=63.38%, 50=1.83%
  lat (msec)   : 100=0.15%
  cpu          : usr=0.40%, sys=1.00%, ctx=39887, majf=0, minf=0
  IO depths    : 1=0.0%, 2=0.0%, 4=0.0%, 8=100.0%, 16=0.0%, 32=0.0%, >=64=0.0%
     submit    : 0=0.0%, 4=100.0%, 8=0.0%, 16=0.0%, 32=0.0%, 64=0.0%, >=64=0.0%
     complete  : 0=0.0%, 4=100.0%, 8=0.1%, 16=0.0%, 32=0.0%, 64=0.0%, >=64=0.0%
     issued rwts: total=0,40665,0,0 short=0,0,0,0 dropped=0,0,0,0
     latency   : target=0, window=0, percentile=100.00%, depth=8

Run status group 0 (all jobs):
  WRITE: bw=10.6MiB/s (11.1MB/s), 10.6MiB/s-10.6MiB/s (11.1MB/s-11.1MB/s), io=636MiB (666MB), run=60007-60007msec
