"randwrite_64k_64_1": (g=0): rw=randwrite, bs=(R) 64.0KiB-64.0KiB, (W) 64.0KiB-64.0KiB, (T) 64.0KiB-64.0KiB, ioengine=io_uring, iodepth=64
fio-3.28
Starting 1 thread

"randwrite_64k_64_1": (groupid=0, jobs=1): err= 0: pid=82880: Thu Aug 10 17:01:26 2023
  write: IOPS=677, BW=42.4MiB/s (44.5MB/s)(2550MiB/60112msec); 0 zone resets
    slat (nsec): min=7838, max=91090, avg=16779.38, stdev=5872.48
    clat (msec): min=61, max=198, avg=94.33, stdev=15.44
     lat (msec): min=61, max=198, avg=94.35, stdev=15.44
    clat percentiles (msec):
     |  1.00th=[   71],  5.00th=[   74], 10.00th=[   77], 20.00th=[   82],
     | 30.00th=[   86], 40.00th=[   89], 50.00th=[   92], 60.00th=[   95],
     | 70.00th=[  101], 80.00th=[  106], 90.00th=[  118], 95.00th=[  124],
     | 99.00th=[  138], 99.50th=[  148], 99.90th=[  180], 99.95th=[  188],
     | 99.99th=[  194]
   bw (  KiB/s): min=31616, max=55040, per=100.00%, avg=43458.96, stdev=5472.53, samples=120
   iops        : min=  494, max=  860, avg=679.02, stdev=85.51, samples=120
  lat (msec)   : 100=70.31%, 250=29.85%
  cpu          : usr=0.55%, sys=1.44%, ctx=40703, majf=0, minf=0
  IO depths    : 1=0.0%, 2=0.0%, 4=0.0%, 8=0.0%, 16=0.0%, 32=0.0%, >=64=100.0%
     submit    : 0=0.0%, 4=100.0%, 8=0.0%, 16=0.0%, 32=0.0%, 64=0.0%, >=64=0.0%
     complete  : 0=0.0%, 4=100.0%, 8=0.0%, 16=0.0%, 32=0.0%, 64=0.1%, >=64=0.0%
     issued rwts: total=0,40738,0,0 short=0,0,0,0 dropped=0,0,0,0
     latency   : target=0, window=0, percentile=100.00%, depth=64

Run status group 0 (all jobs):
  WRITE: bw=42.4MiB/s (44.5MB/s), 42.4MiB/s-42.4MiB/s (44.5MB/s-44.5MB/s), io=2550MiB (2674MB), run=60112-60112msec
