"randread_64k_8_1": (g=0): rw=randread, bs=(R) 64.0KiB-64.0KiB, (W) 64.0KiB-64.0KiB, (T) 64.0KiB-64.0KiB, ioengine=io_uring, iodepth=8
fio-3.28
Starting 1 thread

"randread_64k_8_1": (groupid=0, jobs=1): err= 0: pid=78178: Thu Aug 10 16:33:11 2023
  read: IOPS=2012, BW=126MiB/s (132MB/s)(7550MiB/60026msec)
    slat (usec): min=5, max=498, avg= 9.91, stdev= 3.71
    clat (usec): min=278, max=37391, avg=3963.77, stdev=1604.66
     lat (usec): min=286, max=37398, avg=3973.85, stdev=1604.58
    clat percentiles (usec):
     |  1.00th=[ 1549],  5.00th=[ 2089], 10.00th=[ 2343], 20.00th=[ 2704],
     | 30.00th=[ 3032], 40.00th=[ 3359], 50.00th=[ 3654], 60.00th=[ 4015],
     | 70.00th=[ 4424], 80.00th=[ 4948], 90.00th=[ 5932], 95.00th=[ 6915],
     | 99.00th=[ 9241], 99.50th=[10159], 99.90th=[13304], 99.95th=[15401],
     | 99.99th=[26346]
   bw (  KiB/s): min=96384, max=142464, per=100.00%, avg=128850.26, stdev=10056.46, samples=120
   iops        : min= 1506, max= 2226, avg=2013.28, stdev=157.13, samples=120
  lat (usec)   : 500=0.02%, 750=0.03%, 1000=0.10%
  lat (msec)   : 2=3.82%, 4=55.55%, 10=39.92%, 20=0.54%, 50=0.03%
  cpu          : usr=0.66%, sys=2.74%, ctx=115752, majf=0, minf=0
  IO depths    : 1=0.0%, 2=0.0%, 4=0.0%, 8=100.0%, 16=0.0%, 32=0.0%, >=64=0.0%
     submit    : 0=0.0%, 4=100.0%, 8=0.0%, 16=0.0%, 32=0.0%, 64=0.0%, >=64=0.0%
     complete  : 0=0.0%, 4=100.0%, 8=0.1%, 16=0.0%, 32=0.0%, 64=0.0%, >=64=0.0%
     issued rwts: total=120788,0,0,0 short=0,0,0,0 dropped=0,0,0,0
     latency   : target=0, window=0, percentile=100.00%, depth=8

Run status group 0 (all jobs):
   READ: bw=126MiB/s (132MB/s), 126MiB/s-126MiB/s (132MB/s-132MB/s), io=7550MiB (7916MB), run=60026-60026msec
