"randwrite_64k_8_1": (g=0): rw=randwrite, bs=(R) 64.0KiB-64.0KiB, (W) 64.0KiB-64.0KiB, (T) 64.0KiB-64.0KiB, ioengine=io_uring, iodepth=8
fio-3.28
Starting 1 thread

"randwrite_64k_8_1": (groupid=0, jobs=1): err= 0: pid=82290: Thu Aug 10 16:57:54 2023
  write: IOPS=681, BW=42.6MiB/s (44.7MB/s)(2557MiB/60013msec); 0 zone resets
    slat (nsec): min=6626, max=77394, avg=13915.91, stdev=4497.73
    clat (usec): min=1121, max=99034, avg=11719.89, stdev=3446.35
     lat (usec): min=1137, max=99049, avg=11734.05, stdev=3446.57
    clat percentiles (usec):
     |  1.00th=[ 7242],  5.00th=[ 8225], 10.00th=[ 8586], 20.00th=[ 9372],
     | 30.00th=[10028], 40.00th=[10683], 50.00th=[11338], 60.00th=[11994],
     | 70.00th=[12649], 80.00th=[13566], 90.00th=[15139], 95.00th=[15926],
     | 99.00th=[22152], 99.50th=[28705], 99.90th=[47449], 99.95th=[51119],
     | 99.99th=[96994]
   bw (  KiB/s): min=30464, max=55424, per=100.00%, avg=43634.68, stdev=5864.87, samples=120
   iops        : min=  476, max=  866, avg=681.77, stdev=91.62, samples=120
  lat (msec)   : 2=0.40%, 4=0.26%, 10=28.14%, 20=70.06%, 50=1.10%
  lat (msec)   : 100=0.06%
  cpu          : usr=0.51%, sys=1.19%, ctx=39671, majf=0, minf=0
  IO depths    : 1=0.0%, 2=0.0%, 4=0.0%, 8=100.0%, 16=0.0%, 32=0.0%, >=64=0.0%
     submit    : 0=0.0%, 4=100.0%, 8=0.0%, 16=0.0%, 32=0.0%, 64=0.0%, >=64=0.0%
     complete  : 0=0.0%, 4=100.0%, 8=0.1%, 16=0.0%, 32=0.0%, 64=0.0%, >=64=0.0%
     issued rwts: total=0,40903,0,0 short=0,0,0,0 dropped=0,0,0,0
     latency   : target=0, window=0, percentile=100.00%, depth=8

Run status group 0 (all jobs):
  WRITE: bw=42.6MiB/s (44.7MB/s), 42.6MiB/s-42.6MiB/s (44.7MB/s-44.7MB/s), io=2557MiB (2681MB), run=60013-60013msec
