"randwrite_16k_32_1": (g=0): rw=randwrite, bs=(R) 16.0KiB-16.0KiB, (W) 16.0KiB-16.0KiB, (T) 16.0KiB-16.0KiB, ioengine=io_uring, iodepth=32
fio-3.28
Starting 1 thread

"randwrite_16k_32_1": (groupid=0, jobs=1): err= 0: pid=81312: Thu Aug 10 16:52:01 2023
  write: IOPS=706, BW=11.1MiB/s (11.6MB/s)(664MiB/60039msec); 0 zone resets
    slat (nsec): min=3704, max=72212, avg=11534.38, stdev=5047.60
    clat (msec): min=29, max=101, avg=45.23, stdev= 7.07
     lat (msec): min=29, max=101, avg=45.25, stdev= 7.07
    clat percentiles (msec):
     |  1.00th=[   37],  5.00th=[   40], 10.00th=[   40], 20.00th=[   41],
     | 30.00th=[   42], 40.00th=[   42], 50.00th=[   43], 60.00th=[   45],
     | 70.00th=[   47], 80.00th=[   50], 90.00th=[   57], 95.00th=[   60],
     | 99.00th=[   66], 99.50th=[   75], 99.90th=[   97], 99.95th=[  100],
     | 99.99th=[  101]
   bw (  KiB/s): min= 8576, max=12864, per=100.00%, avg=11318.46, stdev=1142.49, samples=120
   iops        : min=  536, max=  804, avg=707.38, stdev=71.39, samples=120
  lat (msec)   : 50=82.13%, 100=17.91%, 250=0.04%
  cpu          : usr=0.47%, sys=1.31%, ctx=42478, majf=0, minf=0
  IO depths    : 1=0.0%, 2=0.0%, 4=0.0%, 8=0.0%, 16=0.0%, 32=100.0%, >=64=0.0%
     submit    : 0=0.0%, 4=100.0%, 8=0.0%, 16=0.0%, 32=0.0%, 64=0.0%, >=64=0.0%
     complete  : 0=0.0%, 4=100.0%, 8=0.0%, 16=0.0%, 32=0.1%, 64=0.0%, >=64=0.0%
     issued rwts: total=0,42441,0,0 short=0,0,0,0 dropped=0,0,0,0
     latency   : target=0, window=0, percentile=100.00%, depth=32

Run status group 0 (all jobs):
  WRITE: bw=11.1MiB/s (11.6MB/s), 11.1MiB/s-11.1MiB/s (11.6MB/s-11.6MB/s), io=664MiB (696MB), run=60039-60039msec
