"randread_16k_1_1": (g=0): rw=randread, bs=(R) 16.0KiB-16.0KiB, (W) 16.0KiB-16.0KiB, (T) 16.0KiB-16.0KiB, ioengine=io_uring, iodepth=1
fio-3.28
Starting 1 thread

"randread_16k_1_1": (groupid=0, jobs=1): err= 0: pid=83478: Thu Aug 10 17:05:03 2023
  read: IOPS=1381, BW=21.6MiB/s (22.6MB/s)(1295MiB/60001msec)
    slat (nsec): min=5159, max=65324, avg=7586.47, stdev=1972.97
    clat (usec): min=111, max=15197, avg=714.85, stdev=176.55
     lat (usec): min=117, max=15205, avg=722.62, stdev=176.59
    clat percentiles (usec):
     |  1.00th=[  239],  5.00th=[  506], 10.00th=[  545], 20.00th=[  594],
     | 30.00th=[  627], 40.00th=[  668], 50.00th=[  701], 60.00th=[  734],
     | 70.00th=[  775], 80.00th=[  840], 90.00th=[  922], 95.00th=[  996],
     | 99.00th=[ 1139], 99.50th=[ 1205], 99.90th=[ 1369], 99.95th=[ 1532],
     | 99.99th=[ 3589]
   bw (  KiB/s): min=20736, max=23808, per=100.00%, avg=22099.72, stdev=666.29, samples=120
   iops        : min= 1296, max= 1488, avg=1381.20, stdev=41.63, samples=120
  lat (usec)   : 250=1.11%, 500=3.42%, 750=59.51%, 1000=31.23%
  lat (msec)   : 2=4.71%, 4=0.02%, 10=0.01%, 20=0.01%
  cpu          : usr=0.54%, sys=1.57%, ctx=82940, majf=0, minf=0
  IO depths    : 1=100.0%, 2=0.0%, 4=0.0%, 8=0.0%, 16=0.0%, 32=0.0%, >=64=0.0%
     submit    : 0=0.0%, 4=100.0%, 8=0.0%, 16=0.0%, 32=0.0%, 64=0.0%, >=64=0.0%
     complete  : 0=0.0%, 4=100.0%, 8=0.0%, 16=0.0%, 32=0.0%, 64=0.0%, >=64=0.0%
     issued rwts: total=82869,0,0,0 short=0,0,0,0 dropped=0,0,0,0
     latency   : target=0, window=0, percentile=100.00%, depth=1

Run status group 0 (all jobs):
   READ: bw=21.6MiB/s (22.6MB/s), 21.6MiB/s-21.6MiB/s (22.6MB/s-22.6MB/s), io=1295MiB (1358MB), run=60001-60001msec
