"randwrite_4k_1_1": (g=0): rw=randwrite, bs=(R) 4096B-4096B, (W) 4096B-4096B, (T) 4096B-4096B, ioengine=io_uring, iodepth=1
fio-3.28
Starting 1 thread

"randwrite_4k_1_1": (groupid=0, jobs=1): err= 0: pid=83867: Thu Aug 10 17:07:24 2023
  write: IOPS=639, BW=2556KiB/s (2617kB/s)(150MiB/60001msec); 0 zone resets
    slat (nsec): min=4553, max=32882, avg=6780.30, stdev=1241.85
    clat (usec): min=768, max=50939, avg=1556.35, stdev=811.54
     lat (usec): min=774, max=50947, avg=1563.33, stdev=811.56
    clat percentiles (usec):
     |  1.00th=[ 1057],  5.00th=[ 1156], 10.00th=[ 1205], 20.00th=[ 1287],
     | 30.00th=[ 1336], 40.00th=[ 1401], 50.00th=[ 1450], 60.00th=[ 1516],
     | 70.00th=[ 1598], 80.00th=[ 1713], 90.00th=[ 1958], 95.00th=[ 2212],
     | 99.00th=[ 2933], 99.50th=[ 3392], 99.90th=[ 9634], 99.95th=[19530],
     | 99.99th=[36439]
   bw (  KiB/s): min= 2008, max= 2912, per=100.00%, avg=2556.27, stdev=190.73, samples=120
   iops        : min=  502, max=  728, avg=639.06, stdev=47.68, samples=120
  lat (usec)   : 1000=0.27%
  lat (msec)   : 2=90.88%, 4=8.59%, 10=0.16%, 20=0.05%, 50=0.04%
  lat (msec)   : 100=0.01%
  cpu          : usr=0.22%, sys=0.72%, ctx=38347, majf=0, minf=0
  IO depths    : 1=100.0%, 2=0.0%, 4=0.0%, 8=0.0%, 16=0.0%, 32=0.0%, >=64=0.0%
     submit    : 0=0.0%, 4=100.0%, 8=0.0%, 16=0.0%, 32=0.0%, 64=0.0%, >=64=0.0%
     complete  : 0=0.0%, 4=100.0%, 8=0.0%, 16=0.0%, 32=0.0%, 64=0.0%, >=64=0.0%
     issued rwts: total=0,38342,0,0 short=0,0,0,0 dropped=0,0,0,0
     latency   : target=0, window=0, percentile=100.00%, depth=1

Run status group 0 (all jobs):
  WRITE: bw=2556KiB/s (2617kB/s), 2556KiB/s-2556KiB/s (2617kB/s-2617kB/s), io=150MiB (157MB), run=60001-60001msec
