"randread_4k_64_1": (g=0): rw=randread, bs=(R) 4096B-4096B, (W) 4096B-4096B, (T) 4096B-4096B, ioengine=io_uring, iodepth=64
fio-3.28
Starting 1 thread

"randread_4k_64_1": (groupid=0, jobs=1): err= 0: pid=76016: Thu Aug 10 16:20:14 2023
  read: IOPS=1838, BW=7358KiB/s (7535kB/s)(431MiB/60034msec)
    slat (usec): min=2, max=138, avg= 6.42, stdev= 3.08
    clat (usec): min=23791, max=74029, avg=34791.38, stdev=3035.94
     lat (usec): min=23797, max=74035, avg=34797.98, stdev=3035.85
    clat percentiles (usec):
     |  1.00th=[28967],  5.00th=[30802], 10.00th=[31589], 20.00th=[32637],
     | 30.00th=[33162], 40.00th=[33817], 50.00th=[34341], 60.00th=[34866],
     | 70.00th=[35914], 80.00th=[36439], 90.00th=[38011], 95.00th=[40109],
     | 99.00th=[44827], 99.50th=[47449], 99.90th=[54264], 99.95th=[57934],
     | 99.99th=[64750]
   bw (  KiB/s): min= 6920, max= 7896, per=99.99%, avg=7359.00, stdev=224.18, samples=120
   iops        : min= 1730, max= 1974, avg=1839.72, stdev=56.05, samples=120
  lat (msec)   : 50=99.79%, 100=0.27%
  cpu          : usr=0.92%, sys=1.66%, ctx=95102, majf=0, minf=0
  IO depths    : 1=0.0%, 2=0.0%, 4=0.0%, 8=0.0%, 16=0.0%, 32=0.0%, >=64=100.0%
     submit    : 0=0.0%, 4=100.0%, 8=0.0%, 16=0.0%, 32=0.0%, 64=0.0%, >=64=0.0%
     complete  : 0=0.0%, 4=100.0%, 8=0.0%, 16=0.0%, 32=0.0%, 64=0.1%, >=64=0.0%
     issued rwts: total=110377,0,0,0 short=0,0,0,0 dropped=0,0,0,0
     latency   : target=0, window=0, percentile=100.00%, depth=64

Run status group 0 (all jobs):
   READ: bw=7358KiB/s (7535kB/s), 7358KiB/s-7358KiB/s (7535kB/s-7535kB/s), io=431MiB (452MB), run=60034-60034msec
