"randwrite_64k_8_1": (g=0): rw=randwrite, bs=(R) 64.0KiB-64.0KiB, (W) 64.0KiB-64.0KiB, (T) 64.0KiB-64.0KiB, ioengine=io_uring, iodepth=8
fio-3.28
Starting 1 thread

"randwrite_64k_8_1": (groupid=0, jobs=1): err= 0: pid=82291: Thu Aug 10 16:57:54 2023
  write: IOPS=682, BW=42.6MiB/s (44.7MB/s)(2559MiB/60012msec); 0 zone resets
    slat (nsec): min=6515, max=79044, avg=13735.17, stdev=4672.07
    clat (usec): min=1142, max=101062, avg=11709.58, stdev=3380.83
     lat (usec): min=1157, max=101087, avg=11723.55, stdev=3380.95
    clat percentiles (usec):
     |  1.00th=[ 7242],  5.00th=[ 8225], 10.00th=[ 8586], 20.00th=[ 9372],
     | 30.00th=[10028], 40.00th=[10683], 50.00th=[11338], 60.00th=[11994],
     | 70.00th=[12649], 80.00th=[13435], 90.00th=[15139], 95.00th=[15926],
     | 99.00th=[22414], 99.50th=[28705], 99.90th=[46400], 99.95th=[49021],
     | 99.99th=[95945]
   bw (  KiB/s): min=30464, max=54912, per=100.00%, avg=43674.03, stdev=5819.26, samples=120
   iops        : min=  476, max=  858, avg=682.38, stdev=90.92, samples=120
  lat (msec)   : 2=0.42%, 4=0.25%, 10=28.36%, 20=69.84%, 50=1.11%
  lat (msec)   : 100=0.03%, 250=0.01%
  cpu          : usr=0.41%, sys=1.26%, ctx=39736, majf=0, minf=0
  IO depths    : 1=0.0%, 2=0.0%, 4=0.0%, 8=100.0%, 16=0.0%, 32=0.0%, >=64=0.0%
     submit    : 0=0.0%, 4=100.0%, 8=0.0%, 16=0.0%, 32=0.0%, 64=0.0%, >=64=0.0%
     complete  : 0=0.0%, 4=100.0%, 8=0.1%, 16=0.0%, 32=0.0%, 64=0.0%, >=64=0.0%
     issued rwts: total=0,40940,0,0 short=0,0,0,0 dropped=0,0,0,0
     latency   : target=0, window=0, percentile=100.00%, depth=8

Run status group 0 (all jobs):
  WRITE: bw=42.6MiB/s (44.7MB/s), 42.6MiB/s-42.6MiB/s (44.7MB/s-44.7MB/s), io=2559MiB (2684MB), run=60012-60012msec
