"randread_4k_4_1": (g=0): rw=randread, bs=(R) 4096B-4096B, (W) 4096B-4096B, (T) 4096B-4096B, ioengine=io_uring, iodepth=4
fio-3.28
Starting 1 thread

"randread_4k_4_1": (groupid=0, jobs=1): err= 0: pid=74932: Thu Aug 10 16:15:31 2023
  read: IOPS=1962, BW=7849KiB/s (8037kB/s)(460MiB/60001msec)
    slat (usec): min=2, max=108, avg= 6.15, stdev= 2.77
    clat (usec): min=105, max=8402, avg=2030.63, stdev=640.89
     lat (usec): min=109, max=8412, avg=2036.97, stdev=640.82
    clat percentiles (usec):
     |  1.00th=[  709],  5.00th=[ 1057], 10.00th=[ 1254], 20.00th=[ 1500],
     | 30.00th=[ 1680], 40.00th=[ 1844], 50.00th=[ 1991], 60.00th=[ 2147],
     | 70.00th=[ 2311], 80.00th=[ 2507], 90.00th=[ 2835], 95.00th=[ 3130],
     | 99.00th=[ 3818], 99.50th=[ 4113], 99.90th=[ 4883], 99.95th=[ 5276],
     | 99.99th=[ 7308]
   bw (  KiB/s): min= 6984, max= 8672, per=100.00%, avg=7849.37, stdev=305.35, samples=120
   iops        : min= 1746, max= 2168, avg=1962.33, stdev=76.35, samples=120
  lat (usec)   : 250=0.07%, 500=0.29%, 750=0.87%, 1000=2.67%
  lat (msec)   : 2=46.79%, 4=48.66%, 10=0.65%
  cpu          : usr=0.75%, sys=1.96%, ctx=104625, majf=0, minf=0
  IO depths    : 1=0.0%, 2=0.0%, 4=100.0%, 8=0.0%, 16=0.0%, 32=0.0%, >=64=0.0%
     submit    : 0=0.0%, 4=100.0%, 8=0.0%, 16=0.0%, 32=0.0%, 64=0.0%, >=64=0.0%
     complete  : 0=0.0%, 4=100.0%, 8=0.0%, 16=0.0%, 32=0.0%, 64=0.0%, >=64=0.0%
     issued rwts: total=117734,0,0,0 short=0,0,0,0 dropped=0,0,0,0
     latency   : target=0, window=0, percentile=100.00%, depth=4

Run status group 0 (all jobs):
   READ: bw=7849KiB/s (8037kB/s), 7849KiB/s-7849KiB/s (8037kB/s-8037kB/s), io=460MiB (482MB), run=60001-60001msec
