"randwrite_16k_16_1": (g=0): rw=randwrite, bs=(R) 16.0KiB-16.0KiB, (W) 16.0KiB-16.0KiB, (T) 16.0KiB-16.0KiB, ioengine=io_uring, iodepth=16
fio-3.28
Starting 1 thread

"randwrite_16k_16_1": (groupid=0, jobs=1): err= 0: pid=81118: Thu Aug 10 16:50:50 2023
  write: IOPS=712, BW=11.1MiB/s (11.7MB/s)(668MiB/60010msec); 0 zone resets
    slat (nsec): min=3322, max=71724, avg=11298.40, stdev=4903.03
    clat (msec): min=7, max=110, avg=22.43, stdev= 4.63
     lat (msec): min=7, max=110, avg=22.44, stdev= 4.63
    clat percentiles (msec):
     |  1.00th=[   18],  5.00th=[   19], 10.00th=[   20], 20.00th=[   21],
     | 30.00th=[   21], 40.00th=[   21], 50.00th=[   21], 60.00th=[   22],
     | 70.00th=[   23], 80.00th=[   24], 90.00th=[   29], 95.00th=[   31],
     | 99.00th=[   40], 99.50th=[   47], 99.90th=[   77], 99.95th=[   89],
     | 99.99th=[  110]
   bw (  KiB/s): min= 8288, max=13152, per=99.99%, avg=11405.00, stdev=1130.20, samples=120
   iops        : min=  518, max=  822, avg=712.79, stdev=70.64, samples=120
  lat (msec)   : 10=0.01%, 20=20.93%, 50=78.78%, 100=0.30%, 250=0.02%
  cpu          : usr=0.43%, sys=1.34%, ctx=42747, majf=0, minf=0
  IO depths    : 1=0.0%, 2=0.0%, 4=0.0%, 8=0.0%, 16=100.0%, 32=0.0%, >=64=0.0%
     submit    : 0=0.0%, 4=100.0%, 8=0.0%, 16=0.0%, 32=0.0%, 64=0.0%, >=64=0.0%
     complete  : 0=0.0%, 4=100.0%, 8=0.0%, 16=0.1%, 32=0.0%, 64=0.0%, >=64=0.0%
     issued rwts: total=0,42765,0,0 short=0,0,0,0 dropped=0,0,0,0
     latency   : target=0, window=0, percentile=100.00%, depth=16

Run status group 0 (all jobs):
  WRITE: bw=11.1MiB/s (11.7MB/s), 11.1MiB/s-11.1MiB/s (11.7MB/s-11.7MB/s), io=668MiB (701MB), run=60010-60010msec
