"randread_64k_1_1": (g=0): rw=randread, bs=(R) 64.0KiB-64.0KiB, (W) 64.0KiB-64.0KiB, (T) 64.0KiB-64.0KiB, ioengine=io_uring, iodepth=1
fio-3.28
Starting 1 thread

"randread_64k_1_1": (groupid=0, jobs=1): err= 0: pid=83675: Thu Aug 10 17:06:14 2023
  read: IOPS=1160, BW=72.5MiB/s (76.0MB/s)(4352MiB/60001msec)
    slat (usec): min=9, max=271, avg=12.26, stdev= 2.60
    clat (usec): min=146, max=18223, avg=847.74, stdev=213.02
     lat (usec): min=159, max=18234, avg=860.19, stdev=213.06
    clat percentiles (usec):
     |  1.00th=[  241],  5.00th=[  611], 10.00th=[  660], 20.00th=[  717],
     | 30.00th=[  750], 40.00th=[  791], 50.00th=[  824], 60.00th=[  865],
     | 70.00th=[  922], 80.00th=[  988], 90.00th=[ 1090], 95.00th=[ 1172],
     | 99.00th=[ 1369], 99.50th=[ 1450], 99.90th=[ 1680], 99.95th=[ 1811],
     | 99.99th=[ 3884]
   bw (  KiB/s): min=67584, max=79872, per=100.00%, avg=74271.96, stdev=2788.20, samples=120
   iops        : min= 1056, max= 1248, avg=1160.48, stdev=43.55, samples=120
  lat (usec)   : 250=1.11%, 500=1.39%, 750=26.86%, 1000=52.41%
  lat (msec)   : 2=18.20%, 4=0.02%, 10=0.01%, 20=0.01%
  cpu          : usr=0.48%, sys=1.86%, ctx=69739, majf=0, minf=0
  IO depths    : 1=100.0%, 2=0.0%, 4=0.0%, 8=0.0%, 16=0.0%, 32=0.0%, >=64=0.0%
     submit    : 0=0.0%, 4=100.0%, 8=0.0%, 16=0.0%, 32=0.0%, 64=0.0%, >=64=0.0%
     complete  : 0=0.0%, 4=100.0%, 8=0.0%, 16=0.0%, 32=0.0%, 64=0.0%, >=64=0.0%
     issued rwts: total=69627,0,0,0 short=0,0,0,0 dropped=0,0,0,0
     latency   : target=0, window=0, percentile=100.00%, depth=1

Run status group 0 (all jobs):
   READ: bw=72.5MiB/s (76.0MB/s), 72.5MiB/s-72.5MiB/s (76.0MB/s-76.0MB/s), io=4352MiB (4563MB), run=60001-60001msec
