"randread_16k_128_1": (g=0): rw=randread, bs=(R) 16.0KiB-16.0KiB, (W) 16.0KiB-16.0KiB, (T) 16.0KiB-16.0KiB, ioengine=io_uring, iodepth=128
fio-3.28
Starting 1 thread

"randread_16k_128_1": (groupid=0, jobs=1): err= 0: pid=77596: Thu Aug 10 16:29:39 2023
  read: IOPS=1968, BW=30.8MiB/s (32.3MB/s)(1849MiB/60051msec)
    slat (usec): min=2, max=135, avg= 7.06, stdev= 2.79
    clat (msec): min=50, max=128, avg=64.99, stdev= 3.98
     lat (msec): min=50, max=128, avg=65.00, stdev= 3.98
    clat percentiles (msec):
     |  1.00th=[   57],  5.00th=[   60], 10.00th=[   61], 20.00th=[   63],
     | 30.00th=[   64], 40.00th=[   65], 50.00th=[   65], 60.00th=[   66],
     | 70.00th=[   67], 80.00th=[   68], 90.00th=[   69], 95.00th=[   71],
     | 99.00th=[   75], 99.50th=[   79], 99.90th=[  110], 99.95th=[  112],
     | 99.99th=[  117]
   bw (  KiB/s): min=28832, max=34272, per=99.99%, avg=31521.57, stdev=1155.03, samples=120
   iops        : min= 1802, max= 2142, avg=1970.07, stdev=72.19, samples=120
  lat (msec)   : 100=99.97%, 250=0.13%
  cpu          : usr=0.73%, sys=2.08%, ctx=108704, majf=0, minf=0
  IO depths    : 1=0.0%, 2=0.0%, 4=0.0%, 8=0.0%, 16=0.0%, 32=0.0%, >=64=100.0%
     submit    : 0=0.0%, 4=100.0%, 8=0.0%, 16=0.0%, 32=0.0%, 64=0.0%, >=64=0.0%
     complete  : 0=0.0%, 4=100.0%, 8=0.0%, 16=0.0%, 32=0.0%, 64=0.0%, >=64=0.1%
     issued rwts: total=118194,0,0,0 short=0,0,0,0 dropped=0,0,0,0
     latency   : target=0, window=0, percentile=100.00%, depth=128

Run status group 0 (all jobs):
   READ: bw=30.8MiB/s (32.3MB/s), 30.8MiB/s-30.8MiB/s (32.3MB/s-32.3MB/s), io=1849MiB (1939MB), run=60051-60051msec
