"randread_4k_1_1": (g=0): rw=randread, bs=(R) 4096B-4096B, (W) 4096B-4096B, (T) 4096B-4096B, ioengine=io_uring, iodepth=1
fio-3.28
Starting 1 thread

"randread_4k_1_1": (groupid=0, jobs=1): err= 0: pid=83279: Thu Aug 10 17:03:53 2023
  read: IOPS=1543, BW=6173KiB/s (6321kB/s)(362MiB/60001msec)
    slat (nsec): min=3965, max=66564, avg=6281.37, stdev=1442.83
    clat (usec): min=95, max=12798, avg=640.06, stdev=162.02
     lat (usec): min=102, max=12804, avg=646.53, stdev=162.07
    clat percentiles (usec):
     |  1.00th=[  243],  5.00th=[  429], 10.00th=[  465], 20.00th=[  515],
     | 30.00th=[  553], 40.00th=[  586], 50.00th=[  627], 60.00th=[  668],
     | 70.00th=[  717], 80.00th=[  766], 90.00th=[  840], 95.00th=[  906],
     | 99.00th=[ 1020], 99.50th=[ 1074], 99.90th=[ 1172], 99.95th=[ 1237],
     | 99.99th=[ 2024]
   bw (  KiB/s): min= 5696, max= 6600, per=100.00%, avg=6173.30, stdev=190.32, samples=120
   iops        : min= 1424, max= 1650, avg=1543.33, stdev=47.58, samples=120
  lat (usec)   : 100=0.01%, 250=1.08%, 500=15.41%, 750=60.42%, 1000=21.78%
  lat (msec)   : 2=1.30%, 4=0.01%, 10=0.01%, 20=0.01%
  cpu          : usr=0.62%, sys=1.53%, ctx=92653, majf=0, minf=0
  IO depths    : 1=100.0%, 2=0.0%, 4=0.0%, 8=0.0%, 16=0.0%, 32=0.0%, >=64=0.0%
     submit    : 0=0.0%, 4=100.0%, 8=0.0%, 16=0.0%, 32=0.0%, 64=0.0%, >=64=0.0%
     complete  : 0=0.0%, 4=100.0%, 8=0.0%, 16=0.0%, 32=0.0%, 64=0.0%, >=64=0.0%
     issued rwts: total=92594,0,0,0 short=0,0,0,0 dropped=0,0,0,0
     latency   : target=0, window=0, percentile=100.00%, depth=1

Run status group 0 (all jobs):
   READ: bw=6173KiB/s (6321kB/s), 6173KiB/s-6173KiB/s (6321kB/s-6321kB/s), io=362MiB (379MB), run=60001-60001msec
