"randwrite_4k_2_1": (g=0): rw=randwrite, bs=(R) 4096B-4096B, (W) 4096B-4096B, (T) 4096B-4096B, ioengine=io_uring, iodepth=2
fio-3.28
Starting 1 thread

"randwrite_4k_2_1": (groupid=0, jobs=1): err= 0: pid=79164: Thu Aug 10 16:39:04 2023
  write: IOPS=681, BW=2725KiB/s (2790kB/s)(160MiB/60002msec); 0 zone resets
    slat (nsec): min=2399, max=56017, avg=9026.52, stdev=4299.79
    clat (usec): min=749, max=57607, avg=2923.99, stdev=1964.17
     lat (usec): min=754, max=57615, avg=2933.26, stdev=1964.30
    clat percentiles (usec):
     |  1.00th=[ 1532],  5.00th=[ 1860], 10.00th=[ 2008], 20.00th=[ 2212],
     | 30.00th=[ 2343], 40.00th=[ 2474], 50.00th=[ 2606], 60.00th=[ 2769],
     | 70.00th=[ 2999], 80.00th=[ 3326], 90.00th=[ 3785], 95.00th=[ 4178],
     | 99.00th=[ 9241], 99.50th=[18482], 99.90th=[28181], 99.95th=[33162],
     | 99.99th=[47973]
   bw (  KiB/s): min= 1440, max= 3568, per=100.00%, avg=2725.25, stdev=422.38, samples=120
   iops        : min=  360, max=  892, avg=681.29, stdev=105.58, samples=120
  lat (usec)   : 750=0.01%, 1000=0.14%
  lat (msec)   : 2=9.53%, 4=83.80%, 10=5.58%, 20=0.55%, 50=0.39%
  lat (msec)   : 100=0.01%
  cpu          : usr=0.34%, sys=1.10%, ctx=40120, majf=0, minf=0
  IO depths    : 1=0.0%, 2=100.0%, 4=0.0%, 8=0.0%, 16=0.0%, 32=0.0%, >=64=0.0%
     submit    : 0=0.0%, 4=100.0%, 8=0.0%, 16=0.0%, 32=0.0%, 64=0.0%, >=64=0.0%
     complete  : 0=0.0%, 4=100.0%, 8=0.0%, 16=0.0%, 32=0.0%, 64=0.0%, >=64=0.0%
     issued rwts: total=0,40875,0,0 short=0,0,0,0 dropped=0,0,0,0
     latency   : target=0, window=0, percentile=100.00%, depth=2

Run status group 0 (all jobs):
  WRITE: bw=2725KiB/s (2790kB/s), 2725KiB/s-2725KiB/s (2790kB/s-2790kB/s), io=160MiB (167MB), run=60002-60002msec
