"randwrite_16k_128_1": (g=0): rw=randwrite, bs=(R) 16.0KiB-16.0KiB, (W) 16.0KiB-16.0KiB, (T) 16.0KiB-16.0KiB, ioengine=io_uring, iodepth=128
fio-3.28
Starting 1 thread

"randwrite_16k_128_1": (groupid=0, jobs=1): err= 0: pid=81702: Thu Aug 10 16:54:23 2023
  write: IOPS=698, BW=10.9MiB/s (11.5MB/s)(659MiB/60242msec); 0 zone resets
    slat (nsec): min=3897, max=78937, avg=11614.15, stdev=5101.04
    clat (msec): min=141, max=436, avg=183.04, stdev=29.94
     lat (msec): min=141, max=436, avg=183.05, stdev=29.94
    clat percentiles (msec):
     |  1.00th=[  148],  5.00th=[  153], 10.00th=[  157], 20.00th=[  161],
     | 30.00th=[  163], 40.00th=[  167], 50.00th=[  171], 60.00th=[  182],
     | 70.00th=[  192], 80.00th=[  207], 90.00th=[  230], 95.00th=[  239],
     | 99.00th=[  268], 99.50th=[  305], 99.90th=[  380], 99.95th=[  409],
     | 99.99th=[  430]
   bw (  KiB/s): min= 7296, max=13856, per=100.00%, avg=11222.87, stdev=1374.36, samples=120
   iops        : min=  456, max=  866, avg=701.39, stdev=85.87, samples=120
  lat (msec)   : 250=97.58%, 500=2.72%
  cpu          : usr=0.59%, sys=1.18%, ctx=42193, majf=0, minf=0
  IO depths    : 1=0.0%, 2=0.0%, 4=0.0%, 8=0.0%, 16=0.0%, 32=0.0%, >=64=100.0%
     submit    : 0=0.0%, 4=100.0%, 8=0.0%, 16=0.0%, 32=0.0%, 64=0.0%, >=64=0.0%
     complete  : 0=0.0%, 4=100.0%, 8=0.0%, 16=0.0%, 32=0.0%, 64=0.0%, >=64=0.1%
     issued rwts: total=0,42080,0,0 short=0,0,0,0 dropped=0,0,0,0
     latency   : target=0, window=0, percentile=100.00%, depth=128

Run status group 0 (all jobs):
  WRITE: bw=10.9MiB/s (11.5MB/s), 10.9MiB/s-10.9MiB/s (11.5MB/s-11.5MB/s), io=659MiB (692MB), run=60242-60242msec
