"randwrite_64k_1_1": (g=0): rw=randwrite, bs=(R) 64.0KiB-64.0KiB, (W) 64.0KiB-64.0KiB, (T) 64.0KiB-64.0KiB, ioengine=io_uring, iodepth=1
fio-3.28
Starting 1 thread

"randwrite_64k_1_1": (groupid=0, jobs=1): err= 0: pid=84256: Thu Aug 10 17:09:46 2023
  write: IOPS=555, BW=34.7MiB/s (36.4MB/s)(2083MiB/60002msec); 0 zone resets
    slat (nsec): min=10391, max=42648, avg=13709.30, stdev=1563.03
    clat (usec): min=951, max=37407, avg=1784.69, stdev=802.71
     lat (usec): min=964, max=37421, avg=1798.60, stdev=802.73
    clat percentiles (usec):
     |  1.00th=[ 1237],  5.00th=[ 1336], 10.00th=[ 1385], 20.00th=[ 1483],
     | 30.00th=[ 1549], 40.00th=[ 1598], 50.00th=[ 1663], 60.00th=[ 1745],
     | 70.00th=[ 1827], 80.00th=[ 1958], 90.00th=[ 2245], 95.00th=[ 2540],
     | 99.00th=[ 3326], 99.50th=[ 3982], 99.90th=[10421], 99.95th=[17957],
     | 99.99th=[32375]
   bw (  KiB/s): min=28800, max=41088, per=100.00%, avg=35554.09, stdev=2577.62, samples=120
   iops        : min=  450, max=  642, avg=555.52, stdev=40.27, samples=120
  lat (usec)   : 1000=0.01%
  lat (msec)   : 2=82.20%, 4=17.31%, 10=0.39%, 20=0.06%, 50=0.05%
  cpu          : usr=0.30%, sys=0.91%, ctx=33341, majf=0, minf=0
  IO depths    : 1=100.0%, 2=0.0%, 4=0.0%, 8=0.0%, 16=0.0%, 32=0.0%, >=64=0.0%
     submit    : 0=0.0%, 4=100.0%, 8=0.0%, 16=0.0%, 32=0.0%, 64=0.0%, >=64=0.0%
     complete  : 0=0.0%, 4=100.0%, 8=0.0%, 16=0.0%, 32=0.0%, 64=0.0%, >=64=0.0%
     issued rwts: total=0,33330,0,0 short=0,0,0,0 dropped=0,0,0,0
     latency   : target=0, window=0, percentile=100.00%, depth=1

Run status group 0 (all jobs):
  WRITE: bw=34.7MiB/s (36.4MB/s), 34.7MiB/s-34.7MiB/s (36.4MB/s-36.4MB/s), io=2083MiB (2184MB), run=60002-60002msec
