"randwrite_4k_4_1": (g=0): rw=randwrite, bs=(R) 4096B-4096B, (W) 4096B-4096B, (T) 4096B-4096B, ioengine=io_uring, iodepth=4
fio-3.28
Starting 1 thread

"randwrite_4k_4_1": (groupid=0, jobs=1): err= 0: pid=79355: Thu Aug 10 16:40:15 2023
  write: IOPS=734, BW=2937KiB/s (3008kB/s)(172MiB/60004msec); 0 zone resets
    slat (nsec): min=2454, max=44717, avg=8387.62, stdev=4199.71
    clat (usec): min=708, max=100385, avg=5436.33, stdev=2217.77
     lat (usec): min=713, max=100391, avg=5444.93, stdev=2218.00
    clat percentiles (usec):
     |  1.00th=[ 2868],  5.00th=[ 3720], 10.00th=[ 3982], 20.00th=[ 4359],
     | 30.00th=[ 4621], 40.00th=[ 4883], 50.00th=[ 5145], 60.00th=[ 5407],
     | 70.00th=[ 5932], 80.00th=[ 6521], 90.00th=[ 7046], 95.00th=[ 7504],
     | 99.00th=[ 8979], 99.50th=[12256], 99.90th=[35914], 99.95th=[41681],
     | 99.99th=[68682]
   bw (  KiB/s): min= 2208, max= 3840, per=99.99%, avg=2937.58, stdev=410.75, samples=120
   iops        : min=  552, max=  960, avg=734.37, stdev=102.68, samples=120
  lat (usec)   : 750=0.01%, 1000=0.12%
  lat (msec)   : 2=0.66%, 4=9.63%, 10=88.92%, 20=0.34%, 50=0.31%
  lat (msec)   : 100=0.02%, 250=0.01%
  cpu          : usr=0.37%, sys=1.06%, ctx=42953, majf=0, minf=0
  IO depths    : 1=0.0%, 2=0.0%, 4=100.0%, 8=0.0%, 16=0.0%, 32=0.0%, >=64=0.0%
     submit    : 0=0.0%, 4=100.0%, 8=0.0%, 16=0.0%, 32=0.0%, 64=0.0%, >=64=0.0%
     complete  : 0=0.0%, 4=100.0%, 8=0.0%, 16=0.0%, 32=0.0%, 64=0.0%, >=64=0.0%
     issued rwts: total=0,44060,0,0 short=0,0,0,0 dropped=0,0,0,0
     latency   : target=0, window=0, percentile=100.00%, depth=4

Run status group 0 (all jobs):
  WRITE: bw=2937KiB/s (3008kB/s), 2937KiB/s-2937KiB/s (3008kB/s-3008kB/s), io=172MiB (180MB), run=60004-60004msec
