"randwrite_64k_64_1": (g=0): rw=randwrite, bs=(R) 64.0KiB-64.0KiB, (W) 64.0KiB-64.0KiB, (T) 64.0KiB-64.0KiB, ioengine=io_uring, iodepth=64
fio-3.28
Starting 1 thread

"randwrite_64k_64_1": (groupid=0, jobs=1): err= 0: pid=82886: Thu Aug 10 17:01:26 2023
  write: IOPS=677, BW=42.4MiB/s (44.5MB/s)(2550MiB/60106msec); 0 zone resets
    slat (nsec): min=7686, max=69943, avg=16888.59, stdev=5779.72
    clat (msec): min=59, max=200, avg=94.34, stdev=15.46
     lat (msec): min=59, max=200, avg=94.35, stdev=15.46
    clat percentiles (msec):
     |  1.00th=[   71],  5.00th=[   74], 10.00th=[   77], 20.00th=[   82],
     | 30.00th=[   86], 40.00th=[   89], 50.00th=[   92], 60.00th=[   95],
     | 70.00th=[  101], 80.00th=[  106], 90.00th=[  118], 95.00th=[  124],
     | 99.00th=[  138], 99.50th=[  146], 99.90th=[  180], 99.95th=[  188],
     | 99.99th=[  194]
   bw (  KiB/s): min=31744, max=55552, per=100.00%, avg=43451.49, stdev=5432.63, samples=120
   iops        : min=  496, max=  868, avg=678.91, stdev=84.88, samples=120
  lat (msec)   : 100=70.29%, 250=29.87%
  cpu          : usr=0.61%, sys=1.39%, ctx=40683, majf=0, minf=0
  IO depths    : 1=0.0%, 2=0.0%, 4=0.0%, 8=0.0%, 16=0.0%, 32=0.0%, >=64=100.0%
     submit    : 0=0.0%, 4=100.0%, 8=0.0%, 16=0.0%, 32=0.0%, 64=0.0%, >=64=0.0%
     complete  : 0=0.0%, 4=100.0%, 8=0.0%, 16=0.0%, 32=0.0%, 64=0.1%, >=64=0.0%
     issued rwts: total=0,40732,0,0 short=0,0,0,0 dropped=0,0,0,0
     latency   : target=0, window=0, percentile=100.00%, depth=64

Run status group 0 (all jobs):
  WRITE: bw=42.4MiB/s (44.5MB/s), 42.4MiB/s-42.4MiB/s (44.5MB/s-44.5MB/s), io=2550MiB (2674MB), run=60106-60106msec
