"randread_16k_16_1": (g=0): rw=randread, bs=(R) 16.0KiB-16.0KiB, (W) 16.0KiB-16.0KiB, (T) 16.0KiB-16.0KiB, ioengine=io_uring, iodepth=16
fio-3.28
Starting 1 thread

"randread_16k_16_1": (groupid=0, jobs=1): err= 0: pid=76995: Thu Aug 10 16:26:07 2023
  read: IOPS=2004, BW=31.3MiB/s (32.8MB/s)(1879MiB/60009msec)
    slat (nsec): min=2825, max=91474, avg=6931.03, stdev=2759.70
    clat (usec): min=1383, max=36191, avg=7974.23, stdev=2124.02
     lat (usec): min=1392, max=36202, avg=7981.32, stdev=2123.88
    clat percentiles (usec):
     |  1.00th=[ 4113],  5.00th=[ 5211], 10.00th=[ 5800], 20.00th=[ 6456],
     | 30.00th=[ 6915], 40.00th=[ 7308], 50.00th=[ 7701], 60.00th=[ 8094],
     | 70.00th=[ 8586], 80.00th=[ 9241], 90.00th=[10290], 95.00th=[11600],
     | 99.00th=[15401], 99.50th=[17171], 99.90th=[22152], 99.95th=[24511],
     | 99.99th=[30016]
   bw (  KiB/s): min=28928, max=35904, per=100.00%, avg=32073.30, stdev=1561.41, samples=120
   iops        : min= 1808, max= 2244, avg=2004.57, stdev=97.60, samples=120
  lat (msec)   : 2=0.01%, 4=0.82%, 10=87.17%, 20=11.82%, 50=0.19%
  cpu          : usr=0.77%, sys=2.05%, ctx=106993, majf=0, minf=0
  IO depths    : 1=0.0%, 2=0.0%, 4=0.0%, 8=0.0%, 16=100.0%, 32=0.0%, >=64=0.0%
     submit    : 0=0.0%, 4=100.0%, 8=0.0%, 16=0.0%, 32=0.0%, 64=0.0%, >=64=0.0%
     complete  : 0=0.0%, 4=100.0%, 8=0.0%, 16=0.1%, 32=0.0%, 64=0.0%, >=64=0.0%
     issued rwts: total=120267,0,0,0 short=0,0,0,0 dropped=0,0,0,0
     latency   : target=0, window=0, percentile=100.00%, depth=16

Run status group 0 (all jobs):
   READ: bw=31.3MiB/s (32.8MB/s), 31.3MiB/s-31.3MiB/s (32.8MB/s-32.8MB/s), io=1879MiB (1971MB), run=60009-60009msec
