"randwrite_64k_1_1": (g=0): rw=randwrite, bs=(R) 64.0KiB-64.0KiB, (W) 64.0KiB-64.0KiB, (T) 64.0KiB-64.0KiB, ioengine=io_uring, iodepth=1
fio-3.28
Starting 1 thread

"randwrite_64k_1_1": (groupid=0, jobs=1): err= 0: pid=131758: Tue Jul 18 23:41:36 2023
  write: IOPS=4474, BW=280MiB/s (293MB/s)(16.4GiB/60001msec); 0 zone resets
    slat (nsec): min=6995, max=53228, avg=7712.19, stdev=518.69
    clat (usec): min=164, max=2215, avg=214.19, stdev=23.59
     lat (usec): min=194, max=2223, avg=222.16, stdev=23.61
    clat percentiles (usec):
     | 25.0th=[  202], 50.0th=[  204], 75.0th=[  212], 99.0th=[  285]
    lat percentiles (usec):
     | 25.0th=[  210], 50.0th=[  212], 75.0th=[  221], 99.0th=[  293]
   bw (  KiB/s): min=272256, max=293376, per=100.00%, avg=286389.33, stdev=6421.27, samples=120
   iops        : min= 4254, max= 4584, avg=4474.81, stdev=100.33, samples=120
  lat (usec)   : 250=87.79%, 500=12.21%, 750=0.01%, 1000=0.01%
  lat (msec)   : 4=0.01%
  cpu          : usr=1.73%, sys=4.18%, ctx=268812, majf=0, minf=6303
  IO depths    : 1=100.0%, 2=0.0%, 4=0.0%, 8=0.0%, 16=0.0%, 32=0.0%, >=64=0.0%
     submit    : 0=0.0%, 4=100.0%, 8=0.0%, 16=0.0%, 32=0.0%, 64=0.0%, >=64=0.0%
     complete  : 0=0.0%, 4=100.0%, 8=0.0%, 16=0.0%, 32=0.0%, 64=0.0%, >=64=0.0%
     issued rwts: total=0,268476,0,0 short=0,0,0,0 dropped=0,0,0,0
     latency   : target=0, window=0, percentile=100.00%, depth=1

Run status group 0 (all jobs):
  WRITE: bw=280MiB/s (293MB/s), 280MiB/s-280MiB/s (293MB/s-293MB/s), io=16.4GiB (17.6GB), run=60001-60001msec
