"randread_64k_2_1": (g=0): rw=randread, bs=(R) 64.0KiB-64.0KiB, (W) 64.0KiB-64.0KiB, (T) 64.0KiB-64.0KiB, ioengine=io_uring, iodepth=2
fio-3.28
Starting 1 thread

"randread_64k_2_1": (groupid=0, jobs=1): err= 0: pid=131471: Tue Jul 18 23:02:43 2023
  read: IOPS=9494, BW=593MiB/s (622MB/s)(34.8GiB/60001msec)
    slat (nsec): min=2629, max=57144, avg=5598.79, stdev=2873.62
    clat (usec): min=118, max=3324, avg=203.73, stdev=42.54
     lat (usec): min=146, max=3328, avg=209.48, stdev=42.58
    clat percentiles (usec):
     |  1.00th=[  153],  5.00th=[  159], 10.00th=[  163], 20.00th=[  169],
     | 30.00th=[  174], 40.00th=[  184], 50.00th=[  198], 60.00th=[  206],
     | 70.00th=[  212], 80.00th=[  231], 90.00th=[  269], 95.00th=[  289],
     | 99.00th=[  338], 99.50th=[  363], 99.90th=[  408], 99.95th=[  429],
     | 99.99th=[  502]
   bw (  KiB/s): min=568448, max=638976, per=100.00%, avg=607720.11, stdev=10346.31, samples=120
   iops        : min= 8882, max= 9984, avg=9495.62, stdev=161.66, samples=120
  lat (usec)   : 250=85.94%, 500=14.05%, 750=0.01%, 1000=0.01%
  lat (msec)   : 2=0.01%, 4=0.01%
  cpu          : usr=2.84%, sys=7.24%, ctx=558987, majf=0, minf=0
  IO depths    : 1=0.0%, 2=100.0%, 4=0.0%, 8=0.0%, 16=0.0%, 32=0.0%, >=64=0.0%
     submit    : 0=0.0%, 4=100.0%, 8=0.0%, 16=0.0%, 32=0.0%, 64=0.0%, >=64=0.0%
     complete  : 0=0.0%, 4=100.0%, 8=0.0%, 16=0.0%, 32=0.0%, 64=0.0%, >=64=0.0%
     issued rwts: total=569693,0,0,0 short=0,0,0,0 dropped=0,0,0,0
     latency   : target=0, window=0, percentile=100.00%, depth=2

Run status group 0 (all jobs):
   READ: bw=593MiB/s (622MB/s), 593MiB/s-593MiB/s (622MB/s-622MB/s), io=34.8GiB (37.3GB), run=60001-60001msec
