"randwrite_4k_64_1": (g=0): rw=randwrite, bs=(R) 4096B-4096B, (W) 4096B-4096B, (T) 4096B-4096B, ioengine=io_uring, iodepth=64
fio-3.28
Starting 1 thread

"randwrite_4k_64_1": (groupid=0, jobs=1): err= 0: pid=131574: Tue Jul 18 23:16:48 2023
  write: IOPS=51.1k, BW=200MiB/s (209MB/s)(11.7GiB/60040msec); 0 zone resets
    slat (nsec): min=2016, max=68903, avg=3149.84, stdev=1861.48
    clat (usec): min=64, max=3720.3k, avg=1251.62, stdev=26776.55
     lat (usec): min=80, max=3720.3k, avg=1254.86, stdev=26776.57
    clat percentiles (usec):
     |  1.00th=[    114],  5.00th=[    149], 10.00th=[    165],
     | 20.00th=[    184], 30.00th=[    200], 40.00th=[    210],
     | 50.00th=[    223], 60.00th=[    233], 70.00th=[    245],
     | 80.00th=[    265], 90.00th=[    310], 95.00th=[    359],
     | 99.00th=[    474], 99.50th=[    611], 99.90th=[ 408945],
     | 99.95th=[ 624952], 99.99th=[1182794]
   bw (  KiB/s): min=171480, max=256088, per=100.00%, avg=204657.32, stdev=17381.57, samples=120
   iops        : min=42870, max=64022, avg=51164.32, stdev=4345.39, samples=120
  lat (usec)   : 100=0.15%, 250=72.97%, 500=26.03%, 750=0.56%, 1000=0.06%
  lat (msec)   : 2=0.01%, 50=0.01%, 100=0.01%, 250=0.10%, 500=0.07%
  lat (msec)   : 750=0.03%, 1000=0.02%, 2000=0.02%, >=2000=0.01%
  cpu          : usr=7.89%, sys=17.55%, ctx=1960278, majf=0, minf=0
  IO depths    : 1=0.0%, 2=0.0%, 4=0.0%, 8=0.0%, 16=0.0%, 32=0.0%, >=64=100.0%
     submit    : 0=0.0%, 4=100.0%, 8=0.0%, 16=0.0%, 32=0.0%, 64=0.0%, >=64=0.0%
     complete  : 0=0.0%, 4=100.0%, 8=0.0%, 16=0.0%, 32=0.0%, 64=0.1%, >=64=0.0%
     issued rwts: total=0,3069697,0,0 short=0,0,0,0 dropped=0,0,0,0
     latency   : target=0, window=0, percentile=100.00%, depth=64

Run status group 0 (all jobs):
  WRITE: bw=200MiB/s (209MB/s), 200MiB/s-200MiB/s (209MB/s-209MB/s), io=11.7GiB (12.6GB), run=60040-60040msec
