"randread_16k_2_1": (g=0): rw=randread, bs=(R) 16.0KiB-16.0KiB, (W) 16.0KiB-16.0KiB, (T) 16.0KiB-16.0KiB, ioengine=io_uring, iodepth=2
fio-3.28
Starting 1 thread

"randread_16k_2_1": (groupid=0, jobs=1): err= 0: pid=64787: Thu Aug 10 15:01:39 2023
  read: IOPS=2771, BW=43.3MiB/s (45.4MB/s)(2598MiB/60001msec)
    slat (nsec): min=2790, max=53830, avg=6872.46, stdev=3251.57
    clat (usec): min=90, max=35384, avg=713.00, stdev=224.73
     lat (usec): min=96, max=35394, avg=720.03, stdev=224.78
    clat percentiles (usec):
     |  1.00th=[  172],  5.00th=[  449], 10.00th=[  529], 20.00th=[  586],
     | 30.00th=[  627], 40.00th=[  660], 50.00th=[  701], 60.00th=[  742],
     | 70.00th=[  791], 80.00th=[  848], 90.00th=[  947], 95.00th=[ 1029],
     | 99.00th=[ 1221], 99.50th=[ 1303], 99.90th=[ 1516], 99.95th=[ 1598],
     | 99.99th=[ 5211]
   bw (  KiB/s): min=40896, max=48480, per=100.00%, avg=44350.53, stdev=1630.53, samples=120
   iops        : min= 2556, max= 3030, avg=2771.89, stdev=101.91, samples=120
  lat (usec)   : 100=0.02%, 250=2.43%, 500=5.07%, 750=54.47%, 1000=31.74%
  lat (msec)   : 2=6.24%, 4=0.01%, 10=0.01%, 20=0.01%, 50=0.01%
  cpu          : usr=1.15%, sys=2.88%, ctx=158121, majf=0, minf=0
  IO depths    : 1=0.0%, 2=100.0%, 4=0.0%, 8=0.0%, 16=0.0%, 32=0.0%, >=64=0.0%
     submit    : 0=0.0%, 4=100.0%, 8=0.0%, 16=0.0%, 32=0.0%, 64=0.0%, >=64=0.0%
     complete  : 0=0.0%, 4=100.0%, 8=0.0%, 16=0.0%, 32=0.0%, 64=0.0%, >=64=0.0%
     issued rwts: total=166302,0,0,0 short=0,0,0,0 dropped=0,0,0,0
     latency   : target=0, window=0, percentile=100.00%, depth=2

Run status group 0 (all jobs):
   READ: bw=43.3MiB/s (45.4MB/s), 43.3MiB/s-43.3MiB/s (45.4MB/s-45.4MB/s), io=2598MiB (2725MB), run=60001-60001msec
