"randwrite_4k_4_1": (g=0): rw=randwrite, bs=(R) 4096B-4096B, (W) 4096B-4096B, (T) 4096B-4096B, ioengine=io_uring, iodepth=4
fio-3.28
Starting 1 thread

"randwrite_4k_4_1": (groupid=0, jobs=1): err= 0: pid=67149: Thu Aug 10 15:19:16 2023
  write: IOPS=1329, BW=5319KiB/s (5446kB/s)(312MiB/60001msec); 0 zone resets
    slat (nsec): min=2321, max=69396, avg=8117.92, stdev=4359.22
    clat (usec): min=696, max=79154, avg=2997.83, stdev=1990.96
     lat (usec): min=701, max=79187, avg=3006.17, stdev=1991.06
    clat percentiles (usec):
     |  1.00th=[ 1287],  5.00th=[ 1778], 10.00th=[ 1975], 20.00th=[ 2180],
     | 30.00th=[ 2343], 40.00th=[ 2540], 50.00th=[ 2737], 60.00th=[ 2966],
     | 70.00th=[ 3228], 80.00th=[ 3458], 90.00th=[ 3851], 95.00th=[ 4359],
     | 99.00th=[ 8717], 99.50th=[17957], 99.90th=[28443], 99.95th=[35914],
     | 99.99th=[57934]
   bw (  KiB/s): min= 3040, max= 7368, per=99.99%, avg=5318.93, stdev=833.17, samples=120
   iops        : min=  760, max= 1842, avg=1329.72, stdev=208.30, samples=120
  lat (usec)   : 750=0.01%, 1000=0.34%
  lat (msec)   : 2=10.84%, 4=81.03%, 10=6.92%, 20=0.51%, 50=0.35%
  lat (msec)   : 100=0.01%
  cpu          : usr=0.81%, sys=1.68%, ctx=75429, majf=0, minf=0
  IO depths    : 1=0.0%, 2=0.0%, 4=100.0%, 8=0.0%, 16=0.0%, 32=0.0%, >=64=0.0%
     submit    : 0=0.0%, 4=100.0%, 8=0.0%, 16=0.0%, 32=0.0%, 64=0.0%, >=64=0.0%
     complete  : 0=0.0%, 4=100.0%, 8=0.0%, 16=0.0%, 32=0.0%, 64=0.0%, >=64=0.0%
     issued rwts: total=0,79778,0,0 short=0,0,0,0 dropped=0,0,0,0
     latency   : target=0, window=0, percentile=100.00%, depth=4

Run status group 0 (all jobs):
  WRITE: bw=5319KiB/s (5446kB/s), 5319KiB/s-5319KiB/s (5446kB/s-5446kB/s), io=312MiB (327MB), run=60001-60001msec
