"randwrite_16k_8_1": (g=0): rw=randwrite, bs=(R) 16.0KiB-16.0KiB, (W) 16.0KiB-16.0KiB, (T) 16.0KiB-16.0KiB, ioengine=io_uring, iodepth=8
fio-3.28
Starting 1 thread

"randwrite_16k_8_1": (groupid=0, jobs=1): err= 0: pid=68123: Thu Aug 10 15:28:39 2023
  write: IOPS=1370, BW=21.4MiB/s (22.5MB/s)(1286MiB/60026msec); 0 zone resets
    slat (nsec): min=3060, max=48307, avg=9193.99, stdev=4611.21
    clat (usec): min=759, max=76661, avg=5824.33, stdev=3834.28
     lat (usec): min=769, max=76665, avg=5833.74, stdev=3834.39
    clat percentiles (usec):
     |  1.00th=[ 1483],  5.00th=[ 3687], 10.00th=[ 4015], 20.00th=[ 4424],
     | 30.00th=[ 4752], 40.00th=[ 4948], 50.00th=[ 5276], 60.00th=[ 5604],
     | 70.00th=[ 5997], 80.00th=[ 6521], 90.00th=[ 7111], 95.00th=[ 7767],
     | 99.00th=[28705], 99.50th=[36963], 99.90th=[45876], 99.95th=[57410],
     | 99.99th=[70779]
   bw (  KiB/s): min=12928, max=29659, per=100.00%, avg=21946.47, stdev=3664.54, samples=120
   iops        : min=  808, max= 1853, avg=1371.63, stdev=229.03, samples=120
  lat (usec)   : 1000=0.23%
  lat (msec)   : 2=1.05%, 4=8.27%, 10=88.44%, 20=0.61%, 50=1.33%
  lat (msec)   : 100=0.08%
  cpu          : usr=0.90%, sys=1.79%, ctx=78339, majf=0, minf=0
  IO depths    : 1=0.0%, 2=0.0%, 4=0.0%, 8=100.0%, 16=0.0%, 32=0.0%, >=64=0.0%
     submit    : 0=0.0%, 4=100.0%, 8=0.0%, 16=0.0%, 32=0.0%, 64=0.0%, >=64=0.0%
     complete  : 0=0.0%, 4=100.0%, 8=0.1%, 16=0.0%, 32=0.0%, 64=0.0%, >=64=0.0%
     issued rwts: total=0,82291,0,0 short=0,0,0,0 dropped=0,0,0,0
     latency   : target=0, window=0, percentile=100.00%, depth=8

Run status group 0 (all jobs):
  WRITE: bw=21.4MiB/s (22.5MB/s), 21.4MiB/s-21.4MiB/s (22.5MB/s-22.5MB/s), io=1286MiB (1348MB), run=60026-60026msec
