"randwrite_64k_4_1": (g=0): rw=randwrite, bs=(R) 64.0KiB-64.0KiB, (W) 64.0KiB-64.0KiB, (T) 64.0KiB-64.0KiB, ioengine=io_uring, iodepth=4
fio-3.28
Starting 1 thread

"randwrite_64k_4_1": (groupid=0, jobs=1): err= 0: pid=68723: Thu Aug 10 15:35:43 2023
  write: IOPS=1459, BW=91.2MiB/s (95.7MB/s)(5475MiB/60002msec); 0 zone resets
    slat (nsec): min=6106, max=81720, avg=13329.61, stdev=4796.26
    clat (usec): min=987, max=50053, avg=2724.17, stdev=1040.82
     lat (usec): min=1002, max=50076, avg=2737.71, stdev=1040.78
    clat percentiles (usec):
     |  1.00th=[ 1598],  5.00th=[ 1909], 10.00th=[ 2040], 20.00th=[ 2212],
     | 30.00th=[ 2343], 40.00th=[ 2442], 50.00th=[ 2573], 60.00th=[ 2737],
     | 70.00th=[ 2900], 80.00th=[ 3130], 90.00th=[ 3523], 95.00th=[ 3851],
     | 99.00th=[ 4817], 99.50th=[ 5604], 99.90th=[15926], 99.95th=[18482],
     | 99.99th=[40633]
   bw (  KiB/s): min=62080, max=111488, per=100.00%, avg=93449.11, stdev=10631.61, samples=120
   iops        : min=  970, max= 1742, avg=1460.12, stdev=166.12, samples=120
  lat (usec)   : 1000=0.01%
  lat (msec)   : 2=8.25%, 4=88.12%, 10=3.45%, 20=0.13%, 50=0.04%
  lat (msec)   : 100=0.01%
  cpu          : usr=0.86%, sys=2.53%, ctx=80774, majf=0, minf=0
  IO depths    : 1=0.0%, 2=0.0%, 4=100.0%, 8=0.0%, 16=0.0%, 32=0.0%, >=64=0.0%
     submit    : 0=0.0%, 4=100.0%, 8=0.0%, 16=0.0%, 32=0.0%, 64=0.0%, >=64=0.0%
     complete  : 0=0.0%, 4=100.0%, 8=0.0%, 16=0.0%, 32=0.0%, 64=0.0%, >=64=0.0%
     issued rwts: total=0,87599,0,0 short=0,0,0,0 dropped=0,0,0,0
     latency   : target=0, window=0, percentile=100.00%, depth=4

Run status group 0 (all jobs):
  WRITE: bw=91.2MiB/s (95.7MB/s), 91.2MiB/s-91.2MiB/s (95.7MB/s-95.7MB/s), io=5475MiB (5741MB), run=60002-60002msec
