"randread_4k_16_1": (g=0): rw=randread, bs=(R) 4096B-4096B, (W) 4096B-4096B, (T) 4096B-4096B, ioengine=io_uring, iodepth=16
fio-3.28
Starting 1 thread

"randread_4k_16_1": (groupid=0, jobs=1): err= 0: pid=64372: Thu Aug 10 14:56:57 2023
  read: IOPS=3525, BW=13.8MiB/s (14.4MB/s)(826MiB/60002msec)
    slat (nsec): min=2111, max=75807, avg=5439.37, stdev=2775.99
    clat (usec): min=114, max=41304, avg=4530.81, stdev=3286.61
     lat (usec): min=118, max=41308, avg=4536.41, stdev=3286.48
    clat percentiles (usec):
     |  1.00th=[  832],  5.00th=[ 1221], 10.00th=[ 1500], 20.00th=[ 1942],
     | 30.00th=[ 2442], 40.00th=[ 3064], 50.00th=[ 3752], 60.00th=[ 4424],
     | 70.00th=[ 5211], 80.00th=[ 6456], 90.00th=[ 8717], 95.00th=[10945],
     | 99.00th=[16450], 99.50th=[18744], 99.90th=[23987], 99.95th=[26608],
     | 99.99th=[31851]
   bw (  KiB/s): min=11046, max=15928, per=100.00%, avg=14105.26, stdev=935.40, samples=120
   iops        : min= 2761, max= 3982, avg=3526.30, stdev=233.86, samples=120
  lat (usec)   : 250=0.01%, 500=0.15%, 750=0.53%, 1000=1.53%
  lat (msec)   : 2=19.10%, 4=32.55%, 10=39.40%, 20=6.39%, 50=0.36%
  cpu          : usr=1.23%, sys=2.92%, ctx=176638, majf=0, minf=0
  IO depths    : 1=0.0%, 2=0.0%, 4=0.0%, 8=0.0%, 16=100.0%, 32=0.0%, >=64=0.0%
     submit    : 0=0.0%, 4=100.0%, 8=0.0%, 16=0.0%, 32=0.0%, 64=0.0%, >=64=0.0%
     complete  : 0=0.0%, 4=100.0%, 8=0.0%, 16=0.1%, 32=0.0%, 64=0.0%, >=64=0.0%
     issued rwts: total=211564,0,0,0 short=0,0,0,0 dropped=0,0,0,0
     latency   : target=0, window=0, percentile=100.00%, depth=16

Run status group 0 (all jobs):
   READ: bw=13.8MiB/s (14.4MB/s), 13.8MiB/s-13.8MiB/s (14.4MB/s-14.4MB/s), io=826MiB (867MB), run=60002-60002msec
