"randread_64k_16_1": (g=0): rw=randread, bs=(R) 64.0KiB-64.0KiB, (W) 64.0KiB-64.0KiB, (T) 64.0KiB-64.0KiB, ioengine=io_uring, iodepth=16
fio-3.28
Starting 1 thread

"randread_64k_16_1": (groupid=0, jobs=1): err= 0: pid=66641: Thu Aug 10 15:13:23 2023
  read: IOPS=4373, BW=273MiB/s (287MB/s)(16.0GiB/60002msec)
    slat (usec): min=5, max=271, avg= 9.19, stdev= 2.69
    clat (usec): min=186, max=50840, avg=3647.94, stdev=1835.81
     lat (usec): min=199, max=50847, avg=3657.29, stdev=1835.69
    clat percentiles (usec):
     |  1.00th=[ 1156],  5.00th=[ 1614], 10.00th=[ 1893], 20.00th=[ 2245],
     | 30.00th=[ 2573], 40.00th=[ 2933], 50.00th=[ 3359], 60.00th=[ 3785],
     | 70.00th=[ 4228], 80.00th=[ 4817], 90.00th=[ 5669], 95.00th=[ 6521],
     | 99.00th=[ 9110], 99.50th=[10552], 99.90th=[18220], 99.95th=[26084],
     | 99.99th=[40633]
   bw (  KiB/s): min=250240, max=314240, per=100.00%, avg=279920.10, stdev=13563.47, samples=120
   iops        : min= 3910, max= 4910, avg=4373.73, stdev=211.94, samples=120
  lat (usec)   : 250=0.01%, 500=0.04%, 750=0.16%, 1000=0.37%
  lat (msec)   : 2=12.15%, 4=52.19%, 10=34.46%, 20=0.55%, 50=0.08%
  lat (msec)   : 100=0.01%
  cpu          : usr=1.43%, sys=5.16%, ctx=251264, majf=0, minf=0
  IO depths    : 1=0.0%, 2=0.0%, 4=0.0%, 8=0.0%, 16=100.0%, 32=0.0%, >=64=0.0%
     submit    : 0=0.0%, 4=100.0%, 8=0.0%, 16=0.0%, 32=0.0%, 64=0.0%, >=64=0.0%
     complete  : 0=0.0%, 4=100.0%, 8=0.0%, 16=0.1%, 32=0.0%, 64=0.0%, >=64=0.0%
     issued rwts: total=262408,0,0,0 short=0,0,0,0 dropped=0,0,0,0
     latency   : target=0, window=0, percentile=100.00%, depth=16

Run status group 0 (all jobs):
   READ: bw=273MiB/s (287MB/s), 273MiB/s-273MiB/s (287MB/s-287MB/s), io=16.0GiB (17.2GB), run=60002-60002msec
