"randread_64k_32_1": (g=0): rw=randread, bs=(R) 64.0KiB-64.0KiB, (W) 64.0KiB-64.0KiB, (T) 64.0KiB-64.0KiB, ioengine=io_uring, iodepth=32
fio-3.28
Starting 1 thread

"randread_64k_32_1": (groupid=0, jobs=1): err= 0: pid=66739: Thu Aug 10 15:14:34 2023
  read: IOPS=4287, BW=268MiB/s (281MB/s)(15.7GiB/60008msec)
    slat (usec): min=5, max=277, avg= 9.46, stdev= 2.75
    clat (usec): min=1159, max=54193, avg=7451.85, stdev=2151.69
     lat (usec): min=1172, max=54202, avg=7461.47, stdev=2151.64
    clat percentiles (usec):
     |  1.00th=[ 4113],  5.00th=[ 4948], 10.00th=[ 5342], 20.00th=[ 5932],
     | 30.00th=[ 6325], 40.00th=[ 6718], 50.00th=[ 7111], 60.00th=[ 7504],
     | 70.00th=[ 8029], 80.00th=[ 8717], 90.00th=[ 9896], 95.00th=[10945],
     | 99.00th=[14615], 99.50th=[16909], 99.90th=[24249], 99.95th=[28967],
     | 99.99th=[38011]
   bw (  KiB/s): min=215424, max=299008, per=100.00%, avg=274491.16, stdev=17922.33, samples=120
   iops        : min= 3366, max= 4672, avg=4288.88, stdev=280.02, samples=120
  lat (msec)   : 2=0.01%, 4=0.77%, 10=90.26%, 20=8.74%, 50=0.23%
  lat (msec)   : 100=0.01%
  cpu          : usr=1.28%, sys=5.33%, ctx=248124, majf=0, minf=0
  IO depths    : 1=0.0%, 2=0.0%, 4=0.0%, 8=0.0%, 16=0.0%, 32=100.0%, >=64=0.0%
     submit    : 0=0.0%, 4=100.0%, 8=0.0%, 16=0.0%, 32=0.0%, 64=0.0%, >=64=0.0%
     complete  : 0=0.0%, 4=100.0%, 8=0.0%, 16=0.0%, 32=0.1%, 64=0.0%, >=64=0.0%
     issued rwts: total=257305,0,0,0 short=0,0,0,0 dropped=0,0,0,0
     latency   : target=0, window=0, percentile=100.00%, depth=32

Run status group 0 (all jobs):
   READ: bw=268MiB/s (281MB/s), 268MiB/s-268MiB/s (281MB/s-281MB/s), io=15.7GiB (16.9GB), run=60008-60008msec
