"randwrite_16k_4_1": (g=0): rw=randwrite, bs=(R) 16.0KiB-16.0KiB, (W) 16.0KiB-16.0KiB, (T) 16.0KiB-16.0KiB, ioengine=io_uring, iodepth=4
fio-3.28
Starting 1 thread

"randwrite_16k_4_1": (groupid=0, jobs=1): err= 0: pid=68026: Thu Aug 10 15:27:29 2023
  write: IOPS=1368, BW=21.4MiB/s (22.4MB/s)(1283MiB/60001msec); 0 zone resets
    slat (nsec): min=3136, max=51971, avg=9181.56, stdev=4638.31
    clat (usec): min=760, max=51412, avg=2911.66, stdev=2177.84
     lat (usec): min=773, max=51418, avg=2921.06, stdev=2177.81
    clat percentiles (usec):
     |  1.00th=[ 1319],  5.00th=[ 1811], 10.00th=[ 1991], 20.00th=[ 2180],
     | 30.00th=[ 2343], 40.00th=[ 2507], 50.00th=[ 2638], 60.00th=[ 2802],
     | 70.00th=[ 2966], 80.00th=[ 3195], 90.00th=[ 3556], 95.00th=[ 3982],
     | 99.00th=[10945], 99.50th=[21627], 99.90th=[31327], 99.95th=[34866],
     | 99.99th=[45876]
   bw (  KiB/s): min=15264, max=29664, per=100.00%, avg=21895.73, stdev=2935.13, samples=120
   iops        : min=  954, max= 1854, avg=1368.46, stdev=183.45, samples=120
  lat (usec)   : 1000=0.27%
  lat (msec)   : 2=10.16%, 4=84.78%, 10=3.72%, 20=0.49%, 50=0.58%
  lat (msec)   : 100=0.01%
  cpu          : usr=0.81%, sys=1.86%, ctx=76953, majf=0, minf=0
  IO depths    : 1=0.0%, 2=0.0%, 4=100.0%, 8=0.0%, 16=0.0%, 32=0.0%, >=64=0.0%
     submit    : 0=0.0%, 4=100.0%, 8=0.0%, 16=0.0%, 32=0.0%, 64=0.0%, >=64=0.0%
     complete  : 0=0.0%, 4=100.0%, 8=0.0%, 16=0.0%, 32=0.0%, 64=0.0%, >=64=0.0%
     issued rwts: total=0,82102,0,0 short=0,0,0,0 dropped=0,0,0,0
     latency   : target=0, window=0, percentile=100.00%, depth=4

Run status group 0 (all jobs):
  WRITE: bw=21.4MiB/s (22.4MB/s), 21.4MiB/s-21.4MiB/s (22.4MB/s-22.4MB/s), io=1283MiB (1345MB), run=60001-60001msec
