"randread_64k_64_1": (g=0): rw=randread, bs=(R) 64.0KiB-64.0KiB, (W) 64.0KiB-64.0KiB, (T) 64.0KiB-64.0KiB, ioengine=io_uring, iodepth=64
fio-3.28
Starting 1 thread

"randread_64k_64_1": (groupid=0, jobs=1): err= 0: pid=66841: Thu Aug 10 15:15:44 2023
  read: IOPS=4145, BW=259MiB/s (272MB/s)(15.2GiB/60014msec)
    slat (usec): min=5, max=276, avg= 9.70, stdev= 2.72
    clat (usec): min=7681, max=76836, avg=15426.39, stdev=2236.92
     lat (usec): min=7689, max=76849, avg=15436.23, stdev=2236.84
    clat percentiles (usec):
     |  1.00th=[11863],  5.00th=[12649], 10.00th=[13173], 20.00th=[13829],
     | 30.00th=[14222], 40.00th=[14746], 50.00th=[15139], 60.00th=[15664],
     | 70.00th=[16188], 80.00th=[16909], 90.00th=[17957], 95.00th=[18744],
     | 99.00th=[21627], 99.50th=[23462], 99.90th=[30802], 99.95th=[38536],
     | 99.99th=[69731]
   bw (  KiB/s): min=230400, max=284928, per=100.00%, avg=265383.26, stdev=8230.23, samples=120
   iops        : min= 3600, max= 4452, avg=4146.59, stdev=128.60, samples=120
  lat (msec)   : 10=0.02%, 20=97.61%, 50=2.36%, 100=0.03%
  cpu          : usr=1.37%, sys=5.22%, ctx=245912, majf=0, minf=0
  IO depths    : 1=0.0%, 2=0.0%, 4=0.0%, 8=0.0%, 16=0.0%, 32=0.0%, >=64=100.0%
     submit    : 0=0.0%, 4=100.0%, 8=0.0%, 16=0.0%, 32=0.0%, 64=0.0%, >=64=0.0%
     complete  : 0=0.0%, 4=100.0%, 8=0.0%, 16=0.0%, 32=0.0%, 64=0.1%, >=64=0.0%
     issued rwts: total=248771,0,0,0 short=0,0,0,0 dropped=0,0,0,0
     latency   : target=0, window=0, percentile=100.00%, depth=64

Run status group 0 (all jobs):
   READ: bw=259MiB/s (272MB/s), 259MiB/s-259MiB/s (272MB/s-272MB/s), io=15.2GiB (16.3GB), run=60014-60014msec
