"randread_64k_1_1": (g=0): rw=randread, bs=(R) 64.0KiB-64.0KiB, (W) 64.0KiB-64.0KiB, (T) 64.0KiB-64.0KiB, ioengine=io_uring, iodepth=1
fio-3.28
Starting 1 thread

"randread_64k_1_1": (groupid=0, jobs=1): err= 0: pid=69541: Thu Aug 10 15:45:12 2023
  read: IOPS=1407, BW=88.0MiB/s (92.2MB/s)(5277MiB/60001msec)
    slat (usec): min=9, max=124, avg=11.59, stdev= 1.48
    clat (usec): min=141, max=20952, avg=697.70, stdev=183.45
     lat (usec): min=153, max=20965, avg=709.46, stdev=183.48
    clat percentiles (usec):
     |  1.00th=[  163],  5.00th=[  388], 10.00th=[  578], 20.00th=[  619],
     | 30.00th=[  652], 40.00th=[  685], 50.00th=[  709], 60.00th=[  734],
     | 70.00th=[  758], 80.00th=[  799], 90.00th=[  857], 95.00th=[  914],
     | 99.00th=[ 1037], 99.50th=[ 1090], 99.90th=[ 1237], 99.95th=[ 1319],
     | 99.99th=[ 3556]
   bw (  KiB/s): min=81920, max=98176, per=100.00%, avg=90069.07, stdev=3025.60, samples=120
   iops        : min= 1280, max= 1534, avg=1407.30, stdev=47.25, samples=120
  lat (usec)   : 250=3.98%, 500=2.11%, 750=60.92%, 1000=31.41%
  lat (msec)   : 2=1.56%, 4=0.01%, 10=0.01%, 20=0.01%, 50=0.01%
  cpu          : usr=0.35%, sys=2.23%, ctx=84524, majf=0, minf=0
  IO depths    : 1=100.0%, 2=0.0%, 4=0.0%, 8=0.0%, 16=0.0%, 32=0.0%, >=64=0.0%
     submit    : 0=0.0%, 4=100.0%, 8=0.0%, 16=0.0%, 32=0.0%, 64=0.0%, >=64=0.0%
     complete  : 0=0.0%, 4=100.0%, 8=0.0%, 16=0.0%, 32=0.0%, 64=0.0%, >=64=0.0%
     issued rwts: total=84435,0,0,0 short=0,0,0,0 dropped=0,0,0,0
     latency   : target=0, window=0, percentile=100.00%, depth=1

Run status group 0 (all jobs):
   READ: bw=88.0MiB/s (92.2MB/s), 88.0MiB/s-88.0MiB/s (92.2MB/s-92.2MB/s), io=5277MiB (5534MB), run=60001-60001msec
