"randwrite_64k_16_1": (g=0): rw=randwrite, bs=(R) 64.0KiB-64.0KiB, (W) 64.0KiB-64.0KiB, (T) 64.0KiB-64.0KiB, ioengine=io_uring, iodepth=16
fio-3.28
Starting 1 thread

"randwrite_64k_16_1": (groupid=0, jobs=1): err= 0: pid=68937: Thu Aug 10 15:38:04 2023
  write: IOPS=1258, BW=78.7MiB/s (82.5MB/s)(4720MiB/60004msec); 0 zone resets
    slat (nsec): min=6582, max=94402, avg=13981.34, stdev=4860.34
    clat (usec): min=1207, max=63906, avg=12696.16, stdev=2864.42
     lat (usec): min=1232, max=63916, avg=12710.37, stdev=2864.61
    clat percentiles (usec):
     |  1.00th=[ 2278],  5.00th=[10683], 10.00th=[11076], 20.00th=[11338],
     | 30.00th=[11600], 40.00th=[11863], 50.00th=[12125], 60.00th=[12780],
     | 70.00th=[13435], 80.00th=[14222], 90.00th=[15139], 95.00th=[15664],
     | 99.00th=[17957], 99.50th=[30540], 99.90th=[44827], 99.95th=[46400],
     | 99.99th=[63701]
   bw (  KiB/s): min=62332, max=94080, per=100.00%, avg=80556.74, stdev=8136.26, samples=120
   iops        : min=  973, max= 1470, avg=1258.64, stdev=127.11, samples=120
  lat (msec)   : 2=0.79%, 4=0.58%, 10=1.17%, 20=96.65%, 50=0.77%
  lat (msec)   : 100=0.04%
  cpu          : usr=0.85%, sys=2.31%, ctx=72886, majf=0, minf=0
  IO depths    : 1=0.0%, 2=0.0%, 4=0.0%, 8=0.0%, 16=100.0%, 32=0.0%, >=64=0.0%
     submit    : 0=0.0%, 4=100.0%, 8=0.0%, 16=0.0%, 32=0.0%, 64=0.0%, >=64=0.0%
     complete  : 0=0.0%, 4=100.0%, 8=0.0%, 16=0.1%, 32=0.0%, 64=0.0%, >=64=0.0%
     issued rwts: total=0,75511,0,0 short=0,0,0,0 dropped=0,0,0,0
     latency   : target=0, window=0, percentile=100.00%, depth=16

Run status group 0 (all jobs):
  WRITE: bw=78.7MiB/s (82.5MB/s), 78.7MiB/s-78.7MiB/s (82.5MB/s-82.5MB/s), io=4720MiB (4950MB), run=60004-60004msec
