"randwrite_16k_16_1": (g=0): rw=randwrite, bs=(R) 16.0KiB-16.0KiB, (W) 16.0KiB-16.0KiB, (T) 16.0KiB-16.0KiB, ioengine=io_uring, iodepth=16
fio-3.28
Starting 1 thread

"randwrite_16k_16_1": (groupid=0, jobs=1): err= 0: pid=68225: Thu Aug 10 15:29:50 2023
  write: IOPS=1280, BW=20.0MiB/s (21.0MB/s)(1201MiB/60003msec); 0 zone resets
    slat (nsec): min=3410, max=98626, avg=9643.55, stdev=4834.56
    clat (usec): min=800, max=82034, avg=12479.29, stdev=3659.36
     lat (usec): min=811, max=82041, avg=12489.21, stdev=3659.34
    clat percentiles (usec):
     |  1.00th=[ 1926],  5.00th=[10552], 10.00th=[10945], 20.00th=[11469],
     | 30.00th=[11731], 40.00th=[11994], 50.00th=[12125], 60.00th=[12256],
     | 70.00th=[12518], 80.00th=[12911], 90.00th=[13960], 95.00th=[14746],
     | 99.00th=[30016], 99.50th=[37487], 99.90th=[58459], 99.95th=[62129],
     | 99.99th=[81265]
   bw (  KiB/s): min=14144, max=23840, per=99.99%, avg=20494.53, stdev=1661.01, samples=120
   iops        : min=  884, max= 1490, avg=1280.88, stdev=103.81, samples=120
  lat (usec)   : 1000=0.09%
  lat (msec)   : 2=0.92%, 4=0.17%, 10=1.32%, 20=96.02%, 50=1.30%
  lat (msec)   : 100=0.20%
  cpu          : usr=0.88%, sys=1.75%, ctx=74934, majf=0, minf=0
  IO depths    : 1=0.0%, 2=0.0%, 4=0.0%, 8=0.0%, 16=100.0%, 32=0.0%, >=64=0.0%
     submit    : 0=0.0%, 4=100.0%, 8=0.0%, 16=0.0%, 32=0.0%, 64=0.0%, >=64=0.0%
     complete  : 0=0.0%, 4=100.0%, 8=0.0%, 16=0.1%, 32=0.0%, 64=0.0%, >=64=0.0%
     issued rwts: total=0,76848,0,0 short=0,0,0,0 dropped=0,0,0,0
     latency   : target=0, window=0, percentile=100.00%, depth=16

Run status group 0 (all jobs):
  WRITE: bw=20.0MiB/s (21.0MB/s), 20.0MiB/s-20.0MiB/s (21.0MB/s-21.0MB/s), io=1201MiB (1259MB), run=60003-60003msec
