"randwrite_4k_4_1": (g=0): rw=randwrite, bs=(R) 4096B-4096B, (W) 4096B-4096B, (T) 4096B-4096B, ioengine=io_uring, iodepth=4
fio-3.28
Starting 1 thread

"randwrite_4k_4_1": (groupid=0, jobs=1): err= 0: pid=67148: Thu Aug 10 15:19:16 2023
  write: IOPS=1328, BW=5314KiB/s (5441kB/s)(311MiB/60003msec); 0 zone resets
    slat (nsec): min=2095, max=86997, avg=7906.17, stdev=4418.59
    clat (usec): min=742, max=78993, avg=3001.00, stdev=1997.50
     lat (usec): min=749, max=79014, avg=3009.12, stdev=1997.62
    clat percentiles (usec):
     |  1.00th=[ 1254],  5.00th=[ 1778], 10.00th=[ 1975], 20.00th=[ 2180],
     | 30.00th=[ 2343], 40.00th=[ 2540], 50.00th=[ 2737], 60.00th=[ 2999],
     | 70.00th=[ 3228], 80.00th=[ 3458], 90.00th=[ 3851], 95.00th=[ 4293],
     | 99.00th=[ 8717], 99.50th=[17957], 99.90th=[28967], 99.95th=[35914],
     | 99.99th=[57934]
   bw (  KiB/s): min= 3008, max= 7320, per=100.00%, avg=5314.05, stdev=835.33, samples=120
   iops        : min=  752, max= 1830, avg=1328.49, stdev=208.82, samples=120
  lat (usec)   : 750=0.01%, 1000=0.38%
  lat (msec)   : 2=10.68%, 4=81.15%, 10=6.93%, 20=0.51%, 50=0.34%
  lat (msec)   : 100=0.01%
  cpu          : usr=0.68%, sys=1.75%, ctx=74890, majf=0, minf=0
  IO depths    : 1=0.0%, 2=0.0%, 4=100.0%, 8=0.0%, 16=0.0%, 32=0.0%, >=64=0.0%
     submit    : 0=0.0%, 4=100.0%, 8=0.0%, 16=0.0%, 32=0.0%, 64=0.0%, >=64=0.0%
     complete  : 0=0.0%, 4=100.0%, 8=0.0%, 16=0.0%, 32=0.0%, 64=0.0%, >=64=0.0%
     issued rwts: total=0,79704,0,0 short=0,0,0,0 dropped=0,0,0,0
     latency   : target=0, window=0, percentile=100.00%, depth=4

Run status group 0 (all jobs):
  WRITE: bw=5314KiB/s (5441kB/s), 5314KiB/s-5314KiB/s (5441kB/s-5441kB/s), io=311MiB (326MB), run=60003-60003msec
