"randwrite_64k_32_1": (g=0): rw=randwrite, bs=(R) 64.0KiB-64.0KiB, (W) 64.0KiB-64.0KiB, (T) 64.0KiB-64.0KiB, ioengine=io_uring, iodepth=32
fio-3.28
Starting 1 thread

"randwrite_64k_32_1": (groupid=0, jobs=1): err= 0: pid=69033: Thu Aug 10 15:39:14 2023
  write: IOPS=1208, BW=75.6MiB/s (79.2MB/s)(4537MiB/60030msec); 0 zone resets
    slat (nsec): min=6733, max=91336, avg=17189.94, stdev=6963.98
    clat (msec): min=9, max=122, avg=26.45, stdev= 5.32
     lat (msec): min=9, max=122, avg=26.47, stdev= 5.32
    clat percentiles (msec):
     |  1.00th=[   21],  5.00th=[   22], 10.00th=[   23], 20.00th=[   24],
     | 30.00th=[   25], 40.00th=[   26], 50.00th=[   26], 60.00th=[   27],
     | 70.00th=[   28], 80.00th=[   29], 90.00th=[   31], 95.00th=[   32],
     | 99.00th=[   45], 99.50th=[   68], 99.90th=[   89], 99.95th=[   91],
     | 99.99th=[  105]
   bw (  KiB/s): min=45184, max=94592, per=100.00%, avg=77403.93, stdev=8806.34, samples=120
   iops        : min=  706, max= 1478, avg=1209.40, stdev=137.58, samples=120
  lat (msec)   : 10=0.01%, 20=0.73%, 50=98.50%, 100=0.78%, 250=0.02%
  cpu          : usr=1.01%, sys=2.68%, ctx=72020, majf=0, minf=0
  IO depths    : 1=0.0%, 2=0.0%, 4=0.0%, 8=0.0%, 16=0.0%, 32=100.0%, >=64=0.0%
     submit    : 0=0.0%, 4=100.0%, 8=0.0%, 16=0.0%, 32=0.0%, 64=0.0%, >=64=0.0%
     complete  : 0=0.0%, 4=100.0%, 8=0.0%, 16=0.0%, 32=0.1%, 64=0.0%, >=64=0.0%
     issued rwts: total=0,72555,0,0 short=0,0,0,0 dropped=0,0,0,0
     latency   : target=0, window=0, percentile=100.00%, depth=32

Run status group 0 (all jobs):
  WRITE: bw=75.6MiB/s (79.2MB/s), 75.6MiB/s-75.6MiB/s (79.2MB/s-79.2MB/s), io=4537MiB (4757MB), run=60030-60030msec
