"randwrite_4k_4_1": (g=0): rw=randwrite, bs=(R) 4096B-4096B, (W) 4096B-4096B, (T) 4096B-4096B, ioengine=io_uring, iodepth=4
fio-3.28
Starting 1 thread

"randwrite_4k_4_1": (groupid=0, jobs=1): err= 0: pid=67147: Thu Aug 10 15:19:16 2023
  write: IOPS=1329, BW=5318KiB/s (5446kB/s)(312MiB/60004msec); 0 zone resets
    slat (nsec): min=2245, max=71121, avg=8190.07, stdev=4490.78
    clat (usec): min=708, max=79255, avg=2997.87, stdev=1991.44
     lat (usec): min=718, max=79279, avg=3006.28, stdev=1991.55
    clat percentiles (usec):
     |  1.00th=[ 1205],  5.00th=[ 1762], 10.00th=[ 1958], 20.00th=[ 2180],
     | 30.00th=[ 2343], 40.00th=[ 2540], 50.00th=[ 2737], 60.00th=[ 2999],
     | 70.00th=[ 3228], 80.00th=[ 3458], 90.00th=[ 3851], 95.00th=[ 4293],
     | 99.00th=[ 8586], 99.50th=[17957], 99.90th=[28705], 99.95th=[35914],
     | 99.99th=[58983]
   bw (  KiB/s): min= 2992, max= 7352, per=99.99%, avg=5318.86, stdev=839.89, samples=120
   iops        : min=  748, max= 1838, avg=1329.70, stdev=209.97, samples=120
  lat (usec)   : 750=0.01%, 1000=0.42%
  lat (msec)   : 2=10.91%, 4=80.77%, 10=7.04%, 20=0.50%, 50=0.34%
  lat (msec)   : 100=0.01%
  cpu          : usr=0.72%, sys=1.80%, ctx=74875, majf=0, minf=0
  IO depths    : 1=0.0%, 2=0.0%, 4=100.0%, 8=0.0%, 16=0.0%, 32=0.0%, >=64=0.0%
     submit    : 0=0.0%, 4=100.0%, 8=0.0%, 16=0.0%, 32=0.0%, 64=0.0%, >=64=0.0%
     complete  : 0=0.0%, 4=100.0%, 8=0.0%, 16=0.0%, 32=0.0%, 64=0.0%, >=64=0.0%
     issued rwts: total=0,79777,0,0 short=0,0,0,0 dropped=0,0,0,0
     latency   : target=0, window=0, percentile=100.00%, depth=4

Run status group 0 (all jobs):
  WRITE: bw=5318KiB/s (5446kB/s), 5318KiB/s-5318KiB/s (5446kB/s-5446kB/s), io=312MiB (327MB), run=60004-60004msec
