"randwrite_64k_2_1": (g=0): rw=randwrite, bs=(R) 64.0KiB-64.0KiB, (W) 64.0KiB-64.0KiB, (T) 64.0KiB-64.0KiB, ioengine=io_uring, iodepth=2
fio-3.28
Starting 1 thread

"randwrite_64k_2_1": (groupid=0, jobs=1): err= 0: pid=68628: Thu Aug 10 15:34:32 2023
  write: IOPS=1116, BW=69.8MiB/s (73.2MB/s)(4188MiB/60002msec); 0 zone resets
    slat (nsec): min=6211, max=93134, avg=13953.56, stdev=5187.00
    clat (usec): min=980, max=55214, avg=1774.33, stdev=791.47
     lat (usec): min=994, max=55227, avg=1788.50, stdev=791.42
    clat percentiles (usec):
     |  1.00th=[ 1188],  5.00th=[ 1303], 10.00th=[ 1369], 20.00th=[ 1450],
     | 30.00th=[ 1532], 40.00th=[ 1598], 50.00th=[ 1663], 60.00th=[ 1745],
     | 70.00th=[ 1844], 80.00th=[ 1991], 90.00th=[ 2245], 95.00th=[ 2540],
     | 99.00th=[ 3294], 99.50th=[ 3752], 99.90th=[ 6652], 99.95th=[16450],
     | 99.99th=[36439]
   bw (  KiB/s): min=59520, max=85504, per=100.00%, avg=71484.50, stdev=5087.23, samples=120
   iops        : min=  930, max= 1336, avg=1116.93, stdev=79.48, samples=120
  lat (usec)   : 1000=0.01%
  lat (msec)   : 2=80.83%, 4=18.80%, 10=0.30%, 20=0.05%, 50=0.03%
  lat (msec)   : 100=0.01%
  cpu          : usr=0.73%, sys=2.06%, ctx=63223, majf=0, minf=0
  IO depths    : 1=0.0%, 2=100.0%, 4=0.0%, 8=0.0%, 16=0.0%, 32=0.0%, >=64=0.0%
     submit    : 0=0.0%, 4=100.0%, 8=0.0%, 16=0.0%, 32=0.0%, 64=0.0%, >=64=0.0%
     complete  : 0=0.0%, 4=100.0%, 8=0.0%, 16=0.0%, 32=0.0%, 64=0.0%, >=64=0.0%
     issued rwts: total=0,67010,0,0 short=0,0,0,0 dropped=0,0,0,0
     latency   : target=0, window=0, percentile=100.00%, depth=2

Run status group 0 (all jobs):
  WRITE: bw=69.8MiB/s (73.2MB/s), 69.8MiB/s-69.8MiB/s (73.2MB/s-73.2MB/s), io=4188MiB (4392MB), run=60002-60002msec
