"randread_4k_1_1": (g=0): rw=randread, bs=(R) 4096B-4096B, (W) 4096B-4096B, (T) 4096B-4096B, ioengine=io_uring, iodepth=1
fio-3.28
Starting 1 thread

"randread_4k_1_1": (groupid=0, jobs=1): err= 0: pid=69342: Thu Aug 10 15:42:51 2023
  read: IOPS=2221, BW=8887KiB/s (9100kB/s)(521MiB/60001msec)
    slat (nsec): min=3815, max=64375, avg=5550.80, stdev=1017.30
    clat (usec): min=91, max=13259, avg=443.34, stdev=118.99
     lat (usec): min=96, max=13263, avg=449.06, stdev=118.99
    clat percentiles (usec):
     |  1.00th=[  116],  5.00th=[  326], 10.00th=[  367], 20.00th=[  392],
     | 30.00th=[  412], 40.00th=[  424], 50.00th=[  441], 60.00th=[  457],
     | 70.00th=[  478], 80.00th=[  502], 90.00th=[  553], 95.00th=[  594],
     | 99.00th=[  685], 99.50th=[  717], 99.90th=[  799], 99.95th=[  848],
     | 99.99th=[ 2835]
   bw (  KiB/s): min= 7784, max= 9720, per=100.00%, avg=8887.71, stdev=422.61, samples=120
   iops        : min= 1946, max= 2430, avg=2221.92, stdev=105.65, samples=120
  lat (usec)   : 100=0.06%, 250=4.38%, 500=74.91%, 750=20.41%, 1000=0.20%
  lat (msec)   : 2=0.01%, 4=0.01%, 10=0.01%, 20=0.01%
  cpu          : usr=0.69%, sys=1.98%, ctx=133326, majf=0, minf=0
  IO depths    : 1=100.0%, 2=0.0%, 4=0.0%, 8=0.0%, 16=0.0%, 32=0.0%, >=64=0.0%
     submit    : 0=0.0%, 4=100.0%, 8=0.0%, 16=0.0%, 32=0.0%, 64=0.0%, >=64=0.0%
     complete  : 0=0.0%, 4=100.0%, 8=0.0%, 16=0.0%, 32=0.0%, 64=0.0%, >=64=0.0%
     issued rwts: total=133309,0,0,0 short=0,0,0,0 dropped=0,0,0,0
     latency   : target=0, window=0, percentile=100.00%, depth=1

Run status group 0 (all jobs):
   READ: bw=8887KiB/s (9100kB/s), 8887KiB/s-8887KiB/s (9100kB/s-9100kB/s), io=521MiB (546MB), run=60001-60001msec
