"randread_4k_2_1": (g=0): rw=randread, bs=(R) 4096B-4096B, (W) 4096B-4096B, (T) 4096B-4096B, ioengine=io_uring, iodepth=2
fio-3.28
Starting 1 thread

"randread_4k_2_1": (groupid=0, jobs=1): err= 0: pid=34033: Fri Aug 11 10:18:33 2023
  read: IOPS=38.5k, BW=150MiB/s (158MB/s)(9029MiB/60001msec)
    slat (nsec): min=2249, max=41375, avg=3609.21, stdev=742.48
    clat (usec): min=7, max=765, avg=47.29, stdev=17.36
     lat (usec): min=33, max=769, avg=51.04, stdev=17.34
    clat percentiles (usec):
     |  1.00th=[   40],  5.00th=[   42], 10.00th=[   44], 20.00th=[   45],
     | 30.00th=[   46], 40.00th=[   46], 50.00th=[   47], 60.00th=[   47],
     | 70.00th=[   48], 80.00th=[   49], 90.00th=[   51], 95.00th=[   53],
     | 99.00th=[   65], 99.50th=[   73], 99.90th=[  114], 99.95th=[  611],
     | 99.99th=[  644]
   bw (  KiB/s): min=138280, max=157808, per=99.98%, avg=154062.13, stdev=1993.31, samples=119
   iops        : min=34570, max=39452, avg=38515.50, stdev=498.32, samples=119
  lat (usec)   : 10=0.01%, 20=0.01%, 50=87.96%, 100=11.91%, 250=0.04%
  lat (usec)   : 500=0.01%, 750=0.09%, 1000=0.01%
  cpu          : usr=10.40%, sys=21.76%, ctx=2097454, majf=0, minf=0
  IO depths    : 1=0.0%, 2=100.0%, 4=0.0%, 8=0.0%, 16=0.0%, 32=0.0%, >=64=0.0%
     submit    : 0=0.0%, 4=100.0%, 8=0.0%, 16=0.0%, 32=0.0%, 64=0.0%, >=64=0.0%
     complete  : 0=0.0%, 4=100.0%, 8=0.0%, 16=0.0%, 32=0.0%, 64=0.0%, >=64=0.0%
     issued rwts: total=2311315,0,0,0 short=0,0,0,0 dropped=0,0,0,0
     latency   : target=0, window=0, percentile=100.00%, depth=2

Run status group 0 (all jobs):
   READ: bw=150MiB/s (158MB/s), 150MiB/s-150MiB/s (158MB/s-158MB/s), io=9029MiB (9467MB), run=60001-60001msec
