"randwrite_16k_64_1": (g=0): rw=randwrite, bs=(R) 16.0KiB-16.0KiB, (W) 16.0KiB-16.0KiB, (T) 16.0KiB-16.0KiB, ioengine=io_uring, iodepth=64
fio-3.28
Starting 1 thread

"randwrite_16k_64_1": (groupid=0, jobs=1): err= 0: pid=40535: Fri Aug 11 10:57:22 2023
  write: IOPS=27.2k, BW=426MiB/s (446MB/s)(24.9GiB/60002msec); 0 zone resets
    slat (nsec): min=2587, max=79647, avg=3680.49, stdev=1153.98
    clat (usec): min=709, max=23469, avg=2344.63, stdev=415.26
     lat (usec): min=715, max=23473, avg=2348.43, stdev=414.93
    clat percentiles (usec):
     |  1.00th=[ 1172],  5.00th=[ 2057], 10.00th=[ 2073], 20.00th=[ 2114],
     | 30.00th=[ 2147], 40.00th=[ 2278], 50.00th=[ 2311], 60.00th=[ 2343],
     | 70.00th=[ 2343], 80.00th=[ 2376], 90.00th=[ 3032], 95.00th=[ 3064],
     | 99.00th=[ 3359], 99.50th=[ 3752], 99.90th=[ 4883], 99.95th=[ 5800],
     | 99.99th=[ 8586]
   bw (  KiB/s): min=356928, max=440960, per=100.00%, avg=435964.40, stdev=8202.65, samples=120
   iops        : min=22308, max=27560, avg=27247.75, stdev=512.66, samples=120
  lat (usec)   : 750=0.01%, 1000=0.01%
  lat (msec)   : 2=3.27%, 4=96.45%, 10=0.27%, 20=0.01%, 50=0.01%
  cpu          : usr=4.59%, sys=10.03%, ctx=254302, majf=0, minf=0
  IO depths    : 1=0.0%, 2=0.0%, 4=0.0%, 8=0.0%, 16=0.0%, 32=0.0%, >=64=100.0%
     submit    : 0=0.0%, 4=100.0%, 8=0.0%, 16=0.0%, 32=0.0%, 64=0.0%, >=64=0.0%
     complete  : 0=0.0%, 4=100.0%, 8=0.0%, 16=0.0%, 32=0.0%, 64=0.1%, >=64=0.0%
     issued rwts: total=0,1634771,0,0 short=0,0,0,0 dropped=0,0,0,0
     latency   : target=0, window=0, percentile=100.00%, depth=64

Run status group 0 (all jobs):
  WRITE: bw=426MiB/s (446MB/s), 426MiB/s-426MiB/s (446MB/s-446MB/s), io=24.9GiB (26.8GB), run=60002-60002msec
