"randwrite_16k_32_1": (g=0): rw=randwrite, bs=(R) 16.0KiB-16.0KiB, (W) 16.0KiB-16.0KiB, (T) 16.0KiB-16.0KiB, ioengine=io_uring, iodepth=32
fio-3.28
Starting 1 thread

"randwrite_16k_32_1": (groupid=0, jobs=1): err= 0: pid=40342: Fri Aug 11 10:56:11 2023
  write: IOPS=27.1k, BW=424MiB/s (445MB/s)(24.9GiB/60001msec); 0 zone resets
    slat (nsec): min=2741, max=68016, avg=3828.52, stdev=1133.73
    clat (usec): min=139, max=3387, avg=1174.17, stdev=57.71
     lat (usec): min=147, max=3390, avg=1178.09, stdev=57.85
    clat percentiles (usec):
     |  1.00th=[ 1106],  5.00th=[ 1123], 10.00th=[ 1139], 20.00th=[ 1139],
     | 30.00th=[ 1156], 40.00th=[ 1156], 50.00th=[ 1172], 60.00th=[ 1172],
     | 70.00th=[ 1188], 80.00th=[ 1205], 90.00th=[ 1221], 95.00th=[ 1221],
     | 99.00th=[ 1336], 99.50th=[ 1418], 99.90th=[ 1893], 99.95th=[ 2024],
     | 99.99th=[ 2573]
   bw (  KiB/s): min=373696, max=458880, per=100.00%, avg=434449.66, stdev=8096.44, samples=120
   iops        : min=23356, max=28680, avg=27153.07, stdev=506.02, samples=120
  lat (usec)   : 250=0.01%, 500=0.03%, 750=0.01%, 1000=0.21%
  lat (msec)   : 2=99.69%, 4=0.06%
  cpu          : usr=4.27%, sys=10.38%, ctx=252897, majf=0, minf=0
  IO depths    : 1=0.0%, 2=0.0%, 4=0.0%, 8=0.0%, 16=0.0%, 32=100.0%, >=64=0.0%
     submit    : 0=0.0%, 4=100.0%, 8=0.0%, 16=0.0%, 32=0.0%, 64=0.0%, >=64=0.0%
     complete  : 0=0.0%, 4=100.0%, 8=0.0%, 16=0.0%, 32=0.1%, 64=0.0%, >=64=0.0%
     issued rwts: total=0,1629068,0,0 short=0,0,0,0 dropped=0,0,0,0
     latency   : target=0, window=0, percentile=100.00%, depth=32

Run status group 0 (all jobs):
  WRITE: bw=424MiB/s (445MB/s), 424MiB/s-424MiB/s (445MB/s-445MB/s), io=24.9GiB (26.7GB), run=60001-60001msec
