"randread_64k_64_1": (g=0): rw=randread, bs=(R) 64.0KiB-64.0KiB, (W) 64.0KiB-64.0KiB, (T) 64.0KiB-64.0KiB, ioengine=io_uring, iodepth=64
fio-3.28
Starting 1 thread

"randread_64k_64_1": (groupid=0, jobs=1): err= 0: pid=37760: Fri Aug 11 10:40:54 2023
  read: IOPS=9063, BW=567MiB/s (594MB/s)(33.2GiB/60003msec)
    slat (nsec): min=2864, max=78457, avg=4854.06, stdev=1160.83
    clat (usec): min=967, max=90306, avg=7055.24, stdev=4850.96
     lat (usec): min=972, max=90311, avg=7060.22, stdev=4850.95
    clat percentiles (usec):
     |  1.00th=[ 3851],  5.00th=[ 4047], 10.00th=[ 4146], 20.00th=[ 4293],
     | 30.00th=[ 4424], 40.00th=[ 4555], 50.00th=[ 4686], 60.00th=[ 5145],
     | 70.00th=[ 7177], 80.00th=[ 9634], 90.00th=[12911], 95.00th=[16450],
     | 99.00th=[27132], 99.50th=[31327], 99.90th=[41681], 99.95th=[47449],
     | 99.99th=[57934]
   bw (  KiB/s): min=503168, max=600625, per=100.00%, avg=580123.15, stdev=9964.49, samples=120
   iops        : min= 7862, max= 9384, avg=9064.41, stdev=155.69, samples=120
  lat (usec)   : 1000=0.01%
  lat (msec)   : 2=0.17%, 4=3.73%, 10=78.84%, 20=14.43%, 50=2.81%
  lat (msec)   : 100=0.04%
  cpu          : usr=2.57%, sys=6.24%, ctx=494675, majf=0, minf=0
  IO depths    : 1=0.0%, 2=0.0%, 4=0.0%, 8=0.0%, 16=0.0%, 32=0.0%, >=64=100.0%
     submit    : 0=0.0%, 4=100.0%, 8=0.0%, 16=0.0%, 32=0.0%, 64=0.0%, >=64=0.0%
     complete  : 0=0.0%, 4=100.0%, 8=0.0%, 16=0.0%, 32=0.0%, 64=0.1%, >=64=0.0%
     issued rwts: total=543829,0,0,0 short=0,0,0,0 dropped=0,0,0,0
     latency   : target=0, window=0, percentile=100.00%, depth=64

Run status group 0 (all jobs):
   READ: bw=567MiB/s (594MB/s), 567MiB/s-567MiB/s (594MB/s-594MB/s), io=33.2GiB (35.6GB), run=60003-60003msec
