"randwrite_64k_16_1": (g=0): rw=randwrite, bs=(R) 64.0KiB-64.0KiB, (W) 64.0KiB-64.0KiB, (T) 64.0KiB-64.0KiB, ioengine=io_uring, iodepth=16
fio-3.28
Starting 1 thread

"randwrite_64k_16_1": (groupid=0, jobs=1): err= 0: pid=41517: Fri Aug 11 11:03:15 2023
  write: IOPS=8137, BW=509MiB/s (533MB/s)(29.8GiB/60002msec); 0 zone resets
    slat (nsec): min=3600, max=47583, avg=6687.77, stdev=2862.42
    clat (usec): min=859, max=96114, avg=1958.39, stdev=816.68
     lat (usec): min=871, max=96122, avg=1965.23, stdev=816.57
    clat percentiles (usec):
     |  1.00th=[ 1319],  5.00th=[ 1483], 10.00th=[ 1565], 20.00th=[ 1696],
     | 30.00th=[ 1778], 40.00th=[ 1860], 50.00th=[ 1942], 60.00th=[ 2008],
     | 70.00th=[ 2089], 80.00th=[ 2180], 90.00th=[ 2343], 95.00th=[ 2474],
     | 99.00th=[ 2769], 99.50th=[ 2933], 99.90th=[ 3261], 99.95th=[ 3425],
     | 99.99th=[22938]
   bw (  KiB/s): min=459648, max=538112, per=100.00%, avg=520836.47, stdev=9153.18, samples=120
   iops        : min= 7182, max= 8408, avg=8138.05, stdev=143.00, samples=120
  lat (usec)   : 1000=0.01%
  lat (msec)   : 2=58.42%, 4=41.56%, 10=0.01%, 20=0.01%, 50=0.01%
  lat (msec)   : 100=0.01%
  cpu          : usr=2.93%, sys=5.83%, ctx=240655, majf=0, minf=0
  IO depths    : 1=0.0%, 2=0.0%, 4=0.0%, 8=0.0%, 16=100.0%, 32=0.0%, >=64=0.0%
     submit    : 0=0.0%, 4=100.0%, 8=0.0%, 16=0.0%, 32=0.0%, 64=0.0%, >=64=0.0%
     complete  : 0=0.0%, 4=100.0%, 8=0.0%, 16=0.1%, 32=0.0%, 64=0.0%, >=64=0.0%
     issued rwts: total=0,488249,0,0 short=0,0,0,0 dropped=0,0,0,0
     latency   : target=0, window=0, percentile=100.00%, depth=16

Run status group 0 (all jobs):
  WRITE: bw=509MiB/s (533MB/s), 509MiB/s-509MiB/s (533MB/s-533MB/s), io=29.8GiB (32.0GB), run=60002-60002msec
