"randread_16k_2_1": (g=0): rw=randread, bs=(R) 16.0KiB-16.0KiB, (W) 16.0KiB-16.0KiB, (T) 16.0KiB-16.0KiB, ioengine=io_uring, iodepth=2
fio-3.28
Starting 1 thread

"randread_16k_2_1": (groupid=0, jobs=1): err= 0: pid=35405: Fri Aug 11 10:26:47 2023
  read: IOPS=26.8k, BW=420MiB/s (440MB/s)(24.6GiB/60001msec)
    slat (nsec): min=2503, max=39604, avg=4406.45, stdev=809.17
    clat (usec): min=36, max=802, avg=68.98, stdev=17.68
     lat (usec): min=48, max=808, avg=73.53, stdev=17.66
    clat percentiles (usec):
     |  1.00th=[   60],  5.00th=[   63], 10.00th=[   65], 20.00th=[   67],
     | 30.00th=[   68], 40.00th=[   68], 50.00th=[   69], 60.00th=[   69],
     | 70.00th=[   70], 80.00th=[   71], 90.00th=[   73], 95.00th=[   76],
     | 99.00th=[   92], 99.50th=[   99], 99.90th=[  237], 99.95th=[  644],
     | 99.99th=[  676]
   bw (  KiB/s): min=380288, max=433824, per=100.00%, avg=429616.92, stdev=4872.76, samples=120
   iops        : min=23768, max=27114, avg=26851.02, stdev=304.54, samples=120
  lat (usec)   : 50=0.01%, 100=99.54%, 250=0.34%, 500=0.02%, 750=0.08%
  lat (usec)   : 1000=0.01%
  cpu          : usr=7.38%, sys=17.80%, ctx=1563051, majf=0, minf=0
  IO depths    : 1=0.0%, 2=100.0%, 4=0.0%, 8=0.0%, 16=0.0%, 32=0.0%, >=64=0.0%
     submit    : 0=0.0%, 4=100.0%, 8=0.0%, 16=0.0%, 32=0.0%, 64=0.0%, >=64=0.0%
     complete  : 0=0.0%, 4=100.0%, 8=0.0%, 16=0.0%, 32=0.0%, 64=0.0%, >=64=0.0%
     issued rwts: total=1610960,0,0,0 short=0,0,0,0 dropped=0,0,0,0
     latency   : target=0, window=0, percentile=100.00%, depth=2

Run status group 0 (all jobs):
   READ: bw=420MiB/s (440MB/s), 420MiB/s-420MiB/s (440MB/s-440MB/s), io=24.6GiB (26.4GB), run=60001-60001msec
