"randwrite_64k_2_1": (g=0): rw=randwrite, bs=(R) 64.0KiB-64.0KiB, (W) 64.0KiB-64.0KiB, (T) 64.0KiB-64.0KiB, ioengine=io_uring, iodepth=2
fio-3.28
Starting 1 thread

"randwrite_64k_2_1": (groupid=0, jobs=1): err= 0: pid=40929: Fri Aug 11 10:59:43 2023
  write: IOPS=8161, BW=510MiB/s (535MB/s)(29.9GiB/60001msec); 0 zone resets
    slat (nsec): min=4963, max=40858, avg=7368.26, stdev=1307.49
    clat (usec): min=144, max=1008, avg=236.44, stdev=29.81
     lat (usec): min=157, max=1015, avg=243.94, stdev=29.81
    clat percentiles (usec):
     |  1.00th=[  221],  5.00th=[  227], 10.00th=[  229], 20.00th=[  231],
     | 30.00th=[  231], 40.00th=[  233], 50.00th=[  233], 60.00th=[  235],
     | 70.00th=[  237], 80.00th=[  239], 90.00th=[  245], 95.00th=[  253],
     | 99.00th=[  269], 99.50th=[  285], 99.90th=[  840], 99.95th=[  865],
     | 99.99th=[  914]
   bw (  KiB/s): min=450821, max=524928, per=100.00%, avg=522396.28, stdev=6743.15, samples=120
   iops        : min= 7044, max= 8202, avg=8162.43, stdev=105.37, samples=120
  lat (usec)   : 250=93.80%, 500=5.95%, 750=0.05%, 1000=0.20%
  lat (msec)   : 2=0.01%
  cpu          : usr=3.32%, sys=7.05%, ctx=479301, majf=0, minf=0
  IO depths    : 1=0.0%, 2=100.0%, 4=0.0%, 8=0.0%, 16=0.0%, 32=0.0%, >=64=0.0%
     submit    : 0=0.0%, 4=100.0%, 8=0.0%, 16=0.0%, 32=0.0%, 64=0.0%, >=64=0.0%
     complete  : 0=0.0%, 4=100.0%, 8=0.0%, 16=0.0%, 32=0.0%, 64=0.0%, >=64=0.0%
     issued rwts: total=0,489720,0,0 short=0,0,0,0 dropped=0,0,0,0
     latency   : target=0, window=0, percentile=100.00%, depth=2

Run status group 0 (all jobs):
  WRITE: bw=510MiB/s (535MB/s), 510MiB/s-510MiB/s (535MB/s-535MB/s), io=29.9GiB (32.1GB), run=60001-60001msec
