"randwrite_4k_64_1": (g=0): rw=randwrite, bs=(R) 4096B-4096B, (W) 4096B-4096B, (T) 4096B-4096B, ioengine=io_uring, iodepth=64
fio-3.28
Starting 1 thread

"randwrite_4k_64_1": (groupid=0, jobs=1): err= 0: pid=39161: Fri Aug 11 10:49:08 2023
  write: IOPS=46.1k, BW=180MiB/s (189MB/s)(10.6GiB/60001msec); 0 zone resets
    slat (nsec): min=2155, max=54549, avg=2749.09, stdev=960.52
    clat (usec): min=343, max=4003, avg=1383.99, stdev=134.69
     lat (usec): min=345, max=4006, avg=1386.84, stdev=134.50
    clat percentiles (usec):
     |  1.00th=[ 1037],  5.00th=[ 1106], 10.00th=[ 1303], 20.00th=[ 1336],
     | 30.00th=[ 1336], 40.00th=[ 1352], 50.00th=[ 1369], 60.00th=[ 1369],
     | 70.00th=[ 1401], 80.00th=[ 1434], 90.00th=[ 1582], 95.00th=[ 1631],
     | 99.00th=[ 1729], 99.50th=[ 1795], 99.90th=[ 2180], 99.95th=[ 2442],
     | 99.99th=[ 2900]
   bw (  KiB/s): min=154328, max=189880, per=100.00%, avg=184542.98, stdev=3767.59, samples=120
   iops        : min=38582, max=47470, avg=46135.75, stdev=941.90, samples=120
  lat (usec)   : 500=0.01%, 750=0.02%, 1000=0.04%
  lat (msec)   : 2=99.76%, 4=0.19%, 10=0.01%
  cpu          : usr=6.09%, sys=13.18%, ctx=331318, majf=0, minf=0
  IO depths    : 1=0.0%, 2=0.0%, 4=0.0%, 8=0.0%, 16=0.0%, 32=0.0%, >=64=100.0%
     submit    : 0=0.0%, 4=100.0%, 8=0.0%, 16=0.0%, 32=0.0%, 64=0.0%, >=64=0.0%
     complete  : 0=0.0%, 4=100.0%, 8=0.0%, 16=0.0%, 32=0.0%, 64=0.1%, >=64=0.0%
     issued rwts: total=0,2767970,0,0 short=0,0,0,0 dropped=0,0,0,0
     latency   : target=0, window=0, percentile=100.00%, depth=64

Run status group 0 (all jobs):
  WRITE: bw=180MiB/s (189MB/s), 180MiB/s-180MiB/s (189MB/s-189MB/s), io=10.6GiB (11.3GB), run=60001-60001msec
