"randwrite_4k_8_1": (g=0): rw=randwrite, bs=(R) 4096B-4096B, (W) 4096B-4096B, (T) 4096B-4096B, ioengine=io_uring, iodepth=8
fio-3.28
Starting 1 thread

"randwrite_4k_8_1": (groupid=0, jobs=1): err= 0: pid=38566: Fri Aug 11 10:45:36 2023
  write: IOPS=54.5k, BW=213MiB/s (223MB/s)(12.5GiB/60001msec); 0 zone resets
    slat (nsec): min=2527, max=43236, avg=4161.14, stdev=1113.13
    clat (usec): min=85, max=908, avg=141.61, stdev=19.14
     lat (usec): min=89, max=911, avg=145.90, stdev=19.21
    clat percentiles (usec):
     |  1.00th=[  114],  5.00th=[  120], 10.00th=[  125], 20.00th=[  133],
     | 30.00th=[  137], 40.00th=[  139], 50.00th=[  143], 60.00th=[  145],
     | 70.00th=[  147], 80.00th=[  151], 90.00th=[  155], 95.00th=[  161],
     | 99.00th=[  180], 99.50th=[  188], 99.90th=[  277], 99.95th=[  404],
     | 99.99th=[  791]
   bw (  KiB/s): min=190848, max=226696, per=100.00%, avg=217900.56, stdev=5963.86, samples=120
   iops        : min=47712, max=56676, avg=54475.14, stdev=1490.98, samples=120
  lat (usec)   : 100=0.01%, 250=99.88%, 500=0.07%, 750=0.02%, 1000=0.03%
  cpu          : usr=14.70%, sys=29.56%, ctx=1873215, majf=0, minf=0
  IO depths    : 1=0.0%, 2=0.0%, 4=0.0%, 8=100.0%, 16=0.0%, 32=0.0%, >=64=0.0%
     submit    : 0=0.0%, 4=100.0%, 8=0.0%, 16=0.0%, 32=0.0%, 64=0.0%, >=64=0.0%
     complete  : 0=0.0%, 4=100.0%, 8=0.1%, 16=0.0%, 32=0.0%, 64=0.0%, >=64=0.0%
     issued rwts: total=0,3268300,0,0 short=0,0,0,0 dropped=0,0,0,0
     latency   : target=0, window=0, percentile=100.00%, depth=8

Run status group 0 (all jobs):
  WRITE: bw=213MiB/s (223MB/s), 213MiB/s-213MiB/s (223MB/s-223MB/s), io=12.5GiB (13.4GB), run=60001-60001msec
