"randread_16k_1_1": (g=0): rw=randread, bs=(R) 16.0KiB-16.0KiB, (W) 16.0KiB-16.0KiB, (T) 16.0KiB-16.0KiB, ioengine=io_uring, iodepth=1
fio-3.28
Starting 1 thread

"randread_16k_1_1": (groupid=0, jobs=1): err= 0: pid=42460: Fri Aug 11 11:09:12 2023
  read: IOPS=17.7k, BW=276MiB/s (290MB/s)(16.2GiB/60001msec)
    slat (nsec): min=4288, max=42643, avg=5275.16, stdev=439.27
    clat (usec): min=14, max=9238, avg=50.23, stdev=25.65
     lat (usec): min=47, max=9243, avg=55.65, stdev=25.65
    clat percentiles (usec):
     |  1.00th=[   46],  5.00th=[   47], 10.00th=[   47], 20.00th=[   48],
     | 30.00th=[   48], 40.00th=[   49], 50.00th=[   49], 60.00th=[   50],
     | 70.00th=[   50], 80.00th=[   51], 90.00th=[   52], 95.00th=[   53],
     | 99.00th=[   60], 99.50th=[   65], 99.90th=[  594], 99.95th=[  603],
     | 99.99th=[  619]
   bw (  KiB/s): min=263392, max=286080, per=100.00%, avg=282793.71, stdev=2409.73, samples=120
   iops        : min=16462, max=17880, avg=17674.60, stdev=150.62, samples=120
  lat (usec)   : 20=0.01%, 50=74.17%, 100=25.63%, 250=0.01%, 750=0.19%
  lat (usec)   : 1000=0.01%
  lat (msec)   : 2=0.01%, 4=0.01%, 10=0.01%
  cpu          : usr=5.23%, sys=14.73%, ctx=1060478, majf=0, minf=0
  IO depths    : 1=100.0%, 2=0.0%, 4=0.0%, 8=0.0%, 16=0.0%, 32=0.0%, >=64=0.0%
     submit    : 0=0.0%, 4=100.0%, 8=0.0%, 16=0.0%, 32=0.0%, 64=0.0%, >=64=0.0%
     complete  : 0=0.0%, 4=100.0%, 8=0.0%, 16=0.0%, 32=0.0%, 64=0.0%, >=64=0.0%
     issued rwts: total=1060409,0,0,0 short=0,0,0,0 dropped=0,0,0,0
     latency   : target=0, window=0, percentile=100.00%, depth=1

Run status group 0 (all jobs):
   READ: bw=276MiB/s (290MB/s), 276MiB/s-276MiB/s (290MB/s-290MB/s), io=16.2GiB (17.4GB), run=60001-60001msec
