"randwrite_64k_8_1": (g=0): rw=randwrite, bs=(R) 64.0KiB-64.0KiB, (W) 64.0KiB-64.0KiB, (T) 64.0KiB-64.0KiB, ioengine=io_uring, iodepth=8
fio-3.28
Starting 1 thread

"randwrite_64k_8_1": (groupid=0, jobs=1): err= 0: pid=78594: Tue Aug  8 22:38:08 2023
  write: IOPS=3329, BW=208MiB/s (218MB/s)(12.2GiB/60003msec); 0 zone resets
    slat (nsec): min=5888, max=98175, avg=9657.14, stdev=2879.66
    clat (usec): min=919, max=40198, avg=2391.75, stdev=886.58
     lat (usec): min=931, max=40206, avg=2401.53, stdev=886.51
    clat percentiles (usec):
     |  1.00th=[ 1352],  5.00th=[ 1631], 10.00th=[ 1778], 20.00th=[ 1942],
     | 30.00th=[ 2057], 40.00th=[ 2147], 50.00th=[ 2278], 60.00th=[ 2376],
     | 70.00th=[ 2540], 80.00th=[ 2737], 90.00th=[ 3097], 95.00th=[ 3392],
     | 99.00th=[ 4359], 99.50th=[ 5080], 99.90th=[13042], 99.95th=[21365],
     | 99.99th=[27657]
   bw (  KiB/s): min=153216, max=254848, per=100.00%, avg=213117.21, stdev=21743.52, samples=120
   iops        : min= 2394, max= 3982, avg=3329.93, stdev=339.74, samples=120
  lat (usec)   : 1000=0.01%
  lat (msec)   : 2=24.82%, 4=73.58%, 10=1.46%, 20=0.08%, 50=0.06%
  cpu          : usr=1.40%, sys=3.56%, ctx=181308, majf=0, minf=0
  IO depths    : 1=0.0%, 2=0.0%, 4=0.0%, 8=100.0%, 16=0.0%, 32=0.0%, >=64=0.0%
     submit    : 0=0.0%, 4=100.0%, 8=0.0%, 16=0.0%, 32=0.0%, 64=0.0%, >=64=0.0%
     complete  : 0=0.0%, 4=100.0%, 8=0.1%, 16=0.0%, 32=0.0%, 64=0.0%, >=64=0.0%
     issued rwts: total=0,199784,0,0 short=0,0,0,0 dropped=0,0,0,0
     latency   : target=0, window=0, percentile=100.00%, depth=8

Run status group 0 (all jobs):
  WRITE: bw=208MiB/s (218MB/s), 208MiB/s-208MiB/s (218MB/s-218MB/s), io=12.2GiB (13.1GB), run=60003-60003msec
