"randread_4k_32_1": (g=0): rw=randread, bs=(R) 4096B-4096B, (W) 4096B-4096B, (T) 4096B-4096B, ioengine=io_uring, iodepth=32
fio-3.28
Starting 1 thread

"randread_4k_32_1": (groupid=0, jobs=1): err= 0: pid=77801: Tue Aug  8 21:57:32 2023
  read: IOPS=10.9k, BW=42.5MiB/s (44.5MB/s)(2549MiB/60002msec)
    slat (nsec): min=2004, max=92440, avg=3963.48, stdev=2013.47
    clat (usec): min=93, max=27931, avg=2938.26, stdev=1789.28
     lat (usec): min=97, max=27935, avg=2942.35, stdev=1789.22
    clat percentiles (usec):
     |  1.00th=[  289],  5.00th=[  553], 10.00th=[  766], 20.00th=[ 1319],
     | 30.00th=[ 2008], 40.00th=[ 2474], 50.00th=[ 2835], 60.00th=[ 3195],
     | 70.00th=[ 3589], 80.00th=[ 4015], 90.00th=[ 5014], 95.00th=[ 6128],
     | 99.00th=[ 8848], 99.50th=[10159], 99.90th=[13304], 99.95th=[14746],
     | 99.99th=[17957]
   bw (  KiB/s): min=38104, max=49256, per=100.00%, avg=43495.04, stdev=1928.82, samples=120
   iops        : min= 9526, max=12314, avg=10873.75, stdev=482.21, samples=120
  lat (usec)   : 100=0.01%, 250=0.64%, 500=3.17%, 750=5.89%, 1000=4.92%
  lat (msec)   : 2=15.35%, 4=49.54%, 10=19.96%, 20=0.53%, 50=0.01%
  cpu          : usr=2.44%, sys=5.63%, ctx=404769, majf=0, minf=0
  IO depths    : 1=0.0%, 2=0.0%, 4=0.0%, 8=0.0%, 16=0.0%, 32=100.0%, >=64=0.0%
     submit    : 0=0.0%, 4=100.0%, 8=0.0%, 16=0.0%, 32=0.0%, 64=0.0%, >=64=0.0%
     complete  : 0=0.0%, 4=100.0%, 8=0.0%, 16=0.0%, 32=0.1%, 64=0.0%, >=64=0.0%
     issued rwts: total=652388,0,0,0 short=0,0,0,0 dropped=0,0,0,0
     latency   : target=0, window=0, percentile=100.00%, depth=32

Run status group 0 (all jobs):
   READ: bw=42.5MiB/s (44.5MB/s), 42.5MiB/s-42.5MiB/s (44.5MB/s-44.5MB/s), io=2549MiB (2672MB), run=60002-60002msec
