"randwrite_16k_16_1": (g=0): rw=randwrite, bs=(R) 16.0KiB-16.0KiB, (W) 16.0KiB-16.0KiB, (T) 16.0KiB-16.0KiB, ioengine=io_uring, iodepth=16
fio-3.28
Starting 1 thread

"randwrite_16k_16_1": (groupid=0, jobs=1): err= 0: pid=78453: Tue Aug  8 22:30:18 2023
  write: IOPS=2269, BW=35.5MiB/s (37.2MB/s)(2128MiB/60004msec); 0 zone resets
    slat (usec): min=3, max=112, avg= 7.40, stdev= 4.11
    clat (usec): min=699, max=37700, avg=7040.55, stdev=1527.81
     lat (usec): min=704, max=37711, avg=7048.12, stdev=1527.94
    clat percentiles (usec):
     |  1.00th=[ 1188],  5.00th=[ 3982], 10.00th=[ 5735], 20.00th=[ 6456],
     | 30.00th=[ 6849], 40.00th=[ 7111], 50.00th=[ 7308], 60.00th=[ 7504],
     | 70.00th=[ 7767], 80.00th=[ 7963], 90.00th=[ 8291], 95.00th=[ 8455],
     | 99.00th=[ 8979], 99.50th=[ 9110], 99.90th=[14746], 99.95th=[20055],
     | 99.99th=[33817]
   bw (  KiB/s): min=31872, max=50336, per=100.00%, avg=36315.59, stdev=3502.89, samples=120
   iops        : min= 1992, max= 3146, avg=2269.71, stdev=218.93, samples=120
  lat (usec)   : 750=0.01%, 1000=0.36%
  lat (msec)   : 2=2.28%, 4=2.39%, 10=94.73%, 20=0.19%, 50=0.05%
  cpu          : usr=1.10%, sys=2.27%, ctx=131233, majf=0, minf=0
  IO depths    : 1=0.0%, 2=0.0%, 4=0.0%, 8=0.0%, 16=100.0%, 32=0.0%, >=64=0.0%
     submit    : 0=0.0%, 4=100.0%, 8=0.0%, 16=0.0%, 32=0.0%, 64=0.0%, >=64=0.0%
     complete  : 0=0.0%, 4=100.0%, 8=0.0%, 16=0.1%, 32=0.0%, 64=0.0%, >=64=0.0%
     issued rwts: total=0,136172,0,0 short=0,0,0,0 dropped=0,0,0,0
     latency   : target=0, window=0, percentile=100.00%, depth=16

Run status group 0 (all jobs):
  WRITE: bw=35.5MiB/s (37.2MB/s), 35.5MiB/s-35.5MiB/s (37.2MB/s-37.2MB/s), io=2128MiB (2231MB), run=60004-60004msec
