"randwrite_64k_64_1": (g=0): rw=randwrite, bs=(R) 64.0KiB-64.0KiB, (W) 64.0KiB-64.0KiB, (T) 64.0KiB-64.0KiB, ioengine=io_uring, iodepth=64
fio-3.28
Starting 1 thread

"randwrite_64k_64_1": (groupid=0, jobs=1): err= 0: pid=78656: Tue Aug  8 22:42:23 2023
  write: IOPS=1736, BW=109MiB/s (114MB/s)(6513MiB/60015msec); 0 zone resets
    slat (usec): min=6, max=111, avg=16.04, stdev= 7.66
    clat (usec): min=955, max=94347, avg=36837.69, stdev=11776.57
     lat (usec): min=985, max=94358, avg=36853.99, stdev=11777.61
    clat percentiles (usec):
     |  1.00th=[ 3654],  5.00th=[28181], 10.00th=[30016], 20.00th=[31327],
     | 30.00th=[32375], 40.00th=[32900], 50.00th=[33817], 60.00th=[34341],
     | 70.00th=[34866], 80.00th=[36439], 90.00th=[62129], 95.00th=[66323],
     | 99.00th=[69731], 99.50th=[70779], 99.90th=[71828], 99.95th=[72877],
     | 99.99th=[83362]
   bw (  KiB/s): min=59776, max=143232, per=99.97%, avg=111102.47, stdev=25527.63, samples=120
   iops        : min=  934, max= 2238, avg=1735.93, stdev=398.87, samples=120
  lat (usec)   : 1000=0.01%
  lat (msec)   : 2=0.40%, 4=0.63%, 10=0.22%, 20=0.70%, 50=84.90%
  lat (msec)   : 100=13.14%
  cpu          : usr=1.41%, sys=3.57%, ctx=99181, majf=0, minf=0
  IO depths    : 1=0.0%, 2=0.1%, 4=0.1%, 8=0.1%, 16=0.1%, 32=0.1%, >=64=99.9%
     submit    : 0=0.0%, 4=100.0%, 8=0.0%, 16=0.0%, 32=0.0%, 64=0.0%, >=64=0.0%
     complete  : 0=0.0%, 4=100.0%, 8=0.0%, 16=0.0%, 32=0.0%, 64=0.1%, >=64=0.0%
     issued rwts: total=0,104210,0,0 short=0,0,0,0 dropped=0,0,0,0
     latency   : target=0, window=0, percentile=100.00%, depth=64

Run status group 0 (all jobs):
  WRITE: bw=109MiB/s (114MB/s), 109MiB/s-109MiB/s (114MB/s-114MB/s), io=6513MiB (6830MB), run=60015-60015msec
