"randread_4k_32_1": (g=0): rw=randread, bs=(R) 4096B-4096B, (W) 4096B-4096B, (T) 4096B-4096B, ioengine=io_uring, iodepth=32
fio-3.28
Starting 1 thread

"randread_4k_32_1": (groupid=0, jobs=1): err= 0: pid=77800: Tue Aug  8 21:57:32 2023
  read: IOPS=10.9k, BW=42.5MiB/s (44.5MB/s)(2548MiB/60002msec)
    slat (usec): min=2, max=111, avg= 3.99, stdev= 2.05
    clat (usec): min=94, max=30113, avg=2938.27, stdev=1785.97
     lat (usec): min=99, max=30117, avg=2942.37, stdev=1785.92
    clat percentiles (usec):
     |  1.00th=[  285],  5.00th=[  553], 10.00th=[  766], 20.00th=[ 1319],
     | 30.00th=[ 2008], 40.00th=[ 2474], 50.00th=[ 2835], 60.00th=[ 3195],
     | 70.00th=[ 3589], 80.00th=[ 4015], 90.00th=[ 5014], 95.00th=[ 6128],
     | 99.00th=[ 8848], 99.50th=[10028], 99.90th=[13042], 99.95th=[14615],
     | 99.99th=[18220]
   bw (  KiB/s): min=38160, max=49320, per=100.00%, avg=43494.86, stdev=1926.49, samples=120
   iops        : min= 9540, max=12330, avg=10873.70, stdev=481.63, samples=120
  lat (usec)   : 100=0.01%, 250=0.65%, 500=3.15%, 750=5.86%, 1000=4.91%
  lat (msec)   : 2=15.31%, 4=49.69%, 10=19.92%, 20=0.52%, 50=0.01%
  cpu          : usr=2.58%, sys=5.48%, ctx=404044, majf=0, minf=0
  IO depths    : 1=0.0%, 2=0.0%, 4=0.0%, 8=0.0%, 16=0.0%, 32=100.0%, >=64=0.0%
     submit    : 0=0.0%, 4=100.0%, 8=0.0%, 16=0.0%, 32=0.0%, 64=0.0%, >=64=0.0%
     complete  : 0=0.0%, 4=100.0%, 8=0.0%, 16=0.0%, 32=0.1%, 64=0.0%, >=64=0.0%
     issued rwts: total=652384,0,0,0 short=0,0,0,0 dropped=0,0,0,0
     latency   : target=0, window=0, percentile=100.00%, depth=32

Run status group 0 (all jobs):
   READ: bw=42.5MiB/s (44.5MB/s), 42.5MiB/s-42.5MiB/s (44.5MB/s-44.5MB/s), io=2548MiB (2672MB), run=60002-60002msec
