"randwrite_4k_128_1": (g=0): rw=randwrite, bs=(R) 4096B-4096B, (W) 4096B-4096B, (T) 4096B-4096B, ioengine=io_uring, iodepth=128
fio-3.28
Starting 1 thread

"randwrite_4k_128_1": (groupid=0, jobs=1): err= 0: pid=123276: Mon Aug  7 16:54:53 2023
  write: IOPS=4414, BW=17.3MiB/s (18.1MB/s)(1036MiB/60030msec); 0 zone resets
    slat (nsec): min=2082, max=86617, avg=8310.46, stdev=4199.26
    clat (usec): min=19972, max=83715, avg=28978.98, stdev=2863.18
     lat (usec): min=19977, max=83719, avg=28987.64, stdev=2862.84
    clat percentiles (usec):
     |  1.00th=[24511],  5.00th=[25560], 10.00th=[25822], 20.00th=[26346],
     | 30.00th=[27132], 40.00th=[28443], 50.00th=[28967], 60.00th=[29230],
     | 70.00th=[29492], 80.00th=[30802], 90.00th=[32375], 95.00th=[34341],
     | 99.00th=[38536], 99.50th=[40633], 99.90th=[44827], 99.95th=[46924],
     | 99.99th=[55837]
   bw (  KiB/s): min=17336, max=17856, per=100.00%, avg=17667.38, stdev=94.11, samples=120
   iops        : min= 4334, max= 4464, avg=4416.80, stdev=23.52, samples=120
  lat (msec)   : 20=0.01%, 50=100.02%, 100=0.03%
  cpu          : usr=3.16%, sys=6.12%, ctx=251073, majf=0, minf=0
  IO depths    : 1=0.0%, 2=0.0%, 4=0.0%, 8=0.0%, 16=0.0%, 32=0.0%, >=64=100.0%
     submit    : 0=0.0%, 4=100.0%, 8=0.0%, 16=0.0%, 32=0.0%, 64=0.0%, >=64=0.0%
     complete  : 0=0.0%, 4=100.0%, 8=0.0%, 16=0.0%, 32=0.0%, 64=0.0%, >=64=0.1%
     issued rwts: total=0,264982,0,0 short=0,0,0,0 dropped=0,0,0,0
     latency   : target=0, window=0, percentile=100.00%, depth=128

Run status group 0 (all jobs):
  WRITE: bw=17.3MiB/s (18.1MB/s), 17.3MiB/s-17.3MiB/s (18.1MB/s-18.1MB/s), io=1036MiB (1086MB), run=60030-60030msec
