"randread_4k_2_1": (g=0): rw=randread, bs=(R) 4096B-4096B, (W) 4096B-4096B, (T) 4096B-4096B, ioengine=io_uring, iodepth=2
fio-3.28
Starting 1 thread

"randread_4k_2_1": (groupid=0, jobs=1): err= 0: pid=122997: Mon Aug  7 16:23:13 2023
  read: IOPS=6643, BW=26.0MiB/s (27.2MB/s)(1557MiB/60001msec)
    slat (nsec): min=1812, max=88896, avg=5518.82, stdev=2676.64
    clat (usec): min=141, max=9331, avg=293.72, stdev=84.52
     lat (usec): min=148, max=9334, avg=299.49, stdev=84.56
    clat percentiles (usec):
     |  1.00th=[  167],  5.00th=[  182], 10.00th=[  196], 20.00th=[  247],
     | 30.00th=[  269], 40.00th=[  281], 50.00th=[  293], 60.00th=[  306],
     | 70.00th=[  318], 80.00th=[  334], 90.00th=[  375], 95.00th=[  424],
     | 99.00th=[  482], 99.50th=[  502], 99.90th=[  570], 99.95th=[  627],
     | 99.99th=[ 3621]
   bw (  KiB/s): min=25552, max=27864, per=100.00%, avg=26577.07, stdev=452.36, samples=120
   iops        : min= 6388, max= 6966, avg=6644.25, stdev=113.10, samples=120
  lat (usec)   : 250=21.07%, 500=78.40%, 750=0.50%, 1000=0.01%
  lat (msec)   : 2=0.01%, 4=0.01%, 10=0.01%
  cpu          : usr=3.04%, sys=7.03%, ctx=365260, majf=0, minf=0
  IO depths    : 1=0.0%, 2=100.0%, 4=0.0%, 8=0.0%, 16=0.0%, 32=0.0%, >=64=0.0%
     submit    : 0=0.0%, 4=100.0%, 8=0.0%, 16=0.0%, 32=0.0%, 64=0.0%, >=64=0.0%
     complete  : 0=0.0%, 4=100.0%, 8=0.0%, 16=0.0%, 32=0.0%, 64=0.0%, >=64=0.0%
     issued rwts: total=398617,0,0,0 short=0,0,0,0 dropped=0,0,0,0
     latency   : target=0, window=0, percentile=100.00%, depth=2

Run status group 0 (all jobs):
   READ: bw=26.0MiB/s (27.2MB/s), 26.0MiB/s-26.0MiB/s (27.2MB/s-27.2MB/s), io=1557MiB (1633MB), run=60001-60001msec
