"randwrite_16k_64_1": (g=0): rw=randwrite, bs=(R) 16.0KiB-16.0KiB, (W) 16.0KiB-16.0KiB, (T) 16.0KiB-16.0KiB, ioengine=io_uring, iodepth=64
fio-3.28
Starting 1 thread

"randwrite_16k_64_1": (groupid=0, jobs=1): err= 0: pid=10709: Thu Aug 10 23:38:38 2023
  write: IOPS=79.4k, BW=1241MiB/s (1301MB/s)(72.7GiB/60001msec); 0 zone resets
    slat (usec): min=2, max=160, avg= 4.05, stdev= 1.76
    clat (usec): min=130, max=5101, avg=800.78, stdev=233.19
     lat (usec): min=138, max=5105, avg=804.96, stdev=232.46
    clat percentiles (usec):
     |  1.00th=[  371],  5.00th=[  404], 10.00th=[  420], 20.00th=[  709],
     | 30.00th=[  758], 40.00th=[  783], 50.00th=[  799], 60.00th=[  824],
     | 70.00th=[  898], 80.00th=[  963], 90.00th=[ 1090], 95.00th=[ 1172],
     | 99.00th=[ 1401], 99.50th=[ 1483], 99.90th=[ 1778], 99.95th=[ 1893],
     | 99.99th=[ 2212]
   bw (  MiB/s): min= 1205, max= 1256, per=100.00%, avg=1241.29, stdev= 4.72, samples=120
   iops        : min=77168, max=80416, avg=79442.85, stdev=302.09, samples=120
  lat (usec)   : 250=0.01%, 500=18.17%, 750=8.27%, 1000=57.74%
  lat (msec)   : 2=15.79%, 4=0.03%, 10=0.01%
  cpu          : usr=12.94%, sys=30.68%, ctx=307423, majf=0, minf=0
  IO depths    : 1=0.0%, 2=0.0%, 4=0.0%, 8=0.0%, 16=0.0%, 32=0.0%, >=64=100.0%
     submit    : 0=0.0%, 4=100.0%, 8=0.0%, 16=0.0%, 32=0.0%, 64=0.0%, >=64=0.0%
     complete  : 0=0.0%, 4=100.0%, 8=0.0%, 16=0.0%, 32=0.0%, 64=0.1%, >=64=0.0%
     issued rwts: total=0,4766221,0,0 short=0,0,0,0 dropped=0,0,0,0
     latency   : target=0, window=0, percentile=100.00%, depth=64

Run status group 0 (all jobs):
  WRITE: bw=1241MiB/s (1301MB/s), 1241MiB/s-1241MiB/s (1301MB/s-1301MB/s), io=72.7GiB (78.1GB), run=60001-60001msec
