"randwrite_64k_8_1": (g=0): rw=randwrite, bs=(R) 64.0KiB-64.0KiB, (W) 64.0KiB-64.0KiB, (T) 64.0KiB-64.0KiB, ioengine=io_uring, iodepth=8
fio-3.28
Starting 1 thread

"randwrite_64k_8_1": (groupid=0, jobs=1): err= 0: pid=11629: Thu Aug 10 23:43:21 2023
  write: IOPS=22.5k, BW=1408MiB/s (1477MB/s)(82.5GiB/60003msec); 0 zone resets
    slat (nsec): min=4378, max=42157, avg=7752.18, stdev=1510.51
    clat (usec): min=120, max=2970, avg=346.07, stdev=45.18
     lat (usec): min=127, max=2976, avg=354.00, stdev=45.10
    clat percentiles (usec):
     |  1.00th=[  269],  5.00th=[  293], 10.00th=[  306], 20.00th=[  322],
     | 30.00th=[  330], 40.00th=[  334], 50.00th=[  343], 60.00th=[  347],
     | 70.00th=[  355], 80.00th=[  363], 90.00th=[  375], 95.00th=[  441],
     | 99.00th=[  529], 99.50th=[  537], 99.90th=[  562], 99.95th=[  570],
     | 99.99th=[  603]
   bw (  MiB/s): min= 1375, max= 1456, per=100.00%, avg=1408.42, stdev= 5.94, samples=120
   iops        : min=22002, max=23310, avg=22534.67, stdev=95.06, samples=120
  lat (usec)   : 250=0.24%, 500=96.93%, 750=2.83%
  lat (msec)   : 2=0.01%, 4=0.01%
  cpu          : usr=8.20%, sys=20.06%, ctx=1018813, majf=0, minf=0
  IO depths    : 1=0.0%, 2=0.0%, 4=0.0%, 8=100.0%, 16=0.0%, 32=0.0%, >=64=0.0%
     submit    : 0=0.0%, 4=100.0%, 8=0.0%, 16=0.0%, 32=0.0%, 64=0.0%, >=64=0.0%
     complete  : 0=0.0%, 4=100.0%, 8=0.1%, 16=0.0%, 32=0.0%, 64=0.0%, >=64=0.0%
     issued rwts: total=0,1351992,0,0 short=0,0,0,0 dropped=0,0,0,0
     latency   : target=0, window=0, percentile=100.00%, depth=8

Run status group 0 (all jobs):
  WRITE: bw=1408MiB/s (1477MB/s), 1408MiB/s-1408MiB/s (1477MB/s-1477MB/s), io=82.5GiB (88.6GB), run=60003-60003msec
