"randwrite_4k_16_1": (g=0): rw=randwrite, bs=(R) 4096B-4096B, (W) 4096B-4096B, (T) 4096B-4096B, ioengine=io_uring, iodepth=16
fio-3.28
Starting 1 thread

"randwrite_4k_16_1": (groupid=0, jobs=1): err= 0: pid=8943: Thu Aug 10 23:28:03 2023
  write: IOPS=149k, BW=582MiB/s (610MB/s)(34.1GiB/60001msec); 0 zone resets
    slat (nsec): min=2440, max=81946, avg=4670.03, stdev=1357.40
    clat (usec): min=45, max=1942, avg=101.60, stdev=31.27
     lat (usec): min=50, max=1946, avg=106.53, stdev=31.23
    clat percentiles (usec):
     |  1.00th=[   72],  5.00th=[   79], 10.00th=[   83], 20.00th=[   88],
     | 30.00th=[   91], 40.00th=[   94], 50.00th=[   98], 60.00th=[  101],
     | 70.00th=[  104], 80.00th=[  110], 90.00th=[  117], 95.00th=[  127],
     | 99.00th=[  306], 99.50th=[  338], 99.90th=[  371], 99.95th=[  388],
     | 99.99th=[  660]
   bw (  KiB/s): min=561976, max=609360, per=100.00%, avg=596056.90, stdev=15239.89, samples=120
   iops        : min=140494, max=152340, avg=149014.23, stdev=3809.94, samples=120
  lat (usec)   : 50=0.01%, 100=57.68%, 250=41.10%, 500=1.21%, 750=0.01%
  lat (usec)   : 1000=0.01%
  lat (msec)   : 2=0.01%
  cpu          : usr=27.04%, sys=65.50%, ctx=317251, majf=0, minf=0
  IO depths    : 1=0.0%, 2=0.0%, 4=0.0%, 8=0.0%, 16=100.0%, 32=0.0%, >=64=0.0%
     submit    : 0=0.0%, 4=100.0%, 8=0.0%, 16=0.0%, 32=0.0%, 64=0.0%, >=64=0.0%
     complete  : 0=0.0%, 4=100.0%, 8=0.0%, 16=0.1%, 32=0.0%, 64=0.0%, >=64=0.0%
     issued rwts: total=0,8940102,0,0 short=0,0,0,0 dropped=0,0,0,0
     latency   : target=0, window=0, percentile=100.00%, depth=16

Run status group 0 (all jobs):
  WRITE: bw=582MiB/s (610MB/s), 582MiB/s-582MiB/s (610MB/s-610MB/s), io=34.1GiB (36.6GB), run=60001-60001msec
