"randwrite_64k_2_1": (g=0): rw=randwrite, bs=(R) 64.0KiB-64.0KiB, (W) 64.0KiB-64.0KiB, (T) 64.0KiB-64.0KiB, ioengine=io_uring, iodepth=2
fio-3.28
Starting 1 thread

"randwrite_64k_2_1": (groupid=0, jobs=1): err= 0: pid=11234: Thu Aug 10 23:41:00 2023
  write: IOPS=14.7k, BW=916MiB/s (961MB/s)(53.7GiB/60001msec); 0 zone resets
    slat (nsec): min=5185, max=40415, avg=7824.83, stdev=987.01
    clat (usec): min=80, max=2820, avg=127.23, stdev=24.49
     lat (usec): min=94, max=2828, avg=135.21, stdev=24.48
    clat percentiles (usec):
     |  1.00th=[  111],  5.00th=[  115], 10.00th=[  117], 20.00th=[  120],
     | 30.00th=[  121], 40.00th=[  123], 50.00th=[  124], 60.00th=[  125],
     | 70.00th=[  126], 80.00th=[  128], 90.00th=[  131], 95.00th=[  137],
     | 99.00th=[  265], 99.50th=[  273], 99.90th=[  285], 99.95th=[  289],
     | 99.99th=[  306]
   bw (  KiB/s): min=892672, max=943488, per=100.00%, avg=938312.07, stdev=4760.39, samples=120
   iops        : min=13948, max=14742, avg=14661.12, stdev=74.38, samples=120
  lat (usec)   : 100=0.02%, 250=97.87%, 500=2.12%, 750=0.01%, 1000=0.01%
  lat (msec)   : 4=0.01%
  cpu          : usr=5.58%, sys=14.30%, ctx=879929, majf=0, minf=0
  IO depths    : 1=0.0%, 2=100.0%, 4=0.0%, 8=0.0%, 16=0.0%, 32=0.0%, >=64=0.0%
     submit    : 0=0.0%, 4=100.0%, 8=0.0%, 16=0.0%, 32=0.0%, 64=0.0%, >=64=0.0%
     complete  : 0=0.0%, 4=100.0%, 8=0.0%, 16=0.0%, 32=0.0%, 64=0.0%, >=64=0.0%
     issued rwts: total=0,879613,0,0 short=0,0,0,0 dropped=0,0,0,0
     latency   : target=0, window=0, percentile=100.00%, depth=2

Run status group 0 (all jobs):
  WRITE: bw=916MiB/s (961MB/s), 916MiB/s-916MiB/s (961MB/s-961MB/s), io=53.7GiB (57.6GB), run=60001-60001msec
