"randread_16k_64_1": (g=0): rw=randread, bs=(R) 16.0KiB-16.0KiB, (W) 16.0KiB-16.0KiB, (T) 16.0KiB-16.0KiB, ioengine=io_uring, iodepth=64
fio-3.28
Starting 1 thread

"randread_16k_64_1": (groupid=0, jobs=1): err= 0: pid=6589: Thu Aug 10 23:13:57 2023
  read: IOPS=84.0k, BW=1312MiB/s (1376MB/s)(76.9GiB/60001msec)
    slat (nsec): min=2204, max=87073, avg=3795.50, stdev=1439.04
    clat (usec): min=138, max=3897, avg=757.13, stdev=272.78
     lat (usec): min=146, max=3901, avg=761.09, stdev=272.16
    clat percentiles (usec):
     |  1.00th=[  330],  5.00th=[  388], 10.00th=[  420], 20.00th=[  474],
     | 30.00th=[  635], 40.00th=[  701], 50.00th=[  742], 60.00th=[  791],
     | 70.00th=[  840], 80.00th=[  947], 90.00th=[ 1090], 95.00th=[ 1254],
     | 99.00th=[ 1598], 99.50th=[ 1745], 99.90th=[ 2089], 99.95th=[ 2245],
     | 99.99th=[ 2606]
   bw (  MiB/s): min= 1281, max= 1338, per=100.00%, avg=1312.58, stdev= 8.51, samples=120
   iops        : min=82044, max=85676, avg=84004.95, stdev=544.87, samples=120
  lat (usec)   : 250=0.09%, 500=22.58%, 750=28.52%, 1000=32.67%
  lat (msec)   : 2=15.99%, 4=0.16%
  cpu          : usr=13.20%, sys=33.42%, ctx=565609, majf=0, minf=0
  IO depths    : 1=0.0%, 2=0.0%, 4=0.0%, 8=0.0%, 16=0.0%, 32=0.0%, >=64=100.0%
     submit    : 0=0.0%, 4=100.0%, 8=0.0%, 16=0.0%, 32=0.0%, 64=0.0%, >=64=0.0%
     complete  : 0=0.0%, 4=100.0%, 8=0.0%, 16=0.0%, 32=0.0%, 64=0.1%, >=64=0.0%
     issued rwts: total=5039954,0,0,0 short=0,0,0,0 dropped=0,0,0,0
     latency   : target=0, window=0, percentile=100.00%, depth=64

Run status group 0 (all jobs):
   READ: bw=1312MiB/s (1376MB/s), 1312MiB/s-1312MiB/s (1376MB/s-1376MB/s), io=76.9GiB (82.6GB), run=60001-60001msec
