"randread_16k_64_1": (g=0): rw=randread, bs=(R) 16.0KiB-16.0KiB, (W) 16.0KiB-16.0KiB, (T) 16.0KiB-16.0KiB, ioengine=io_uring, iodepth=64
fio-3.28
Starting 1 thread

"randread_16k_64_1": (groupid=0, jobs=1): err= 0: pid=6591: Thu Aug 10 23:13:57 2023
  read: IOPS=86.2k, BW=1347MiB/s (1413MB/s)(78.9GiB/60001msec)
    slat (nsec): min=2178, max=86589, avg=3744.59, stdev=1426.78
    clat (usec): min=61, max=3543, avg=737.54, stdev=259.81
     lat (usec): min=63, max=3546, avg=741.44, stdev=259.18
    clat percentiles (usec):
     |  1.00th=[  322],  5.00th=[  383], 10.00th=[  412], 20.00th=[  465],
     | 30.00th=[  619], 40.00th=[  693], 50.00th=[  734], 60.00th=[  775],
     | 70.00th=[  824], 80.00th=[  906], 90.00th=[ 1057], 95.00th=[ 1205],
     | 99.00th=[ 1532], 99.50th=[ 1680], 99.90th=[ 2024], 99.95th=[ 2180],
     | 99.99th=[ 2507]
   bw (  MiB/s): min= 1312, max= 1375, per=100.00%, avg=1347.30, stdev= 8.90, samples=120
   iops        : min=83998, max=88034, avg=86226.93, stdev=569.59, samples=120
  lat (usec)   : 100=0.01%, 250=0.10%, 500=23.50%, 750=30.27%, 1000=32.71%
  lat (msec)   : 2=13.31%, 4=0.11%
  cpu          : usr=13.25%, sys=34.12%, ctx=568982, majf=0, minf=0
  IO depths    : 1=0.0%, 2=0.0%, 4=0.0%, 8=0.0%, 16=0.0%, 32=0.0%, >=64=100.0%
     submit    : 0=0.0%, 4=100.0%, 8=0.0%, 16=0.0%, 32=0.0%, 64=0.0%, >=64=0.0%
     complete  : 0=0.0%, 4=100.0%, 8=0.0%, 16=0.0%, 32=0.0%, 64=0.1%, >=64=0.0%
     issued rwts: total=5173287,0,0,0 short=0,0,0,0 dropped=0,0,0,0
     latency   : target=0, window=0, percentile=100.00%, depth=64

Run status group 0 (all jobs):
   READ: bw=1347MiB/s (1413MB/s), 1347MiB/s-1347MiB/s (1413MB/s-1413MB/s), io=78.9GiB (84.8GB), run=60001-60001msec
