"randread_64k_8_1": (g=0): rw=randread, bs=(R) 64.0KiB-64.0KiB, (W) 64.0KiB-64.0KiB, (T) 64.0KiB-64.0KiB, ioengine=io_uring, iodepth=8
fio-3.28
Starting 1 thread

"randread_64k_8_1": (groupid=0, jobs=1): err= 0: pid=7373: Thu Aug 10 23:18:39 2023
  read: IOPS=21.3k, BW=1330MiB/s (1395MB/s)(77.9GiB/60001msec)
    slat (nsec): min=3274, max=42545, avg=5888.41, stdev=1034.87
    clat (usec): min=191, max=6168, avg=368.87, stdev=51.18
     lat (usec): min=199, max=6174, avg=374.90, stdev=51.16
    clat percentiles (usec):
     |  1.00th=[  285],  5.00th=[  310], 10.00th=[  322], 20.00th=[  338],
     | 30.00th=[  351], 40.00th=[  355], 50.00th=[  363], 60.00th=[  367],
     | 70.00th=[  375], 80.00th=[  383], 90.00th=[  408], 95.00th=[  502],
     | 99.00th=[  545], 99.50th=[  562], 99.90th=[  586], 99.95th=[  594],
     | 99.99th=[  627]
   bw (  MiB/s): min= 1304, max= 1367, per=100.00%, avg=1330.32, stdev= 5.08, samples=120
   iops        : min=20870, max=21874, avg=21285.17, stdev=81.34, samples=120
  lat (usec)   : 250=0.11%, 500=94.89%, 750=5.00%, 1000=0.01%
  lat (msec)   : 2=0.01%, 10=0.01%
  cpu          : usr=5.82%, sys=17.12%, ctx=1147565, majf=0, minf=0
  IO depths    : 1=0.0%, 2=0.0%, 4=0.0%, 8=100.0%, 16=0.0%, 32=0.0%, >=64=0.0%
     submit    : 0=0.0%, 4=100.0%, 8=0.0%, 16=0.0%, 32=0.0%, 64=0.0%, >=64=0.0%
     complete  : 0=0.0%, 4=100.0%, 8=0.1%, 16=0.0%, 32=0.0%, 64=0.0%, >=64=0.0%
     issued rwts: total=1277028,0,0,0 short=0,0,0,0 dropped=0,0,0,0
     latency   : target=0, window=0, percentile=100.00%, depth=8

Run status group 0 (all jobs):
   READ: bw=1330MiB/s (1395MB/s), 1330MiB/s-1330MiB/s (1395MB/s-1395MB/s), io=77.9GiB (83.7GB), run=60001-60001msec
