"randwrite_4k_1_1": (g=0): rw=randwrite, bs=(R) 4096B-4096B, (W) 4096B-4096B, (T) 4096B-4096B, ioengine=io_uring, iodepth=1
fio-3.28
Starting 1 thread

"randwrite_4k_1_1": (groupid=0, jobs=1): err= 0: pid=13100: Thu Aug 10 23:52:51 2023
  write: IOPS=20.9k, BW=81.6MiB/s (85.5MB/s)(4895MiB/60001msec); 0 zone resets
    slat (nsec): min=4520, max=40013, avg=5475.22, stdev=491.18
    clat (usec): min=14, max=550, avg=41.18, stdev=14.55
     lat (usec): min=40, max=555, avg=46.81, stdev=14.56
    clat percentiles (usec):
     |  1.00th=[   38],  5.00th=[   38], 10.00th=[   39], 20.00th=[   39],
     | 30.00th=[   39], 40.00th=[   39], 50.00th=[   40], 60.00th=[   40],
     | 70.00th=[   40], 80.00th=[   40], 90.00th=[   41], 95.00th=[   42],
     | 99.00th=[  145], 99.50th=[  155], 99.90th=[  163], 99.95th=[  167],
     | 99.99th=[  180]
   bw (  KiB/s): min=79928, max=86904, per=100.00%, avg=83542.68, stdev=993.72, samples=120
   iops        : min=19982, max=21726, avg=20885.66, stdev=248.43, samples=120
  lat (usec)   : 20=0.01%, 50=97.90%, 100=0.23%, 250=1.87%, 500=0.01%
  lat (usec)   : 750=0.01%
  cpu          : usr=6.46%, sys=18.48%, ctx=1253100, majf=0, minf=0
  IO depths    : 1=100.0%, 2=0.0%, 4=0.0%, 8=0.0%, 16=0.0%, 32=0.0%, >=64=0.0%
     submit    : 0=0.0%, 4=100.0%, 8=0.0%, 16=0.0%, 32=0.0%, 64=0.0%, >=64=0.0%
     complete  : 0=0.0%, 4=100.0%, 8=0.0%, 16=0.0%, 32=0.0%, 64=0.0%, >=64=0.0%
     issued rwts: total=0,1253061,0,0 short=0,0,0,0 dropped=0,0,0,0
     latency   : target=0, window=0, percentile=100.00%, depth=1

Run status group 0 (all jobs):
  WRITE: bw=81.6MiB/s (85.5MB/s), 81.6MiB/s-81.6MiB/s (85.5MB/s-85.5MB/s), io=4895MiB (5133MB), run=60001-60001msec
