"randwrite_4k_16_1": (g=0): rw=randwrite, bs=(R) 4096B-4096B, (W) 4096B-4096B, (T) 4096B-4096B, ioengine=io_uring, iodepth=16
fio-3.28
Starting 1 thread

"randwrite_4k_16_1": (groupid=0, jobs=1): err= 0: pid=8944: Thu Aug 10 23:28:03 2023
  write: IOPS=146k, BW=569MiB/s (596MB/s)(33.3GiB/60001msec); 0 zone resets
    slat (usec): min=2, max=102, avg= 4.68, stdev= 1.32
    clat (usec): min=48, max=5400, avg=103.97, stdev=42.57
     lat (usec): min=51, max=5405, avg=109.03, stdev=42.54
    clat percentiles (usec):
     |  1.00th=[   74],  5.00th=[   82], 10.00th=[   85], 20.00th=[   90],
     | 30.00th=[   94], 40.00th=[   97], 50.00th=[  100], 60.00th=[  103],
     | 70.00th=[  108], 80.00th=[  112], 90.00th=[  119], 95.00th=[  128],
     | 99.00th=[  306], 99.50th=[  343], 99.90th=[  375], 99.95th=[  392],
     | 99.99th=[ 1827]
   bw (  KiB/s): min=545272, max=611214, per=100.00%, avg=582246.31, stdev=16788.60, samples=120
   iops        : min=136318, max=152803, avg=145561.60, stdev=4197.13, samples=120
  lat (usec)   : 50=0.01%, 100=50.62%, 250=48.13%, 500=1.22%, 750=0.01%
  lat (usec)   : 1000=0.01%
  lat (msec)   : 2=0.01%, 4=0.01%, 10=0.01%
  cpu          : usr=27.59%, sys=65.21%, ctx=291667, majf=0, minf=0
  IO depths    : 1=0.0%, 2=0.0%, 4=0.0%, 8=0.0%, 16=100.0%, 32=0.0%, >=64=0.0%
     submit    : 0=0.0%, 4=100.0%, 8=0.0%, 16=0.0%, 32=0.0%, 64=0.0%, >=64=0.0%
     complete  : 0=0.0%, 4=100.0%, 8=0.0%, 16=0.1%, 32=0.0%, 64=0.0%, >=64=0.0%
     issued rwts: total=0,8732951,0,0 short=0,0,0,0 dropped=0,0,0,0
     latency   : target=0, window=0, percentile=100.00%, depth=16

Run status group 0 (all jobs):
  WRITE: bw=569MiB/s (596MB/s), 569MiB/s-569MiB/s (596MB/s-596MB/s), io=33.3GiB (35.8GB), run=60001-60001msec
