"randwrite_64k_4_1": (g=0): rw=randwrite, bs=(R) 64.0KiB-64.0KiB, (W) 64.0KiB-64.0KiB, (T) 64.0KiB-64.0KiB, ioengine=io_uring, iodepth=4
fio-3.28
Starting 1 thread

"randwrite_64k_4_1": (groupid=0, jobs=1): err= 0: pid=11430: Thu Aug 10 23:42:10 2023
  write: IOPS=19.6k, BW=1224MiB/s (1283MB/s)(71.7GiB/60001msec); 0 zone resets
    slat (nsec): min=4848, max=45766, avg=7898.89, stdev=1101.36
    clat (usec): min=133, max=5607, avg=194.89, stdev=32.32
     lat (usec): min=140, max=5615, avg=202.96, stdev=32.30
    clat percentiles (usec):
     |  1.00th=[  167],  5.00th=[  176], 10.00th=[  178], 20.00th=[  182],
     | 30.00th=[  186], 40.00th=[  188], 50.00th=[  190], 60.00th=[  192],
     | 70.00th=[  194], 80.00th=[  198], 90.00th=[  204], 95.00th=[  217],
     | 99.00th=[  347], 99.50th=[  355], 99.90th=[  371], 99.95th=[  379],
     | 99.99th=[  404]
   bw (  MiB/s): min= 1194, max= 1229, per=100.00%, avg=1224.11, stdev= 4.81, samples=120
   iops        : min=19104, max=19668, avg=19585.69, stdev=77.04, samples=120
  lat (usec)   : 250=95.96%, 500=4.04%, 750=0.01%, 1000=0.01%
  lat (msec)   : 4=0.01%, 10=0.01%
  cpu          : usr=7.65%, sys=19.06%, ctx=1157109, majf=0, minf=0
  IO depths    : 1=0.0%, 2=0.0%, 4=100.0%, 8=0.0%, 16=0.0%, 32=0.0%, >=64=0.0%
     submit    : 0=0.0%, 4=100.0%, 8=0.0%, 16=0.0%, 32=0.0%, 64=0.0%, >=64=0.0%
     complete  : 0=0.0%, 4=100.0%, 8=0.0%, 16=0.0%, 32=0.0%, 64=0.0%, >=64=0.0%
     issued rwts: total=0,1175068,0,0 short=0,0,0,0 dropped=0,0,0,0
     latency   : target=0, window=0, percentile=100.00%, depth=4

Run status group 0 (all jobs):
  WRITE: bw=1224MiB/s (1283MB/s), 1224MiB/s-1224MiB/s (1283MB/s-1283MB/s), io=71.7GiB (77.0GB), run=60001-60001msec
