"randwrite_16k_2_1": (g=0): rw=randwrite, bs=(R) 16.0KiB-16.0KiB, (W) 16.0KiB-16.0KiB, (T) 16.0KiB-16.0KiB, ioengine=io_uring, iodepth=2
fio-3.28
Starting 1 thread

"randwrite_16k_2_1": (groupid=0, jobs=1): err= 0: pid=9723: Thu Aug 10 23:32:46 2023
  write: IOPS=33.3k, BW=521MiB/s (546MB/s)(30.5GiB/60001msec); 0 zone resets
    slat (nsec): min=2953, max=43190, avg=5109.62, stdev=822.26
    clat (usec): min=18, max=1979, avg=53.72, stdev=15.46
     lat (usec): min=47, max=1984, avg=58.96, stdev=15.45
    clat percentiles (usec):
     |  1.00th=[   47],  5.00th=[   49], 10.00th=[   50], 20.00th=[   50],
     | 30.00th=[   51], 40.00th=[   52], 50.00th=[   52], 60.00th=[   53],
     | 70.00th=[   53], 80.00th=[   55], 90.00th=[   56], 95.00th=[   58],
     | 99.00th=[  174], 99.50th=[  196], 99.90th=[  212], 99.95th=[  219],
     | 99.99th=[  229]
   bw (  KiB/s): min=510048, max=545184, per=100.00%, avg=533535.23, stdev=4100.23, samples=120
   iops        : min=31878, max=34074, avg=33345.93, stdev=256.27, samples=120
  lat (usec)   : 20=0.01%, 50=18.84%, 100=80.00%, 250=1.16%, 500=0.01%
  lat (usec)   : 750=0.01%
  lat (msec)   : 2=0.01%
  cpu          : usr=10.21%, sys=24.16%, ctx=1977287, majf=0, minf=0
  IO depths    : 1=0.0%, 2=100.0%, 4=0.0%, 8=0.0%, 16=0.0%, 32=0.0%, >=64=0.0%
     submit    : 0=0.0%, 4=100.0%, 8=0.0%, 16=0.0%, 32=0.0%, 64=0.0%, >=64=0.0%
     complete  : 0=0.0%, 4=100.0%, 8=0.0%, 16=0.0%, 32=0.0%, 64=0.0%, >=64=0.0%
     issued rwts: total=0,2000614,0,0 short=0,0,0,0 dropped=0,0,0,0
     latency   : target=0, window=0, percentile=100.00%, depth=2

Run status group 0 (all jobs):
  WRITE: bw=521MiB/s (546MB/s), 521MiB/s-521MiB/s (546MB/s-546MB/s), io=30.5GiB (32.8GB), run=60001-60001msec
