"randwrite_16k_1_1": (g=0): rw=randwrite, bs=(R) 16.0KiB-16.0KiB, (W) 16.0KiB-16.0KiB, (T) 16.0KiB-16.0KiB, ioengine=io_uring, iodepth=1
fio-3.28
Starting 1 thread

"randwrite_16k_1_1": (groupid=0, jobs=1): err= 0: pid=13271: Thu Aug 10 23:54:01 2023
  write: IOPS=17.1k, BW=267MiB/s (280MB/s)(15.7GiB/60001msec); 0 zone resets
    slat (nsec): min=5385, max=41630, avg=6304.06, stdev=499.45
    clat (usec): min=12, max=624, avg=50.93, stdev=15.76
     lat (usec): min=50, max=630, avg=57.40, stdev=15.76
    clat percentiles (usec):
     |  1.00th=[   47],  5.00th=[   47], 10.00th=[   47], 20.00th=[   48],
     | 30.00th=[   48], 40.00th=[   49], 50.00th=[   49], 60.00th=[   49],
     | 70.00th=[   49], 80.00th=[   50], 90.00th=[   51], 95.00th=[   53],
     | 99.00th=[  159], 99.50th=[  169], 99.90th=[  176], 99.95th=[  182],
     | 99.99th=[  192]
   bw (  KiB/s): min=266432, max=277824, per=100.00%, avg=273792.03, stdev=3018.31, samples=120
   iops        : min=16652, max=17364, avg=17111.99, stdev=188.65, samples=120
  lat (usec)   : 20=0.01%, 50=86.51%, 100=11.36%, 250=2.13%, 500=0.01%
  lat (usec)   : 750=0.01%
  cpu          : usr=5.54%, sys=16.08%, ctx=1026727, majf=0, minf=0
  IO depths    : 1=100.0%, 2=0.0%, 4=0.0%, 8=0.0%, 16=0.0%, 32=0.0%, >=64=0.0%
     submit    : 0=0.0%, 4=100.0%, 8=0.0%, 16=0.0%, 32=0.0%, 64=0.0%, >=64=0.0%
     complete  : 0=0.0%, 4=100.0%, 8=0.0%, 16=0.0%, 32=0.0%, 64=0.0%, >=64=0.0%
     issued rwts: total=0,1026660,0,0 short=0,0,0,0 dropped=0,0,0,0
     latency   : target=0, window=0, percentile=100.00%, depth=1

Run status group 0 (all jobs):
  WRITE: bw=267MiB/s (280MB/s), 267MiB/s-267MiB/s (280MB/s-280MB/s), io=15.7GiB (16.8GB), run=60001-60001msec
