randread_32k_512_2: (g=0): rw=randread, bs=(R) 32.0KiB-32.0KiB, (W) 32.0KiB-32.0KiB, (T) 32.0KiB-32.0KiB, ioengine=io_uring, iodepth=512
...
fio-3.28
Starting 2 threads

randread_32k_512_2: (groupid=0, jobs=2): err= 0: pid=8948: Tue Feb 28 03:11:03 2023
  read: IOPS=204k, BW=6363MiB/s (6672MB/s)(374GiB/60167msec)
    slat (usec): min=2, max=302, avg= 6.87, stdev= 2.39
    clat (nsec): min=253, max=6744.2M, avg=5060190.63, stdev=73307583.84
     lat (usec): min=129, max=6744.2k, avg=5067.14, stdev=73307.50
    clat percentiles (usec):
     |  1.00th=[    186],  5.00th=[    196], 10.00th=[    202],
     | 20.00th=[    208], 30.00th=[    212], 40.00th=[    215],
     | 50.00th=[    217], 60.00th=[    221], 70.00th=[    223],
     | 80.00th=[    227], 90.00th=[    235], 95.00th=[    255],
     | 99.00th=[    338], 99.50th=[ 168821], 99.90th=[1115685],
     | 99.95th=[1400898], 99.99th=[2231370]
   bw (  MiB/s): min= 5272, max= 7137, per=100.00%, avg=6381.04, stdev=142.57, samples=240
   iops        : min=168732, max=228412, avg=204193.34, stdev=4562.16, samples=240
  lat (nsec)   : 500=0.01%
  lat (usec)   : 10=0.01%, 20=0.01%, 50=0.01%, 250=94.57%, 500=4.93%
  lat (usec)   : 750=0.01%, 1000=0.01%
  lat (msec)   : 2=0.01%, 250=0.01%, 500=0.01%, 750=0.11%, 1000=0.21%
  lat (msec)   : 2000=0.16%, >=2000=0.02%
  cpu          : usr=10.41%, sys=73.24%, ctx=3117206, majf=0, minf=0
  IO depths    : 1=0.0%, 2=0.0%, 4=0.0%, 8=0.0%, 16=0.0%, 32=0.0%, >=64=100.0%
     submit    : 0=0.0%, 4=100.0%, 8=0.0%, 16=0.0%, 32=0.0%, 64=0.0%, >=64=0.0%
     complete  : 0=0.0%, 4=100.0%, 8=0.0%, 16=0.0%, 32=0.0%, 64=0.0%, >=64=0.1%
     issued rwts: total=12249878,0,0,0 short=0,0,0,0 dropped=0,0,0,0
     latency   : target=0, window=0, percentile=100.00%, depth=512

Run status group 0 (all jobs):
   READ: bw=6363MiB/s (6672MB/s), 6363MiB/s-6363MiB/s (6672MB/s-6672MB/s), io=374GiB (401GB), run=60167-60167msec
