randwrite_8k_1_1: (g=0): rw=randwrite, bs=(R) 8192B-8192B, (W) 8192B-8192B, (T) 8192B-8192B, ioengine=io_uring, iodepth=1
fio-3.28
Starting 1 thread

randwrite_8k_1_1: (groupid=0, jobs=1): err= 0: pid=16142: Tue Feb 28 05:08:20 2023
  write: IOPS=21.1k, BW=165MiB/s (173MB/s)(9879MiB/60001msec); 0 zone resets
    slat (nsec): min=2842, max=47684, avg=4273.62, stdev=2096.73
    clat (nsec): min=340, max=730733, avg=42332.90, stdev=12654.51
     lat (usec): min=37, max=737, avg=46.71, stdev=13.18
    clat percentiles (usec):
     |  1.00th=[   36],  5.00th=[   36], 10.00th=[   36], 20.00th=[   37],
     | 30.00th=[   37], 40.00th=[   37], 50.00th=[   37], 60.00th=[   37],
     | 70.00th=[   44], 80.00th=[   44], 90.00th=[   58], 95.00th=[   67],
     | 99.00th=[  100], 99.50th=[  105], 99.90th=[  120], 99.95th=[  123],
     | 99.99th=[  133]
   bw (  KiB/s): min=156521, max=170741, per=100.00%, avg=168634.22, stdev=1614.35, samples=120
   iops        : min=19565, max=21342, avg=21079.25, stdev=201.79, samples=120
  lat (nsec)   : 500=0.01%
  lat (usec)   : 20=0.01%, 50=85.41%, 100=13.60%, 250=0.98%, 750=0.01%
  cpu          : usr=5.47%, sys=13.27%, ctx=1264512, majf=0, minf=0
  IO depths    : 1=100.0%, 2=0.0%, 4=0.0%, 8=0.0%, 16=0.0%, 32=0.0%, >=64=0.0%
     submit    : 0=0.0%, 4=100.0%, 8=0.0%, 16=0.0%, 32=0.0%, 64=0.0%, >=64=0.0%
     complete  : 0=0.0%, 4=100.0%, 8=0.0%, 16=0.0%, 32=0.0%, 64=0.0%, >=64=0.0%
     issued rwts: total=0,1264502,0,0 short=0,0,0,0 dropped=0,0,0,0
     latency   : target=0, window=0, percentile=100.00%, depth=1

Run status group 0 (all jobs):
  WRITE: bw=165MiB/s (173MB/s), 165MiB/s-165MiB/s (173MB/s-173MB/s), io=9879MiB (10.4GB), run=60001-60001msec
