randread_16k_2_2: (g=0): rw=randread, bs=(R) 16.0KiB-16.0KiB, (W) 16.0KiB-16.0KiB, (T) 16.0KiB-16.0KiB, ioengine=io_uring, iodepth=2
...
fio-3.28
Starting 2 threads

randread_16k_2_2: (groupid=0, jobs=2): err= 0: pid=7419: Tue Feb 28 02:49:57 2023
  read: IOPS=70.1k, BW=1096MiB/s (1149MB/s)(64.2GiB/60001msec)
    slat (nsec): min=3399, max=44470, avg=4965.53, stdev=875.33
    clat (usec): min=16, max=992, avg=51.48, stdev=13.73
     lat (usec): min=41, max=997, avg=56.52, stdev=13.83
    clat percentiles (usec):
     |  1.00th=[   40],  5.00th=[   41], 10.00th=[   42], 20.00th=[   43],
     | 30.00th=[   45], 40.00th=[   46], 50.00th=[   48], 60.00th=[   49],
     | 70.00th=[   53], 80.00th=[   59], 90.00th=[   61], 95.00th=[   84],
     | 99.00th=[  110], 99.50th=[  115], 99.90th=[  124], 99.95th=[  128],
     | 99.99th=[  149]
   bw (  MiB/s): min=  956, max= 1102, per=100.00%, avg=1095.94, stdev= 6.65, samples=240
   iops        : min=61246, max=70548, avg=70140.30, stdev=425.78, samples=240
  lat (usec)   : 20=0.01%, 50=66.16%, 100=30.96%, 250=2.88%, 500=0.01%
  lat (usec)   : 750=0.01%, 1000=0.01%
  cpu          : usr=5.96%, sys=25.29%, ctx=4062169, majf=0, minf=0
  IO depths    : 1=0.0%, 2=100.0%, 4=0.0%, 8=0.0%, 16=0.0%, 32=0.0%, >=64=0.0%
     submit    : 0=0.0%, 4=100.0%, 8=0.0%, 16=0.0%, 32=0.0%, 64=0.0%, >=64=0.0%
     complete  : 0=0.0%, 4=100.0%, 8=0.0%, 16=0.0%, 32=0.0%, 64=0.0%, >=64=0.0%
     issued rwts: total=4207873,0,0,0 short=0,0,0,0 dropped=0,0,0,0
     latency   : target=0, window=0, percentile=100.00%, depth=2

Run status group 0 (all jobs):
   READ: bw=1096MiB/s (1149MB/s), 1096MiB/s-1096MiB/s (1149MB/s-1149MB/s), io=64.2GiB (68.9GB), run=60001-60001msec
