randwrite_64k_64_2: (g=0): rw=randwrite, bs=(R) 64.0KiB-64.0KiB, (W) 64.0KiB-64.0KiB, (T) 64.0KiB-64.0KiB, ioengine=io_uring, iodepth=64
...
fio-3.28
Starting 2 threads

randwrite_64k_64_2: (groupid=0, jobs=2): err= 0: pid=14067: Tue Feb 28 04:41:20 2023
  write: IOPS=73.4k, BW=4586MiB/s (4809MB/s)(269GiB/60039msec); 0 zone resets
    slat (usec): min=3, max=125, avg= 8.26, stdev= 3.39
    clat (usec): min=115, max=2560.3k, avg=1742.36, stdev=26293.27
     lat (usec): min=126, max=2560.3k, avg=1750.73, stdev=26293.27
    clat percentiles (usec):
     |  1.00th=[   260],  5.00th=[   281], 10.00th=[   297], 20.00th=[   310],
     | 30.00th=[   318], 40.00th=[   322], 50.00th=[   330], 60.00th=[   334],
     | 70.00th=[   343], 80.00th=[   351], 90.00th=[   371], 95.00th=[   396],
     | 99.00th=[   441], 99.50th=[   482], 99.90th=[459277], 99.95th=[566232],
     | 99.99th=[960496]
   bw (  MiB/s): min= 3483, max= 5691, per=100.00%, avg=4589.75, stdev=182.39, samples=240
   iops        : min=55738, max=91066, avg=73435.94, stdev=2918.30, samples=240
  lat (usec)   : 250=0.44%, 500=99.12%, 750=0.05%, 1000=0.01%
  lat (msec)   : 2=0.01%, 4=0.01%, 10=0.01%, 50=0.01%, 100=0.01%
  lat (msec)   : 250=0.12%, 500=0.18%, 750=0.06%, 1000=0.02%, 2000=0.01%
  lat (msec)   : >=2000=0.01%
  cpu          : usr=8.53%, sys=29.27%, ctx=1487008, majf=0, minf=0
  IO depths    : 1=0.0%, 2=0.0%, 4=0.0%, 8=0.0%, 16=0.0%, 32=0.0%, >=64=100.0%
     submit    : 0=0.0%, 4=100.0%, 8=0.0%, 16=0.0%, 32=0.0%, 64=0.0%, >=64=0.0%
     complete  : 0=0.0%, 4=100.0%, 8=0.0%, 16=0.0%, 32=0.0%, 64=0.1%, >=64=0.0%
     issued rwts: total=0,4405489,0,0 short=0,0,0,0 dropped=0,0,0,0
     latency   : target=0, window=0, percentile=100.00%, depth=64

Run status group 0 (all jobs):
  WRITE: bw=4586MiB/s (4809MB/s), 4586MiB/s-4586MiB/s (4809MB/s-4809MB/s), io=269GiB (289GB), run=60039-60039msec
