randwrite_16k_128_2: (g=0): rw=randwrite, bs=(R) 16.0KiB-16.0KiB, (W) 16.0KiB-16.0KiB, (T) 16.0KiB-16.0KiB, ioengine=io_uring, iodepth=128
...
fio-3.28
Starting 2 threads

randwrite_16k_128_2: (groupid=0, jobs=2): err= 0: pid=11854: Tue Feb 28 04:19:04 2023
  write: IOPS=143k, BW=2240MiB/s (2349MB/s)(131GiB/60021msec); 0 zone resets
    slat (usec): min=2, max=563, avg= 7.89, stdev= 3.29
    clat (usec): min=68, max=776355, avg=1778.52, stdev=14278.57
     lat (usec): min=161, max=776360, avg=1786.54, stdev=14278.41
    clat percentiles (usec):
     |  1.00th=[   285],  5.00th=[   347], 10.00th=[   379], 20.00th=[   408],
     | 30.00th=[   420], 40.00th=[   429], 50.00th=[   437], 60.00th=[   445],
     | 70.00th=[   457], 80.00th=[   474], 90.00th=[   502], 95.00th=[   537],
     | 99.00th=[   750], 99.50th=[128451], 99.90th=[183501], 99.95th=[235930],
     | 99.99th=[320865]
   bw (  MiB/s): min= 2066, max= 2452, per=100.00%, avg=2241.18, stdev=44.23, samples=240
   iops        : min=132262, max=156934, avg=143435.41, stdev=2830.60, samples=240
  lat (usec)   : 100=0.01%, 250=0.19%, 500=89.27%, 750=9.55%, 1000=0.01%
  lat (msec)   : 2=0.01%, 4=0.01%, 20=0.01%, 50=0.01%, 100=0.14%
  lat (msec)   : 250=0.80%, 500=0.04%, 750=0.01%, 1000=0.01%
  cpu          : usr=9.99%, sys=55.48%, ctx=685962, majf=0, minf=0
  IO depths    : 1=0.0%, 2=0.0%, 4=0.0%, 8=0.0%, 16=0.0%, 32=0.0%, >=64=100.0%
     submit    : 0=0.0%, 4=100.0%, 8=0.0%, 16=0.0%, 32=0.0%, 64=0.0%, >=64=0.0%
     complete  : 0=0.0%, 4=100.0%, 8=0.0%, 16=0.0%, 32=0.0%, 64=0.0%, >=64=0.1%
     issued rwts: total=0,8604645,0,0 short=0,0,0,0 dropped=0,0,0,0
     latency   : target=0, window=0, percentile=100.00%, depth=128

Run status group 0 (all jobs):
  WRITE: bw=2240MiB/s (2349MB/s), 2240MiB/s-2240MiB/s (2349MB/s-2349MB/s), io=131GiB (141GB), run=60021-60021msec
