randread_128k_1_1: (g=0): rw=randread, bs=(R) 128KiB-128KiB, (W) 128KiB-128KiB, (T) 128KiB-128KiB, ioengine=io_uring, iodepth=1
fio-3.28
Starting 1 thread

randread_128k_1_1: (groupid=0, jobs=1): err= 0: pid=15038: Tue Feb 28 05:04:49 2023
  read: IOPS=6154, BW=769MiB/s (807MB/s)(45.1GiB/60001msec)
    slat (nsec): min=13841, max=66126, avg=18886.34, stdev=3670.02
    clat (usec): min=93, max=1637, avg=142.41, stdev=19.28
     lat (usec): min=136, max=1659, avg=161.43, stdev=19.57
    clat percentiles (usec):
     |  1.00th=[  125],  5.00th=[  126], 10.00th=[  129], 20.00th=[  130],
     | 30.00th=[  131], 40.00th=[  135], 50.00th=[  135], 60.00th=[  141],
     | 70.00th=[  145], 80.00th=[  151], 90.00th=[  172], 95.00th=[  188],
     | 99.00th=[  202], 99.50th=[  208], 99.90th=[  233], 99.95th=[  265],
     | 99.99th=[  375]
   bw (  KiB/s): min=673536, max=795904, per=100.00%, avg=788020.29, stdev=13080.39, samples=120
   iops        : min= 5262, max= 6218, avg=6156.37, stdev=102.19, samples=120
  lat (usec)   : 100=0.01%, 250=99.94%, 500=0.06%, 750=0.01%, 1000=0.01%
  lat (msec)   : 2=0.01%
  cpu          : usr=2.09%, sys=15.36%, ctx=369308, majf=0, minf=0
  IO depths    : 1=100.0%, 2=0.0%, 4=0.0%, 8=0.0%, 16=0.0%, 32=0.0%, >=64=0.0%
     submit    : 0=0.0%, 4=100.0%, 8=0.0%, 16=0.0%, 32=0.0%, 64=0.0%, >=64=0.0%
     complete  : 0=0.0%, 4=100.0%, 8=0.0%, 16=0.0%, 32=0.0%, 64=0.0%, >=64=0.0%
     issued rwts: total=369293,0,0,0 short=0,0,0,0 dropped=0,0,0,0
     latency   : target=0, window=0, percentile=100.00%, depth=1

Run status group 0 (all jobs):
   READ: bw=769MiB/s (807MB/s), 769MiB/s-769MiB/s (807MB/s-807MB/s), io=45.1GiB (48.4GB), run=60001-60001msec
