randwrite_4k_2_2: (g=0): rw=randwrite, bs=(R) 4096B-4096B, (W) 4096B-4096B, (T) 4096B-4096B, ioengine=io_uring, iodepth=2
...
fio-3.28
Starting 2 threads

randwrite_4k_2_2: (groupid=0, jobs=2): err= 0: pid=10644: Tue Feb 28 03:48:35 2023
  write: IOPS=77.0k, BW=301MiB/s (316MB/s)(17.6GiB/60001msec); 0 zone resets
    slat (nsec): min=3204, max=86175, avg=4943.43, stdev=1203.11
    clat (nsec): min=138, max=1508.5k, avg=46385.61, stdev=14040.55
     lat (usec): min=38, max=1514, avg=51.44, stdev=14.34
    clat percentiles (usec):
     |  1.00th=[   37],  5.00th=[   37], 10.00th=[   37], 20.00th=[   38],
     | 30.00th=[   38], 40.00th=[   42], 50.00th=[   43], 60.00th=[   47],
     | 70.00th=[   48], 80.00th=[   52], 90.00th=[   53], 95.00th=[   76],
     | 99.00th=[  110], 99.50th=[  114], 99.90th=[  123], 99.95th=[  126],
     | 99.99th=[  143]
   bw (  KiB/s): min=269224, max=310496, per=100.00%, avg=308238.28, stdev=1854.85, samples=240
   iops        : min=67306, max=77624, avg=77059.53, stdev=463.71, samples=240
  lat (nsec)   : 250=0.01%
  lat (usec)   : 10=0.01%, 20=0.01%, 50=72.42%, 100=25.10%, 250=2.48%
  lat (msec)   : 2=0.01%
  cpu          : usr=6.86%, sys=27.32%, ctx=4467113, majf=0, minf=0
  IO depths    : 1=0.0%, 2=100.0%, 4=0.0%, 8=0.0%, 16=0.0%, 32=0.0%, >=64=0.0%
     submit    : 0=0.0%, 4=100.0%, 8=0.0%, 16=0.0%, 32=0.0%, 64=0.0%, >=64=0.0%
     complete  : 0=0.0%, 4=100.0%, 8=0.0%, 16=0.0%, 32=0.0%, 64=0.0%, >=64=0.0%
     issued rwts: total=0,4623066,0,0 short=0,0,0,0 dropped=0,0,0,0
     latency   : target=0, window=0, percentile=100.00%, depth=2

Run status group 0 (all jobs):
  WRITE: bw=301MiB/s (316MB/s), 301MiB/s-301MiB/s (316MB/s-316MB/s), io=17.6GiB (18.9GB), run=60001-60001msec
