"randwrite_16k_128_1": (g=0): rw=randwrite, bs=(R) 16.0KiB-16.0KiB, (W) 16.0KiB-16.0KiB, (T) 16.0KiB-16.0KiB, ioengine=io_uring, iodepth=128
fio-3.28
Starting 1 thread

"randwrite_16k_128_1": (groupid=0, jobs=1): err= 0: pid=29742: Fri Aug 11 09:20:50 2023
  write: IOPS=51.8k, BW=809MiB/s (848MB/s)(47.4GiB/60001msec); 0 zone resets
    slat (usec): min=2, max=103, avg= 4.28, stdev= 1.50
    clat (usec): min=165, max=19894, avg=2466.54, stdev=971.12
     lat (usec): min=179, max=19898, avg=2470.97, stdev=970.62
    clat percentiles (usec):
     |  1.00th=[  594],  5.00th=[  635], 10.00th=[  676], 20.00th=[ 2278],
     | 30.00th=[ 2343], 40.00th=[ 2409], 50.00th=[ 2442], 60.00th=[ 2474],
     | 70.00th=[ 2507], 80.00th=[ 2638], 90.00th=[ 3884], 95.00th=[ 4228],
     | 99.00th=[ 5735], 99.50th=[ 6128], 99.90th=[ 7701], 99.95th=[ 8455],
     | 99.99th=[10028]
   bw (  KiB/s): min=699392, max=866944, per=100.00%, avg=828649.91, stdev=14506.66, samples=120
   iops        : min=43712, max=54184, avg=51790.60, stdev=906.67, samples=120
  lat (usec)   : 250=0.01%, 500=0.05%, 750=11.47%, 1000=0.23%
  lat (msec)   : 2=0.06%, 4=79.90%, 10=8.28%, 20=0.01%
  cpu          : usr=10.15%, sys=21.28%, ctx=379038, majf=0, minf=0
  IO depths    : 1=0.0%, 2=0.0%, 4=0.0%, 8=0.0%, 16=0.0%, 32=0.0%, >=64=100.0%
     submit    : 0=0.0%, 4=100.0%, 8=0.0%, 16=0.0%, 32=0.0%, 64=0.0%, >=64=0.0%
     complete  : 0=0.0%, 4=100.0%, 8=0.0%, 16=0.0%, 32=0.0%, 64=0.0%, >=64=0.1%
     issued rwts: total=0,3107189,0,0 short=0,0,0,0 dropped=0,0,0,0
     latency   : target=0, window=0, percentile=100.00%, depth=128

Run status group 0 (all jobs):
  WRITE: bw=809MiB/s (848MB/s), 809MiB/s-809MiB/s (848MB/s-848MB/s), io=47.4GiB (50.9GB), run=60001-60001msec
