"randread_64k_4_1": (g=0): rw=randread, bs=(R) 64.0KiB-64.0KiB, (W) 64.0KiB-64.0KiB, (T) 64.0KiB-64.0KiB, ioengine=io_uring, iodepth=4
fio-3.28
Starting 1 thread

"randread_64k_4_1": (groupid=0, jobs=1): err= 0: pid=26008: Fri Aug 11 08:58:29 2023
  read: IOPS=19.0k, BW=1185MiB/s (1243MB/s)(69.5GiB/60001msec)
    slat (nsec): min=3771, max=41192, avg=6098.96, stdev=910.62
    clat (usec): min=147, max=915, avg=203.64, stdev=25.02
     lat (usec): min=152, max=921, avg=209.89, stdev=25.01
    clat percentiles (usec):
     |  1.00th=[  178],  5.00th=[  186], 10.00th=[  190], 20.00th=[  194],
     | 30.00th=[  196], 40.00th=[  200], 50.00th=[  202], 60.00th=[  204],
     | 70.00th=[  208], 80.00th=[  212], 90.00th=[  219], 95.00th=[  223],
     | 99.00th=[  237], 99.50th=[  265], 99.90th=[  570], 99.95th=[  578],
     | 99.99th=[  594]
   bw (  MiB/s): min= 1094, max= 1193, per=100.00%, avg=1185.43, stdev= 9.83, samples=120
   iops        : min=17512, max=19100, avg=18966.86, stdev=157.28, samples=120
  lat (usec)   : 250=99.42%, 500=0.21%, 750=0.37%, 1000=0.01%
  cpu          : usr=5.41%, sys=16.27%, ctx=1134065, majf=0, minf=0
  IO depths    : 1=0.0%, 2=0.0%, 4=100.0%, 8=0.0%, 16=0.0%, 32=0.0%, >=64=0.0%
     submit    : 0=0.0%, 4=100.0%, 8=0.0%, 16=0.0%, 32=0.0%, 64=0.0%, >=64=0.0%
     complete  : 0=0.0%, 4=100.0%, 8=0.0%, 16=0.0%, 32=0.0%, 64=0.0%, >=64=0.0%
     issued rwts: total=1137948,0,0,0 short=0,0,0,0 dropped=0,0,0,0
     latency   : target=0, window=0, percentile=100.00%, depth=4

Run status group 0 (all jobs):
   READ: bw=1185MiB/s (1243MB/s), 1185MiB/s-1185MiB/s (1243MB/s-1243MB/s), io=69.5GiB (74.6GB), run=60001-60001msec
