"randwrite_16k_32_1": (g=0): rw=randwrite, bs=(R) 16.0KiB-16.0KiB, (W) 16.0KiB-16.0KiB, (T) 16.0KiB-16.0KiB, ioengine=io_uring, iodepth=32
fio-3.28
Starting 1 thread

"randwrite_16k_32_1": (groupid=0, jobs=1): err= 0: pid=29346: Fri Aug 11 09:18:29 2023
  write: IOPS=54.1k, BW=846MiB/s (887MB/s)(49.5GiB/60001msec); 0 zone resets
    slat (nsec): min=3155, max=49662, avg=4506.66, stdev=1248.25
    clat (usec): min=231, max=1456, avg=585.96, stdev=60.17
     lat (usec): min=237, max=1460, avg=590.59, stdev=60.09
    clat percentiles (usec):
     |  1.00th=[  437],  5.00th=[  490], 10.00th=[  519], 20.00th=[  545],
     | 30.00th=[  562], 40.00th=[  570], 50.00th=[  586], 60.00th=[  594],
     | 70.00th=[  611], 80.00th=[  627], 90.00th=[  660], 95.00th=[  685],
     | 99.00th=[  734], 99.50th=[  750], 99.90th=[ 1004], 99.95th=[ 1106],
     | 99.99th=[ 1254]
   bw (  KiB/s): min=714560, max=892448, per=100.00%, avg=865929.43, stdev=17252.59, samples=120
   iops        : min=44660, max=55778, avg=54120.56, stdev=1078.31, samples=120
  lat (usec)   : 250=0.01%, 500=6.71%, 750=92.76%, 1000=0.44%
  lat (msec)   : 2=0.10%
  cpu          : usr=10.24%, sys=24.37%, ctx=496150, majf=0, minf=0
  IO depths    : 1=0.0%, 2=0.0%, 4=0.0%, 8=0.0%, 16=0.0%, 32=100.0%, >=64=0.0%
     submit    : 0=0.0%, 4=100.0%, 8=0.0%, 16=0.0%, 32=0.0%, 64=0.0%, >=64=0.0%
     complete  : 0=0.0%, 4=100.0%, 8=0.0%, 16=0.0%, 32=0.1%, 64=0.0%, >=64=0.0%
     issued rwts: total=0,3247016,0,0 short=0,0,0,0 dropped=0,0,0,0
     latency   : target=0, window=0, percentile=100.00%, depth=32

Run status group 0 (all jobs):
  WRITE: bw=846MiB/s (887MB/s), 846MiB/s-846MiB/s (887MB/s-887MB/s), io=49.5GiB (53.2GB), run=60001-60001msec
