"randread_64k_2_1": (g=0): rw=randread, bs=(R) 64.0KiB-64.0KiB, (W) 64.0KiB-64.0KiB, (T) 64.0KiB-64.0KiB, ioengine=io_uring, iodepth=2
fio-3.28
Starting 1 thread

"randread_64k_2_1": (groupid=0, jobs=1): err= 0: pid=25813: Fri Aug 11 08:57:18 2023
  read: IOPS=14.5k, BW=907MiB/s (951MB/s)(53.2GiB/60001msec)
    slat (nsec): min=3970, max=37746, avg=5828.47, stdev=801.33
    clat (usec): min=97, max=761, avg=130.78, stdev=22.75
     lat (usec): min=104, max=767, avg=136.75, stdev=22.74
    clat percentiles (usec):
     |  1.00th=[  115],  5.00th=[  120], 10.00th=[  122], 20.00th=[  124],
     | 30.00th=[  126], 40.00th=[  128], 50.00th=[  129], 60.00th=[  131],
     | 70.00th=[  133], 80.00th=[  135], 90.00th=[  139], 95.00th=[  143],
     | 99.00th=[  155], 99.50th=[  255], 99.90th=[  457], 99.95th=[  461],
     | 99.99th=[  478]
   bw (  KiB/s): min=845952, max=937856, per=100.00%, avg=928977.15, stdev=8021.16, samples=120
   iops        : min=13218, max=14654, avg=14515.26, stdev=125.33, samples=120
  lat (usec)   : 100=0.01%, 250=99.49%, 500=0.50%, 750=0.01%, 1000=0.01%
  cpu          : usr=4.01%, sys=11.97%, ctx=870849, majf=0, minf=0
  IO depths    : 1=0.0%, 2=100.0%, 4=0.0%, 8=0.0%, 16=0.0%, 32=0.0%, >=64=0.0%
     submit    : 0=0.0%, 4=100.0%, 8=0.0%, 16=0.0%, 32=0.0%, 64=0.0%, >=64=0.0%
     complete  : 0=0.0%, 4=100.0%, 8=0.0%, 16=0.0%, 32=0.0%, 64=0.0%, >=64=0.0%
     issued rwts: total=870864,0,0,0 short=0,0,0,0 dropped=0,0,0,0
     latency   : target=0, window=0, percentile=100.00%, depth=2

Run status group 0 (all jobs):
   READ: bw=907MiB/s (951MB/s), 907MiB/s-907MiB/s (951MB/s-951MB/s), io=53.2GiB (57.1GB), run=60001-60001msec
