"randwrite_64k_8_1": (g=0): rw=randwrite, bs=(R) 64.0KiB-64.0KiB, (W) 64.0KiB-64.0KiB, (T) 64.0KiB-64.0KiB, ioengine=io_uring, iodepth=8
fio-3.28
Starting 1 thread

"randwrite_64k_8_1": (groupid=0, jobs=1): err= 0: pid=30331: Fri Aug 11 09:24:22 2023
  write: IOPS=19.7k, BW=1232MiB/s (1292MB/s)(72.2GiB/60001msec); 0 zone resets
    slat (nsec): min=4580, max=45572, avg=7868.75, stdev=1352.57
    clat (usec): min=127, max=1002, avg=396.73, stdev=32.98
     lat (usec): min=133, max=1010, avg=404.75, stdev=32.94
    clat percentiles (usec):
     |  1.00th=[  347],  5.00th=[  359], 10.00th=[  367], 20.00th=[  375],
     | 30.00th=[  383], 40.00th=[  388], 50.00th=[  396], 60.00th=[  400],
     | 70.00th=[  408], 80.00th=[  416], 90.00th=[  429], 95.00th=[  441],
     | 99.00th=[  465], 99.50th=[  486], 99.90th=[  824], 99.95th=[  840],
     | 99.99th=[  889]
   bw (  MiB/s): min= 1059, max= 1270, per=100.00%, avg=1232.15, stdev=18.92, samples=120
   iops        : min=16946, max=20332, avg=19714.35, stdev=302.69, samples=120
  lat (usec)   : 250=0.03%, 500=99.57%, 750=0.16%, 1000=0.24%
  lat (msec)   : 2=0.01%
  cpu          : usr=7.33%, sys=18.88%, ctx=1105847, majf=0, minf=0
  IO depths    : 1=0.0%, 2=0.0%, 4=0.0%, 8=100.0%, 16=0.0%, 32=0.0%, >=64=0.0%
     submit    : 0=0.0%, 4=100.0%, 8=0.0%, 16=0.0%, 32=0.0%, 64=0.0%, >=64=0.0%
     complete  : 0=0.0%, 4=100.0%, 8=0.1%, 16=0.0%, 32=0.0%, 64=0.0%, >=64=0.0%
     issued rwts: total=0,1182803,0,0 short=0,0,0,0 dropped=0,0,0,0
     latency   : target=0, window=0, percentile=100.00%, depth=8

Run status group 0 (all jobs):
  WRITE: bw=1232MiB/s (1292MB/s), 1232MiB/s-1232MiB/s (1292MB/s-1292MB/s), io=72.2GiB (77.5GB), run=60001-60001msec
