"randwrite_4k_8_1": (g=0): rw=randwrite, bs=(R) 4096B-4096B, (W) 4096B-4096B, (T) 4096B-4096B, ioengine=io_uring, iodepth=8
fio-3.28
Starting 1 thread

"randwrite_4k_8_1": (groupid=0, jobs=1): err= 0: pid=27579: Fri Aug 11 09:07:54 2023
  write: IOPS=98.3k, BW=384MiB/s (403MB/s)(22.5GiB/60001msec); 0 zone resets
    slat (nsec): min=2419, max=43602, avg=4943.55, stdev=1166.38
    clat (usec): min=32, max=556, avg=75.30, stdev=17.00
     lat (usec): min=39, max=561, avg=80.45, stdev=16.80
    clat percentiles (usec):
     |  1.00th=[   50],  5.00th=[   57], 10.00th=[   61], 20.00th=[   65],
     | 30.00th=[   69], 40.00th=[   72], 50.00th=[   75], 60.00th=[   77],
     | 70.00th=[   81], 80.00th=[   84], 90.00th=[   90], 95.00th=[   96],
     | 99.00th=[  115], 99.50th=[  127], 99.90th=[  273], 99.95th=[  437],
     | 99.99th=[  465]
   bw (  KiB/s): min=362232, max=401472, per=100.00%, avg=393242.49, stdev=4149.12, samples=120
   iops        : min=90558, max=100368, avg=98310.66, stdev=1037.28, samples=120
  lat (usec)   : 50=0.98%, 100=95.62%, 250=3.29%, 500=0.10%, 750=0.01%
  cpu          : usr=21.75%, sys=54.88%, ctx=1583741, majf=0, minf=0
  IO depths    : 1=0.0%, 2=0.0%, 4=0.0%, 8=100.0%, 16=0.0%, 32=0.0%, >=64=0.0%
     submit    : 0=0.0%, 4=100.0%, 8=0.0%, 16=0.0%, 32=0.0%, 64=0.0%, >=64=0.0%
     complete  : 0=0.0%, 4=100.0%, 8=0.1%, 16=0.0%, 32=0.0%, 64=0.0%, >=64=0.0%
     issued rwts: total=0,5898162,0,0 short=0,0,0,0 dropped=0,0,0,0
     latency   : target=0, window=0, percentile=100.00%, depth=8

Run status group 0 (all jobs):
  WRITE: bw=384MiB/s (403MB/s), 384MiB/s-384MiB/s (403MB/s-403MB/s), io=22.5GiB (24.2GB), run=60001-60001msec
