"randwrite_4k_128_1": (g=0): rw=randwrite, bs=(R) 4096B-4096B, (W) 4096B-4096B, (T) 4096B-4096B, ioengine=io_uring, iodepth=128
fio-3.28
Starting 1 thread

"randwrite_4k_128_1": (groupid=0, jobs=1): err= 0: pid=28359: Fri Aug 11 09:12:36 2023
  write: IOPS=92.6k, BW=362MiB/s (379MB/s)(21.2GiB/60002msec); 0 zone resets
    slat (nsec): min=2358, max=74408, avg=3308.96, stdev=1052.91
    clat (usec): min=377, max=6963, avg=1377.84, stdev=323.22
     lat (usec): min=382, max=6965, avg=1381.26, stdev=322.98
    clat percentiles (usec):
     |  1.00th=[  545],  5.00th=[  701], 10.00th=[ 1254], 20.00th=[ 1287],
     | 30.00th=[ 1303], 40.00th=[ 1319], 50.00th=[ 1336], 60.00th=[ 1352],
     | 70.00th=[ 1369], 80.00th=[ 1401], 90.00th=[ 1893], 95.00th=[ 2040],
     | 99.00th=[ 2638], 99.50th=[ 2737], 99.90th=[ 3392], 99.95th=[ 3490],
     | 99.99th=[ 4146]
   bw (  KiB/s): min=314944, max=384824, per=100.00%, avg=370540.19, stdev=6432.02, samples=120
   iops        : min=78736, max=96206, avg=92635.01, stdev=1607.98, samples=120
  lat (usec)   : 500=0.03%, 750=5.21%, 1000=0.02%
  lat (msec)   : 2=87.57%, 4=7.15%, 10=0.02%
  cpu          : usr=14.94%, sys=31.14%, ctx=666068, majf=0, minf=0
  IO depths    : 1=0.0%, 2=0.0%, 4=0.0%, 8=0.0%, 16=0.0%, 32=0.0%, >=64=100.0%
     submit    : 0=0.0%, 4=100.0%, 8=0.0%, 16=0.0%, 32=0.0%, 64=0.0%, >=64=0.0%
     complete  : 0=0.0%, 4=100.0%, 8=0.0%, 16=0.0%, 32=0.0%, 64=0.0%, >=64=0.1%
     issued rwts: total=0,5557705,0,0 short=0,0,0,0 dropped=0,0,0,0
     latency   : target=0, window=0, percentile=100.00%, depth=128

Run status group 0 (all jobs):
  WRITE: bw=362MiB/s (379MB/s), 362MiB/s-362MiB/s (379MB/s-379MB/s), io=21.2GiB (22.8GB), run=60002-60002msec
