"randread_4k_8_1": (g=0): rw=randread, bs=(R) 4096B-4096B, (W) 4096B-4096B, (T) 4096B-4096B, ioengine=io_uring, iodepth=8
fio-3.28
Starting 1 thread

"randread_4k_8_1": (groupid=0, jobs=1): err= 0: pid=23470: Fri Aug 11 08:43:12 2023
  read: IOPS=114k, BW=446MiB/s (468MB/s)(26.1GiB/60001msec)
    slat (nsec): min=2005, max=50607, avg=4056.29, stdev=940.31
    clat (usec): min=28, max=546, avg=64.90, stdev=15.83
     lat (usec): min=31, max=551, avg=69.14, stdev=15.76
    clat percentiles (usec):
     |  1.00th=[   45],  5.00th=[   50], 10.00th=[   52], 20.00th=[   56],
     | 30.00th=[   59], 40.00th=[   61], 50.00th=[   64], 60.00th=[   67],
     | 70.00th=[   70], 80.00th=[   73], 90.00th=[   79], 95.00th=[   84],
     | 99.00th=[   99], 99.50th=[  111], 99.90th=[  285], 99.95th=[  416],
     | 99.99th=[  441]
   bw (  KiB/s): min=419160, max=473808, per=100.00%, avg=456740.41, stdev=5866.66, samples=120
   iops        : min=104790, max=118452, avg=114185.11, stdev=1466.67, samples=120
  lat (usec)   : 50=5.95%, 100=93.15%, 250=0.79%, 500=0.11%, 750=0.01%
  cpu          : usr=24.54%, sys=53.48%, ctx=1736538, majf=0, minf=0
  IO depths    : 1=0.0%, 2=0.0%, 4=0.0%, 8=100.0%, 16=0.0%, 32=0.0%, >=64=0.0%
     submit    : 0=0.0%, 4=100.0%, 8=0.0%, 16=0.0%, 32=0.0%, 64=0.0%, >=64=0.0%
     complete  : 0=0.0%, 4=100.0%, 8=0.1%, 16=0.0%, 32=0.0%, 64=0.0%, >=64=0.0%
     issued rwts: total=6850534,0,0,0 short=0,0,0,0 dropped=0,0,0,0
     latency   : target=0, window=0, percentile=100.00%, depth=8

Run status group 0 (all jobs):
   READ: bw=446MiB/s (468MB/s), 446MiB/s-446MiB/s (468MB/s-468MB/s), io=26.1GiB (28.1GB), run=60001-60001msec
