"randread_64k_64_1": (g=0): rw=randread, bs=(R) 64.0KiB-64.0KiB, (W) 64.0KiB-64.0KiB, (T) 64.0KiB-64.0KiB, ioengine=io_uring, iodepth=64
fio-3.28
Starting 1 thread

"randread_64k_64_1": (groupid=0, jobs=1): err= 0: pid=26792: Fri Aug 11 09:03:11 2023
  read: IOPS=15.7k, BW=984MiB/s (1032MB/s)(57.7GiB/60002msec)
    slat (nsec): min=2935, max=77282, avg=5004.62, stdev=925.54
    clat (usec): min=310, max=174429, avg=4058.81, stdev=5522.46
     lat (usec): min=315, max=174433, avg=4063.96, stdev=5522.45
    clat percentiles (msec):
     |  1.00th=[    3],  5.00th=[    3], 10.00th=[    3], 20.00th=[    3],
     | 30.00th=[    3], 40.00th=[    3], 50.00th=[    3], 60.00th=[    3],
     | 70.00th=[    3], 80.00th=[    5], 90.00th=[    6], 95.00th=[   10],
     | 99.00th=[   32], 99.50th=[   41], 99.90th=[   67], 99.95th=[   80],
     | 99.99th=[  107]
   bw (  KiB/s): min=878976, max=1040640, per=100.00%, avg=1007689.39, stdev=14387.72, samples=120
   iops        : min=13734, max=16260, avg=15745.13, stdev=224.81, samples=120
  lat (usec)   : 500=0.01%, 750=0.01%, 1000=0.04%
  lat (msec)   : 2=0.03%, 4=77.39%, 10=17.64%, 20=2.79%, 50=1.84%
  lat (msec)   : 100=0.26%, 250=0.02%
  cpu          : usr=4.66%, sys=11.27%, ctx=924049, majf=0, minf=0
  IO depths    : 1=0.0%, 2=0.0%, 4=0.0%, 8=0.0%, 16=0.0%, 32=0.0%, >=64=100.0%
     submit    : 0=0.0%, 4=100.0%, 8=0.0%, 16=0.0%, 32=0.0%, 64=0.0%, >=64=0.0%
     complete  : 0=0.0%, 4=100.0%, 8=0.0%, 16=0.0%, 32=0.0%, 64=0.1%, >=64=0.0%
     issued rwts: total=944651,0,0,0 short=0,0,0,0 dropped=0,0,0,0
     latency   : target=0, window=0, percentile=100.00%, depth=64

Run status group 0 (all jobs):
   READ: bw=984MiB/s (1032MB/s), 984MiB/s-984MiB/s (1032MB/s-1032MB/s), io=57.7GiB (61.9GB), run=60002-60002msec
