"randwrite_64k_32_1": (g=0): rw=randwrite, bs=(R) 64.0KiB-64.0KiB, (W) 64.0KiB-64.0KiB, (T) 64.0KiB-64.0KiB, ioengine=io_uring, iodepth=32
fio-3.28
Starting 1 thread

"randwrite_64k_32_1": (groupid=0, jobs=1): err= 0: pid=30721: Fri Aug 11 09:26:43 2023
  write: IOPS=13.9k, BW=869MiB/s (911MB/s)(50.9GiB/60001msec); 0 zone resets
    slat (usec): min=3, max=104, avg= 6.78, stdev= 1.75
    clat (usec): min=329, max=18965, avg=2294.89, stdev=872.03
     lat (usec): min=336, max=18975, avg=2301.81, stdev=871.97
    clat percentiles (usec):
     |  1.00th=[ 1369],  5.00th=[ 1614], 10.00th=[ 1680], 20.00th=[ 1745],
     | 30.00th=[ 1811], 40.00th=[ 1876], 50.00th=[ 1958], 60.00th=[ 2089],
     | 70.00th=[ 2540], 80.00th=[ 2704], 90.00th=[ 3294], 95.00th=[ 3884],
     | 99.00th=[ 5800], 99.50th=[ 6652], 99.90th=[ 8717], 99.95th=[ 9634],
     | 99.99th=[11600]
   bw (  KiB/s): min=796472, max=903552, per=100.00%, avg=889421.15, stdev=11072.07, samples=120
   iops        : min=12444, max=14118, avg=13897.18, stdev=173.06, samples=120
  lat (usec)   : 500=0.01%, 750=0.08%, 1000=0.82%
  lat (msec)   : 2=53.49%, 4=40.93%, 10=4.63%, 20=0.04%
  cpu          : usr=5.33%, sys=9.13%, ctx=430967, majf=0, minf=0
  IO depths    : 1=0.0%, 2=0.0%, 4=0.0%, 8=0.0%, 16=0.0%, 32=100.0%, >=64=0.0%
     submit    : 0=0.0%, 4=100.0%, 8=0.0%, 16=0.0%, 32=0.0%, 64=0.0%, >=64=0.0%
     complete  : 0=0.0%, 4=100.0%, 8=0.0%, 16=0.0%, 32=0.1%, 64=0.0%, >=64=0.0%
     issued rwts: total=0,833777,0,0 short=0,0,0,0 dropped=0,0,0,0
     latency   : target=0, window=0, percentile=100.00%, depth=32

Run status group 0 (all jobs):
  WRITE: bw=869MiB/s (911MB/s), 869MiB/s-869MiB/s (911MB/s-911MB/s), io=50.9GiB (54.6GB), run=60001-60001msec
