"randread_64k_64_1": (g=0): rw=randread, bs=(R) 64.0KiB-64.0KiB, (W) 64.0KiB-64.0KiB, (T) 64.0KiB-64.0KiB, ioengine=io_uring, iodepth=64
fio-3.28
Starting 1 thread

"randread_64k_64_1": (groupid=0, jobs=1): err= 0: pid=26789: Fri Aug 11 09:03:11 2023
  read: IOPS=15.2k, BW=953MiB/s (1000MB/s)(55.9GiB/60004msec)
    slat (nsec): min=2915, max=87529, avg=5201.04, stdev=892.81
    clat (usec): min=682, max=130183, avg=4190.05, stdev=5175.32
     lat (usec): min=689, max=130189, avg=4195.39, stdev=5175.31
    clat percentiles (usec):
     |  1.00th=[ 2311],  5.00th=[ 2409], 10.00th=[ 2442], 20.00th=[ 2507],
     | 30.00th=[ 2540], 40.00th=[ 2573], 50.00th=[ 2606], 60.00th=[ 2671],
     | 70.00th=[ 2769], 80.00th=[ 4228], 90.00th=[ 6456], 95.00th=[10683],
     | 99.00th=[29754], 99.50th=[38536], 99.90th=[56361], 99.95th=[69731],
     | 99.99th=[92799]
   bw (  KiB/s): min=858496, max=989568, per=100.00%, avg=976181.96, stdev=12738.96, samples=120
   iops        : min=13414, max=15462, avg=15252.82, stdev=199.04, samples=120
  lat (usec)   : 750=0.01%, 1000=0.65%
  lat (msec)   : 2=0.01%, 4=72.84%, 10=21.14%, 20=3.28%, 50=1.90%
  lat (msec)   : 100=0.18%, 250=0.01%
  cpu          : usr=4.28%, sys=11.59%, ctx=894757, majf=0, minf=0
  IO depths    : 1=0.0%, 2=0.0%, 4=0.0%, 8=0.0%, 16=0.0%, 32=0.0%, >=64=100.0%
     submit    : 0=0.0%, 4=100.0%, 8=0.0%, 16=0.0%, 32=0.0%, 64=0.0%, >=64=0.0%
     complete  : 0=0.0%, 4=100.0%, 8=0.0%, 16=0.0%, 32=0.0%, 64=0.1%, >=64=0.0%
     issued rwts: total=915111,0,0,0 short=0,0,0,0 dropped=0,0,0,0
     latency   : target=0, window=0, percentile=100.00%, depth=64

Run status group 0 (all jobs):
   READ: bw=953MiB/s (1000MB/s), 953MiB/s-953MiB/s (1000MB/s-1000MB/s), io=55.9GiB (60.0GB), run=60004-60004msec
