"randwrite_4k_32_1": (g=0): rw=randwrite, bs=(R) 4096B-4096B, (W) 4096B-4096B, (T) 4096B-4096B, ioengine=io_uring, iodepth=32
fio-3.28
Starting 1 thread

"randwrite_4k_32_1": (groupid=0, jobs=1): err= 0: pid=27973: Fri Aug 11 09:10:15 2023
  write: IOPS=106k, BW=415MiB/s (435MB/s)(24.3GiB/60001msec); 0 zone resets
    slat (usec): min=2, max=185, avg= 3.96, stdev= 1.44
    clat (usec): min=71, max=1051, avg=296.21, stdev=34.94
     lat (usec): min=75, max=1057, avg=300.35, stdev=34.70
    clat percentiles (usec):
     |  1.00th=[  212],  5.00th=[  239], 10.00th=[  253], 20.00th=[  273],
     | 30.00th=[  285], 40.00th=[  293], 50.00th=[  297], 60.00th=[  306],
     | 70.00th=[  314], 80.00th=[  322], 90.00th=[  334], 95.00th=[  347],
     | 99.00th=[  375], 99.50th=[  392], 99.90th=[  529], 99.95th=[  676],
     | 99.99th=[  791]
   bw (  KiB/s): min=372008, max=440480, per=100.00%, avg=425114.47, stdev=9865.02, samples=120
   iops        : min=93002, max=110120, avg=106278.61, stdev=2466.24, samples=120
  lat (usec)   : 100=0.01%, 250=8.77%, 500=91.12%, 750=0.09%, 1000=0.02%
  lat (msec)   : 2=0.01%
  cpu          : usr=18.03%, sys=41.86%, ctx=602150, majf=0, minf=0
  IO depths    : 1=0.0%, 2=0.0%, 4=0.0%, 8=0.0%, 16=0.0%, 32=100.0%, >=64=0.0%
     submit    : 0=0.0%, 4=100.0%, 8=0.0%, 16=0.0%, 32=0.0%, 64=0.0%, >=64=0.0%
     complete  : 0=0.0%, 4=100.0%, 8=0.0%, 16=0.0%, 32=0.1%, 64=0.0%, >=64=0.0%
     issued rwts: total=0,6376352,0,0 short=0,0,0,0 dropped=0,0,0,0
     latency   : target=0, window=0, percentile=100.00%, depth=32

Run status group 0 (all jobs):
  WRITE: bw=415MiB/s (435MB/s), 415MiB/s-415MiB/s (435MB/s-435MB/s), io=24.3GiB (26.1GB), run=60001-60001msec
