"randwrite_4k_64_1": (g=0): rw=randwrite, bs=(R) 4096B-4096B, (W) 4096B-4096B, (T) 4096B-4096B, ioengine=io_uring, iodepth=64
fio-3.28
Starting 1 thread

"randwrite_4k_64_1": (groupid=0, jobs=1): err= 0: pid=28166: Fri Aug 11 09:11:25 2023
  write: IOPS=93.3k, BW=364MiB/s (382MB/s)(21.4GiB/60001msec); 0 zone resets
    slat (nsec): min=2350, max=94060, avg=3291.97, stdev=1037.36
    clat (usec): min=271, max=1946, avg=682.02, stdev=58.07
     lat (usec): min=279, max=1950, avg=685.42, stdev=57.91
    clat percentiles (usec):
     |  1.00th=[  537],  5.00th=[  603], 10.00th=[  627], 20.00th=[  644],
     | 30.00th=[  660], 40.00th=[  668], 50.00th=[  676], 60.00th=[  685],
     | 70.00th=[  701], 80.00th=[  725], 90.00th=[  750], 95.00th=[  775],
     | 99.00th=[  840], 99.50th=[  873], 99.90th=[ 1139], 99.95th=[ 1270],
     | 99.99th=[ 1483]
   bw (  KiB/s): min=313216, max=384872, per=100.00%, avg=373174.06, stdev=8596.43, samples=120
   iops        : min=78304, max=96220, avg=93293.47, stdev=2149.10, samples=120
  lat (usec)   : 500=0.15%, 750=89.35%, 1000=10.37%
  lat (msec)   : 2=0.13%
  cpu          : usr=14.87%, sys=31.56%, ctx=670179, majf=0, minf=0
  IO depths    : 1=0.0%, 2=0.0%, 4=0.0%, 8=0.0%, 16=0.0%, 32=0.0%, >=64=100.0%
     submit    : 0=0.0%, 4=100.0%, 8=0.0%, 16=0.0%, 32=0.0%, 64=0.0%, >=64=0.0%
     complete  : 0=0.0%, 4=100.0%, 8=0.0%, 16=0.0%, 32=0.0%, 64=0.1%, >=64=0.0%
     issued rwts: total=0,5597264,0,0 short=0,0,0,0 dropped=0,0,0,0
     latency   : target=0, window=0, percentile=100.00%, depth=64

Run status group 0 (all jobs):
  WRITE: bw=364MiB/s (382MB/s), 364MiB/s-364MiB/s (382MB/s-382MB/s), io=21.4GiB (22.9GB), run=60001-60001msec
