"randwrite_4k_2_1": (g=0): rw=randwrite, bs=(R) 4096B-4096B, (W) 4096B-4096B, (T) 4096B-4096B, ioengine=io_uring, iodepth=2
fio-3.28
Starting 1 thread

"randwrite_4k_2_1": (groupid=0, jobs=1): err= 0: pid=27185: Fri Aug 11 09:05:32 2023
  write: IOPS=41.7k, BW=163MiB/s (171MB/s)(9772MiB/60001msec); 0 zone resets
    slat (nsec): min=2496, max=37864, avg=4383.02, stdev=896.60
    clat (usec): min=8, max=15509, avg=42.47, stdev=24.50
     lat (usec): min=35, max=15514, avg=47.00, stdev=24.48
    clat percentiles (usec):
     |  1.00th=[   37],  5.00th=[   38], 10.00th=[   39], 20.00th=[   40],
     | 30.00th=[   40], 40.00th=[   41], 50.00th=[   41], 60.00th=[   42],
     | 70.00th=[   42], 80.00th=[   43], 90.00th=[   44], 95.00th=[   47],
     | 99.00th=[   59], 99.50th=[   81], 99.90th=[  351], 99.95th=[  359],
     | 99.99th=[  371]
   bw (  KiB/s): min=157232, max=169096, per=100.00%, avg=166786.83, stdev=1481.10, samples=120
   iops        : min=39308, max=42274, avg=41696.67, stdev=370.29, samples=120
  lat (usec)   : 10=0.01%, 20=0.01%, 50=98.02%, 100=1.50%, 250=0.01%
  lat (usec)   : 500=0.47%, 750=0.01%, 1000=0.01%
  lat (msec)   : 20=0.01%
  cpu          : usr=12.41%, sys=27.97%, ctx=2355935, majf=0, minf=0
  IO depths    : 1=0.0%, 2=100.0%, 4=0.0%, 8=0.0%, 16=0.0%, 32=0.0%, >=64=0.0%
     submit    : 0=0.0%, 4=100.0%, 8=0.0%, 16=0.0%, 32=0.0%, 64=0.0%, >=64=0.0%
     complete  : 0=0.0%, 4=100.0%, 8=0.0%, 16=0.0%, 32=0.0%, 64=0.0%, >=64=0.0%
     issued rwts: total=0,2501631,0,0 short=0,0,0,0 dropped=0,0,0,0
     latency   : target=0, window=0, percentile=100.00%, depth=2

Run status group 0 (all jobs):
  WRITE: bw=163MiB/s (171MB/s), 163MiB/s-163MiB/s (171MB/s-171MB/s), io=9772MiB (10.2GB), run=60001-60001msec
