"randwrite_64k_32_1": (g=0): rw=randwrite, bs=(R) 64.0KiB-64.0KiB, (W) 64.0KiB-64.0KiB, (T) 64.0KiB-64.0KiB, ioengine=io_uring, iodepth=32
fio-3.28
Starting 1 thread

"randwrite_64k_32_1": (groupid=0, jobs=1): err= 0: pid=30720: Fri Aug 11 09:26:43 2023
  write: IOPS=13.3k, BW=833MiB/s (873MB/s)(48.8GiB/60001msec); 0 zone resets
    slat (nsec): min=3700, max=66057, avg=6886.12, stdev=1843.59
    clat (usec): min=325, max=25686, avg=2393.05, stdev=916.73
     lat (usec): min=335, max=25695, avg=2400.08, stdev=916.66
    clat percentiles (usec):
     |  1.00th=[ 1012],  5.00th=[ 1680], 10.00th=[ 1745], 20.00th=[ 1827],
     | 30.00th=[ 1893], 40.00th=[ 1958], 50.00th=[ 2040], 60.00th=[ 2180],
     | 70.00th=[ 2638], 80.00th=[ 2835], 90.00th=[ 3458], 95.00th=[ 4080],
     | 99.00th=[ 6063], 99.50th=[ 6915], 99.90th=[ 8979], 99.95th=[ 9896],
     | 99.99th=[12780]
   bw (  KiB/s): min=766848, max=867584, per=100.00%, avg=853057.51, stdev=9797.41, samples=120
   iops        : min=11982, max=13556, avg=13328.99, stdev=153.09, samples=120
  lat (usec)   : 500=0.01%, 750=0.05%, 1000=0.92%
  lat (msec)   : 2=45.45%, 4=48.30%, 10=5.24%, 20=0.05%, 50=0.01%
  cpu          : usr=4.83%, sys=9.17%, ctx=421297, majf=0, minf=0
  IO depths    : 1=0.0%, 2=0.0%, 4=0.0%, 8=0.0%, 16=0.0%, 32=100.0%, >=64=0.0%
     submit    : 0=0.0%, 4=100.0%, 8=0.0%, 16=0.0%, 32=0.0%, 64=0.0%, >=64=0.0%
     complete  : 0=0.0%, 4=100.0%, 8=0.0%, 16=0.0%, 32=0.1%, 64=0.0%, >=64=0.0%
     issued rwts: total=0,799686,0,0 short=0,0,0,0 dropped=0,0,0,0
     latency   : target=0, window=0, percentile=100.00%, depth=32

Run status group 0 (all jobs):
  WRITE: bw=833MiB/s (873MB/s), 833MiB/s-833MiB/s (873MB/s-873MB/s), io=48.8GiB (52.4GB), run=60001-60001msec
