"randwrite_64k_16_1": (g=0): rw=randwrite, bs=(R) 64.0KiB-64.0KiB, (W) 64.0KiB-64.0KiB, (T) 64.0KiB-64.0KiB, ioengine=io_uring, iodepth=16
fio-3.28
Starting 1 thread

"randwrite_64k_16_1": (groupid=0, jobs=1): err= 0: pid=30522: Fri Aug 11 09:25:32 2023
  write: IOPS=14.7k, BW=919MiB/s (963MB/s)(53.8GiB/60001msec); 0 zone resets
    slat (nsec): min=3776, max=54290, avg=5956.65, stdev=1671.28
    clat (usec): min=327, max=5094, avg=1081.61, stdev=178.12
     lat (usec): min=336, max=5098, avg=1087.70, stdev=177.92
    clat percentiles (usec):
     |  1.00th=[  742],  5.00th=[  824], 10.00th=[  873], 20.00th=[  930],
     | 30.00th=[  979], 40.00th=[ 1020], 50.00th=[ 1057], 60.00th=[ 1106],
     | 70.00th=[ 1156], 80.00th=[ 1221], 90.00th=[ 1319], 95.00th=[ 1401],
     | 99.00th=[ 1565], 99.50th=[ 1647], 99.90th=[ 1778], 99.95th=[ 1844],
     | 99.99th=[ 2073]
   bw (  KiB/s): min=911775, max=956288, per=100.00%, avg=940720.35, stdev=6067.23, samples=120
   iops        : min=14246, max=14942, avg=14698.74, stdev=94.82, samples=120
  lat (usec)   : 500=0.01%, 750=1.27%, 1000=33.79%
  lat (msec)   : 2=64.92%, 4=0.01%, 10=0.01%
  cpu          : usr=4.43%, sys=9.66%, ctx=491900, majf=0, minf=0
  IO depths    : 1=0.0%, 2=0.0%, 4=0.0%, 8=0.0%, 16=100.0%, 32=0.0%, >=64=0.0%
     submit    : 0=0.0%, 4=100.0%, 8=0.0%, 16=0.0%, 32=0.0%, 64=0.0%, >=64=0.0%
     complete  : 0=0.0%, 4=100.0%, 8=0.0%, 16=0.1%, 32=0.0%, 64=0.0%, >=64=0.0%
     issued rwts: total=0,881870,0,0 short=0,0,0,0 dropped=0,0,0,0
     latency   : target=0, window=0, percentile=100.00%, depth=16

Run status group 0 (all jobs):
  WRITE: bw=919MiB/s (963MB/s), 919MiB/s-919MiB/s (963MB/s-963MB/s), io=53.8GiB (57.8GB), run=60001-60001msec
