"randread_4k_2_1": (g=0): rw=randread, bs=(R) 4096B-4096B, (W) 4096B-4096B, (T) 4096B-4096B, ioengine=io_uring, iodepth=2
fio-3.28
Starting 1 thread

"randread_4k_2_1": (groupid=0, jobs=1): err= 0: pid=29993: Wed Aug  2 23:46:48 2023
  read: IOPS=37.3k, BW=146MiB/s (153MB/s)(8745MiB/60001msec)
    slat (nsec): min=1845, max=37948, avg=2407.53, stdev=559.07
    clat (usec): min=25, max=1853, avg=50.73, stdev=13.98
     lat (usec): min=36, max=1855, avg=53.20, stdev=14.00
    clat percentiles (usec):
     |  1.00th=[   40],  5.00th=[   43], 10.00th=[   44], 20.00th=[   44],
     | 30.00th=[   47], 40.00th=[   50], 50.00th=[   50], 60.00th=[   50],
     | 70.00th=[   51], 80.00th=[   51], 90.00th=[   52], 95.00th=[   60],
     | 99.00th=[  129], 99.50th=[  133], 99.90th=[  143], 99.95th=[  149],
     | 99.99th=[  163]
   bw (  KiB/s): min=145312, max=164832, per=100.00%, avg=149254.35, stdev=5833.40, samples=120
   iops        : min=36328, max=41208, avg=37313.58, stdev=1458.35, samples=120
  lat (usec)   : 50=59.84%, 100=37.10%, 250=3.05%, 500=0.01%, 750=0.01%
  lat (usec)   : 1000=0.01%
  lat (msec)   : 2=0.01%
  cpu          : usr=5.66%, sys=12.60%, ctx=1481501, majf=0, minf=0
  IO depths    : 1=0.0%, 2=100.0%, 4=0.0%, 8=0.0%, 16=0.0%, 32=0.0%, >=64=0.0%
     submit    : 0=0.0%, 4=100.0%, 8=0.0%, 16=0.0%, 32=0.0%, 64=0.0%, >=64=0.0%
     complete  : 0=0.0%, 4=100.0%, 8=0.0%, 16=0.0%, 32=0.0%, 64=0.0%, >=64=0.0%
     issued rwts: total=2238729,0,0,0 short=0,0,0,0 dropped=0,0,0,0
     latency   : target=0, window=0, percentile=100.00%, depth=2

Run status group 0 (all jobs):
   READ: bw=146MiB/s (153MB/s), 146MiB/s-146MiB/s (153MB/s-153MB/s), io=8745MiB (9170MB), run=60001-60001msec
