"randread_64k_16_1": (g=0): rw=randread, bs=(R) 64.0KiB-64.0KiB, (W) 64.0KiB-64.0KiB, (T) 64.0KiB-64.0KiB, ioengine=io_uring, iodepth=16
fio-3.28
Starting 1 thread

"randread_64k_16_1": (groupid=0, jobs=1): err= 0: pid=126920: Mon Aug  7 18:34:15 2023
  read: IOPS=12.9k, BW=804MiB/s (843MB/s)(47.1GiB/60002msec)
    slat (nsec): min=4351, max=61943, avg=8638.61, stdev=3089.82
    clat (usec): min=478, max=2648, avg=1234.09, stdev=191.11
     lat (usec): min=505, max=2658, avg=1242.87, stdev=190.89
    clat percentiles (usec):
     |  1.00th=[  775],  5.00th=[  906], 10.00th=[  996], 20.00th=[ 1090],
     | 30.00th=[ 1139], 40.00th=[ 1188], 50.00th=[ 1237], 60.00th=[ 1270],
     | 70.00th=[ 1336], 80.00th=[ 1385], 90.00th=[ 1483], 95.00th=[ 1549],
     | 99.00th=[ 1680], 99.50th=[ 1745], 99.90th=[ 1876], 99.95th=[ 1926],
     | 99.99th=[ 2024]
   bw (  KiB/s): min=782848, max=830720, per=100.00%, avg=823394.25, stdev=5959.60, samples=120
   iops        : min=12232, max=12980, avg=12865.50, stdev=93.12, samples=120
  lat (usec)   : 500=0.01%, 750=0.68%, 1000=9.86%
  lat (msec)   : 2=89.45%, 4=0.02%
  cpu          : usr=3.08%, sys=12.77%, ctx=373607, majf=0, minf=0
  IO depths    : 1=0.0%, 2=0.0%, 4=0.0%, 8=0.0%, 16=100.0%, 32=0.0%, >=64=0.0%
     submit    : 0=0.0%, 4=100.0%, 8=0.0%, 16=0.0%, 32=0.0%, 64=0.0%, >=64=0.0%
     complete  : 0=0.0%, 4=100.0%, 8=0.0%, 16=0.1%, 32=0.0%, 64=0.0%, >=64=0.0%
     issued rwts: total=771865,0,0,0 short=0,0,0,0 dropped=0,0,0,0
     latency   : target=0, window=0, percentile=100.00%, depth=16

Run status group 0 (all jobs):
   READ: bw=804MiB/s (843MB/s), 804MiB/s-804MiB/s (843MB/s-843MB/s), io=47.1GiB (50.6GB), run=60002-60002msec
