"randwrite_4k_8_1": (g=0): rw=randwrite, bs=(R) 4096B-4096B, (W) 4096B-4096B, (T) 4096B-4096B, ioengine=io_uring, iodepth=8
fio-3.28
Starting 1 thread

"randwrite_4k_8_1": (groupid=0, jobs=1): err= 0: pid=126981: Mon Aug  7 18:41:17 2023
  write: IOPS=106k, BW=415MiB/s (435MB/s)(24.3GiB/60001msec); 0 zone resets
    slat (nsec): min=2185, max=34211, avg=2802.80, stdev=511.75
    clat (usec): min=25, max=308, avg=71.94, stdev=12.10
     lat (usec): min=45, max=310, avg=74.83, stdev=12.03
    clat percentiles (usec):
     |  1.00th=[   52],  5.00th=[   57], 10.00th=[   60], 20.00th=[   64],
     | 30.00th=[   67], 40.00th=[   69], 50.00th=[   72], 60.00th=[   74],
     | 70.00th=[   77], 80.00th=[   80], 90.00th=[   85], 95.00th=[   90],
     | 99.00th=[  105], 99.50th=[  116], 99.90th=[  208], 99.95th=[  219],
     | 99.99th=[  235]
   bw (  KiB/s): min=395792, max=428264, per=100.00%, avg=425227.00, stdev=3469.72, samples=120
   iops        : min=98948, max=107066, avg=106306.74, stdev=867.43, samples=120
  lat (usec)   : 50=0.38%, 100=98.18%, 250=1.44%, 500=0.01%
  cpu          : usr=14.47%, sys=36.10%, ctx=3327723, majf=0, minf=0
  IO depths    : 1=0.0%, 2=0.0%, 4=0.0%, 8=100.0%, 16=0.0%, 32=0.0%, >=64=0.0%
     submit    : 0=0.0%, 4=100.0%, 8=0.0%, 16=0.0%, 32=0.0%, 64=0.0%, >=64=0.0%
     complete  : 0=0.0%, 4=100.0%, 8=0.1%, 16=0.0%, 32=0.0%, 64=0.0%, >=64=0.0%
     issued rwts: total=0,6378154,0,0 short=0,0,0,0 dropped=0,0,0,0
     latency   : target=0, window=0, percentile=100.00%, depth=8

Run status group 0 (all jobs):
  WRITE: bw=415MiB/s (435MB/s), 415MiB/s-415MiB/s (435MB/s-435MB/s), io=24.3GiB (26.1GB), run=60001-60001msec
