"randwrite_16k_64_1": (g=0): rw=randwrite, bs=(R) 16.0KiB-16.0KiB, (W) 16.0KiB-16.0KiB, (T) 16.0KiB-16.0KiB, ioengine=io_uring, iodepth=64
fio-3.28
Starting 1 thread

"randwrite_16k_64_1": (groupid=0, jobs=1): err= 0: pid=127086: Mon Aug  7 18:53:01 2023
  write: IOPS=48.3k, BW=754MiB/s (791MB/s)(44.2GiB/60001msec); 0 zone resets
    slat (nsec): min=2574, max=63047, avg=3569.56, stdev=1353.59
    clat (usec): min=736, max=4001, avg=1322.04, stdev=157.92
     lat (usec): min=739, max=4004, avg=1325.71, stdev=157.93
    clat percentiles (usec):
     |  1.00th=[ 1106],  5.00th=[ 1156], 10.00th=[ 1172], 20.00th=[ 1205],
     | 30.00th=[ 1221], 40.00th=[ 1254], 50.00th=[ 1287], 60.00th=[ 1319],
     | 70.00th=[ 1369], 80.00th=[ 1434], 90.00th=[ 1516], 95.00th=[ 1631],
     | 99.00th=[ 1860], 99.50th=[ 1942], 99.90th=[ 2212], 99.95th=[ 2376],
     | 99.99th=[ 2769]
   bw (  KiB/s): min=641088, max=783968, per=100.00%, avg=772190.08, stdev=15703.38, samples=120
   iops        : min=40068, max=48998, avg=48261.88, stdev=981.46, samples=120
  lat (usec)   : 750=0.01%, 1000=0.01%
  lat (msec)   : 2=99.68%, 4=0.33%, 10=0.01%
  cpu          : usr=8.00%, sys=19.52%, ctx=1506636, majf=0, minf=0
  IO depths    : 1=0.0%, 2=0.0%, 4=0.0%, 8=0.0%, 16=0.0%, 32=0.0%, >=64=100.0%
     submit    : 0=0.0%, 4=100.0%, 8=0.0%, 16=0.0%, 32=0.0%, 64=0.0%, >=64=0.0%
     complete  : 0=0.0%, 4=100.0%, 8=0.0%, 16=0.0%, 32=0.0%, 64=0.1%, >=64=0.0%
     issued rwts: total=0,2895593,0,0 short=0,0,0,0 dropped=0,0,0,0
     latency   : target=0, window=0, percentile=100.00%, depth=64

Run status group 0 (all jobs):
  WRITE: bw=754MiB/s (791MB/s), 754MiB/s-754MiB/s (791MB/s-791MB/s), io=44.2GiB (47.4GB), run=60001-60001msec
