"randread_64k_1_1": (g=0): rw=randread, bs=(R) 64.0KiB-64.0KiB, (W) 64.0KiB-64.0KiB, (T) 64.0KiB-64.0KiB, ioengine=io_uring, iodepth=1
fio-3.28
Starting 1 thread

"randread_64k_1_1": (groupid=0, jobs=1): err= 0: pid=127203: Mon Aug  7 19:06:00 2023
  read: IOPS=5976, BW=374MiB/s (392MB/s)(21.9GiB/60001msec)
    slat (nsec): min=6589, max=46580, avg=6887.63, stdev=440.81
    clat (usec): min=121, max=457, avg=159.50, stdev=18.12
     lat (usec): min=152, max=464, avg=166.52, stdev=18.12
    clat percentiles (usec):
     |  1.00th=[  151],  5.00th=[  153], 10.00th=[  153], 20.00th=[  155],
     | 30.00th=[  155], 40.00th=[  157], 50.00th=[  157], 60.00th=[  157],
     | 70.00th=[  159], 80.00th=[  159], 90.00th=[  161], 95.00th=[  167],
     | 99.00th=[  208], 99.50th=[  338], 99.90th=[  355], 99.95th=[  363],
     | 99.99th=[  379]
   bw (  KiB/s): min=360016, max=384640, per=100.00%, avg=382532.88, stdev=2222.46, samples=120
   iops        : min= 5625, max= 6010, avg=5977.06, stdev=34.75, samples=120
  lat (usec)   : 250=99.17%, 500=0.83%
  cpu          : usr=1.47%, sys=5.96%, ctx=359030, majf=0, minf=0
  IO depths    : 1=100.0%, 2=0.0%, 4=0.0%, 8=0.0%, 16=0.0%, 32=0.0%, >=64=0.0%
     submit    : 0=0.0%, 4=100.0%, 8=0.0%, 16=0.0%, 32=0.0%, 64=0.0%, >=64=0.0%
     complete  : 0=0.0%, 4=100.0%, 8=0.0%, 16=0.0%, 32=0.0%, 64=0.0%, >=64=0.0%
     issued rwts: total=358608,0,0,0 short=0,0,0,0 dropped=0,0,0,0
     latency   : target=0, window=0, percentile=100.00%, depth=1

Run status group 0 (all jobs):
   READ: bw=374MiB/s (392MB/s), 374MiB/s-374MiB/s (392MB/s-392MB/s), io=21.9GiB (23.5GB), run=60001-60001msec
