"randread_4k_1_1": (g=0): rw=randread, bs=(R) 4096B-4096B, (W) 4096B-4096B, (T) 4096B-4096B, ioengine=io_uring, iodepth=1
fio-3.28
Starting 1 thread

"randread_4k_1_1": (groupid=0, jobs=1): err= 0: pid=534757: Thu Sep 14 20:58:43 2023
  read: IOPS=25.7k, BW=100MiB/s (105MB/s)(6015MiB/60001msec)
    slat (nsec): min=3830, max=36493, avg=4056.18, stdev=188.26
    clat (nsec): min=221, max=11761k, avg=34036.98, stdev=12681.75
     lat (usec): min=34, max=11765, avg=38.21, stdev=12.68
    clat percentiles (usec):
     |  1.00th=[   32],  5.00th=[   32], 10.00th=[   32], 20.00th=[   33],
     | 30.00th=[   33], 40.00th=[   33], 50.00th=[   33], 60.00th=[   33],
     | 70.00th=[   33], 80.00th=[   34], 90.00th=[   34], 95.00th=[   34],
     | 99.00th=[   86], 99.50th=[   88], 99.90th=[   90], 99.95th=[   91],
     | 99.99th=[  101]
   bw (  KiB/s): min=98056, max=102912, per=100.00%, avg=102652.79, stdev=496.56, samples=120
   iops        : min=24514, max=25728, avg=25663.19, stdev=124.14, samples=120
  lat (nsec)   : 250=0.01%, 500=0.01%
  lat (usec)   : 4=0.01%, 10=0.01%, 20=0.01%, 50=96.74%, 100=3.24%
  lat (usec)   : 250=0.01%, 750=0.01%
  lat (msec)   : 20=0.01%
  cpu          : usr=6.38%, sys=17.57%, ctx=1539731, majf=0, minf=0
  IO depths    : 1=100.0%, 2=0.0%, 4=0.0%, 8=0.0%, 16=0.0%, 32=0.0%, >=64=0.0%
     submit    : 0=0.0%, 4=100.0%, 8=0.0%, 16=0.0%, 32=0.0%, 64=0.0%, >=64=0.0%
     complete  : 0=0.0%, 4=100.0%, 8=0.0%, 16=0.0%, 32=0.0%, 64=0.0%, >=64=0.0%
     issued rwts: total=1539721,0,0,0 short=0,0,0,0 dropped=0,0,0,0
     latency   : target=0, window=0, percentile=100.00%, depth=1

Run status group 0 (all jobs):
   READ: bw=100MiB/s (105MB/s), 100MiB/s-100MiB/s (105MB/s-105MB/s), io=6015MiB (6307MB), run=60001-60001msec
