"randread_4k_32_1": (g=0): rw=randread, bs=(R) 4096B-4096B, (W) 4096B-4096B, (T) 4096B-4096B, ioengine=io_uring, iodepth=32
fio-3.28
Starting 1 thread

"randread_4k_32_1": (groupid=0, jobs=1): err= 0: pid=532813: Thu Sep 14 20:14:03 2023
  read: IOPS=280k, BW=1093MiB/s (1146MB/s)(64.0GiB/60001msec)
    slat (nsec): min=1887, max=37374, avg=2537.65, stdev=876.31
    clat (usec): min=38, max=943, avg=111.07, stdev=13.97
     lat (usec): min=41, max=945, avg=113.71, stdev=13.93
    clat percentiles (usec):
     |  1.00th=[   95],  5.00th=[  100], 10.00th=[  102], 20.00th=[  104],
     | 30.00th=[  106], 40.00th=[  108], 50.00th=[  109], 60.00th=[  110],
     | 70.00th=[  112], 80.00th=[  114], 90.00th=[  117], 95.00th=[  147],
     | 99.00th=[  174], 99.50th=[  180], 99.90th=[  188], 99.95th=[  192],
     | 99.99th=[  204]
   bw (  MiB/s): min= 1086, max= 1096, per=100.00%, avg=1092.75, stdev= 2.55, samples=120
   iops        : min=278128, max=280810, avg=279743.13, stdev=652.30, samples=120
  lat (usec)   : 50=0.01%, 100=5.32%, 250=94.68%, 500=0.01%, 1000=0.01%
  cpu          : usr=28.97%, sys=68.47%, ctx=44725, majf=0, minf=0
  IO depths    : 1=0.0%, 2=0.0%, 4=0.0%, 8=0.0%, 16=0.0%, 32=100.0%, >=64=0.0%
     submit    : 0=0.0%, 4=100.0%, 8=0.0%, 16=0.0%, 32=0.0%, 64=0.0%, >=64=0.0%
     complete  : 0=0.0%, 4=100.0%, 8=0.0%, 16=0.0%, 32=0.1%, 64=0.0%, >=64=0.0%
     issued rwts: total=16781569,0,0,0 short=0,0,0,0 dropped=0,0,0,0
     latency   : target=0, window=0, percentile=100.00%, depth=32

Run status group 0 (all jobs):
   READ: bw=1093MiB/s (1146MB/s), 1093MiB/s-1093MiB/s (1146MB/s-1146MB/s), io=64.0GiB (68.7GB), run=60001-60001msec
