"randwrite_4k_2_1": (g=0): rw=randwrite, bs=(R) 4096B-4096B, (W) 4096B-4096B, (T) 4096B-4096B, ioengine=io_uring, iodepth=2
fio-3.28
Starting 1 thread

"randwrite_4k_2_1": (groupid=0, jobs=1): err= 0: pid=533684: Thu Sep 14 20:33:59 2023
  write: IOPS=49.7k, BW=194MiB/s (204MB/s)(11.4GiB/60001msec); 0 zone resets
    slat (nsec): min=2374, max=37360, avg=3246.24, stdev=355.37
    clat (usec): min=5, max=19365, avg=36.21, stdev=20.43
     lat (usec): min=32, max=19369, avg=39.55, stdev=20.43
    clat percentiles (usec):
     |  1.00th=[   34],  5.00th=[   34], 10.00th=[   34], 20.00th=[   35],
     | 30.00th=[   35], 40.00th=[   35], 50.00th=[   35], 60.00th=[   35],
     | 70.00th=[   35], 80.00th=[   36], 90.00th=[   36], 95.00th=[   43],
     | 99.00th=[   92], 99.50th=[   95], 99.90th=[   99], 99.95th=[  101],
     | 99.99th=[  109]
   bw (  KiB/s): min=187192, max=199696, per=100.00%, avg=198854.85, stdev=1336.03, samples=120
   iops        : min=46798, max=49924, avg=49713.65, stdev=333.99, samples=120
  lat (usec)   : 10=0.01%, 20=0.01%, 50=96.83%, 100=3.10%, 250=0.06%
  lat (usec)   : 500=0.01%, 1000=0.01%
  lat (msec)   : 20=0.01%
  cpu          : usr=11.02%, sys=23.11%, ctx=2943150, majf=0, minf=0
  IO depths    : 1=0.0%, 2=100.0%, 4=0.0%, 8=0.0%, 16=0.0%, 32=0.0%, >=64=0.0%
     submit    : 0=0.0%, 4=100.0%, 8=0.0%, 16=0.0%, 32=0.0%, 64=0.0%, >=64=0.0%
     complete  : 0=0.0%, 4=100.0%, 8=0.0%, 16=0.0%, 32=0.0%, 64=0.0%, >=64=0.0%
     issued rwts: total=0,2982339,0,0 short=0,0,0,0 dropped=0,0,0,0
     latency   : target=0, window=0, percentile=100.00%, depth=2

Run status group 0 (all jobs):
  WRITE: bw=194MiB/s (204MB/s), 194MiB/s-194MiB/s (204MB/s-204MB/s), io=11.4GiB (12.2GB), run=60001-60001msec
