"randwrite_16k_2_1": (g=0): rw=randwrite, bs=(R) 16.0KiB-16.0KiB, (W) 16.0KiB-16.0KiB, (T) 16.0KiB-16.0KiB, ioengine=io_uring, iodepth=2
fio-3.28
Starting 1 thread

"randwrite_16k_2_1": (groupid=0, jobs=1): err= 0: pid=156937: Thu Jul 20 01:24:07 2023
  write: IOPS=18.3k, BW=285MiB/s (299MB/s)(16.7GiB/60001msec); 0 zone resets
    slat (nsec): min=3069, max=85753, avg=4923.22, stdev=1241.36
    clat (usec): min=29, max=1761, avg=103.71, stdev=23.26
     lat (usec): min=79, max=1766, avg=108.73, stdev=23.37
    clat percentiles (usec):
     |  1.00th=[   84],  5.00th=[   86], 10.00th=[   87], 20.00th=[   89],
     | 30.00th=[   91], 40.00th=[   94], 50.00th=[   98], 60.00th=[  102],
     | 70.00th=[  109], 80.00th=[  115], 90.00th=[  127], 95.00th=[  141],
     | 99.00th=[  196], 99.50th=[  231], 99.90th=[  334], 99.95th=[  375],
     | 99.99th=[  449]
   bw (  KiB/s): min=244832, max=324224, per=100.00%, avg=292207.66, stdev=22927.22, samples=120
   iops        : min=15302, max=20264, avg=18262.96, stdev=1432.95, samples=120
  lat (usec)   : 50=0.01%, 100=56.55%, 250=43.16%, 500=0.29%, 750=0.01%
  lat (msec)   : 2=0.01%
  cpu          : usr=4.41%, sys=12.05%, ctx=1070265, majf=0, minf=0
  IO depths    : 1=0.0%, 2=100.0%, 4=0.0%, 8=0.0%, 16=0.0%, 32=0.0%, >=64=0.0%
     submit    : 0=0.0%, 4=100.0%, 8=0.0%, 16=0.0%, 32=0.0%, 64=0.0%, >=64=0.0%
     complete  : 0=0.0%, 4=100.0%, 8=0.0%, 16=0.0%, 32=0.0%, 64=0.0%, >=64=0.0%
     issued rwts: total=0,1095713,0,0 short=0,0,0,0 dropped=0,0,0,0
     latency   : target=0, window=0, percentile=100.00%, depth=2

Run status group 0 (all jobs):
  WRITE: bw=285MiB/s (299MB/s), 285MiB/s-285MiB/s (299MB/s-299MB/s), io=16.7GiB (18.0GB), run=60001-60001msec
