"randwrite_64k_1_4": (g=0): rw=randwrite, bs=(R) 64.0KiB-64.0KiB, (W) 64.0KiB-64.0KiB, (T) 64.0KiB-64.0KiB, ioengine=io_uring, iodepth=1
...
fio-3.28
Starting 4 threads

"randwrite_64k_1_4": (groupid=0, jobs=4): err= 0: pid=160956: Thu Jul 20 02:55:42 2023
  write: IOPS=15.5k, BW=971MiB/s (1019MB/s)(56.9GiB/60001msec); 0 zone resets
    slat (nsec): min=10414, max=95119, avg=13355.84, stdev=1965.42
    clat (usec): min=110, max=11130, avg=242.40, stdev=66.06
     lat (usec): min=155, max=11143, avg=255.94, stdev=66.13
    clat percentiles (usec):
     |  1.00th=[  165],  5.00th=[  176], 10.00th=[  184], 20.00th=[  194],
     | 30.00th=[  206], 40.00th=[  219], 50.00th=[  229], 60.00th=[  241],
     | 70.00th=[  255], 80.00th=[  273], 90.00th=[  318], 95.00th=[  392],
     | 99.00th=[  424], 99.50th=[  457], 99.90th=[  594], 99.95th=[  635],
     | 99.99th=[  734]
   bw (  KiB/s): min=731392, max=1122944, per=100.00%, avg=994795.03, stdev=17287.42, samples=480
   iops        : min=11428, max=17546, avg=15543.56, stdev=270.12, samples=480
  lat (usec)   : 250=67.24%, 500=32.43%, 750=0.32%, 1000=0.01%
  lat (msec)   : 2=0.01%, 20=0.01%
  cpu          : usr=1.83%, sys=6.18%, ctx=933305, majf=0, minf=0
  IO depths    : 1=100.0%, 2=0.0%, 4=0.0%, 8=0.0%, 16=0.0%, 32=0.0%, >=64=0.0%
     submit    : 0=0.0%, 4=100.0%, 8=0.0%, 16=0.0%, 32=0.0%, 64=0.0%, >=64=0.0%
     complete  : 0=0.0%, 4=100.0%, 8=0.0%, 16=0.0%, 32=0.0%, 64=0.0%, >=64=0.0%
     issued rwts: total=0,932520,0,0 short=0,0,0,0 dropped=0,0,0,0
     latency   : target=0, window=0, percentile=100.00%, depth=1

Run status group 0 (all jobs):
  WRITE: bw=971MiB/s (1019MB/s), 971MiB/s-971MiB/s (1019MB/s-1019MB/s), io=56.9GiB (61.1GB), run=60001-60001msec
