"randread_64k_1_1": (g=0): rw=randread, bs=(R) 64.0KiB-64.0KiB, (W) 64.0KiB-64.0KiB, (T) 64.0KiB-64.0KiB, ioengine=io_uring, iodepth=1
fio-3.28
Starting 1 thread

"randread_64k_1_1": (groupid=0, jobs=1): err= 0: pid=158748: Thu Jul 20 02:39:16 2023
  read: IOPS=5795, BW=362MiB/s (380MB/s)(21.2GiB/60001msec)
    slat (nsec): min=10109, max=68599, avg=11154.05, stdev=1182.29
    clat (usec): min=107, max=438, avg=160.18, stdev=25.97
     lat (usec): min=125, max=450, avg=171.49, stdev=25.98
    clat percentiles (usec):
     |  1.00th=[  127],  5.00th=[  133], 10.00th=[  135], 20.00th=[  139],
     | 30.00th=[  145], 40.00th=[  151], 50.00th=[  157], 60.00th=[  163],
     | 70.00th=[  169], 80.00th=[  176], 90.00th=[  188], 95.00th=[  212],
     | 99.00th=[  255], 99.50th=[  262], 99.90th=[  277], 99.95th=[  293],
     | 99.99th=[  334]
   bw (  KiB/s): min=297728, max=433152, per=100.00%, avg=370970.50, stdev=26339.57, samples=120
   iops        : min= 4652, max= 6768, avg=5796.40, stdev=411.56, samples=120
  lat (usec)   : 250=98.61%, 500=1.39%
  cpu          : usr=1.72%, sys=8.30%, ctx=348899, majf=0, minf=0
  IO depths    : 1=100.0%, 2=0.0%, 4=0.0%, 8=0.0%, 16=0.0%, 32=0.0%, >=64=0.0%
     submit    : 0=0.0%, 4=100.0%, 8=0.0%, 16=0.0%, 32=0.0%, 64=0.0%, >=64=0.0%
     complete  : 0=0.0%, 4=100.0%, 8=0.0%, 16=0.0%, 32=0.0%, 64=0.0%, >=64=0.0%
     issued rwts: total=347765,0,0,0 short=0,0,0,0 dropped=0,0,0,0
     latency   : target=0, window=0, percentile=100.00%, depth=1

Run status group 0 (all jobs):
   READ: bw=362MiB/s (380MB/s), 362MiB/s-362MiB/s (380MB/s-380MB/s), io=21.2GiB (22.8GB), run=60001-60001msec
