"randwrite_16k_8_4": (g=0): rw=randwrite, bs=(R) 16.0KiB-16.0KiB, (W) 16.0KiB-16.0KiB, (T) 16.0KiB-16.0KiB, ioengine=io_uring, iodepth=8
...
fio-3.28
Starting 4 threads

"randwrite_16k_8_4": (groupid=0, jobs=4): err= 0: pid=157182: Thu Jul 20 01:35:51 2023
  write: IOPS=35.9k, BW=561MiB/s (588MB/s)(32.9GiB/60001msec); 0 zone resets
    slat (usec): min=3, max=100, avg= 6.69, stdev= 2.41
    clat (usec): min=173, max=2267, avg=883.39, stdev=231.33
     lat (usec): min=192, max=2272, avg=890.25, stdev=231.12
    clat percentiles (usec):
     |  1.00th=[  478],  5.00th=[  562], 10.00th=[  603], 20.00th=[  676],
     | 30.00th=[  750], 40.00th=[  807], 50.00th=[  865], 60.00th=[  922],
     | 70.00th=[  988], 80.00th=[ 1057], 90.00th=[ 1188], 95.00th=[ 1303],
     | 99.00th=[ 1532], 99.50th=[ 1631], 99.90th=[ 1876], 99.95th=[ 1942],
     | 99.99th=[ 2057]
   bw (  KiB/s): min=496640, max=634528, per=100.00%, avg=574363.65, stdev=9533.04, samples=480
   iops        : min=31040, max=39658, avg=35897.62, stdev=595.82, samples=480
  lat (usec)   : 250=0.01%, 500=1.50%, 750=28.94%, 1000=41.54%
  lat (msec)   : 2=27.99%, 4=0.02%
  cpu          : usr=2.91%, sys=7.51%, ctx=1289397, majf=0, minf=0
  IO depths    : 1=0.0%, 2=0.0%, 4=0.0%, 8=100.0%, 16=0.0%, 32=0.0%, >=64=0.0%
     submit    : 0=0.0%, 4=100.0%, 8=0.0%, 16=0.0%, 32=0.0%, 64=0.0%, >=64=0.0%
     complete  : 0=0.0%, 4=100.0%, 8=0.1%, 16=0.0%, 32=0.0%, 64=0.0%, >=64=0.0%
     issued rwts: total=0,2153604,0,0 short=0,0,0,0 dropped=0,0,0,0
     latency   : target=0, window=0, percentile=100.00%, depth=8

Run status group 0 (all jobs):
  WRITE: bw=561MiB/s (588MB/s), 561MiB/s-561MiB/s (588MB/s-588MB/s), io=32.9GiB (35.3GB), run=60001-60001msec
