"randread_16k_4_4": (g=0): rw=randread, bs=(R) 16.0KiB-16.0KiB, (W) 16.0KiB-16.0KiB, (T) 16.0KiB-16.0KiB, ioengine=io_uring, iodepth=4
...
fio-3.28
Starting 4 threads

"randread_16k_4_4": (groupid=0, jobs=4): err= 0: pid=154957: Wed Jul 19 23:52:37 2023
  read: IOPS=37.6k, BW=587MiB/s (615MB/s)(34.4GiB/60001msec)
    slat (usec): min=2, max=248, avg= 5.66, stdev= 1.89
    clat (usec): min=103, max=1370, avg=419.15, stdev=97.75
     lat (usec): min=126, max=1374, avg=424.96, stdev=97.77
    clat percentiles (usec):
     |  1.00th=[  237],  5.00th=[  277], 10.00th=[  302], 20.00th=[  334],
     | 30.00th=[  359], 40.00th=[  383], 50.00th=[  408], 60.00th=[  433],
     | 70.00th=[  465], 80.00th=[  506], 90.00th=[  553], 95.00th=[  594],
     | 99.00th=[  668], 99.50th=[  701], 99.90th=[  799], 99.95th=[  840],
     | 99.99th=[  938]
   bw (  KiB/s): min=566848, max=627232, per=100.00%, avg=600936.22, stdev=2816.39, samples=480
   iops        : min=35428, max=39202, avg=37558.40, stdev=176.03, samples=480
  lat (usec)   : 250=1.83%, 500=76.99%, 750=20.97%, 1000=0.20%
  lat (msec)   : 2=0.01%
  cpu          : usr=2.76%, sys=7.44%, ctx=1852405, majf=0, minf=0
  IO depths    : 1=0.0%, 2=0.0%, 4=100.0%, 8=0.0%, 16=0.0%, 32=0.0%, >=64=0.0%
     submit    : 0=0.0%, 4=100.0%, 8=0.0%, 16=0.0%, 32=0.0%, 64=0.0%, >=64=0.0%
     complete  : 0=0.0%, 4=100.0%, 8=0.0%, 16=0.0%, 32=0.0%, 64=0.0%, >=64=0.0%
     issued rwts: total=2253326,0,0,0 short=0,0,0,0 dropped=0,0,0,0
     latency   : target=0, window=0, percentile=100.00%, depth=4

Run status group 0 (all jobs):
   READ: bw=587MiB/s (615MB/s), 587MiB/s-587MiB/s (615MB/s-615MB/s), io=34.4GiB (36.9GB), run=60001-60001msec
