"randwrite_16k_2_4": (g=0): rw=randwrite, bs=(R) 16.0KiB-16.0KiB, (W) 16.0KiB-16.0KiB, (T) 16.0KiB-16.0KiB, ioengine=io_uring, iodepth=2
...
fio-3.28
Starting 4 threads

"randwrite_16k_2_4": (groupid=0, jobs=4): err= 0: pid=156987: Thu Jul 20 01:26:28 2023
  write: IOPS=26.4k, BW=413MiB/s (433MB/s)(24.2GiB/60001msec); 0 zone resets
    slat (nsec): min=3075, max=81646, avg=6424.60, stdev=2451.21
    clat (usec): min=86, max=1122, avg=295.22, stdev=80.85
     lat (usec): min=94, max=1129, avg=301.79, stdev=81.06
    clat percentiles (usec):
     |  1.00th=[  143],  5.00th=[  180], 10.00th=[  202], 20.00th=[  229],
     | 30.00th=[  249], 40.00th=[  269], 50.00th=[  285], 60.00th=[  306],
     | 70.00th=[  326], 80.00th=[  359], 90.00th=[  408], 95.00th=[  445],
     | 99.00th=[  519], 99.50th=[  553], 99.90th=[  644], 99.95th=[  685],
     | 99.99th=[  799]
   bw (  KiB/s): min=366459, max=472064, per=100.00%, avg=422500.68, stdev=5059.74, samples=480
   iops        : min=22902, max=29504, avg=26406.19, stdev=316.25, samples=480
  lat (usec)   : 100=0.01%, 250=30.33%, 500=68.23%, 750=1.43%, 1000=0.02%
  lat (msec)   : 2=0.01%
  cpu          : usr=2.14%, sys=5.75%, ctx=1219090, majf=0, minf=0
  IO depths    : 1=0.0%, 2=100.0%, 4=0.0%, 8=0.0%, 16=0.0%, 32=0.0%, >=64=0.0%
     submit    : 0=0.0%, 4=100.0%, 8=0.0%, 16=0.0%, 32=0.0%, 64=0.0%, >=64=0.0%
     complete  : 0=0.0%, 4=100.0%, 8=0.0%, 16=0.0%, 32=0.0%, 64=0.0%, >=64=0.0%
     issued rwts: total=0,1584215,0,0 short=0,0,0,0 dropped=0,0,0,0
     latency   : target=0, window=0, percentile=100.00%, depth=2

Run status group 0 (all jobs):
  WRITE: bw=413MiB/s (433MB/s), 413MiB/s-413MiB/s (433MB/s-433MB/s), io=24.2GiB (26.0GB), run=60001-60001msec
