"randwrite_4k_16_8": (g=0): rw=randwrite, bs=(R) 4096B-4096B, (W) 4096B-4096B, (T) 4096B-4096B, ioengine=io_uring, iodepth=16
...
fio-3.28
Starting 8 threads

"randwrite_4k_16_8": (groupid=0, jobs=8): err= 0: pid=156634: Thu Jul 20 01:08:52 2023
  write: IOPS=45.9k, BW=179MiB/s (188MB/s)(10.5GiB/60003msec); 0 zone resets
    slat (usec): min=2, max=117, avg= 6.37, stdev= 3.32
    clat (usec): min=1631, max=5352, avg=2783.03, stdev=493.95
     lat (usec): min=1639, max=5355, avg=2789.55, stdev=494.02
    clat percentiles (usec):
     |  1.00th=[ 2024],  5.00th=[ 2147], 10.00th=[ 2278], 20.00th=[ 2409],
     | 30.00th=[ 2507], 40.00th=[ 2573], 50.00th=[ 2638], 60.00th=[ 2737],
     | 70.00th=[ 2900], 80.00th=[ 3195], 90.00th=[ 3556], 95.00th=[ 3785],
     | 99.00th=[ 4228], 99.50th=[ 4359], 99.90th=[ 4621], 99.95th=[ 4752],
     | 99.99th=[ 4948]
   bw (  KiB/s): min=157016, max=222976, per=100.00%, avg=183477.00, stdev=1739.42, samples=960
   iops        : min=39254, max=55744, avg=45869.05, stdev=434.85, samples=960
  lat (msec)   : 2=0.77%, 4=96.78%, 10=2.45%
  cpu          : usr=1.89%, sys=5.03%, ctx=2003524, majf=0, minf=0
  IO depths    : 1=0.0%, 2=0.0%, 4=0.0%, 8=0.0%, 16=100.0%, 32=0.0%, >=64=0.0%
     submit    : 0=0.0%, 4=100.0%, 8=0.0%, 16=0.0%, 32=0.0%, 64=0.0%, >=64=0.0%
     complete  : 0=0.0%, 4=100.0%, 8=0.0%, 16=0.1%, 32=0.0%, 64=0.0%, >=64=0.0%
     issued rwts: total=0,2751869,0,0 short=0,0,0,0 dropped=0,0,0,0
     latency   : target=0, window=0, percentile=100.00%, depth=16

Run status group 0 (all jobs):
  WRITE: bw=179MiB/s (188MB/s), 179MiB/s-179MiB/s (188MB/s-188MB/s), io=10.5GiB (11.3GB), run=60003-60003msec
