"randwrite_64k_128_4": (g=0): rw=randwrite, bs=(R) 64.0KiB-64.0KiB, (W) 64.0KiB-64.0KiB, (T) 64.0KiB-64.0KiB, ioengine=io_uring, iodepth=128
...
fio-3.28
Starting 4 threads

"randwrite_64k_128_4": (groupid=0, jobs=4): err= 0: pid=158498: Thu Jul 20 02:27:27 2023
  write: IOPS=19.2k, BW=1200MiB/s (1258MB/s)(70.4GiB/60027msec); 0 zone resets
    slat (usec): min=6, max=126, avg=12.31, stdev= 3.90
    clat (usec): min=23561, max=53957, avg=26655.11, stdev=640.97
     lat (usec): min=23573, max=53966, avg=26667.60, stdev=640.74
    clat percentiles (usec):
     |  1.00th=[25035],  5.00th=[25822], 10.00th=[26084], 20.00th=[26346],
     | 30.00th=[26346], 40.00th=[26608], 50.00th=[26608], 60.00th=[26870],
     | 70.00th=[26870], 80.00th=[27132], 90.00th=[27395], 95.00th=[27395],
     | 99.00th=[27919], 99.50th=[27919], 99.90th=[28443], 99.95th=[28705],
     | 99.99th=[47449]
   bw (  MiB/s): min= 1170, max= 1273, per=100.00%, avg=1200.29, stdev= 4.08, samples=480
   iops        : min=18726, max=20374, avg=19204.50, stdev=65.28, samples=480
  lat (msec)   : 50=100.04%, 100=0.01%
  cpu          : usr=2.29%, sys=6.05%, ctx=602371, majf=0, minf=0
  IO depths    : 1=0.0%, 2=0.0%, 4=0.0%, 8=0.0%, 16=0.0%, 32=0.0%, >=64=100.0%
     submit    : 0=0.0%, 4=100.0%, 8=0.0%, 16=0.0%, 32=0.0%, 64=0.0%, >=64=0.0%
     complete  : 0=0.0%, 4=100.0%, 8=0.0%, 16=0.0%, 32=0.0%, 64=0.0%, >=64=0.1%
     issued rwts: total=0,1152138,0,0 short=0,0,0,0 dropped=0,0,0,0
     latency   : target=0, window=0, percentile=100.00%, depth=128

Run status group 0 (all jobs):
  WRITE: bw=1200MiB/s (1258MB/s), 1200MiB/s-1200MiB/s (1258MB/s-1258MB/s), io=70.4GiB (75.5GB), run=60027-60027msec
