"randwrite_4k_64_8": (g=0): rw=randwrite, bs=(R) 4096B-4096B, (W) 4096B-4096B, (T) 4096B-4096B, ioengine=io_uring, iodepth=64
...
fio-3.28
Starting 8 threads

"randwrite_4k_64_8": (groupid=0, jobs=8): err= 0: pid=156828: Thu Jul 20 01:18:15 2023
  write: IOPS=44.0k, BW=172MiB/s (180MB/s)(10.1GiB/60012msec); 0 zone resets
    slat (usec): min=2, max=119, avg= 5.65, stdev= 2.82
    clat (usec): min=8202, max=25194, avg=11615.21, stdev=1599.68
     lat (usec): min=8214, max=25197, avg=11621.00, stdev=1599.79
    clat percentiles (usec):
     |  1.00th=[ 9241],  5.00th=[ 9634], 10.00th=[ 9896], 20.00th=[10421],
     | 30.00th=[10683], 40.00th=[10814], 50.00th=[11076], 60.00th=[11469],
     | 70.00th=[12256], 80.00th=[13042], 90.00th=[14091], 95.00th=[14877],
     | 99.00th=[15795], 99.50th=[16057], 99.90th=[16581], 99.95th=[16909],
     | 99.99th=[17171]
   bw (  KiB/s): min=151284, max=200568, per=100.00%, avg=176252.92, stdev=1305.04, samples=958
   iops        : min=37820, max=50142, avg=44063.16, stdev=326.26, samples=958
  lat (msec)   : 10=12.08%, 20=87.94%, 50=0.01%
  cpu          : usr=1.47%, sys=4.08%, ctx=1549757, majf=0, minf=0
  IO depths    : 1=0.0%, 2=0.0%, 4=0.0%, 8=0.0%, 16=0.0%, 32=0.0%, >=64=100.0%
     submit    : 0=0.0%, 4=100.0%, 8=0.0%, 16=0.0%, 32=0.0%, 64=0.0%, >=64=0.0%
     complete  : 0=0.0%, 4=100.0%, 8=0.0%, 16=0.0%, 32=0.0%, 64=0.1%, >=64=0.0%
     issued rwts: total=0,2643388,0,0 short=0,0,0,0 dropped=0,0,0,0
     latency   : target=0, window=0, percentile=100.00%, depth=64

Run status group 0 (all jobs):
  WRITE: bw=172MiB/s (180MB/s), 172MiB/s-172MiB/s (180MB/s-180MB/s), io=10.1GiB (10.8GB), run=60012-60012msec
