"randwrite_64k_8_2": (g=0): rw=randwrite, bs=(R) 64.0KiB-64.0KiB, (W) 64.0KiB-64.0KiB, (T) 64.0KiB-64.0KiB, ioengine=io_uring, iodepth=8
...
fio-3.28
Starting 2 threads

"randwrite_64k_8_2": (groupid=0, jobs=2): err= 0: pid=158083: Thu Jul 20 02:07:31 2023
  write: IOPS=15.5k, BW=968MiB/s (1015MB/s)(56.7GiB/60001msec); 0 zone resets
    slat (nsec): min=5949, max=98328, avg=10679.31, stdev=3568.33
    clat (usec): min=206, max=3193, avg=1021.19, stdev=241.09
     lat (usec): min=216, max=3201, avg=1032.02, stdev=240.98
    clat percentiles (usec):
     |  1.00th=[  355],  5.00th=[  519], 10.00th=[  693], 20.00th=[  889],
     | 30.00th=[  938], 40.00th=[  979], 50.00th=[ 1037], 60.00th=[ 1106],
     | 70.00th=[ 1156], 80.00th=[ 1188], 90.00th=[ 1254], 95.00th=[ 1352],
     | 99.00th=[ 1631], 99.50th=[ 1729], 99.90th=[ 1893], 99.95th=[ 1942],
     | 99.99th=[ 2040]
   bw (  KiB/s): min=921088, max=1081600, per=100.00%, avg=991362.85, stdev=23474.22, samples=240
   iops        : min=14392, max=16900, avg=15489.97, stdev=366.78, samples=240
  lat (usec)   : 250=0.01%, 500=4.54%, 750=7.11%, 1000=32.88%
  lat (msec)   : 2=55.45%, 4=0.02%
  cpu          : usr=2.84%, sys=8.34%, ctx=408631, majf=0, minf=0
  IO depths    : 1=0.0%, 2=0.0%, 4=0.0%, 8=100.0%, 16=0.0%, 32=0.0%, >=64=0.0%
     submit    : 0=0.0%, 4=100.0%, 8=0.0%, 16=0.0%, 32=0.0%, 64=0.0%, >=64=0.0%
     complete  : 0=0.0%, 4=100.0%, 8=0.1%, 16=0.0%, 32=0.0%, 64=0.0%, >=64=0.0%
     issued rwts: total=0,929278,0,0 short=0,0,0,0 dropped=0,0,0,0
     latency   : target=0, window=0, percentile=100.00%, depth=8

Run status group 0 (all jobs):
  WRITE: bw=968MiB/s (1015MB/s), 968MiB/s-968MiB/s (1015MB/s-1015MB/s), io=56.7GiB (60.9GB), run=60001-60001msec
