"randwrite_4k_1_1": (g=0): rw=randwrite, bs=(R) 4096B-4096B, (W) 4096B-4096B, (T) 4096B-4096B, ioengine=io_uring, iodepth=1
fio-3.28
Starting 1 thread

"randwrite_4k_1_1": (groupid=0, jobs=1): err= 0: pid=160561: Thu Jul 20 02:43:58 2023
  write: IOPS=11.0k, BW=42.8MiB/s (44.9MB/s)(2569MiB/60001msec); 0 zone resets
    slat (nsec): min=4692, max=52655, avg=5322.09, stdev=598.01
    clat (usec): min=52, max=934, avg=84.79, stdev=10.59
     lat (usec): min=79, max=939, avg=90.26, stdev=10.67
    clat percentiles (usec):
     |  1.00th=[   77],  5.00th=[   78], 10.00th=[   78], 20.00th=[   79],
     | 30.00th=[   81], 40.00th=[   84], 50.00th=[   85], 60.00th=[   86],
     | 70.00th=[   88], 80.00th=[   90], 90.00th=[   92], 95.00th=[   94],
     | 99.00th=[  104], 99.50th=[  119], 99.90th=[  245], 99.95th=[  265],
     | 99.99th=[  306]
   bw (  KiB/s): min=40544, max=46861, per=100.00%, avg=43839.18, stdev=1919.84, samples=120
   iops        : min=10136, max=11715, avg=10959.78, stdev=479.97, samples=120
  lat (usec)   : 100=98.38%, 250=1.54%, 500=0.08%, 750=0.01%, 1000=0.01%
  cpu          : usr=2.96%, sys=9.42%, ctx=658418, majf=0, minf=0
  IO depths    : 1=100.0%, 2=0.0%, 4=0.0%, 8=0.0%, 16=0.0%, 32=0.0%, >=64=0.0%
     submit    : 0=0.0%, 4=100.0%, 8=0.0%, 16=0.0%, 32=0.0%, 64=0.0%, >=64=0.0%
     complete  : 0=0.0%, 4=100.0%, 8=0.0%, 16=0.0%, 32=0.0%, 64=0.0%, >=64=0.0%
     issued rwts: total=0,657552,0,0 short=0,0,0,0 dropped=0,0,0,0
     latency   : target=0, window=0, percentile=100.00%, depth=1

Run status group 0 (all jobs):
  WRITE: bw=42.8MiB/s (44.9MB/s), 42.8MiB/s-42.8MiB/s (44.9MB/s-44.9MB/s), io=2569MiB (2693MB), run=60001-60001msec
