"randwrite_16k_64_1": (g=0): rw=randwrite, bs=(R) 16.0KiB-16.0KiB, (W) 16.0KiB-16.0KiB, (T) 16.0KiB-16.0KiB, ioengine=io_uring, iodepth=64
fio-3.28
Starting 1 thread

"randwrite_16k_64_1": (groupid=0, jobs=1): err= 0: pid=157419: Thu Jul 20 01:47:34 2023
  write: IOPS=33.7k, BW=527MiB/s (552MB/s)(30.9GiB/60002msec); 0 zone resets
    slat (usec): min=2, max=115, avg= 5.57, stdev= 2.31
    clat (usec): min=931, max=3628, avg=1892.22, stdev=323.15
     lat (usec): min=959, max=3632, avg=1897.93, stdev=322.98
    clat percentiles (usec):
     |  1.00th=[ 1270],  5.00th=[ 1418], 10.00th=[ 1500], 20.00th=[ 1614],
     | 30.00th=[ 1713], 40.00th=[ 1778], 50.00th=[ 1860], 60.00th=[ 1942],
     | 70.00th=[ 2040], 80.00th=[ 2147], 90.00th=[ 2343], 95.00th=[ 2474],
     | 99.00th=[ 2769], 99.50th=[ 2868], 99.90th=[ 3097], 99.95th=[ 3195],
     | 99.99th=[ 3326]
   bw (  KiB/s): min=483776, max=624672, per=100.00%, avg=539372.62, stdev=35401.22, samples=120
   iops        : min=30236, max=39042, avg=33710.77, stdev=2212.58, samples=120
  lat (usec)   : 1000=0.01%
  lat (msec)   : 2=66.70%, 4=33.30%
  cpu          : usr=6.52%, sys=19.23%, ctx=421143, majf=0, minf=0
  IO depths    : 1=0.0%, 2=0.0%, 4=0.0%, 8=0.0%, 16=0.0%, 32=0.0%, >=64=100.0%
     submit    : 0=0.0%, 4=100.0%, 8=0.0%, 16=0.0%, 32=0.0%, 64=0.0%, >=64=0.0%
     complete  : 0=0.0%, 4=100.0%, 8=0.0%, 16=0.0%, 32=0.0%, 64=0.1%, >=64=0.0%
     issued rwts: total=0,2022427,0,0 short=0,0,0,0 dropped=0,0,0,0
     latency   : target=0, window=0, percentile=100.00%, depth=64

Run status group 0 (all jobs):
  WRITE: bw=527MiB/s (552MB/s), 527MiB/s-527MiB/s (552MB/s-552MB/s), io=30.9GiB (33.1GB), run=60002-60002msec
