"randwrite_4k_8_2": (g=0): rw=randwrite, bs=(R) 4096B-4096B, (W) 4096B-4096B, (T) 4096B-4096B, ioengine=io_uring, iodepth=8
...
fio-3.28
Starting 2 threads

"randwrite_4k_8_2": (groupid=0, jobs=2): err= 0: pid=156484: Thu Jul 20 01:01:49 2023
  write: IOPS=36.3k, BW=142MiB/s (149MB/s)(8498MiB/60001msec); 0 zone resets
    slat (nsec): min=2307, max=93160, avg=4625.61, stdev=1993.08
    clat (usec): min=89, max=2017, avg=435.63, stdev=125.40
     lat (usec): min=95, max=2022, avg=440.39, stdev=125.37
    clat percentiles (usec):
     |  1.00th=[  202],  5.00th=[  258], 10.00th=[  285], 20.00th=[  322],
     | 30.00th=[  355], 40.00th=[  388], 50.00th=[  424], 60.00th=[  465],
     | 70.00th=[  498], 80.00th=[  537], 90.00th=[  603], 95.00th=[  660],
     | 99.00th=[  758], 99.50th=[  799], 99.90th=[  906], 99.95th=[  955],
     | 99.99th=[ 1057]
   bw (  KiB/s): min=123478, max=170016, per=100.00%, avg=145053.30, stdev=4140.24, samples=240
   iops        : min=30868, max=42504, avg=36263.26, stdev=1035.09, samples=240
  lat (usec)   : 100=0.01%, 250=4.01%, 500=66.35%, 750=28.49%, 1000=1.13%
  lat (msec)   : 2=0.02%, 4=0.01%
  cpu          : usr=3.95%, sys=10.41%, ctx=989615, majf=0, minf=0
  IO depths    : 1=0.0%, 2=0.0%, 4=0.0%, 8=100.0%, 16=0.0%, 32=0.0%, >=64=0.0%
     submit    : 0=0.0%, 4=100.0%, 8=0.0%, 16=0.0%, 32=0.0%, 64=0.0%, >=64=0.0%
     complete  : 0=0.0%, 4=100.0%, 8=0.1%, 16=0.0%, 32=0.0%, 64=0.0%, >=64=0.0%
     issued rwts: total=0,2175589,0,0 short=0,0,0,0 dropped=0,0,0,0
     latency   : target=0, window=0, percentile=100.00%, depth=8

Run status group 0 (all jobs):
  WRITE: bw=142MiB/s (149MB/s), 142MiB/s-142MiB/s (149MB/s-149MB/s), io=8498MiB (8911MB), run=60001-60001msec
