"randwrite_16k_64_8": (g=0): rw=randwrite, bs=(R) 16.0KiB-16.0KiB, (W) 16.0KiB-16.0KiB, (T) 16.0KiB-16.0KiB, ioengine=io_uring, iodepth=64
...
fio-3.28
Starting 8 threads

"randwrite_16k_64_8": (groupid=0, jobs=8): err= 0: pid=157495: Thu Jul 20 01:51:06 2023
  write: IOPS=34.9k, BW=546MiB/s (572MB/s)(32.0GiB/60014msec); 0 zone resets
    slat (usec): min=3, max=159, avg= 8.07, stdev= 3.81
    clat (usec): min=10622, max=27258, avg=14655.15, stdev=1241.93
     lat (usec): min=10632, max=27263, avg=14663.41, stdev=1241.82
    clat percentiles (usec):
     |  1.00th=[12649],  5.00th=[13173], 10.00th=[13435], 20.00th=[13698],
     | 30.00th=[13829], 40.00th=[14091], 50.00th=[14353], 60.00th=[14615],
     | 70.00th=[15008], 80.00th=[15795], 90.00th=[16581], 95.00th=[17171],
     | 99.00th=[17957], 99.50th=[18220], 99.90th=[18482], 99.95th=[18744],
     | 99.99th=[20841]
   bw (  KiB/s): min=490016, max=615934, per=100.00%, avg=558705.90, stdev=4745.93, samples=958
   iops        : min=30626, max=38493, avg=34919.01, stdev=296.61, samples=958
  lat (msec)   : 20=100.01%, 50=0.01%
  cpu          : usr=1.57%, sys=4.52%, ctx=1467701, majf=0, minf=0
  IO depths    : 1=0.0%, 2=0.0%, 4=0.0%, 8=0.0%, 16=0.0%, 32=0.0%, >=64=100.0%
     submit    : 0=0.0%, 4=100.0%, 8=0.0%, 16=0.0%, 32=0.0%, 64=0.0%, >=64=0.0%
     complete  : 0=0.0%, 4=100.0%, 8=0.0%, 16=0.0%, 32=0.0%, 64=0.1%, >=64=0.0%
     issued rwts: total=0,2095061,0,0 short=0,0,0,0 dropped=0,0,0,0
     latency   : target=0, window=0, percentile=100.00%, depth=64

Run status group 0 (all jobs):
  WRITE: bw=546MiB/s (572MB/s), 546MiB/s-546MiB/s (572MB/s-572MB/s), io=32.0GiB (34.3GB), run=60014-60014msec
