"randread_64k_4_1": (g=0): rw=randread, bs=(R) 64.0KiB-64.0KiB, (W) 64.0KiB-64.0KiB, (T) 64.0KiB-64.0KiB, ioengine=io_uring, iodepth=4
fio-3.28
Starting 1 thread

"randread_64k_4_1": (groupid=0, jobs=1): err= 0: pid=155673: Thu Jul 20 00:23:07 2023
  read: IOPS=15.8k, BW=990MiB/s (1038MB/s)(58.0GiB/60001msec)
    slat (usec): min=5, max=197, avg= 8.36, stdev= 2.21
    clat (usec): min=100, max=1989, avg=243.20, stdev=47.31
     lat (usec): min=108, max=1996, avg=251.71, stdev=47.33
    clat percentiles (usec):
     |  1.00th=[  143],  5.00th=[  174], 10.00th=[  188], 20.00th=[  206],
     | 30.00th=[  219], 40.00th=[  229], 50.00th=[  239], 60.00th=[  249],
     | 70.00th=[  265], 80.00th=[  285], 90.00th=[  310], 95.00th=[  326],
     | 99.00th=[  359], 99.50th=[  379], 99.90th=[  441], 99.95th=[  474],
     | 99.99th=[  529]
   bw (  KiB/s): min=953088, max=1052160, per=100.00%, avg=1013650.72, stdev=14997.06, samples=120
   iops        : min=14892, max=16440, avg=15838.27, stdev=234.32, samples=120
  lat (usec)   : 250=61.35%, 500=38.62%, 750=0.03%
  lat (msec)   : 2=0.01%
  cpu          : usr=3.79%, sys=16.53%, ctx=861375, majf=0, minf=0
  IO depths    : 1=0.0%, 2=0.0%, 4=100.0%, 8=0.0%, 16=0.0%, 32=0.0%, >=64=0.0%
     submit    : 0=0.0%, 4=100.0%, 8=0.0%, 16=0.0%, 32=0.0%, 64=0.0%, >=64=0.0%
     complete  : 0=0.0%, 4=100.0%, 8=0.0%, 16=0.0%, 32=0.0%, 64=0.0%, >=64=0.0%
     issued rwts: total=950243,0,0,0 short=0,0,0,0 dropped=0,0,0,0
     latency   : target=0, window=0, percentile=100.00%, depth=4

Run status group 0 (all jobs):
   READ: bw=990MiB/s (1038MB/s), 990MiB/s-990MiB/s (1038MB/s-1038MB/s), io=58.0GiB (62.3GB), run=60001-60001msec
