"randread_16k_4_1": (g=0): rw=randread, bs=(R) 16.0KiB-16.0KiB, (W) 16.0KiB-16.0KiB, (T) 16.0KiB-16.0KiB, ioengine=io_uring, iodepth=4
fio-3.28
Starting 1 thread

"randread_16k_4_1": (groupid=0, jobs=1): err= 0: pid=71629: Fri Aug 11 21:44:55 2023
  read: IOPS=71.5k, BW=1117MiB/s (1171MB/s)(65.4GiB/60001msec)
    slat (nsec): min=2474, max=34554, avg=3352.60, stdev=411.53
    clat (usec): min=13, max=348, avg=51.87, stdev=17.04
     lat (usec): min=40, max=352, avg=55.32, stdev=16.97
    clat percentiles (usec):
     |  1.00th=[   42],  5.00th=[   43], 10.00th=[   44], 20.00th=[   45],
     | 30.00th=[   47], 40.00th=[   48], 50.00th=[   48], 60.00th=[   49],
     | 70.00th=[   51], 80.00th=[   54], 90.00th=[   65], 95.00th=[   67],
     | 99.00th=[  163], 99.50th=[  200], 99.90th=[  223], 99.95th=[  229],
     | 99.99th=[  239]
   bw (  MiB/s): min= 1073, max= 1126, per=100.00%, avg=1117.04, stdev=10.06, samples=120
   iops        : min=68682, max=72098, avg=71490.55, stdev=643.84, samples=120
  lat (usec)   : 20=0.01%, 50=66.31%, 100=32.56%, 250=1.12%, 500=0.01%
  cpu          : usr=14.37%, sys=32.41%, ctx=3300881, majf=0, minf=0
  IO depths    : 1=0.0%, 2=0.0%, 4=100.0%, 8=0.0%, 16=0.0%, 32=0.0%, >=64=0.0%
     submit    : 0=0.0%, 4=100.0%, 8=0.0%, 16=0.0%, 32=0.0%, 64=0.0%, >=64=0.0%
     complete  : 0=0.0%, 4=100.0%, 8=0.0%, 16=0.0%, 32=0.0%, 64=0.0%, >=64=0.0%
     issued rwts: total=4288971,0,0,0 short=0,0,0,0 dropped=0,0,0,0
     latency   : target=0, window=0, percentile=100.00%, depth=4

Run status group 0 (all jobs):
   READ: bw=1117MiB/s (1171MB/s), 1117MiB/s-1117MiB/s (1171MB/s-1171MB/s), io=65.4GiB (70.3GB), run=60001-60001msec
