"randwrite_4k_16_1": (g=0): rw=randwrite, bs=(R) 4096B-4096B, (W) 4096B-4096B, (T) 4096B-4096B, ioengine=io_uring, iodepth=16
fio-3.28
Starting 1 thread

"randwrite_4k_16_1": (groupid=0, jobs=1): err= 0: pid=73232: Fri Aug 11 22:03:42 2023
  write: IOPS=177k, BW=692MiB/s (726MB/s)(40.6GiB/60001msec); 0 zone resets
    slat (nsec): min=2214, max=33164, avg=3171.14, stdev=705.50
    clat (usec): min=41, max=415, avg=86.51, stdev=23.23
     lat (usec): min=45, max=418, avg=89.85, stdev=23.18
    clat percentiles (usec):
     |  1.00th=[   59],  5.00th=[   66], 10.00th=[   70], 20.00th=[   75],
     | 30.00th=[   78], 40.00th=[   81], 50.00th=[   84], 60.00th=[   87],
     | 70.00th=[   91], 80.00th=[   96], 90.00th=[  103], 95.00th=[  112],
     | 99.00th=[  174], 99.50th=[  289], 99.90th=[  322], 99.95th=[  326],
     | 99.99th=[  343]
   bw (  KiB/s): min=663456, max=714152, per=100.00%, avg=709023.89, stdev=7439.16, samples=120
   iops        : min=165864, max=178540, avg=177255.92, stdev=1859.79, samples=120
  lat (usec)   : 50=0.03%, 100=86.54%, 250=12.74%, 500=0.69%
  cpu          : usr=22.07%, sys=56.49%, ctx=1581133, majf=0, minf=0
  IO depths    : 1=0.0%, 2=0.0%, 4=0.0%, 8=0.0%, 16=100.0%, 32=0.0%, >=64=0.0%
     submit    : 0=0.0%, 4=100.0%, 8=0.0%, 16=0.0%, 32=0.0%, 64=0.0%, >=64=0.0%
     complete  : 0=0.0%, 4=100.0%, 8=0.0%, 16=0.1%, 32=0.0%, 64=0.0%, >=64=0.0%
     issued rwts: total=0,10634314,0,0 short=0,0,0,0 dropped=0,0,0,0
     latency   : target=0, window=0, percentile=100.00%, depth=16

Run status group 0 (all jobs):
  WRITE: bw=692MiB/s (726MB/s), 692MiB/s-692MiB/s (726MB/s-726MB/s), io=40.6GiB (43.6GB), run=60001-60001msec
