"randwrite_4k_16_1": (g=0): rw=randwrite, bs=(R) 4096B-4096B, (W) 4096B-4096B, (T) 4096B-4096B, ioengine=io_uring, iodepth=16
fio-3.28
Starting 1 thread

"randwrite_4k_16_1": (groupid=0, jobs=1): err= 0: pid=73229: Fri Aug 11 22:03:42 2023
  write: IOPS=169k, BW=659MiB/s (691MB/s)(38.6GiB/60001msec); 0 zone resets
    slat (nsec): min=2377, max=46489, avg=3875.07, stdev=1247.77
    clat (usec): min=43, max=434, avg=90.13, stdev=24.49
     lat (usec): min=47, max=439, avg=94.17, stdev=24.48
    clat percentiles (usec):
     |  1.00th=[   62],  5.00th=[   70], 10.00th=[   73], 20.00th=[   78],
     | 30.00th=[   82], 40.00th=[   85], 50.00th=[   87], 60.00th=[   91],
     | 70.00th=[   94], 80.00th=[   99], 90.00th=[  106], 95.00th=[  114],
     | 99.00th=[  157], 99.50th=[  302], 99.90th=[  330], 99.95th=[  338],
     | 99.99th=[  355]
   bw (  KiB/s): min=613448, max=702216, per=100.00%, avg=675334.03, stdev=23196.17, samples=120
   iops        : min=153362, max=175554, avg=168833.51, stdev=5798.93, samples=120
  lat (usec)   : 50=0.01%, 100=82.63%, 250=16.46%, 500=0.90%
  cpu          : usr=25.12%, sys=61.85%, ctx=843436, majf=0, minf=0
  IO depths    : 1=0.0%, 2=0.0%, 4=0.0%, 8=0.0%, 16=100.0%, 32=0.0%, >=64=0.0%
     submit    : 0=0.0%, 4=100.0%, 8=0.0%, 16=0.0%, 32=0.0%, 64=0.0%, >=64=0.0%
     complete  : 0=0.0%, 4=100.0%, 8=0.0%, 16=0.1%, 32=0.0%, 64=0.0%, >=64=0.0%
     issued rwts: total=0,10128700,0,0 short=0,0,0,0 dropped=0,0,0,0
     latency   : target=0, window=0, percentile=100.00%, depth=16

Run status group 0 (all jobs):
  WRITE: bw=659MiB/s (691MB/s), 659MiB/s-659MiB/s (691MB/s-691MB/s), io=38.6GiB (41.5GB), run=60001-60001msec
