"randwrite_64k_32_1": (g=0): rw=randwrite, bs=(R) 64.0KiB-64.0KiB, (W) 64.0KiB-64.0KiB, (T) 64.0KiB-64.0KiB, ioengine=io_uring, iodepth=32
fio-3.28
Starting 1 thread

"randwrite_64k_32_1": (groupid=0, jobs=1): err= 0: pid=74735: Fri Aug 11 22:21:19 2023
  write: IOPS=37.2k, BW=2327MiB/s (2440MB/s)(136GiB/60001msec); 0 zone resets
    slat (nsec): min=3761, max=37577, avg=5790.35, stdev=1253.43
    clat (usec): min=221, max=5093, avg=852.86, stdev=362.83
     lat (usec): min=230, max=5098, avg=858.76, stdev=362.62
    clat percentiles (usec):
     |  1.00th=[  310],  5.00th=[  343], 10.00th=[  603], 20.00th=[  635],
     | 30.00th=[  652], 40.00th=[  676], 50.00th=[  709], 60.00th=[  840],
     | 70.00th=[  947], 80.00th=[ 1037], 90.00th=[ 1303], 95.00th=[ 1565],
     | 99.00th=[ 2147], 99.50th=[ 2409], 99.90th=[ 2966], 99.95th=[ 3228],
     | 99.99th=[ 3851]
   bw (  MiB/s): min= 2168, max= 2347, per=100.00%, avg=2327.28, stdev=17.51, samples=120
   iops        : min=34692, max=37562, avg=37236.40, stdev=280.21, samples=120
  lat (usec)   : 250=0.01%, 500=6.37%, 750=50.29%, 1000=20.51%
  lat (msec)   : 2=21.35%, 4=1.48%, 10=0.01%
  cpu          : usr=10.34%, sys=22.07%, ctx=1184009, majf=0, minf=0
  IO depths    : 1=0.0%, 2=0.0%, 4=0.0%, 8=0.0%, 16=0.0%, 32=100.0%, >=64=0.0%
     submit    : 0=0.0%, 4=100.0%, 8=0.0%, 16=0.0%, 32=0.0%, 64=0.0%, >=64=0.0%
     complete  : 0=0.0%, 4=100.0%, 8=0.0%, 16=0.0%, 32=0.1%, 64=0.0%, >=64=0.0%
     issued rwts: total=0,2233882,0,0 short=0,0,0,0 dropped=0,0,0,0
     latency   : target=0, window=0, percentile=100.00%, depth=32

Run status group 0 (all jobs):
  WRITE: bw=2327MiB/s (2440MB/s), 2327MiB/s-2327MiB/s (2440MB/s-2440MB/s), io=136GiB (146GB), run=60001-60001msec
