"randwrite_4k_16_1": (g=0): rw=randwrite, bs=(R) 4096B-4096B, (W) 4096B-4096B, (T) 4096B-4096B, ioengine=io_uring, iodepth=16
fio-3.28
Starting 1 thread

"randwrite_4k_16_1": (groupid=0, jobs=1): err= 0: pid=73231: Fri Aug 11 22:03:42 2023
  write: IOPS=175k, BW=684MiB/s (718MB/s)(40.1GiB/60001msec); 0 zone resets
    slat (nsec): min=2260, max=26653, avg=3154.13, stdev=775.85
    clat (usec): min=44, max=447, avg=87.53, stdev=23.31
     lat (usec): min=47, max=450, avg=90.81, stdev=23.25
    clat percentiles (usec):
     |  1.00th=[   60],  5.00th=[   67], 10.00th=[   71], 20.00th=[   76],
     | 30.00th=[   79], 40.00th=[   82], 50.00th=[   85], 60.00th=[   88],
     | 70.00th=[   92], 80.00th=[   97], 90.00th=[  104], 95.00th=[  113],
     | 99.00th=[  176], 99.50th=[  289], 99.90th=[  322], 99.95th=[  326],
     | 99.99th=[  343]
   bw (  KiB/s): min=645656, max=710456, per=100.00%, avg=700895.09, stdev=8792.06, samples=120
   iops        : min=161414, max=177614, avg=175223.71, stdev=2198.00, samples=120
  lat (usec)   : 50=0.02%, 100=85.23%, 250=14.05%, 500=0.70%
  cpu          : usr=22.48%, sys=55.46%, ctx=1517277, majf=0, minf=0
  IO depths    : 1=0.0%, 2=0.0%, 4=0.0%, 8=0.0%, 16=100.0%, 32=0.0%, >=64=0.0%
     submit    : 0=0.0%, 4=100.0%, 8=0.0%, 16=0.0%, 32=0.0%, 64=0.0%, >=64=0.0%
     complete  : 0=0.0%, 4=100.0%, 8=0.0%, 16=0.1%, 32=0.0%, 64=0.0%, >=64=0.0%
     issued rwts: total=0,10512613,0,0 short=0,0,0,0 dropped=0,0,0,0
     latency   : target=0, window=0, percentile=100.00%, depth=16

Run status group 0 (all jobs):
  WRITE: bw=684MiB/s (718MB/s), 684MiB/s-684MiB/s (718MB/s-718MB/s), io=40.1GiB (43.1GB), run=60001-60001msec
