"randwrite_64k_1_1": (g=0): rw=randwrite, bs=(R) 64.0KiB-64.0KiB, (W) 64.0KiB-64.0KiB, (T) 64.0KiB-64.0KiB, ioengine=io_uring, iodepth=1
fio-3.28
Starting 1 thread

"randwrite_64k_1_1": (groupid=0, jobs=1): err= 0: pid=75389: Fri Aug 11 22:30:48 2023
  write: IOPS=10.6k, BW=663MiB/s (695MB/s)(38.9GiB/60001msec); 0 zone resets
    slat (nsec): min=7758, max=42526, avg=8337.77, stdev=335.45
    clat (usec): min=51, max=14498, avg=84.87, stdev=27.38
     lat (usec): min=83, max=14506, avg=93.35, stdev=27.38
    clat percentiles (usec):
     |  1.00th=[   78],  5.00th=[   79], 10.00th=[   80], 20.00th=[   81],
     | 30.00th=[   81], 40.00th=[   82], 50.00th=[   82], 60.00th=[   83],
     | 70.00th=[   83], 80.00th=[   84], 90.00th=[   85], 95.00th=[   87],
     | 99.00th=[  200], 99.50th=[  204], 99.90th=[  208], 99.95th=[  212],
     | 99.99th=[  229]
   bw (  KiB/s): min=628992, max=681984, per=100.00%, avg=679231.48, stdev=5930.28, samples=120
   iops        : min= 9828, max=10656, avg=10612.98, stdev=92.67, samples=120
  lat (usec)   : 100=97.04%, 250=2.96%, 500=0.01%, 750=0.01%, 1000=0.01%
  lat (msec)   : 2=0.01%, 10=0.01%, 20=0.01%
  cpu          : usr=3.67%, sys=11.21%, ctx=636753, majf=0, minf=0
  IO depths    : 1=100.0%, 2=0.0%, 4=0.0%, 8=0.0%, 16=0.0%, 32=0.0%, >=64=0.0%
     submit    : 0=0.0%, 4=100.0%, 8=0.0%, 16=0.0%, 32=0.0%, 64=0.0%, >=64=0.0%
     complete  : 0=0.0%, 4=100.0%, 8=0.0%, 16=0.0%, 32=0.0%, 64=0.0%, >=64=0.0%
     issued rwts: total=0,636747,0,0 short=0,0,0,0 dropped=0,0,0,0
     latency   : target=0, window=0, percentile=100.00%, depth=1

Run status group 0 (all jobs):
  WRITE: bw=663MiB/s (695MB/s), 663MiB/s-663MiB/s (695MB/s-695MB/s), io=38.9GiB (41.7GB), run=60001-60001msec
