"randwrite_4k_8_1": (g=0): rw=randwrite, bs=(R) 4096B-4096B, (W) 4096B-4096B, (T) 4096B-4096B, ioengine=io_uring, iodepth=8
fio-3.28
Starting 1 thread

"randwrite_4k_8_1": (groupid=0, jobs=1): err= 0: pid=73131: Fri Aug 11 22:02:32 2023
  write: IOPS=117k, BW=456MiB/s (479MB/s)(26.7GiB/60001msec); 0 zone resets
    slat (nsec): min=2343, max=41539, avg=3344.26, stdev=947.94
    clat (usec): min=24, max=15279, avg=64.49, stdev=28.37
     lat (usec): min=35, max=15282, avg=67.94, stdev=28.32
    clat percentiles (usec):
     |  1.00th=[   37],  5.00th=[   40], 10.00th=[   45], 20.00th=[   52],
     | 30.00th=[   57], 40.00th=[   60], 50.00th=[   64], 60.00th=[   67],
     | 70.00th=[   70], 80.00th=[   74], 90.00th=[   79], 95.00th=[   85],
     | 99.00th=[  219], 99.50th=[  241], 99.90th=[  262], 99.95th=[  269],
     | 99.99th=[  285]
   bw (  KiB/s): min=448552, max=470848, per=100.00%, avg=467470.62, stdev=3940.24, samples=120
   iops        : min=112138, max=117712, avg=116867.63, stdev=985.02, samples=120
  lat (usec)   : 50=16.17%, 100=82.24%, 250=1.33%, 500=0.26%, 750=0.01%
  lat (msec)   : 20=0.01%
  cpu          : usr=17.55%, sys=41.00%, ctx=1807296, majf=0, minf=0
  IO depths    : 1=0.0%, 2=0.0%, 4=0.0%, 8=100.0%, 16=0.0%, 32=0.0%, >=64=0.0%
     submit    : 0=0.0%, 4=100.0%, 8=0.0%, 16=0.0%, 32=0.0%, 64=0.0%, >=64=0.0%
     complete  : 0=0.0%, 4=100.0%, 8=0.1%, 16=0.0%, 32=0.0%, 64=0.0%, >=64=0.0%
     issued rwts: total=0,7011635,0,0 short=0,0,0,0 dropped=0,0,0,0
     latency   : target=0, window=0, percentile=100.00%, depth=8

Run status group 0 (all jobs):
  WRITE: bw=456MiB/s (479MB/s), 456MiB/s-456MiB/s (479MB/s-479MB/s), io=26.7GiB (28.7GB), run=60001-60001msec
