"randread_64k_4_1": (g=0): rw=randread, bs=(R) 64.0KiB-64.0KiB, (W) 64.0KiB-64.0KiB, (T) 64.0KiB-64.0KiB, ioengine=io_uring, iodepth=4
fio-3.28
Starting 1 thread

"randread_64k_4_1": (groupid=0, jobs=1): err= 0: pid=50892: Fri Aug 11 14:55:18 2023
  read: IOPS=30.8k, BW=1926MiB/s (2020MB/s)(113GiB/60001msec)
    slat (nsec): min=3049, max=30451, avg=4808.17, stdev=634.20
    clat (usec): min=91, max=686, avg=124.18, stdev=13.64
     lat (usec): min=96, max=691, avg=129.08, stdev=13.64
    clat percentiles (usec):
     |  1.00th=[  111],  5.00th=[  115], 10.00th=[  116], 20.00th=[  119],
     | 30.00th=[  120], 40.00th=[  121], 50.00th=[  122], 60.00th=[  123],
     | 70.00th=[  124], 80.00th=[  126], 90.00th=[  129], 95.00th=[  155],
     | 99.00th=[  186], 99.50th=[  190], 99.90th=[  198], 99.95th=[  202],
     | 99.99th=[  223]
   bw (  MiB/s): min= 1850, max= 1950, per=100.00%, avg=1926.31, stdev=13.26, samples=120
   iops        : min=29610, max=31212, avg=30820.89, stdev=212.18, samples=120
  lat (usec)   : 100=0.01%, 250=99.99%, 500=0.01%, 750=0.01%
  cpu          : usr=6.94%, sys=20.50%, ctx=1839266, majf=0, minf=0
  IO depths    : 1=0.0%, 2=0.0%, 4=100.0%, 8=0.0%, 16=0.0%, 32=0.0%, >=64=0.0%
     submit    : 0=0.0%, 4=100.0%, 8=0.0%, 16=0.0%, 32=0.0%, 64=0.0%, >=64=0.0%
     complete  : 0=0.0%, 4=100.0%, 8=0.0%, 16=0.0%, 32=0.0%, 64=0.0%, >=64=0.0%
     issued rwts: total=1849136,0,0,0 short=0,0,0,0 dropped=0,0,0,0
     latency   : target=0, window=0, percentile=100.00%, depth=4

Run status group 0 (all jobs):
   READ: bw=1926MiB/s (2020MB/s), 1926MiB/s-1926MiB/s (2020MB/s-2020MB/s), io=113GiB (121GB), run=60001-60001msec
