"randwrite_64k_128_1": (g=0): rw=randwrite, bs=(R) 64.0KiB-64.0KiB, (W) 64.0KiB-64.0KiB, (T) 64.0KiB-64.0KiB, ioengine=io_uring, iodepth=128
fio-3.28
Starting 1 thread

"randwrite_64k_128_1": (groupid=0, jobs=1): err= 0: pid=53484: Fri Aug 11 15:25:50 2023
  write: IOPS=37.8k, BW=2361MiB/s (2476MB/s)(138GiB/60003msec); 0 zone resets
    slat (usec): min=3, max=101, avg= 7.98, stdev= 1.80
    clat (usec): min=188, max=35410, avg=3379.55, stdev=2139.42
     lat (usec): min=196, max=35417, avg=3387.67, stdev=2139.21
    clat percentiles (usec):
     |  1.00th=[  306],  5.00th=[  347], 10.00th=[ 2073], 20.00th=[ 2180],
     | 30.00th=[ 2245], 40.00th=[ 2311], 50.00th=[ 2376], 60.00th=[ 2573],
     | 70.00th=[ 4080], 80.00th=[ 4359], 90.00th=[ 6128], 95.00th=[ 7767],
     | 99.00th=[11207], 99.50th=[12387], 99.90th=[15795], 99.95th=[17171],
     | 99.99th=[21103]
   bw (  MiB/s): min= 2301, max= 2374, per=100.00%, avg=2361.28, stdev=10.53, samples=120
   iops        : min=36828, max=37992, avg=37780.44, stdev=168.54, samples=120
  lat (usec)   : 250=0.01%, 500=6.15%, 750=0.01%
  lat (msec)   : 2=0.64%, 4=60.48%, 10=31.24%, 20=1.48%, 50=0.01%
  cpu          : usr=18.20%, sys=22.46%, ctx=1030786, majf=0, minf=0
  IO depths    : 1=0.0%, 2=0.0%, 4=0.0%, 8=0.0%, 16=0.0%, 32=0.0%, >=64=100.0%
     submit    : 0=0.0%, 4=100.0%, 8=0.0%, 16=0.0%, 32=0.0%, 64=0.0%, >=64=0.0%
     complete  : 0=0.0%, 4=100.0%, 8=0.0%, 16=0.0%, 32=0.0%, 64=0.0%, >=64=0.1%
     issued rwts: total=0,2266596,0,0 short=0,0,0,0 dropped=0,0,0,0
     latency   : target=0, window=0, percentile=100.00%, depth=128

Run status group 0 (all jobs):
  WRITE: bw=2361MiB/s (2476MB/s), 2361MiB/s-2361MiB/s (2476MB/s-2476MB/s), io=138GiB (149GB), run=60003-60003msec
