"randwrite_64k_128_1": (g=0): rw=randwrite, bs=(R) 64.0KiB-64.0KiB, (W) 64.0KiB-64.0KiB, (T) 64.0KiB-64.0KiB, ioengine=io_uring, iodepth=128
fio-3.28
Starting 1 thread

"randwrite_64k_128_1": (groupid=0, jobs=1): err= 0: pid=53483: Fri Aug 11 15:25:50 2023
  write: IOPS=37.8k, BW=2366MiB/s (2481MB/s)(139GiB/60004msec); 0 zone resets
    slat (usec): min=3, max=106, avg= 7.95, stdev= 1.66
    clat (usec): min=206, max=34920, avg=3372.91, stdev=2144.92
     lat (usec): min=218, max=34928, avg=3380.98, stdev=2144.71
    clat percentiles (usec):
     |  1.00th=[  306],  5.00th=[  343], 10.00th=[ 2073], 20.00th=[ 2180],
     | 30.00th=[ 2245], 40.00th=[ 2311], 50.00th=[ 2376], 60.00th=[ 2540],
     | 70.00th=[ 4080], 80.00th=[ 4359], 90.00th=[ 6063], 95.00th=[ 7767],
     | 99.00th=[11207], 99.50th=[12387], 99.90th=[15664], 99.95th=[17171],
     | 99.99th=[20841]
   bw (  MiB/s): min= 2310, max= 2382, per=100.00%, avg=2366.00, stdev=11.29, samples=120
   iops        : min=36970, max=38120, avg=37855.91, stdev=180.66, samples=120
  lat (usec)   : 250=0.01%, 500=6.32%, 750=0.01%, 1000=0.01%
  lat (msec)   : 2=0.72%, 4=60.27%, 10=31.19%, 20=1.49%, 50=0.01%
  cpu          : usr=17.80%, sys=23.15%, ctx=1027660, majf=0, minf=0
  IO depths    : 1=0.0%, 2=0.0%, 4=0.0%, 8=0.0%, 16=0.0%, 32=0.0%, >=64=100.0%
     submit    : 0=0.0%, 4=100.0%, 8=0.0%, 16=0.0%, 32=0.0%, 64=0.0%, >=64=0.0%
     complete  : 0=0.0%, 4=100.0%, 8=0.0%, 16=0.0%, 32=0.0%, 64=0.0%, >=64=0.1%
     issued rwts: total=0,2271048,0,0 short=0,0,0,0 dropped=0,0,0,0
     latency   : target=0, window=0, percentile=100.00%, depth=128

Run status group 0 (all jobs):
  WRITE: bw=2366MiB/s (2481MB/s), 2366MiB/s-2366MiB/s (2481MB/s-2481MB/s), io=139GiB (149GB), run=60004-60004msec
