"randread_4k_1_1": (g=0): rw=randread, bs=(R) 4096B-4096B, (W) 4096B-4096B, (T) 4096B-4096B, ioengine=io_uring, iodepth=1
fio-3.28
Starting 1 thread

"randread_4k_1_1": (groupid=0, jobs=1): err= 0: pid=42289: Fri Aug 11 11:08:02 2023
  read: IOPS=22.4k, BW=87.5MiB/s (91.8MB/s)(5250MiB/60001msec)
    slat (nsec): min=3803, max=41154, avg=4490.30, stdev=436.36
    clat (usec): min=2, max=1210, avg=39.02, stdev=23.03
     lat (usec): min=37, max=1215, avg=43.68, stdev=23.03
    clat percentiles (usec):
     |  1.00th=[   36],  5.00th=[   37], 10.00th=[   37], 20.00th=[   37],
     | 30.00th=[   38], 40.00th=[   38], 50.00th=[   38], 60.00th=[   39],
     | 70.00th=[   39], 80.00th=[   40], 90.00th=[   41], 95.00th=[   42],
     | 99.00th=[   45], 99.50th=[   50], 99.90th=[  570], 99.95th=[  586],
     | 99.99th=[  594]
   bw (  KiB/s): min=82440, max=91184, per=100.00%, avg=89611.01, stdev=981.62, samples=120
   iops        : min=20610, max=22796, avg=22402.74, stdev=245.40, samples=120
  lat (usec)   : 4=0.01%, 10=0.01%, 20=0.01%, 50=99.52%, 100=0.28%
  lat (usec)   : 250=0.01%, 500=0.01%, 750=0.17%, 1000=0.01%
  lat (msec)   : 2=0.01%
  cpu          : usr=6.44%, sys=17.30%, ctx=1344261, majf=0, minf=0
  IO depths    : 1=100.0%, 2=0.0%, 4=0.0%, 8=0.0%, 16=0.0%, 32=0.0%, >=64=0.0%
     submit    : 0=0.0%, 4=100.0%, 8=0.0%, 16=0.0%, 32=0.0%, 64=0.0%, >=64=0.0%
     complete  : 0=0.0%, 4=100.0%, 8=0.0%, 16=0.0%, 32=0.0%, 64=0.0%, >=64=0.0%
     issued rwts: total=1344077,0,0,0 short=0,0,0,0 dropped=0,0,0,0
     latency   : target=0, window=0, percentile=100.00%, depth=1

Run status group 0 (all jobs):
   READ: bw=87.5MiB/s (91.8MB/s), 87.5MiB/s-87.5MiB/s (91.8MB/s-91.8MB/s), io=5250MiB (5505MB), run=60001-60001msec
