"randwrite_64k_128_1": (g=0): rw=randwrite, bs=(R) 64.0KiB-64.0KiB, (W) 64.0KiB-64.0KiB, (T) 64.0KiB-64.0KiB, ioengine=io_uring, iodepth=128
fio-3.28
Starting 1 thread

"randwrite_64k_128_1": (groupid=0, jobs=1): err= 0: pid=42113: Fri Aug 11 11:06:46 2023
  write: IOPS=8491, BW=531MiB/s (557MB/s)(31.1GiB/60014msec); 0 zone resets
    slat (nsec): min=4106, max=95029, avg=8568.30, stdev=2598.71
    clat (usec): min=890, max=116832, avg=15062.40, stdev=7621.88
     lat (usec): min=906, max=116840, avg=15071.11, stdev=7621.80
    clat percentiles (usec):
     |  1.00th=[ 9765],  5.00th=[10159], 10.00th=[10290], 20.00th=[10552],
     | 30.00th=[10683], 40.00th=[10945], 50.00th=[11076], 60.00th=[11469],
     | 70.00th=[19006], 80.00th=[20055], 90.00th=[27132], 95.00th=[29492],
     | 99.00th=[45351], 99.50th=[47973], 99.90th=[64226], 99.95th=[66847],
     | 99.99th=[82314]
   bw (  KiB/s): min=443264, max=559488, per=100.00%, avg=543645.07, stdev=12072.60, samples=120
   iops        : min= 6926, max= 8742, avg=8494.42, stdev=188.65, samples=120
  lat (usec)   : 1000=0.01%
  lat (msec)   : 2=0.28%, 4=0.01%, 10=3.00%, 20=77.20%, 50=19.18%
  lat (msec)   : 100=0.37%, 250=0.01%
  cpu          : usr=4.60%, sys=5.93%, ctx=233661, majf=0, minf=0
  IO depths    : 1=0.0%, 2=0.0%, 4=0.0%, 8=0.0%, 16=0.0%, 32=0.0%, >=64=100.0%
     submit    : 0=0.0%, 4=100.0%, 8=0.0%, 16=0.0%, 32=0.0%, 64=0.0%, >=64=0.0%
     complete  : 0=0.0%, 4=100.0%, 8=0.0%, 16=0.0%, 32=0.0%, 64=0.0%, >=64=0.1%
     issued rwts: total=0,509618,0,0 short=0,0,0,0 dropped=0,0,0,0
     latency   : target=0, window=0, percentile=100.00%, depth=128

Run status group 0 (all jobs):
  WRITE: bw=531MiB/s (557MB/s), 531MiB/s-531MiB/s (557MB/s-557MB/s), io=31.1GiB (33.4GB), run=60014-60014msec
