"randwrite_64k_32_1": (g=0): rw=randwrite, bs=(R) 64.0KiB-64.0KiB, (W) 64.0KiB-64.0KiB, (T) 64.0KiB-64.0KiB, ioengine=io_uring, iodepth=32
fio-3.28
Starting 1 thread

"randwrite_64k_32_1": (groupid=0, jobs=1): err= 0: pid=41714: Fri Aug 11 11:04:25 2023
  write: IOPS=8032, BW=502MiB/s (526MB/s)(29.4GiB/60003msec); 0 zone resets
    slat (nsec): min=3897, max=72452, avg=7331.02, stdev=2807.12
    clat (usec): min=750, max=85554, avg=3975.06, stdev=2136.07
     lat (usec): min=758, max=85576, avg=3982.53, stdev=2136.06
    clat percentiles (usec):
     |  1.00th=[ 2638],  5.00th=[ 2835], 10.00th=[ 2933], 20.00th=[ 3064],
     | 30.00th=[ 3163], 40.00th=[ 3261], 50.00th=[ 3392], 60.00th=[ 3589],
     | 70.00th=[ 4293], 80.00th=[ 4621], 90.00th=[ 5014], 95.00th=[ 5669],
     | 99.00th=[13173], 99.50th=[17957], 99.90th=[29492], 99.95th=[34866],
     | 99.99th=[49546]
   bw (  KiB/s): min=438252, max=533888, per=100.00%, avg=514168.62, stdev=11111.73, samples=120
   iops        : min= 6847, max= 8342, avg=8033.85, stdev=173.67, samples=120
  lat (usec)   : 1000=0.01%
  lat (msec)   : 2=0.26%, 4=66.76%, 10=31.35%, 20=1.27%, 50=0.36%
  lat (msec)   : 100=0.01%
  cpu          : usr=3.37%, sys=5.85%, ctx=243310, majf=0, minf=0
  IO depths    : 1=0.0%, 2=0.0%, 4=0.0%, 8=0.0%, 16=0.0%, 32=100.0%, >=64=0.0%
     submit    : 0=0.0%, 4=100.0%, 8=0.0%, 16=0.0%, 32=0.0%, 64=0.0%, >=64=0.0%
     complete  : 0=0.0%, 4=100.0%, 8=0.0%, 16=0.0%, 32=0.1%, 64=0.0%, >=64=0.0%
     issued rwts: total=0,481989,0,0 short=0,0,0,0 dropped=0,0,0,0
     latency   : target=0, window=0, percentile=100.00%, depth=32

Run status group 0 (all jobs):
  WRITE: bw=502MiB/s (526MB/s), 502MiB/s-502MiB/s (526MB/s-526MB/s), io=29.4GiB (31.6GB), run=60003-60003msec
