"randwrite_16k_64_1": (g=0): rw=randwrite, bs=(R) 16.0KiB-16.0KiB, (W) 16.0KiB-16.0KiB, (T) 16.0KiB-16.0KiB, ioengine=io_uring, iodepth=64
fio-3.28
Starting 1 thread

"randwrite_16k_64_1": (groupid=0, jobs=1): err= 0: pid=40528: Fri Aug 11 10:57:22 2023
  write: IOPS=27.2k, BW=426MiB/s (446MB/s)(24.9GiB/60003msec); 0 zone resets
    slat (nsec): min=2592, max=66997, avg=3564.23, stdev=1094.05
    clat (usec): min=785, max=19837, avg=2344.75, stdev=447.67
     lat (usec): min=794, max=19840, avg=2348.42, stdev=447.33
    clat percentiles (usec):
     |  1.00th=[ 1172],  5.00th=[ 2040], 10.00th=[ 2073], 20.00th=[ 2114],
     | 30.00th=[ 2180], 40.00th=[ 2311], 50.00th=[ 2311], 60.00th=[ 2343],
     | 70.00th=[ 2343], 80.00th=[ 2376], 90.00th=[ 3032], 95.00th=[ 3064],
     | 99.00th=[ 3490], 99.50th=[ 3982], 99.90th=[ 5407], 99.95th=[ 6259],
     | 99.99th=[ 8225]
   bw (  KiB/s): min=359136, max=440768, per=100.00%, avg=435976.04, stdev=8123.23, samples=120
   iops        : min=22446, max=27548, avg=27248.48, stdev=507.70, samples=120
  lat (usec)   : 1000=0.01%
  lat (msec)   : 2=4.66%, 4=94.85%, 10=0.48%, 20=0.01%
  cpu          : usr=4.27%, sys=9.89%, ctx=254314, majf=0, minf=0
  IO depths    : 1=0.0%, 2=0.0%, 4=0.0%, 8=0.0%, 16=0.0%, 32=0.0%, >=64=100.0%
     submit    : 0=0.0%, 4=100.0%, 8=0.0%, 16=0.0%, 32=0.0%, 64=0.0%, >=64=0.0%
     complete  : 0=0.0%, 4=100.0%, 8=0.0%, 16=0.0%, 32=0.0%, 64=0.1%, >=64=0.0%
     issued rwts: total=0,1634801,0,0 short=0,0,0,0 dropped=0,0,0,0
     latency   : target=0, window=0, percentile=100.00%, depth=64

Run status group 0 (all jobs):
  WRITE: bw=426MiB/s (446MB/s), 426MiB/s-426MiB/s (446MB/s-446MB/s), io=24.9GiB (26.8GB), run=60003-60003msec
