"randread_64k_64_1": (g=0): rw=randread, bs=(R) 64.0KiB-64.0KiB, (W) 64.0KiB-64.0KiB, (T) 64.0KiB-64.0KiB, ioengine=io_uring, iodepth=64
fio-3.28
Starting 1 thread

"randread_64k_64_1": (groupid=0, jobs=1): err= 0: pid=37762: Fri Aug 11 10:40:54 2023
  read: IOPS=8417, BW=526MiB/s (552MB/s)(30.8GiB/60003msec)
    slat (nsec): min=2872, max=73306, avg=4690.88, stdev=1021.28
    clat (usec): min=1102, max=71349, avg=7596.75, stdev=4560.67
     lat (usec): min=1109, max=71354, avg=7601.57, stdev=4560.67
    clat percentiles (usec):
     |  1.00th=[ 4146],  5.00th=[ 4359], 10.00th=[ 4490], 20.00th=[ 4621],
     | 30.00th=[ 4752], 40.00th=[ 4883], 50.00th=[ 5145], 60.00th=[ 7439],
     | 70.00th=[ 7898], 80.00th=[10552], 90.00th=[13698], 95.00th=[16909],
     | 99.00th=[25035], 99.50th=[28443], 99.90th=[36439], 99.95th=[40633],
     | 99.99th=[49021]
   bw (  KiB/s): min=464384, max=552448, per=100.00%, avg=538798.56, stdev=8989.99, samples=120
   iops        : min= 7256, max= 8632, avg=8418.71, stdev=140.47, samples=120
  lat (msec)   : 2=0.18%, 4=0.20%, 10=77.09%, 20=19.69%, 50=2.85%
  lat (msec)   : 100=0.01%
  cpu          : usr=2.30%, sys=5.64%, ctx=466124, majf=0, minf=0
  IO depths    : 1=0.0%, 2=0.0%, 4=0.0%, 8=0.0%, 16=0.0%, 32=0.0%, >=64=100.0%
     submit    : 0=0.0%, 4=100.0%, 8=0.0%, 16=0.0%, 32=0.0%, 64=0.0%, >=64=0.0%
     complete  : 0=0.0%, 4=100.0%, 8=0.0%, 16=0.0%, 32=0.0%, 64=0.1%, >=64=0.0%
     issued rwts: total=505090,0,0,0 short=0,0,0,0 dropped=0,0,0,0
     latency   : target=0, window=0, percentile=100.00%, depth=64

Run status group 0 (all jobs):
   READ: bw=526MiB/s (552MB/s), 526MiB/s-526MiB/s (552MB/s-552MB/s), io=30.8GiB (33.1GB), run=60003-60003msec
