"randwrite_16k_4_1": (g=0): rw=randwrite, bs=(R) 16.0KiB-16.0KiB, (W) 16.0KiB-16.0KiB, (T) 16.0KiB-16.0KiB, ioengine=io_uring, iodepth=4
fio-3.28
Starting 1 thread

"randwrite_16k_4_1": (groupid=0, jobs=1): err= 0: pid=39754: Fri Aug 11 10:52:39 2023
  write: IOPS=28.3k, BW=442MiB/s (463MB/s)(25.9GiB/60001msec); 0 zone resets
    slat (nsec): min=3145, max=55608, avg=5910.35, stdev=1195.95
    clat (usec): min=48, max=1161, avg=134.16, stdev=19.28
     lat (usec): min=52, max=1165, avg=140.24, stdev=19.29
    clat percentiles (usec):
     |  1.00th=[  118],  5.00th=[  124], 10.00th=[  127], 20.00th=[  129],
     | 30.00th=[  130], 40.00th=[  131], 50.00th=[  133], 60.00th=[  133],
     | 70.00th=[  135], 80.00th=[  139], 90.00th=[  145], 95.00th=[  151],
     | 99.00th=[  165], 99.50th=[  174], 99.90th=[  310], 99.95th=[  734],
     | 99.99th=[  775]
   bw (  KiB/s): min=389664, max=463200, per=100.00%, avg=452598.94, stdev=7643.28, samples=120
   iops        : min=24354, max=28950, avg=28287.43, stdev=477.70, samples=120
  lat (usec)   : 50=0.01%, 100=0.03%, 250=99.84%, 500=0.05%, 750=0.04%
  lat (usec)   : 1000=0.03%
  lat (msec)   : 2=0.01%
  cpu          : usr=9.56%, sys=23.25%, ctx=1580783, majf=0, minf=0
  IO depths    : 1=0.0%, 2=0.0%, 4=100.0%, 8=0.0%, 16=0.0%, 32=0.0%, >=64=0.0%
     submit    : 0=0.0%, 4=100.0%, 8=0.0%, 16=0.0%, 32=0.0%, 64=0.0%, >=64=0.0%
     complete  : 0=0.0%, 4=100.0%, 8=0.0%, 16=0.0%, 32=0.0%, 64=0.0%, >=64=0.0%
     issued rwts: total=0,1697139,0,0 short=0,0,0,0 dropped=0,0,0,0
     latency   : target=0, window=0, percentile=100.00%, depth=4

Run status group 0 (all jobs):
  WRITE: bw=442MiB/s (463MB/s), 442MiB/s-442MiB/s (463MB/s-463MB/s), io=25.9GiB (27.8GB), run=60001-60001msec
