"randread_4k_16_1": (g=0): rw=randread, bs=(R) 4096B-4096B, (W) 4096B-4096B, (T) 4096B-4096B, ioengine=io_uring, iodepth=16
fio-3.28
Starting 1 thread

"randread_4k_16_1": (groupid=0, jobs=1): err= 0: pid=34624: Fri Aug 11 10:22:04 2023
  read: IOPS=67.9k, BW=265MiB/s (278MB/s)(15.5GiB/60001msec)
    slat (nsec): min=2017, max=49192, avg=3000.63, stdev=1389.94
    clat (usec): min=42, max=3476, avg=231.94, stdev=24.68
     lat (usec): min=44, max=3480, avg=235.05, stdev=24.69
    clat percentiles (usec):
     |  1.00th=[  178],  5.00th=[  190], 10.00th=[  212], 20.00th=[  223],
     | 30.00th=[  227], 40.00th=[  231], 50.00th=[  233], 60.00th=[  237],
     | 70.00th=[  239], 80.00th=[  243], 90.00th=[  249], 95.00th=[  260],
     | 99.00th=[  285], 99.50th=[  297], 99.90th=[  433], 99.95th=[  586],
     | 99.99th=[  898]
   bw (  KiB/s): min=221000, max=282344, per=100.00%, avg=271605.00, stdev=5082.12, samples=120
   iops        : min=55250, max=70586, avg=67901.24, stdev=1270.50, samples=120
  lat (usec)   : 50=0.01%, 100=0.04%, 250=90.67%, 500=9.23%, 750=0.04%
  lat (usec)   : 1000=0.03%
  lat (msec)   : 2=0.01%, 4=0.01%
  cpu          : usr=10.59%, sys=21.99%, ctx=1053229, majf=0, minf=0
  IO depths    : 1=0.0%, 2=0.0%, 4=0.0%, 8=0.0%, 16=100.0%, 32=0.0%, >=64=0.0%
     submit    : 0=0.0%, 4=100.0%, 8=0.0%, 16=0.0%, 32=0.0%, 64=0.0%, >=64=0.0%
     complete  : 0=0.0%, 4=100.0%, 8=0.0%, 16=0.1%, 32=0.0%, 64=0.0%, >=64=0.0%
     issued rwts: total=4073812,0,0,0 short=0,0,0,0 dropped=0,0,0,0
     latency   : target=0, window=0, percentile=100.00%, depth=16

Run status group 0 (all jobs):
   READ: bw=265MiB/s (278MB/s), 265MiB/s-265MiB/s (278MB/s-278MB/s), io=15.5GiB (16.7GB), run=60001-60001msec
