"randwrite_4k_16_1": (g=0): rw=randwrite, bs=(R) 4096B-4096B, (W) 4096B-4096B, (T) 4096B-4096B, ioengine=io_uring, iodepth=16
fio-3.28
Starting 1 thread

"randwrite_4k_16_1": (groupid=0, jobs=1): err= 0: pid=38770: Fri Aug 11 10:46:47 2023
  write: IOPS=58.3k, BW=228MiB/s (239MB/s)(13.3GiB/60001msec); 0 zone resets
    slat (nsec): min=2360, max=39253, avg=3366.41, stdev=1085.96
    clat (usec): min=56, max=4449, avg=270.58, stdev=24.13
     lat (usec): min=59, max=4452, avg=274.06, stdev=24.26
    clat percentiles (usec):
     |  1.00th=[  239],  5.00th=[  247], 10.00th=[  253], 20.00th=[  258],
     | 30.00th=[  262], 40.00th=[  265], 50.00th=[  269], 60.00th=[  273],
     | 70.00th=[  277], 80.00th=[  281], 90.00th=[  289], 95.00th=[  302],
     | 99.00th=[  334], 99.50th=[  351], 99.90th=[  478], 99.95th=[  611],
     | 99.99th=[  938]
   bw (  KiB/s): min=188888, max=241768, per=100.00%, avg=233079.46, stdev=4388.07, samples=120
   iops        : min=47222, max=60442, avg=58269.85, stdev=1097.02, samples=120
  lat (usec)   : 100=0.03%, 250=7.54%, 500=92.35%, 750=0.07%, 1000=0.02%
  lat (msec)   : 2=0.01%, 10=0.01%
  cpu          : usr=8.72%, sys=21.86%, ctx=815794, majf=0, minf=0
  IO depths    : 1=0.0%, 2=0.0%, 4=0.0%, 8=0.0%, 16=100.0%, 32=0.0%, >=64=0.0%
     submit    : 0=0.0%, 4=100.0%, 8=0.0%, 16=0.0%, 32=0.0%, 64=0.0%, >=64=0.0%
     complete  : 0=0.0%, 4=100.0%, 8=0.0%, 16=0.1%, 32=0.0%, 64=0.0%, >=64=0.0%
     issued rwts: total=0,3495983,0,0 short=0,0,0,0 dropped=0,0,0,0
     latency   : target=0, window=0, percentile=100.00%, depth=16

Run status group 0 (all jobs):
  WRITE: bw=228MiB/s (239MB/s), 228MiB/s-228MiB/s (239MB/s-239MB/s), io=13.3GiB (14.3GB), run=60001-60001msec
