"randwrite_4k_1_1": (g=0): rw=randwrite, bs=(R) 4096B-4096B, (W) 4096B-4096B, (T) 4096B-4096B, ioengine=io_uring, iodepth=1
fio-3.28
Starting 1 thread

"randwrite_4k_1_1": (groupid=0, jobs=1): err= 0: pid=42799: Fri Aug 11 11:11:34 2023
  write: IOPS=19.9k, BW=77.6MiB/s (81.4MB/s)(4655MiB/60001msec); 0 zone resets
    slat (nsec): min=4447, max=36303, avg=5246.99, stdev=510.99
    clat (usec): min=13, max=955, avg=43.96, stdev=24.30
     lat (usec): min=41, max=961, avg=49.35, stdev=24.31
    clat percentiles (usec):
     |  1.00th=[   39],  5.00th=[   40], 10.00th=[   41], 20.00th=[   42],
     | 30.00th=[   42], 40.00th=[   43], 50.00th=[   43], 60.00th=[   44],
     | 70.00th=[   44], 80.00th=[   45], 90.00th=[   46], 95.00th=[   47],
     | 99.00th=[   51], 99.50th=[   56], 99.90th=[  578], 99.95th=[  586],
     | 99.99th=[  603]
   bw (  KiB/s): min=77544, max=81592, per=100.00%, avg=79455.01, stdev=995.03, samples=120
   iops        : min=19386, max=20400, avg=19863.76, stdev=248.80, samples=120
  lat (usec)   : 20=0.01%, 50=98.95%, 100=0.82%, 250=0.01%, 500=0.02%
  lat (usec)   : 750=0.20%, 1000=0.01%
  cpu          : usr=6.01%, sys=16.64%, ctx=1191869, majf=0, minf=0
  IO depths    : 1=100.0%, 2=0.0%, 4=0.0%, 8=0.0%, 16=0.0%, 32=0.0%, >=64=0.0%
     submit    : 0=0.0%, 4=100.0%, 8=0.0%, 16=0.0%, 32=0.0%, 64=0.0%, >=64=0.0%
     complete  : 0=0.0%, 4=100.0%, 8=0.0%, 16=0.0%, 32=0.0%, 64=0.0%, >=64=0.0%
     issued rwts: total=0,1191751,0,0 short=0,0,0,0 dropped=0,0,0,0
     latency   : target=0, window=0, percentile=100.00%, depth=1

Run status group 0 (all jobs):
  WRITE: bw=77.6MiB/s (81.4MB/s), 77.6MiB/s-77.6MiB/s (81.4MB/s-81.4MB/s), io=4655MiB (4881MB), run=60001-60001msec
