"randwrite_4k_128_1": (g=0): rw=randwrite, bs=(R) 4096B-4096B, (W) 4096B-4096B, (T) 4096B-4096B, ioengine=io_uring, iodepth=128
fio-3.28
Starting 1 thread

"randwrite_4k_128_1": (groupid=0, jobs=1): err= 0: pid=39363: Fri Aug 11 10:50:18 2023
  write: IOPS=45.9k, BW=179MiB/s (188MB/s)(10.5GiB/60001msec); 0 zone resets
    slat (nsec): min=2136, max=67161, avg=2831.77, stdev=841.73
    clat (usec): min=195, max=14853, avg=2785.82, stdev=699.97
     lat (usec): min=206, max=14856, avg=2788.75, stdev=699.74
    clat percentiles (usec):
     |  1.00th=[ 1045],  5.00th=[ 1319], 10.00th=[ 2442], 20.00th=[ 2638],
     | 30.00th=[ 2671], 40.00th=[ 2704], 50.00th=[ 2704], 60.00th=[ 2737],
     | 70.00th=[ 2737], 80.00th=[ 2802], 90.00th=[ 3982], 95.00th=[ 4113],
     | 99.00th=[ 5407], 99.50th=[ 5604], 99.90th=[ 6915], 99.95th=[ 8094],
     | 99.99th=[ 9503]
   bw (  KiB/s): min=146560, max=187952, per=100.00%, avg=183565.28, stdev=3779.07, samples=120
   iops        : min=36640, max=46988, avg=45891.29, stdev=944.76, samples=120
  lat (usec)   : 250=0.01%, 500=0.01%, 750=0.02%, 1000=0.01%
  lat (msec)   : 2=6.16%, 4=83.91%, 10=9.90%, 20=0.01%
  cpu          : usr=6.17%, sys=13.59%, ctx=329978, majf=0, minf=0
  IO depths    : 1=0.0%, 2=0.0%, 4=0.0%, 8=0.0%, 16=0.0%, 32=0.0%, >=64=100.0%
     submit    : 0=0.0%, 4=100.0%, 8=0.0%, 16=0.0%, 32=0.0%, 64=0.0%, >=64=0.0%
     complete  : 0=0.0%, 4=100.0%, 8=0.0%, 16=0.0%, 32=0.0%, 64=0.0%, >=64=0.1%
     issued rwts: total=0,2753436,0,0 short=0,0,0,0 dropped=0,0,0,0
     latency   : target=0, window=0, percentile=100.00%, depth=128

Run status group 0 (all jobs):
  WRITE: bw=179MiB/s (188MB/s), 179MiB/s-179MiB/s (188MB/s-188MB/s), io=10.5GiB (11.3GB), run=60001-60001msec
