"randwrite_64k_4_1": (g=0): rw=randwrite, bs=(R) 64.0KiB-64.0KiB, (W) 64.0KiB-64.0KiB, (T) 64.0KiB-64.0KiB, ioengine=io_uring, iodepth=4
fio-3.28
Starting 1 thread

"randwrite_64k_4_1": (groupid=0, jobs=1): err= 0: pid=41129: Fri Aug 11 11:00:54 2023
  write: IOPS=9732, BW=608MiB/s (638MB/s)(35.6GiB/60001msec); 0 zone resets
    slat (nsec): min=4885, max=49633, avg=7667.57, stdev=1619.35
    clat (usec): min=104, max=1144, avg=402.11, stdev=33.56
     lat (usec): min=111, max=1150, avg=409.93, stdev=33.59
    clat percentiles (usec):
     |  1.00th=[  375],  5.00th=[  383], 10.00th=[  388], 20.00th=[  392],
     | 30.00th=[  392], 40.00th=[  396], 50.00th=[  400], 60.00th=[  404],
     | 70.00th=[  404], 80.00th=[  412], 90.00th=[  416], 95.00th=[  424],
     | 99.00th=[  449], 99.50th=[  482], 99.90th=[ 1037], 99.95th=[ 1057],
     | 99.99th=[ 1074]
   bw (  KiB/s): min=514688, max=636800, per=100.00%, avg=622903.28, stdev=10495.81, samples=120
   iops        : min= 8042, max= 9950, avg=9732.85, stdev=164.00, samples=120
  lat (usec)   : 250=0.03%, 500=99.58%, 750=0.14%, 1000=0.07%
  lat (msec)   : 2=0.18%
  cpu          : usr=3.65%, sys=9.19%, ctx=577917, majf=0, minf=0
  IO depths    : 1=0.0%, 2=0.0%, 4=100.0%, 8=0.0%, 16=0.0%, 32=0.0%, >=64=0.0%
     submit    : 0=0.0%, 4=100.0%, 8=0.0%, 16=0.0%, 32=0.0%, 64=0.0%, >=64=0.0%
     complete  : 0=0.0%, 4=100.0%, 8=0.0%, 16=0.0%, 32=0.0%, 64=0.0%, >=64=0.0%
     issued rwts: total=0,583945,0,0 short=0,0,0,0 dropped=0,0,0,0
     latency   : target=0, window=0, percentile=100.00%, depth=4

Run status group 0 (all jobs):
  WRITE: bw=608MiB/s (638MB/s), 608MiB/s-608MiB/s (638MB/s-638MB/s), io=35.6GiB (38.3GB), run=60001-60001msec
