"randwrite_4k_16_1": (g=0): rw=randwrite, bs=(R) 4096B-4096B, (W) 4096B-4096B, (T) 4096B-4096B, ioengine=io_uring, iodepth=16
fio-3.28
Starting 1 thread

"randwrite_4k_16_1": (groupid=0, jobs=1): err= 0: pid=38760: Fri Aug 11 10:46:47 2023
  write: IOPS=58.2k, BW=227MiB/s (238MB/s)(13.3GiB/60001msec); 0 zone resets
    slat (nsec): min=2421, max=41842, avg=3475.14, stdev=1134.21
    clat (usec): min=167, max=1500, avg=270.74, stdev=22.55
     lat (usec): min=169, max=1505, avg=274.34, stdev=22.69
    clat percentiles (usec):
     |  1.00th=[  239],  5.00th=[  247], 10.00th=[  251], 20.00th=[  258],
     | 30.00th=[  262], 40.00th=[  265], 50.00th=[  269], 60.00th=[  273],
     | 70.00th=[  277], 80.00th=[  281], 90.00th=[  289], 95.00th=[  306],
     | 99.00th=[  338], 99.50th=[  351], 99.90th=[  482], 99.95th=[  611],
     | 99.99th=[  947]
   bw (  KiB/s): min=189920, max=236168, per=100.00%, avg=232790.30, stdev=4272.88, samples=120
   iops        : min=47480, max=59042, avg=58197.57, stdev=1068.23, samples=120
  lat (usec)   : 250=8.26%, 500=91.64%, 750=0.07%, 1000=0.02%
  lat (msec)   : 2=0.01%
  cpu          : usr=9.67%, sys=22.18%, ctx=820941, majf=0, minf=0
  IO depths    : 1=0.0%, 2=0.0%, 4=0.0%, 8=0.0%, 16=100.0%, 32=0.0%, >=64=0.0%
     submit    : 0=0.0%, 4=100.0%, 8=0.0%, 16=0.0%, 32=0.0%, 64=0.0%, >=64=0.0%
     complete  : 0=0.0%, 4=100.0%, 8=0.0%, 16=0.1%, 32=0.0%, 64=0.0%, >=64=0.0%
     issued rwts: total=0,3491633,0,0 short=0,0,0,0 dropped=0,0,0,0
     latency   : target=0, window=0, percentile=100.00%, depth=16

Run status group 0 (all jobs):
  WRITE: bw=227MiB/s (238MB/s), 227MiB/s-227MiB/s (238MB/s-238MB/s), io=13.3GiB (14.3GB), run=60001-60001msec
