"randread_16k_4_1": (g=0): rw=randread, bs=(R) 16.0KiB-16.0KiB, (W) 16.0KiB-16.0KiB, (T) 16.0KiB-16.0KiB, ioengine=io_uring, iodepth=4
fio-3.28
Starting 1 thread

"randread_16k_4_1": (groupid=0, jobs=1): err= 0: pid=35600: Fri Aug 11 10:27:57 2023
  read: IOPS=34.7k, BW=542MiB/s (568MB/s)(31.7GiB/60001msec)
    slat (nsec): min=2592, max=38201, avg=4303.94, stdev=866.77
    clat (usec): min=51, max=1120, avg=110.03, stdev=17.48
     lat (usec): min=55, max=1125, avg=114.48, stdev=17.50
    clat percentiles (usec):
     |  1.00th=[   96],  5.00th=[   99], 10.00th=[  101], 20.00th=[  103],
     | 30.00th=[  105], 40.00th=[  108], 50.00th=[  109], 60.00th=[  110],
     | 70.00th=[  112], 80.00th=[  115], 90.00th=[  121], 95.00th=[  127],
     | 99.00th=[  141], 99.50th=[  147], 99.90th=[  249], 99.95th=[  685],
     | 99.99th=[  734]
   bw (  KiB/s): min=504928, max=571904, per=100.00%, avg=554769.45, stdev=9921.48, samples=120
   iops        : min=31558, max=35744, avg=34673.08, stdev=620.09, samples=120
  lat (usec)   : 100=7.64%, 250=92.26%, 500=0.04%, 750=0.06%, 1000=0.01%
  lat (msec)   : 2=0.01%
  cpu          : usr=9.19%, sys=22.44%, ctx=1983917, majf=0, minf=0
  IO depths    : 1=0.0%, 2=0.0%, 4=100.0%, 8=0.0%, 16=0.0%, 32=0.0%, >=64=0.0%
     submit    : 0=0.0%, 4=100.0%, 8=0.0%, 16=0.0%, 32=0.0%, 64=0.0%, >=64=0.0%
     complete  : 0=0.0%, 4=100.0%, 8=0.0%, 16=0.0%, 32=0.0%, 64=0.0%, >=64=0.0%
     issued rwts: total=2080246,0,0,0 short=0,0,0,0 dropped=0,0,0,0
     latency   : target=0, window=0, percentile=100.00%, depth=4

Run status group 0 (all jobs):
   READ: bw=542MiB/s (568MB/s), 542MiB/s-542MiB/s (568MB/s-568MB/s), io=31.7GiB (34.1GB), run=60001-60001msec
