"randwrite_64k_8_1": (g=0): rw=randwrite, bs=(R) 64.0KiB-64.0KiB, (W) 64.0KiB-64.0KiB, (T) 64.0KiB-64.0KiB, ioengine=io_uring, iodepth=8
fio-3.28
Starting 1 thread

"randwrite_64k_8_1": (groupid=0, jobs=1): err= 0: pid=41317: Fri Aug 11 11:02:04 2023
  write: IOPS=9672, BW=605MiB/s (634MB/s)(35.4GiB/60001msec); 0 zone resets
    slat (nsec): min=4719, max=45943, avg=7276.03, stdev=1791.14
    clat (usec): min=427, max=2077, avg=818.58, stdev=70.07
     lat (usec): min=434, max=2085, avg=826.02, stdev=70.04
    clat percentiles (usec):
     |  1.00th=[  676],  5.00th=[  725], 10.00th=[  750], 20.00th=[  775],
     | 30.00th=[  791], 40.00th=[  799], 50.00th=[  816], 60.00th=[  832],
     | 70.00th=[  840], 80.00th=[  865], 90.00th=[  889], 95.00th=[  914],
     | 99.00th=[  996], 99.50th=[ 1090], 99.90th=[ 1532], 99.95th=[ 1614],
     | 99.99th=[ 1795]
   bw (  KiB/s): min=512768, max=628224, per=100.00%, avg=619079.30, stdev=12856.84, samples=120
   iops        : min= 8012, max= 9816, avg=9673.10, stdev=200.89, samples=120
  lat (usec)   : 500=0.01%, 750=10.86%, 1000=88.16%
  lat (msec)   : 2=0.98%, 4=0.01%
  cpu          : usr=3.55%, sys=8.05%, ctx=452602, majf=0, minf=0
  IO depths    : 1=0.0%, 2=0.0%, 4=0.0%, 8=100.0%, 16=0.0%, 32=0.0%, >=64=0.0%
     submit    : 0=0.0%, 4=100.0%, 8=0.0%, 16=0.0%, 32=0.0%, 64=0.0%, >=64=0.0%
     complete  : 0=0.0%, 4=100.0%, 8=0.1%, 16=0.0%, 32=0.0%, 64=0.0%, >=64=0.0%
     issued rwts: total=0,580348,0,0 short=0,0,0,0 dropped=0,0,0,0
     latency   : target=0, window=0, percentile=100.00%, depth=8

Run status group 0 (all jobs):
  WRITE: bw=605MiB/s (634MB/s), 605MiB/s-605MiB/s (634MB/s-634MB/s), io=35.4GiB (38.0GB), run=60001-60001msec
