"randread_4k_2_1": (g=0): rw=randread, bs=(R) 4096B-4096B, (W) 4096B-4096B, (T) 4096B-4096B, ioengine=io_uring, iodepth=2
fio-3.28
Starting 1 thread

"randread_4k_2_1": (groupid=0, jobs=1): err= 0: pid=34027: Fri Aug 11 10:18:33 2023
  read: IOPS=38.6k, BW=151MiB/s (158MB/s)(9052MiB/60001msec)
    slat (nsec): min=2204, max=43366, avg=3548.49, stdev=775.14
    clat (usec): min=6, max=1889, avg=47.22, stdev=17.07
     lat (usec): min=32, max=1893, avg=50.91, stdev=17.05
    clat percentiles (usec):
     |  1.00th=[   40],  5.00th=[   42], 10.00th=[   43], 20.00th=[   45],
     | 30.00th=[   45], 40.00th=[   46], 50.00th=[   47], 60.00th=[   47],
     | 70.00th=[   48], 80.00th=[   49], 90.00th=[   51], 95.00th=[   53],
     | 99.00th=[   65], 99.50th=[   73], 99.90th=[  133], 99.95th=[  611],
     | 99.99th=[  644]
   bw (  KiB/s): min=137480, max=157560, per=100.00%, avg=154491.72, stdev=2148.80, samples=120
   iops        : min=34370, max=39390, avg=38622.95, stdev=537.21, samples=120
  lat (usec)   : 10=0.01%, 20=0.01%, 50=87.72%, 100=12.14%, 250=0.06%
  lat (usec)   : 500=0.01%, 750=0.08%, 1000=0.01%
  lat (msec)   : 2=0.01%
  cpu          : usr=10.16%, sys=21.60%, ctx=2087693, majf=0, minf=0
  IO depths    : 1=0.0%, 2=100.0%, 4=0.0%, 8=0.0%, 16=0.0%, 32=0.0%, >=64=0.0%
     submit    : 0=0.0%, 4=100.0%, 8=0.0%, 16=0.0%, 32=0.0%, 64=0.0%, >=64=0.0%
     complete  : 0=0.0%, 4=100.0%, 8=0.0%, 16=0.0%, 32=0.0%, 64=0.0%, >=64=0.0%
     issued rwts: total=2317221,0,0,0 short=0,0,0,0 dropped=0,0,0,0
     latency   : target=0, window=0, percentile=100.00%, depth=2

Run status group 0 (all jobs):
   READ: bw=151MiB/s (158MB/s), 151MiB/s-151MiB/s (158MB/s-158MB/s), io=9052MiB (9491MB), run=60001-60001msec
