"randread_4k_8_1": (g=0): rw=randread, bs=(R) 4096B-4096B, (W) 4096B-4096B, (T) 4096B-4096B, ioengine=io_uring, iodepth=8
fio-3.28
Starting 1 thread

"randread_4k_8_1": (groupid=0, jobs=1): err= 0: pid=34425: Fri Aug 11 10:20:54 2023
  read: IOPS=63.3k, BW=247MiB/s (259MB/s)(14.5GiB/60001msec)
    slat (nsec): min=2002, max=71421, avg=3465.93, stdev=983.61
    clat (usec): min=39, max=1211, avg=121.91, stdev=16.76
     lat (usec): min=66, max=1213, avg=125.51, stdev=16.82
    clat percentiles (usec):
     |  1.00th=[  105],  5.00th=[  111], 10.00th=[  113], 20.00th=[  116],
     | 30.00th=[  118], 40.00th=[  120], 50.00th=[  121], 60.00th=[  123],
     | 70.00th=[  125], 80.00th=[  127], 90.00th=[  130], 95.00th=[  135],
     | 99.00th=[  155], 99.50th=[  161], 99.90th=[  243], 99.95th=[  635],
     | 99.99th=[  766]
   bw (  KiB/s): min=216928, max=256296, per=100.00%, avg=253322.17, stdev=3678.31, samples=120
   iops        : min=54232, max=64074, avg=63330.53, stdev=919.58, samples=120
  lat (usec)   : 50=0.01%, 100=0.43%, 250=99.48%, 500=0.05%, 750=0.03%
  lat (usec)   : 1000=0.02%
  lat (msec)   : 2=0.01%
  cpu          : usr=14.36%, sys=30.03%, ctx=1983813, majf=0, minf=0
  IO depths    : 1=0.0%, 2=0.0%, 4=0.0%, 8=100.0%, 16=0.0%, 32=0.0%, >=64=0.0%
     submit    : 0=0.0%, 4=100.0%, 8=0.0%, 16=0.0%, 32=0.0%, 64=0.0%, >=64=0.0%
     complete  : 0=0.0%, 4=100.0%, 8=0.1%, 16=0.0%, 32=0.0%, 64=0.0%, >=64=0.0%
     issued rwts: total=3799591,0,0,0 short=0,0,0,0 dropped=0,0,0,0
     latency   : target=0, window=0, percentile=100.00%, depth=8

Run status group 0 (all jobs):
   READ: bw=247MiB/s (259MB/s), 247MiB/s-247MiB/s (259MB/s-259MB/s), io=14.5GiB (15.6GB), run=60001-60001msec
