"randwrite_64k_1_1": (g=0): rw=randwrite, bs=(R) 64.0KiB-64.0KiB, (W) 64.0KiB-64.0KiB, (T) 64.0KiB-64.0KiB, ioengine=io_uring, iodepth=1
fio-3.28
Starting 1 thread

"randwrite_64k_1_1": (groupid=0, jobs=1): err= 0: pid=43142: Fri Aug 11 11:13:55 2023
  write: IOPS=6802, BW=425MiB/s (446MB/s)(24.9GiB/60001msec); 0 zone resets
    slat (nsec): min=7800, max=62236, avg=9122.81, stdev=752.35
    clat (usec): min=78, max=12207, avg=136.60, stdev=34.95
     lat (usec): min=101, max=12217, avg=145.88, stdev=34.94
    clat percentiles (usec):
     |  1.00th=[  125],  5.00th=[  128], 10.00th=[  129], 20.00th=[  131],
     | 30.00th=[  133], 40.00th=[  135], 50.00th=[  135], 60.00th=[  137],
     | 70.00th=[  137], 80.00th=[  139], 90.00th=[  141], 95.00th=[  145],
     | 99.00th=[  157], 99.50th=[  167], 99.90th=[  701], 99.95th=[  709],
     | 99.99th=[  725]
   bw (  KiB/s): min=391552, max=438784, per=100.00%, avg=435395.47, stdev=4349.87, samples=120
   iops        : min= 6118, max= 6856, avg=6803.03, stdev=67.96, samples=120
  lat (usec)   : 100=0.01%, 250=99.67%, 500=0.06%, 750=0.26%, 1000=0.01%
  lat (msec)   : 20=0.01%
  cpu          : usr=2.44%, sys=8.21%, ctx=408277, majf=0, minf=0
  IO depths    : 1=100.0%, 2=0.0%, 4=0.0%, 8=0.0%, 16=0.0%, 32=0.0%, >=64=0.0%
     submit    : 0=0.0%, 4=100.0%, 8=0.0%, 16=0.0%, 32=0.0%, 64=0.0%, >=64=0.0%
     complete  : 0=0.0%, 4=100.0%, 8=0.0%, 16=0.0%, 32=0.0%, 64=0.0%, >=64=0.0%
     issued rwts: total=0,408161,0,0 short=0,0,0,0 dropped=0,0,0,0
     latency   : target=0, window=0, percentile=100.00%, depth=1

Run status group 0 (all jobs):
  WRITE: bw=425MiB/s (446MB/s), 425MiB/s-425MiB/s (446MB/s-446MB/s), io=24.9GiB (26.7GB), run=60001-60001msec
