"randread_16k_4_1": (g=0): rw=randread, bs=(R) 16.0KiB-16.0KiB, (W) 16.0KiB-16.0KiB, (T) 16.0KiB-16.0KiB, ioengine=io_uring, iodepth=4
fio-3.28
Starting 1 thread

"randread_16k_4_1": (groupid=0, jobs=1): err= 0: pid=35602: Fri Aug 11 10:27:57 2023
  read: IOPS=34.1k, BW=532MiB/s (558MB/s)(31.2GiB/60001msec)
    slat (nsec): min=2623, max=39451, avg=4520.77, stdev=925.35
    clat (usec): min=42, max=1106, avg=111.80, stdev=17.66
     lat (usec): min=45, max=1110, avg=116.49, stdev=17.64
    clat percentiles (usec):
     |  1.00th=[   97],  5.00th=[  100], 10.00th=[  102], 20.00th=[  105],
     | 30.00th=[  106], 40.00th=[  109], 50.00th=[  110], 60.00th=[  112],
     | 70.00th=[  115], 80.00th=[  118], 90.00th=[  124], 95.00th=[  129],
     | 99.00th=[  143], 99.50th=[  149], 99.90th=[  260], 99.95th=[  693],
     | 99.99th=[  742]
   bw (  KiB/s): min=490368, max=561888, per=100.00%, avg=544844.79, stdev=8344.35, samples=120
   iops        : min=30648, max=35118, avg=34052.76, stdev=521.54, samples=120
  lat (usec)   : 50=0.01%, 100=4.60%, 250=95.28%, 500=0.05%, 750=0.05%
  lat (usec)   : 1000=0.01%
  lat (msec)   : 2=0.01%
  cpu          : usr=9.79%, sys=23.14%, ctx=1934645, majf=0, minf=0
  IO depths    : 1=0.0%, 2=0.0%, 4=100.0%, 8=0.0%, 16=0.0%, 32=0.0%, >=64=0.0%
     submit    : 0=0.0%, 4=100.0%, 8=0.0%, 16=0.0%, 32=0.0%, 64=0.0%, >=64=0.0%
     complete  : 0=0.0%, 4=100.0%, 8=0.0%, 16=0.0%, 32=0.0%, 64=0.0%, >=64=0.0%
     issued rwts: total=2043063,0,0,0 short=0,0,0,0 dropped=0,0,0,0
     latency   : target=0, window=0, percentile=100.00%, depth=4

Run status group 0 (all jobs):
   READ: bw=532MiB/s (558MB/s), 532MiB/s-532MiB/s (558MB/s-558MB/s), io=31.2GiB (33.5GB), run=60001-60001msec
