"randread_16k_128_1": (g=0): rw=randread, bs=(R) 16.0KiB-16.0KiB, (W) 16.0KiB-16.0KiB, (T) 16.0KiB-16.0KiB, ioengine=io_uring, iodepth=128
fio-3.28
Starting 1 thread

"randread_16k_128_1": (groupid=0, jobs=1): err= 0: pid=36581: Fri Aug 11 10:33:50 2023
  read: IOPS=31.3k, BW=489MiB/s (512MB/s)(28.6GiB/60003msec)
    slat (usec): min=2, max=141, avg= 3.35, stdev= 1.72
    clat (usec): min=714, max=67379, avg=4088.71, stdev=1602.01
     lat (usec): min=729, max=67381, avg=4092.16, stdev=1601.67
    clat percentiles (usec):
     |  1.00th=[ 1123],  5.00th=[ 1172], 10.00th=[ 1221], 20.00th=[ 3916],
     | 30.00th=[ 3982], 40.00th=[ 3982], 50.00th=[ 4015], 60.00th=[ 4047],
     | 70.00th=[ 4113], 80.00th=[ 4359], 90.00th=[ 5735], 95.00th=[ 6849],
     | 99.00th=[ 9241], 99.50th=[10290], 99.90th=[15926], 99.95th=[19006],
     | 99.99th=[32900]
   bw (  KiB/s): min=409280, max=504960, per=100.00%, avg=500412.47, stdev=10464.57, samples=120
   iops        : min=25580, max=31560, avg=31275.70, stdev=654.13, samples=120
  lat (usec)   : 750=0.01%, 1000=0.02%
  lat (msec)   : 2=11.00%, 4=30.79%, 10=57.56%, 20=0.59%, 50=0.04%
  lat (msec)   : 100=0.01%
  cpu          : usr=5.00%, sys=11.25%, ctx=212908, majf=0, minf=0
  IO depths    : 1=0.0%, 2=0.0%, 4=0.0%, 8=0.0%, 16=0.0%, 32=0.0%, >=64=100.0%
     submit    : 0=0.0%, 4=100.0%, 8=0.0%, 16=0.0%, 32=0.0%, 64=0.0%, >=64=0.0%
     complete  : 0=0.0%, 4=100.0%, 8=0.0%, 16=0.0%, 32=0.0%, 64=0.0%, >=64=0.1%
     issued rwts: total=1876428,0,0,0 short=0,0,0,0 dropped=0,0,0,0
     latency   : target=0, window=0, percentile=100.00%, depth=128

Run status group 0 (all jobs):
   READ: bw=489MiB/s (512MB/s), 489MiB/s-489MiB/s (512MB/s-512MB/s), io=28.6GiB (30.7GB), run=60003-60003msec
