randread_1m_128_2: (g=0): rw=randread, bs=(R) 1024KiB-1024KiB, (W) 1024KiB-1024KiB, (T) 1024KiB-1024KiB, ioengine=io_uring, iodepth=128
...
fio-3.28
Starting 2 threads

randread_1m_128_2: (groupid=0, jobs=2): err= 0: pid=15747: Sun Feb 26 22:02:03 2023
  read: IOPS=2437, BW=2442MiB/s (2560MB/s)(143GiB/60105msec)
    slat (usec): min=91, max=203, avg=103.86, stdev= 5.81
    clat (msec): min=101, max=207, avg=104.83, stdev= 2.57
     lat (msec): min=101, max=207, avg=104.93, stdev= 2.57
    clat percentiles (msec):
     |  1.00th=[  104],  5.00th=[  104], 10.00th=[  105], 20.00th=[  105],
     | 30.00th=[  105], 40.00th=[  105], 50.00th=[  105], 60.00th=[  106],
     | 70.00th=[  106], 80.00th=[  106], 90.00th=[  106], 95.00th=[  107],
     | 99.00th=[  108], 99.50th=[  108], 99.90th=[  148], 99.95th=[  178],
     | 99.99th=[  201]
   bw (  MiB/s): min= 2418, max= 2472, per=100.00%, avg=2441.83, stdev= 5.26, samples=240
   iops        : min= 2418, max= 2472, avg=2441.80, stdev= 5.26, samples=240
  lat (msec)   : 250=100.17%
  cpu          : usr=0.40%, sys=12.92%, ctx=146460, majf=0, minf=0
  IO depths    : 1=0.0%, 2=0.0%, 4=0.0%, 8=0.0%, 16=0.0%, 32=0.0%, >=64=100.0%
     submit    : 0=0.0%, 4=100.0%, 8=0.0%, 16=0.0%, 32=0.0%, 64=0.0%, >=64=0.0%
     complete  : 0=0.0%, 4=100.0%, 8=0.0%, 16=0.0%, 32=0.0%, 64=0.0%, >=64=0.1%
     issued rwts: total=146503,0,0,0 short=0,0,0,0 dropped=0,0,0,0
     latency   : target=0, window=0, percentile=100.00%, depth=128

Run status group 0 (all jobs):
   READ: bw=2442MiB/s (2560MB/s), 2442MiB/s-2442MiB/s (2560MB/s-2560MB/s), io=143GiB (154GB), run=60105-60105msec
