randwrite_256k_2_2: (g=0): rw=randwrite, bs=(R) 256KiB-256KiB, (W) 256KiB-256KiB, (T) 256KiB-256KiB, ioengine=io_uring, iodepth=2
...
fio-3.28
Starting 2 threads

randwrite_256k_2_2: (groupid=0, jobs=2): err= 0: pid=18152: Sun Feb 26 23:10:01 2023
  write: IOPS=6132, BW=1533MiB/s (1608MB/s)(89.8GiB/60001msec); 0 zone resets
    slat (usec): min=27, max=189, avg=41.98, stdev= 6.15
    clat (usec): min=289, max=2605, avg=608.91, stdev=231.67
     lat (usec): min=334, max=2641, avg=651.09, stdev=231.57
    clat percentiles (usec):
     |  1.00th=[  363],  5.00th=[  404], 10.00th=[  429], 20.00th=[  461],
     | 30.00th=[  498], 40.00th=[  523], 50.00th=[  553], 60.00th=[  594],
     | 70.00th=[  635], 80.00th=[  693], 90.00th=[  807], 95.00th=[  947],
     | 99.00th=[ 1745], 99.50th=[ 1893], 99.90th=[ 2114], 99.95th=[ 2180],
     | 99.99th=[ 2343]
   bw (  MiB/s): min= 1192, max= 1678, per=100.00%, avg=1533.39, stdev=50.57, samples=240
   iops        : min= 4770, max= 6714, avg=6133.53, stdev=202.28, samples=240
  lat (usec)   : 500=31.37%, 750=54.60%, 1000=9.76%
  lat (msec)   : 2=4.04%, 4=0.24%
  cpu          : usr=3.35%, sys=11.14%, ctx=333123, majf=0, minf=0
  IO depths    : 1=0.0%, 2=100.0%, 4=0.0%, 8=0.0%, 16=0.0%, 32=0.0%, >=64=0.0%
     submit    : 0=0.0%, 4=100.0%, 8=0.0%, 16=0.0%, 32=0.0%, 64=0.0%, >=64=0.0%
     complete  : 0=0.0%, 4=100.0%, 8=0.0%, 16=0.0%, 32=0.0%, 64=0.0%, >=64=0.0%
     issued rwts: total=0,367978,0,0 short=0,0,0,0 dropped=0,0,0,0
     latency   : target=0, window=0, percentile=100.00%, depth=2

Run status group 0 (all jobs):
  WRITE: bw=1533MiB/s (1608MB/s), 1533MiB/s-1533MiB/s (1608MB/s-1608MB/s), io=89.8GiB (96.5GB), run=60001-60001msec
