randwrite_1_128_2: (g=0): rw=randwrite, bs=(R) 1B-1B, (W) 1B-1B, (T) 1B-1B, ioengine=io_uring, iodepth=128
...
fio-3.28
Starting 2 threads

randwrite_1_128_2: (groupid=0, jobs=2): err= 0: pid=16098: Sun Feb 26 22:11:26 2023
  write: IOPS=64.5k, BW=63.0KiB/s (64.5kB/s)(3778KiB/60005msec); 0 zone resets
    slat (nsec): min=3080, max=36572, avg=5840.37, stdev=1612.17
    clat (usec): min=2386, max=7861, avg=3964.45, stdev=765.52
     lat (usec): min=2393, max=7866, avg=3970.41, stdev=765.53
    clat percentiles (usec):
     |  1.00th=[ 2769],  5.00th=[ 2933], 10.00th=[ 3032], 20.00th=[ 3195],
     | 30.00th=[ 3392], 40.00th=[ 3621], 50.00th=[ 3884], 60.00th=[ 4178],
     | 70.00th=[ 4424], 80.00th=[ 4686], 90.00th=[ 5014], 95.00th=[ 5276],
     | 99.00th=[ 5800], 99.50th=[ 5932], 99.90th=[ 6128], 99.95th=[ 6194],
     | 99.99th=[ 6390]
   bw (  KiB/s): min=   52, max=   76, per=98.48%, avg=62.00, stdev= 2.52, samples=240
   iops        : min=54880, max=78264, avg=64471.72, stdev=2551.69, samples=240
  lat (msec)   : 4=53.97%, 10=46.04%
  cpu          : usr=6.36%, sys=21.17%, ctx=1872718, majf=0, minf=0
  IO depths    : 1=0.0%, 2=0.0%, 4=0.0%, 8=0.0%, 16=0.0%, 32=0.0%, >=64=100.0%
     submit    : 0=0.0%, 4=100.0%, 8=0.0%, 16=0.0%, 32=0.0%, 64=0.0%, >=64=0.0%
     complete  : 0=0.0%, 4=100.0%, 8=0.0%, 16=0.0%, 32=0.0%, 64=0.0%, >=64=0.1%
     issued rwts: total=0,3868097,0,0 short=0,0,0,0 dropped=0,0,0,0
     latency   : target=0, window=0, percentile=100.00%, depth=128

Run status group 0 (all jobs):
  WRITE: bw=63.0KiB/s (64.5kB/s), 63.0KiB/s-63.0KiB/s (64.5kB/s-64.5kB/s), io=3778KiB (3868kB), run=60005-60005msec
