randwrite_512k_16_2: (g=0): rw=randwrite, bs=(R) 512KiB-512KiB, (W) 512KiB-512KiB, (T) 512KiB-512KiB, ioengine=io_uring, iodepth=16
...
fio-3.28
Starting 2 threads

randwrite_512k_16_2: (groupid=0, jobs=2): err= 0: pid=18605: Sun Feb 26 23:22:55 2023
  write: IOPS=4222, BW=2111MiB/s (2214MB/s)(124GiB/60006msec); 0 zone resets
    slat (usec): min=70, max=288, avg=109.42, stdev=17.72
    clat (usec): min=3687, max=12584, avg=7467.28, stdev=1016.45
     lat (usec): min=3816, max=12681, avg=7576.96, stdev=1014.72
    clat percentiles (usec):
     |  1.00th=[ 5014],  5.00th=[ 5669], 10.00th=[ 6063], 20.00th=[ 6587],
     | 30.00th=[ 7046], 40.00th=[ 7308], 50.00th=[ 7570], 60.00th=[ 7832],
     | 70.00th=[ 8029], 80.00th=[ 8291], 90.00th=[ 8586], 95.00th=[ 8979],
     | 99.00th=[ 9634], 99.50th=[10159], 99.90th=[11076], 99.95th=[11469],
     | 99.99th=[11994]
   bw (  MiB/s): min= 2035, max= 2327, per=100.00%, avg=2111.48, stdev=30.67, samples=240
   iops        : min= 4070, max= 4654, avg=4222.95, stdev=61.33, samples=240
  lat (msec)   : 4=0.01%, 10=99.38%, 20=0.62%
  cpu          : usr=10.43%, sys=13.35%, ctx=90681, majf=0, minf=0
  IO depths    : 1=0.0%, 2=0.0%, 4=0.0%, 8=0.0%, 16=100.0%, 32=0.0%, >=64=0.0%
     submit    : 0=0.0%, 4=100.0%, 8=0.0%, 16=0.0%, 32=0.0%, 64=0.0%, >=64=0.0%
     complete  : 0=0.0%, 4=100.0%, 8=0.0%, 16=0.1%, 32=0.0%, 64=0.0%, >=64=0.0%
     issued rwts: total=0,253363,0,0 short=0,0,0,0 dropped=0,0,0,0
     latency   : target=0, window=0, percentile=100.00%, depth=16

Run status group 0 (all jobs):
  WRITE: bw=2111MiB/s (2214MB/s), 2111MiB/s-2111MiB/s (2214MB/s-2214MB/s), io=124GiB (133GB), run=60006-60006msec
