randread_64k_4_2: (g=0): rw=randread, bs=(R) 64.0KiB-64.0KiB, (W) 64.0KiB-64.0KiB, (T) 64.0KiB-64.0KiB, ioengine=io_uring, iodepth=4
...
fio-3.28
Starting 2 threads

randread_64k_4_2: (groupid=0, jobs=2): err= 0: pid=14267: Sun Feb 26 21:18:41 2023
  read: IOPS=20.1k, BW=1253MiB/s (1314MB/s)(73.4GiB/60001msec)
    slat (usec): min=7, max=107, avg=12.12, stdev= 1.72
    clat (usec): min=98, max=1822, avg=385.82, stdev=94.09
     lat (usec): min=144, max=1833, avg=398.10, stdev=94.10
    clat percentiles (usec):
     |  1.00th=[  206],  5.00th=[  241], 10.00th=[  269], 20.00th=[  302],
     | 30.00th=[  326], 40.00th=[  355], 50.00th=[  383], 60.00th=[  412],
     | 70.00th=[  437], 80.00th=[  461], 90.00th=[  502], 95.00th=[  553],
     | 99.00th=[  627], 99.50th=[  660], 99.90th=[  725], 99.95th=[  758],
     | 99.99th=[  840]
   bw (  MiB/s): min= 1060, max= 1397, per=100.00%, avg=1253.53, stdev=30.81, samples=240
   iops        : min=16974, max=22364, avg=20056.48, stdev=493.00, samples=240
  lat (usec)   : 100=0.01%, 250=6.45%, 500=83.13%, 750=10.37%, 1000=0.06%
  lat (msec)   : 2=0.01%
  cpu          : usr=2.48%, sys=14.32%, ctx=1108885, majf=0, minf=0
  IO depths    : 1=0.0%, 2=0.0%, 4=100.0%, 8=0.0%, 16=0.0%, 32=0.0%, >=64=0.0%
     submit    : 0=0.0%, 4=100.0%, 8=0.0%, 16=0.0%, 32=0.0%, 64=0.0%, >=64=0.0%
     complete  : 0=0.0%, 4=100.0%, 8=0.0%, 16=0.0%, 32=0.0%, 64=0.0%, >=64=0.0%
     issued rwts: total=1203315,0,0,0 short=0,0,0,0 dropped=0,0,0,0
     latency   : target=0, window=0, percentile=100.00%, depth=4

Run status group 0 (all jobs):
   READ: bw=1253MiB/s (1314MB/s), 1253MiB/s-1253MiB/s (1314MB/s-1314MB/s), io=73.4GiB (78.9GB), run=60001-60001msec
