randwrite_4k_1_2: (g=0): rw=randwrite, bs=(R) 4096B-4096B, (W) 4096B-4096B, (T) 4096B-4096B, ioengine=io_uring, iodepth=1
...
fio-3.28
Starting 2 threads

randwrite_4k_1_2: (groupid=0, jobs=2): err= 0: pid=16138: Sun Feb 26 22:12:36 2023
  write: IOPS=16.0k, BW=62.5MiB/s (65.5MB/s)(3748MiB/60001msec); 0 zone resets
    slat (nsec): min=4005, max=69861, avg=6307.93, stdev=801.37
    clat (usec): min=36, max=877, avg=117.78, stdev=37.94
     lat (usec): min=67, max=883, avg=124.23, stdev=37.97
    clat percentiles (usec):
     |  1.00th=[   69],  5.00th=[   72], 10.00th=[   73], 20.00th=[   77],
     | 30.00th=[   83], 40.00th=[  108], 50.00th=[  123], 60.00th=[  131],
     | 70.00th=[  137], 80.00th=[  147], 90.00th=[  165], 95.00th=[  182],
     | 99.00th=[  219], 99.50th=[  239], 99.90th=[  289], 99.95th=[  310],
     | 99.99th=[  375]
   bw (  KiB/s): min=47168, max=94776, per=100.00%, avg=63969.02, stdev=7160.46, samples=240
   iops        : min=11792, max=23694, avg=15992.23, stdev=1790.10, samples=240
  lat (usec)   : 50=0.01%, 100=37.73%, 250=61.92%, 500=0.35%, 750=0.01%
  lat (usec)   : 1000=0.01%
  cpu          : usr=2.18%, sys=6.76%, ctx=959592, majf=0, minf=0
  IO depths    : 1=100.0%, 2=0.0%, 4=0.0%, 8=0.0%, 16=0.0%, 32=0.0%, >=64=0.0%
     submit    : 0=0.0%, 4=100.0%, 8=0.0%, 16=0.0%, 32=0.0%, 64=0.0%, >=64=0.0%
     complete  : 0=0.0%, 4=100.0%, 8=0.0%, 16=0.0%, 32=0.0%, 64=0.0%, >=64=0.0%
     issued rwts: total=0,959485,0,0 short=0,0,0,0 dropped=0,0,0,0
     latency   : target=0, window=0, percentile=100.00%, depth=1

Run status group 0 (all jobs):
  WRITE: bw=62.5MiB/s (65.5MB/s), 62.5MiB/s-62.5MiB/s (65.5MB/s-65.5MB/s), io=3748MiB (3930MB), run=60001-60001msec
