randread_128k_2_2: (g=0): rw=randread, bs=(R) 128KiB-128KiB, (W) 128KiB-128KiB, (T) 128KiB-128KiB, ioengine=io_uring, iodepth=2
...
fio-3.28
Starting 2 threads

randread_128k_2_2: (groupid=0, jobs=2): err= 0: pid=14557: Sun Feb 26 21:26:53 2023
  read: IOPS=10.6k, BW=1319MiB/s (1383MB/s)(77.3GiB/60001msec)
    slat (nsec): min=15126, max=79699, avg=18690.82, stdev=1333.37
    clat (usec): min=139, max=1151, avg=359.44, stdev=86.73
     lat (usec): min=157, max=1171, avg=378.29, stdev=86.74
    clat percentiles (usec):
     |  1.00th=[  206],  5.00th=[  231], 10.00th=[  249], 20.00th=[  277],
     | 30.00th=[  306], 40.00th=[  334], 50.00th=[  359], 60.00th=[  383],
     | 70.00th=[  404], 80.00th=[  429], 90.00th=[  474], 95.00th=[  510],
     | 99.00th=[  594], 99.50th=[  611], 99.90th=[  660], 99.95th=[  685],
     | 99.99th=[  758]
   bw (  MiB/s): min= 1140, max= 1482, per=100.00%, avg=1318.86, stdev=40.54, samples=240
   iops        : min= 9120, max=11858, avg=10550.83, stdev=324.29, samples=240
  lat (usec)   : 250=10.29%, 500=83.96%, 750=5.74%, 1000=0.01%
  lat (msec)   : 2=0.01%
  cpu          : usr=1.38%, sys=10.97%, ctx=630972, majf=0, minf=0
  IO depths    : 1=0.0%, 2=100.0%, 4=0.0%, 8=0.0%, 16=0.0%, 32=0.0%, >=64=0.0%
     submit    : 0=0.0%, 4=100.0%, 8=0.0%, 16=0.0%, 32=0.0%, 64=0.0%, >=64=0.0%
     complete  : 0=0.0%, 4=100.0%, 8=0.0%, 16=0.0%, 32=0.0%, 64=0.0%, >=64=0.0%
     issued rwts: total=633021,0,0,0 short=0,0,0,0 dropped=0,0,0,0
     latency   : target=0, window=0, percentile=100.00%, depth=2

Run status group 0 (all jobs):
   READ: bw=1319MiB/s (1383MB/s), 1319MiB/s-1319MiB/s (1383MB/s-1383MB/s), io=77.3GiB (83.0GB), run=60001-60001msec
