randwrite_1m_32_2: (g=0): rw=randwrite, bs=(R) 1024KiB-1024KiB, (W) 1024KiB-1024KiB, (T) 1024KiB-1024KiB, ioengine=io_uring, iodepth=32
...
fio-3.28
Starting 2 threads

randwrite_1m_32_2: (groupid=0, jobs=2): err= 0: pid=18963: Sun Feb 26 23:33:28 2023
  write: IOPS=1948, BW=1950MiB/s (2044MB/s)(114GiB/60026msec); 0 zone resets
    slat (usec): min=148, max=512, avg=260.59, stdev=47.01
    clat (usec): min=21939, max=57254, avg=32572.37, stdev=2319.09
     lat (usec): min=22165, max=57557, avg=32833.17, stdev=2311.40
    clat percentiles (usec):
     |  1.00th=[26870],  5.00th=[28443], 10.00th=[30016], 20.00th=[30540],
     | 30.00th=[31065], 40.00th=[31589], 50.00th=[32637], 60.00th=[33817],
     | 70.00th=[34341], 80.00th=[34341], 90.00th=[35390], 95.00th=[35914],
     | 99.00th=[36963], 99.50th=[37487], 99.90th=[38536], 99.95th=[39584],
     | 99.99th=[49546]
   bw (  MiB/s): min= 1802, max= 2182, per=100.00%, avg=1949.59, stdev=41.36, samples=240
   iops        : min= 1802, max= 2182, avg=1949.48, stdev=41.37, samples=240
  lat (msec)   : 50=100.04%, 100=0.01%
  cpu          : usr=13.59%, sys=12.12%, ctx=40704, majf=0, minf=0
  IO depths    : 1=0.0%, 2=0.0%, 4=0.0%, 8=0.0%, 16=0.0%, 32=100.0%, >=64=0.0%
     submit    : 0=0.0%, 4=100.0%, 8=0.0%, 16=0.0%, 32=0.0%, 64=0.0%, >=64=0.0%
     complete  : 0=0.0%, 4=100.0%, 8=0.0%, 16=0.0%, 32=0.1%, 64=0.0%, >=64=0.0%
     issued rwts: total=0,116962,0,0 short=0,0,0,0 dropped=0,0,0,0
     latency   : target=0, window=0, percentile=100.00%, depth=32

Run status group 0 (all jobs):
  WRITE: bw=1950MiB/s (2044MB/s), 1950MiB/s-1950MiB/s (2044MB/s-2044MB/s), io=114GiB (123GB), run=60026-60026msec
