randwrite_8k_128_2: (g=0): rw=randwrite, bs=(R) 8192B-8192B, (W) 8192B-8192B, (T) 8192B-8192B, ioengine=io_uring, iodepth=128
...
fio-3.28
Starting 2 threads

randwrite_8k_128_2: (groupid=0, jobs=2): err= 0: pid=22183: Thu Apr  6 14:02:56 2023
  write: IOPS=226k, BW=1765MiB/s (1851MB/s)(103GiB/60001msec); 0 zone resets
    slat (nsec): min=2127, max=81624, avg=6441.90, stdev=2298.29
    clat (usec): min=621, max=2378, avg=1126.27, stdev=360.80
     lat (usec): min=632, max=2384, avg=1132.82, stdev=359.60
    clat percentiles (usec):
     |  1.00th=[  725],  5.00th=[  742], 10.00th=[  750], 20.00th=[  766],
     | 30.00th=[  775], 40.00th=[  783], 50.00th=[  857], 60.00th=[ 1450],
     | 70.00th=[ 1467], 80.00th=[ 1500], 90.00th=[ 1532], 95.00th=[ 1549],
     | 99.00th=[ 1582], 99.50th=[ 1598], 99.90th=[ 1631], 99.95th=[ 1647],
     | 99.99th=[ 1680]
   bw (  MiB/s): min= 1760, max= 1770, per=100.00%, avg=1765.15, stdev= 0.94, samples=240
   iops        : min=225314, max=226584, avg=225939.09, stdev=120.32, samples=240
  lat (usec)   : 750=9.70%, 1000=40.47%
  lat (msec)   : 2=49.84%, 4=0.01%
  cpu          : usr=12.87%, sys=73.58%, ctx=1818675, majf=0, minf=0
  IO depths    : 1=0.0%, 2=0.0%, 4=0.0%, 8=0.0%, 16=0.0%, 32=0.0%, >=64=100.0%
     submit    : 0=0.0%, 4=100.0%, 8=0.0%, 16=0.0%, 32=0.0%, 64=0.0%, >=64=0.0%
     complete  : 0=0.0%, 4=100.0%, 8=0.0%, 16=0.0%, 32=0.0%, 64=0.0%, >=64=0.1%
     issued rwts: total=0,13554177,0,0 short=0,0,0,0 dropped=0,0,0,0
     latency   : target=0, window=0, percentile=100.00%, depth=128

Run status group 0 (all jobs):
  WRITE: bw=1765MiB/s (1851MB/s), 1765MiB/s-1765MiB/s (1851MB/s-1851MB/s), io=103GiB (111GB), run=60001-60001msec
