randwrite_16k_4_2: (g=0): rw=randwrite, bs=(R) 16.0KiB-16.0KiB, (W) 16.0KiB-16.0KiB, (T) 16.0KiB-16.0KiB, ioengine=io_uring, iodepth=4
...
fio-3.28
Starting 2 threads

randwrite_16k_4_2: (groupid=0, jobs=2): err= 0: pid=22373: Thu Apr  6 14:08:47 2023
  write: IOPS=92.8k, BW=1450MiB/s (1521MB/s)(85.0GiB/60001msec); 0 zone resets
    slat (usec): min=3, max=147, avg= 6.83, stdev= 1.66
    clat (nsec): min=579, max=1733.5k, avg=78739.99, stdev=19103.48
     lat (usec): min=50, max=1739, avg=85.65, stdev=19.23
    clat percentiles (usec):
     |  1.00th=[   49],  5.00th=[   57], 10.00th=[   64], 20.00th=[   70],
     | 30.00th=[   71], 40.00th=[   74], 50.00th=[   76], 60.00th=[   79],
     | 70.00th=[   81], 80.00th=[   85], 90.00th=[   92], 95.00th=[  126],
     | 99.00th=[  159], 99.50th=[  165], 99.90th=[  178], 99.95th=[  182],
     | 99.99th=[  200]
   bw (  MiB/s): min= 1285, max= 1462, per=100.00%, avg=1450.36, stdev= 8.51, samples=240
   iops        : min=82270, max=93588, avg=92823.01, stdev=544.41, samples=240
  lat (nsec)   : 750=0.01%
  lat (usec)   : 50=1.43%, 100=91.60%, 250=6.97%, 500=0.01%
  lat (msec)   : 2=0.01%
  cpu          : usr=8.16%, sys=39.71%, ctx=4221352, majf=0, minf=0
  IO depths    : 1=0.0%, 2=0.0%, 4=100.0%, 8=0.0%, 16=0.0%, 32=0.0%, >=64=0.0%
     submit    : 0=0.0%, 4=100.0%, 8=0.0%, 16=0.0%, 32=0.0%, 64=0.0%, >=64=0.0%
     complete  : 0=0.0%, 4=100.0%, 8=0.0%, 16=0.0%, 32=0.0%, 64=0.0%, >=64=0.0%
     issued rwts: total=0,5568481,0,0 short=0,0,0,0 dropped=0,0,0,0
     latency   : target=0, window=0, percentile=100.00%, depth=4

Run status group 0 (all jobs):
  WRITE: bw=1450MiB/s (1521MB/s), 1450MiB/s-1450MiB/s (1521MB/s-1521MB/s), io=85.0GiB (91.2GB), run=60001-60001msec
