"randread_64k_2_1": (g=0): rw=randread, bs=(R) 64.0KiB-64.0KiB, (W) 64.0KiB-64.0KiB, (T) 64.0KiB-64.0KiB, ioengine=io_uring, iodepth=2
fio-3.28
Starting 1 thread

"randread_64k_2_1": (groupid=0, jobs=1): err= 0: pid=7504: Thu Aug 10 20:51:33 2023
  read: IOPS=17.0k, BW=1061MiB/s (1113MB/s)(62.2GiB/60001msec)
    slat (nsec): min=3981, max=43564, avg=5920.64, stdev=791.29
    clat (usec): min=62, max=23578, avg=110.67, stdev=55.72
     lat (usec): min=77, max=23584, avg=116.74, stdev=55.71
    clat percentiles (usec):
     |  1.00th=[   92],  5.00th=[   97], 10.00th=[   99], 20.00th=[  101],
     | 30.00th=[  103], 40.00th=[  104], 50.00th=[  106], 60.00th=[  108],
     | 70.00th=[  110], 80.00th=[  112], 90.00th=[  119], 95.00th=[  165],
     | 99.00th=[  180], 99.50th=[  184], 99.90th=[  196], 99.95th=[  206],
     | 99.99th=[  799]
   bw (  MiB/s): min=  872, max= 1071, per=100.00%, avg=1061.45, stdev=19.03, samples=120
   iops        : min=13966, max=17140, avg=16983.14, stdev=304.57, samples=120
  lat (usec)   : 100=14.71%, 250=85.26%, 500=0.01%, 750=0.01%, 1000=0.01%
  lat (msec)   : 2=0.01%, 4=0.01%, 10=0.01%, 20=0.01%, 50=0.01%
  cpu          : usr=4.95%, sys=14.17%, ctx=1018374, majf=0, minf=0
  IO depths    : 1=0.0%, 2=100.0%, 4=0.0%, 8=0.0%, 16=0.0%, 32=0.0%, >=64=0.0%
     submit    : 0=0.0%, 4=100.0%, 8=0.0%, 16=0.0%, 32=0.0%, 64=0.0%, >=64=0.0%
     complete  : 0=0.0%, 4=100.0%, 8=0.0%, 16=0.0%, 32=0.0%, 64=0.0%, >=64=0.0%
     issued rwts: total=1018932,0,0,0 short=0,0,0,0 dropped=0,0,0,0
     latency   : target=0, window=0, percentile=100.00%, depth=2

Run status group 0 (all jobs):
   READ: bw=1061MiB/s (1113MB/s), 1061MiB/s-1061MiB/s (1113MB/s-1113MB/s), io=62.2GiB (66.8GB), run=60001-60001msec
