"randwrite_4k_128_1": (g=0): rw=randwrite, bs=(R) 4096B-4096B, (W) 4096B-4096B, (T) 4096B-4096B, ioengine=io_uring, iodepth=128
fio-3.28
Starting 1 thread

"randwrite_4k_128_1": (groupid=0, jobs=1): err= 0: pid=10050: Thu Aug 10 21:06:51 2023
  write: IOPS=127k, BW=495MiB/s (519MB/s)(29.0GiB/60001msec); 0 zone resets
    slat (usec): min=2, max=206, avg= 5.97, stdev= 6.07
    clat (usec): min=63, max=24185, avg=1002.01, stdev=514.06
     lat (usec): min=69, max=24189, avg=1008.31, stdev=516.81
    clat percentiles (usec):
     |  1.00th=[  281],  5.00th=[  652], 10.00th=[  685], 20.00th=[  717],
     | 30.00th=[  742], 40.00th=[  775], 50.00th=[  840], 60.00th=[  857],
     | 70.00th=[  873], 80.00th=[ 1045], 90.00th=[ 1991], 95.00th=[ 2147],
     | 99.00th=[ 2376], 99.50th=[ 2442], 99.90th=[ 2638], 99.95th=[ 3294],
     | 99.99th=[ 5932]
   bw (  KiB/s): min=241176, max=778424, per=100.00%, avg=507234.87, stdev=189712.13, samples=120
   iops        : min=60294, max=194606, avg=126808.71, stdev=47428.03, samples=120
  lat (usec)   : 100=0.01%, 250=0.30%, 500=1.80%, 750=30.41%, 1000=46.75%
  lat (msec)   : 2=10.84%, 4=9.86%, 10=0.02%, 50=0.01%
  cpu          : usr=22.51%, sys=59.77%, ctx=1189750, majf=0, minf=0
  IO depths    : 1=0.0%, 2=0.0%, 4=0.0%, 8=0.0%, 16=0.0%, 32=0.0%, >=64=100.0%
     submit    : 0=0.0%, 4=100.0%, 8=0.0%, 16=0.0%, 32=0.0%, 64=0.0%, >=64=0.0%
     complete  : 0=0.0%, 4=100.0%, 8=0.0%, 16=0.0%, 32=0.0%, 64=0.0%, >=64=0.1%
     issued rwts: total=0,7607841,0,0 short=0,0,0,0 dropped=0,0,0,0
     latency   : target=0, window=0, percentile=100.00%, depth=128

Run status group 0 (all jobs):
  WRITE: bw=495MiB/s (519MB/s), 495MiB/s-495MiB/s (519MB/s-519MB/s), io=29.0GiB (31.2GB), run=60001-60001msec
