"randwrite_64k_2_1": (g=0): rw=randwrite, bs=(R) 64.0KiB-64.0KiB, (W) 64.0KiB-64.0KiB, (T) 64.0KiB-64.0KiB, ioengine=io_uring, iodepth=2
fio-3.28
Starting 1 thread

"randwrite_64k_2_1": (groupid=0, jobs=1): err= 0: pid=11626: Thu Aug 10 21:16:15 2023
  write: IOPS=15.2k, BW=952MiB/s (998MB/s)(55.8GiB/60001msec); 0 zone resets
    slat (nsec): min=5014, max=65603, avg=7886.53, stdev=1092.27
    clat (usec): min=79, max=21975, avg=122.12, stdev=74.14
     lat (usec): min=85, max=21982, avg=130.17, stdev=74.13
    clat percentiles (usec):
     |  1.00th=[  105],  5.00th=[  110], 10.00th=[  112], 20.00th=[  115],
     | 30.00th=[  117], 40.00th=[  118], 50.00th=[  119], 60.00th=[  120],
     | 70.00th=[  122], 80.00th=[  123], 90.00th=[  127], 95.00th=[  165],
     | 99.00th=[  190], 99.50th=[  196], 99.90th=[  206], 99.95th=[  217],
     | 99.99th=[  881]
   bw (  KiB/s): min=804480, max=989312, per=100.00%, avg=975068.17, stdev=17880.71, samples=120
   iops        : min=12570, max=15458, avg=15235.40, stdev=279.40, samples=120
  lat (usec)   : 100=0.15%, 250=99.82%, 500=0.02%, 750=0.01%, 1000=0.01%
  lat (msec)   : 2=0.01%, 4=0.01%, 20=0.01%, 50=0.01%
  cpu          : usr=5.97%, sys=14.64%, ctx=914273, majf=0, minf=0
  IO depths    : 1=0.0%, 2=100.0%, 4=0.0%, 8=0.0%, 16=0.0%, 32=0.0%, >=64=0.0%
     submit    : 0=0.0%, 4=100.0%, 8=0.0%, 16=0.0%, 32=0.0%, 64=0.0%, >=64=0.0%
     complete  : 0=0.0%, 4=100.0%, 8=0.0%, 16=0.0%, 32=0.0%, 64=0.0%, >=64=0.0%
     issued rwts: total=0,914074,0,0 short=0,0,0,0 dropped=0,0,0,0
     latency   : target=0, window=0, percentile=100.00%, depth=2

Run status group 0 (all jobs):
  WRITE: bw=952MiB/s (998MB/s), 952MiB/s-952MiB/s (998MB/s-998MB/s), io=55.8GiB (59.9GB), run=60001-60001msec
