"randwrite_4k_32_1": (g=0): rw=randwrite, bs=(R) 4096B-4096B, (W) 4096B-4096B, (T) 4096B-4096B, ioengine=io_uring, iodepth=32
fio-3.28
Starting 1 thread

"randwrite_4k_32_1": (groupid=0, jobs=1): err= 0: pid=9659: Thu Aug 10 21:04:30 2023
  write: IOPS=149k, BW=583MiB/s (611MB/s)(34.1GiB/60001msec); 0 zone resets
    slat (nsec): min=2396, max=79238, avg=5080.03, stdev=1325.82
    clat (usec): min=66, max=23380, avg=208.38, stdev=90.56
     lat (usec): min=70, max=23385, avg=213.71, stdev=90.58
    clat percentiles (usec):
     |  1.00th=[  139],  5.00th=[  165], 10.00th=[  176], 20.00th=[  190],
     | 30.00th=[  198], 40.00th=[  204], 50.00th=[  208], 60.00th=[  210],
     | 70.00th=[  215], 80.00th=[  221], 90.00th=[  233], 95.00th=[  265],
     | 99.00th=[  302], 99.50th=[  314], 99.90th=[  371], 99.95th=[  545],
     | 99.99th=[ 2671]
   bw (  KiB/s): min=528992, max=759160, per=100.00%, avg=596640.51, stdev=33253.19, samples=120
   iops        : min=132248, max=189790, avg=149160.14, stdev=8313.34, samples=120
  lat (usec)   : 100=0.01%, 250=92.96%, 500=6.98%, 750=0.01%, 1000=0.01%
  lat (msec)   : 2=0.02%, 4=0.01%, 10=0.01%, 20=0.01%, 50=0.01%
  cpu          : usr=26.47%, sys=70.13%, ctx=73175, majf=0, minf=0
  IO depths    : 1=0.0%, 2=0.0%, 4=0.0%, 8=0.0%, 16=0.0%, 32=100.0%, >=64=0.0%
     submit    : 0=0.0%, 4=100.0%, 8=0.0%, 16=0.0%, 32=0.0%, 64=0.0%, >=64=0.0%
     complete  : 0=0.0%, 4=100.0%, 8=0.0%, 16=0.0%, 32=0.1%, 64=0.0%, >=64=0.0%
     issued rwts: total=0,8948900,0,0 short=0,0,0,0 dropped=0,0,0,0
     latency   : target=0, window=0, percentile=100.00%, depth=32

Run status group 0 (all jobs):
  WRITE: bw=583MiB/s (611MB/s), 583MiB/s-583MiB/s (611MB/s-611MB/s), io=34.1GiB (36.7GB), run=60001-60001msec
