"randwrite_4k_4_1": (g=0): rw=randwrite, bs=(R) 4096B-4096B, (W) 4096B-4096B, (T) 4096B-4096B, ioengine=io_uring, iodepth=4
fio-3.28
Starting 1 thread

"randwrite_4k_4_1": (groupid=0, jobs=1): err= 0: pid=9067: Thu Aug 10 21:00:58 2023
  write: IOPS=71.5k, BW=279MiB/s (293MB/s)(16.4GiB/60001msec); 0 zone resets
    slat (nsec): min=2552, max=61280, avg=5192.94, stdev=1174.43
    clat (usec): min=15, max=19903, avg=49.51, stdev=30.09
     lat (usec): min=36, max=19908, avg=54.91, stdev=29.96
    clat percentiles (usec):
     |  1.00th=[   36],  5.00th=[   38], 10.00th=[   39], 20.00th=[   40],
     | 30.00th=[   42], 40.00th=[   44], 50.00th=[   46], 60.00th=[   48],
     | 70.00th=[   52], 80.00th=[   59], 90.00th=[   63], 95.00th=[   66],
     | 99.00th=[  119], 99.50th=[  130], 99.90th=[  145], 99.95th=[  149],
     | 99.99th=[  176]
   bw (  KiB/s): min=243640, max=291712, per=100.00%, avg=286019.96, stdev=4689.20, samples=120
   iops        : min=60910, max=72928, avg=71504.97, stdev=1172.28, samples=120
  lat (usec)   : 20=0.01%, 50=66.90%, 100=31.03%, 250=2.06%, 500=0.01%
  lat (usec)   : 750=0.01%, 1000=0.01%
  lat (msec)   : 2=0.01%, 4=0.01%, 20=0.01%
  cpu          : usr=19.08%, sys=48.20%, ctx=2247723, majf=0, minf=0
  IO depths    : 1=0.0%, 2=0.0%, 4=100.0%, 8=0.0%, 16=0.0%, 32=0.0%, >=64=0.0%
     submit    : 0=0.0%, 4=100.0%, 8=0.0%, 16=0.0%, 32=0.0%, 64=0.0%, >=64=0.0%
     complete  : 0=0.0%, 4=100.0%, 8=0.0%, 16=0.0%, 32=0.0%, 64=0.0%, >=64=0.0%
     issued rwts: total=0,4289967,0,0 short=0,0,0,0 dropped=0,0,0,0
     latency   : target=0, window=0, percentile=100.00%, depth=4

Run status group 0 (all jobs):
  WRITE: bw=279MiB/s (293MB/s), 279MiB/s-279MiB/s (293MB/s-293MB/s), io=16.4GiB (17.6GB), run=60001-60001msec
