"randread_16k_8_1": (g=0): rw=randread, bs=(R) 16.0KiB-16.0KiB, (W) 16.0KiB-16.0KiB, (T) 16.0KiB-16.0KiB, ioengine=io_uring, iodepth=8
fio-3.28
Starting 1 thread

"randread_16k_8_1": (groupid=0, jobs=1): err= 0: pid=6466: Thu Aug 10 20:45:41 2023
  read: IOPS=84.4k, BW=1319MiB/s (1383MB/s)(77.3GiB/60001msec)
    slat (nsec): min=2500, max=42182, avg=4898.31, stdev=1048.41
    clat (usec): min=35, max=23491, avg=88.81, stdev=63.27
     lat (usec): min=45, max=23495, avg=93.89, stdev=63.25
    clat percentiles (usec):
     |  1.00th=[   56],  5.00th=[   64], 10.00th=[   69], 20.00th=[   74],
     | 30.00th=[   78], 40.00th=[   82], 50.00th=[   85], 60.00th=[   89],
     | 70.00th=[   93], 80.00th=[   98], 90.00th=[  110], 95.00th=[  139],
     | 99.00th=[  169], 99.50th=[  180], 99.90th=[  196], 99.95th=[  204],
     | 99.99th=[  529]
   bw (  MiB/s): min= 1041, max= 1338, per=100.00%, avg=1318.73, stdev=28.30, samples=120
   iops        : min=66658, max=85674, avg=84398.42, stdev=1810.92, samples=120
  lat (usec)   : 50=0.19%, 100=82.26%, 250=17.53%, 500=0.01%, 750=0.01%
  lat (usec)   : 1000=0.01%
  lat (msec)   : 2=0.01%, 4=0.01%, 10=0.01%, 50=0.01%
  cpu          : usr=19.20%, sys=48.28%, ctx=1650906, majf=0, minf=0
  IO depths    : 1=0.0%, 2=0.0%, 4=0.0%, 8=100.0%, 16=0.0%, 32=0.0%, >=64=0.0%
     submit    : 0=0.0%, 4=100.0%, 8=0.0%, 16=0.0%, 32=0.0%, 64=0.0%, >=64=0.0%
     complete  : 0=0.0%, 4=100.0%, 8=0.1%, 16=0.0%, 32=0.0%, 64=0.0%, >=64=0.0%
     issued rwts: total=5063531,0,0,0 short=0,0,0,0 dropped=0,0,0,0
     latency   : target=0, window=0, percentile=100.00%, depth=8

Run status group 0 (all jobs):
   READ: bw=1319MiB/s (1383MB/s), 1319MiB/s-1319MiB/s (1383MB/s-1383MB/s), io=77.3GiB (83.0GB), run=60001-60001msec
