"randwrite_16k_2_1": (g=0): rw=randwrite, bs=(R) 16.0KiB-16.0KiB, (W) 16.0KiB-16.0KiB, (T) 16.0KiB-16.0KiB, ioengine=io_uring, iodepth=2
fio-3.28
Starting 1 thread

"randwrite_16k_2_1": (groupid=0, jobs=1): err= 0: pid=10248: Thu Aug 10 21:08:02 2023
  write: IOPS=33.1k, BW=516MiB/s (542MB/s)(30.3GiB/60001msec); 0 zone resets
    slat (nsec): min=3272, max=60941, avg=5457.75, stdev=978.98
    clat (nsec): min=305, max=22983k, avg=53849.03, stdev=37556.72
     lat (usec): min=46, max=22988, avg=59.46, stdev=37.54
    clat percentiles (usec):
     |  1.00th=[   46],  5.00th=[   48], 10.00th=[   48], 20.00th=[   49],
     | 30.00th=[   50], 40.00th=[   50], 50.00th=[   51], 60.00th=[   51],
     | 70.00th=[   52], 80.00th=[   53], 90.00th=[   56], 95.00th=[   72],
     | 99.00th=[  121], 99.50th=[  127], 99.90th=[  135], 99.95th=[  141],
     | 99.99th=[  326]
   bw (  KiB/s): min=440512, max=538848, per=100.00%, avg=528878.90, stdev=9748.66, samples=120
   iops        : min=27532, max=33678, avg=33054.93, stdev=609.30, samples=120
  lat (nsec)   : 500=0.01%
  lat (usec)   : 50=39.61%, 100=57.02%, 250=3.36%, 500=0.01%, 750=0.01%
  lat (usec)   : 1000=0.01%
  lat (msec)   : 2=0.01%, 4=0.01%, 10=0.01%, 20=0.01%, 50=0.01%
  cpu          : usr=10.43%, sys=25.75%, ctx=1929199, majf=0, minf=0
  IO depths    : 1=0.0%, 2=100.0%, 4=0.0%, 8=0.0%, 16=0.0%, 32=0.0%, >=64=0.0%
     submit    : 0=0.0%, 4=100.0%, 8=0.0%, 16=0.0%, 32=0.0%, 64=0.0%, >=64=0.0%
     complete  : 0=0.0%, 4=100.0%, 8=0.0%, 16=0.0%, 32=0.0%, 64=0.0%, >=64=0.0%
     issued rwts: total=0,1983164,0,0 short=0,0,0,0 dropped=0,0,0,0
     latency   : target=0, window=0, percentile=100.00%, depth=2

Run status group 0 (all jobs):
  WRITE: bw=516MiB/s (542MB/s), 516MiB/s-516MiB/s (542MB/s-542MB/s), io=30.3GiB (32.5GB), run=60001-60001msec
