"randread_64k_1_1": (g=0): rw=randread, bs=(R) 64.0KiB-64.0KiB, (W) 64.0KiB-64.0KiB, (T) 64.0KiB-64.0KiB, ioengine=io_uring, iodepth=1
fio-3.28
Starting 1 thread

"randread_64k_1_1": (groupid=0, jobs=1): err= 0: pid=17449: Fri Sep 15 18:25:52 2023
  read: IOPS=12.0k, BW=750MiB/s (786MB/s)(43.9GiB/60001msec)
    slat (nsec): min=5620, max=39631, avg=6420.21, stdev=606.30
    clat (usec): min=45, max=11659, avg=75.85, stdev=48.17
     lat (usec): min=77, max=11665, avg=82.42, stdev=48.17
    clat percentiles (usec):
     |  1.00th=[   72],  5.00th=[   73], 10.00th=[   73], 20.00th=[   73],
     | 30.00th=[   73], 40.00th=[   73], 50.00th=[   74], 60.00th=[   74],
     | 70.00th=[   74], 80.00th=[   74], 90.00th=[   75], 95.00th=[  101],
     | 99.00th=[  128], 99.50th=[  130], 99.90th=[  133], 99.95th=[  137],
     | 99.99th=[  172]
   bw (  KiB/s): min=704000, max=784256, per=100.00%, avg=768054.24, stdev=9098.46, samples=120
   iops        : min=11000, max=12254, avg=12000.83, stdev=142.21, samples=120
  lat (usec)   : 50=0.01%, 100=94.79%, 250=5.21%, 500=0.01%, 750=0.01%
  lat (msec)   : 20=0.01%
  cpu          : usr=3.41%, sys=11.25%, ctx=720020, majf=0, minf=0
  IO depths    : 1=100.0%, 2=0.0%, 4=0.0%, 8=0.0%, 16=0.0%, 32=0.0%, >=64=0.0%
     submit    : 0=0.0%, 4=100.0%, 8=0.0%, 16=0.0%, 32=0.0%, 64=0.0%, >=64=0.0%
     complete  : 0=0.0%, 4=100.0%, 8=0.0%, 16=0.0%, 32=0.0%, 64=0.0%, >=64=0.0%
     issued rwts: total=720010,0,0,0 short=0,0,0,0 dropped=0,0,0,0
     latency   : target=0, window=0, percentile=100.00%, depth=1

Run status group 0 (all jobs):
   READ: bw=750MiB/s (786MB/s), 750MiB/s-750MiB/s (786MB/s-786MB/s), io=43.9GiB (47.2GB), run=60001-60001msec
