"randwrite_64k_8_1": (g=0): rw=randwrite, bs=(R) 64.0KiB-64.0KiB, (W) 64.0KiB-64.0KiB, (T) 64.0KiB-64.0KiB, ioengine=io_uring, iodepth=8
fio-3.28
Starting 1 thread

"randwrite_64k_8_1": (groupid=0, jobs=1): err= 0: pid=30326: Fri Aug 11 09:24:22 2023
  write: IOPS=19.4k, BW=1213MiB/s (1272MB/s)(71.1GiB/60001msec); 0 zone resets
    slat (nsec): min=4494, max=38409, avg=7850.46, stdev=1329.58
    clat (usec): min=243, max=1053, avg=402.97, stdev=33.38
     lat (usec): min=251, max=1060, avg=410.98, stdev=33.33
    clat percentiles (usec):
     |  1.00th=[  351],  5.00th=[  363], 10.00th=[  371], 20.00th=[  379],
     | 30.00th=[  388], 40.00th=[  396], 50.00th=[  400], 60.00th=[  408],
     | 70.00th=[  412], 80.00th=[  424], 90.00th=[  437], 95.00th=[  449],
     | 99.00th=[  478], 99.50th=[  498], 99.90th=[  824], 99.95th=[  848],
     | 99.99th=[  914]
   bw (  MiB/s): min= 1049, max= 1231, per=100.00%, avg=1213.49, stdev=17.89, samples=120
   iops        : min=16798, max=19708, avg=19415.82, stdev=286.32, samples=120
  lat (usec)   : 250=0.01%, 500=99.54%, 750=0.23%, 1000=0.23%
  lat (msec)   : 2=0.01%
  cpu          : usr=7.62%, sys=18.23%, ctx=1093089, majf=0, minf=0
  IO depths    : 1=0.0%, 2=0.0%, 4=0.0%, 8=100.0%, 16=0.0%, 32=0.0%, >=64=0.0%
     submit    : 0=0.0%, 4=100.0%, 8=0.0%, 16=0.0%, 32=0.0%, 64=0.0%, >=64=0.0%
     complete  : 0=0.0%, 4=100.0%, 8=0.1%, 16=0.0%, 32=0.0%, 64=0.0%, >=64=0.0%
     issued rwts: total=0,1164874,0,0 short=0,0,0,0 dropped=0,0,0,0
     latency   : target=0, window=0, percentile=100.00%, depth=8

Run status group 0 (all jobs):
  WRITE: bw=1213MiB/s (1272MB/s), 1213MiB/s-1213MiB/s (1272MB/s-1272MB/s), io=71.1GiB (76.3GB), run=60001-60001msec
