"randwrite_16k_4_1": (g=0): rw=randwrite, bs=(R) 16.0KiB-16.0KiB, (W) 16.0KiB-16.0KiB, (T) 16.0KiB-16.0KiB, ioengine=io_uring, iodepth=4
fio-3.28
Starting 1 thread

"randwrite_16k_4_1": (groupid=0, jobs=1): err= 0: pid=28751: Fri Aug 11 09:14:57 2023
  write: IOPS=48.8k, BW=762MiB/s (799MB/s)(44.6GiB/60001msec); 0 zone resets
    slat (nsec): min=3077, max=68339, avg=6190.70, stdev=964.73
    clat (usec): min=28, max=637, avg=74.46, stdev=15.37
     lat (usec): min=54, max=641, avg=80.84, stdev=15.30
    clat percentiles (usec):
     |  1.00th=[   62],  5.00th=[   66], 10.00th=[   68], 20.00th=[   70],
     | 30.00th=[   72], 40.00th=[   73], 50.00th=[   74], 60.00th=[   75],
     | 70.00th=[   76], 80.00th=[   78], 90.00th=[   82], 95.00th=[   85],
     | 99.00th=[  100], 99.50th=[  112], 99.90th=[  408], 99.95th=[  420],
     | 99.99th=[  445]
   bw (  KiB/s): min=705024, max=789920, per=100.00%, avg=780347.20, stdev=8065.52, samples=120
   iops        : min=44064, max=49370, avg=48771.70, stdev=504.11, samples=120
  lat (usec)   : 50=0.01%, 100=98.99%, 250=0.84%, 500=0.17%, 750=0.01%
  cpu          : usr=17.00%, sys=42.50%, ctx=2718858, majf=0, minf=0
  IO depths    : 1=0.0%, 2=0.0%, 4=100.0%, 8=0.0%, 16=0.0%, 32=0.0%, >=64=0.0%
     submit    : 0=0.0%, 4=100.0%, 8=0.0%, 16=0.0%, 32=0.0%, 64=0.0%, >=64=0.0%
     complete  : 0=0.0%, 4=100.0%, 8=0.0%, 16=0.0%, 32=0.0%, 64=0.0%, >=64=0.0%
     issued rwts: total=0,2926073,0,0 short=0,0,0,0 dropped=0,0,0,0
     latency   : target=0, window=0, percentile=100.00%, depth=4

Run status group 0 (all jobs):
  WRITE: bw=762MiB/s (799MB/s), 762MiB/s-762MiB/s (799MB/s-799MB/s), io=44.6GiB (47.9GB), run=60001-60001msec
