"randread_4k_2_1": (g=0): rw=randread, bs=(R) 4096B-4096B, (W) 4096B-4096B, (T) 4096B-4096B, ioengine=io_uring, iodepth=2
fio-3.28
Starting 1 thread

"randread_4k_2_1": (groupid=0, jobs=1): err= 0: pid=23077: Fri Aug 11 08:40:50 2023
  read: IOPS=47.1k, BW=184MiB/s (193MB/s)(10.8GiB/60001msec)
    slat (nsec): min=2075, max=41562, avg=3675.44, stdev=820.08
    clat (nsec): min=322, max=537039, avg=37740.15, stdev=19076.33
     lat (usec): min=30, max=541, avg=41.58, stdev=19.06
    clat percentiles (usec):
     |  1.00th=[   32],  5.00th=[   34], 10.00th=[   34], 20.00th=[   35],
     | 30.00th=[   36], 40.00th=[   36], 50.00th=[   37], 60.00th=[   37],
     | 70.00th=[   38], 80.00th=[   38], 90.00th=[   40], 95.00th=[   42],
     | 99.00th=[   54], 99.50th=[   70], 99.90th=[  343], 99.95th=[  351],
     | 99.99th=[  363]
   bw (  KiB/s): min=180376, max=190192, per=100.00%, avg=188344.71, stdev=1162.57, samples=120
   iops        : min=45094, max=47548, avg=47086.18, stdev=290.64, samples=120
  lat (nsec)   : 500=0.01%
  lat (usec)   : 10=0.01%, 20=0.01%, 50=98.79%, 100=0.74%, 250=0.06%
  lat (usec)   : 500=0.40%, 750=0.01%
  cpu          : usr=12.59%, sys=27.47%, ctx=2422750, majf=0, minf=0
  IO depths    : 1=0.0%, 2=100.0%, 4=0.0%, 8=0.0%, 16=0.0%, 32=0.0%, >=64=0.0%
     submit    : 0=0.0%, 4=100.0%, 8=0.0%, 16=0.0%, 32=0.0%, 64=0.0%, >=64=0.0%
     complete  : 0=0.0%, 4=100.0%, 8=0.0%, 16=0.0%, 32=0.0%, 64=0.0%, >=64=0.0%
     issued rwts: total=2824972,0,0,0 short=0,0,0,0 dropped=0,0,0,0
     latency   : target=0, window=0, percentile=100.00%, depth=2

Run status group 0 (all jobs):
   READ: bw=184MiB/s (193MB/s), 184MiB/s-184MiB/s (193MB/s-193MB/s), io=10.8GiB (11.6GB), run=60001-60001msec
