"randwrite_64k_4_1": (g=0): rw=randwrite, bs=(R) 64.0KiB-64.0KiB, (W) 64.0KiB-64.0KiB, (T) 64.0KiB-64.0KiB, ioengine=io_uring, iodepth=4
fio-3.28
Starting 1 thread

"randwrite_64k_4_1": (groupid=0, jobs=1): err= 0: pid=30135: Fri Aug 11 09:23:11 2023
  write: IOPS=17.4k, BW=1090MiB/s (1143MB/s)(63.9GiB/60001msec); 0 zone resets
    slat (nsec): min=4953, max=51847, avg=7928.45, stdev=1216.27
    clat (usec): min=95, max=891, avg=220.15, stdev=25.64
     lat (usec): min=102, max=901, avg=228.24, stdev=25.63
    clat percentiles (usec):
     |  1.00th=[  194],  5.00th=[  202], 10.00th=[  204], 20.00th=[  210],
     | 30.00th=[  212], 40.00th=[  217], 50.00th=[  219], 60.00th=[  221],
     | 70.00th=[  225], 80.00th=[  229], 90.00th=[  235], 95.00th=[  239],
     | 99.00th=[  258], 99.50th=[  310], 99.90th=[  578], 99.95th=[  586],
     | 99.99th=[  603]
   bw (  MiB/s): min=  984, max= 1099, per=100.00%, avg=1089.81, stdev=10.23, samples=120
   iops        : min=15754, max=17584, avg=17436.87, stdev=163.64, samples=120
  lat (usec)   : 100=0.01%, 250=98.34%, 500=1.26%, 750=0.40%, 1000=0.01%
  cpu          : usr=6.54%, sys=17.14%, ctx=1031488, majf=0, minf=0
  IO depths    : 1=0.0%, 2=0.0%, 4=100.0%, 8=0.0%, 16=0.0%, 32=0.0%, >=64=0.0%
     submit    : 0=0.0%, 4=100.0%, 8=0.0%, 16=0.0%, 32=0.0%, 64=0.0%, >=64=0.0%
     complete  : 0=0.0%, 4=100.0%, 8=0.0%, 16=0.0%, 32=0.0%, 64=0.0%, >=64=0.0%
     issued rwts: total=0,1046156,0,0 short=0,0,0,0 dropped=0,0,0,0
     latency   : target=0, window=0, percentile=100.00%, depth=4

Run status group 0 (all jobs):
  WRITE: bw=1090MiB/s (1143MB/s), 1090MiB/s-1090MiB/s (1143MB/s-1143MB/s), io=63.9GiB (68.6GB), run=60001-60001msec
