"randwrite_16k_16_1": (g=0): rw=randwrite, bs=(R) 16.0KiB-16.0KiB, (W) 16.0KiB-16.0KiB, (T) 16.0KiB-16.0KiB, ioengine=io_uring, iodepth=16
fio-3.28
Starting 1 thread

"randwrite_16k_16_1": (groupid=0, jobs=1): err= 0: pid=29151: Fri Aug 11 09:17:18 2023
  write: IOPS=65.8k, BW=1028MiB/s (1078MB/s)(60.3GiB/60001msec); 0 zone resets
    slat (nsec): min=2787, max=47826, avg=4919.62, stdev=1409.47
    clat (usec): min=75, max=817, avg=237.27, stdev=31.45
     lat (usec): min=80, max=823, avg=242.34, stdev=31.27
    clat percentiles (usec):
     |  1.00th=[  176],  5.00th=[  192], 10.00th=[  202], 20.00th=[  215],
     | 30.00th=[  223], 40.00th=[  229], 50.00th=[  237], 60.00th=[  243],
     | 70.00th=[  251], 80.00th=[  260], 90.00th=[  273], 95.00th=[  285],
     | 99.00th=[  314], 99.50th=[  326], 99.90th=[  523], 99.95th=[  652],
     | 99.99th=[  709]
   bw (  MiB/s): min=  896, max= 1046, per=100.00%, avg=1028.48, stdev=14.75, samples=120
   iops        : min=57388, max=66992, avg=65822.37, stdev=943.81, samples=120
  lat (usec)   : 100=0.01%, 250=69.39%, 500=30.50%, 750=0.11%, 1000=0.01%
  cpu          : usr=13.38%, sys=35.57%, ctx=1133450, majf=0, minf=0
  IO depths    : 1=0.0%, 2=0.0%, 4=0.0%, 8=0.0%, 16=100.0%, 32=0.0%, >=64=0.0%
     submit    : 0=0.0%, 4=100.0%, 8=0.0%, 16=0.0%, 32=0.0%, 64=0.0%, >=64=0.0%
     complete  : 0=0.0%, 4=100.0%, 8=0.0%, 16=0.1%, 32=0.0%, 64=0.0%, >=64=0.0%
     issued rwts: total=0,3949090,0,0 short=0,0,0,0 dropped=0,0,0,0
     latency   : target=0, window=0, percentile=100.00%, depth=16

Run status group 0 (all jobs):
  WRITE: bw=1028MiB/s (1078MB/s), 1028MiB/s-1028MiB/s (1078MB/s-1078MB/s), io=60.3GiB (64.7GB), run=60001-60001msec
