"randread_16k_64_1": (g=0): rw=randread, bs=(R) 16.0KiB-16.0KiB, (W) 16.0KiB-16.0KiB, (T) 16.0KiB-16.0KiB, ioengine=io_uring, iodepth=64
fio-3.28
Starting 1 thread

"randread_16k_64_1": (groupid=0, jobs=1): err= 0: pid=25425: Fri Aug 11 08:54:57 2023
  read: IOPS=59.3k, BW=926MiB/s (971MB/s)(54.3GiB/60001msec)
    slat (nsec): min=2175, max=86095, avg=3244.20, stdev=1221.24
    clat (usec): min=63, max=5975, avg=1075.43, stdev=263.37
     lat (usec): min=66, max=5979, avg=1078.79, stdev=262.85
    clat percentiles (usec):
     |  1.00th=[  578],  5.00th=[  603], 10.00th=[  627], 20.00th=[ 1004],
     | 30.00th=[ 1029], 40.00th=[ 1045], 50.00th=[ 1074], 60.00th=[ 1090],
     | 70.00th=[ 1139], 80.00th=[ 1188], 90.00th=[ 1450], 95.00th=[ 1516],
     | 99.00th=[ 1844], 99.50th=[ 2008], 99.90th=[ 2409], 99.95th=[ 2573],
     | 99.99th=[ 3064]
   bw (  KiB/s): min=802368, max=1021466, per=100.00%, avg=948634.45, stdev=21352.34, samples=120
   iops        : min=50148, max=63843, avg=59289.62, stdev=1334.54, samples=120
  lat (usec)   : 100=0.01%, 250=0.01%, 500=0.11%, 750=14.76%, 1000=5.25%
  lat (msec)   : 2=79.38%, 4=0.50%, 10=0.01%
  cpu          : usr=9.02%, sys=20.62%, ctx=454828, majf=0, minf=0
  IO depths    : 1=0.0%, 2=0.0%, 4=0.0%, 8=0.0%, 16=0.0%, 32=0.0%, >=64=100.0%
     submit    : 0=0.0%, 4=100.0%, 8=0.0%, 16=0.0%, 32=0.0%, 64=0.0%, >=64=0.0%
     complete  : 0=0.0%, 4=100.0%, 8=0.0%, 16=0.0%, 32=0.0%, 64=0.1%, >=64=0.0%
     issued rwts: total=3557305,0,0,0 short=0,0,0,0 dropped=0,0,0,0
     latency   : target=0, window=0, percentile=100.00%, depth=64

Run status group 0 (all jobs):
   READ: bw=926MiB/s (971MB/s), 926MiB/s-926MiB/s (971MB/s-971MB/s), io=54.3GiB (58.3GB), run=60001-60001msec
