"randread_4k_4_1": (g=0): rw=randread, bs=(R) 4096B-4096B, (W) 4096B-4096B, (T) 4096B-4096B, ioengine=io_uring, iodepth=4
fio-3.28
Starting 1 thread

"randread_4k_4_1": (groupid=0, jobs=1): err= 0: pid=23269: Fri Aug 11 08:42:01 2023
  read: IOPS=79.0k, BW=308MiB/s (323MB/s)(18.1GiB/60001msec)
    slat (nsec): min=2048, max=41776, avg=4327.03, stdev=791.99
    clat (usec): min=12, max=531, avg=45.14, stdev=16.50
     lat (usec): min=32, max=535, avg=49.67, stdev=16.44
    clat percentiles (usec):
     |  1.00th=[   34],  5.00th=[   37], 10.00th=[   38], 20.00th=[   39],
     | 30.00th=[   40], 40.00th=[   42], 50.00th=[   43], 60.00th=[   45],
     | 70.00th=[   47], 80.00th=[   51], 90.00th=[   56], 95.00th=[   59],
     | 99.00th=[   68], 99.50th=[   79], 99.90th=[  367], 99.95th=[  379],
     | 99.99th=[  396]
   bw (  KiB/s): min=295326, max=320288, per=100.00%, avg=315904.90, stdev=2737.79, samples=120
   iops        : min=73831, max=80072, avg=78976.20, stdev=684.46, samples=120
  lat (usec)   : 20=0.01%, 50=78.65%, 100=21.09%, 250=0.06%, 500=0.20%
  lat (usec)   : 750=0.01%
  cpu          : usr=21.40%, sys=48.03%, ctx=2787242, majf=0, minf=0
  IO depths    : 1=0.0%, 2=0.0%, 4=100.0%, 8=0.0%, 16=0.0%, 32=0.0%, >=64=0.0%
     submit    : 0=0.0%, 4=100.0%, 8=0.0%, 16=0.0%, 32=0.0%, 64=0.0%, >=64=0.0%
     complete  : 0=0.0%, 4=100.0%, 8=0.0%, 16=0.0%, 32=0.0%, 64=0.0%, >=64=0.0%
     issued rwts: total=4738174,0,0,0 short=0,0,0,0 dropped=0,0,0,0
     latency   : target=0, window=0, percentile=100.00%, depth=4

Run status group 0 (all jobs):
   READ: bw=308MiB/s (323MB/s), 308MiB/s-308MiB/s (323MB/s-323MB/s), io=18.1GiB (19.4GB), run=60001-60001msec
