"randwrite_16k_16_1": (g=0): rw=randwrite, bs=(R) 16.0KiB-16.0KiB, (W) 16.0KiB-16.0KiB, (T) 16.0KiB-16.0KiB, ioengine=io_uring, iodepth=16
fio-3.28
Starting 1 thread

"randwrite_16k_16_1": (groupid=0, jobs=1): err= 0: pid=29149: Fri Aug 11 09:17:18 2023
  write: IOPS=65.0k, BW=1016MiB/s (1065MB/s)(59.5GiB/60001msec); 0 zone resets
    slat (nsec): min=2793, max=41275, avg=4924.04, stdev=1401.11
    clat (usec): min=100, max=815, avg=240.27, stdev=31.85
     lat (usec): min=108, max=820, avg=245.35, stdev=31.69
    clat percentiles (usec):
     |  1.00th=[  178],  5.00th=[  194], 10.00th=[  204], 20.00th=[  217],
     | 30.00th=[  225], 40.00th=[  233], 50.00th=[  239], 60.00th=[  247],
     | 70.00th=[  253], 80.00th=[  265], 90.00th=[  277], 95.00th=[  289],
     | 99.00th=[  318], 99.50th=[  334], 99.90th=[  494], 99.95th=[  627],
     | 99.99th=[  701]
   bw (  KiB/s): min=903680, max=1061664, per=100.00%, avg=1040066.09, stdev=14995.28, samples=120
   iops        : min=56480, max=66354, avg=65004.13, stdev=937.20, samples=120
  lat (usec)   : 250=65.32%, 500=34.58%, 750=0.10%, 1000=0.01%
  cpu          : usr=14.38%, sys=34.56%, ctx=1125814, majf=0, minf=0
  IO depths    : 1=0.0%, 2=0.0%, 4=0.0%, 8=0.0%, 16=100.0%, 32=0.0%, >=64=0.0%
     submit    : 0=0.0%, 4=100.0%, 8=0.0%, 16=0.0%, 32=0.0%, 64=0.0%, >=64=0.0%
     complete  : 0=0.0%, 4=100.0%, 8=0.0%, 16=0.1%, 32=0.0%, 64=0.0%, >=64=0.0%
     issued rwts: total=0,3899990,0,0 short=0,0,0,0 dropped=0,0,0,0
     latency   : target=0, window=0, percentile=100.00%, depth=16

Run status group 0 (all jobs):
  WRITE: bw=1016MiB/s (1065MB/s), 1016MiB/s-1016MiB/s (1065MB/s-1065MB/s), io=59.5GiB (63.9GB), run=60001-60001msec
