"randread_4k_64_1": (g=0): rw=randread, bs=(R) 4096B-4096B, (W) 4096B-4096B, (T) 4096B-4096B, ioengine=io_uring, iodepth=64
fio-3.28
Starting 1 thread

"randread_4k_64_1": (groupid=0, jobs=1): err= 0: pid=24055: Fri Aug 11 08:46:43 2023
  read: IOPS=113k, BW=442MiB/s (464MB/s)(25.9GiB/60001msec)
    slat (usec): min=2, max=130, avg= 3.00, stdev= 2.42
    clat (usec): min=138, max=2887, avg=561.60, stdev=53.32
     lat (usec): min=141, max=2891, avg=564.72, stdev=53.23
    clat percentiles (usec):
     |  1.00th=[  420],  5.00th=[  465], 10.00th=[  515], 20.00th=[  537],
     | 30.00th=[  545], 40.00th=[  553], 50.00th=[  562], 60.00th=[  570],
     | 70.00th=[  578], 80.00th=[  586], 90.00th=[  619], 95.00th=[  660],
     | 99.00th=[  701], 99.50th=[  717], 99.90th=[  955], 99.95th=[ 1057],
     | 99.99th=[ 1221]
   bw (  KiB/s): min=400384, max=461408, per=100.00%, avg=452735.24, stdev=7483.06, samples=120
   iops        : min=100096, max=115352, avg=113183.83, stdev=1870.79, samples=120
  lat (usec)   : 250=0.01%, 500=7.84%, 750=91.94%, 1000=0.14%
  lat (msec)   : 2=0.08%, 4=0.01%
  cpu          : usr=15.37%, sys=33.52%, ctx=494288, majf=0, minf=0
  IO depths    : 1=0.0%, 2=0.0%, 4=0.0%, 8=0.0%, 16=0.0%, 32=0.0%, >=64=100.0%
     submit    : 0=0.0%, 4=100.0%, 8=0.0%, 16=0.0%, 32=0.0%, 64=0.0%, >=64=0.0%
     complete  : 0=0.0%, 4=100.0%, 8=0.0%, 16=0.0%, 32=0.0%, 64=0.1%, >=64=0.0%
     issued rwts: total=6790572,0,0,0 short=0,0,0,0 dropped=0,0,0,0
     latency   : target=0, window=0, percentile=100.00%, depth=64

Run status group 0 (all jobs):
   READ: bw=442MiB/s (464MB/s), 442MiB/s-442MiB/s (464MB/s-464MB/s), io=25.9GiB (27.8GB), run=60001-60001msec
