"randwrite_64k_2_1": (g=0): rw=randwrite, bs=(R) 64.0KiB-64.0KiB, (W) 64.0KiB-64.0KiB, (T) 64.0KiB-64.0KiB, ioengine=io_uring, iodepth=2
fio-3.28
Starting 1 thread

"randwrite_64k_2_1": (groupid=0, jobs=1): err= 0: pid=29938: Fri Aug 11 09:22:00 2023
  write: IOPS=12.9k, BW=809MiB/s (849MB/s)(47.4GiB/60001msec); 0 zone resets
    slat (nsec): min=5255, max=41579, avg=7931.71, stdev=1033.62
    clat (usec): min=93, max=712, avg=145.19, stdev=24.31
     lat (usec): min=101, max=719, avg=153.27, stdev=24.31
    clat percentiles (usec):
     |  1.00th=[  128],  5.00th=[  133], 10.00th=[  135], 20.00th=[  139],
     | 30.00th=[  141], 40.00th=[  143], 50.00th=[  143], 60.00th=[  145],
     | 70.00th=[  147], 80.00th=[  149], 90.00th=[  153], 95.00th=[  157],
     | 99.00th=[  172], 99.50th=[  429], 99.90th=[  469], 99.95th=[  474],
     | 99.99th=[  494]
   bw (  KiB/s): min=757504, max=835072, per=100.00%, avg=828838.16, stdev=6811.52, samples=120
   iops        : min=11836, max=13048, avg=12950.57, stdev=106.43, samples=120
  lat (usec)   : 100=0.01%, 250=99.37%, 500=0.62%, 750=0.01%
  cpu          : usr=4.94%, sys=12.63%, ctx=777230, majf=0, minf=0
  IO depths    : 1=0.0%, 2=100.0%, 4=0.0%, 8=0.0%, 16=0.0%, 32=0.0%, >=64=0.0%
     submit    : 0=0.0%, 4=100.0%, 8=0.0%, 16=0.0%, 32=0.0%, 64=0.0%, >=64=0.0%
     complete  : 0=0.0%, 4=100.0%, 8=0.0%, 16=0.0%, 32=0.0%, 64=0.0%, >=64=0.0%
     issued rwts: total=0,776991,0,0 short=0,0,0,0 dropped=0,0,0,0
     latency   : target=0, window=0, percentile=100.00%, depth=2

Run status group 0 (all jobs):
  WRITE: bw=809MiB/s (849MB/s), 809MiB/s-809MiB/s (849MB/s-849MB/s), io=47.4GiB (50.9GB), run=60001-60001msec
