"randwrite_4k_1_1": (g=0): rw=randwrite, bs=(R) 4096B-4096B, (W) 4096B-4096B, (T) 4096B-4096B, ioengine=io_uring, iodepth=1
fio-3.28
Starting 1 thread

"randwrite_4k_1_1": (groupid=0, jobs=1): err= 0: pid=31798: Fri Aug 11 09:33:51 2023
  write: IOPS=20.8k, BW=81.3MiB/s (85.3MB/s)(4879MiB/60001msec); 0 zone resets
    slat (nsec): min=4504, max=39117, avg=5507.52, stdev=522.23
    clat (usec): min=11, max=2210, avg=41.29, stdev=21.87
     lat (usec): min=40, max=2216, avg=46.95, stdev=21.88
    clat percentiles (usec):
     |  1.00th=[   38],  5.00th=[   39], 10.00th=[   39], 20.00th=[   39],
     | 30.00th=[   39], 40.00th=[   40], 50.00th=[   40], 60.00th=[   40],
     | 70.00th=[   40], 80.00th=[   41], 90.00th=[   41], 95.00th=[   42],
     | 99.00th=[   51], 99.50th=[  285], 99.90th=[  310], 99.95th=[  314],
     | 99.99th=[  326]
   bw (  KiB/s): min=80392, max=86624, per=100.00%, avg=83272.62, stdev=1160.77, samples=120
   iops        : min=20098, max=21656, avg=20818.14, stdev=290.18, samples=120
  lat (usec)   : 20=0.01%, 50=98.93%, 100=0.28%, 250=0.07%, 500=0.72%
  lat (msec)   : 2=0.01%, 4=0.01%
  cpu          : usr=6.79%, sys=18.03%, ctx=1249033, majf=0, minf=0
  IO depths    : 1=100.0%, 2=0.0%, 4=0.0%, 8=0.0%, 16=0.0%, 32=0.0%, >=64=0.0%
     submit    : 0=0.0%, 4=100.0%, 8=0.0%, 16=0.0%, 32=0.0%, 64=0.0%, >=64=0.0%
     complete  : 0=0.0%, 4=100.0%, 8=0.0%, 16=0.0%, 32=0.0%, 64=0.0%, >=64=0.0%
     issued rwts: total=0,1249008,0,0 short=0,0,0,0 dropped=0,0,0,0
     latency   : target=0, window=0, percentile=100.00%, depth=1

Run status group 0 (all jobs):
  WRITE: bw=81.3MiB/s (85.3MB/s), 81.3MiB/s-81.3MiB/s (85.3MB/s-85.3MB/s), io=4879MiB (5116MB), run=60001-60001msec
