"randwrite_64k_16_1": (g=0): rw=randwrite, bs=(R) 64.0KiB-64.0KiB, (W) 64.0KiB-64.0KiB, (T) 64.0KiB-64.0KiB, ioengine=io_uring, iodepth=16
fio-3.28
Starting 1 thread

"randwrite_64k_16_1": (groupid=0, jobs=1): err= 0: pid=30525: Fri Aug 11 09:25:32 2023
  write: IOPS=14.0k, BW=875MiB/s (918MB/s)(51.3GiB/60001msec); 0 zone resets
    slat (nsec): min=3774, max=65133, avg=6053.19, stdev=1728.52
    clat (usec): min=257, max=5429, avg=1135.79, stdev=181.13
     lat (usec): min=264, max=5435, avg=1141.97, stdev=180.87
    clat percentiles (usec):
     |  1.00th=[  783],  5.00th=[  873], 10.00th=[  922], 20.00th=[  979],
     | 30.00th=[ 1029], 40.00th=[ 1074], 50.00th=[ 1123], 60.00th=[ 1172],
     | 70.00th=[ 1221], 80.00th=[ 1287], 90.00th=[ 1369], 95.00th=[ 1467],
     | 99.00th=[ 1631], 99.50th=[ 1696], 99.90th=[ 1844], 99.95th=[ 1893],
     | 99.99th=[ 2073]
   bw (  KiB/s): min=869066, max=915584, per=100.00%, avg=896093.53, stdev=6438.01, samples=120
   iops        : min=13579, max=14306, avg=14001.46, stdev=100.61, samples=120
  lat (usec)   : 500=0.01%, 750=0.52%, 1000=22.79%
  lat (msec)   : 2=76.66%, 4=0.02%, 10=0.01%
  cpu          : usr=4.41%, sys=8.83%, ctx=421964, majf=0, minf=0
  IO depths    : 1=0.0%, 2=0.0%, 4=0.0%, 8=0.0%, 16=100.0%, 32=0.0%, >=64=0.0%
     submit    : 0=0.0%, 4=100.0%, 8=0.0%, 16=0.0%, 32=0.0%, 64=0.0%, >=64=0.0%
     complete  : 0=0.0%, 4=100.0%, 8=0.0%, 16=0.1%, 32=0.0%, 64=0.0%, >=64=0.0%
     issued rwts: total=0,840038,0,0 short=0,0,0,0 dropped=0,0,0,0
     latency   : target=0, window=0, percentile=100.00%, depth=16

Run status group 0 (all jobs):
  WRITE: bw=875MiB/s (918MB/s), 875MiB/s-875MiB/s (918MB/s-918MB/s), io=51.3GiB (55.1GB), run=60001-60001msec
