"randwrite_64k_1_1": (g=0): rw=randwrite, bs=(R) 64.0KiB-64.0KiB, (W) 64.0KiB-64.0KiB, (T) 64.0KiB-64.0KiB, ioengine=io_uring, iodepth=1
fio-3.28
Starting 1 thread

"randwrite_64k_1_1": (groupid=0, jobs=1): err= 0: pid=32146: Fri Aug 11 09:36:12 2023
  write: IOPS=9111, BW=569MiB/s (597MB/s)(33.4GiB/60001msec); 0 zone resets
    slat (nsec): min=7626, max=45008, avg=9044.27, stdev=711.73
    clat (usec): min=65, max=690, avg=99.41, stdev=29.00
     lat (usec): min=87, max=699, avg=108.61, stdev=29.00
    clat percentiles (usec):
     |  1.00th=[   88],  5.00th=[   92], 10.00th=[   93], 20.00th=[   94],
     | 30.00th=[   95], 40.00th=[   96], 50.00th=[   97], 60.00th=[   97],
     | 70.00th=[   98], 80.00th=[   99], 90.00th=[  100], 95.00th=[  102],
     | 99.00th=[  347], 99.50th=[  379], 99.90th=[  396], 99.95th=[  400],
     | 99.99th=[  412]
   bw (  KiB/s): min=544128, max=587904, per=100.00%, avg=583202.64, stdev=4281.41, samples=120
   iops        : min= 8502, max= 9186, avg=9112.53, stdev=66.89, samples=120
  lat (usec)   : 100=90.44%, 250=8.49%, 500=1.07%, 750=0.01%
  cpu          : usr=3.39%, sys=10.87%, ctx=546745, majf=0, minf=0
  IO depths    : 1=100.0%, 2=0.0%, 4=0.0%, 8=0.0%, 16=0.0%, 32=0.0%, >=64=0.0%
     submit    : 0=0.0%, 4=100.0%, 8=0.0%, 16=0.0%, 32=0.0%, 64=0.0%, >=64=0.0%
     complete  : 0=0.0%, 4=100.0%, 8=0.0%, 16=0.0%, 32=0.0%, 64=0.0%, >=64=0.0%
     issued rwts: total=0,546720,0,0 short=0,0,0,0 dropped=0,0,0,0
     latency   : target=0, window=0, percentile=100.00%, depth=1

Run status group 0 (all jobs):
  WRITE: bw=569MiB/s (597MB/s), 569MiB/s-569MiB/s (597MB/s-597MB/s), io=33.4GiB (35.8GB), run=60001-60001msec
