randwrite_16k_2_2: (g=0): rw=randwrite, bs=(R) 16.0KiB-16.0KiB, (W) 16.0KiB-16.0KiB, (T) 16.0KiB-16.0KiB, ioengine=io_uring, iodepth=2
...
fio-3.28
Starting 2 threads

randwrite_16k_2_2: (groupid=0, jobs=2): err= 0: pid=22336: Thu Apr  6 14:07:37 2023
  write: IOPS=60.5k, BW=945MiB/s (991MB/s)(55.4GiB/60001msec); 0 zone resets
    slat (nsec): min=4115, max=66178, avg=6189.40, stdev=1311.35
    clat (usec): min=21, max=1669, avg=59.26, stdev=15.15
     lat (usec): min=50, max=1677, avg=65.53, stdev=15.54
    clat percentiles (usec):
     |  1.00th=[   46],  5.00th=[   47], 10.00th=[   47], 20.00th=[   49],
     | 30.00th=[   49], 40.00th=[   57], 50.00th=[   58], 60.00th=[   59],
     | 70.00th=[   60], 80.00th=[   68], 90.00th=[   69], 95.00th=[   95],
     | 99.00th=[  123], 99.50th=[  128], 99.90th=[  139], 99.95th=[  143],
     | 99.99th=[  165]
   bw (  KiB/s): min=847200, max=974720, per=100.00%, avg=968036.52, stdev=6053.54, samples=240
   iops        : min=52950, max=60920, avg=60502.18, stdev=378.36, samples=240
  lat (usec)   : 50=34.18%, 100=61.50%, 250=4.32%, 500=0.01%, 750=0.01%
  lat (msec)   : 2=0.01%
  cpu          : usr=6.09%, sys=25.35%, ctx=3564366, majf=0, minf=0
  IO depths    : 1=0.0%, 2=100.0%, 4=0.0%, 8=0.0%, 16=0.0%, 32=0.0%, >=64=0.0%
     submit    : 0=0.0%, 4=100.0%, 8=0.0%, 16=0.0%, 32=0.0%, 64=0.0%, >=64=0.0%
     complete  : 0=0.0%, 4=100.0%, 8=0.0%, 16=0.0%, 32=0.0%, 64=0.0%, >=64=0.0%
     issued rwts: total=0,3629537,0,0 short=0,0,0,0 dropped=0,0,0,0
     latency   : target=0, window=0, percentile=100.00%, depth=2

Run status group 0 (all jobs):
  WRITE: bw=945MiB/s (991MB/s), 945MiB/s-945MiB/s (991MB/s-991MB/s), io=55.4GiB (59.5GB), run=60001-60001msec
