randwrite_1_1_1: (g=0): rw=randwrite, bs=(R) 1B-1B, (W) 1B-1B, (T) 1B-1B, ioengine=io_uring, iodepth=1
fio-3.28
Starting 1 thread

randwrite_1_1_1: (groupid=0, jobs=1): err= 0: pid=24121: Thu Apr  6 15:01:38 2023
  write: IOPS=21.0k, BW=20.5KiB/s (21.0kB/s)(1231KiB/60001msec); 0 zone resets
    slat (nsec): min=5692, max=39546, avg=6296.94, stdev=282.38
    clat (usec): min=9, max=1556, avg=40.38, stdev= 9.33
     lat (usec): min=42, max=1562, avg=46.81, stdev= 9.33
    clat percentiles (usec):
     |  1.00th=[   38],  5.00th=[   38], 10.00th=[   38], 20.00th=[   39],
     | 30.00th=[   39], 40.00th=[   39], 50.00th=[   39], 60.00th=[   39],
     | 70.00th=[   39], 80.00th=[   39], 90.00th=[   40], 95.00th=[   64],
     | 99.00th=[   91], 99.50th=[   98], 99.90th=[   99], 99.95th=[  101],
     | 99.99th=[  126]
   bw (  KiB/s): min=   18, max=   20, per=92.64%, avg=19.97, stdev= 0.20, samples=120
   iops        : min=18845, max=21174, avg=21002.98, stdev=221.53, samples=120
  lat (usec)   : 10=0.01%, 20=0.01%, 50=94.61%, 100=5.33%, 250=0.06%
  lat (usec)   : 500=0.01%, 750=0.01%, 1000=0.01%
  lat (msec)   : 2=0.01%
  cpu          : usr=5.59%, sys=20.75%, ctx=1260119, majf=0, minf=0
  IO depths    : 1=100.0%, 2=0.0%, 4=0.0%, 8=0.0%, 16=0.0%, 32=0.0%, >=64=0.0%
     submit    : 0=0.0%, 4=100.0%, 8=0.0%, 16=0.0%, 32=0.0%, 64=0.0%, >=64=0.0%
     complete  : 0=0.0%, 4=100.0%, 8=0.0%, 16=0.0%, 32=0.0%, 64=0.0%, >=64=0.0%
     issued rwts: total=0,1260105,0,0 short=0,0,0,0 dropped=0,0,0,0
     latency   : target=0, window=0, percentile=100.00%, depth=1

Run status group 0 (all jobs):
  WRITE: bw=20.5KiB/s (21.0kB/s), 20.5KiB/s-20.5KiB/s (21.0kB/s-21.0kB/s), io=1231KiB (1260kB), run=60001-60001msec
