randread_128k_4_2: (g=0): rw=randread, bs=(R) 128KiB-128KiB, (W) 128KiB-128KiB, (T) 128KiB-128KiB, ioengine=io_uring, iodepth=4
...
fio-3.28
Starting 2 threads

randread_128k_4_2: (groupid=0, jobs=2): err= 0: pid=20845: Thu Apr  6 13:21:55 2023
  read: IOPS=32.6k, BW=4079MiB/s (4277MB/s)(239GiB/60001msec)
    slat (usec): min=6, max=229, avg=11.11, stdev= 1.97
    clat (usec): min=36, max=1844, avg=233.33, stdev=23.16
     lat (usec): min=167, max=1855, avg=244.54, stdev=23.17
    clat percentiles (usec):
     |  1.00th=[  215],  5.00th=[  219], 10.00th=[  223], 20.00th=[  225],
     | 30.00th=[  225], 40.00th=[  227], 50.00th=[  227], 60.00th=[  229],
     | 70.00th=[  229], 80.00th=[  233], 90.00th=[  245], 95.00th=[  297],
     | 99.00th=[  310], 99.50th=[  322], 99.90th=[  396], 99.95th=[  412],
     | 99.99th=[  486]
   bw (  MiB/s): min= 3472, max= 4111, per=100.00%, avg=4079.19, stdev=38.63, samples=240
   iops        : min=27780, max=32894, avg=32633.43, stdev=309.01, samples=240
  lat (usec)   : 50=0.01%, 250=90.86%, 500=9.13%, 750=0.01%, 1000=0.01%
  lat (msec)   : 2=0.01%
  cpu          : usr=3.03%, sys=22.24%, ctx=1947966, majf=0, minf=0
  IO depths    : 1=0.0%, 2=0.0%, 4=100.0%, 8=0.0%, 16=0.0%, 32=0.0%, >=64=0.0%
     submit    : 0=0.0%, 4=100.0%, 8=0.0%, 16=0.0%, 32=0.0%, 64=0.0%, >=64=0.0%
     complete  : 0=0.0%, 4=100.0%, 8=0.0%, 16=0.0%, 32=0.0%, 64=0.0%, >=64=0.0%
     issued rwts: total=1957812,0,0,0 short=0,0,0,0 dropped=0,0,0,0
     latency   : target=0, window=0, percentile=100.00%, depth=4

Run status group 0 (all jobs):
   READ: bw=4079MiB/s (4277MB/s), 4079MiB/s-4079MiB/s (4277MB/s-4277MB/s), io=239GiB (257GB), run=60001-60001msec
