randread_32k_32_2: (g=0): rw=randread, bs=(R) 32.0KiB-32.0KiB, (W) 32.0KiB-32.0KiB, (T) 32.0KiB-32.0KiB, ioengine=io_uring, iodepth=32
...
fio-3.28
Starting 2 threads

randread_32k_32_2: (groupid=0, jobs=2): err= 0: pid=20196: Thu Apr  6 13:01:59 2023
  read: IOPS=196k, BW=6128MiB/s (6426MB/s)(359GiB/60001msec)
    slat (nsec): min=3290, max=93180, avg=7167.20, stdev=3302.55
    clat (usec): min=234, max=1603, avg=318.74, stdev=25.80
     lat (usec): min=246, max=1613, avg=325.98, stdev=25.79
    clat percentiles (usec):
     |  1.00th=[  289],  5.00th=[  297], 10.00th=[  302], 20.00th=[  306],
     | 30.00th=[  310], 40.00th=[  314], 50.00th=[  314], 60.00th=[  318],
     | 70.00th=[  322], 80.00th=[  326], 90.00th=[  334], 95.00th=[  351],
     | 99.00th=[  429], 99.50th=[  453], 99.90th=[  619], 99.95th=[  652],
     | 99.99th=[  693]
   bw (  MiB/s): min= 4655, max= 6172, per=100.00%, avg=6128.90, stdev=70.26, samples=240
   iops        : min=148980, max=197516, avg=196124.85, stdev=2248.20, samples=240
  lat (usec)   : 250=0.01%, 500=99.74%, 750=0.26%, 1000=0.01%
  lat (msec)   : 2=0.01%
  cpu          : usr=10.61%, sys=75.20%, ctx=3795793, majf=0, minf=0
  IO depths    : 1=0.0%, 2=0.0%, 4=0.0%, 8=0.0%, 16=0.0%, 32=100.0%, >=64=0.0%
     submit    : 0=0.0%, 4=100.0%, 8=0.0%, 16=0.0%, 32=0.0%, 64=0.0%, >=64=0.0%
     complete  : 0=0.0%, 4=100.0%, 8=0.0%, 16=0.0%, 32=0.1%, 64=0.0%, >=64=0.0%
     issued rwts: total=11765979,0,0,0 short=0,0,0,0 dropped=0,0,0,0
     latency   : target=0, window=0, percentile=100.00%, depth=32

Run status group 0 (all jobs):
   READ: bw=6128MiB/s (6426MB/s), 6128MiB/s-6128MiB/s (6426MB/s-6426MB/s), io=359GiB (386GB), run=60001-60001msec
