randwrite_64k_1_2: (g=0): rw=randwrite, bs=(R) 64.0KiB-64.0KiB, (W) 64.0KiB-64.0KiB, (T) 64.0KiB-64.0KiB, ioengine=io_uring, iodepth=1
...
fio-3.28
Starting 2 threads

randwrite_64k_1_2: (groupid=0, jobs=2): err= 0: pid=23097: Thu Apr  6 14:29:53 2023
  write: IOPS=18.7k, BW=1171MiB/s (1228MB/s)(68.6GiB/60001msec); 0 zone resets
    slat (nsec): min=7325, max=68346, avg=10581.03, stdev=3691.33
    clat (usec): min=48, max=1813, avg=94.91, stdev=18.88
     lat (usec): min=84, max=1839, avg=105.60, stdev=19.07
    clat percentiles (usec):
     |  1.00th=[   80],  5.00th=[   81], 10.00th=[   82], 20.00th=[   84],
     | 30.00th=[   85], 40.00th=[   87], 50.00th=[   89], 60.00th=[   91],
     | 70.00th=[   96], 80.00th=[  101], 90.00th=[  115], 95.00th=[  145],
     | 99.00th=[  165], 99.50th=[  172], 99.90th=[  186], 99.95th=[  194],
     | 99.99th=[  235]
   bw (  MiB/s): min=  927, max= 1178, per=100.00%, avg=1171.22, stdev=11.33, samples=240
   iops        : min=14842, max=18852, avg=18739.33, stdev=181.30, samples=240
  lat (usec)   : 50=0.01%, 100=78.53%, 250=21.46%, 500=0.01%
  lat (msec)   : 2=0.01%
  cpu          : usr=3.97%, sys=12.24%, ctx=1124151, majf=0, minf=0
  IO depths    : 1=100.0%, 2=0.0%, 4=0.0%, 8=0.0%, 16=0.0%, 32=0.0%, >=64=0.0%
     submit    : 0=0.0%, 4=100.0%, 8=0.0%, 16=0.0%, 32=0.0%, 64=0.0%, >=64=0.0%
     complete  : 0=0.0%, 4=100.0%, 8=0.0%, 16=0.0%, 32=0.0%, 64=0.0%, >=64=0.0%
     issued rwts: total=0,1124139,0,0 short=0,0,0,0 dropped=0,0,0,0
     latency   : target=0, window=0, percentile=100.00%, depth=1

Run status group 0 (all jobs):
  WRITE: bw=1171MiB/s (1228MB/s), 1171MiB/s-1171MiB/s (1228MB/s-1228MB/s), io=68.6GiB (73.7GB), run=60001-60001msec
