"randwrite_4k_1_1": (g=0): rw=randwrite, bs=(R) 4096B-4096B, (W) 4096B-4096B, (T) 4096B-4096B, ioengine=io_uring, iodepth=1
fio-3.28
Starting 1 thread

"randwrite_4k_1_1": (groupid=0, jobs=1): err= 0: pid=147231: Wed Jul 19 12:05:16 2023
  write: IOPS=10.1k, BW=39.3MiB/s (41.2MB/s)(2356MiB/60001msec); 0 zone resets
    slat (nsec): min=4499, max=42858, avg=4794.50, stdev=376.40
    clat (usec): min=54, max=524, avg=93.45, stdev=15.54
     lat (usec): min=89, max=529, avg=98.49, stdev=15.53
    clat percentiles (usec):
     | 25.0th=[   88], 50.0th=[   89], 75.0th=[   90], 99.0th=[  151]
    lat percentiles (usec):
     | 25.0th=[   93], 50.0th=[   94], 75.0th=[   95], 99.0th=[  157]
   bw (  KiB/s): min=38552, max=40296, per=100.00%, avg=40206.40, stdev=156.69, samples=120
   iops        : min= 9638, max=10074, avg=10051.60, stdev=39.17, samples=120
  lat (usec)   : 100=90.95%, 250=9.01%, 500=0.04%, 750=0.01%
  cpu          : usr=2.93%, sys=7.79%, ctx=603643, majf=0, minf=14148
  IO depths    : 1=100.0%, 2=0.0%, 4=0.0%, 8=0.0%, 16=0.0%, 32=0.0%, >=64=0.0%
     submit    : 0=0.0%, 4=100.0%, 8=0.0%, 16=0.0%, 32=0.0%, 64=0.0%, >=64=0.0%
     complete  : 0=0.0%, 4=100.0%, 8=0.0%, 16=0.0%, 32=0.0%, 64=0.0%, >=64=0.0%
     issued rwts: total=0,603065,0,0 short=0,0,0,0 dropped=0,0,0,0
     latency   : target=0, window=0, percentile=100.00%, depth=1

Run status group 0 (all jobs):
  WRITE: bw=39.3MiB/s (41.2MB/s), 39.3MiB/s-39.3MiB/s (41.2MB/s-41.2MB/s), io=2356MiB (2470MB), run=60001-60001msec
