"randwrite_64k_2_1": (g=0): rw=randwrite, bs=(R) 64.0KiB-64.0KiB, (W) 64.0KiB-64.0KiB, (T) 64.0KiB-64.0KiB, ioengine=io_uring, iodepth=2
fio-3.28
Starting 1 thread

"randwrite_64k_2_1": (groupid=0, jobs=1): err= 0: pid=147143: Wed Jul 19 11:53:23 2023
  write: IOPS=8356, BW=522MiB/s (548MB/s)(30.6GiB/60001msec); 0 zone resets
    slat (nsec): min=7027, max=37342, avg=8726.44, stdev=535.35
    clat (usec): min=196, max=2058, avg=229.41, stdev=21.70
     lat (usec): min=208, max=2067, avg=238.28, stdev=21.67
    clat percentiles (usec):
     |  1.00th=[  212],  5.00th=[  217], 10.00th=[  217], 20.00th=[  219],
     | 30.00th=[  219], 40.00th=[  221], 50.00th=[  221], 60.00th=[  225],
     | 70.00th=[  231], 80.00th=[  237], 90.00th=[  249], 95.00th=[  273],
     | 99.00th=[  314], 99.50th=[  326], 99.90th=[  388], 99.95th=[  408],
     | 99.99th=[  461]
   bw (  KiB/s): min=501120, max=538368, per=100.00%, avg=534850.61, stdev=3393.53, samples=120
   iops        : min= 7830, max= 8412, avg=8357.02, stdev=53.02, samples=120
  lat (usec)   : 250=90.18%, 500=9.82%, 750=0.01%, 1000=0.01%
  lat (msec)   : 2=0.01%, 4=0.01%
  cpu          : usr=3.00%, sys=9.17%, ctx=492322, majf=0, minf=0
  IO depths    : 1=0.0%, 2=100.0%, 4=0.0%, 8=0.0%, 16=0.0%, 32=0.0%, >=64=0.0%
     submit    : 0=0.0%, 4=100.0%, 8=0.0%, 16=0.0%, 32=0.0%, 64=0.0%, >=64=0.0%
     complete  : 0=0.0%, 4=100.0%, 8=0.0%, 16=0.0%, 32=0.0%, 64=0.0%, >=64=0.0%
     issued rwts: total=0,501397,0,0 short=0,0,0,0 dropped=0,0,0,0
     latency   : target=0, window=0, percentile=100.00%, depth=2

Run status group 0 (all jobs):
  WRITE: bw=522MiB/s (548MB/s), 522MiB/s-522MiB/s (548MB/s-548MB/s), io=30.6GiB (32.9GB), run=60001-60001msec
