44, 43942528, 1, 16384, 0
88, 44020078, 1, 16384, 0
132, 43950933, 1, 16384, 0
175, 43987229, 1, 16384, 0
219, 43991557, 1, 16384, 0
263, 43991759, 1, 16384, 0
312, 47990133, 1, 16384, 0
355, 43987764, 1, 16384, 0
399, 43993033, 1, 16384, 0
444, 43989877, 1, 16384, 0
488, 43990091, 1, 16384, 0
532, 43987150, 1, 16384, 0
576, 43990176, 1, 16384, 0
619, 43985075, 1, 16384, 0
664, 43994733, 1, 16384, 0
712, 47990392, 1, 16384, 0
756, 44003945, 1, 16384, 0
800, 43980958, 1, 16384, 0
843, 43984277, 1, 16384, 0
888, 44013809, 1, 16384, 0
931, 43965830, 1, 16384, 0
975, 43990974, 1, 16384, 0
1019, 43992838, 1, 16384, 0
1063, 43990947, 1, 16384, 0
1108, 43990590, 1, 16384, 0
1151, 43987884, 1, 16384, 0
1200, 47997354, 1, 16384, 0
1247, 47987334, 1, 16384, 0
1295, 47989086, 1, 16384, 0
1339, 43989578, 1, 16384, 0
1383, 43991347, 1, 16384, 0
1427, 43990178, 1, 16384, 0
1472, 44026488, 1, 16384, 0
1515, 43954909, 1, 16384, 0
1560, 43997489, 1, 16384, 0
1603, 43984631, 1, 16384, 0
1647, 43990491, 1, 16384, 0
1691, 43989374, 1, 16384, 0
1735, 43993097, 1, 16384, 0
1779, 43990251, 1, 16384, 0
1824, 44048964, 1, 16384, 0
1871, 47931378, 1, 16384, 0
1916, 44050342, 1, 16384, 0
1959, 43928837, 1, 16384, 0
2003, 43995524, 1, 16384, 0
2047, 43986459, 1, 16384, 0
2091, 43994752, 1, 16384, 0
2135, 43987145, 1, 16384, 0
2179, 43994967, 1, 16384, 0
2223, 43988187, 1, 16384, 0
2267, 43989685, 1, 16384, 0
2311, 43991561, 1, 16384, 0
2355, 43989880, 1, 16384, 0
2403, 47991928, 1, 16384, 0
2451, 47989620, 1, 16384, 0
2496, 43997909, 1, 16384, 0
2540, 44023623, 1, 16384, 0
2588, 47961891, 1, 16384, 0
2631, 43980331, 1, 16384, 0
2675, 43988939, 1, 16384, 0
2720, 43996435, 1, 16384, 0
2767, 47988665, 1, 16384, 0
2815, 47988373, 1, 16384, 0
2859, 43990908, 1, 16384, 0
2903, 43991009, 1, 16384, 0
2947, 43991860, 1, 16384, 0
2995, 47993483, 1, 16384, 0
3039, 43989608, 1, 16384, 0
3088, 47995131, 1, 16384, 0
3131, 43983909, 1, 16384, 0
3179, 47990069, 1, 16384, 0
3224, 44016024, 1, 16384, 0
3267, 43965854, 1, 16384, 0
3315, 47988767, 1, 16384, 0
3359, 43995047, 1, 16384, 0
3407, 47987374, 1, 16384, 0
3455, 47990743, 1, 16384, 0
3500, 44006005, 1, 16384, 0
3544, 43981504, 1, 16384, 0
3592, 48039776, 1, 16384, 0
3635, 43940134, 1, 16384, 0
3679, 43988399, 1, 16384, 0
3724, 44053908, 1, 16384, 0
3768, 43958299, 1, 16384, 0
3815, 47961515, 1, 16384, 0
3859, 43988881, 1, 16384, 0
3904, 44003043, 1, 16384, 0
3947, 43976812, 1, 16384, 0
3995, 47993703, 1, 16384, 0
4040, 43994426, 1, 16384, 0
4088, 47992281, 1, 16384, 0
4131, 43985270, 1, 16384, 0
4179, 47990372, 1, 16384, 0
4223, 43989862, 1, 16384, 0
4267, 43992109, 1, 16384, 0
4311, 43987777, 1, 16384, 0
4356, 44018851, 1, 16384, 0
4403, 47964591, 1, 16384, 0
4447, 43989347, 1, 16384, 0
4492, 44014956, 1, 16384, 0
4535, 43967388, 1, 16384, 0
4579, 43989986, 1, 16384, 0
4623, 43990443, 1, 16384, 0
4667, 43988896, 1, 16384, 0
4715, 47995590, 1, 16384, 0
4760, 44026349, 1, 16384, 0
4803, 43951518, 1, 16384, 0
4847, 43992787, 1, 16384, 0
4895, 47989004, 1, 16384, 0
4943, 47990402, 1, 16384, 0
4987, 43992413, 1, 16384, 0
5031, 43990036, 1, 16384, 0
5075, 43993797, 1, 16384, 0
5119, 43986204, 1, 16384, 0
5163, 43990625, 1, 16384, 0
5207, 43991704, 1, 16384, 0
5252, 43998522, 1, 16384, 0
5299, 47979531, 1, 16384, 0
5343, 43992934, 1, 16384, 0
5391, 47994466, 1, 16384, 0
5435, 43990291, 1, 16384, 0
5480, 43995098, 1, 16384, 0
5528, 47990182, 1, 16384, 0
5571, 43986845, 1, 16384, 0
5616, 44002002, 1, 16384, 0
5664, 47984241, 1, 16384, 0
5707, 43984543, 1, 16384, 0
5751, 43987834, 1, 16384, 0
5795, 43990650, 1, 16384, 0
5843, 47991337, 1, 16384, 0
5891, 47990715, 1, 16384, 0
5939, 47991032, 1, 16384, 0
5983, 43992633, 1, 16384, 0
6027, 43995193, 1, 16384, 0
6072, 43996157, 1, 16384, 0
6119, 47979920, 1, 16384, 0
6163, 43990829, 1, 16384, 0
6207, 43990323, 1, 16384, 0
6255, 47980119, 1, 16384, 0
6303, 47986596, 1, 16384, 0
6347, 43993350, 1, 16384, 0
6395, 47990093, 1, 16384, 0
6444, 48021432, 1, 16384, 0
6488, 43967048, 1, 16384, 0
6535, 47985191, 1, 16384, 0
6583, 47994014, 1, 16384, 0
6628, 44050757, 1, 16384, 0
6672, 43965328, 1, 16384, 0
6720, 47961780, 1, 16384, 0
6763, 43982627, 1, 16384, 0
6807, 43987662, 1, 16384, 0
6851, 43989112, 1, 16384, 0
6899, 47993984, 1, 16384, 0
6947, 47988092, 1, 16384, 0
6995, 47993670, 1, 16384, 0
7039, 43988074, 1, 16384, 0
7087, 47992725, 1, 16384, 0
7135, 47990504, 1, 16384, 0
7179, 43986879, 1, 16384, 0
7223, 43991105, 1, 16384, 0
7267, 43992147, 1, 16384, 0
7311, 43989537, 1, 16384, 0
7359, 47990988, 1, 16384, 0
7403, 43988819, 1, 16384, 0
7447, 43989340, 1, 16384, 0
7491, 44000863, 1, 16384, 0
7539, 47986515, 1, 16384, 0
7587, 47990974, 1, 16384, 0
7635, 47985433, 1, 16384, 0
7679, 43993644, 1, 16384, 0
7723, 43992992, 1, 16384, 0
7771, 47988722, 1, 16384, 0
7819, 47991208, 1, 16384, 0
7863, 43989132, 1, 16384, 0
7911, 47990414, 1, 16384, 0
7955, 43990133, 1, 16384, 0
7999, 43997224, 1, 16384, 0
8043, 43984133, 1, 16384, 0
8087, 43990950, 1, 16384, 0
8136, 48023210, 1, 16384, 0
8179, 43955087, 1, 16384, 0
8223, 43991478, 1, 16384, 0
8271, 47991477, 1, 16384, 0
8315, 43990079, 1, 16384, 0
8359, 43990851, 1, 16384, 0
8407, 47993769, 1, 16384, 0
8452, 44001881, 1, 16384, 0
8496, 43991604, 1, 16384, 0
8543, 47984248, 1, 16384, 0
8587, 43985603, 1, 16384, 0
8631, 43987186, 1, 16384, 0
8675, 43990599, 1, 16384, 0
8719, 43992056, 1, 16384, 0
8767, 47990094, 1, 16384, 0
8815, 47989749, 1, 16384, 0
8859, 43989547, 1, 16384, 0
8907, 47991030, 1, 16384, 0
8952, 44037875, 1, 16384, 0
8995, 43951796, 1, 16384, 0
9039, 43987170, 1, 16384, 0
9083, 43991023, 1, 16384, 0
9131, 47986522, 1, 16384, 0
9175, 43992463, 1, 16384, 0
9219, 43987637, 1, 16384, 0
9263, 43992986, 1, 16384, 0
9307, 43988075, 1, 16384, 0
9355, 47998827, 1, 16384, 0
9399, 43984180, 1, 16384, 0
9447, 47989084, 1, 16384, 0
9495, 47994852, 1, 16384, 0
9543, 47989770, 1, 16384, 0
9592, 48018682, 1, 16384, 0
9635, 43963253, 1, 16384, 0
9679, 43987019, 1, 16384, 0
9723, 43994455, 1, 16384, 0
9771, 47986151, 1, 16384, 0
9815, 43991016, 1, 16384, 0
9863, 47991796, 1, 16384, 0
9907, 43992896, 1, 16384, 0
9951, 43988729, 1, 16384, 0
9996, 44042920, 1, 16384, 0
10039, 43939113, 1, 16384, 0
10084, 44025548, 1, 16384, 0
10131, 47955274, 1, 16384, 0
10175, 43992276, 1, 16384, 0
10223, 47988046, 1, 16384, 0
10267, 43994607, 1, 16384, 0
10311, 43988271, 1, 16384, 0
10355, 43989532, 1, 16384, 0
10399, 43991440, 1, 16384, 0
10447, 47992366, 1, 16384, 0
10491, 43995309, 1, 16384, 0
10535, 43986606, 1, 16384, 0
10579, 43993753, 1, 16384, 0
10623, 43985867, 1, 16384, 0
10667, 43992382, 1, 16384, 0
10715, 47997230, 1, 16384, 0
10759, 43982298, 1, 16384, 0
10803, 43988449, 1, 16384, 0
10847, 43991770, 1, 16384, 0
10891, 43989020, 1, 16384, 0
10935, 43994321, 1, 16384, 0
10979, 43989830, 1, 16384, 0
11023, 43989860, 1, 16384, 0
11067, 43993870, 1, 16384, 0
11115, 47987046, 1, 16384, 0
11163, 47995653, 1, 16384, 0
11207, 43986921, 1, 16384, 0
11251, 43994007, 1, 16384, 0
11296, 44046372, 1, 16384, 0
11339, 43931456, 1, 16384, 0
11383, 43991630, 1, 16384, 0
11431, 47991206, 1, 16384, 0
11479, 47997565, 1, 16384, 0
11523, 43989184, 1, 16384, 0
11567, 43988806, 1, 16384, 0
11615, 47985907, 1, 16384, 0
11659, 43989531, 1, 16384, 0
11703, 43992512, 1, 16384, 0
11747, 43991110, 1, 16384, 0
11795, 47992942, 1, 16384, 0
11839, 43988451, 1, 16384, 0
11887, 47990494, 1, 16384, 0
11931, 43991264, 1, 16384, 0
11975, 43989760, 1, 16384, 0
12019, 43992522, 1, 16384, 0
12063, 43981187, 1, 16384, 0
12107, 43987716, 1, 16384, 0
12156, 48001723, 1, 16384, 0
12199, 43974914, 1, 16384, 0
12243, 43993569, 1, 16384, 0
12287, 43989576, 1, 16384, 0
12335, 47991999, 1, 16384, 0
12379, 43992168, 1, 16384, 0
12423, 43987258, 1, 16384, 0
12468, 44016605, 1, 16384, 0
12511, 43972994, 1, 16384, 0
12559, 47983258, 1, 16384, 0
12603, 43992747, 1, 16384, 0
12647, 43985555, 1, 16384, 0
12691, 43996541, 1, 16384, 0
12739, 47990368, 1, 16384, 0
12787, 47989981, 1, 16384, 0
12831, 43987503, 1, 16384, 0
12876, 44019758, 1, 16384, 0
12920, 44024480, 1, 16384, 0
12963, 43937069, 1, 16384, 0
13007, 43988959, 1, 16384, 0
13051, 43986939, 1, 16384, 0
13095, 43995453, 1, 16384, 0
13143, 47985270, 1, 16384, 0
13188, 44036663, 1, 16384, 0
13231, 43941545, 1, 16384, 0
13279, 47994125, 1, 16384, 0
13323, 43990473, 1, 16384, 0
13367, 43989644, 1, 16384, 0
13415, 47997438, 1, 16384, 0
13459, 43983096, 1, 16384, 0
13504, 44014735, 1, 16384, 0
13547, 43970044, 1, 16384, 0
13591, 43994670, 1, 16384, 0
13635, 43985178, 1, 16384, 0
13679, 43990053, 1, 16384, 0
13727, 47993459, 1, 16384, 0
13775, 47991986, 1, 16384, 0
13819, 43982971, 1, 16384, 0
13863, 43992849, 1, 16384, 0
13907, 43994964, 1, 16384, 0
13951, 43986067, 1, 16384, 0
13995, 43994445, 1, 16384, 0
14043, 47991290, 1, 16384, 0
14087, 43993112, 1, 16384, 0
14131, 43987645, 1, 16384, 0
14179, 47987369, 1, 16384, 0
14223, 43993535, 1, 16384, 0
14267, 43990814, 1, 16384, 0
14311, 43988233, 1, 16384, 0
14355, 43992254, 1, 16384, 0
14403, 47988558, 1, 16384, 0
14451, 47991565, 1, 16384, 0
14495, 44001837, 1, 16384, 0
14543, 47978910, 1, 16384, 0
14587, 43996997, 1, 16384, 0
14631, 43984103, 1, 16384, 0
14675, 43992316, 1, 16384, 0
14723, 47989622, 1, 16384, 0
14767, 44000252, 1, 16384, 0
14815, 47991094, 1, 16384, 0
14859, 43981804, 1, 16384, 0
14903, 43988905, 1, 16384, 0
14947, 43997491, 1, 16384, 0
14991, 43988154, 1, 16384, 0
15035, 43990013, 1, 16384, 0
15079, 43990218, 1, 16384, 0
15127, 47988646, 1, 16384, 0
15171, 43990048, 1, 16384, 0
15219, 47992487, 1, 16384, 0
15267, 47992202, 1, 16384, 0
15315, 47989968, 1, 16384, 0
15360, 44016799, 1, 16384, 0
15403, 43966854, 1, 16384, 0
15447, 43988754, 1, 16384, 0
15491, 43998405, 1, 16384, 0
15536, 44044950, 1, 16384, 0
15579, 43933741, 1, 16384, 0
15628, 48015693, 1, 16384, 0
15671, 43961119, 1, 16384, 0
15720, 48040321, 1, 16384, 0
15763, 43940890, 1, 16384, 0
15811, 47987729, 1, 16384, 0
15855, 43990965, 1, 16384, 0
15899, 43989884, 1, 16384, 0
15943, 43991805, 1, 16384, 0
15991, 48003301, 1, 16384, 0
16035, 43988779, 1, 16384, 0
16083, 47985886, 1, 16384, 0
16131, 47995501, 1, 16384, 0
16175, 43982586, 1, 16384, 0
16219, 43989801, 1, 16384, 0
16263, 43993404, 1, 16384, 0
16307, 43989688, 1, 16384, 0
16355, 47990017, 1, 16384, 0
16403, 47993073, 1, 16384, 0
16447, 43986802, 1, 16384, 0
16491, 43998994, 1, 16384, 0
16539, 47986563, 1, 16384, 0
16587, 47989551, 1, 16384, 0
16632, 44045363, 1, 16384, 0
16675, 43930934, 1, 16384, 0
16723, 47994560, 1, 16384, 0
16771, 47992562, 1, 16384, 0
16815, 43987326, 1, 16384, 0
16859, 43992236, 1, 16384, 0
16903, 43991121, 1, 16384, 0
16947, 43989353, 1, 16384, 0
16995, 47989905, 1, 16384, 0
17039, 43993520, 1, 16384, 0
17087, 47993224, 1, 16384, 0
17135, 47988488, 1, 16384, 0
17179, 43995074, 1, 16384, 0
17223, 43986594, 1, 16384, 0
17267, 43987564, 1, 16384, 0
17315, 47991591, 1, 16384, 0
17363, 47990716, 1, 16384, 0
17407, 43991636, 1, 16384, 0
17451, 43986550, 1, 16384, 0
17499, 48007793, 1, 16384, 0
17547, 47979533, 1, 16384, 0
17591, 43990423, 1, 16384, 0
17635, 43987404, 1, 16384, 0
17683, 47993782, 1, 16384, 0
17727, 43989893, 1, 16384, 0
17771, 43991193, 1, 16384, 0
17815, 43988718, 1, 16384, 0
17863, 47974138, 1, 16384, 0
17911, 47990073, 1, 16384, 0
17955, 43988671, 1, 16384, 0
17999, 43998347, 1, 16384, 0
18047, 47989081, 1, 16384, 0
18095, 47989245, 1, 16384, 0
18139, 43988969, 1, 16384, 0
18183, 43989074, 1, 16384, 0
18231, 47990819, 1, 16384, 0
18276, 44019390, 1, 16384, 0
18319, 43969983, 1, 16384, 0
18364, 44045922, 1, 16384, 0
18407, 43929612, 1, 16384, 0
18451, 43988422, 1, 16384, 0
18495, 44008128, 1, 16384, 0
18543, 47977657, 1, 16384, 0
18587, 43993611, 1, 16384, 0
18631, 43982440, 1, 16384, 0
18675, 43990331, 1, 16384, 0
18723, 47992968, 1, 16384, 0
18771, 47994025, 1, 16384, 0
18815, 43985671, 1, 16384, 0
18859, 43997896, 1, 16384, 0
18903, 43983905, 1, 16384, 0
18947, 43990259, 1, 16384, 0
18995, 47992187, 1, 16384, 0
19039, 43995592, 1, 16384, 0
19083, 43989762, 1, 16384, 0
19131, 47990620, 1, 16384, 0
19179, 47987668, 1, 16384, 0
19227, 47992203, 1, 16384, 0
19271, 43988440, 1, 16384, 0
19315, 43990666, 1, 16384, 0
19359, 43994772, 1, 16384, 0
19403, 43986806, 1, 16384, 0
19447, 43991958, 1, 16384, 0
19491, 43997223, 1, 16384, 0
19535, 43985997, 1, 16384, 0
19579, 43990969, 1, 16384, 0
19623, 43990594, 1, 16384, 0
19667, 43989977, 1, 16384, 0
19715, 47988010, 1, 16384, 0
19763, 47992612, 1, 16384, 0
19807, 43987580, 1, 16384, 0
19851, 43991215, 1, 16384, 0
19895, 43987579, 1, 16384, 0
19939, 43993147, 1, 16384, 0
19987, 47989109, 1, 16384, 0
20031, 43992736, 1, 16384, 0
20075, 43995566, 1, 16384, 0
20119, 43989642, 1, 16384, 0
20163, 43986348, 1, 16384, 0
20207, 43996521, 1, 16384, 0
20251, 43986812, 1, 16384, 0
20295, 43990804, 1, 16384, 0
20339, 43990064, 1, 16384, 0
20383, 43989250, 1, 16384, 0
20427, 43988770, 1, 16384, 0
20471, 43988447, 1, 16384, 0
20515, 44005534, 1, 16384, 0
20559, 43978396, 1, 16384, 0
20603, 43991287, 1, 16384, 0
20647, 43990127, 1, 16384, 0
20691, 43988900, 1, 16384, 0
20739, 47992527, 1, 16384, 0
20787, 47990139, 1, 16384, 0
20831, 43991933, 1, 16384, 0
20875, 43986898, 1, 16384, 0
20920, 44026462, 1, 16384, 0
20963, 43954475, 1, 16384, 0
21011, 47992987, 1, 16384, 0
21055, 43987533, 1, 16384, 0
21099, 44001947, 1, 16384, 0
21144, 44008391, 1, 16384, 0
21187, 43965372, 1, 16384, 0
21235, 47989125, 1, 16384, 0
21279, 43993051, 1, 16384, 0
21323, 43990174, 1, 16384, 0
21367, 43991959, 1, 16384, 0
21415, 47991307, 1, 16384, 0
21459, 43988259, 1, 16384, 0
21503, 43998247, 1, 16384, 0
21551, 47989680, 1, 16384, 0
21595, 43984152, 1, 16384, 0
21639, 43990357, 1, 16384, 0
21687, 47989483, 1, 16384, 0
21735, 47996317, 1, 16384, 0
21779, 43986269, 1, 16384, 0
21827, 47991938, 1, 16384, 0
21875, 47988404, 1, 16384, 0
21919, 43991622, 1, 16384, 0
21963, 43989906, 1, 16384, 0
22007, 43995485, 1, 16384, 0
22051, 43986639, 1, 16384, 0
22095, 43994919, 1, 16384, 0
22139, 43986460, 1, 16384, 0
22183, 43991922, 1, 16384, 0
22227, 43990194, 1, 16384, 0
22272, 44019530, 1, 16384, 0
22315, 43960174, 1, 16384, 0
22359, 43993635, 1, 16384, 0
22407, 47990653, 1, 16384, 0
22451, 43988190, 1, 16384, 0
22499, 48001655, 1, 16384, 0
22543, 43981994, 1, 16384, 0
22587, 43994369, 1, 16384, 0
22635, 47989530, 1, 16384, 0
22683, 47986761, 1, 16384, 0
22727, 43991506, 1, 16384, 0
22771, 43994251, 1, 16384, 0
22815, 43988428, 1, 16384, 0
22860, 44053469, 1, 16384, 0
22903, 43933329, 1, 16384, 0
22947, 43981463, 1, 16384, 0
22995, 47994087, 1, 16384, 0
23039, 43989748, 1, 16384, 0
23083, 43996065, 1, 16384, 0
23127, 43988696, 1, 16384, 0
23171, 43990189, 1, 16384, 0
23215, 43988519, 1, 16384, 0
23259, 43993886, 1, 16384, 0
23303, 43987348, 1, 16384, 0
23351, 47992585, 1, 16384, 0
23395, 43989526, 1, 16384, 0
23443, 47989637, 1, 16384, 0
23491, 48004870, 1, 16384, 0
23540, 48007954, 1, 16384, 0
23583, 43966078, 1, 16384, 0
23627, 43974425, 1, 16384, 0
23671, 43985529, 1, 16384, 0
23719, 47991620, 1, 16384, 0
23767, 47999416, 1, 16384, 0
23815, 47982658, 1, 16384, 0
23859, 43990774, 1, 16384, 0
23903, 43992194, 1, 16384, 0
23947, 43989242, 1, 16384, 0
23991, 43988038, 1, 16384, 0
24036, 44021114, 1, 16384, 0
24083, 47963870, 1, 16384, 0
24127, 43984252, 1, 16384, 0
24175, 47991738, 1, 16384, 0
24219, 43992407, 1, 16384, 0
24267, 47996063, 1, 16384, 0
24311, 43983147, 1, 16384, 0
24359, 47995165, 1, 16384, 0
24403, 43986447, 1, 16384, 0
24447, 43993801, 1, 16384, 0
24495, 47993213, 1, 16384, 0
24543, 47989573, 1, 16384, 0
24587, 43987209, 1, 16384, 0
24635, 47991153, 1, 16384, 0
24683, 47989570, 1, 16384, 0
24727, 43991075, 1, 16384, 0
24776, 48022107, 1, 16384, 0
24823, 47972882, 1, 16384, 0
24867, 43978293, 1, 16384, 0
24915, 47989556, 1, 16384, 0
24963, 47992079, 1, 16384, 0
25007, 43992637, 1, 16384, 0
25051, 43986921, 1, 16384, 0
25095, 43994074, 1, 16384, 0
25143, 47985638, 1, 16384, 0
25187, 43992054, 1, 16384, 0
25236, 48017573, 1, 16384, 0
25279, 43967169, 1, 16384, 0
25323, 43989329, 1, 16384, 0
25367, 43998394, 1, 16384, 0
25415, 47986032, 1, 16384, 0
25463, 48007988, 1, 16384, 0
25507, 43977599, 1, 16384, 0
25551, 43987035, 1, 16384, 0
25595, 43988955, 1, 16384, 0
25639, 43997035, 1, 16384, 0
25683, 43982327, 1, 16384, 0
25727, 43987870, 1, 16384, 0
25771, 43992849, 1, 16384, 0
25819, 47989914, 1, 16384, 0
25863, 43990599, 1, 16384, 0
25907, 43990090, 1, 16384, 0
25951, 43989811, 1, 16384, 0
25995, 44000284, 1, 16384, 0
26043, 47984276, 1, 16384, 0
26091, 47994599, 1, 16384, 0
26139, 47986688, 1, 16384, 0
26183, 43989688, 1, 16384, 0
26227, 43990554, 1, 16384, 0
26271, 43993422, 1, 16384, 0
26315, 43985869, 1, 16384, 0
26363, 47993496, 1, 16384, 0
26407, 43990130, 1, 16384, 0
26451, 43988643, 1, 16384, 0
26495, 43997713, 1, 16384, 0
26543, 47985789, 1, 16384, 0
26591, 47994236, 1, 16384, 0
26639, 47986010, 1, 16384, 0
26687, 47989530, 1, 16384, 0
26732, 44041901, 1, 16384, 0
26775, 43944786, 1, 16384, 0
26823, 47988769, 1, 16384, 0
26867, 43990724, 1, 16384, 0
26911, 43989220, 1, 16384, 0
26955, 44016404, 1, 16384, 0
26999, 43972157, 1, 16384, 0
27043, 43982016, 1, 16384, 0
27087, 43993434, 1, 16384, 0
27136, 48038632, 1, 16384, 0
27183, 47940169, 1, 16384, 0
27231, 47989477, 1, 16384, 0
27275, 43998552, 1, 16384, 0
27323, 47986012, 1, 16384, 0
27368, 44039530, 1, 16384, 0
27411, 43941640, 1, 16384, 0
27455, 43990149, 1, 16384, 0
27499, 43997575, 1, 16384, 0
27543, 44007962, 1, 16384, 0
27587, 43969231, 1, 16384, 0
27631, 43988435, 1, 16384, 0
27675, 43989911, 1, 16384, 0
27719, 43988005, 1, 16384, 0
27763, 43992498, 1, 16384, 0
27807, 43993564, 1, 16384, 0
27851, 43985856, 1, 16384, 0
27895, 43995422, 1, 16384, 0
27939, 43988413, 1, 16384, 0
27987, 48004537, 1, 16384, 0
28031, 43979124, 1, 16384, 0
28075, 43988038, 1, 16384, 0
28123, 47992681, 1, 16384, 0
28167, 43990329, 1, 16384, 0
28211, 43990427, 1, 16384, 0
28255, 43991161, 1, 16384, 0
28299, 43987501, 1, 16384, 0
28347, 47999707, 1, 16384, 0
28391, 43982674, 1, 16384, 0
28435, 43990542, 1, 16384, 0
28483, 47989657, 1, 16384, 0
28531, 48008761, 1, 16384, 0
28579, 47973676, 1, 16384, 0
28623, 43996285, 1, 16384, 0
28667, 43983479, 1, 16384, 0
28715, 47995169, 1, 16384, 0
28763, 47989050, 1, 16384, 0
28807, 43990833, 1, 16384, 0
28855, 47986768, 1, 16384, 0
28899, 43993064, 1, 16384, 0
28943, 43990463, 1, 16384, 0
28987, 43992587, 1, 16384, 0
29031, 43997343, 1, 16384, 0
29075, 43982411, 1, 16384, 0
29123, 47995509, 1, 16384, 0
29167, 43984603, 1, 16384, 0
29211, 43989549, 1, 16384, 0
29255, 43991889, 1, 16384, 0
29299, 43990526, 1, 16384, 0
29347, 47993507, 1, 16384, 0
29391, 43992015, 1, 16384, 0
29435, 43976769, 1, 16384, 0
29479, 43985937, 1, 16384, 0
29523, 44003976, 1, 16384, 0
29567, 43980027, 1, 16384, 0
29611, 43995550, 1, 16384, 0
29659, 47988453, 1, 16384, 0
29703, 43993558, 1, 16384, 0
29747, 43988052, 1, 16384, 0
29795, 47989385, 1, 16384, 0
29843, 48014064, 1, 16384, 0
29887, 43965626, 1, 16384, 0
29931, 43990222, 1, 16384, 0
29979, 47990989, 1, 16384, 0
30023, 43988728, 1, 16384, 0
30067, 43986925, 1, 16384, 0
30111, 43995304, 1, 16384, 0
30155, 43987379, 1, 16384, 0
30203, 47991892, 1, 16384, 0
30247, 43991992, 1, 16384, 0
30291, 43988331, 1, 16384, 0
30340, 48032518, 1, 16384, 0
30387, 47950689, 1, 16384, 0
30431, 43989095, 1, 16384, 0
30475, 43990415, 1, 16384, 0
30519, 43999853, 1, 16384, 0
30567, 47985252, 1, 16384, 0
30611, 43991410, 1, 16384, 0
30655, 43986684, 1, 16384, 0
30699, 43992904, 1, 16384, 0
30743, 43990681, 1, 16384, 0
30787, 44007476, 1, 16384, 0
30831, 43973587, 1, 16384, 0
30879, 47991262, 1, 16384, 0
30923, 43987916, 1, 16384, 0
30967, 43998850, 1, 16384, 0
31012, 44111201, 1, 16384, 0
31055, 43891952, 1, 16384, 0
31099, 43964415, 1, 16384, 0
31143, 43988064, 1, 16384, 0
31187, 43998550, 1, 16384, 0
31231, 43984019, 1, 16384, 0
31279, 47989789, 1, 16384, 0
31323, 44008602, 1, 16384, 0
31367, 43975683, 1, 16384, 0
31411, 43992731, 1, 16384, 0
31455, 43985778, 1, 16384, 0
31499, 44001758, 1, 16384, 0
31543, 43983587, 1, 16384, 0
31587, 43993108, 1, 16384, 0
31631, 43987083, 1, 16384, 0
31675, 43989429, 1, 16384, 0
31723, 47990676, 1, 16384, 0
31771, 47995480, 1, 16384, 0
31819, 47987540, 1, 16384, 0
31867, 47990168, 1, 16384, 0
31911, 43988515, 1, 16384, 0
31955, 43992217, 1, 16384, 0
32000, 44030437, 1, 16384, 0
32047, 47950238, 1, 16384, 0
32095, 47992917, 1, 16384, 0
32139, 43988635, 1, 16384, 0
32183, 43987864, 1, 16384, 0
32227, 43992169, 1, 16384, 0
32271, 43991538, 1, 16384, 0
32315, 43990591, 1, 16384, 0
32363, 47991837, 1, 16384, 0
32411, 47999127, 1, 16384, 0
32455, 43979248, 1, 16384, 0
32503, 48001844, 1, 16384, 0
32551, 47982829, 1, 16384, 0
32595, 43993004, 1, 16384, 0
32639, 43984608, 1, 16384, 0
32687, 47991766, 1, 16384, 0
32731, 44018680, 1, 16384, 0
32775, 43965675, 1, 16384, 0
32819, 43992706, 1, 16384, 0
32863, 43985242, 1, 16384, 0
32907, 43989753, 1, 16384, 0
32951, 43991690, 1, 16384, 0
32995, 43991484, 1, 16384, 0
33040, 44031323, 1, 16384, 0
33083, 43950282, 1, 16384, 0
33128, 44036828, 1, 16384, 0
33171, 43945891, 1, 16384, 0
33219, 47989657, 1, 16384, 0
33267, 47989908, 1, 16384, 0
33311, 43991826, 1, 16384, 0
33355, 43991686, 1, 16384, 0
33403, 47988762, 1, 16384, 0
33451, 47991492, 1, 16384, 0
33499, 48002673, 1, 16384, 0
33543, 43984536, 1, 16384, 0
33587, 43982038, 1, 16384, 0
33635, 47994564, 1, 16384, 0
33683, 47985962, 1, 16384, 0
33727, 43990686, 1, 16384, 0
33775, 48003847, 1, 16384, 0
33824, 48038667, 1, 16384, 0
33867, 43929793, 1, 16384, 0
33915, 47992344, 1, 16384, 0
33959, 43989177, 1, 16384, 0
34003, 43990369, 1, 16384, 0
34047, 43991964, 1, 16384, 0
34091, 44003946, 1, 16384, 0
34140, 48017116, 1, 16384, 0
34188, 47992719, 1, 16384, 0
34232, 44000542, 1, 16384, 0
34276, 43977382, 1, 16384, 0
34319, 43956736, 1, 16384, 0
34364, 44078051, 1, 16384, 0
34408, 43937981, 1, 16384, 0
34452, 44004118, 1, 16384, 0
34496, 43993731, 1, 16384, 0
34540, 43982669, 1, 16384, 0
34584, 43994604, 1, 16384, 0
34627, 43951838, 1, 16384, 0
34671, 43979821, 1, 16384, 0
34719, 47989389, 1, 16384, 0
34767, 47995168, 1, 16384, 0
34815, 47987597, 1, 16384, 0
34859, 43988450, 1, 16384, 0
34907, 47990002, 1, 16384, 0
34951, 43994057, 1, 16384, 0
34995, 43988839, 1, 16384, 0
35039, 43996321, 1, 16384, 0
35087, 47999929, 1, 16384, 0
35135, 47997185, 1, 16384, 0
35179, 43974473, 1, 16384, 0
35223, 43988939, 1, 16384, 0
35267, 43976166, 1, 16384, 0
35311, 43992421, 1, 16384, 0
35355, 43989644, 1, 16384, 0
35399, 43991029, 1, 16384, 0
35443, 43994949, 1, 16384, 0
35487, 43993573, 1, 16384, 0
35531, 43990300, 1, 16384, 0
35579, 47985088, 1, 16384, 0
35627, 48019365, 1, 16384, 0
35675, 47961362, 1, 16384, 0
35723, 47989541, 1, 16384, 0
35767, 43992039, 1, 16384, 0
35815, 47993860, 1, 16384, 0
35859, 43996541, 1, 16384, 0
35903, 43979808, 1, 16384, 0
35951, 47994093, 1, 16384, 0
35999, 47993744, 1, 16384, 0
36043, 44000939, 1, 16384, 0
36091, 47982081, 1, 16384, 0
36139, 47991754, 1, 16384, 0
36183, 43989483, 1, 16384, 0
36227, 43985117, 1, 16384, 0
36275, 47990277, 1, 16384, 0
36319, 43990798, 1, 16384, 0
36367, 47989083, 1, 16384, 0
36411, 43989876, 1, 16384, 0
36460, 48026924, 1, 16384, 0
36503, 43976552, 1, 16384, 0
36551, 47971614, 1, 16384, 0
36595, 43993711, 1, 16384, 0
36643, 47985439, 1, 16384, 0
36687, 43990832, 1, 16384, 0
36735, 47990887, 1, 16384, 0
36779, 43995226, 1, 16384, 0
36823, 43985219, 1, 16384, 0
36871, 47992189, 1, 16384, 0
36915, 43994127, 1, 16384, 0
36963, 47987496, 1, 16384, 0
37007, 43990953, 1, 16384, 0
37051, 43991223, 1, 16384, 0
37099, 47990571, 1, 16384, 0
37143, 43989906, 1, 16384, 0
37187, 43987390, 1, 16384, 0
37235, 47993118, 1, 16384, 0
37283, 47990854, 1, 16384, 0
37331, 47988007, 1, 16384, 0
37379, 47995284, 1, 16384, 0
37423, 43988884, 1, 16384, 0
37467, 43990377, 1, 16384, 0
37511, 43999967, 1, 16384, 0
37555, 43984367, 1, 16384, 0
37599, 43992188, 1, 16384, 0
37643, 43990278, 1, 16384, 0
37687, 43987375, 1, 16384, 0
37731, 43989897, 1, 16384, 0
37779, 47994489, 1, 16384, 0
37827, 47986466, 1, 16384, 0
37875, 48003172, 1, 16384, 0
37919, 43981777, 1, 16384, 0
37967, 47989116, 1, 16384, 0
38011, 43992275, 1, 16384, 0
38055, 43988007, 1, 16384, 0
38099, 43996211, 1, 16384, 0
38147, 47987676, 1, 16384, 0
38191, 43989823, 1, 16384, 0
38239, 47988686, 1, 16384, 0
38287, 47994558, 1, 16384, 0
38331, 43988903, 1, 16384, 0
38375, 44016502, 1, 16384, 0
38419, 43964489, 1, 16384, 0
38463, 43989614, 1, 16384, 0
38508, 44072489, 1, 16384, 0
38552, 43991445, 1, 16384, 0
38595, 43936547, 1, 16384, 0
38639, 43958309, 1, 16384, 0
38683, 43989446, 1, 16384, 0
38731, 48002243, 1, 16384, 0
38779, 47981532, 1, 16384, 0
38827, 47986754, 1, 16384, 0
38875, 47989194, 1, 16384, 0
38923, 47988843, 1, 16384, 0
38971, 47990800, 1, 16384, 0
39015, 43995384, 1, 16384, 0
39063, 47986280, 1, 16384, 0
39111, 47994205, 1, 16384, 0
39159, 47989650, 1, 16384, 0
39203, 43989158, 1, 16384, 0
39247, 43998854, 1, 16384, 0
39295, 47982437, 1, 16384, 0
39339, 43991209, 1, 16384, 0
39383, 43991399, 1, 16384, 0
39431, 47991131, 1, 16384, 0
39480, 48047528, 1, 16384, 0
39523, 43937743, 1, 16384, 0
39571, 48005818, 1, 16384, 0
39619, 47974593, 1, 16384, 0
39667, 47984603, 1, 16384, 0
39711, 43989668, 1, 16384, 0
39759, 47991828, 1, 16384, 0
39803, 43992251, 1, 16384, 0
39851, 47991953, 1, 16384, 0
39895, 43987999, 1, 16384, 0
39939, 43992570, 1, 16384, 0
39983, 43988549, 1, 16384, 0
40027, 43994209, 1, 16384, 0
40071, 43986622, 1, 16384, 0
40119, 47994383, 1, 16384, 0
40163, 43987855, 1, 16384, 0
40207, 43988686, 1, 16384, 0
40251, 44003728, 1, 16384, 0
40295, 43982307, 1, 16384, 0
40343, 47987929, 1, 16384, 0
40387, 43992331, 1, 16384, 0
40435, 47990187, 1, 16384, 0
40479, 43986968, 1, 16384, 0
40523, 44001480, 1, 16384, 0
40567, 43981923, 1, 16384, 0
40611, 43999214, 1, 16384, 0
40655, 43982351, 1, 16384, 0
40699, 43990298, 1, 16384, 0
40743, 44006961, 1, 16384, 0
40787, 43977341, 1, 16384, 0
40835, 47986286, 1, 16384, 0
40879, 43993432, 1, 16384, 0
40923, 43988544, 1, 16384, 0
40967, 43990336, 1, 16384, 0
41011, 43995706, 1, 16384, 0
41056, 44045170, 1, 16384, 0
41099, 43936816, 1, 16384, 0
41143, 43989039, 1, 16384, 0
41191, 47987672, 1, 16384, 0
41235, 43993598, 1, 16384, 0
41279, 43988800, 1, 16384, 0
41323, 43990366, 1, 16384, 0
41367, 43989271, 1, 16384, 0
41415, 47992487, 1, 16384, 0
41459, 44016459, 1, 16384, 0
41503, 43971817, 1, 16384, 0
41547, 43984029, 1, 16384, 0
41595, 47991896, 1, 16384, 0
41639, 43997094, 1, 16384, 0
41687, 47985231, 1, 16384, 0
41731, 43992037, 1, 16384, 0
41775, 44000600, 1, 16384, 0
41824, 48025494, 1, 16384, 0
41867, 43941516, 1, 16384, 0
41915, 47992005, 1, 16384, 0
41959, 43995907, 1, 16384, 0
42003, 43989644, 1, 16384, 0
42047, 43984249, 1, 16384, 0
42091, 43989535, 1, 16384, 0
42139, 47995282, 1, 16384, 0
42183, 43989559, 1, 16384, 0
42227, 43991721, 1, 16384, 0
42271, 43988314, 1, 16384, 0
42319, 47992047, 1, 16384, 0
42367, 47990153, 1, 16384, 0
42411, 43990741, 1, 16384, 0
42455, 43990017, 1, 16384, 0
42499, 44022752, 1, 16384, 0
42543, 43968212, 1, 16384, 0
42587, 43983258, 1, 16384, 0
42631, 43990979, 1, 16384, 0
42675, 43990872, 1, 16384, 0
42719, 43984487, 1, 16384, 0
42767, 47998532, 1, 16384, 0
42815, 47987555, 1, 16384, 0
42859, 44030105, 1, 16384, 0
42907, 47949417, 1, 16384, 0
42951, 43991491, 1, 16384, 0
42999, 47994090, 1, 16384, 0
43043, 43988071, 1, 16384, 0
43087, 43990007, 1, 16384, 0
43131, 43995898, 1, 16384, 0
43175, 43987080, 1, 16384, 0
43223, 47989490, 1, 16384, 0
43267, 44002780, 1, 16384, 0
43311, 43985369, 1, 16384, 0
43355, 43985890, 1, 16384, 0
43399, 43988042, 1, 16384, 0
43443, 43991760, 1, 16384, 0
43487, 43993607, 1, 16384, 0
43531, 44002597, 1, 16384, 0
43575, 43978406, 1, 16384, 0
43619, 43993259, 1, 16384, 0
43663, 43985604, 1, 16384, 0
43707, 43990754, 1, 16384, 0
43755, 47992448, 1, 16384, 0
43799, 43989367, 1, 16384, 0
43843, 43990012, 1, 16384, 0
43887, 43992413, 1, 16384, 0
43935, 47993357, 1, 16384, 0
43983, 47983719, 1, 16384, 0
44027, 43996609, 1, 16384, 0
44071, 44026644, 1, 16384, 0
44115, 43954142, 1, 16384, 0
44159, 43987486, 1, 16384, 0
44203, 43988132, 1, 16384, 0
44247, 43994134, 1, 16384, 0
44291, 43991655, 1, 16384, 0
44335, 44017390, 1, 16384, 0
44379, 43963600, 1, 16384, 0
44427, 47987848, 1, 16384, 0
44471, 43990839, 1, 16384, 0
44515, 44000547, 1, 16384, 0
44563, 47981786, 1, 16384, 0
44607, 43995327, 1, 16384, 0
44651, 43990996, 1, 16384, 0
44695, 43987326, 1, 16384, 0
44739, 43989744, 1, 16384, 0
44783, 44001689, 1, 16384, 0
44827, 43984953, 1, 16384, 0
44875, 47984148, 1, 16384, 0
44919, 43991124, 1, 16384, 0
44967, 47988962, 1, 16384, 0
45011, 43993322, 1, 16384, 0
45059, 47986745, 1, 16384, 0
45107, 47996680, 1, 16384, 0
45155, 48033922, 1, 16384, 0
45199, 43944153, 1, 16384, 0
45247, 47989952, 1, 16384, 0
45291, 43991184, 1, 16384, 0
45339, 47987727, 1, 16384, 0
45383, 43995493, 1, 16384, 0
45427, 43990984, 1, 16384, 0
45471, 43988611, 1, 16384, 0
45515, 43997096, 1, 16384, 0
45559, 43986484, 1, 16384, 0
45607, 47991341, 1, 16384, 0
45651, 43989502, 1, 16384, 0
45695, 43995034, 1, 16384, 0
45743, 47983454, 1, 16384, 0
45791, 47992738, 1, 16384, 0
45835, 43988211, 1, 16384, 0
45879, 43990719, 1, 16384, 0
45927, 48034275, 1, 16384, 0
45975, 47948029, 1, 16384, 0
46023, 48013477, 1, 16384, 0
46067, 43969241, 1, 16384, 0
46111, 43998365, 1, 16384, 0
46155, 43983919, 1, 16384, 0
46199, 43989212, 1, 16384, 0
46243, 43989819, 1, 16384, 0
46287, 44008676, 1, 16384, 0
46331, 43977284, 1, 16384, 0
46379, 47987781, 1, 16384, 0
46423, 43960633, 1, 16384, 0
46467, 43989409, 1, 16384, 0
46511, 43997955, 1, 16384, 0
46559, 47989454, 1, 16384, 0
46603, 43986082, 1, 16384, 0
46647, 43995738, 1, 16384, 0
46691, 43985081, 1, 16384, 0
46739, 47997881, 1, 16384, 0
46783, 43970368, 1, 16384, 0
46827, 43987730, 1, 16384, 0
46871, 43989662, 1, 16384, 0
46915, 43988729, 1, 16384, 0
46959, 43989985, 1, 16384, 0
47003, 43992364, 1, 16384, 0
47047, 43989180, 1, 16384, 0
47091, 43990386, 1, 16384, 0
47139, 47994877, 1, 16384, 0
47183, 43990471, 1, 16384, 0
47227, 44014418, 1, 16384, 0
47271, 43988778, 1, 16384, 0
47315, 43965534, 1, 16384, 0
47359, 43995708, 1, 16384, 0
47403, 43984747, 1, 16384, 0
47447, 43993663, 1, 16384, 0
47491, 43992696, 1, 16384, 0
47539, 47994700, 1, 16384, 0
47583, 43981586, 1, 16384, 0
47627, 43991958, 1, 16384, 0
47671, 43984847, 1, 16384, 0
47715, 43994634, 1, 16384, 0
47759, 43988994, 1, 16384, 0
47803, 44005651, 1, 16384, 0
47851, 47981219, 1, 16384, 0
47895, 43988418, 1, 16384, 0
47943, 47989872, 1, 16384, 0
47991, 47992589, 1, 16384, 0
48035, 43990520, 1, 16384, 0
48083, 48004954, 1, 16384, 0
48131, 47975355, 1, 16384, 0
48175, 43988618, 1, 16384, 0
48219, 43988866, 1, 16384, 0
48263, 43991854, 1, 16384, 0
48311, 47991007, 1, 16384, 0
48355, 43990528, 1, 16384, 0
48403, 47989404, 1, 16384, 0
48451, 47990200, 1, 16384, 0
48495, 43990066, 1, 16384, 0
48539, 44010932, 1, 16384, 0
48583, 43977027, 1, 16384, 0
48627, 43995532, 1, 16384, 0
48675, 47981960, 1, 16384, 0
48719, 43997160, 1, 16384, 0
48767, 47985962, 1, 16384, 0
48815, 47993017, 1, 16384, 0
48859, 43984528, 1, 16384, 0
48907, 47992219, 1, 16384, 0
48951, 43990005, 1, 16384, 0
48995, 43990982, 1, 16384, 0
49039, 43992296, 1, 16384, 0
49083, 43987495, 1, 16384, 0
49127, 43997276, 1, 16384, 0
49171, 43988293, 1, 16384, 0
49215, 43988083, 1, 16384, 0
49259, 43990362, 1, 16384, 0
49303, 44002131, 1, 16384, 0
49347, 43981946, 1, 16384, 0
49391, 43988622, 1, 16384, 0
49435, 43991331, 1, 16384, 0
49479, 43988404, 1, 16384, 0
49523, 44001078, 1, 16384, 0
49567, 43981265, 1, 16384, 0
49615, 47992467, 1, 16384, 0
49659, 43991307, 1, 16384, 0
49703, 43989242, 1, 16384, 0
49747, 43990840, 1, 16384, 0
49791, 43994142, 1, 16384, 0
49835, 43986721, 1, 16384, 0
49879, 43991609, 1, 16384, 0
49923, 43994060, 1, 16384, 0
49967, 43987492, 1, 16384, 0
50011, 43991600, 1, 16384, 0
50055, 43996381, 1, 16384, 0
50099, 44013153, 1, 16384, 0
50147, 47964310, 1, 16384, 0
50191, 43986154, 1, 16384, 0
50239, 47992105, 1, 16384, 0
50283, 43990254, 1, 16384, 0
50327, 43991809, 1, 16384, 0
50375, 47989649, 1, 16384, 0
50419, 43992322, 1, 16384, 0
50463, 43989893, 1, 16384, 0
50507, 43996538, 1, 16384, 0
50551, 43984696, 1, 16384, 0
50595, 43989502, 1, 16384, 0
50639, 43993419, 1, 16384, 0
50683, 43988395, 1, 16384, 0
50727, 43993628, 1, 16384, 0
50775, 47985982, 1, 16384, 0
50823, 48008296, 1, 16384, 0
50871, 47996907, 1, 16384, 0
50915, 43968935, 1, 16384, 0
50963, 47992498, 1, 16384, 0
51011, 47990449, 1, 16384, 0
51055, 43991191, 1, 16384, 0
51103, 47989286, 1, 16384, 0
51151, 47995073, 1, 16384, 0
51195, 43986729, 1, 16384, 0
51243, 47991781, 1, 16384, 0
51291, 47989725, 1, 16384, 0
51335, 43989169, 1, 16384, 0
51379, 43990596, 1, 16384, 0
51424, 44054927, 1, 16384, 0
51467, 43944796, 1, 16384, 0
51515, 47980276, 1, 16384, 0
51559, 43985581, 1, 16384, 0
51603, 43987516, 1, 16384, 0
51651, 47994465, 1, 16384, 0
51695, 43989503, 1, 16384, 0
51739, 43988284, 1, 16384, 0
51787, 47997944, 1, 16384, 0
51831, 43985743, 1, 16384, 0
51875, 43991872, 1, 16384, 0
51919, 43988146, 1, 16384, 0
51967, 47992980, 1, 16384, 0
52015, 47991412, 1, 16384, 0
52059, 43989306, 1, 16384, 0
52107, 47986586, 1, 16384, 0
52155, 47998212, 1, 16384, 0
52199, 43985624, 1, 16384, 0
52243, 43991108, 1, 16384, 0
52287, 43989824, 1, 16384, 0
52335, 48006199, 1, 16384, 0
52383, 47981323, 1, 16384, 0
52427, 43986426, 1, 16384, 0
52475, 47988822, 1, 16384, 0
52519, 43989263, 1, 16384, 0
52567, 47979991, 1, 16384, 0
52611, 43986623, 1, 16384, 0
52655, 43992906, 1, 16384, 0
52699, 43987119, 1, 16384, 0
52743, 43992773, 1, 16384, 0
52791, 47998010, 1, 16384, 0
52835, 43982310, 1, 16384, 0
52879, 43991146, 1, 16384, 0
52923, 43989600, 1, 16384, 0
52967, 43991951, 1, 16384, 0
53011, 44016590, 1, 16384, 0
53055, 43967685, 1, 16384, 0
53103, 47988332, 1, 16384, 0
53147, 43992653, 1, 16384, 0
53195, 47992339, 1, 16384, 0
53243, 47988140, 1, 16384, 0
53291, 47986644, 1, 16384, 0
53335, 43994102, 1, 16384, 0
53379, 43988824, 1, 16384, 0
53423, 43990299, 1, 16384, 0
53467, 43991916, 1, 16384, 0
53511, 44005048, 1, 16384, 0
53555, 43978796, 1, 16384, 0
53599, 43986269, 1, 16384, 0
53643, 43993882, 1, 16384, 0
53691, 47990781, 1, 16384, 0
53735, 43990017, 1, 16384, 0
53779, 43991365, 1, 16384, 0
53823, 44015920, 1, 16384, 0
53871, 47968638, 1, 16384, 0
53915, 43986525, 1, 16384, 0
53959, 44016051, 1, 16384, 0
54003, 43967452, 1, 16384, 0
54047, 43988574, 1, 16384, 0
54091, 43990513, 1, 16384, 0
54135, 44016474, 1, 16384, 0
54179, 43965736, 1, 16384, 0
54223, 43988578, 1, 16384, 0
54267, 43991345, 1, 16384, 0
54311, 43990280, 1, 16384, 0
54359, 47990471, 1, 16384, 0
54403, 43992383, 1, 16384, 0
54447, 43990671, 1, 16384, 0
54491, 43988779, 1, 16384, 0
54535, 43998459, 1, 16384, 0
54579, 43984881, 1, 16384, 0
54623, 43993343, 1, 16384, 0
54667, 43986640, 1, 16384, 0
54711, 43991206, 1, 16384, 0
54755, 43992647, 1, 16384, 0
54799, 43989405, 1, 16384, 0
54843, 43990994, 1, 16384, 0
54887, 43989719, 1, 16384, 0
54935, 48011875, 1, 16384, 0
54979, 43971212, 1, 16384, 0
55023, 43990833, 1, 16384, 0
55067, 43990102, 1, 16384, 0
55115, 47988620, 1, 16384, 0
55163, 47995099, 1, 16384, 0
55211, 47987409, 1, 16384, 0
55255, 43990002, 1, 16384, 0
55299, 43988904, 1, 16384, 0
55343, 44004343, 1, 16384, 0
55387, 43984833, 1, 16384, 0
55435, 47985545, 1, 16384, 0
55483, 47997505, 1, 16384, 0
55527, 43990894, 1, 16384, 0
55571, 43985909, 1, 16384, 0
55615, 44020410, 1, 16384, 0
55663, 47963565, 1, 16384, 0
55707, 43986464, 1, 16384, 0
55755, 47991399, 1, 16384, 0
55799, 43991237, 1, 16384, 0
55843, 43989713, 1, 16384, 0
55887, 44013323, 1, 16384, 0
55935, 47968949, 1, 16384, 0
55979, 43987831, 1, 16384, 0
56023, 44018596, 1, 16384, 0
56067, 43964030, 1, 16384, 0
56115, 47992527, 1, 16384, 0
56159, 43995065, 1, 16384, 0
56203, 43985490, 1, 16384, 0
56247, 43992119, 1, 16384, 0
56295, 47990887, 1, 16384, 0
56339, 43988436, 1, 16384, 0
56383, 43990979, 1, 16384, 0
56431, 47988612, 1, 16384, 0
56475, 43991216, 1, 16384, 0
56519, 43997634, 1, 16384, 0
56563, 43987710, 1, 16384, 0
56611, 47989279, 1, 16384, 0
56659, 47992912, 1, 16384, 0
56703, 44026374, 1, 16384, 0
56747, 43951913, 1, 16384, 0
56791, 43991521, 1, 16384, 0
56835, 44017262, 1, 16384, 0
56879, 43973115, 1, 16384, 0
56927, 47981998, 1, 16384, 0
56971, 43987096, 1, 16384, 0
57015, 43993189, 1, 16384, 0
57059, 43984669, 1, 16384, 0
57103, 43995198, 1, 16384, 0
57147, 43993853, 1, 16384, 0
57195, 47989605, 1, 16384, 0
57243, 47986053, 1, 16384, 0
57287, 43994838, 1, 16384, 0
57331, 44028137, 1, 16384, 0
57379, 47952986, 1, 16384, 0
57427, 47990649, 1, 16384, 0
57471, 43990290, 1, 16384, 0
57515, 44043208, 1, 16384, 0
57559, 43940812, 1, 16384, 0
57603, 43987205, 1, 16384, 0
57647, 43992486, 1, 16384, 0
57691, 43986857, 1, 16384, 0
57739, 47993485, 1, 16384, 0
57787, 48000741, 1, 16384, 0
57831, 43981518, 1, 16384, 0
57875, 43987508, 1, 16384, 0
57919, 43993572, 1, 16384, 0
57967, 47990477, 1, 16384, 0
58015, 47993141, 1, 16384, 0
58059, 43987684, 1, 16384, 0
58103, 43996017, 1, 16384, 0
58147, 43987170, 1, 16384, 0
58191, 43994513, 1, 16384, 0
58239, 47985567, 1, 16384, 0
58283, 43980999, 1, 16384, 0
58331, 47984516, 1, 16384, 0
58375, 44004893, 1, 16384, 0
58423, 47980093, 1, 16384, 0
58467, 43987866, 1, 16384, 0
58511, 44025864, 1, 16384, 0
58559, 47965181, 1, 16384, 0
58603, 43980601, 1, 16384, 0
58651, 47994635, 1, 16384, 0
58695, 43986755, 1, 16384, 0
58739, 43989300, 1, 16384, 0
58783, 44019409, 1, 16384, 0
58827, 43966416, 1, 16384, 0
58871, 43988049, 1, 16384, 0
58919, 47991255, 1, 16384, 0
58963, 43993326, 1, 16384, 0
59007, 43990028, 1, 16384, 0
59055, 47988909, 1, 16384, 0
59099, 43990585, 1, 16384, 0
59143, 43993177, 1, 16384, 0
59191, 47989837, 1, 16384, 0
59235, 43987849, 1, 16384, 0
59279, 43992314, 1, 16384, 0
59323, 43989060, 1, 16384, 0
59367, 43991347, 1, 16384, 0
59415, 47990906, 1, 16384, 0
59463, 47991236, 1, 16384, 0
59507, 43993719, 1, 16384, 0
59555, 48000773, 1, 16384, 0
59603, 47978129, 1, 16384, 0
59651, 47994061, 1, 16384, 0
59695, 43985799, 1, 16384, 0
59743, 47992434, 1, 16384, 0
59791, 47997352, 1, 16384, 0
59835, 43981680, 1, 16384, 0
59879, 44001813, 1, 16384, 0
59927, 47981520, 1, 16384, 0
59971, 43990528, 1, 16384, 0
60015, 43991674, 1, 16384, 0
