"randread_16k_4_1": (g=0): rw=randread, bs=(R) 16.0KiB-16.0KiB, (W) 16.0KiB-16.0KiB, (T) 16.0KiB-16.0KiB, ioengine=io_uring, iodepth=4
fio-3.28
Starting 1 thread

"randread_16k_4_1": (groupid=0, jobs=1): err= 0: pid=131418: Tue Jul 18 22:55:41 2023
  read: IOPS=24.2k, BW=379MiB/s (397MB/s)(22.2GiB/60001msec)
    slat (nsec): min=1929, max=61663, avg=3527.74, stdev=2382.57
    clat (usec): min=73, max=975, avg=160.61, stdev=42.04
     lat (usec): min=87, max=978, avg=164.25, stdev=42.01
    clat percentiles (usec):
     |  1.00th=[  101],  5.00th=[  114], 10.00th=[  124], 20.00th=[  135],
     | 30.00th=[  141], 40.00th=[  145], 50.00th=[  149], 60.00th=[  155],
     | 70.00th=[  167], 80.00th=[  188], 90.00th=[  215], 95.00th=[  239],
     | 99.00th=[  293], 99.50th=[  338], 99.90th=[  498], 99.95th=[  545],
     | 99.99th=[  635]
   bw (  KiB/s): min=327424, max=415328, per=100.00%, avg=387877.16, stdev=18463.15, samples=120
   iops        : min=20464, max=25958, avg=24242.31, stdev=1153.95, samples=120
  lat (usec)   : 100=0.91%, 250=95.51%, 500=3.49%, 750=0.09%, 1000=0.01%
  cpu          : usr=4.76%, sys=10.46%, ctx=1328648, majf=0, minf=0
  IO depths    : 1=0.0%, 2=0.0%, 4=100.0%, 8=0.0%, 16=0.0%, 32=0.0%, >=64=0.0%
     submit    : 0=0.0%, 4=100.0%, 8=0.0%, 16=0.0%, 32=0.0%, 64=0.0%, >=64=0.0%
     complete  : 0=0.0%, 4=100.0%, 8=0.0%, 16=0.0%, 32=0.0%, 64=0.0%, >=64=0.0%
     issued rwts: total=1454466,0,0,0 short=0,0,0,0 dropped=0,0,0,0
     latency   : target=0, window=0, percentile=100.00%, depth=4

Run status group 0 (all jobs):
   READ: bw=379MiB/s (397MB/s), 379MiB/s-379MiB/s (397MB/s-397MB/s), io=22.2GiB (23.8GB), run=60001-60001msec
