randwrite_64k_1_1: (g=0): rw=randwrite, bs=(R) 64.0KiB-64.0KiB, (W) 64.0KiB-64.0KiB, (T) 64.0KiB-64.0KiB, ioengine=io_uring, iodepth=1
fio-3.28
Starting 1 thread

randwrite_64k_1_1: (groupid=0, jobs=1): err= 0: pid=36840: Tue Feb 28 17:45:51 2023
  write: IOPS=4243, BW=265MiB/s (278MB/s)(15.5GiB/60001msec); 0 zone resets
    slat (nsec): min=9958, max=72703, avg=11069.64, stdev=604.76
    clat (usec): min=153, max=6058, avg=223.62, stdev=26.34
     lat (usec): min=206, max=6070, avg=234.83, stdev=26.34
    clat percentiles (usec):
     |  1.00th=[  206],  5.00th=[  208], 10.00th=[  208], 20.00th=[  210],
     | 30.00th=[  210], 40.00th=[  212], 50.00th=[  219], 60.00th=[  219],
     | 70.00th=[  221], 80.00th=[  227], 90.00th=[  265], 95.00th=[  281],
     | 99.00th=[  289], 99.50th=[  297], 99.90th=[  338], 99.95th=[  355],
     | 99.99th=[  412]
   bw (  KiB/s): min=251648, max=283008, per=100.00%, avg=271604.89, stdev=9381.21, samples=120
   iops        : min= 3932, max= 4422, avg=4243.82, stdev=146.58, samples=120
  lat (usec)   : 250=87.27%, 500=12.72%, 750=0.01%, 1000=0.01%
  lat (msec)   : 2=0.01%, 4=0.01%, 10=0.01%
  cpu          : usr=1.37%, sys=6.02%, ctx=254622, majf=0, minf=0
  IO depths    : 1=100.0%, 2=0.0%, 4=0.0%, 8=0.0%, 16=0.0%, 32=0.0%, >=64=0.0%
     submit    : 0=0.0%, 4=100.0%, 8=0.0%, 16=0.0%, 32=0.0%, 64=0.0%, >=64=0.0%
     complete  : 0=0.0%, 4=100.0%, 8=0.0%, 16=0.0%, 32=0.0%, 64=0.0%, >=64=0.0%
     issued rwts: total=0,254620,0,0 short=0,0,0,0 dropped=0,0,0,0
     latency   : target=0, window=0, percentile=100.00%, depth=1

Run status group 0 (all jobs):
  WRITE: bw=265MiB/s (278MB/s), 265MiB/s-265MiB/s (278MB/s-278MB/s), io=15.5GiB (16.7GB), run=60001-60001msec
