randwrite_32k_128_2: (g=0): rw=randwrite, bs=(R) 32.0KiB-32.0KiB, (W) 32.0KiB-32.0KiB, (T) 32.0KiB-32.0KiB, ioengine=io_uring, iodepth=128
...
fio-3.28
Starting 2 threads

randwrite_32k_128_2: (groupid=0, jobs=2): err= 0: pid=24567: Tue Feb 28 11:48:31 2023
  write: IOPS=20.3k, BW=635MiB/s (666MB/s)(37.5GiB/60450msec); 0 zone resets
    slat (usec): min=2, max=462, avg= 7.51, stdev= 3.92
    clat (nsec): min=445, max=26060M, avg=13315268.43, stdev=307168200.97
     lat (usec): min=156, max=26060k, avg=13322.91, stdev=307168.26
    clat percentiles (usec):
     |  1.00th=[     169],  5.00th=[     180], 10.00th=[     188],
     | 20.00th=[     198], 30.00th=[     206], 40.00th=[     215],
     | 50.00th=[     223], 60.00th=[     233], 70.00th=[     245],
     | 80.00th=[     265], 90.00th=[     302], 95.00th=[     343],
     | 99.00th=[     461], 99.50th=[     635], 99.90th=[ 4278191],
     | 99.95th=[ 7012877], 99.99th=[12683576]
   bw (  KiB/s): min=190528, max=1170304, per=100.00%, avg=655316.26, stdev=103362.97, samples=240
   iops        : min= 5954, max=36572, avg=20478.52, stdev=3230.09, samples=240
  lat (nsec)   : 500=0.01%, 750=0.01%
  lat (usec)   : 20=0.01%, 250=73.51%, 500=25.79%, 750=0.36%, 1000=0.06%
  lat (msec)   : 2=0.01%, 4=0.01%, 500=0.01%, 750=0.01%, 1000=0.01%
  lat (msec)   : 2000=0.09%, >=2000=0.21%
  cpu          : usr=3.43%, sys=9.89%, ctx=1060047, majf=0, minf=0
  IO depths    : 1=0.0%, 2=0.0%, 4=0.0%, 8=0.0%, 16=0.0%, 32=0.0%, >=64=100.0%
     submit    : 0=0.0%, 4=100.0%, 8=0.0%, 16=0.0%, 32=0.0%, 64=0.0%, >=64=0.0%
     complete  : 0=0.0%, 4=100.0%, 8=0.0%, 16=0.0%, 32=0.0%, 64=0.0%, >=64=0.1%
     issued rwts: total=0,1228518,0,0 short=0,0,0,0 dropped=0,0,0,0
     latency   : target=0, window=0, percentile=100.00%, depth=128

Run status group 0 (all jobs):
  WRITE: bw=635MiB/s (666MB/s), 635MiB/s-635MiB/s (666MB/s-666MB/s), io=37.5GiB (40.3GB), run=60450-60450msec
