"randwrite_64k_128_1": (g=0): rw=randwrite, bs=(R) 64.0KiB-64.0KiB, (W) 64.0KiB-64.0KiB, (T) 64.0KiB-64.0KiB, ioengine=io_uring, iodepth=128
fio-3.28
Starting 1 thread

"randwrite_64k_128_1": (groupid=0, jobs=1): err= 0: pid=84566: Wed Aug  9 00:51:23 2023
  write: IOPS=288, BW=18.2MiB/s (19.1MB/s)(1098MiB/60346msec); 0 zone resets
    slat (usec): min=7, max=186, avg=18.27, stdev= 9.52
    clat (msec): min=183, max=663, avg=441.79, stdev=111.78
     lat (msec): min=183, max=663, avg=441.81, stdev=111.78
    clat percentiles (msec):
     |  1.00th=[  224],  5.00th=[  253], 10.00th=[  275], 20.00th=[  305],
     | 30.00th=[  347], 40.00th=[  456], 50.00th=[  510], 60.00th=[  523],
     | 70.00th=[  531], 80.00th=[  535], 90.00th=[  550], 95.00th=[  550],
     | 99.00th=[  575], 99.50th=[  584], 99.90th=[  625], 99.95th=[  642],
     | 99.99th=[  667]
   bw (  KiB/s): min=13824, max=34116, per=99.85%, avg=18599.87, stdev=5295.71, samples=120
   iops        : min=  216, max=  533, avg=290.59, stdev=82.75, samples=120
  lat (msec)   : 250=4.54%, 500=41.39%, 750=54.80%
  cpu          : usr=0.31%, sys=0.63%, ctx=17035, majf=0, minf=0
  IO depths    : 1=0.0%, 2=0.0%, 4=0.0%, 8=0.0%, 16=0.0%, 32=0.0%, >=64=100.0%
     submit    : 0=0.0%, 4=100.0%, 8=0.0%, 16=0.0%, 32=0.0%, 64=0.0%, >=64=0.0%
     complete  : 0=0.0%, 4=100.0%, 8=0.0%, 16=0.0%, 32=0.0%, 64=0.0%, >=64=0.1%
     issued rwts: total=0,17437,0,0 short=0,0,0,0 dropped=0,0,0,0
     latency   : target=0, window=0, percentile=100.00%, depth=128

Run status group 0 (all jobs):
  WRITE: bw=18.2MiB/s (19.1MB/s), 18.2MiB/s-18.2MiB/s (19.1MB/s-19.1MB/s), io=1098MiB (1151MB), run=60346-60346msec
