"randread_16k_8_1": (g=0): rw=randread, bs=(R) 16.0KiB-16.0KiB, (W) 16.0KiB-16.0KiB, (T) 16.0KiB-16.0KiB, ioengine=io_uring, iodepth=8
fio-3.28
Starting 1 thread

"randread_16k_8_1": (groupid=0, jobs=1): err= 0: pid=82114: Wed Aug  9 00:09:11 2023
  read: IOPS=3342, BW=52.2MiB/s (54.8MB/s)(3134MiB/60001msec)
    slat (usec): min=2, max=425, avg= 5.46, stdev= 3.30
    clat (usec): min=115, max=55651, avg=2386.46, stdev=1209.70
     lat (usec): min=120, max=55656, avg=2392.06, stdev=1209.65
    clat percentiles (usec):
     |  1.00th=[  326],  5.00th=[  586], 10.00th=[  889], 20.00th=[ 1336],
     | 30.00th=[ 1795], 40.00th=[ 2089], 50.00th=[ 2343], 60.00th=[ 2638],
     | 70.00th=[ 2933], 80.00th=[ 3261], 90.00th=[ 3785], 95.00th=[ 4293],
     | 99.00th=[ 5604], 99.50th=[ 6194], 99.90th=[ 7832], 99.95th=[ 8717],
     | 99.99th=[14222]
   bw (  KiB/s): min=41760, max=64640, per=100.00%, avg=53482.48, stdev=5128.66, samples=120
   iops        : min= 2610, max= 4040, avg=3342.63, stdev=320.53, samples=120
  lat (usec)   : 250=0.28%, 500=3.21%, 750=4.19%, 1000=4.56%
  lat (msec)   : 2=24.33%, 4=56.12%, 10=7.28%, 20=0.01%, 50=0.01%
  lat (msec)   : 100=0.01%
  cpu          : usr=1.18%, sys=2.68%, ctx=181239, majf=0, minf=0
  IO depths    : 1=0.0%, 2=0.0%, 4=0.0%, 8=100.0%, 16=0.0%, 32=0.0%, >=64=0.0%
     submit    : 0=0.0%, 4=100.0%, 8=0.0%, 16=0.0%, 32=0.0%, 64=0.0%, >=64=0.0%
     complete  : 0=0.0%, 4=100.0%, 8=0.1%, 16=0.0%, 32=0.0%, 64=0.0%, >=64=0.0%
     issued rwts: total=200546,0,0,0 short=0,0,0,0 dropped=0,0,0,0
     latency   : target=0, window=0, percentile=100.00%, depth=8

Run status group 0 (all jobs):
   READ: bw=52.2MiB/s (54.8MB/s), 52.2MiB/s-52.2MiB/s (54.8MB/s-54.8MB/s), io=3134MiB (3286MB), run=60001-60001msec
