"randread_64k_16_1": (g=0): rw=randread, bs=(R) 64.0KiB-64.0KiB, (W) 64.0KiB-64.0KiB, (T) 64.0KiB-64.0KiB, ioengine=io_uring, iodepth=16
fio-3.28
Starting 1 thread

"randread_64k_16_1": (groupid=0, jobs=1): err= 0: pid=82725: Wed Aug  9 00:18:42 2023
  read: IOPS=2762, BW=173MiB/s (181MB/s)(10.1GiB/60005msec)
    slat (usec): min=5, max=213, avg= 9.57, stdev= 5.52
    clat (usec): min=2701, max=15995, avg=5779.70, stdev=1420.12
     lat (usec): min=2710, max=16002, avg=5789.47, stdev=1420.17
    clat percentiles (usec):
     |  1.00th=[ 3851],  5.00th=[ 4359], 10.00th=[ 4621], 20.00th=[ 4883],
     | 30.00th=[ 5014], 40.00th=[ 5211], 50.00th=[ 5342], 60.00th=[ 5473],
     | 70.00th=[ 5669], 80.00th=[ 6521], 90.00th=[ 8225], 95.00th=[ 8979],
     | 99.00th=[10159], 99.50th=[10552], 99.90th=[12125], 99.95th=[12911],
     | 99.99th=[14091]
   bw (  KiB/s): min=116736, max=208000, per=100.00%, avg=176843.83, stdev=30671.70, samples=120
   iops        : min= 1824, max= 3250, avg=2763.17, stdev=479.24, samples=120
  lat (msec)   : 4=1.79%, 10=97.00%, 20=1.21%
  cpu          : usr=1.21%, sys=3.17%, ctx=172155, majf=0, minf=0
  IO depths    : 1=0.0%, 2=0.0%, 4=0.0%, 8=0.0%, 16=100.0%, 32=0.0%, >=64=0.0%
     submit    : 0=0.0%, 4=100.0%, 8=0.0%, 16=0.0%, 32=0.0%, 64=0.0%, >=64=0.0%
     complete  : 0=0.0%, 4=100.0%, 8=0.0%, 16=0.1%, 32=0.0%, 64=0.0%, >=64=0.0%
     issued rwts: total=165777,0,0,0 short=0,0,0,0 dropped=0,0,0,0
     latency   : target=0, window=0, percentile=100.00%, depth=16

Run status group 0 (all jobs):
   READ: bw=173MiB/s (181MB/s), 173MiB/s-173MiB/s (181MB/s-181MB/s), io=10.1GiB (10.9GB), run=60005-60005msec
