"randwrite_4k_64_1": (g=0): rw=randwrite, bs=(R) 4096B-4096B, (W) 4096B-4096B, (T) 4096B-4096B, ioengine=io_uring, iodepth=64
fio-3.28
Starting 1 thread

"randwrite_4k_64_1": (groupid=0, jobs=1): err= 0: pid=83420: Wed Aug  9 00:30:25 2023
  write: IOPS=275, BW=1103KiB/s (1130kB/s)(64.9MiB/60210msec); 0 zone resets
    slat (usec): min=2, max=143, avg=10.81, stdev= 5.91
    clat (msec): min=39, max=438, avg=231.96, stdev=19.04
     lat (msec): min=40, max=438, avg=231.97, stdev=19.04
    clat percentiles (msec):
     |  1.00th=[  126],  5.00th=[  215], 10.00th=[  224], 20.00th=[  228],
     | 30.00th=[  232], 40.00th=[  232], 50.00th=[  234], 60.00th=[  236],
     | 70.00th=[  239], 80.00th=[  241], 90.00th=[  243], 95.00th=[  247],
     | 99.00th=[  251], 99.50th=[  253], 99.90th=[  384], 99.95th=[  409],
     | 99.99th=[  435]
   bw (  KiB/s): min= 1032, max= 1768, per=99.96%, avg=1103.17, stdev=78.38, samples=120
   iops        : min=  258, max=  442, avg=275.77, stdev=19.59, samples=120
  lat (msec)   : 50=0.02%, 100=0.10%, 250=98.87%, 500=1.02%
  cpu          : usr=0.25%, sys=0.53%, ctx=16627, majf=0, minf=0
  IO depths    : 1=0.0%, 2=0.1%, 4=0.1%, 8=0.1%, 16=0.1%, 32=0.2%, >=64=99.6%
     submit    : 0=0.0%, 4=100.0%, 8=0.0%, 16=0.0%, 32=0.0%, 64=0.0%, >=64=0.0%
     complete  : 0=0.0%, 4=100.0%, 8=0.0%, 16=0.0%, 32=0.0%, 64=0.1%, >=64=0.0%
     issued rwts: total=0,16609,0,0 short=0,0,0,0 dropped=0,0,0,0
     latency   : target=0, window=0, percentile=100.00%, depth=64

Run status group 0 (all jobs):
  WRITE: bw=1103KiB/s (1130kB/s), 1103KiB/s-1103KiB/s (1130kB/s-1130kB/s), io=64.9MiB (68.0MB), run=60210-60210msec
