"randwrite_4k_2_1": (g=0): rw=randwrite, bs=(R) 4096B-4096B, (W) 4096B-4096B, (T) 4096B-4096B, ioengine=io_uring, iodepth=2
fio-3.28
Starting 1 thread

"randwrite_4k_2_1": (groupid=0, jobs=1): err= 0: pid=83028: Wed Aug  9 00:23:28 2023
  write: IOPS=905, BW=3624KiB/s (3711kB/s)(212MiB/60001msec); 0 zone resets
    slat (usec): min=2, max=182, avg= 5.16, stdev= 3.56
    clat (usec): min=656, max=32372, avg=2200.40, stdev=756.63
     lat (usec): min=661, max=32377, avg=2205.73, stdev=756.60
    clat percentiles (usec):
     |  1.00th=[  889],  5.00th=[ 1270], 10.00th=[ 1614], 20.00th=[ 1827],
     | 30.00th=[ 1942], 40.00th=[ 2057], 50.00th=[ 2147], 60.00th=[ 2245],
     | 70.00th=[ 2376], 80.00th=[ 2540], 90.00th=[ 2835], 95.00th=[ 3130],
     | 99.00th=[ 3785], 99.50th=[ 4228], 99.90th=[11338], 99.95th=[16450],
     | 99.99th=[23725]
   bw (  KiB/s): min= 2501, max= 4072, per=99.98%, avg=3623.87, stdev=272.44, samples=120
   iops        : min=  625, max= 1018, avg=905.95, stdev=68.12, samples=120
  lat (usec)   : 750=0.14%, 1000=2.07%
  lat (msec)   : 2=32.88%, 4=64.25%, 10=0.57%, 20=0.08%, 50=0.02%
  cpu          : usr=0.32%, sys=0.79%, ctx=54516, majf=0, minf=0
  IO depths    : 1=0.0%, 2=100.0%, 4=0.0%, 8=0.0%, 16=0.0%, 32=0.0%, >=64=0.0%
     submit    : 0=0.0%, 4=100.0%, 8=0.0%, 16=0.0%, 32=0.0%, 64=0.0%, >=64=0.0%
     complete  : 0=0.0%, 4=100.0%, 8=0.0%, 16=0.0%, 32=0.0%, 64=0.0%, >=64=0.0%
     issued rwts: total=0,54356,0,0 short=0,0,0,0 dropped=0,0,0,0
     latency   : target=0, window=0, percentile=100.00%, depth=2

Run status group 0 (all jobs):
  WRITE: bw=3624KiB/s (3711kB/s), 3624KiB/s-3624KiB/s (3711kB/s-3711kB/s), io=212MiB (223MB), run=60001-60001msec
