"randwrite_64k_4_1": (g=0): rw=randwrite, bs=(R) 64.0KiB-64.0KiB, (W) 64.0KiB-64.0KiB, (T) 64.0KiB-64.0KiB, ioengine=io_uring, iodepth=4
fio-3.28
Starting 1 thread

"randwrite_64k_4_1": (groupid=0, jobs=1): err= 0: pid=84182: Wed Aug  9 00:44:25 2023
  write: IOPS=593, BW=37.1MiB/s (38.9MB/s)(2225MiB/60003msec); 0 zone resets
    slat (usec): min=6, max=341, avg=11.09, stdev= 6.72
    clat (usec): min=1076, max=66315, avg=6727.46, stdev=2050.18
     lat (usec): min=1084, max=66328, avg=6738.75, stdev=2050.03
    clat percentiles (usec):
     |  1.00th=[ 1827],  5.00th=[ 4228], 10.00th=[ 5211], 20.00th=[ 5932],
     | 30.00th=[ 6259], 40.00th=[ 6587], 50.00th=[ 6783], 60.00th=[ 7046],
     | 70.00th=[ 7308], 80.00th=[ 7570], 90.00th=[ 8029], 95.00th=[ 8291],
     | 99.00th=[ 8848], 99.50th=[11600], 99.90th=[34866], 99.95th=[41681],
     | 99.99th=[65274]
   bw (  KiB/s): min=32000, max=44544, per=100.00%, avg=37978.97, stdev=2119.40, samples=120
   iops        : min=  500, max=  696, avg=593.42, stdev=33.12, samples=120
  lat (msec)   : 2=1.32%, 4=3.12%, 10=94.96%, 20=0.32%, 50=0.28%
  lat (msec)   : 100=0.02%
  cpu          : usr=0.39%, sys=0.69%, ctx=35948, majf=0, minf=0
  IO depths    : 1=0.0%, 2=0.0%, 4=100.0%, 8=0.0%, 16=0.0%, 32=0.0%, >=64=0.0%
     submit    : 0=0.0%, 4=100.0%, 8=0.0%, 16=0.0%, 32=0.0%, 64=0.0%, >=64=0.0%
     complete  : 0=0.0%, 4=100.0%, 8=0.0%, 16=0.0%, 32=0.0%, 64=0.0%, >=64=0.0%
     issued rwts: total=0,35604,0,0 short=0,0,0,0 dropped=0,0,0,0
     latency   : target=0, window=0, percentile=100.00%, depth=4

Run status group 0 (all jobs):
  WRITE: bw=37.1MiB/s (38.9MB/s), 37.1MiB/s-37.1MiB/s (38.9MB/s-38.9MB/s), io=2225MiB (2334MB), run=60003-60003msec
