"randwrite_16k_128_1": (g=0): rw=randwrite, bs=(R) 16.0KiB-16.0KiB, (W) 16.0KiB-16.0KiB, (T) 16.0KiB-16.0KiB, ioengine=io_uring, iodepth=128
fio-3.28
Starting 1 thread

"randwrite_16k_128_1": (groupid=0, jobs=1): err= 0: pid=84034: Wed Aug  9 00:42:02 2023
  write: IOPS=356, BW=5698KiB/s (5835kB/s)(335MiB/60201msec); 0 zone resets
    slat (usec): min=3, max=298, avg=10.96, stdev= 6.64
    clat (msec): min=32, max=567, avg=359.40, stdev=139.63
     lat (msec): min=32, max=567, avg=359.41, stdev=139.64
    clat percentiles (msec):
     |  1.00th=[  174],  5.00th=[  201], 10.00th=[  213], 20.00th=[  230],
     | 30.00th=[  245], 40.00th=[  262], 50.00th=[  288], 60.00th=[  380],
     | 70.00th=[  518], 80.00th=[  527], 90.00th=[  535], 95.00th=[  542],
     | 99.00th=[  550], 99.50th=[  558], 99.90th=[  567], 99.95th=[  567],
     | 99.99th=[  567]
   bw (  KiB/s): min= 3616, max=10464, per=99.74%, avg=5683.47, stdev=2239.87, samples=120
   iops        : min=  226, max=  654, avg=355.19, stdev=139.99, samples=120
  lat (msec)   : 50=0.02%, 100=0.06%, 250=33.87%, 500=28.13%, 750=37.92%
  cpu          : usr=0.28%, sys=0.59%, ctx=19755, majf=0, minf=0
  IO depths    : 1=0.0%, 2=0.1%, 4=0.1%, 8=0.1%, 16=0.1%, 32=0.1%, >=64=99.7%
     submit    : 0=0.0%, 4=100.0%, 8=0.0%, 16=0.0%, 32=0.0%, 64=0.0%, >=64=0.0%
     complete  : 0=0.0%, 4=100.0%, 8=0.0%, 16=0.0%, 32=0.0%, 64=0.0%, >=64=0.1%
     issued rwts: total=0,21438,0,0 short=0,0,0,0 dropped=0,0,0,0
     latency   : target=0, window=0, percentile=100.00%, depth=128

Run status group 0 (all jobs):
  WRITE: bw=5698KiB/s (5835kB/s), 5698KiB/s-5698KiB/s (5835kB/s-5835kB/s), io=335MiB (351MB), run=60201-60201msec
