"randwrite_4k_2_1": (g=0): rw=randwrite, bs=(R) 4096B-4096B, (W) 4096B-4096B, (T) 4096B-4096B, ioengine=io_uring, iodepth=2
fio-3.28
Starting 1 thread

"randwrite_4k_2_1": (groupid=0, jobs=1): err= 0: pid=83033: Wed Aug  9 00:23:28 2023
  write: IOPS=914, BW=3658KiB/s (3746kB/s)(214MiB/60013msec); 0 zone resets
    slat (usec): min=2, max=152, avg= 5.00, stdev= 2.82
    clat (usec): min=633, max=31885, avg=2179.94, stdev=762.59
     lat (usec): min=638, max=31889, avg=2185.11, stdev=762.56
    clat percentiles (usec):
     |  1.00th=[  881],  5.00th=[ 1221], 10.00th=[ 1565], 20.00th=[ 1795],
     | 30.00th=[ 1926], 40.00th=[ 2024], 50.00th=[ 2114], 60.00th=[ 2245],
     | 70.00th=[ 2343], 80.00th=[ 2540], 90.00th=[ 2835], 95.00th=[ 3097],
     | 99.00th=[ 3752], 99.50th=[ 4228], 99.90th=[11469], 99.95th=[16319],
     | 99.99th=[24511]
   bw (  KiB/s): min= 2592, max= 4096, per=100.00%, avg=3659.28, stdev=284.20, samples=120
   iops        : min=  648, max= 1024, avg=914.80, stdev=71.06, samples=120
  lat (usec)   : 750=0.13%, 1000=2.26%
  lat (msec)   : 2=34.43%, 4=62.49%, 10=0.58%, 20=0.08%, 50=0.03%
  cpu          : usr=0.40%, sys=0.70%, ctx=54379, majf=0, minf=0
  IO depths    : 1=0.0%, 2=100.0%, 4=0.0%, 8=0.0%, 16=0.0%, 32=0.0%, >=64=0.0%
     submit    : 0=0.0%, 4=100.0%, 8=0.0%, 16=0.0%, 32=0.0%, 64=0.0%, >=64=0.0%
     complete  : 0=0.0%, 4=100.0%, 8=0.0%, 16=0.0%, 32=0.0%, 64=0.0%, >=64=0.0%
     issued rwts: total=0,54888,0,0 short=0,0,0,0 dropped=0,0,0,0
     latency   : target=0, window=0, percentile=100.00%, depth=2

Run status group 0 (all jobs):
  WRITE: bw=3658KiB/s (3746kB/s), 3658KiB/s-3658KiB/s (3746kB/s-3746kB/s), io=214MiB (225MB), run=60013-60013msec
