"randwrite_4k_4_1": (g=0): rw=randwrite, bs=(R) 4096B-4096B, (W) 4096B-4096B, (T) 4096B-4096B, ioengine=io_uring, iodepth=4
fio-3.28
Starting 1 thread

"randwrite_4k_4_1": (groupid=0, jobs=1): err= 0: pid=83106: Wed Aug  9 00:24:40 2023
  write: IOPS=529, BW=2117KiB/s (2168kB/s)(124MiB/60002msec); 0 zone resets
    slat (usec): min=2, max=183, avg= 6.91, stdev= 4.74
    clat (usec): min=702, max=57820, avg=7549.23, stdev=2623.27
     lat (usec): min=713, max=57825, avg=7556.41, stdev=2623.49
    clat percentiles (usec):
     |  1.00th=[ 1123],  5.00th=[ 1958], 10.00th=[ 3326], 20.00th=[ 5669],
     | 30.00th=[ 6980], 40.00th=[ 7701], 50.00th=[ 8160], 60.00th=[ 8586],
     | 70.00th=[ 8979], 80.00th=[ 9503], 90.00th=[10028], 95.00th=[10552],
     | 99.00th=[11469], 99.50th=[11994], 99.90th=[18744], 99.95th=[26084],
     | 99.99th=[57410]
   bw (  KiB/s): min= 1632, max= 2856, per=99.96%, avg=2116.74, stdev=314.15, samples=120
   iops        : min=  408, max=  714, avg=529.17, stdev=78.56, samples=120
  lat (usec)   : 750=0.02%, 1000=0.49%
  lat (msec)   : 2=4.66%, 4=7.33%, 10=76.23%, 20=11.21%, 50=0.07%
  lat (msec)   : 100=0.01%
  cpu          : usr=0.36%, sys=0.53%, ctx=30774, majf=0, minf=0
  IO depths    : 1=0.0%, 2=0.0%, 4=100.0%, 8=0.0%, 16=0.0%, 32=0.0%, >=64=0.0%
     submit    : 0=0.0%, 4=100.0%, 8=0.0%, 16=0.0%, 32=0.0%, 64=0.0%, >=64=0.0%
     complete  : 0=0.0%, 4=100.0%, 8=0.0%, 16=0.0%, 32=0.0%, 64=0.0%, >=64=0.0%
     issued rwts: total=0,31751,0,0 short=0,0,0,0 dropped=0,0,0,0
     latency   : target=0, window=0, percentile=100.00%, depth=4

Run status group 0 (all jobs):
  WRITE: bw=2117KiB/s (2168kB/s), 2117KiB/s-2117KiB/s (2168kB/s-2168kB/s), io=124MiB (130MB), run=60002-60002msec
