"randwrite_64k_4_1": (g=0): rw=randwrite, bs=(R) 64.0KiB-64.0KiB, (W) 64.0KiB-64.0KiB, (T) 64.0KiB-64.0KiB, ioengine=io_uring, iodepth=4
fio-3.28
Starting 1 thread

"randwrite_64k_4_1": (groupid=0, jobs=1): err= 0: pid=84179: Wed Aug  9 00:44:25 2023
  write: IOPS=595, BW=37.2MiB/s (39.0MB/s)(2234MiB/60005msec); 0 zone resets
    slat (usec): min=6, max=110, avg=10.51, stdev= 3.48
    clat (usec): min=1112, max=66927, avg=6703.91, stdev=2057.36
     lat (usec): min=1122, max=66937, avg=6714.62, stdev=2057.35
    clat percentiles (usec):
     |  1.00th=[ 1811],  5.00th=[ 4047], 10.00th=[ 5145], 20.00th=[ 5866],
     | 30.00th=[ 6259], 40.00th=[ 6587], 50.00th=[ 6783], 60.00th=[ 7046],
     | 70.00th=[ 7308], 80.00th=[ 7570], 90.00th=[ 8029], 95.00th=[ 8291],
     | 99.00th=[ 8979], 99.50th=[11338], 99.90th=[35390], 99.95th=[40109],
     | 99.99th=[51643]
   bw (  KiB/s): min=32512, max=45184, per=100.00%, avg=38117.64, stdev=2147.08, samples=120
   iops        : min=  508, max=  706, avg=595.58, stdev=33.55, samples=120
  lat (msec)   : 2=1.37%, 4=3.49%, 10=94.58%, 20=0.27%, 50=0.29%
  lat (msec)   : 100=0.01%
  cpu          : usr=0.25%, sys=0.83%, ctx=35287, majf=0, minf=0
  IO depths    : 1=0.0%, 2=0.0%, 4=100.0%, 8=0.0%, 16=0.0%, 32=0.0%, >=64=0.0%
     submit    : 0=0.0%, 4=100.0%, 8=0.0%, 16=0.0%, 32=0.0%, 64=0.0%, >=64=0.0%
     complete  : 0=0.0%, 4=100.0%, 8=0.0%, 16=0.0%, 32=0.0%, 64=0.0%, >=64=0.0%
     issued rwts: total=0,35735,0,0 short=0,0,0,0 dropped=0,0,0,0
     latency   : target=0, window=0, percentile=100.00%, depth=4

Run status group 0 (all jobs):
  WRITE: bw=37.2MiB/s (39.0MB/s), 37.2MiB/s-37.2MiB/s (39.0MB/s-39.0MB/s), io=2234MiB (2342MB), run=60005-60005msec
