"randwrite_4k_64_1": (g=0): rw=randwrite, bs=(R) 4096B-4096B, (W) 4096B-4096B, (T) 4096B-4096B, ioengine=io_uring, iodepth=64
fio-3.28
Starting 1 thread

"randwrite_4k_64_1": (groupid=0, jobs=1): err= 0: pid=83416: Wed Aug  9 00:30:25 2023
  write: IOPS=275, BW=1104KiB/s (1130kB/s)(64.9MiB/60211msec); 0 zone resets
    slat (usec): min=2, max=133, avg=10.91, stdev= 5.84
    clat (msec): min=29, max=437, avg=231.93, stdev=19.12
     lat (msec): min=29, max=437, avg=231.94, stdev=19.12
    clat percentiles (msec):
     |  1.00th=[  126],  5.00th=[  213], 10.00th=[  224], 20.00th=[  228],
     | 30.00th=[  232], 40.00th=[  234], 50.00th=[  234], 60.00th=[  236],
     | 70.00th=[  239], 80.00th=[  241], 90.00th=[  243], 95.00th=[  247],
     | 99.00th=[  251], 99.50th=[  253], 99.90th=[  380], 99.95th=[  405],
     | 99.99th=[  435]
   bw (  KiB/s): min= 1032, max= 1768, per=99.94%, avg=1103.38, stdev=77.91, samples=120
   iops        : min=  258, max=  442, avg=275.82, stdev=19.48, samples=120
  lat (msec)   : 50=0.03%, 100=0.13%, 250=98.83%, 500=1.02%
  cpu          : usr=0.28%, sys=0.50%, ctx=16650, majf=0, minf=0
  IO depths    : 1=0.0%, 2=0.1%, 4=0.1%, 8=0.1%, 16=0.1%, 32=0.2%, >=64=99.6%
     submit    : 0=0.0%, 4=100.0%, 8=0.0%, 16=0.0%, 32=0.0%, 64=0.0%, >=64=0.0%
     complete  : 0=0.0%, 4=100.0%, 8=0.0%, 16=0.0%, 32=0.0%, 64=0.1%, >=64=0.0%
     issued rwts: total=0,16612,0,0 short=0,0,0,0 dropped=0,0,0,0
     latency   : target=0, window=0, percentile=100.00%, depth=64

Run status group 0 (all jobs):
  WRITE: bw=1104KiB/s (1130kB/s), 1104KiB/s-1104KiB/s (1130kB/s-1130kB/s), io=64.9MiB (68.0MB), run=60211-60211msec
