"randwrite_4k_128_1": (g=0): rw=randwrite, bs=(R) 4096B-4096B, (W) 4096B-4096B, (T) 4096B-4096B, ioengine=io_uring, iodepth=128
fio-3.28
Starting 1 thread

"randwrite_4k_128_1": (groupid=0, jobs=1): err= 0: pid=83491: Wed Aug  9 00:32:17 2023
  write: IOPS=332, BW=1329KiB/s (1361kB/s)(78.5MiB/60449msec); 0 zone resets
    slat (usec): min=2, max=415, avg= 9.91, stdev= 7.09
    clat (msec): min=21, max=910, avg=385.08, stdev=109.38
     lat (msec): min=21, max=910, avg=385.09, stdev=109.38
    clat percentiles (msec):
     |  1.00th=[  194],  5.00th=[  215], 10.00th=[  228], 20.00th=[  255],
     | 30.00th=[  279], 40.00th=[  422], 50.00th=[  447], 60.00th=[  456],
     | 70.00th=[  464], 80.00th=[  468], 90.00th=[  477], 95.00th=[  514],
     | 99.00th=[  542], 99.50th=[  550], 99.90th=[  835], 99.95th=[  877],
     | 99.99th=[  902]
   bw (  KiB/s): min=  936, max= 2432, per=100.00%, avg=1331.00, stdev=412.19, samples=120
   iops        : min=  234, max=  608, avg=332.72, stdev=103.05, samples=120
  lat (msec)   : 50=0.08%, 100=0.05%, 250=18.08%, 500=74.56%, 750=7.01%
  lat (msec)   : 1000=0.22%
  cpu          : usr=0.26%, sys=0.55%, ctx=19068, majf=0, minf=0
  IO depths    : 1=0.0%, 2=0.1%, 4=0.1%, 8=0.1%, 16=0.1%, 32=0.2%, >=64=99.7%
     submit    : 0=0.0%, 4=100.0%, 8=0.0%, 16=0.0%, 32=0.0%, 64=0.0%, >=64=0.0%
     complete  : 0=0.0%, 4=100.0%, 8=0.0%, 16=0.0%, 32=0.0%, 64=0.0%, >=64=0.1%
     issued rwts: total=0,20090,0,0 short=0,0,0,0 dropped=0,0,0,0
     latency   : target=0, window=0, percentile=100.00%, depth=128

Run status group 0 (all jobs):
  WRITE: bw=1329KiB/s (1361kB/s), 1329KiB/s-1329KiB/s (1361kB/s-1361kB/s), io=78.5MiB (82.3MB), run=60449-60449msec
