"randwrite_16k_4_1": (g=0): rw=randwrite, bs=(R) 16.0KiB-16.0KiB, (W) 16.0KiB-16.0KiB, (T) 16.0KiB-16.0KiB, ioengine=io_uring, iodepth=4
fio-3.28
Starting 1 thread

"randwrite_16k_4_1": (groupid=0, jobs=1): err= 0: pid=83646: Wed Aug  9 00:34:40 2023
  write: IOPS=542, BW=8678KiB/s (8886kB/s)(508MiB/60002msec); 0 zone resets
    slat (usec): min=3, max=145, avg= 7.90, stdev= 4.69
    clat (usec): min=712, max=51057, avg=7365.08, stdev=2388.13
     lat (usec): min=722, max=51063, avg=7373.21, stdev=2388.16
    clat percentiles (usec):
     |  1.00th=[ 1237],  5.00th=[ 4883], 10.00th=[ 5932], 20.00th=[ 6587],
     | 30.00th=[ 6915], 40.00th=[ 7177], 50.00th=[ 7439], 60.00th=[ 7635],
     | 70.00th=[ 7832], 80.00th=[ 8094], 90.00th=[ 8455], 95.00th=[ 8717],
     | 99.00th=[16712], 99.50th=[22938], 99.90th=[33162], 99.95th=[44827],
     | 99.99th=[50070]
   bw (  KiB/s): min= 7232, max=11648, per=99.99%, avg=8677.35, stdev=611.16, samples=120
   iops        : min=  452, max=  728, avg=542.33, stdev=38.20, samples=120
  lat (usec)   : 750=0.01%, 1000=0.28%
  lat (msec)   : 2=2.06%, 4=1.39%, 10=94.67%, 20=0.86%, 50=0.72%
  lat (msec)   : 100=0.01%
  cpu          : usr=0.33%, sys=0.62%, ctx=32252, majf=0, minf=0
  IO depths    : 1=0.0%, 2=0.0%, 4=100.0%, 8=0.0%, 16=0.0%, 32=0.0%, >=64=0.0%
     submit    : 0=0.0%, 4=100.0%, 8=0.0%, 16=0.0%, 32=0.0%, 64=0.0%, >=64=0.0%
     complete  : 0=0.0%, 4=100.0%, 8=0.0%, 16=0.0%, 32=0.0%, 64=0.0%, >=64=0.0%
     issued rwts: total=0,32539,0,0 short=0,0,0,0 dropped=0,0,0,0
     latency   : target=0, window=0, percentile=100.00%, depth=4

Run status group 0 (all jobs):
  WRITE: bw=8678KiB/s (8886kB/s), 8678KiB/s-8678KiB/s (8886kB/s-8886kB/s), io=508MiB (533MB), run=60002-60002msec
