"randread_4k_64_1": (g=0): rw=randread, bs=(R) 4096B-4096B, (W) 4096B-4096B, (T) 4096B-4096B, ioengine=io_uring, iodepth=64
fio-3.28
Starting 1 thread

"randread_4k_64_1": (groupid=0, jobs=1): err= 0: pid=81801: Wed Aug  9 00:04:25 2023
  read: IOPS=3699, BW=14.5MiB/s (15.2MB/s)(867MiB/60011msec)
    slat (usec): min=2, max=357, avg= 5.13, stdev= 4.95
    clat (usec): min=8668, max=32954, avg=17290.62, stdev=1359.42
     lat (usec): min=8673, max=32961, avg=17295.91, stdev=1359.29
    clat percentiles (usec):
     |  1.00th=[14484],  5.00th=[15401], 10.00th=[15795], 20.00th=[16188],
     | 30.00th=[16581], 40.00th=[16909], 50.00th=[17171], 60.00th=[17433],
     | 70.00th=[17957], 80.00th=[18220], 90.00th=[19006], 95.00th=[19530],
     | 99.00th=[21365], 99.50th=[22152], 99.90th=[23987], 99.95th=[25035],
     | 99.99th=[28967]
   bw (  KiB/s): min=13208, max=16656, per=99.98%, avg=14799.71, stdev=589.85, samples=120
   iops        : min= 3302, max= 4164, avg=3699.92, stdev=147.46, samples=120
  lat (msec)   : 10=0.01%, 20=96.62%, 50=3.40%
  cpu          : usr=1.22%, sys=2.79%, ctx=177235, majf=0, minf=0
  IO depths    : 1=0.0%, 2=0.0%, 4=0.0%, 8=0.0%, 16=0.0%, 32=0.0%, >=64=100.0%
     submit    : 0=0.0%, 4=100.0%, 8=0.0%, 16=0.0%, 32=0.0%, 64=0.0%, >=64=0.0%
     complete  : 0=0.0%, 4=100.0%, 8=0.0%, 16=0.0%, 32=0.0%, 64=0.1%, >=64=0.0%
     issued rwts: total=222007,0,0,0 short=0,0,0,0 dropped=0,0,0,0
     latency   : target=0, window=0, percentile=100.00%, depth=64

Run status group 0 (all jobs):
   READ: bw=14.5MiB/s (15.2MB/s), 14.5MiB/s-14.5MiB/s (15.2MB/s-15.2MB/s), io=867MiB (910MB), run=60011-60011msec
