"randwrite_16k_2_1": (g=0): rw=randwrite, bs=(R) 16.0KiB-16.0KiB, (W) 16.0KiB-16.0KiB, (T) 16.0KiB-16.0KiB, ioengine=io_uring, iodepth=2
fio-3.28
Starting 1 thread

"randwrite_16k_2_1": (groupid=0, jobs=1): err= 0: pid=83566: Wed Aug  9 00:33:29 2023
  write: IOPS=809, BW=12.7MiB/s (13.3MB/s)(759MiB/60002msec); 0 zone resets
    slat (usec): min=3, max=192, avg= 6.29, stdev= 3.52
    clat (usec): min=684, max=47929, avg=2460.95, stdev=1308.12
     lat (usec): min=692, max=47935, avg=2467.43, stdev=1308.13
    clat percentiles (usec):
     |  1.00th=[  996],  5.00th=[ 1565], 10.00th=[ 1778], 20.00th=[ 1958],
     | 30.00th=[ 2089], 40.00th=[ 2212], 50.00th=[ 2343], 60.00th=[ 2474],
     | 70.00th=[ 2638], 80.00th=[ 2802], 90.00th=[ 3097], 95.00th=[ 3392],
     | 99.00th=[ 4359], 99.50th=[ 7111], 99.90th=[22414], 99.95th=[26870],
     | 99.99th=[42730]
   bw (  KiB/s): min= 7104, max=15808, per=100.00%, avg=12959.78, stdev=1461.00, samples=120
   iops        : min=  444, max=  988, avg=809.97, stdev=91.31, samples=120
  lat (usec)   : 750=0.02%, 1000=1.00%
  lat (msec)   : 2=21.76%, 4=75.64%, 10=1.19%, 20=0.26%, 50=0.14%
  cpu          : usr=0.33%, sys=0.78%, ctx=48200, majf=0, minf=0
  IO depths    : 1=0.0%, 2=100.0%, 4=0.0%, 8=0.0%, 16=0.0%, 32=0.0%, >=64=0.0%
     submit    : 0=0.0%, 4=100.0%, 8=0.0%, 16=0.0%, 32=0.0%, 64=0.0%, >=64=0.0%
     complete  : 0=0.0%, 4=100.0%, 8=0.0%, 16=0.0%, 32=0.0%, 64=0.0%, >=64=0.0%
     issued rwts: total=0,48597,0,0 short=0,0,0,0 dropped=0,0,0,0
     latency   : target=0, window=0, percentile=100.00%, depth=2

Run status group 0 (all jobs):
  WRITE: bw=12.7MiB/s (13.3MB/s), 12.7MiB/s-12.7MiB/s (13.3MB/s-13.3MB/s), io=759MiB (796MB), run=60002-60002msec
