"randwrite_16k_32_1": (g=0): rw=randwrite, bs=(R) 16.0KiB-16.0KiB, (W) 16.0KiB-16.0KiB, (T) 16.0KiB-16.0KiB, ioengine=io_uring, iodepth=32
fio-3.28
Starting 1 thread

"randwrite_16k_32_1": (groupid=0, jobs=1): err= 0: pid=83874: Wed Aug  9 00:38:14 2023
  write: IOPS=439, BW=7047KiB/s (7216kB/s)(413MiB/60054msec); 0 zone resets
    slat (usec): min=3, max=306, avg= 9.52, stdev= 6.53
    clat (msec): min=23, max=141, avg=72.71, stdev=20.58
     lat (msec): min=23, max=141, avg=72.72, stdev=20.58
    clat percentiles (msec):
     |  1.00th=[   36],  5.00th=[   44], 10.00th=[   49], 20.00th=[   55],
     | 30.00th=[   60], 40.00th=[   65], 50.00th=[   70], 60.00th=[   75],
     | 70.00th=[   83], 80.00th=[   90], 90.00th=[  102], 95.00th=[  111],
     | 99.00th=[  130], 99.50th=[  133], 99.90th=[  136], 99.95th=[  138],
     | 99.99th=[  140]
   bw (  KiB/s): min= 4704, max= 9440, per=99.97%, avg=7045.73, stdev=927.46, samples=120
   iops        : min=  294, max=  590, avg=440.32, stdev=57.96, samples=120
  lat (msec)   : 50=11.96%, 100=77.14%, 250=11.02%
  cpu          : usr=0.23%, sys=0.68%, ctx=23719, majf=0, minf=0
  IO depths    : 1=0.0%, 2=0.0%, 4=0.0%, 8=0.0%, 16=0.0%, 32=100.0%, >=64=0.0%
     submit    : 0=0.0%, 4=100.0%, 8=0.0%, 16=0.0%, 32=0.0%, 64=0.0%, >=64=0.0%
     complete  : 0=0.0%, 4=100.0%, 8=0.0%, 16=0.0%, 32=0.1%, 64=0.0%, >=64=0.0%
     issued rwts: total=0,26420,0,0 short=0,0,0,0 dropped=0,0,0,0
     latency   : target=0, window=0, percentile=100.00%, depth=32

Run status group 0 (all jobs):
  WRITE: bw=7047KiB/s (7216kB/s), 7047KiB/s-7047KiB/s (7216kB/s-7216kB/s), io=413MiB (433MB), run=60054-60054msec
