"randwrite_64k_32_1": (g=0): rw=randwrite, bs=(R) 64.0KiB-64.0KiB, (W) 64.0KiB-64.0KiB, (T) 64.0KiB-64.0KiB, ioengine=io_uring, iodepth=32
fio-3.28
Starting 1 thread

"randwrite_64k_32_1": (groupid=0, jobs=1): err= 0: pid=84412: Wed Aug  9 00:47:59 2023
  write: IOPS=274, BW=17.2MiB/s (18.0MB/s)(1033MiB/60094msec); 0 zone resets
    slat (usec): min=7, max=249, avg=18.54, stdev= 9.55
    clat (msec): min=30, max=221, avg=116.47, stdev=29.04
     lat (msec): min=30, max=221, avg=116.49, stdev=29.04
    clat percentiles (msec):
     |  1.00th=[   45],  5.00th=[   57], 10.00th=[   66], 20.00th=[   86],
     | 30.00th=[  114], 40.00th=[  127], 50.00th=[  130], 60.00th=[  133],
     | 70.00th=[  136], 80.00th=[  138], 90.00th=[  142], 95.00th=[  144],
     | 99.00th=[  155], 99.50th=[  161], 99.90th=[  169], 99.95th=[  186],
     | 99.99th=[  218]
   bw (  KiB/s): min=12928, max=32256, per=99.97%, avg=17591.50, stdev=4648.24, samples=120
   iops        : min=  202, max=  504, avg=274.83, stdev=72.63, samples=120
  lat (msec)   : 50=2.33%, 100=23.25%, 250=74.61%
  cpu          : usr=0.28%, sys=0.65%, ctx=16278, majf=0, minf=0
  IO depths    : 1=0.0%, 2=0.0%, 4=0.0%, 8=0.0%, 16=0.0%, 32=100.0%, >=64=0.0%
     submit    : 0=0.0%, 4=100.0%, 8=0.0%, 16=0.0%, 32=0.0%, 64=0.0%, >=64=0.0%
     complete  : 0=0.0%, 4=100.0%, 8=0.0%, 16=0.0%, 32=0.1%, 64=0.0%, >=64=0.0%
     issued rwts: total=0,16491,0,0 short=0,0,0,0 dropped=0,0,0,0
     latency   : target=0, window=0, percentile=100.00%, depth=32

Run status group 0 (all jobs):
  WRITE: bw=17.2MiB/s (18.0MB/s), 17.2MiB/s-17.2MiB/s (18.0MB/s-18.0MB/s), io=1033MiB (1083MB), run=60094-60094msec
