"randwrite_64k_16_1": (g=0): rw=randwrite, bs=(R) 64.0KiB-64.0KiB, (W) 64.0KiB-64.0KiB, (T) 64.0KiB-64.0KiB, ioengine=io_uring, iodepth=16
fio-3.28
Starting 1 thread

"randwrite_64k_16_1": (groupid=0, jobs=1): err= 0: pid=84338: Wed Aug  9 00:46:48 2023
  write: IOPS=311, BW=19.5MiB/s (20.4MB/s)(1169MiB/60011msec); 0 zone resets
    slat (usec): min=6, max=198, avg=16.79, stdev= 8.60
    clat (usec): min=7499, max=86627, avg=51336.91, stdev=18489.48
     lat (usec): min=7510, max=86638, avg=51354.01, stdev=18491.48
    clat percentiles (usec):
     |  1.00th=[15401],  5.00th=[21365], 10.00th=[25035], 20.00th=[30540],
     | 30.00th=[36963], 40.00th=[46400], 50.00th=[57410], 60.00th=[63701],
     | 70.00th=[66323], 80.00th=[68682], 90.00th=[71828], 95.00th=[73925],
     | 99.00th=[79168], 99.50th=[80217], 99.90th=[83362], 99.95th=[84411],
     | 99.99th=[85459]
   bw (  KiB/s): min=13184, max=34432, per=99.94%, avg=19938.61, stdev=5659.97, samples=120
   iops        : min=  206, max=  538, avg=311.50, stdev=88.40, samples=120
  lat (msec)   : 10=0.05%, 20=3.66%, 50=39.64%, 100=56.72%
  cpu          : usr=0.34%, sys=0.62%, ctx=18066, majf=0, minf=0
  IO depths    : 1=0.0%, 2=0.0%, 4=0.0%, 8=0.0%, 16=100.0%, 32=0.0%, >=64=0.0%
     submit    : 0=0.0%, 4=100.0%, 8=0.0%, 16=0.0%, 32=0.0%, 64=0.0%, >=64=0.0%
     complete  : 0=0.0%, 4=100.0%, 8=0.0%, 16=0.1%, 32=0.0%, 64=0.0%, >=64=0.0%
     issued rwts: total=0,18692,0,0 short=0,0,0,0 dropped=0,0,0,0
     latency   : target=0, window=0, percentile=100.00%, depth=16

Run status group 0 (all jobs):
  WRITE: bw=19.5MiB/s (20.4MB/s), 19.5MiB/s-19.5MiB/s (20.4MB/s-20.4MB/s), io=1169MiB (1226MB), run=60011-60011msec
