"randwrite_4k_32_1": (g=0): rw=randwrite, bs=(R) 4096B-4096B, (W) 4096B-4096B, (T) 4096B-4096B, ioengine=io_uring, iodepth=32
fio-3.28
Starting 1 thread

"randwrite_4k_32_1": (groupid=0, jobs=1): err= 0: pid=83333: Wed Aug  9 00:28:14 2023
  write: IOPS=267, BW=1074KiB/s (1100kB/s)(63.1MiB/60129msec); 0 zone resets
    slat (usec): min=2, max=301, avg=10.29, stdev= 7.57
    clat (msec): min=21, max=263, avg=119.26, stdev=27.22
     lat (msec): min=21, max=263, avg=119.27, stdev=27.22
    clat percentiles (msec):
     |  1.00th=[   40],  5.00th=[   54], 10.00th=[   67], 20.00th=[  115],
     | 30.00th=[  125], 40.00th=[  128], 50.00th=[  130], 60.00th=[  132],
     | 70.00th=[  134], 80.00th=[  136], 90.00th=[  138], 95.00th=[  140],
     | 99.00th=[  144], 99.50th=[  146], 99.90th=[  197], 99.95th=[  226],
     | 99.99th=[  259]
   bw (  KiB/s): min=  928, max= 2320, per=100.00%, avg=1074.28, stdev=303.34, samples=120
   iops        : min=  232, max=  580, avg=268.56, stdev=75.84, samples=120
  lat (msec)   : 50=3.76%, 100=13.96%, 250=82.45%, 500=0.02%
  cpu          : usr=0.19%, sys=0.50%, ctx=15810, majf=0, minf=0
  IO depths    : 1=0.0%, 2=0.0%, 4=0.0%, 8=0.0%, 16=0.0%, 32=100.0%, >=64=0.0%
     submit    : 0=0.0%, 4=100.0%, 8=0.0%, 16=0.0%, 32=0.0%, 64=0.0%, >=64=0.0%
     complete  : 0=0.0%, 4=100.0%, 8=0.0%, 16=0.0%, 32=0.1%, 64=0.0%, >=64=0.0%
     issued rwts: total=0,16114,0,0 short=0,0,0,0 dropped=0,0,0,0
     latency   : target=0, window=0, percentile=100.00%, depth=32

Run status group 0 (all jobs):
  WRITE: bw=1074KiB/s (1100kB/s), 1074KiB/s-1074KiB/s (1100kB/s-1100kB/s), io=63.1MiB (66.1MB), run=60129-60129msec
