write_4k_8_8: (g=0): rw=write, bs=(R) 4096B-4096B, (W) 4096B-4096B, (T) 4096B-4096B, ioengine=io_uring, iodepth=8
...
fio-3.28
Starting 8 threads

write_4k_8_8: (groupid=0, jobs=8): err= 0: pid=51720: Fri Feb 24 04:58:07 2023
  write: IOPS=222k, BW=868MiB/s (911MB/s)(17.0GiB/20001msec); 0 zone resets
    slat (usec): min=3, max=2832, avg=31.76, stdev= 9.61
    clat (usec): min=77, max=3052, avg=255.44, stdev=15.51
     lat (usec): min=89, max=3087, avg=287.30, stdev=14.98
    clat percentiles (usec):
     |  1.00th=[  231],  5.00th=[  239], 10.00th=[  243], 20.00th=[  247],
     | 30.00th=[  251], 40.00th=[  253], 50.00th=[  255], 60.00th=[  258],
     | 70.00th=[  260], 80.00th=[  262], 90.00th=[  269], 95.00th=[  277],
     | 99.00th=[  289], 99.50th=[  289], 99.90th=[  297], 99.95th=[  306],
     | 99.99th=[  515]
   bw (  KiB/s): min=884424, max=894384, per=100.00%, avg=889347.20, stdev=288.20, samples=320
   iops        : min=221106, max=223596, avg=222336.60, stdev=72.03, samples=320
  lat (usec)   : 100=0.01%, 250=28.10%, 500=71.89%, 750=0.01%, 1000=0.01%
  lat (msec)   : 2=0.01%, 4=0.01%
  cpu          : usr=4.45%, sys=87.60%, ctx=654157, majf=0, minf=0
  IO depths    : 1=0.0%, 2=0.0%, 4=0.0%, 8=100.0%, 16=0.0%, 32=0.0%, >=64=0.0%
     submit    : 0=0.0%, 4=100.0%, 8=0.0%, 16=0.0%, 32=0.0%, 64=0.0%, >=64=0.0%
     complete  : 0=0.0%, 4=100.0%, 8=0.1%, 16=0.0%, 32=0.0%, 64=0.0%, >=64=0.0%
     issued rwts: total=0,4446486,0,0 short=0,0,0,0 dropped=0,0,0,0
     latency   : target=0, window=0, percentile=100.00%, depth=8

Run status group 0 (all jobs):
  WRITE: bw=868MiB/s (911MB/s), 868MiB/s-868MiB/s (911MB/s-911MB/s), io=17.0GiB (18.2GB), run=20001-20001msec
