read_128k_1_2: (g=0): rw=read, bs=(R) 128KiB-128KiB, (W) 128KiB-128KiB, (T) 128KiB-128KiB, ioengine=io_uring, iodepth=1
...
fio-3.28
Starting 2 threads

read_128k_1_2: (groupid=0, jobs=2): err= 0: pid=47730: Fri Feb 24 04:29:03 2023
  read: IOPS=12.7k, BW=1586MiB/s (1663MB/s)(31.0GiB/20001msec)
    slat (nsec): min=12333, max=61858, avg=14321.32, stdev=786.89
    clat (usec): min=111, max=324, avg=142.52, stdev=18.46
     lat (usec): min=136, max=338, avg=156.96, stdev=18.46
    clat percentiles (usec):
     |  1.00th=[  127],  5.00th=[  130], 10.00th=[  135], 20.00th=[  137],
     | 30.00th=[  137], 40.00th=[  137], 50.00th=[  137], 60.00th=[  139],
     | 70.00th=[  139], 80.00th=[  139], 90.00th=[  167], 95.00th=[  198],
     | 99.00th=[  212], 99.50th=[  212], 99.90th=[  217], 99.95th=[  217],
     | 99.99th=[  225]
   bw (  MiB/s): min= 1584, max= 1588, per=100.00%, avg=1586.01, stdev= 0.57, samples=80
   iops        : min=12672, max=12708, avg=12688.05, stdev= 4.58, samples=80
  lat (usec)   : 250=100.00%, 500=0.01%
  cpu          : usr=1.42%, sys=10.44%, ctx=253755, majf=0, minf=0
  IO depths    : 1=100.0%, 2=0.0%, 4=0.0%, 8=0.0%, 16=0.0%, 32=0.0%, >=64=0.0%
     submit    : 0=0.0%, 4=100.0%, 8=0.0%, 16=0.0%, 32=0.0%, 64=0.0%, >=64=0.0%
     complete  : 0=0.0%, 4=100.0%, 8=0.0%, 16=0.0%, 32=0.0%, 64=0.0%, >=64=0.0%
     issued rwts: total=253753,0,0,0 short=0,0,0,0 dropped=0,0,0,0
     latency   : target=0, window=0, percentile=100.00%, depth=1

Run status group 0 (all jobs):
   READ: bw=1586MiB/s (1663MB/s), 1586MiB/s-1586MiB/s (1663MB/s-1663MB/s), io=31.0GiB (33.3GB), run=20001-20001msec
