randrw_128k_128_4: (g=0): rw=randrw, bs=(R) 128KiB-128KiB, (W) 128KiB-128KiB, (T) 128KiB-128KiB, ioengine=io_uring, iodepth=128
...
fio-3.28
Starting 4 threads

randrw_128k_128_4: (groupid=0, jobs=4): err= 0: pid=37437: Fri Feb 24 02:45:38 2023
  read: IOPS=18.7k, BW=2345MiB/s (2459MB/s)(46.6GiB/20365msec)
    slat (usec): min=6, max=108, avg=14.38, stdev= 2.44
    clat (usec): min=117, max=19140k, avg=16102.85, stdev=269224.64
     lat (usec): min=131, max=19140k, avg=16117.36, stdev=269224.45
    clat percentiles (usec):
     |  1.00th=[    302],  5.00th=[    314], 10.00th=[    318],
     | 20.00th=[    326], 30.00th=[    330], 40.00th=[    338],
     | 50.00th=[    343], 60.00th=[    347], 70.00th=[    351],
     | 80.00th=[    363], 90.00th=[    383], 95.00th=[    420],
     | 99.00th=[    457], 99.50th=[    515], 99.90th=[3976201],
     | 99.95th=[5804917], 99.99th=[9596568]
   bw (  MiB/s): min=  812, max= 4421, per=100.00%, avg=2386.09, stdev=224.00, samples=160
   iops        : min= 6496, max=35368, avg=19088.72, stdev=1791.98, samples=160
  write: IOPS=18.8k, BW=2350MiB/s (2465MB/s)(46.7GiB/20365msec); 0 zone resets
    slat (usec): min=8, max=133, avg=21.90, stdev= 4.44
    clat (usec): min=120, max=19288k, avg=14111.91, stdev=265453.41
     lat (usec): min=138, max=19288k, avg=14133.96, stdev=265453.32
    clat percentiles (usec):
     |  1.00th=[    306],  5.00th=[    314], 10.00th=[    322],
     | 20.00th=[    326], 30.00th=[    334], 40.00th=[    338],
     | 50.00th=[    343], 60.00th=[    347], 70.00th=[    355],
     | 80.00th=[    363], 90.00th=[    379], 95.00th=[    420],
     | 99.00th=[    457], 99.50th=[    482], 99.90th=[3875537],
     | 99.95th=[5804917], 99.99th=[9730786]
   bw (  MiB/s): min=  851, max= 4361, per=100.00%, avg=2391.86, stdev=223.13, samples=160
   iops        : min= 6810, max=34894, avg=19134.85, stdev=1785.02, samples=160
  lat (usec)   : 250=0.01%, 500=99.59%, 750=0.02%
  lat (msec)   : 500=0.01%, 750=0.01%, 1000=0.01%, 2000=0.22%, >=2000=0.22%
  cpu          : usr=5.78%, sys=15.43%, ctx=679273, majf=0, minf=0
  IO depths    : 1=0.0%, 2=0.0%, 4=0.0%, 8=0.0%, 16=0.0%, 32=0.0%, >=64=100.0%
     submit    : 0=0.0%, 4=100.0%, 8=0.0%, 16=0.0%, 32=0.0%, 64=0.0%, >=64=0.0%
     complete  : 0=0.0%, 4=100.0%, 8=0.0%, 16=0.0%, 32=0.0%, 64=0.0%, >=64=0.1%
     issued rwts: total=381772,382691,0,0 short=0,0,0,0 dropped=0,0,0,0
     latency   : target=0, window=0, percentile=100.00%, depth=128

Run status group 0 (all jobs):
   READ: bw=2345MiB/s (2459MB/s), 2345MiB/s-2345MiB/s (2459MB/s-2459MB/s), io=46.6GiB (50.1GB), run=20365-20365msec
  WRITE: bw=2350MiB/s (2465MB/s), 2350MiB/s-2350MiB/s (2465MB/s-2465MB/s), io=46.7GiB (50.2GB), run=20365-20365msec
