randrw_8k_64_2: (g=0): rw=randrw, bs=(R) 8192B-8192B, (W) 8192B-8192B, (T) 8192B-8192B, ioengine=io_uring, iodepth=64
...
fio-3.28
Starting 2 threads

randrw_8k_64_2: (groupid=0, jobs=2): err= 0: pid=30003: Fri Feb 24 01:21:12 2023
  read: IOPS=121k, BW=944MiB/s (990MB/s)(18.4GiB/20001msec)
    slat (usec): min=3, max=362, avg= 6.48, stdev= 3.22
    clat (usec): min=138, max=8493, avg=604.60, stdev=46.81
     lat (usec): min=144, max=8498, avg=611.21, stdev=46.84
    clat percentiles (usec):
     |  1.00th=[  510],  5.00th=[  529], 10.00th=[  545], 20.00th=[  570],
     | 30.00th=[  586], 40.00th=[  594], 50.00th=[  603], 60.00th=[  619],
     | 70.00th=[  627], 80.00th=[  644], 90.00th=[  660], 95.00th=[  676],
     | 99.00th=[  701], 99.50th=[  709], 99.90th=[  734], 99.95th=[  750],
     | 99.99th=[ 1020]
   bw (  KiB/s): min=956144, max=978992, per=100.00%, avg=966532.00, stdev=2423.17, samples=80
   iops        : min=119518, max=122374, avg=120816.47, stdev=302.89, samples=80
  write: IOPS=121k, BW=943MiB/s (989MB/s)(18.4GiB/20001msec); 0 zone resets
    slat (usec): min=4, max=376, avg= 8.13, stdev= 3.75
    clat (usec): min=116, max=8419, avg=439.19, stdev=50.20
     lat (usec): min=122, max=8424, avg=447.47, stdev=50.11
    clat percentiles (usec):
     |  1.00th=[  334],  5.00th=[  363], 10.00th=[  379], 20.00th=[  400],
     | 30.00th=[  416], 40.00th=[  429], 50.00th=[  441], 60.00th=[  453],
     | 70.00th=[  465], 80.00th=[  478], 90.00th=[  498], 95.00th=[  510],
     | 99.00th=[  529], 99.50th=[  537], 99.90th=[  553], 99.95th=[  553],
     | 99.99th=[  807]
   bw (  KiB/s): min=957888, max=974464, per=100.00%, avg=965496.30, stdev=2071.07, samples=80
   iops        : min=119736, max=121808, avg=120686.97, stdev=258.85, samples=80
  lat (usec)   : 250=0.01%, 500=45.40%, 750=54.57%, 1000=0.02%
  lat (msec)   : 2=0.01%, 10=0.01%
  cpu          : usr=21.60%, sys=78.39%, ctx=144, majf=0, minf=0
  IO depths    : 1=0.0%, 2=0.0%, 4=0.0%, 8=0.0%, 16=0.0%, 32=0.0%, >=64=100.0%
     submit    : 0=0.0%, 4=100.0%, 8=0.0%, 16=0.0%, 32=0.0%, 64=0.0%, >=64=0.0%
     complete  : 0=0.0%, 4=100.0%, 8=0.0%, 16=0.0%, 32=0.0%, 64=0.1%, >=64=0.0%
     issued rwts: total=2416205,2413632,0,0 short=0,0,0,0 dropped=0,0,0,0
     latency   : target=0, window=0, percentile=100.00%, depth=64

Run status group 0 (all jobs):
   READ: bw=944MiB/s (990MB/s), 944MiB/s-944MiB/s (990MB/s-990MB/s), io=18.4GiB (19.8GB), run=20001-20001msec
  WRITE: bw=943MiB/s (989MB/s), 943MiB/s-943MiB/s (989MB/s-989MB/s), io=18.4GiB (19.8GB), run=20001-20001msec
