write_64k_128_8: (g=0): rw=write, bs=(R) 64.0KiB-64.0KiB, (W) 64.0KiB-64.0KiB, (T) 64.0KiB-64.0KiB, ioengine=io_uring, iodepth=128
...
fio-3.28
Starting 8 threads

write_64k_128_8: (groupid=0, jobs=8): err= 0: pid=61240: Fri Feb 24 06:29:15 2023
  write: IOPS=70.0k, BW=4381MiB/s (4594MB/s)(87.5GiB/20463msec); 0 zone resets
    slat (usec): min=6, max=400, avg=23.23, stdev=10.03
    clat (usec): min=14, max=21164k, avg=15985.18, stdev=248283.40
     lat (usec): min=95, max=21164k, avg=16008.54, stdev=248283.46
    clat percentiles (usec):
     |  1.00th=[    247],  5.00th=[    281], 10.00th=[    293],
     | 20.00th=[    306], 30.00th=[    314], 40.00th=[    318],
     | 50.00th=[    322], 60.00th=[    330], 70.00th=[    334],
     | 80.00th=[    343], 90.00th=[    359], 95.00th=[    388],
     | 99.00th=[    453], 99.50th=[ 901776], 99.90th=[4596958],
     | 99.95th=[4798284], 99.99th=[7281312]
   bw (  MiB/s): min= 1600, max= 7097, per=100.00%, avg=4479.46, stdev=175.60, samples=320
   iops        : min=25608, max=113558, avg=71671.32, stdev=2809.51, samples=320
  lat (usec)   : 20=0.01%, 100=0.01%, 250=1.17%, 500=98.32%, 750=0.05%
  lat (msec)   : 2=0.01%, 500=0.01%, 750=0.01%, 1000=0.01%, 2000=0.02%
  lat (msec)   : >=2000=0.48%
  cpu          : usr=2.76%, sys=21.33%, ctx=1212976, majf=0, minf=0
  IO depths    : 1=0.0%, 2=0.0%, 4=0.0%, 8=0.0%, 16=0.0%, 32=0.0%, >=64=100.0%
     submit    : 0=0.0%, 4=100.0%, 8=0.0%, 16=0.0%, 32=0.0%, 64=0.0%, >=64=0.0%
     complete  : 0=0.0%, 4=100.0%, 8=0.0%, 16=0.0%, 32=0.0%, 64=0.0%, >=64=0.1%
     issued rwts: total=0,1433396,0,0 short=0,0,0,0 dropped=0,0,0,0
     latency   : target=0, window=0, percentile=100.00%, depth=128

Run status group 0 (all jobs):
  WRITE: bw=4381MiB/s (4594MB/s), 4381MiB/s-4381MiB/s (4594MB/s-4594MB/s), io=87.5GiB (94.0GB), run=20463-20463msec
