read_32k_16_16: (g=0): rw=read, bs=(R) 32.0KiB-32.0KiB, (W) 32.0KiB-32.0KiB, (T) 32.0KiB-32.0KiB, ioengine=io_uring, iodepth=16
...
fio-3.28
Starting 16 threads

read_32k_16_16: (groupid=0, jobs=16): err= 0: pid=45103: Fri Feb 24 04:00:08 2023
  read: IOPS=155k, BW=4857MiB/s (5093MB/s)(95.1GiB/20043msec)
    slat (usec): min=4, max=367, avg= 8.68, stdev= 4.21
    clat (usec): min=69, max=668358, avg=1641.77, stdev=14309.61
     lat (usec): min=80, max=668363, avg=1650.60, stdev=14309.43
    clat percentiles (usec):
     |  1.00th=[   265],  5.00th=[   269], 10.00th=[   273], 20.00th=[   281],
     | 30.00th=[   285], 40.00th=[   293], 50.00th=[   297], 60.00th=[   302],
     | 70.00th=[   306], 80.00th=[   310], 90.00th=[   318], 95.00th=[   322],
     | 99.00th=[   461], 99.50th=[131597], 99.90th=[168821], 99.95th=[240124],
     | 99.99th=[295699]
   bw (  MiB/s): min= 3665, max= 6147, per=100.00%, avg=4867.50, stdev=34.57, samples=640
   iops        : min=117306, max=196724, avg=155759.50, stdev=1106.10, samples=640
  lat (usec)   : 100=0.01%, 250=0.01%, 500=99.03%, 750=0.01%, 1000=0.01%
  lat (msec)   : 2=0.01%, 50=0.01%, 100=0.02%, 250=0.90%, 500=0.04%
  lat (msec)   : 750=0.01%
  cpu          : usr=2.36%, sys=10.48%, ctx=2919066, majf=0, minf=0
  IO depths    : 1=0.0%, 2=0.0%, 4=0.0%, 8=0.0%, 16=100.0%, 32=0.0%, >=64=0.0%
     submit    : 0=0.0%, 4=100.0%, 8=0.0%, 16=0.0%, 32=0.0%, 64=0.0%, >=64=0.0%
     complete  : 0=0.0%, 4=100.0%, 8=0.0%, 16=0.1%, 32=0.0%, 64=0.0%, >=64=0.0%
     issued rwts: total=3114978,0,0,0 short=0,0,0,0 dropped=0,0,0,0
     latency   : target=0, window=0, percentile=100.00%, depth=16

Run status group 0 (all jobs):
   READ: bw=4857MiB/s (5093MB/s), 4857MiB/s-4857MiB/s (5093MB/s-5093MB/s), io=95.1GiB (102GB), run=20043-20043msec
