write_8k_4_4: (g=0): rw=write, bs=(R) 8192B-8192B, (W) 8192B-8192B, (T) 8192B-8192B, ioengine=io_uring, iodepth=4
...
fio-3.28
Starting 4 threads

write_8k_4_4: (groupid=0, jobs=4): err= 0: pid=53542: Fri Feb 24 05:15:18 2023
  write: IOPS=163k, BW=1275MiB/s (1337MB/s)(24.9GiB/20001msec); 0 zone resets
    slat (nsec): min=4219, max=89284, avg=9582.61, stdev=3231.39
    clat (usec): min=27, max=412, avg=87.63, stdev=20.81
     lat (usec): min=47, max=420, avg=97.33, stdev=20.91
    clat percentiles (usec):
     |  1.00th=[   67],  5.00th=[   72], 10.00th=[   75], 20.00th=[   78],
     | 30.00th=[   80], 40.00th=[   81], 50.00th=[   83], 60.00th=[   85],
     | 70.00th=[   87], 80.00th=[   92], 90.00th=[  100], 95.00th=[  137],
     | 99.00th=[  180], 99.50th=[  186], 99.90th=[  200], 99.95th=[  204],
     | 99.99th=[  212]
   bw (  MiB/s): min= 1267, max= 1279, per=100.00%, avg=1275.30, stdev= 0.64, samples=160
   iops        : min=162261, max=163730, avg=163238.60, stdev=82.14, samples=160
  lat (usec)   : 50=0.02%, 100=90.22%, 250=9.76%, 500=0.01%
  cpu          : usr=9.62%, sys=44.91%, ctx=2583177, majf=0, minf=0
  IO depths    : 1=0.0%, 2=0.0%, 4=100.0%, 8=0.0%, 16=0.0%, 32=0.0%, >=64=0.0%
     submit    : 0=0.0%, 4=100.0%, 8=0.0%, 16=0.0%, 32=0.0%, 64=0.0%, >=64=0.0%
     complete  : 0=0.0%, 4=100.0%, 8=0.0%, 16=0.0%, 32=0.0%, 64=0.0%, >=64=0.0%
     issued rwts: total=0,3264606,0,0 short=0,0,0,0 dropped=0,0,0,0
     latency   : target=0, window=0, percentile=100.00%, depth=4

Run status group 0 (all jobs):
  WRITE: bw=1275MiB/s (1337MB/s), 1275MiB/s-1275MiB/s (1337MB/s-1337MB/s), io=24.9GiB (26.7GB), run=20001-20001msec
