randrw_4k_1_2: (g=0): rw=randrw, bs=(R) 4096B-4096B, (W) 4096B-4096B, (T) 4096B-4096B, ioengine=io_uring, iodepth=1
...
fio-3.28
Starting 2 threads

randrw_4k_1_2: (groupid=0, jobs=2): err= 0: pid=25965: Fri Feb 24 00:45:48 2023
  read: IOPS=22.4k, BW=87.4MiB/s (91.7MB/s)(1749MiB/20001msec)
    slat (nsec): min=4207, max=52346, avg=5111.63, stdev=556.53
    clat (nsec): min=248, max=538231, avg=36089.56, stdev=10474.79
     lat (usec): min=34, max=543, avg=41.31, stdev=10.47
    clat percentiles (usec):
     |  1.00th=[   32],  5.00th=[   33], 10.00th=[   34], 20.00th=[   34],
     | 30.00th=[   34], 40.00th=[   34], 50.00th=[   34], 60.00th=[   34],
     | 70.00th=[   35], 80.00th=[   35], 90.00th=[   39], 95.00th=[   44],
     | 99.00th=[   94], 99.50th=[   97], 99.90th=[  101], 99.95th=[  102],
     | 99.99th=[  108]
   bw (  KiB/s): min=87760, max=91624, per=100.00%, avg=89547.20, stdev=474.47, samples=80
   iops        : min=21940, max=22906, avg=22386.80, stdev=118.64, samples=80
  write: IOPS=22.4k, BW=87.6MiB/s (91.9MB/s)(1752MiB/20001msec); 0 zone resets
    slat (nsec): min=4897, max=52504, avg=5739.89, stdev=572.73
    clat (usec): min=22, max=522, avg=40.56, stdev=10.64
     lat (usec): min=40, max=528, avg=46.42, stdev=10.65
    clat percentiles (usec):
     |  1.00th=[   37],  5.00th=[   38], 10.00th=[   38], 20.00th=[   38],
     | 30.00th=[   38], 40.00th=[   38], 50.00th=[   38], 60.00th=[   39],
     | 70.00th=[   39], 80.00th=[   39], 90.00th=[   43], 95.00th=[   48],
     | 99.00th=[   98], 99.50th=[  100], 99.90th=[  103], 99.95th=[  105],
     | 99.99th=[  110]
   bw (  KiB/s): min=87696, max=91568, per=100.00%, avg=89709.50, stdev=435.57, samples=80
   iops        : min=21924, max=22892, avg=22427.35, stdev=108.88, samples=80
  lat (nsec)   : 250=0.01%
  lat (usec)   : 20=0.01%, 50=95.72%, 100=3.98%, 250=0.30%, 750=0.01%
  cpu          : usr=5.49%, sys=16.45%, ctx=896256, majf=0, minf=0
  IO depths    : 1=100.0%, 2=0.0%, 4=0.0%, 8=0.0%, 16=0.0%, 32=0.0%, >=64=0.0%
     submit    : 0=0.0%, 4=100.0%, 8=0.0%, 16=0.0%, 32=0.0%, 64=0.0%, >=64=0.0%
     complete  : 0=0.0%, 4=100.0%, 8=0.0%, 16=0.0%, 32=0.0%, 64=0.0%, >=64=0.0%
     issued rwts: total=447720,448532,0,0 short=0,0,0,0 dropped=0,0,0,0
     latency   : target=0, window=0, percentile=100.00%, depth=1

Run status group 0 (all jobs):
   READ: bw=87.4MiB/s (91.7MB/s), 87.4MiB/s-87.4MiB/s (91.7MB/s-91.7MB/s), io=1749MiB (1834MB), run=20001-20001msec
  WRITE: bw=87.6MiB/s (91.9MB/s), 87.6MiB/s-87.6MiB/s (91.9MB/s-91.9MB/s), io=1752MiB (1837MB), run=20001-20001msec
