read_64k_32_16: (g=0): rw=read, bs=(R) 64.0KiB-64.0KiB, (W) 64.0KiB-64.0KiB, (T) 64.0KiB-64.0KiB, ioengine=io_uring, iodepth=32
...
fio-3.28
Starting 16 threads

read_64k_32_16: (groupid=0, jobs=16): err= 0: pid=47100: Fri Feb 24 04:22:55 2023
  read: IOPS=94.1k, BW=5881MiB/s (6167MB/s)(116GiB/20279msec)
    slat (usec): min=5, max=367, avg=11.57, stdev= 2.09
    clat (nsec): min=441, max=9656.3M, avg=5699905.97, stdev=104863707.65
     lat (usec): min=85, max=9656.4k, avg=5711.62, stdev=104863.57
    clat percentiles (usec):
     |  1.00th=[    229],  5.00th=[    241], 10.00th=[    247],
     | 20.00th=[    251], 30.00th=[    253], 40.00th=[    258],
     | 50.00th=[    260], 60.00th=[    262], 70.00th=[    265],
     | 80.00th=[    269], 90.00th=[    273], 95.00th=[    318],
     | 99.00th=[    355], 99.50th=[    367], 99.90th=[1283458],
     | 99.95th=[2432697], 99.99th=[3640656]
   bw (  MiB/s): min= 1417, max=12424, per=100.00%, avg=5961.75, stdev=165.48, samples=640
   iops        : min=22682, max=198792, avg=95388.02, stdev=2647.75, samples=640
  lat (nsec)   : 500=0.01%
  lat (usec)   : 100=0.01%, 250=18.45%, 500=81.23%, 750=0.01%
  lat (msec)   : 250=0.01%, 500=0.01%, 750=0.01%, 1000=0.01%, 2000=0.24%
  lat (msec)   : >=2000=0.09%
  cpu          : usr=1.44%, sys=8.07%, ctx=1849471, majf=0, minf=0
  IO depths    : 1=0.0%, 2=0.0%, 4=0.0%, 8=0.0%, 16=0.0%, 32=100.0%, >=64=0.0%
     submit    : 0=0.0%, 4=100.0%, 8=0.0%, 16=0.0%, 32=0.0%, 64=0.0%, >=64=0.0%
     complete  : 0=0.0%, 4=100.0%, 8=0.0%, 16=0.0%, 32=0.1%, 64=0.0%, >=64=0.0%
     issued rwts: total=1907762,0,0,0 short=0,0,0,0 dropped=0,0,0,0
     latency   : target=0, window=0, percentile=100.00%, depth=32

Run status group 0 (all jobs):
   READ: bw=5881MiB/s (6167MB/s), 5881MiB/s-5881MiB/s (6167MB/s-6167MB/s), io=116GiB (125GB), run=20279-20279msec
