write_128k_32_1: (g=0): rw=write, bs=(R) 128KiB-128KiB, (W) 128KiB-128KiB, (T) 128KiB-128KiB, ioengine=io_uring, iodepth=32
fio-3.28
Starting 1 thread

write_128k_32_1: (groupid=0, jobs=1): err= 0: pid=62393: Fri Feb 24 06:42:58 2023
  write: IOPS=38.7k, BW=4836MiB/s (5071MB/s)(94.5GiB/20012msec); 0 zone resets
    slat (nsec): min=9367, max=87139, avg=16810.61, stdev=1945.88
    clat (usec): min=275, max=572343, avg=810.66, stdev=8316.19
     lat (usec): min=309, max=572356, avg=827.62, stdev=8316.05
    clat percentiles (usec):
     |  1.00th=[   322],  5.00th=[   326], 10.00th=[   330], 20.00th=[   334],
     | 30.00th=[   338], 40.00th=[   338], 50.00th=[   343], 60.00th=[   343],
     | 70.00th=[   347], 80.00th=[   351], 90.00th=[   355], 95.00th=[   396],
     | 99.00th=[   429], 99.50th=[   445], 99.90th=[139461], 99.95th=[183501],
     | 99.99th=[299893]
   bw (  MiB/s): min= 4833, max= 4844, per=100.00%, avg=4838.73, stdev= 2.95, samples=40
   iops        : min=38666, max=38756, avg=38709.83, stdev=23.64, samples=40
  lat (usec)   : 500=99.57%
  lat (msec)   : 20=0.01%, 50=0.02%, 100=0.24%, 250=0.15%, 500=0.02%
  lat (msec)   : 750=0.01%
  cpu          : usr=14.53%, sys=63.44%, ctx=492214, majf=0, minf=0
  IO depths    : 1=0.0%, 2=0.0%, 4=0.0%, 8=0.0%, 16=0.0%, 32=100.0%, >=64=0.0%
     submit    : 0=0.0%, 4=100.0%, 8=0.0%, 16=0.0%, 32=0.0%, 64=0.0%, >=64=0.0%
     complete  : 0=0.0%, 4=100.0%, 8=0.0%, 16=0.0%, 32=0.1%, 64=0.0%, >=64=0.0%
     issued rwts: total=0,774161,0,0 short=0,0,0,0 dropped=0,0,0,0
     latency   : target=0, window=0, percentile=100.00%, depth=32

Run status group 0 (all jobs):
  WRITE: bw=4836MiB/s (5071MB/s), 4836MiB/s-4836MiB/s (5071MB/s-5071MB/s), io=94.5GiB (101GB), run=20012-20012msec
