write_128k_16_8: (g=0): rw=write, bs=(R) 128KiB-128KiB, (W) 128KiB-128KiB, (T) 128KiB-128KiB, ioengine=io_uring, iodepth=16
...
fio-3.28
Starting 8 threads

write_128k_16_8: (groupid=0, jobs=8): err= 0: pid=62297: Fri Feb 24 06:41:57 2023
  write: IOPS=38.5k, BW=4817MiB/s (5052MB/s)(94.7GiB/20121msec); 0 zone resets
    slat (usec): min=8, max=380, avg=18.10, stdev= 4.07
    clat (nsec): min=691, max=5132.4M, avg=3391702.20, stdev=62063600.36
     lat (usec): min=192, max=5132.4k, avg=3409.96, stdev=62063.43
    clat percentiles (usec):
     |  1.00th=[    318],  5.00th=[    326], 10.00th=[    326],
     | 20.00th=[    330], 30.00th=[    334], 40.00th=[    338],
     | 50.00th=[    338], 60.00th=[    343], 70.00th=[    347],
     | 80.00th=[    351], 90.00th=[    359], 95.00th=[    375],
     | 99.00th=[    424], 99.50th=[    437], 99.90th=[ 960496],
     | 99.95th=[1434452], 99.99th=[2365588]
   bw (  MiB/s): min= 1734, max= 8212, per=100.00%, avg=4846.07, stdev=204.33, samples=320
   iops        : min=13878, max=65697, avg=38768.45, stdev=1634.63, samples=320
  lat (nsec)   : 750=0.01%
  lat (usec)   : 250=0.24%, 500=99.42%, 750=0.01%
  lat (msec)   : 50=0.01%, 100=0.01%, 250=0.01%, 500=0.15%, 750=0.04%
  lat (msec)   : 1000=0.08%, 2000=0.07%, >=2000=0.01%
  cpu          : usr=1.98%, sys=9.10%, ctx=753312, majf=0, minf=0
  IO depths    : 1=0.0%, 2=0.0%, 4=0.0%, 8=0.0%, 16=100.0%, 32=0.0%, >=64=0.0%
     submit    : 0=0.0%, 4=100.0%, 8=0.0%, 16=0.0%, 32=0.0%, 64=0.0%, >=64=0.0%
     complete  : 0=0.0%, 4=100.0%, 8=0.0%, 16=0.1%, 32=0.0%, 64=0.0%, >=64=0.0%
     issued rwts: total=0,775342,0,0 short=0,0,0,0 dropped=0,0,0,0
     latency   : target=0, window=0, percentile=100.00%, depth=16

Run status group 0 (all jobs):
  WRITE: bw=4817MiB/s (5052MB/s), 4817MiB/s-4817MiB/s (5052MB/s-5052MB/s), io=94.7GiB (102GB), run=20121-20121msec
