randrw_128k_16_4: (g=0): rw=randrw, bs=(R) 128KiB-128KiB, (W) 128KiB-128KiB, (T) 128KiB-128KiB, ioengine=io_uring, iodepth=16
...
fio-3.28
Starting 4 threads

randrw_128k_16_4: (groupid=0, jobs=4): err= 0: pid=36660: Fri Feb 24 02:37:56 2023
  read: IOPS=19.0k, BW=2373MiB/s (2488MB/s)(46.4GiB/20037msec)
    slat (nsec): min=6603, max=76194, avg=14030.60, stdev=2412.75
    clat (usec): min=154, max=2496.5k, avg=1800.16, stdev=27720.76
     lat (usec): min=167, max=2496.5k, avg=1814.32, stdev=27720.58
    clat percentiles (usec):
     |  1.00th=[    302],  5.00th=[    314], 10.00th=[    318],
     | 20.00th=[    326], 30.00th=[    330], 40.00th=[    338],
     | 50.00th=[    343], 60.00th=[    347], 70.00th=[    355],
     | 80.00th=[    363], 90.00th=[    388], 95.00th=[    424],
     | 99.00th=[    502], 99.50th=[    553], 99.90th=[ 429917],
     | 99.95th=[ 608175], 99.99th=[1027605]
   bw (  MiB/s): min= 1485, max= 3324, per=100.00%, avg=2376.99, stdev=102.15, samples=160
   iops        : min=11886, max=26592, avg=19015.85, stdev=817.19, samples=160
  write: IOPS=19.0k, BW=2378MiB/s (2494MB/s)(46.5GiB/20037msec); 0 zone resets
    slat (nsec): min=8502, max=89057, avg=21441.13, stdev=4364.73
    clat (usec): min=212, max=1964.3k, avg=1558.55, stdev=24904.09
     lat (usec): min=245, max=1964.3k, avg=1580.15, stdev=24904.03
    clat percentiles (usec):
     |  1.00th=[   306],  5.00th=[   314], 10.00th=[   322], 20.00th=[   326],
     | 30.00th=[   334], 40.00th=[   338], 50.00th=[   343], 60.00th=[   347],
     | 70.00th=[   355], 80.00th=[   363], 90.00th=[   388], 95.00th=[   429],
     | 99.00th=[   502], 99.50th=[   553], 99.90th=[408945], 99.95th=[599786],
     | 99.99th=[960496]
   bw (  MiB/s): min= 1451, max= 3319, per=100.00%, avg=2382.59, stdev=104.12, samples=160
   iops        : min=11614, max=26552, avg=19060.65, stdev=832.97, samples=160
  lat (usec)   : 250=0.01%, 500=98.97%, 750=0.66%
  lat (msec)   : 2=0.01%, 50=0.01%, 100=0.01%, 250=0.19%, 500=0.10%
  lat (msec)   : 750=0.04%, 1000=0.02%, 2000=0.01%, >=2000=0.01%
  cpu          : usr=5.52%, sys=15.57%, ctx=686348, majf=0, minf=0
  IO depths    : 1=0.0%, 2=0.0%, 4=0.0%, 8=0.0%, 16=100.0%, 32=0.0%, >=64=0.0%
     submit    : 0=0.0%, 4=100.0%, 8=0.0%, 16=0.0%, 32=0.0%, 64=0.0%, >=64=0.0%
     complete  : 0=0.0%, 4=100.0%, 8=0.0%, 16=0.1%, 32=0.0%, 64=0.0%, >=64=0.0%
     issued rwts: total=380305,381190,0,0 short=0,0,0,0 dropped=0,0,0,0
     latency   : target=0, window=0, percentile=100.00%, depth=16

Run status group 0 (all jobs):
   READ: bw=2373MiB/s (2488MB/s), 2373MiB/s-2373MiB/s (2488MB/s-2488MB/s), io=46.4GiB (49.9GB), run=20037-20037msec
  WRITE: bw=2378MiB/s (2494MB/s), 2378MiB/s-2378MiB/s (2494MB/s-2494MB/s), io=46.5GiB (50.0GB), run=20037-20037msec
