randrw_32k_4_2: (g=0): rw=randrw, bs=(R) 32.0KiB-32.0KiB, (W) 32.0KiB-32.0KiB, (T) 32.0KiB-32.0KiB, ioengine=io_uring, iodepth=4
...
fio-3.28
Starting 2 threads

randrw_32k_4_2: (groupid=0, jobs=2): err= 0: pid=32556: Fri Feb 24 01:51:46 2023
  read: IOPS=39.3k, BW=1229MiB/s (1288MB/s)(24.0GiB/20001msec)
    slat (nsec): min=5335, max=54248, avg=7982.53, stdev=1197.33
    clat (usec): min=52, max=228, avg=91.37, stdev=17.97
     lat (usec): min=61, max=236, avg=99.47, stdev=17.97
    clat percentiles (usec):
     |  1.00th=[   67],  5.00th=[   73], 10.00th=[   77], 20.00th=[   82],
     | 30.00th=[   84], 40.00th=[   87], 50.00th=[   89], 60.00th=[   91],
     | 70.00th=[   94], 80.00th=[   97], 90.00th=[  103], 95.00th=[  116],
     | 99.00th=[  172], 99.50th=[  180], 99.90th=[  198], 99.95th=[  202],
     | 99.99th=[  212]
   bw (  MiB/s): min= 1209, max= 1249, per=100.00%, avg=1228.75, stdev= 4.55, samples=80
   iops        : min=38712, max=39972, avg=39320.20, stdev=145.60, samples=80
  write: IOPS=39.3k, BW=1229MiB/s (1288MB/s)(24.0GiB/20001msec); 0 zone resets
    slat (nsec): min=6211, max=63161, avg=10200.98, stdev=1672.17
    clat (usec): min=39, max=211, avg=92.12, stdev=17.61
     lat (usec): min=65, max=221, avg=102.44, stdev=17.73
    clat percentiles (usec):
     |  1.00th=[   70],  5.00th=[   75], 10.00th=[   78], 20.00th=[   82],
     | 30.00th=[   85], 40.00th=[   87], 50.00th=[   90], 60.00th=[   92],
     | 70.00th=[   94], 80.00th=[   97], 90.00th=[  103], 95.00th=[  119],
     | 99.00th=[  169], 99.50th=[  178], 99.90th=[  188], 99.95th=[  192],
     | 99.99th=[  198]
   bw (  MiB/s): min= 1210, max= 1246, per=100.00%, avg=1228.61, stdev= 4.17, samples=80
   iops        : min=38728, max=39900, avg=39315.45, stdev=133.51, samples=80
  lat (usec)   : 50=0.01%, 100=86.24%, 250=13.76%
  cpu          : usr=12.15%, sys=37.80%, ctx=1151131, majf=0, minf=0
  IO depths    : 1=0.0%, 2=0.0%, 4=100.0%, 8=0.0%, 16=0.0%, 32=0.0%, >=64=0.0%
     submit    : 0=0.0%, 4=100.0%, 8=0.0%, 16=0.0%, 32=0.0%, 64=0.0%, >=64=0.0%
     complete  : 0=0.0%, 4=100.0%, 8=0.0%, 16=0.0%, 32=0.0%, 64=0.0%, >=64=0.0%
     issued rwts: total=786368,786277,0,0 short=0,0,0,0 dropped=0,0,0,0
     latency   : target=0, window=0, percentile=100.00%, depth=4

Run status group 0 (all jobs):
   READ: bw=1229MiB/s (1288MB/s), 1229MiB/s-1229MiB/s (1288MB/s-1288MB/s), io=24.0GiB (25.8GB), run=20001-20001msec
  WRITE: bw=1229MiB/s (1288MB/s), 1229MiB/s-1229MiB/s (1288MB/s-1288MB/s), io=24.0GiB (25.8GB), run=20001-20001msec
