read_32k_1_4: (g=0): rw=read, bs=(R) 32.0KiB-32.0KiB, (W) 32.0KiB-32.0KiB, (T) 32.0KiB-32.0KiB, ioengine=io_uring, iodepth=1
...
fio-3.28
Starting 4 threads

read_32k_1_4: (groupid=0, jobs=4): err= 0: pid=44084: Fri Feb 24 03:49:00 2023
  read: IOPS=53.9k, BW=1683MiB/s (1765MB/s)(32.9GiB/20001msec)
    slat (nsec): min=6564, max=57624, avg=7643.05, stdev=699.37
    clat (usec): min=15, max=224, avg=65.77, stdev=12.89
     lat (usec): min=58, max=232, avg=73.54, stdev=12.88
    clat percentiles (usec):
     |  1.00th=[   55],  5.00th=[   61], 10.00th=[   62], 20.00th=[   62],
     | 30.00th=[   62], 40.00th=[   63], 50.00th=[   63], 60.00th=[   63],
     | 70.00th=[   64], 80.00th=[   64], 90.00th=[   70], 95.00th=[   97],
     | 99.00th=[  125], 99.50th=[  128], 99.90th=[  141], 99.95th=[  159],
     | 99.99th=[  194]
   bw (  MiB/s): min= 1416, max= 1701, per=100.00%, avg=1683.52, stdev=11.26, samples=160
   iops        : min=45330, max=54452, avg=53872.65, stdev=360.43, samples=160
  lat (usec)   : 20=0.01%, 50=0.01%, 100=95.19%, 250=4.81%
  cpu          : usr=3.15%, sys=13.09%, ctx=1077424, majf=0, minf=0
  IO depths    : 1=100.0%, 2=0.0%, 4=0.0%, 8=0.0%, 16=0.0%, 32=0.0%, >=64=0.0%
     submit    : 0=0.0%, 4=100.0%, 8=0.0%, 16=0.0%, 32=0.0%, 64=0.0%, >=64=0.0%
     complete  : 0=0.0%, 4=100.0%, 8=0.0%, 16=0.0%, 32=0.0%, 64=0.0%, >=64=0.0%
     issued rwts: total=1077418,0,0,0 short=0,0,0,0 dropped=0,0,0,0
     latency   : target=0, window=0, percentile=100.00%, depth=1

Run status group 0 (all jobs):
   READ: bw=1683MiB/s (1765MB/s), 1683MiB/s-1683MiB/s (1765MB/s-1765MB/s), io=32.9GiB (35.3GB), run=20001-20001msec
