write_128k_1_4: (g=0): rw=write, bs=(R) 128KiB-128KiB, (W) 128KiB-128KiB, (T) 128KiB-128KiB, ioengine=io_uring, iodepth=1
...
fio-3.28
Starting 4 threads

write_128k_1_4: (groupid=0, jobs=4): err= 0: pid=61411: Fri Feb 24 06:31:19 2023
  write: IOPS=19.9k, BW=2485MiB/s (2605MB/s)(48.5GiB/20001msec); 0 zone resets
    slat (nsec): min=11944, max=50564, avg=15637.17, stdev=1661.40
    clat (usec): min=145, max=1463, avg=184.68, stdev=20.76
     lat (usec): min=163, max=1487, avg=200.45, stdev=20.75
    clat percentiles (usec):
     |  1.00th=[  174],  5.00th=[  176], 10.00th=[  176], 20.00th=[  178],
     | 30.00th=[  178], 40.00th=[  178], 50.00th=[  180], 60.00th=[  180],
     | 70.00th=[  182], 80.00th=[  182], 90.00th=[  192], 95.00th=[  239],
     | 99.00th=[  262], 99.50th=[  293], 99.90th=[  322], 99.95th=[  363],
     | 99.99th=[  412]
   bw (  MiB/s): min= 2010, max= 2506, per=100.00%, avg=2484.81, stdev=19.72, samples=160
   iops        : min=16084, max=20050, avg=19878.45, stdev=157.79, samples=160
  lat (usec)   : 250=98.57%, 500=1.42%, 1000=0.01%
  lat (msec)   : 2=0.01%
  cpu          : usr=1.83%, sys=8.23%, ctx=397561, majf=0, minf=0
  IO depths    : 1=100.0%, 2=0.0%, 4=0.0%, 8=0.0%, 16=0.0%, 32=0.0%, >=64=0.0%
     submit    : 0=0.0%, 4=100.0%, 8=0.0%, 16=0.0%, 32=0.0%, 64=0.0%, >=64=0.0%
     complete  : 0=0.0%, 4=100.0%, 8=0.0%, 16=0.0%, 32=0.0%, 64=0.0%, >=64=0.0%
     issued rwts: total=0,397555,0,0 short=0,0,0,0 dropped=0,0,0,0
     latency   : target=0, window=0, percentile=100.00%, depth=1

Run status group 0 (all jobs):
  WRITE: bw=2485MiB/s (2605MB/s), 2485MiB/s-2485MiB/s (2605MB/s-2605MB/s), io=48.5GiB (52.1GB), run=20001-20001msec
