read_32k_32_16: (g=0): rw=read, bs=(R) 32.0KiB-32.0KiB, (W) 32.0KiB-32.0KiB, (T) 32.0KiB-32.0KiB, ioengine=io_uring, iodepth=32
...
fio-3.28
Starting 16 threads

read_32k_32_16: (groupid=0, jobs=16): err= 0: pid=45365: Fri Feb 24 04:02:40 2023
  read: IOPS=155k, BW=4846MiB/s (5082MB/s)(95.1GiB/20104msec)
    slat (usec): min=4, max=127, avg= 8.77, stdev= 4.06
    clat (usec): min=49, max=1592.3k, avg=3317.15, stdev=32300.18
     lat (usec): min=54, max=1592.3k, avg=3326.06, stdev=32299.99
    clat percentiles (usec):
     |  1.00th=[   265],  5.00th=[   273], 10.00th=[   277], 20.00th=[   281],
     | 30.00th=[   285], 40.00th=[   293], 50.00th=[   297], 60.00th=[   302],
     | 70.00th=[   306], 80.00th=[   310], 90.00th=[   314], 95.00th=[   322],
     | 99.00th=[   392], 99.50th=[299893], 99.90th=[358613], 99.95th=[566232],
     | 99.99th=[650118]
   bw (  MiB/s): min= 3533, max= 6188, per=100.00%, avg=4871.06, stdev=37.56, samples=640
   iops        : min=113058, max=198044, avg=155873.57, stdev=1202.01, samples=640
  lat (usec)   : 50=0.01%, 100=0.01%, 250=0.01%, 500=99.06%, 750=0.01%
  lat (msec)   : 2=0.01%, 100=0.01%, 250=0.02%, 500=0.85%, 750=0.06%
  lat (msec)   : 1000=0.01%, 2000=0.01%
  cpu          : usr=2.42%, sys=10.49%, ctx=2920790, majf=0, minf=0
  IO depths    : 1=0.0%, 2=0.0%, 4=0.0%, 8=0.0%, 16=0.0%, 32=100.0%, >=64=0.0%
     submit    : 0=0.0%, 4=100.0%, 8=0.0%, 16=0.0%, 32=0.0%, 64=0.0%, >=64=0.0%
     complete  : 0=0.0%, 4=100.0%, 8=0.0%, 16=0.0%, 32=0.1%, 64=0.0%, >=64=0.0%
     issued rwts: total=3117345,0,0,0 short=0,0,0,0 dropped=0,0,0,0
     latency   : target=0, window=0, percentile=100.00%, depth=32

Run status group 0 (all jobs):
   READ: bw=4846MiB/s (5082MB/s), 4846MiB/s-4846MiB/s (5082MB/s-5082MB/s), io=95.1GiB (102GB), run=20104-20104msec
