randrw_8k_1_2: (g=0): rw=randrw, bs=(R) 8192B-8192B, (W) 8192B-8192B, (T) 8192B-8192B, ioengine=io_uring, iodepth=1
...
fio-3.28
Starting 2 threads

randrw_8k_1_2: (groupid=0, jobs=2): err= 0: pid=27672: Fri Feb 24 01:06:02 2023
  read: IOPS=20.9k, BW=163MiB/s (171MB/s)(3263MiB/20001msec)
    slat (nsec): min=4572, max=26555, avg=5462.31, stdev=555.92
    clat (usec): min=24, max=800, avg=39.08, stdev=10.81
     lat (usec): min=37, max=806, avg=44.67, stdev=10.80
    clat percentiles (usec):
     |  1.00th=[   36],  5.00th=[   36], 10.00th=[   36], 20.00th=[   37],
     | 30.00th=[   37], 40.00th=[   37], 50.00th=[   37], 60.00th=[   37],
     | 70.00th=[   37], 80.00th=[   38], 90.00th=[   41], 95.00th=[   50],
     | 99.00th=[   97], 99.50th=[  100], 99.90th=[  104], 99.95th=[  105],
     | 99.99th=[  110]
   bw (  KiB/s): min=162832, max=170336, per=100.00%, avg=167049.58, stdev=874.57, samples=80
   iops        : min=20354, max=21292, avg=20881.17, stdev=109.32, samples=80
  write: IOPS=20.9k, BW=163MiB/s (171MB/s)(3267MiB/20001msec); 0 zone resets
    slat (nsec): min=5124, max=20735, avg=6210.67, stdev=593.50
    clat (usec): min=29, max=879, avg=43.12, stdev=10.92
     lat (usec): min=43, max=886, avg=49.46, stdev=10.94
    clat percentiles (usec):
     |  1.00th=[   40],  5.00th=[   40], 10.00th=[   40], 20.00th=[   41],
     | 30.00th=[   41], 40.00th=[   41], 50.00th=[   41], 60.00th=[   41],
     | 70.00th=[   41], 80.00th=[   42], 90.00th=[   44], 95.00th=[   53],
     | 99.00th=[  100], 99.50th=[  102], 99.90th=[  105], 99.95th=[  106],
     | 99.99th=[  111]
   bw (  KiB/s): min=163712, max=171424, per=100.00%, avg=167295.52, stdev=835.73, samples=80
   iops        : min=20464, max=21428, avg=20911.93, stdev=104.48, samples=80
  lat (usec)   : 50=94.27%, 100=5.00%, 250=0.73%, 750=0.01%, 1000=0.01%
  cpu          : usr=5.71%, sys=15.70%, ctx=835835, majf=0, minf=0
  IO depths    : 1=100.0%, 2=0.0%, 4=0.0%, 8=0.0%, 16=0.0%, 32=0.0%, >=64=0.0%
     submit    : 0=0.0%, 4=100.0%, 8=0.0%, 16=0.0%, 32=0.0%, 64=0.0%, >=64=0.0%
     complete  : 0=0.0%, 4=100.0%, 8=0.0%, 16=0.0%, 32=0.0%, 64=0.0%, >=64=0.0%
     issued rwts: total=417608,418225,0,0 short=0,0,0,0 dropped=0,0,0,0
     latency   : target=0, window=0, percentile=100.00%, depth=1

Run status group 0 (all jobs):
   READ: bw=163MiB/s (171MB/s), 163MiB/s-163MiB/s (171MB/s-171MB/s), io=3263MiB (3421MB), run=20001-20001msec
  WRITE: bw=163MiB/s (171MB/s), 163MiB/s-163MiB/s (171MB/s-171MB/s), io=3267MiB (3426MB), run=20001-20001msec
