randrw_4k_32_2: (g=0): rw=randrw, bs=(R) 4096B-4096B, (W) 4096B-4096B, (T) 4096B-4096B, ioengine=io_uring, iodepth=32
...
fio-3.28
Starting 2 threads

randrw_4k_32_2: (groupid=0, jobs=2): err= 0: pid=27023: Fri Feb 24 00:58:26 2023
  read: IOPS=125k, BW=486MiB/s (510MB/s)(9729MiB/20001msec)
    slat (nsec): min=3141, max=58565, avg=6087.30, stdev=2904.69
    clat (usec): min=94, max=1381, avg=320.15, stdev=36.21
     lat (usec): min=100, max=1385, avg=326.35, stdev=36.24
    clat percentiles (usec):
     |  1.00th=[  229],  5.00th=[  253], 10.00th=[  273], 20.00th=[  293],
     | 30.00th=[  306], 40.00th=[  314], 50.00th=[  322], 60.00th=[  330],
     | 70.00th=[  338], 80.00th=[  351], 90.00th=[  363], 95.00th=[  375],
     | 99.00th=[  396], 99.50th=[  404], 99.90th=[  424], 99.95th=[  433],
     | 99.99th=[  469]
   bw (  KiB/s): min=490720, max=501752, per=100.00%, avg=498144.72, stdev=1126.76, samples=80
   iops        : min=122680, max=125438, avg=124536.15, stdev=281.68, samples=80
  write: IOPS=124k, BW=486MiB/s (509MB/s)(9718MiB/20001msec); 0 zone resets
    slat (nsec): min=3868, max=59910, avg=7477.29, stdev=3365.50
    clat (usec): min=72, max=1276, avg=178.91, stdev=32.95
     lat (usec): min=79, max=1281, avg=186.50, stdev=32.77
    clat percentiles (usec):
     |  1.00th=[  115],  5.00th=[  129], 10.00th=[  137], 20.00th=[  149],
     | 30.00th=[  161], 40.00th=[  169], 50.00th=[  178], 60.00th=[  188],
     | 70.00th=[  196], 80.00th=[  208], 90.00th=[  223], 95.00th=[  235],
     | 99.00th=[  253], 99.50th=[  260], 99.90th=[  277], 99.95th=[  289],
     | 99.99th=[  322]
   bw (  KiB/s): min=492528, max=502824, per=100.00%, avg=497578.05, stdev=1283.32, samples=80
   iops        : min=123132, max=125706, avg=124394.52, stdev=320.82, samples=80
  lat (usec)   : 100=0.05%, 250=51.42%, 500=48.53%, 750=0.01%, 1000=0.01%
  lat (msec)   : 2=0.01%
  cpu          : usr=20.31%, sys=77.38%, ctx=156046, majf=0, minf=0
  IO depths    : 1=0.0%, 2=0.0%, 4=0.0%, 8=0.0%, 16=0.0%, 32=100.0%, >=64=0.0%
     submit    : 0=0.0%, 4=100.0%, 8=0.0%, 16=0.0%, 32=0.0%, 64=0.0%, >=64=0.0%
     complete  : 0=0.0%, 4=100.0%, 8=0.0%, 16=0.0%, 32=0.1%, 64=0.0%, >=64=0.0%
     issued rwts: total=2490610,2487772,0,0 short=0,0,0,0 dropped=0,0,0,0
     latency   : target=0, window=0, percentile=100.00%, depth=32

Run status group 0 (all jobs):
   READ: bw=486MiB/s (510MB/s), 486MiB/s-486MiB/s (510MB/s-510MB/s), io=9729MiB (10.2GB), run=20001-20001msec
  WRITE: bw=486MiB/s (509MB/s), 486MiB/s-486MiB/s (509MB/s-509MB/s), io=9718MiB (10.2GB), run=20001-20001msec
