randrw_1_1_1: (g=0): rw=randrw, bs=(R) 1B-1B, (W) 1B-1B, (T) 1B-1B, ioengine=io_uring, iodepth=1
fio-3.28
Starting 1 thread

randrw_1_1_1: (groupid=0, jobs=1): err= 0: pid=24220: Fri Feb 24 00:25:03 2023
  read: IOPS=11.9k, BW=11.6KiB/s (11.9kB/s)(232KiB/20001msec)
    slat (nsec): min=3971, max=24621, avg=4724.72, stdev=517.33
    clat (usec): min=23, max=154, avg=34.53, stdev= 9.08
     lat (usec): min=35, max=158, avg=39.37, stdev= 9.10
    clat percentiles (nsec):
     |  1.00th=[31616],  5.00th=[31872], 10.00th=[32128], 20.00th=[32384],
     | 30.00th=[32640], 40.00th=[32640], 50.00th=[33024], 60.00th=[33024],
     | 70.00th=[33024], 80.00th=[33024], 90.00th=[33536], 95.00th=[33536],
     | 99.00th=[88576], 99.50th=[91648], 99.90th=[92672], 99.95th=[93696],
     | 99.99th=[97792]
   bw (  KiB/s): min=   11, max=   11, per=94.93%, avg=11.00, stdev= 0.00, samples=40
   iops        : min=11654, max=12134, avg=11867.12, stdev=118.98, samples=40
  write: IOPS=11.8k, BW=11.6KiB/s (11.8kB/s)(231KiB/20001msec); 0 zone resets
    slat (nsec): min=4434, max=23535, avg=5184.02, stdev=529.87
    clat (usec): min=25, max=980, avg=38.14, stdev= 9.97
     lat (usec): min=39, max=985, avg=43.44, stdev= 9.99
    clat percentiles (usec):
     |  1.00th=[   36],  5.00th=[   36], 10.00th=[   36], 20.00th=[   36],
     | 30.00th=[   37], 40.00th=[   37], 50.00th=[   37], 60.00th=[   37],
     | 70.00th=[   37], 80.00th=[   37], 90.00th=[   37], 95.00th=[   39],
     | 99.00th=[   93], 99.50th=[   95], 99.90th=[   97], 99.95th=[   97],
     | 99.99th=[  102]
   bw (  KiB/s): min=   11, max=   11, per=95.09%, avg=11.00, stdev= 0.00, samples=40
   iops        : min=11644, max=12090, avg=11847.92, stdev=104.03, samples=40
  lat (usec)   : 50=95.73%, 100=4.26%, 250=0.01%, 1000=0.01%
  cpu          : usr=5.58%, sys=17.26%, ctx=474289, majf=0, minf=0
  IO depths    : 1=100.0%, 2=0.0%, 4=0.0%, 8=0.0%, 16=0.0%, 32=0.0%, >=64=0.0%
     submit    : 0=0.0%, 4=100.0%, 8=0.0%, 16=0.0%, 32=0.0%, 64=0.0%, >=64=0.0%
     complete  : 0=0.0%, 4=100.0%, 8=0.0%, 16=0.0%, 32=0.0%, 64=0.0%, >=64=0.0%
     issued rwts: total=237336,236951,0,0 short=0,0,0,0 dropped=0,0,0,0
     latency   : target=0, window=0, percentile=100.00%, depth=1

Run status group 0 (all jobs):
   READ: bw=11.6KiB/s (11.9kB/s), 11.6KiB/s-11.6KiB/s (11.9kB/s-11.9kB/s), io=232KiB (237kB), run=20001-20001msec
  WRITE: bw=11.6KiB/s (11.8kB/s), 11.6KiB/s-11.6KiB/s (11.8kB/s-11.8kB/s), io=231KiB (237kB), run=20001-20001msec
