write_16k_16_1: (g=0): rw=write, bs=(R) 16.0KiB-16.0KiB, (W) 16.0KiB-16.0KiB, (T) 16.0KiB-16.0KiB, ioengine=io_uring, iodepth=16
fio-3.28
Starting 1 thread

write_16k_16_1: (groupid=0, jobs=1): err= 0: pid=56949: Fri Feb 24 05:39:35 2023
  write: IOPS=119k, BW=1865MiB/s (1955MB/s)(36.4GiB/20001msec); 0 zone resets
    slat (nsec): min=4740, max=99059, avg=6801.78, stdev=1131.84
    clat (usec): min=87, max=317, avg=126.60, stdev=23.54
     lat (usec): min=93, max=323, avg=133.52, stdev=23.45
    clat percentiles (usec):
     |  1.00th=[  110],  5.00th=[  112], 10.00th=[  114], 20.00th=[  116],
     | 30.00th=[  117], 40.00th=[  119], 50.00th=[  121], 60.00th=[  122],
     | 70.00th=[  125], 80.00th=[  128], 90.00th=[  143], 95.00th=[  186],
     | 99.00th=[  225], 99.50th=[  229], 99.90th=[  245], 99.95th=[  262],
     | 99.99th=[  281]
   bw (  MiB/s): min= 1721, max= 1873, per=100.00%, avg=1864.75, stdev=24.36, samples=40
   iops        : min=110188, max=119893, avg=119343.93, stdev=1558.58, samples=40
  lat (usec)   : 100=0.01%, 250=99.92%, 500=0.08%
  cpu          : usr=18.75%, sys=74.22%, ctx=79444, majf=0, minf=0
  IO depths    : 1=0.0%, 2=0.0%, 4=0.0%, 8=0.0%, 16=100.0%, 32=0.0%, >=64=0.0%
     submit    : 0=0.0%, 4=100.0%, 8=0.0%, 16=0.0%, 32=0.0%, 64=0.0%, >=64=0.0%
     complete  : 0=0.0%, 4=100.0%, 8=0.0%, 16=0.1%, 32=0.0%, 64=0.0%, >=64=0.0%
     issued rwts: total=0,2386768,0,0 short=0,0,0,0 dropped=0,0,0,0
     latency   : target=0, window=0, percentile=100.00%, depth=16

Run status group 0 (all jobs):
  WRITE: bw=1865MiB/s (1955MB/s), 1865MiB/s-1865MiB/s (1955MB/s-1955MB/s), io=36.4GiB (39.1GB), run=20001-20001msec
