write_64k_64_4: (g=0): rw=write, bs=(R) 64.0KiB-64.0KiB, (W) 64.0KiB-64.0KiB, (T) 64.0KiB-64.0KiB, ioengine=io_uring, iodepth=64
...
fio-3.28
Starting 4 threads

write_64k_64_4: (groupid=0, jobs=4): err= 0: pid=60988: Fri Feb 24 06:26:11 2023
  write: IOPS=71.2k, BW=4450MiB/s (4666MB/s)(87.3GiB/20098msec); 0 zone resets
    slat (usec): min=6, max=170, avg=21.09, stdev= 7.62
    clat (usec): min=131, max=4800.4k, avg=3667.59, stdev=55969.73
     lat (usec): min=156, max=4800.4k, avg=3688.82, stdev=55969.70
    clat percentiles (usec):
     |  1.00th=[    255],  5.00th=[    281], 10.00th=[    293],
     | 20.00th=[    306], 30.00th=[    314], 40.00th=[    322],
     | 50.00th=[    326], 60.00th=[    330], 70.00th=[    338],
     | 80.00th=[    347], 90.00th=[    363], 95.00th=[    392],
     | 99.00th=[    449], 99.50th=[    498], 99.90th=[1044382],
     | 99.95th=[1166017], 99.99th=[1769997]
   bw (  MiB/s): min= 3477, max= 5537, per=100.00%, avg=4471.29, stdev=103.52, samples=160
   iops        : min=55646, max=88598, avg=71540.60, stdev=1656.26, samples=160
  lat (usec)   : 250=0.78%, 500=98.74%, 750=0.05%
  lat (msec)   : 2=0.01%, 100=0.01%, 250=0.01%, 500=0.04%, 750=0.29%
  lat (msec)   : 1000=0.01%, 2000=0.10%, >=2000=0.01%
  cpu          : usr=5.31%, sys=38.21%, ctx=927048, majf=0, minf=0
  IO depths    : 1=0.0%, 2=0.0%, 4=0.0%, 8=0.0%, 16=0.0%, 32=0.0%, >=64=100.0%
     submit    : 0=0.0%, 4=100.0%, 8=0.0%, 16=0.0%, 32=0.0%, 64=0.0%, >=64=0.0%
     complete  : 0=0.0%, 4=100.0%, 8=0.0%, 16=0.0%, 32=0.0%, 64=0.1%, >=64=0.0%
     issued rwts: total=0,1430736,0,0 short=0,0,0,0 dropped=0,0,0,0
     latency   : target=0, window=0, percentile=100.00%, depth=64

Run status group 0 (all jobs):
  WRITE: bw=4450MiB/s (4666MB/s), 4450MiB/s-4450MiB/s (4666MB/s-4666MB/s), io=87.3GiB (93.8GB), run=20098-20098msec
