randrw_128k_1_1: (g=0): rw=randrw, bs=(R) 128KiB-128KiB, (W) 128KiB-128KiB, (T) 128KiB-128KiB, ioengine=io_uring, iodepth=1
fio-3.28
Starting 1 thread

randrw_128k_1_1: (groupid=0, jobs=1): err= 0: pid=35731: Fri Feb 24 02:26:48 2023
  read: IOPS=3463, BW=433MiB/s (454MB/s)(8660MiB/20001msec)
    slat (nsec): min=14263, max=21645, avg=14847.16, stdev=560.12
    clat (usec): min=114, max=294, avg=124.81, stdev=15.46
     lat (usec): min=132, max=308, avg=139.77, stdev=15.45
    clat percentiles (usec):
     |  1.00th=[  119],  5.00th=[  119], 10.00th=[  119], 20.00th=[  120],
     | 30.00th=[  120], 40.00th=[  120], 50.00th=[  120], 60.00th=[  120],
     | 70.00th=[  120], 80.00th=[  121], 90.00th=[  149], 95.00th=[  161],
     | 99.00th=[  182], 99.50th=[  194], 99.90th=[  225], 99.95th=[  258],
     | 99.99th=[  277]
   bw (  KiB/s): min=352448, max=468224, per=100.00%, avg=443371.20, stdev=17405.50, samples=40
   iops        : min= 2753, max= 3658, avg=3463.82, stdev=136.05, samples=40
  write: IOPS=3452, BW=432MiB/s (453MB/s)(8633MiB/20001msec); 0 zone resets
    slat (nsec): min=15912, max=40632, avg=21729.39, stdev=3023.06
    clat (usec): min=109, max=745, avg=125.85, stdev=14.70
     lat (usec): min=135, max=767, avg=147.71, stdev=14.98
    clat percentiles (usec):
     |  1.00th=[  121],  5.00th=[  121], 10.00th=[  121], 20.00th=[  121],
     | 30.00th=[  121], 40.00th=[  121], 50.00th=[  122], 60.00th=[  122],
     | 70.00th=[  122], 80.00th=[  122], 90.00th=[  143], 95.00th=[  157],
     | 99.00th=[  184], 99.50th=[  194], 99.90th=[  233], 99.95th=[  251],
     | 99.99th=[  269]
   bw (  KiB/s): min=356296, max=465920, per=100.00%, avg=442008.20, stdev=16846.70, samples=40
   iops        : min= 2783, max= 3640, avg=3453.17, stdev=131.69, samples=40
  lat (usec)   : 250=99.94%, 500=0.06%, 750=0.01%
  cpu          : usr=3.73%, sys=12.13%, ctx=138341, majf=0, minf=0
  IO depths    : 1=100.0%, 2=0.0%, 4=0.0%, 8=0.0%, 16=0.0%, 32=0.0%, >=64=0.0%
     submit    : 0=0.0%, 4=100.0%, 8=0.0%, 16=0.0%, 32=0.0%, 64=0.0%, >=64=0.0%
     complete  : 0=0.0%, 4=100.0%, 8=0.0%, 16=0.0%, 32=0.0%, 64=0.0%, >=64=0.0%
     issued rwts: total=69277,69061,0,0 short=0,0,0,0 dropped=0,0,0,0
     latency   : target=0, window=0, percentile=100.00%, depth=1

Run status group 0 (all jobs):
   READ: bw=433MiB/s (454MB/s), 433MiB/s-433MiB/s (454MB/s-454MB/s), io=8660MiB (9080MB), run=20001-20001msec
  WRITE: bw=432MiB/s (453MB/s), 432MiB/s-432MiB/s (453MB/s-453MB/s), io=8633MiB (9052MB), run=20001-20001msec
