write_32k_1_2: (g=0): rw=write, bs=(R) 32.0KiB-32.0KiB, (W) 32.0KiB-32.0KiB, (T) 32.0KiB-32.0KiB, ioengine=io_uring, iodepth=1
...
fio-3.28
Starting 2 threads

write_32k_1_2: (groupid=0, jobs=2): err= 0: pid=57937: Fri Feb 24 05:50:13 2023
  write: IOPS=28.3k, BW=883MiB/s (926MB/s)(17.3GiB/20001msec); 0 zone resets
    slat (nsec): min=7544, max=40276, avg=8439.39, stdev=654.37
    clat (usec): min=36, max=179, avg=61.48, stdev=12.73
     lat (usec): min=64, max=187, avg=70.04, stdev=12.78
    clat percentiles (usec):
     |  1.00th=[   57],  5.00th=[   58], 10.00th=[   58], 20.00th=[   58],
     | 30.00th=[   59], 40.00th=[   59], 50.00th=[   59], 60.00th=[   59],
     | 70.00th=[   59], 80.00th=[   60], 90.00th=[   61], 95.00th=[   96],
     | 99.00th=[  123], 99.50th=[  126], 99.90th=[  131], 99.95th=[  131],
     | 99.99th=[  135]
   bw (  KiB/s): min=902848, max=907584, per=100.00%, avg=904621.25, stdev=533.24, samples=80
   iops        : min=28214, max=28362, avg=28269.35, stdev=16.61, samples=80
  lat (usec)   : 50=0.01%, 100=95.56%, 250=4.44%
  cpu          : usr=3.83%, sys=14.37%, ctx=565374, majf=0, minf=0
  IO depths    : 1=100.0%, 2=0.0%, 4=0.0%, 8=0.0%, 16=0.0%, 32=0.0%, >=64=0.0%
     submit    : 0=0.0%, 4=100.0%, 8=0.0%, 16=0.0%, 32=0.0%, 64=0.0%, >=64=0.0%
     complete  : 0=0.0%, 4=100.0%, 8=0.0%, 16=0.0%, 32=0.0%, 64=0.0%, >=64=0.0%
     issued rwts: total=0,565367,0,0 short=0,0,0,0 dropped=0,0,0,0
     latency   : target=0, window=0, percentile=100.00%, depth=1

Run status group 0 (all jobs):
  WRITE: bw=883MiB/s (926MB/s), 883MiB/s-883MiB/s (926MB/s-926MB/s), io=17.3GiB (18.5GB), run=20001-20001msec
