read_32k_1_1: (g=0): rw=read, bs=(R) 32.0KiB-32.0KiB, (W) 32.0KiB-32.0KiB, (T) 32.0KiB-32.0KiB, ioengine=io_uring, iodepth=1
fio-3.28
Starting 1 thread

read_32k_1_1: (groupid=0, jobs=1): err= 0: pid=44008: Fri Feb 24 03:47:59 2023
  read: IOPS=15.6k, BW=487MiB/s (511MB/s)(9743MiB/20001msec)
    slat (nsec): min=7015, max=26529, avg=7448.74, stdev=541.76
    clat (usec): min=38, max=659, avg=55.91, stdev= 8.96
     lat (usec): min=59, max=666, avg=63.48, stdev= 8.99
    clat percentiles (usec):
     |  1.00th=[   53],  5.00th=[   53], 10.00th=[   53], 20.00th=[   54],
     | 30.00th=[   54], 40.00th=[   54], 50.00th=[   54], 60.00th=[   54],
     | 70.00th=[   55], 80.00th=[   55], 90.00th=[   55], 95.00th=[   80],
     | 99.00th=[   94], 99.50th=[  110], 99.90th=[  127], 99.95th=[  147],
     | 99.99th=[  167]
   bw (  KiB/s): min=413883, max=503872, per=100.00%, avg=498830.28, stdev=14092.39, samples=40
   iops        : min=12933, max=15746, avg=15588.42, stdev=440.52, samples=40
  lat (usec)   : 50=0.01%, 100=99.29%, 250=0.70%, 500=0.01%, 750=0.01%
  cpu          : usr=3.77%, sys=14.61%, ctx=311761, majf=0, minf=0
  IO depths    : 1=100.0%, 2=0.0%, 4=0.0%, 8=0.0%, 16=0.0%, 32=0.0%, >=64=0.0%
     submit    : 0=0.0%, 4=100.0%, 8=0.0%, 16=0.0%, 32=0.0%, 64=0.0%, >=64=0.0%
     complete  : 0=0.0%, 4=100.0%, 8=0.0%, 16=0.0%, 32=0.0%, 64=0.0%, >=64=0.0%
     issued rwts: total=311760,0,0,0 short=0,0,0,0 dropped=0,0,0,0
     latency   : target=0, window=0, percentile=100.00%, depth=1

Run status group 0 (all jobs):
   READ: bw=487MiB/s (511MB/s), 487MiB/s-487MiB/s (511MB/s-511MB/s), io=9743MiB (10.2GB), run=20001-20001msec
