write_8k_32_1: (g=0): rw=write, bs=(R) 8192B-8192B, (W) 8192B-8192B, (T) 8192B-8192B, ioengine=io_uring, iodepth=32
fio-3.28
Starting 1 thread

write_8k_32_1: (groupid=0, jobs=1): err= 0: pid=54434: Fri Feb 24 05:21:53 2023
  write: IOPS=153k, BW=1195MiB/s (1253MB/s)(23.3GiB/20001msec); 0 zone resets
    slat (nsec): min=3647, max=48476, avg=5704.95, stdev=937.62
    clat (usec): min=61, max=1072, avg=202.81, stdev= 8.00
     lat (usec): min=68, max=1076, avg=208.63, stdev= 8.00
    clat percentiles (usec):
     |  1.00th=[  180],  5.00th=[  188], 10.00th=[  194], 20.00th=[  200],
     | 30.00th=[  202], 40.00th=[  202], 50.00th=[  204], 60.00th=[  204],
     | 70.00th=[  206], 80.00th=[  206], 90.00th=[  210], 95.00th=[  215],
     | 99.00th=[  225], 99.50th=[  231], 99.90th=[  243], 99.95th=[  245],
     | 99.99th=[  253]
   bw (  MiB/s): min= 1186, max= 1197, per=100.00%, avg=1195.22, stdev= 2.10, samples=40
   iops        : min=151914, max=153236, avg=152988.47, stdev=268.97, samples=40
  lat (usec)   : 100=0.01%, 250=99.98%, 500=0.02%, 1000=0.01%
  lat (msec)   : 2=0.01%
  cpu          : usr=22.57%, sys=77.30%, ctx=3007, majf=0, minf=0
  IO depths    : 1=0.0%, 2=0.0%, 4=0.0%, 8=0.0%, 16=0.0%, 32=100.0%, >=64=0.0%
     submit    : 0=0.0%, 4=100.0%, 8=0.0%, 16=0.0%, 32=0.0%, 64=0.0%, >=64=0.0%
     complete  : 0=0.0%, 4=100.0%, 8=0.0%, 16=0.0%, 32=0.1%, 64=0.0%, >=64=0.0%
     issued rwts: total=0,3059649,0,0 short=0,0,0,0 dropped=0,0,0,0
     latency   : target=0, window=0, percentile=100.00%, depth=32

Run status group 0 (all jobs):
  WRITE: bw=1195MiB/s (1253MB/s), 1195MiB/s-1195MiB/s (1253MB/s-1253MB/s), io=23.3GiB (25.1GB), run=20001-20001msec
