randrw_4k_1_16: (g=0): rw=randrw, bs=(R) 4096B-4096B, (W) 4096B-4096B, (T) 4096B-4096B, ioengine=io_uring, iodepth=1
...
fio-3.28
Starting 16 threads

randrw_4k_1_16: (groupid=0, jobs=16): err= 0: pid=26087: Fri Feb 24 00:47:19 2023
  read: IOPS=89.6k, BW=350MiB/s (367MB/s)(7002MiB/20001msec)
    slat (usec): min=4, max=364, avg= 6.36, stdev= 1.38
    clat (nsec): min=400, max=276039, avg=87081.31, stdev=22285.98
     lat (usec): min=38, max=365, avg=93.60, stdev=22.24
    clat percentiles (usec):
     |  1.00th=[   68],  5.00th=[   72], 10.00th=[   73], 20.00th=[   76],
     | 30.00th=[   78], 40.00th=[   80], 50.00th=[   82], 60.00th=[   85],
     | 70.00th=[   87], 80.00th=[   91], 90.00th=[   99], 95.00th=[  137],
     | 99.00th=[  190], 99.50th=[  200], 99.90th=[  217], 99.95th=[  221],
     | 99.99th=[  233]
   bw (  KiB/s): min=348636, max=368328, per=100.00%, avg=358539.43, stdev=290.51, samples=640
   iops        : min=87156, max=92082, avg=89634.65, stdev=72.64, samples=640
  write: IOPS=89.8k, BW=351MiB/s (368MB/s)(7018MiB/20001msec); 0 zone resets
    slat (usec): min=4, max=413, avg= 7.82, stdev= 2.25
    clat (nsec): min=383, max=504478, avg=74510.52, stdev=19130.17
     lat (usec): min=43, max=510, avg=82.49, stdev=19.27
    clat percentiles (usec):
     |  1.00th=[   53],  5.00th=[   58], 10.00th=[   62], 20.00th=[   65],
     | 30.00th=[   68], 40.00th=[   70], 50.00th=[   72], 60.00th=[   74],
     | 70.00th=[   76], 80.00th=[   78], 90.00th=[   82], 95.00th=[  126],
     | 99.00th=[  161], 99.50th=[  169], 99.90th=[  182], 99.95th=[  186],
     | 99.99th=[  196]
   bw (  KiB/s): min=347958, max=370365, per=100.00%, avg=359327.88, stdev=334.32, samples=640
   iops        : min=86988, max=92591, avg=89831.73, stdev=83.58, samples=640
  lat (nsec)   : 500=0.01%
  lat (usec)   : 50=0.22%, 100=92.46%, 250=7.32%, 500=0.01%, 750=0.01%
  cpu          : usr=3.41%, sys=10.47%, ctx=3589133, majf=0, minf=0
  IO depths    : 1=100.0%, 2=0.0%, 4=0.0%, 8=0.0%, 16=0.0%, 32=0.0%, >=64=0.0%
     submit    : 0=0.0%, 4=100.0%, 8=0.0%, 16=0.0%, 32=0.0%, 64=0.0%, >=64=0.0%
     complete  : 0=0.0%, 4=100.0%, 8=0.0%, 16=0.0%, 32=0.0%, 64=0.0%, >=64=0.0%
     issued rwts: total=1792566,1796510,0,0 short=0,0,0,0 dropped=0,0,0,0
     latency   : target=0, window=0, percentile=100.00%, depth=1

Run status group 0 (all jobs):
   READ: bw=350MiB/s (367MB/s), 350MiB/s-350MiB/s (367MB/s-367MB/s), io=7002MiB (7342MB), run=20001-20001msec
  WRITE: bw=351MiB/s (368MB/s), 351MiB/s-351MiB/s (368MB/s-368MB/s), io=7018MiB (7359MB), run=20001-20001msec
