write_4k_128_4: (g=0): rw=write, bs=(R) 4096B-4096B, (W) 4096B-4096B, (T) 4096B-4096B, ioengine=io_uring, iodepth=128
...
fio-3.28
Starting 4 threads

write_4k_128_4: (groupid=0, jobs=4): err= 0: pid=52638: Fri Feb 24 05:07:43 2023
  write: IOPS=216k, BW=843MiB/s (884MB/s)(16.5GiB/20001msec); 0 zone resets
    slat (usec): min=3, max=8023, avg=17.69, stdev=10.61
    clat (usec): min=75, max=10399, avg=2354.00, stdev=126.11
     lat (usec): min=84, max=10415, avg=2371.81, stdev=126.64
    clat percentiles (usec):
     |  1.00th=[ 2311],  5.00th=[ 2311], 10.00th=[ 2343], 20.00th=[ 2343],
     | 30.00th=[ 2343], 40.00th=[ 2343], 50.00th=[ 2343], 60.00th=[ 2343],
     | 70.00th=[ 2376], 80.00th=[ 2376], 90.00th=[ 2376], 95.00th=[ 2376],
     | 99.00th=[ 2409], 99.50th=[ 2409], 99.90th=[ 2507], 99.95th=[ 4228],
     | 99.99th=[10159]
   bw (  KiB/s): min=850920, max=871136, per=100.00%, avg=863267.00, stdev=883.03, samples=160
   iops        : min=212732, max=217784, avg=215816.85, stdev=220.72, samples=160
  lat (usec)   : 100=0.01%, 250=0.01%, 500=0.01%, 750=0.01%, 1000=0.01%
  lat (msec)   : 2=0.39%, 4=99.56%, 10=0.04%, 20=0.01%
  cpu          : usr=8.33%, sys=91.62%, ctx=18584, majf=0, minf=0
  IO depths    : 1=0.0%, 2=0.0%, 4=0.0%, 8=0.0%, 16=0.0%, 32=0.0%, >=64=100.0%
     submit    : 0=0.0%, 4=100.0%, 8=0.0%, 16=0.0%, 32=0.0%, 64=0.0%, >=64=0.0%
     complete  : 0=0.0%, 4=100.0%, 8=0.0%, 16=0.0%, 32=0.0%, 64=0.0%, >=64=0.1%
     issued rwts: total=0,4316130,0,0 short=0,0,0,0 dropped=0,0,0,0
     latency   : target=0, window=0, percentile=100.00%, depth=128

Run status group 0 (all jobs):
  WRITE: bw=843MiB/s (884MB/s), 843MiB/s-843MiB/s (884MB/s-884MB/s), io=16.5GiB (17.7GB), run=20001-20001msec
