write_64k_1_16: (g=0): rw=write, bs=(R) 64.0KiB-64.0KiB, (W) 64.0KiB-64.0KiB, (T) 64.0KiB-64.0KiB, ioengine=io_uring, iodepth=1
...
fio-3.28
Starting 16 threads

write_64k_1_16: (groupid=0, jobs=16): err= 0: pid=59764: Fri Feb 24 06:12:01 2023
  write: IOPS=65.3k, BW=4083MiB/s (4282MB/s)(79.8GiB/20001msec); 0 zone resets
    slat (usec): min=8, max=375, avg=18.59, stdev= 7.35
    clat (nsec): min=383, max=535163, avg=225065.41, stdev=23718.29
     lat (usec): min=118, max=547, avg=243.85, stdev=25.48
    clat percentiles (usec):
     |  1.00th=[  184],  5.00th=[  196], 10.00th=[  202], 20.00th=[  210],
     | 30.00th=[  215], 40.00th=[  219], 50.00th=[  223], 60.00th=[  227],
     | 70.00th=[  231], 80.00th=[  235], 90.00th=[  245], 95.00th=[  277],
     | 99.00th=[  318], 99.50th=[  330], 99.90th=[  359], 99.95th=[  375],
     | 99.99th=[  429]
   bw (  MiB/s): min= 3706, max= 4116, per=100.00%, avg=4083.88, stdev= 5.20, samples=640
   iops        : min=59302, max=65856, avg=65341.95, stdev=83.16, samples=640
  lat (nsec)   : 500=0.01%
  lat (usec)   : 100=0.01%, 250=92.21%, 500=7.79%, 750=0.01%
  cpu          : usr=1.46%, sys=8.36%, ctx=1306816, majf=0, minf=0
  IO depths    : 1=100.0%, 2=0.0%, 4=0.0%, 8=0.0%, 16=0.0%, 32=0.0%, >=64=0.0%
     submit    : 0=0.0%, 4=100.0%, 8=0.0%, 16=0.0%, 32=0.0%, 64=0.0%, >=64=0.0%
     complete  : 0=0.0%, 4=100.0%, 8=0.0%, 16=0.0%, 32=0.0%, 64=0.0%, >=64=0.0%
     issued rwts: total=0,1306762,0,0 short=0,0,0,0 dropped=0,0,0,0
     latency   : target=0, window=0, percentile=100.00%, depth=1

Run status group 0 (all jobs):
  WRITE: bw=4083MiB/s (4282MB/s), 4083MiB/s-4083MiB/s (4282MB/s-4282MB/s), io=79.8GiB (85.6GB), run=20001-20001msec
