read_8k_16_16: (g=0): rw=read, bs=(R) 8192B-8192B, (W) 8192B-8192B, (T) 8192B-8192B, ioengine=io_uring, iodepth=16
...
fio-3.28
Starting 16 threads

read_8k_16_16: (groupid=0, jobs=16): err= 0: pid=41338: Fri Feb 24 03:19:39 2023
  read: IOPS=225k, BW=1754MiB/s (1840MB/s)(34.3GiB/20008msec)
    slat (usec): min=3, max=208, avg= 6.13, stdev= 4.82
    clat (usec): min=133, max=180391, avg=1134.03, stdev=5130.22
     lat (usec): min=139, max=180396, avg=1140.30, stdev=5130.08
    clat percentiles (usec):
     |  1.00th=[  433],  5.00th=[  441], 10.00th=[  445], 20.00th=[  449],
     | 30.00th=[  453], 40.00th=[  453], 50.00th=[  457], 60.00th=[  457],
     | 70.00th=[  461], 80.00th=[  465], 90.00th=[  469], 95.00th=[  486],
     | 99.00th=[32375], 99.50th=[40633], 99.90th=[60031], 99.95th=[64750],
     | 99.99th=[80217]
   bw (  MiB/s): min= 1587, max= 1931, per=100.00%, avg=1755.09, stdev= 4.82, samples=640
   iops        : min=203230, max=247238, avg=224651.62, stdev=617.38, samples=640
  lat (usec)   : 250=0.01%, 500=96.51%, 750=1.55%, 1000=0.01%
  lat (msec)   : 10=0.01%, 20=0.10%, 50=1.62%, 100=0.21%, 250=0.01%
  cpu          : usr=3.14%, sys=11.02%, ctx=3623996, majf=0, minf=0
  IO depths    : 1=0.0%, 2=0.0%, 4=0.0%, 8=0.0%, 16=100.0%, 32=0.0%, >=64=0.0%
     submit    : 0=0.0%, 4=100.0%, 8=0.0%, 16=0.0%, 32=0.0%, 64=0.0%, >=64=0.0%
     complete  : 0=0.0%, 4=100.0%, 8=0.0%, 16=0.1%, 32=0.0%, 64=0.0%, >=64=0.0%
     issued rwts: total=4492697,0,0,0 short=0,0,0,0 dropped=0,0,0,0
     latency   : target=0, window=0, percentile=100.00%, depth=16

Run status group 0 (all jobs):
   READ: bw=1754MiB/s (1840MB/s), 1754MiB/s-1754MiB/s (1840MB/s-1840MB/s), io=34.3GiB (36.8GB), run=20008-20008msec
