write_64k_16_4: (g=0): rw=write, bs=(R) 64.0KiB-64.0KiB, (W) 64.0KiB-64.0KiB, (T) 64.0KiB-64.0KiB, ioengine=io_uring, iodepth=16
...
fio-3.28
Starting 4 threads

write_64k_16_4: (groupid=0, jobs=4): err= 0: pid=60530: Fri Feb 24 06:21:07 2023
  write: IOPS=71.5k, BW=4470MiB/s (4687MB/s)(87.4GiB/20013msec); 0 zone resets
    slat (usec): min=6, max=489, avg=21.74, stdev= 7.88
    clat (usec): min=85, max=720318, avg=874.21, stdev=9139.55
     lat (usec): min=147, max=720336, avg=896.09, stdev=9139.50
    clat percentiles (usec):
     |  1.00th=[   251],  5.00th=[   281], 10.00th=[   293], 20.00th=[   306],
     | 30.00th=[   314], 40.00th=[   322], 50.00th=[   326], 60.00th=[   330],
     | 70.00th=[   338], 80.00th=[   347], 90.00th=[   363], 95.00th=[   388],
     | 99.00th=[   445], 99.50th=[   494], 99.90th=[152044], 99.95th=[200279],
     | 99.99th=[304088]
   bw (  MiB/s): min= 3800, max= 5069, per=100.00%, avg=4473.30, stdev=72.26, samples=160
   iops        : min=60804, max=81108, avg=71572.65, stdev=1156.22, samples=160
  lat (usec)   : 100=0.01%, 250=0.92%, 500=98.60%, 750=0.03%, 1000=0.01%
  lat (msec)   : 20=0.01%, 50=0.01%, 100=0.21%, 250=0.22%, 500=0.02%
  lat (msec)   : 750=0.01%
  cpu          : usr=5.23%, sys=39.71%, ctx=915495, majf=0, minf=0
  IO depths    : 1=0.0%, 2=0.0%, 4=0.0%, 8=0.0%, 16=100.0%, 32=0.0%, >=64=0.0%
     submit    : 0=0.0%, 4=100.0%, 8=0.0%, 16=0.0%, 32=0.0%, 64=0.0%, >=64=0.0%
     complete  : 0=0.0%, 4=100.0%, 8=0.0%, 16=0.1%, 32=0.0%, 64=0.0%, >=64=0.0%
     issued rwts: total=0,1431378,0,0 short=0,0,0,0 dropped=0,0,0,0
     latency   : target=0, window=0, percentile=100.00%, depth=16

Run status group 0 (all jobs):
  WRITE: bw=4470MiB/s (4687MB/s), 4470MiB/s-4470MiB/s (4687MB/s-4687MB/s), io=87.4GiB (93.8GB), run=20013-20013msec
