read_64k_64_1: (g=0): rw=read, bs=(R) 64.0KiB-64.0KiB, (W) 64.0KiB-64.0KiB, (T) 64.0KiB-64.0KiB, ioengine=io_uring, iodepth=64
fio-3.28
Starting 1 thread

read_64k_64_1: (groupid=0, jobs=1): err= 0: pid=47152: Fri Feb 24 04:23:25 2023
  read: IOPS=89.5k, BW=5597MiB/s (5869MB/s)(109GiB/20018msec)
    slat (usec): min=5, max=365, avg=10.07, stdev= 2.63
    clat (usec): min=222, max=236418, avg=704.17, stdev=3554.71
     lat (usec): min=252, max=236425, avg=714.35, stdev=3554.43
    clat percentiles (usec):
     |  1.00th=[  262],  5.00th=[  265], 10.00th=[  269], 20.00th=[  273],
     | 30.00th=[  273], 40.00th=[  277], 50.00th=[  281], 60.00th=[  293],
     | 70.00th=[  330], 80.00th=[  359], 90.00th=[  379], 95.00th=[  396],
     | 99.00th=[22938], 99.50th=[28181], 99.90th=[44303], 99.95th=[52167],
     | 99.99th=[74974]
   bw (  MiB/s): min= 5026, max= 5645, per=100.00%, avg=5601.95, stdev=132.47, samples=40
   iops        : min=80428, max=90332, avg=89631.10, stdev=2119.52, samples=40
  lat (usec)   : 250=0.01%, 500=98.53%, 750=0.02%, 1000=0.01%
  lat (msec)   : 20=0.10%, 50=1.29%, 100=0.05%, 250=0.01%
  cpu          : usr=12.91%, sys=84.68%, ctx=18999, majf=0, minf=0
  IO depths    : 1=0.0%, 2=0.0%, 4=0.0%, 8=0.0%, 16=0.0%, 32=0.0%, >=64=100.0%
     submit    : 0=0.0%, 4=100.0%, 8=0.0%, 16=0.0%, 32=0.0%, 64=0.0%, >=64=0.0%
     complete  : 0=0.0%, 4=100.0%, 8=0.0%, 16=0.0%, 32=0.0%, 64=0.1%, >=64=0.0%
     issued rwts: total=1792541,0,0,0 short=0,0,0,0 dropped=0,0,0,0
     latency   : target=0, window=0, percentile=100.00%, depth=64

Run status group 0 (all jobs):
   READ: bw=5597MiB/s (5869MB/s), 5597MiB/s-5597MiB/s (5869MB/s-5869MB/s), io=109GiB (117GB), run=20018-20018msec
