randrw_8k_64_8: (g=0): rw=randrw, bs=(R) 8192B-8192B, (W) 8192B-8192B, (T) 8192B-8192B, ioengine=io_uring, iodepth=64
...
fio-3.28
Starting 8 threads

randrw_8k_64_8: (groupid=0, jobs=8): err= 0: pid=30080: Fri Feb 24 01:22:13 2023
  read: IOPS=112k, BW=877MiB/s (920MB/s)(17.2GiB/20046msec)
    slat (usec): min=3, max=373, avg= 6.59, stdev= 4.25
    clat (usec): min=143, max=348452, avg=2443.78, stdev=13765.71
     lat (usec): min=148, max=348457, avg=2450.50, stdev=13765.52
    clat percentiles (usec):
     |  1.00th=[   461],  5.00th=[   519], 10.00th=[   537], 20.00th=[   570],
     | 30.00th=[   586], 40.00th=[   611], 50.00th=[   627], 60.00th=[   644],
     | 70.00th=[   668], 80.00th=[   693], 90.00th=[   734], 95.00th=[   766],
     | 99.00th=[ 96994], 99.50th=[108528], 99.90th=[128451], 99.95th=[141558],
     | 99.99th=[208667]
   bw (  KiB/s): min=804479, max=986304, per=100.00%, avg=900058.88, stdev=5279.31, samples=320
   iops        : min=100559, max=123288, avg=112507.13, stdev=659.91, samples=320
  write: IOPS=112k, BW=877MiB/s (920MB/s)(17.2GiB/20046msec); 0 zone resets
    slat (usec): min=3, max=871, avg= 8.68, stdev= 5.82
    clat (usec): min=88, max=388256, avg=2109.36, stdev=13807.55
     lat (usec): min=111, max=388264, avg=2118.17, stdev=13807.38
    clat percentiles (usec):
     |  1.00th=[   182],  5.00th=[   204], 10.00th=[   219], 20.00th=[   237],
     | 30.00th=[   253], 40.00th=[   269], 50.00th=[   285], 60.00th=[   306],
     | 70.00th=[   322], 80.00th=[   343], 90.00th=[   371], 95.00th=[   396],
     | 99.00th=[ 95945], 99.50th=[108528], 99.90th=[128451], 99.95th=[147850],
     | 99.99th=[210764]
   bw (  KiB/s): min=807200, max=987901, per=100.00%, avg=900270.77, stdev=5482.49, samples=320
   iops        : min=100900, max=123486, avg=112533.75, stdev=685.30, samples=320
  lat (usec)   : 100=0.01%, 250=13.94%, 500=36.71%, 750=45.06%, 1000=2.52%
  lat (msec)   : 2=0.01%, 50=0.01%, 100=0.85%, 250=0.92%, 500=0.01%
  cpu          : usr=6.81%, sys=24.81%, ctx=3158849, majf=0, minf=0
  IO depths    : 1=0.0%, 2=0.0%, 4=0.0%, 8=0.0%, 16=0.0%, 32=0.0%, >=64=100.0%
     submit    : 0=0.0%, 4=100.0%, 8=0.0%, 16=0.0%, 32=0.0%, 64=0.0%, >=64=0.0%
     complete  : 0=0.0%, 4=100.0%, 8=0.0%, 16=0.0%, 32=0.0%, 64=0.1%, >=64=0.0%
     issued rwts: total=2249954,2250533,0,0 short=0,0,0,0 dropped=0,0,0,0
     latency   : target=0, window=0, percentile=100.00%, depth=64

Run status group 0 (all jobs):
   READ: bw=877MiB/s (920MB/s), 877MiB/s-877MiB/s (920MB/s-920MB/s), io=17.2GiB (18.4GB), run=20046-20046msec
  WRITE: bw=877MiB/s (920MB/s), 877MiB/s-877MiB/s (920MB/s-920MB/s), io=17.2GiB (18.4GB), run=20046-20046msec
