write_64k_8_8: (g=0): rw=write, bs=(R) 64.0KiB-64.0KiB, (W) 64.0KiB-64.0KiB, (T) 64.0KiB-64.0KiB, ioengine=io_uring, iodepth=8
...
fio-3.28
Starting 8 threads

write_64k_8_8: (groupid=0, jobs=8): err= 0: pid=60360: Fri Feb 24 06:19:06 2023
  write: IOPS=71.9k, BW=4496MiB/s (4715MB/s)(87.9GiB/20011msec); 0 zone resets
    slat (usec): min=5, max=415, avg=23.58, stdev=10.62
    clat (usec): min=17, max=660250, avg=867.09, stdev=9390.80
     lat (usec): min=179, max=660282, avg=890.81, stdev=9390.88
    clat percentiles (usec):
     |  1.00th=[   253],  5.00th=[   281], 10.00th=[   289], 20.00th=[   302],
     | 30.00th=[   310], 40.00th=[   318], 50.00th=[   322], 60.00th=[   326],
     | 70.00th=[   330], 80.00th=[   338], 90.00th=[   355], 95.00th=[   388],
     | 99.00th=[   441], 99.50th=[   486], 99.90th=[156238], 99.95th=[200279],
     | 99.99th=[325059]
   bw (  MiB/s): min= 3326, max= 5599, per=100.00%, avg=4498.79, stdev=65.04, samples=320
   iops        : min=53230, max=89584, avg=71980.48, stdev=1040.70, samples=320
  lat (usec)   : 20=0.01%, 250=0.87%, 500=98.67%, 750=0.03%
  lat (msec)   : 10=0.01%, 20=0.01%, 50=0.01%, 100=0.18%, 250=0.21%
  lat (msec)   : 500=0.03%, 750=0.01%
  cpu          : usr=2.88%, sys=22.37%, ctx=1284424, majf=0, minf=0
  IO depths    : 1=0.0%, 2=0.0%, 4=0.0%, 8=100.0%, 16=0.0%, 32=0.0%, >=64=0.0%
     submit    : 0=0.0%, 4=100.0%, 8=0.0%, 16=0.0%, 32=0.0%, 64=0.0%, >=64=0.0%
     complete  : 0=0.0%, 4=100.0%, 8=0.1%, 16=0.0%, 32=0.0%, 64=0.0%, >=64=0.0%
     issued rwts: total=0,1439529,0,0 short=0,0,0,0 dropped=0,0,0,0
     latency   : target=0, window=0, percentile=100.00%, depth=8

Run status group 0 (all jobs):
  WRITE: bw=4496MiB/s (4715MB/s), 4496MiB/s-4496MiB/s (4715MB/s-4715MB/s), io=87.9GiB (94.3GB), run=20011-20011msec
