read_32k_2_8: (g=0): rw=read, bs=(R) 32.0KiB-32.0KiB, (W) 32.0KiB-32.0KiB, (T) 32.0KiB-32.0KiB, ioengine=io_uring, iodepth=2
...
fio-3.28
Starting 8 threads

read_32k_2_8: (groupid=0, jobs=8): err= 0: pid=44334: Fri Feb 24 03:52:02 2023
  read: IOPS=129k, BW=4022MiB/s (4218MB/s)(78.6GiB/20001msec)
    slat (nsec): min=5624, max=57876, avg=8751.17, stdev=1470.12
    clat (usec): min=35, max=340, avg=114.67, stdev=17.39
     lat (usec): min=84, max=348, avg=123.55, stdev=17.31
    clat percentiles (usec):
     |  1.00th=[  100],  5.00th=[  103], 10.00th=[  105], 20.00th=[  108],
     | 30.00th=[  109], 40.00th=[  111], 50.00th=[  112], 60.00th=[  113],
     | 70.00th=[  115], 80.00th=[  117], 90.00th=[  121], 95.00th=[  151],
     | 99.00th=[  198], 99.50th=[  204], 99.90th=[  219], 99.95th=[  235],
     | 99.99th=[  273]
   bw (  MiB/s): min= 3624, max= 4052, per=100.00%, avg=4022.81, stdev=11.34, samples=319
   iops        : min=115986, max=129692, avg=128729.83, stdev=362.95, samples=319
  lat (usec)   : 50=0.01%, 100=1.31%, 250=98.66%, 500=0.03%
  cpu          : usr=3.85%, sys=17.33%, ctx=2506218, majf=0, minf=0
  IO depths    : 1=0.0%, 2=100.0%, 4=0.0%, 8=0.0%, 16=0.0%, 32=0.0%, >=64=0.0%
     submit    : 0=0.0%, 4=100.0%, 8=0.0%, 16=0.0%, 32=0.0%, 64=0.0%, >=64=0.0%
     complete  : 0=0.0%, 4=100.0%, 8=0.0%, 16=0.0%, 32=0.0%, 64=0.0%, >=64=0.0%
     issued rwts: total=2574515,0,0,0 short=0,0,0,0 dropped=0,0,0,0
     latency   : target=0, window=0, percentile=100.00%, depth=2

Run status group 0 (all jobs):
   READ: bw=4022MiB/s (4218MB/s), 4022MiB/s-4022MiB/s (4218MB/s-4218MB/s), io=78.6GiB (84.4GB), run=20001-20001msec
