read_8k_32_4: (g=0): rw=read, bs=(R) 8192B-8192B, (W) 8192B-8192B, (T) 8192B-8192B, ioengine=io_uring, iodepth=32
...
fio-3.28
Starting 4 threads

read_8k_32_4: (groupid=0, jobs=4): err= 0: pid=41490: Fri Feb 24 03:21:10 2023
  read: IOPS=237k, BW=1853MiB/s (1943MB/s)(36.2GiB/20010msec)
    slat (usec): min=3, max=363, avg= 6.08, stdev= 4.54
    clat (usec): min=249, max=48358, avg=532.89, stdev=1094.55
     lat (usec): min=346, max=48362, avg=539.08, stdev=1094.48
    clat percentiles (usec):
     |  1.00th=[  404],  5.00th=[  416], 10.00th=[  420], 20.00th=[  424],
     | 30.00th=[  424], 40.00th=[  429], 50.00th=[  433], 60.00th=[  433],
     | 70.00th=[  437], 80.00th=[  441], 90.00th=[  449], 95.00th=[  469],
     | 99.00th=[  562], 99.50th=[ 8455], 99.90th=[16057], 99.95th=[20317],
     | 99.99th=[24249]
   bw (  MiB/s): min= 1814, max= 1895, per=100.00%, avg=1853.85, stdev= 4.48, samples=160
   iops        : min=232276, max=242662, avg=237293.05, stdev=573.38, samples=160
  lat (usec)   : 250=0.01%, 500=97.50%, 750=1.56%, 1000=0.01%
  lat (msec)   : 2=0.01%, 4=0.01%, 10=0.48%, 20=0.39%, 50=0.07%
  cpu          : usr=11.15%, sys=41.43%, ctx=2474985, majf=0, minf=0
  IO depths    : 1=0.0%, 2=0.0%, 4=0.0%, 8=0.0%, 16=0.0%, 32=100.0%, >=64=0.0%
     submit    : 0=0.0%, 4=100.0%, 8=0.0%, 16=0.0%, 32=0.0%, 64=0.0%, >=64=0.0%
     complete  : 0=0.0%, 4=100.0%, 8=0.0%, 16=0.0%, 32=0.1%, 64=0.0%, >=64=0.0%
     issued rwts: total=4745608,0,0,0 short=0,0,0,0 dropped=0,0,0,0
     latency   : target=0, window=0, percentile=100.00%, depth=32

Run status group 0 (all jobs):
   READ: bw=1853MiB/s (1943MB/s), 1853MiB/s-1853MiB/s (1943MB/s-1943MB/s), io=36.2GiB (38.9GB), run=20010-20010msec
