read_32k_16_4: (g=0): rw=read, bs=(R) 32.0KiB-32.0KiB, (W) 32.0KiB-32.0KiB, (T) 32.0KiB-32.0KiB, ioengine=io_uring, iodepth=16
...
fio-3.28
Starting 4 threads

read_32k_16_4: (groupid=0, jobs=4): err= 0: pid=45020: Fri Feb 24 03:59:07 2023
  read: IOPS=158k, BW=4950MiB/s (5191MB/s)(96.7GiB/20012msec)
    slat (usec): min=4, max=362, avg= 8.46, stdev= 4.15
    clat (usec): min=94, max=88320, avg=394.78, stdev=1325.69
     lat (usec): min=159, max=88325, avg=403.36, stdev=1325.56
    clat percentiles (usec):
     |  1.00th=[  255],  5.00th=[  265], 10.00th=[  269], 20.00th=[  277],
     | 30.00th=[  281], 40.00th=[  285], 50.00th=[  289], 60.00th=[  293],
     | 70.00th=[  297], 80.00th=[  302], 90.00th=[  310], 95.00th=[  318],
     | 99.00th=[  429], 99.50th=[11076], 99.90th=[20317], 99.95th=[24249],
     | 99.99th=[35914]
   bw (  MiB/s): min= 4297, max= 5189, per=100.00%, avg=4953.28, stdev=35.59, samples=160
   iops        : min=137526, max=166052, avg=158504.98, stdev=1138.82, samples=160
  lat (usec)   : 100=0.01%, 250=0.35%, 500=98.87%, 750=0.01%, 1000=0.01%
  lat (msec)   : 2=0.01%, 4=0.01%, 10=0.27%, 20=0.34%, 50=0.16%
  lat (msec)   : 100=0.01%
  cpu          : usr=8.63%, sys=39.06%, ctx=2453944, majf=0, minf=0
  IO depths    : 1=0.0%, 2=0.0%, 4=0.0%, 8=0.0%, 16=100.0%, 32=0.0%, >=64=0.0%
     submit    : 0=0.0%, 4=100.0%, 8=0.0%, 16=0.0%, 32=0.0%, 64=0.0%, >=64=0.0%
     complete  : 0=0.0%, 4=100.0%, 8=0.0%, 16=0.1%, 32=0.0%, 64=0.0%, >=64=0.0%
     issued rwts: total=3169944,0,0,0 short=0,0,0,0 dropped=0,0,0,0
     latency   : target=0, window=0, percentile=100.00%, depth=16

Run status group 0 (all jobs):
   READ: bw=4950MiB/s (5191MB/s), 4950MiB/s-4950MiB/s (5191MB/s-5191MB/s), io=96.7GiB (104GB), run=20012-20012msec
