write_32k_8_8: (g=0): rw=write, bs=(R) 32.0KiB-32.0KiB, (W) 32.0KiB-32.0KiB, (T) 32.0KiB-32.0KiB, ioengine=io_uring, iodepth=8
...
fio-3.28
Starting 8 threads

write_32k_8_8: (groupid=0, jobs=8): err= 0: pid=58660: Fri Feb 24 05:58:49 2023
  write: IOPS=110k, BW=3448MiB/s (3615MB/s)(67.4GiB/20006msec); 0 zone resets
    slat (usec): min=4, max=906, avg=25.07, stdev=11.16
    clat (usec): min=59, max=208440, avg=554.43, stdev=3057.20
     lat (usec): min=94, max=208465, avg=579.63, stdev=3057.40
    clat percentiles (usec):
     |  1.00th=[  289],  5.00th=[  306], 10.00th=[  318], 20.00th=[  330],
     | 30.00th=[  338], 40.00th=[  347], 50.00th=[  355], 60.00th=[  359],
     | 70.00th=[  367], 80.00th=[  379], 90.00th=[  396], 95.00th=[  420],
     | 99.00th=[  461], 99.50th=[16319], 99.90th=[48497], 99.95th=[60556],
     | 99.99th=[92799]
   bw (  MiB/s): min= 3033, max= 3792, per=100.00%, avg=3449.01, stdev=19.53, samples=320
   iops        : min=97080, max=121370, avg=110368.05, stdev=625.05, samples=320
  lat (usec)   : 100=0.01%, 250=0.02%, 500=99.40%, 750=0.05%, 1000=0.01%
  lat (msec)   : 2=0.01%, 10=0.01%, 20=0.04%, 50=0.39%, 100=0.08%
  lat (msec)   : 250=0.01%
  cpu          : usr=3.60%, sys=36.43%, ctx=1768234, majf=0, minf=0
  IO depths    : 1=0.0%, 2=0.0%, 4=0.0%, 8=100.0%, 16=0.0%, 32=0.0%, >=64=0.0%
     submit    : 0=0.0%, 4=100.0%, 8=0.0%, 16=0.0%, 32=0.0%, 64=0.0%, >=64=0.0%
     complete  : 0=0.0%, 4=100.0%, 8=0.1%, 16=0.0%, 32=0.0%, 64=0.0%, >=64=0.0%
     issued rwts: total=0,2207216,0,0 short=0,0,0,0 dropped=0,0,0,0
     latency   : target=0, window=0, percentile=100.00%, depth=8

Run status group 0 (all jobs):
  WRITE: bw=3448MiB/s (3615MB/s), 3448MiB/s-3448MiB/s (3615MB/s-3615MB/s), io=67.4GiB (72.3GB), run=20006-20006msec
