read_128k_8_4: (g=0): rw=read, bs=(R) 128KiB-128KiB, (W) 128KiB-128KiB, (T) 128KiB-128KiB, ioengine=io_uring, iodepth=8
...
fio-3.28
Starting 4 threads

read_128k_8_4: (groupid=0, jobs=4): err= 0: pid=48718: Fri Feb 24 04:37:08 2023
  read: IOPS=41.7k, BW=5213MiB/s (5466MB/s)(102GiB/20013msec)
    slat (usec): min=7, max=367, avg=14.36, stdev= 1.76
    clat (usec): min=139, max=728329, avg=754.12, stdev=8965.87
     lat (usec): min=196, max=728339, avg=768.59, stdev=8965.70
    clat percentiles (usec):
     |  1.00th=[   297],  5.00th=[   306], 10.00th=[   310], 20.00th=[   310],
     | 30.00th=[   314], 40.00th=[   314], 50.00th=[   318], 60.00th=[   318],
     | 70.00th=[   318], 80.00th=[   322], 90.00th=[   330], 95.00th=[   379],
     | 99.00th=[   392], 99.50th=[   400], 99.90th=[147850], 99.95th=[212861],
     | 99.99th=[341836]
   bw (  MiB/s): min= 3757, max= 6720, per=99.90%, avg=5207.99, stdev=171.42, samples=159
   iops        : min=30058, max=53762, avg=41663.91, stdev=1371.35, samples=159
  lat (usec)   : 250=0.03%, 500=99.65%, 750=0.01%, 1000=0.01%
  lat (msec)   : 4=0.01%, 10=0.01%, 20=0.01%, 50=0.01%, 100=0.18%
  lat (msec)   : 250=0.12%, 500=0.03%, 750=0.01%
  cpu          : usr=2.01%, sys=17.35%, ctx=788139, majf=0, minf=0
  IO depths    : 1=0.0%, 2=0.0%, 4=0.0%, 8=100.0%, 16=0.0%, 32=0.0%, >=64=0.0%
     submit    : 0=0.0%, 4=100.0%, 8=0.0%, 16=0.0%, 32=0.0%, 64=0.0%, >=64=0.0%
     complete  : 0=0.0%, 4=100.0%, 8=0.1%, 16=0.0%, 32=0.0%, 64=0.0%, >=64=0.0%
     issued rwts: total=834619,0,0,0 short=0,0,0,0 dropped=0,0,0,0
     latency   : target=0, window=0, percentile=100.00%, depth=8

Run status group 0 (all jobs):
   READ: bw=5213MiB/s (5466MB/s), 5213MiB/s-5213MiB/s (5466MB/s-5466MB/s), io=102GiB (109GB), run=20013-20013msec
