randrw_4k_16_4: (g=0): rw=randrw, bs=(R) 4096B-4096B, (W) 4096B-4096B, (T) 4096B-4096B, ioengine=io_uring, iodepth=16
...
fio-3.28
Starting 4 threads

randrw_4k_16_4: (groupid=0, jobs=4): err= 0: pid=26850: Fri Feb 24 00:56:25 2023
  read: IOPS=116k, BW=453MiB/s (475MB/s)(9057MiB/20001msec)
    slat (usec): min=3, max=358, avg= 6.21, stdev= 3.30
    clat (usec): min=114, max=1083, avg=355.31, stdev=40.06
     lat (usec): min=119, max=1088, avg=361.64, stdev=40.22
    clat percentiles (usec):
     |  1.00th=[  251],  5.00th=[  281], 10.00th=[  306], 20.00th=[  326],
     | 30.00th=[  338], 40.00th=[  347], 50.00th=[  355], 60.00th=[  367],
     | 70.00th=[  379], 80.00th=[  392], 90.00th=[  408], 95.00th=[  416],
     | 99.00th=[  437], 99.50th=[  445], 99.90th=[  461], 99.95th=[  465],
     | 99.99th=[  486]
   bw (  KiB/s): min=458432, max=468368, per=100.00%, avg=463717.23, stdev=526.29, samples=160
   iops        : min=114608, max=117092, avg=115929.28, stdev=131.57, samples=160
  write: IOPS=116k, BW=452MiB/s (474MB/s)(9042MiB/20001msec); 0 zone resets
    slat (nsec): min=4041, max=75083, avg=7876.60, stdev=4026.79
    clat (usec): min=74, max=907, avg=181.26, stdev=33.84
     lat (usec): min=79, max=925, avg=189.25, stdev=34.00
    clat percentiles (usec):
     |  1.00th=[  116],  5.00th=[  130], 10.00th=[  139], 20.00th=[  149],
     | 30.00th=[  161], 40.00th=[  172], 50.00th=[  182], 60.00th=[  192],
     | 70.00th=[  202], 80.00th=[  212], 90.00th=[  227], 95.00th=[  239],
     | 99.00th=[  255], 99.50th=[  262], 99.90th=[  277], 99.95th=[  289],
     | 99.99th=[  314]
   bw (  KiB/s): min=455584, max=470656, per=100.00%, avg=462974.45, stdev=833.35, samples=160
   iops        : min=113896, max=117664, avg=115743.58, stdev=208.33, samples=160
  lat (usec)   : 100=0.05%, 250=49.54%, 500=50.41%, 750=0.01%, 1000=0.01%
  lat (msec)   : 2=0.01%
  cpu          : usr=11.87%, sys=44.99%, ctx=2237752, majf=0, minf=0
  IO depths    : 1=0.0%, 2=0.0%, 4=0.0%, 8=0.0%, 16=100.0%, 32=0.0%, >=64=0.0%
     submit    : 0=0.0%, 4=100.0%, 8=0.0%, 16=0.0%, 32=0.0%, 64=0.0%, >=64=0.0%
     complete  : 0=0.0%, 4=100.0%, 8=0.0%, 16=0.1%, 32=0.0%, 64=0.0%, >=64=0.0%
     issued rwts: total=2318474,2314769,0,0 short=0,0,0,0 dropped=0,0,0,0
     latency   : target=0, window=0, percentile=100.00%, depth=16

Run status group 0 (all jobs):
   READ: bw=453MiB/s (475MB/s), 453MiB/s-453MiB/s (475MB/s-475MB/s), io=9057MiB (9497MB), run=20001-20001msec
  WRITE: bw=452MiB/s (474MB/s), 452MiB/s-452MiB/s (474MB/s-474MB/s), io=9042MiB (9481MB), run=20001-20001msec
