read_4k_32_4: (g=0): rw=read, bs=(R) 4096B-4096B, (W) 4096B-4096B, (T) 4096B-4096B, ioengine=io_uring, iodepth=32
...
fio-3.28
Starting 4 threads

read_4k_32_4: (groupid=0, jobs=4): err= 0: pid=38882: Fri Feb 24 03:00:56 2023
  read: IOPS=251k, BW=979MiB/s (1026MB/s)(19.1GiB/20001msec)
    slat (usec): min=3, max=391, avg= 5.69, stdev= 4.62
    clat (usec): min=235, max=876, avg=504.31, stdev=14.01
     lat (usec): min=240, max=881, avg=510.13, stdev=15.40
    clat percentiles (usec):
     |  1.00th=[  478],  5.00th=[  486], 10.00th=[  490], 20.00th=[  494],
     | 30.00th=[  498], 40.00th=[  502], 50.00th=[  502], 60.00th=[  506],
     | 70.00th=[  510], 80.00th=[  515], 90.00th=[  519], 95.00th=[  529],
     | 99.00th=[  562], 99.50th=[  570], 99.90th=[  578], 99.95th=[  578],
     | 99.99th=[  586]
   bw (  KiB/s): min=986320, max=1023744, per=100.00%, avg=1002478.90, stdev=2052.43, samples=160
   iops        : min=246580, max=255936, avg=250619.70, stdev=513.11, samples=160
  lat (usec)   : 250=0.01%, 500=38.44%, 750=61.56%, 1000=0.01%
  cpu          : usr=12.00%, sys=40.43%, ctx=2474975, majf=0, minf=0
  IO depths    : 1=0.0%, 2=0.0%, 4=0.0%, 8=0.0%, 16=0.0%, 32=100.0%, >=64=0.0%
     submit    : 0=0.0%, 4=100.0%, 8=0.0%, 16=0.0%, 32=0.0%, 64=0.0%, >=64=0.0%
     complete  : 0=0.0%, 4=100.0%, 8=0.0%, 16=0.0%, 32=0.1%, 64=0.0%, >=64=0.0%
     issued rwts: total=5012144,0,0,0 short=0,0,0,0 dropped=0,0,0,0
     latency   : target=0, window=0, percentile=100.00%, depth=32

Run status group 0 (all jobs):
   READ: bw=979MiB/s (1026MB/s), 979MiB/s-979MiB/s (1026MB/s-1026MB/s), io=19.1GiB (20.5GB), run=20001-20001msec
