read_16k_16_16: (g=0): rw=read, bs=(R) 16.0KiB-16.0KiB, (W) 16.0KiB-16.0KiB, (T) 16.0KiB-16.0KiB, ioengine=io_uring, iodepth=16
...
fio-3.28
Starting 16 threads

read_16k_16_16: (groupid=0, jobs=16): err= 0: pid=43322: Fri Feb 24 03:39:54 2023
  read: IOPS=180k, BW=2820MiB/s (2957MB/s)(55.1GiB/20012msec)
    slat (usec): min=3, max=388, avg= 7.20, stdev= 4.64
    clat (usec): min=44, max=204295, avg=1411.35, stdev=7718.66
     lat (usec): min=51, max=204301, avg=1418.68, stdev=7718.48
    clat percentiles (usec):
     |  1.00th=[   379],  5.00th=[   388], 10.00th=[   392], 20.00th=[   396],
     | 30.00th=[   400], 40.00th=[   404], 50.00th=[   404], 60.00th=[   408],
     | 70.00th=[   412], 80.00th=[   416], 90.00th=[   433], 95.00th=[   449],
     | 99.00th=[ 52167], 99.50th=[ 60556], 99.90th=[ 84411], 99.95th=[ 92799],
     | 99.99th=[124257]
   bw (  MiB/s): min= 2473, max= 3179, per=100.00%, avg=2822.10, stdev=10.05, samples=640
   iops        : min=158302, max=203462, avg=180614.20, stdev=642.90, samples=640
  lat (usec)   : 50=0.01%, 100=0.01%, 250=0.01%, 500=97.54%, 750=0.66%
  lat (usec)   : 1000=0.01%
  lat (msec)   : 4=0.01%, 10=0.01%, 20=0.01%, 50=0.70%, 100=1.07%
  lat (msec)   : 250=0.04%
  cpu          : usr=2.73%, sys=10.37%, ctx=3273152, majf=0, minf=0
  IO depths    : 1=0.0%, 2=0.0%, 4=0.0%, 8=0.0%, 16=100.0%, 32=0.0%, >=64=0.0%
     submit    : 0=0.0%, 4=100.0%, 8=0.0%, 16=0.0%, 32=0.0%, 64=0.0%, >=64=0.0%
     complete  : 0=0.0%, 4=100.0%, 8=0.0%, 16=0.1%, 32=0.0%, 64=0.0%, >=64=0.0%
     issued rwts: total=3612033,0,0,0 short=0,0,0,0 dropped=0,0,0,0
     latency   : target=0, window=0, percentile=100.00%, depth=16

Run status group 0 (all jobs):
   READ: bw=2820MiB/s (2957MB/s), 2820MiB/s-2820MiB/s (2957MB/s-2957MB/s), io=55.1GiB (59.2GB), run=20012-20012msec
