randrw_16k_8_8: (g=0): rw=randrw, bs=(R) 16.0KiB-16.0KiB, (W) 16.0KiB-16.0KiB, (T) 16.0KiB-16.0KiB, ioengine=io_uring, iodepth=8
...
fio-3.28
Starting 8 threads

randrw_16k_8_8: (groupid=0, jobs=8): err= 0: pid=31148: Fri Feb 24 01:35:04 2023
  read: IOPS=86.3k, BW=1348MiB/s (1413MB/s)(26.3GiB/20001msec)
    slat (nsec): min=4600, max=73555, avg=8151.89, stdev=3811.11
    clat (usec): min=164, max=1627, avg=451.68, stdev=47.26
     lat (usec): min=183, max=1632, avg=459.98, stdev=47.31
    clat percentiles (usec):
     |  1.00th=[  330],  5.00th=[  367], 10.00th=[  388], 20.00th=[  416],
     | 30.00th=[  433], 40.00th=[  441], 50.00th=[  453], 60.00th=[  465],
     | 70.00th=[  478], 80.00th=[  494], 90.00th=[  510], 95.00th=[  523],
     | 99.00th=[  545], 99.50th=[  553], 99.90th=[  570], 99.95th=[  570],
     | 99.99th=[  586]
   bw (  MiB/s): min= 1327, max= 1369, per=100.00%, avg=1347.87, stdev= 1.26, samples=320
   iops        : min=84946, max=87658, avg=86263.55, stdev=80.74, samples=320
  write: IOPS=86.3k, BW=1349MiB/s (1414MB/s)(26.3GiB/20001msec); 0 zone resets
    slat (nsec): min=5505, max=72992, avg=10751.71, stdev=4870.41
    clat (usec): min=62, max=1497, avg=269.08, stdev=48.58
     lat (usec): min=96, max=1504, avg=279.98, stdev=48.62
    clat percentiles (usec):
     |  1.00th=[  165],  5.00th=[  190], 10.00th=[  204], 20.00th=[  227],
     | 30.00th=[  243], 40.00th=[  258], 50.00th=[  269], 60.00th=[  281],
     | 70.00th=[  293], 80.00th=[  310], 90.00th=[  334], 95.00th=[  351],
     | 99.00th=[  379], 99.50th=[  388], 99.90th=[  412], 99.95th=[  424],
     | 99.99th=[  449]
   bw (  MiB/s): min= 1313, max= 1380, per=100.00%, avg=1349.00, stdev= 1.96, samples=320
   iops        : min=84050, max=88356, avg=86335.55, stdev=125.40, samples=320
  lat (usec)   : 100=0.01%, 250=17.37%, 500=74.81%, 750=7.82%
  lat (msec)   : 2=0.01%
  cpu          : usr=6.18%, sys=22.84%, ctx=2620530, majf=0, minf=0
  IO depths    : 1=0.0%, 2=0.0%, 4=0.0%, 8=100.0%, 16=0.0%, 32=0.0%, >=64=0.0%
     submit    : 0=0.0%, 4=100.0%, 8=0.0%, 16=0.0%, 32=0.0%, 64=0.0%, >=64=0.0%
     complete  : 0=0.0%, 4=100.0%, 8=0.1%, 16=0.0%, 32=0.0%, 64=0.0%, >=64=0.0%
     issued rwts: total=1725177,1726621,0,0 short=0,0,0,0 dropped=0,0,0,0
     latency   : target=0, window=0, percentile=100.00%, depth=8

Run status group 0 (all jobs):
   READ: bw=1348MiB/s (1413MB/s), 1348MiB/s-1348MiB/s (1413MB/s-1413MB/s), io=26.3GiB (28.3GB), run=20001-20001msec
  WRITE: bw=1349MiB/s (1414MB/s), 1349MiB/s-1349MiB/s (1414MB/s-1414MB/s), io=26.3GiB (28.3GB), run=20001-20001msec
