read_16k_2_1: (g=0): rw=read, bs=(R) 16.0KiB-16.0KiB, (W) 16.0KiB-16.0KiB, (T) 16.0KiB-16.0KiB, ioengine=io_uring, iodepth=2
fio-3.28
Starting 1 thread

read_16k_2_1: (groupid=0, jobs=1): err= 0: pid=42520: Fri Feb 24 03:30:17 2023
  read: IOPS=38.0k, BW=594MiB/s (623MB/s)(11.6GiB/20001msec)
    slat (nsec): min=4861, max=53678, avg=6431.14, stdev=600.97
    clat (usec): min=28, max=242, avg=45.39, stdev=10.94
     lat (usec): min=44, max=249, avg=51.94, stdev=10.95
    clat percentiles (usec):
     |  1.00th=[   42],  5.00th=[   42], 10.00th=[   43], 20.00th=[   43],
     | 30.00th=[   43], 40.00th=[   43], 50.00th=[   43], 60.00th=[   43],
     | 70.00th=[   44], 80.00th=[   44], 90.00th=[   45], 95.00th=[   54],
     | 99.00th=[  102], 99.50th=[  104], 99.90th=[  108], 99.95th=[  109],
     | 99.99th=[  116]
   bw (  KiB/s): min=607230, max=610080, per=100.00%, avg=608296.75, stdev=629.16, samples=40
   iops        : min=37951, max=38130, avg=38018.53, stdev=39.36, samples=40
  lat (usec)   : 50=93.03%, 100=5.69%, 250=1.28%
  cpu          : usr=9.16%, sys=31.60%, ctx=743500, majf=0, minf=0
  IO depths    : 1=0.0%, 2=100.0%, 4=0.0%, 8=0.0%, 16=0.0%, 32=0.0%, >=64=0.0%
     submit    : 0=0.0%, 4=100.0%, 8=0.0%, 16=0.0%, 32=0.0%, 64=0.0%, >=64=0.0%
     complete  : 0=0.0%, 4=100.0%, 8=0.0%, 16=0.0%, 32=0.0%, 64=0.0%, >=64=0.0%
     issued rwts: total=760343,0,0,0 short=0,0,0,0 dropped=0,0,0,0
     latency   : target=0, window=0, percentile=100.00%, depth=2

Run status group 0 (all jobs):
   READ: bw=594MiB/s (623MB/s), 594MiB/s-594MiB/s (623MB/s-623MB/s), io=11.6GiB (12.5GB), run=20001-20001msec
