write_128k_1_1: (g=0): rw=write, bs=(R) 128KiB-128KiB, (W) 128KiB-128KiB, (T) 128KiB-128KiB, ioengine=io_uring, iodepth=1
fio-3.28
Starting 1 thread

write_128k_1_1: (groupid=0, jobs=1): err= 0: pid=61336: Fri Feb 24 06:30:18 2023
  write: IOPS=6885, BW=861MiB/s (903MB/s)(16.8GiB/20001msec); 0 zone resets
    slat (nsec): min=15615, max=38266, avg=16880.99, stdev=682.31
    clat (usec): min=105, max=1495, avg=127.36, stdev=17.69
     lat (usec): min=136, max=1512, avg=144.39, stdev=17.71
    clat percentiles (usec):
     |  1.00th=[  121],  5.00th=[  121], 10.00th=[  122], 20.00th=[  122],
     | 30.00th=[  122], 40.00th=[  122], 50.00th=[  122], 60.00th=[  122],
     | 70.00th=[  122], 80.00th=[  123], 90.00th=[  145], 95.00th=[  182],
     | 99.00th=[  186], 99.50th=[  200], 99.90th=[  247], 99.95th=[  273],
     | 99.99th=[  293]
   bw (  KiB/s): min=693760, max=890368, per=100.00%, avg=881439.55, stdev=30629.81, samples=40
   iops        : min= 5420, max= 6956, avg=6886.22, stdev=239.29, samples=40
  lat (usec)   : 250=99.91%, 500=0.09%
  lat (msec)   : 2=0.01%
  cpu          : usr=2.58%, sys=12.29%, ctx=137723, majf=0, minf=0
  IO depths    : 1=100.0%, 2=0.0%, 4=0.0%, 8=0.0%, 16=0.0%, 32=0.0%, >=64=0.0%
     submit    : 0=0.0%, 4=100.0%, 8=0.0%, 16=0.0%, 32=0.0%, 64=0.0%, >=64=0.0%
     complete  : 0=0.0%, 4=100.0%, 8=0.0%, 16=0.0%, 32=0.0%, 64=0.0%, >=64=0.0%
     issued rwts: total=0,137720,0,0 short=0,0,0,0 dropped=0,0,0,0
     latency   : target=0, window=0, percentile=100.00%, depth=1

Run status group 0 (all jobs):
  WRITE: bw=861MiB/s (903MB/s), 861MiB/s-861MiB/s (903MB/s-903MB/s), io=16.8GiB (18.1GB), run=20001-20001msec
