read_4k_1_1: (g=0): rw=read, bs=(R) 4096B-4096B, (W) 4096B-4096B, (T) 4096B-4096B, ioengine=io_uring, iodepth=1
fio-3.28
Starting 1 thread

read_4k_1_1: (groupid=0, jobs=1): err= 0: pid=37574: Fri Feb 24 02:47:17 2023
  read: IOPS=24.2k, BW=94.6MiB/s (99.2MB/s)(1893MiB/20001msec)
    slat (nsec): min=4422, max=25343, avg=5049.98, stdev=519.73
    clat (usec): min=16, max=999, avg=35.46, stdev=10.49
     lat (usec): min=37, max=1004, avg=40.63, stdev=10.51
    clat percentiles (usec):
     |  1.00th=[   33],  5.00th=[   33], 10.00th=[   33], 20.00th=[   34],
     | 30.00th=[   34], 40.00th=[   34], 50.00th=[   34], 60.00th=[   34],
     | 70.00th=[   34], 80.00th=[   34], 90.00th=[   35], 95.00th=[   35],
     | 99.00th=[   91], 99.50th=[   93], 99.90th=[   95], 99.95th=[   95],
     | 99.99th=[  103]
   bw (  KiB/s): min=96272, max=97120, per=100.00%, avg=96914.45, stdev=211.91, samples=40
   iops        : min=24068, max=24280, avg=24228.60, stdev=52.97, samples=40
  lat (usec)   : 20=0.01%, 50=95.81%, 100=4.18%, 250=0.01%, 750=0.01%
  lat (usec)   : 1000=0.01%
  cpu          : usr=5.43%, sys=17.23%, ctx=484556, majf=0, minf=0
  IO depths    : 1=100.0%, 2=0.0%, 4=0.0%, 8=0.0%, 16=0.0%, 32=0.0%, >=64=0.0%
     submit    : 0=0.0%, 4=100.0%, 8=0.0%, 16=0.0%, 32=0.0%, 64=0.0%, >=64=0.0%
     complete  : 0=0.0%, 4=100.0%, 8=0.0%, 16=0.0%, 32=0.0%, 64=0.0%, >=64=0.0%
     issued rwts: total=484553,0,0,0 short=0,0,0,0 dropped=0,0,0,0
     latency   : target=0, window=0, percentile=100.00%, depth=1

Run status group 0 (all jobs):
   READ: bw=94.6MiB/s (99.2MB/s), 94.6MiB/s-94.6MiB/s (99.2MB/s-99.2MB/s), io=1893MiB (1985MB), run=20001-20001msec
