read_32k_8_1: (g=0): rw=read, bs=(R) 32.0KiB-32.0KiB, (W) 32.0KiB-32.0KiB, (T) 32.0KiB-32.0KiB, ioengine=io_uring, iodepth=8
fio-3.28
Starting 1 thread

read_32k_8_1: (groupid=0, jobs=1): err= 0: pid=44643: Fri Feb 24 03:55:35 2023
  read: IOPS=86.6k, BW=2707MiB/s (2839MB/s)(52.9GiB/20001msec)
    slat (nsec): min=5463, max=35077, avg=7452.28, stdev=882.74
    clat (usec): min=52, max=595, avg=84.19, stdev=14.81
     lat (usec): min=61, max=601, avg=91.76, stdev=14.70
    clat percentiles (usec):
     |  1.00th=[   69],  5.00th=[   73], 10.00th=[   75], 20.00th=[   77],
     | 30.00th=[   80], 40.00th=[   81], 50.00th=[   83], 60.00th=[   84],
     | 70.00th=[   85], 80.00th=[   86], 90.00th=[   89], 95.00th=[   98],
     | 99.00th=[  153], 99.50th=[  157], 99.90th=[  163], 99.95th=[  165],
     | 99.99th=[  172]
   bw (  MiB/s): min= 2704, max= 2710, per=100.00%, avg=2707.62, stdev= 1.15, samples=40
   iops        : min=86552, max=86738, avg=86643.93, stdev=36.78, samples=40
  lat (usec)   : 100=95.27%, 250=4.73%, 750=0.01%
  cpu          : usr=13.71%, sys=68.29%, ctx=579450, majf=0, minf=0
  IO depths    : 1=0.0%, 2=0.0%, 4=0.0%, 8=100.0%, 16=0.0%, 32=0.0%, >=64=0.0%
     submit    : 0=0.0%, 4=100.0%, 8=0.0%, 16=0.0%, 32=0.0%, 64=0.0%, >=64=0.0%
     complete  : 0=0.0%, 4=100.0%, 8=0.1%, 16=0.0%, 32=0.0%, 64=0.0%, >=64=0.0%
     issued rwts: total=1732806,0,0,0 short=0,0,0,0 dropped=0,0,0,0
     latency   : target=0, window=0, percentile=100.00%, depth=8

Run status group 0 (all jobs):
   READ: bw=2707MiB/s (2839MB/s), 2707MiB/s-2707MiB/s (2839MB/s-2839MB/s), io=52.9GiB (56.8GB), run=20001-20001msec
