randrw_64k_1_1: (g=0): rw=randrw, bs=(R) 64.0KiB-64.0KiB, (W) 64.0KiB-64.0KiB, (T) 64.0KiB-64.0KiB, ioengine=io_uring, iodepth=1
fio-3.28
Starting 1 thread

randrw_64k_1_1: (groupid=0, jobs=1): err= 0: pid=34025: Fri Feb 24 02:06:28 2023
  read: IOPS=5274, BW=330MiB/s (346MB/s)(6593MiB/20001msec)
    slat (nsec): min=9354, max=24856, avg=10041.97, stdev=571.28
    clat (usec): min=66, max=440, avg=81.07, stdev=15.61
     lat (usec): min=84, max=450, avg=91.26, stdev=15.62
    clat percentiles (usec):
     |  1.00th=[   76],  5.00th=[   76], 10.00th=[   76], 20.00th=[   77],
     | 30.00th=[   77], 40.00th=[   77], 50.00th=[   77], 60.00th=[   77],
     | 70.00th=[   77], 80.00th=[   77], 90.00th=[   81], 95.00th=[  128],
     | 99.00th=[  137], 99.50th=[  139], 99.90th=[  176], 99.95th=[  194],
     | 99.99th=[  215]
   bw (  KiB/s): min=306560, max=349312, per=100.00%, avg=337591.70, stdev=8146.87, samples=40
   iops        : min= 4790, max= 5458, avg=5274.85, stdev=127.27, samples=40
  write: IOPS=5287, BW=330MiB/s (347MB/s)(6610MiB/20001msec); 0 zone resets
    slat (nsec): min=10370, max=26606, avg=13464.04, stdev=1601.36
    clat (usec): min=72, max=344, avg=82.77, stdev=15.11
     lat (usec): min=87, max=359, avg=96.38, stdev=15.19
    clat percentiles (usec):
     |  1.00th=[   78],  5.00th=[   78], 10.00th=[   78], 20.00th=[   78],
     | 30.00th=[   79], 40.00th=[   79], 50.00th=[   79], 60.00th=[   79],
     | 70.00th=[   79], 80.00th=[   79], 90.00th=[   83], 95.00th=[  127],
     | 99.00th=[  139], 99.50th=[  139], 99.90th=[  184], 99.95th=[  200],
     | 99.99th=[  219]
   bw (  KiB/s): min=290688, max=353280, per=100.00%, avg=338461.58, stdev=9768.21, samples=40
   iops        : min= 4542, max= 5520, avg=5288.45, stdev=152.63, samples=40
  lat (usec)   : 100=90.84%, 250=9.16%, 500=0.01%
  cpu          : usr=4.42%, sys=12.86%, ctx=211261, majf=0, minf=0
  IO depths    : 1=100.0%, 2=0.0%, 4=0.0%, 8=0.0%, 16=0.0%, 32=0.0%, >=64=0.0%
     submit    : 0=0.0%, 4=100.0%, 8=0.0%, 16=0.0%, 32=0.0%, 64=0.0%, >=64=0.0%
     complete  : 0=0.0%, 4=100.0%, 8=0.0%, 16=0.0%, 32=0.0%, 64=0.0%, >=64=0.0%
     issued rwts: total=105494,105765,0,0 short=0,0,0,0 dropped=0,0,0,0
     latency   : target=0, window=0, percentile=100.00%, depth=1

Run status group 0 (all jobs):
   READ: bw=330MiB/s (346MB/s), 330MiB/s-330MiB/s (346MB/s-346MB/s), io=6593MiB (6914MB), run=20001-20001msec
  WRITE: bw=330MiB/s (347MB/s), 330MiB/s-330MiB/s (347MB/s-347MB/s), io=6610MiB (6931MB), run=20001-20001msec
