write_16k_128_16: (g=0): rw=write, bs=(R) 16.0KiB-16.0KiB, (W) 16.0KiB-16.0KiB, (T) 16.0KiB-16.0KiB, ioengine=io_uring, iodepth=128
...
fio-3.28
Starting 16 threads

write_16k_128_16: (groupid=0, jobs=16): err= 0: pid=57845: Fri Feb 24 05:49:12 2023
  write: IOPS=143k, BW=2243MiB/s (2352MB/s)(44.6GiB/20342msec); 0 zone resets
    slat (usec): min=4, max=1432, avg=20.45, stdev=11.22
    clat (usec): min=43, max=11552k, avg=15120.56, stdev=201771.72
     lat (usec): min=50, max=11552k, avg=15141.15, stdev=201771.88
    clat percentiles (usec):
     |  1.00th=[    330],  5.00th=[    379], 10.00th=[    388],
     | 20.00th=[    400], 30.00th=[    408], 40.00th=[    416],
     | 50.00th=[    420], 60.00th=[    429], 70.00th=[    437],
     | 80.00th=[    445], 90.00th=[    469], 95.00th=[    494],
     | 99.00th=[    955], 99.50th=[2055209], 99.90th=[2466251],
     | 99.95th=[4328522], 99.99th=[4731175]
   bw (  MiB/s): min=  857, max= 4824, per=100.00%, avg=2311.74, stdev=78.12, samples=633
   iops        : min=54858, max=308780, avg=147951.01, stdev=4999.48, samples=633
  lat (usec)   : 50=0.15%, 100=0.11%, 250=0.43%, 500=95.08%, 750=3.20%
  lat (usec)   : 1000=0.48%
  lat (msec)   : 2=0.01%, 10=0.01%, 20=0.01%, 50=0.01%, 100=0.01%
  lat (msec)   : 250=0.01%, 500=0.01%, 750=0.01%, 1000=0.01%, 2000=0.05%
  lat (msec)   : >=2000=0.54%
  cpu          : usr=2.39%, sys=19.94%, ctx=2590892, majf=0, minf=0
  IO depths    : 1=0.0%, 2=0.0%, 4=0.0%, 8=0.0%, 16=0.0%, 32=0.0%, >=64=100.0%
     submit    : 0=0.0%, 4=100.0%, 8=0.0%, 16=0.0%, 32=0.0%, 64=0.0%, >=64=0.0%
     complete  : 0=0.0%, 4=100.0%, 8=0.0%, 16=0.0%, 32=0.0%, 64=0.0%, >=64=0.1%
     issued rwts: total=0,2918111,0,0 short=0,0,0,0 dropped=0,0,0,0
     latency   : target=0, window=0, percentile=100.00%, depth=128

Run status group 0 (all jobs):
  WRITE: bw=2243MiB/s (2352MB/s), 2243MiB/s-2243MiB/s (2352MB/s-2352MB/s), io=44.6GiB (47.8GB), run=20342-20342msec
