randrw_1_16_2: (g=0): rw=randrw, bs=(R) 1B-1B, (W) 1B-1B, (T) 1B-1B, ioengine=io_uring, iodepth=16
...
fio-3.28
Starting 2 threads

randrw_1_16_2: (groupid=0, jobs=2): err= 0: pid=25121: Fri Feb 24 00:35:41 2023
  read: IOPS=118k, BW=116KiB/s (118kB/s)(2311KiB/20001msec)
    slat (nsec): min=2983, max=61198, avg=5999.78, stdev=2256.52
    clat (usec): min=46, max=524, avg=157.76, stdev=19.81
     lat (usec): min=51, max=529, avg=163.90, stdev=19.71
    clat percentiles (usec):
     |  1.00th=[  117],  5.00th=[  128], 10.00th=[  135], 20.00th=[  143],
     | 30.00th=[  147], 40.00th=[  153], 50.00th=[  157], 60.00th=[  161],
     | 70.00th=[  167], 80.00th=[  174], 90.00th=[  184], 95.00th=[  194],
     | 99.00th=[  215], 99.50th=[  221], 99.90th=[  235], 99.95th=[  239],
     | 99.99th=[  251]
   bw (  KiB/s): min=  114, max=  116, per=98.67%, avg=114.38, stdev= 0.39, samples=80
   iops        : min=117312, max=119216, avg=118316.00, stdev=252.51, samples=80
  write: IOPS=118k, BW=115KiB/s (118kB/s)(2309KiB/20001msec); 0 zone resets
    slat (nsec): min=3365, max=64086, avg=7201.11, stdev=2670.66
    clat (usec): min=35, max=464, avg=97.97, stdev=17.34
     lat (usec): min=41, max=479, avg=105.31, stdev=17.36
    clat percentiles (usec):
     |  1.00th=[   67],  5.00th=[   75], 10.00th=[   79], 20.00th=[   85],
     | 30.00th=[   89], 40.00th=[   93], 50.00th=[   96], 60.00th=[  100],
     | 70.00th=[  104], 80.00th=[  110], 90.00th=[  120], 95.00th=[  133],
     | 99.00th=[  153], 99.50th=[  157], 99.90th=[  165], 99.95th=[  169],
     | 99.99th=[  178]
   bw (  KiB/s): min=  114, max=  116, per=98.75%, avg=114.35, stdev= 0.38, samples=80
   iops        : min=116952, max=119796, avg=118228.65, stdev=322.76, samples=80
  lat (usec)   : 50=0.01%, 100=30.13%, 250=69.86%, 500=0.01%, 750=0.01%
  cpu          : usr=19.58%, sys=73.62%, ctx=358678, majf=0, minf=0
  IO depths    : 1=0.0%, 2=0.0%, 4=0.0%, 8=0.0%, 16=100.0%, 32=0.0%, >=64=0.0%
     submit    : 0=0.0%, 4=100.0%, 8=0.0%, 16=0.0%, 32=0.0%, 64=0.0%, >=64=0.0%
     complete  : 0=0.0%, 4=100.0%, 8=0.0%, 16=0.1%, 32=0.0%, 64=0.0%, >=64=0.0%
     issued rwts: total=2366226,2364481,0,0 short=0,0,0,0 dropped=0,0,0,0
     latency   : target=0, window=0, percentile=100.00%, depth=16

Run status group 0 (all jobs):
   READ: bw=116KiB/s (118kB/s), 116KiB/s-116KiB/s (118kB/s-118kB/s), io=2311KiB (2366kB), run=20001-20001msec
  WRITE: bw=115KiB/s (118kB/s), 115KiB/s-115KiB/s (118kB/s-118kB/s), io=2309KiB (2364kB), run=20001-20001msec
