write_8k_32_4: (g=0): rw=write, bs=(R) 8192B-8192B, (W) 8192B-8192B, (T) 8192B-8192B, ioengine=io_uring, iodepth=32
...
fio-3.28
Starting 4 threads

write_8k_32_4: (groupid=0, jobs=4): err= 0: pid=54509: Fri Feb 24 05:22:54 2023
  write: IOPS=205k, BW=1601MiB/s (1679MB/s)(31.3GiB/20001msec); 0 zone resets
    slat (usec): min=3, max=8033, avg=18.68, stdev=16.40
    clat (usec): min=144, max=8633, avg=605.15, stdev=92.93
     lat (usec): min=151, max=8651, avg=623.94, stdev=94.43
    clat percentiles (usec):
     |  1.00th=[  570],  5.00th=[  578], 10.00th=[  586], 20.00th=[  594],
     | 30.00th=[  603], 40.00th=[  603], 50.00th=[  611], 60.00th=[  611],
     | 70.00th=[  611], 80.00th=[  619], 90.00th=[  619], 95.00th=[  627],
     | 99.00th=[  627], 99.50th=[  635], 99.90th=[  644], 99.95th=[  660],
     | 99.99th=[ 6783]
   bw (  MiB/s): min= 1563, max= 1621, per=100.00%, avg=1601.36, stdev= 2.73, samples=160
   iops        : min=200116, max=207512, avg=204974.30, stdev=348.90, samples=160
  lat (usec)   : 250=0.01%, 500=0.79%, 750=99.19%, 1000=0.01%
  lat (msec)   : 2=0.01%, 4=0.01%, 10=0.02%
  cpu          : usr=8.13%, sys=91.77%, ctx=32818, majf=0, minf=0
  IO depths    : 1=0.0%, 2=0.0%, 4=0.0%, 8=0.0%, 16=0.0%, 32=100.0%, >=64=0.0%
     submit    : 0=0.0%, 4=100.0%, 8=0.0%, 16=0.0%, 32=0.0%, 64=0.0%, >=64=0.0%
     complete  : 0=0.0%, 4=100.0%, 8=0.0%, 16=0.0%, 32=0.1%, 64=0.0%, >=64=0.0%
     issued rwts: total=0,4099277,0,0 short=0,0,0,0 dropped=0,0,0,0
     latency   : target=0, window=0, percentile=100.00%, depth=32

Run status group 0 (all jobs):
  WRITE: bw=1601MiB/s (1679MB/s), 1601MiB/s-1601MiB/s (1679MB/s-1679MB/s), io=31.3GiB (33.6GB), run=20001-20001msec
