read_16k_8_2: (g=0): rw=read, bs=(R) 16.0KiB-16.0KiB, (W) 16.0KiB-16.0KiB, (T) 16.0KiB-16.0KiB, ioengine=io_uring, iodepth=8
...
fio-3.28
Starting 2 threads

read_16k_8_2: (groupid=0, jobs=2): err= 0: pid=42989: Fri Feb 24 03:35:51 2023
  read: IOPS=162k, BW=2533MiB/s (2656MB/s)(49.5GiB/20001msec)
    slat (nsec): min=4344, max=44795, avg=7280.74, stdev=1619.40
    clat (usec): min=48, max=346, avg=90.67, stdev=15.71
     lat (usec): min=56, max=353, avg=98.06, stdev=15.62
    clat percentiles (usec):
     |  1.00th=[   75],  5.00th=[   79], 10.00th=[   81], 20.00th=[   83],
     | 30.00th=[   85], 40.00th=[   87], 50.00th=[   88], 60.00th=[   89],
     | 70.00th=[   91], 80.00th=[   93], 90.00th=[   97], 95.00th=[  133],
     | 99.00th=[  163], 99.50th=[  169], 99.90th=[  178], 99.95th=[  180],
     | 99.99th=[  188]
   bw (  MiB/s): min= 2529, max= 2538, per=100.00%, avg=2533.39, stdev= 0.97, samples=80
   iops        : min=161864, max=162478, avg=162137.15, stdev=62.32, samples=80
  lat (usec)   : 50=0.01%, 100=92.69%, 250=7.31%, 500=0.01%
  cpu          : usr=14.59%, sys=64.78%, ctx=1510138, majf=0, minf=0
  IO depths    : 1=0.0%, 2=0.0%, 4=0.0%, 8=100.0%, 16=0.0%, 32=0.0%, >=64=0.0%
     submit    : 0=0.0%, 4=100.0%, 8=0.0%, 16=0.0%, 32=0.0%, 64=0.0%, >=64=0.0%
     complete  : 0=0.0%, 4=100.0%, 8=0.1%, 16=0.0%, 32=0.0%, 64=0.0%, >=64=0.0%
     issued rwts: total=3242612,0,0,0 short=0,0,0,0 dropped=0,0,0,0
     latency   : target=0, window=0, percentile=100.00%, depth=8

Run status group 0 (all jobs):
   READ: bw=2533MiB/s (2656MB/s), 2533MiB/s-2533MiB/s (2656MB/s-2656MB/s), io=49.5GiB (53.1GB), run=20001-20001msec
