write_32k_32_4: (g=0): rw=write, bs=(R) 32.0KiB-32.0KiB, (W) 32.0KiB-32.0KiB, (T) 32.0KiB-32.0KiB, ioengine=io_uring, iodepth=32
...
fio-3.28
Starting 4 threads

write_32k_32_4: (groupid=0, jobs=4): err= 0: pid=59043: Fri Feb 24 06:03:22 2023
  write: IOPS=111k, BW=3457MiB/s (3625MB/s)(67.6GiB/20009msec); 0 zone resets
    slat (usec): min=4, max=379, avg=20.50, stdev= 7.12
    clat (usec): min=140, max=800248, avg=1139.41, stdev=11052.60
     lat (usec): min=214, max=800256, avg=1160.03, stdev=11052.42
    clat percentiles (usec):
     |  1.00th=[   289],  5.00th=[   310], 10.00th=[   322], 20.00th=[   334],
     | 30.00th=[   343], 40.00th=[   351], 50.00th=[   359], 60.00th=[   363],
     | 70.00th=[   371], 80.00th=[   379], 90.00th=[   396], 95.00th=[   420],
     | 99.00th=[   461], 99.50th=[ 92799], 99.90th=[160433], 99.95th=[221250],
     | 99.99th=[320865]
   bw (  MiB/s): min= 3195, max= 3720, per=100.00%, avg=3459.12, stdev=30.38, samples=160
   iops        : min=102254, max=119062, avg=110691.70, stdev=972.23, samples=160
  lat (usec)   : 250=0.02%, 500=99.39%, 750=0.01%
  lat (msec)   : 10=0.01%, 50=0.01%, 100=0.12%, 250=0.43%, 500=0.03%
  lat (msec)   : 750=0.01%, 1000=0.01%
  cpu          : usr=5.99%, sys=56.74%, ctx=761835, majf=0, minf=0
  IO depths    : 1=0.0%, 2=0.0%, 4=0.0%, 8=0.0%, 16=0.0%, 32=100.0%, >=64=0.0%
     submit    : 0=0.0%, 4=100.0%, 8=0.0%, 16=0.0%, 32=0.0%, 64=0.0%, >=64=0.0%
     complete  : 0=0.0%, 4=100.0%, 8=0.0%, 16=0.0%, 32=0.1%, 64=0.0%, >=64=0.0%
     issued rwts: total=0,2213576,0,0 short=0,0,0,0 dropped=0,0,0,0
     latency   : target=0, window=0, percentile=100.00%, depth=32

Run status group 0 (all jobs):
  WRITE: bw=3457MiB/s (3625MB/s), 3457MiB/s-3457MiB/s (3625MB/s-3625MB/s), io=67.6GiB (72.5GB), run=20009-20009msec
