randrw_32k_1_2: (g=0): rw=randrw, bs=(R) 32.0KiB-32.0KiB, (W) 32.0KiB-32.0KiB, (T) 32.0KiB-32.0KiB, ioengine=io_uring, iodepth=1
...
fio-3.28
Starting 2 threads

randrw_32k_1_2: (groupid=0, jobs=2): err= 0: pid=32133: Fri Feb 24 01:46:43 2023
  read: IOPS=14.3k, BW=446MiB/s (468MB/s)(8921MiB/20001msec)
    slat (nsec): min=6679, max=54959, avg=7972.96, stdev=660.57
    clat (usec): min=37, max=153, avg=57.92, stdev=12.33
     lat (usec): min=59, max=161, avg=66.04, stdev=12.35
    clat percentiles (usec):
     |  1.00th=[   53],  5.00th=[   53], 10.00th=[   54], 20.00th=[   54],
     | 30.00th=[   55], 40.00th=[   55], 50.00th=[   55], 60.00th=[   55],
     | 70.00th=[   56], 80.00th=[   57], 90.00th=[   61], 95.00th=[   89],
     | 99.00th=[  119], 99.50th=[  121], 99.90th=[  128], 99.95th=[  130],
     | 99.99th=[  133]
   bw (  KiB/s): min=444480, max=469056, per=100.00%, avg=456770.02, stdev=3424.26, samples=80
   iops        : min=13890, max=14658, avg=14274.05, stdev=107.01, samples=80
  write: IOPS=14.3k, BW=447MiB/s (469MB/s)(8945MiB/20001msec); 0 zone resets
    slat (nsec): min=7619, max=56268, avg=10033.36, stdev=1043.81
    clat (usec): min=40, max=153, avg=61.78, stdev=12.54
     lat (usec): min=64, max=177, avg=71.96, stdev=12.60
    clat percentiles (usec):
     |  1.00th=[   58],  5.00th=[   58], 10.00th=[   58], 20.00th=[   58],
     | 30.00th=[   59], 40.00th=[   59], 50.00th=[   59], 60.00th=[   59],
     | 70.00th=[   60], 80.00th=[   60], 90.00th=[   62], 95.00th=[   95],
     | 99.00th=[  122], 99.50th=[  125], 99.90th=[  130], 99.95th=[  131],
     | 99.99th=[  133]
   bw (  KiB/s): min=444224, max=473620, per=100.00%, avg=457983.28, stdev=3041.40, samples=80
   iops        : min=13882, max=14800, avg=14311.95, stdev=95.02, samples=80
  lat (usec)   : 50=0.01%, 100=95.99%, 250=4.00%
  cpu          : usr=4.88%, sys=14.99%, ctx=571698, majf=0, minf=0
  IO depths    : 1=100.0%, 2=0.0%, 4=0.0%, 8=0.0%, 16=0.0%, 32=0.0%, >=64=0.0%
     submit    : 0=0.0%, 4=100.0%, 8=0.0%, 16=0.0%, 32=0.0%, 64=0.0%, >=64=0.0%
     complete  : 0=0.0%, 4=100.0%, 8=0.0%, 16=0.0%, 32=0.0%, 64=0.0%, >=64=0.0%
     issued rwts: total=285469,286228,0,0 short=0,0,0,0 dropped=0,0,0,0
     latency   : target=0, window=0, percentile=100.00%, depth=1

Run status group 0 (all jobs):
   READ: bw=446MiB/s (468MB/s), 446MiB/s-446MiB/s (468MB/s-468MB/s), io=8921MiB (9354MB), run=20001-20001msec
  WRITE: bw=447MiB/s (469MB/s), 447MiB/s-447MiB/s (469MB/s-469MB/s), io=8945MiB (9379MB), run=20001-20001msec
