randrw_32k_2_2: (g=0): rw=randrw, bs=(R) 32.0KiB-32.0KiB, (W) 32.0KiB-32.0KiB, (T) 32.0KiB-32.0KiB, ioengine=io_uring, iodepth=2
...
fio-3.28
Starting 2 threads

randrw_32k_2_2: (groupid=0, jobs=2): err= 0: pid=32346: Fri Feb 24 01:49:14 2023
  read: IOPS=25.2k, BW=787MiB/s (826MB/s)(15.4GiB/20001msec)
    slat (nsec): min=5984, max=54795, avg=7747.71, stdev=708.68
    clat (usec): min=20, max=392, avg=68.54, stdev=13.72
     lat (usec): min=59, max=400, avg=76.41, stdev=13.69
    clat percentiles (usec):
     |  1.00th=[   55],  5.00th=[   60], 10.00th=[   61], 20.00th=[   63],
     | 30.00th=[   64], 40.00th=[   65], 50.00th=[   66], 60.00th=[   67],
     | 70.00th=[   69], 80.00th=[   71], 90.00th=[   76], 95.00th=[   91],
     | 99.00th=[  131], 99.50th=[  137], 99.90th=[  147], 99.95th=[  153],
     | 99.99th=[  159]
   bw (  KiB/s): min=791488, max=823488, per=100.00%, avg=806305.33, stdev=3720.52, samples=80
   iops        : min=24736, max=25734, avg=25197.00, stdev=116.27, samples=80
  write: IOPS=25.2k, BW=787MiB/s (825MB/s)(15.4GiB/20001msec); 0 zone resets
    slat (nsec): min=6983, max=57831, avg=9696.35, stdev=1039.80
    clat (usec): min=11, max=407, avg=70.83, stdev=13.59
     lat (usec): min=64, max=415, avg=80.65, stdev=13.64
    clat percentiles (usec):
     |  1.00th=[   59],  5.00th=[   62], 10.00th=[   64], 20.00th=[   65],
     | 30.00th=[   67], 40.00th=[   68], 50.00th=[   69], 60.00th=[   69],
     | 70.00th=[   70], 80.00th=[   72], 90.00th=[   77], 95.00th=[  103],
     | 99.00th=[  133], 99.50th=[  137], 99.90th=[  145], 99.95th=[  147],
     | 99.99th=[  153]
   bw (  KiB/s): min=790272, max=821312, per=100.00%, avg=806186.40, stdev=3520.75, samples=80
   iops        : min=24696, max=25666, avg=25193.30, stdev=110.00, samples=80
  lat (usec)   : 20=0.01%, 50=0.01%, 100=95.03%, 250=4.97%, 500=0.01%
  cpu          : usr=8.33%, sys=24.84%, ctx=977719, majf=0, minf=0
  IO depths    : 1=0.0%, 2=100.0%, 4=0.0%, 8=0.0%, 16=0.0%, 32=0.0%, >=64=0.0%
     submit    : 0=0.0%, 4=100.0%, 8=0.0%, 16=0.0%, 32=0.0%, 64=0.0%, >=64=0.0%
     complete  : 0=0.0%, 4=100.0%, 8=0.0%, 16=0.0%, 32=0.0%, 64=0.0%, >=64=0.0%
     issued rwts: total=503920,503846,0,0 short=0,0,0,0 dropped=0,0,0,0
     latency   : target=0, window=0, percentile=100.00%, depth=2

Run status group 0 (all jobs):
   READ: bw=787MiB/s (826MB/s), 787MiB/s-787MiB/s (826MB/s-826MB/s), io=15.4GiB (16.5GB), run=20001-20001msec
  WRITE: bw=787MiB/s (825MB/s), 787MiB/s-787MiB/s (825MB/s-825MB/s), io=15.4GiB (16.5GB), run=20001-20001msec
