randrw_32k_64_4: (g=0): rw=randrw, bs=(R) 32.0KiB-32.0KiB, (W) 32.0KiB-32.0KiB, (T) 32.0KiB-32.0KiB, ioengine=io_uring, iodepth=64
...
fio-3.28
Starting 4 threads

randrw_32k_64_4: (groupid=0, jobs=4): err= 0: pid=33442: Fri Feb 24 02:02:23 2023
  read: IOPS=62.8k, BW=1962MiB/s (2058MB/s)(38.4GiB/20041msec)
    slat (usec): min=4, max=364, avg= 9.37, stdev= 2.68
    clat (usec): min=118, max=1080.3k, avg=1944.63, stdev=23536.17
     lat (usec): min=217, max=1080.3k, avg=1954.13, stdev=23536.01
    clat percentiles (usec):
     |  1.00th=[   262],  5.00th=[   277], 10.00th=[   285], 20.00th=[   297],
     | 30.00th=[   306], 40.00th=[   314], 50.00th=[   318], 60.00th=[   330],
     | 70.00th=[   338], 80.00th=[   355], 90.00th=[   388], 95.00th=[   433],
     | 99.00th=[   502], 99.50th=[225444], 99.90th=[304088], 99.95th=[513803],
     | 99.99th=[608175]
   bw (  MiB/s): min= 1643, max= 2276, per=100.00%, avg=1966.26, stdev=34.49, samples=160
   iops        : min=52592, max=72850, avg=62920.07, stdev=1103.68, samples=160
  write: IOPS=62.7k, BW=1960MiB/s (2055MB/s)(38.4GiB/20041msec); 0 zone resets
    slat (usec): min=5, max=367, avg=13.01, stdev= 4.19
    clat (usec): min=165, max=1496.3k, avg=2134.17, stdev=25149.97
     lat (usec): min=174, max=1496.3k, avg=2147.32, stdev=25149.85
    clat percentiles (usec):
     |  1.00th=[   262],  5.00th=[   281], 10.00th=[   289], 20.00th=[   306],
     | 30.00th=[   314], 40.00th=[   322], 50.00th=[   330], 60.00th=[   338],
     | 70.00th=[   351], 80.00th=[   363], 90.00th=[   400], 95.00th=[   453],
     | 99.00th=[   515], 99.50th=[240124], 99.90th=[316670], 99.95th=[522191],
     | 99.99th=[750781]
   bw (  MiB/s): min= 1653, max= 2283, per=100.00%, avg=1963.68, stdev=35.33, samples=160
   iops        : min=52900, max=73060, avg=62837.67, stdev=1130.66, samples=160
  lat (usec)   : 250=0.30%, 500=98.46%, 750=0.69%, 1000=0.01%
  lat (msec)   : 50=0.01%, 100=0.01%, 250=0.13%, 500=0.37%, 750=0.05%
  lat (msec)   : 1000=0.01%, 2000=0.01%
  cpu          : usr=9.41%, sys=35.64%, ctx=1471174, majf=0, minf=0
  IO depths    : 1=0.0%, 2=0.0%, 4=0.0%, 8=0.0%, 16=0.0%, 32=0.0%, >=64=100.0%
     submit    : 0=0.0%, 4=100.0%, 8=0.0%, 16=0.0%, 32=0.0%, 64=0.0%, >=64=0.0%
     complete  : 0=0.0%, 4=100.0%, 8=0.0%, 16=0.0%, 32=0.0%, 64=0.1%, >=64=0.0%
     issued rwts: total=1258331,1256694,0,0 short=0,0,0,0 dropped=0,0,0,0
     latency   : target=0, window=0, percentile=100.00%, depth=64

Run status group 0 (all jobs):
   READ: bw=1962MiB/s (2058MB/s), 1962MiB/s-1962MiB/s (2058MB/s-2058MB/s), io=38.4GiB (41.2GB), run=20041-20041msec
  WRITE: bw=1960MiB/s (2055MB/s), 1960MiB/s-1960MiB/s (2055MB/s-2055MB/s), io=38.4GiB (41.2GB), run=20041-20041msec
