randrw_128k_1_4: (g=0): rw=randrw, bs=(R) 128KiB-128KiB, (W) 128KiB-128KiB, (T) 128KiB-128KiB, ioengine=io_uring, iodepth=1
...
fio-3.28
Starting 4 threads

randrw_128k_1_4: (groupid=0, jobs=4): err= 0: pid=35806: Fri Feb 24 02:27:49 2023
  read: IOPS=10.2k, BW=1272MiB/s (1333MB/s)(24.8GiB/20001msec)
    slat (nsec): min=9801, max=61025, avg=12680.51, stdev=701.95
    clat (usec): min=152, max=602, avg=178.58, stdev=20.47
     lat (usec): min=165, max=615, avg=191.38, stdev=20.46
    clat percentiles (usec):
     |  1.00th=[  165],  5.00th=[  167], 10.00th=[  167], 20.00th=[  169],
     | 30.00th=[  172], 40.00th=[  172], 50.00th=[  174], 60.00th=[  174],
     | 70.00th=[  176], 80.00th=[  178], 90.00th=[  194], 95.00th=[  233],
     | 99.00th=[  253], 99.50th=[  285], 99.90th=[  314], 99.95th=[  347],
     | 99.99th=[  388]
   bw (  MiB/s): min= 1001, max= 1340, per=100.00%, avg=1271.61, stdev=12.72, samples=160
   iops        : min= 8009, max=10724, avg=10172.77, stdev=101.88, samples=160
  write: IOPS=10.2k, BW=1270MiB/s (1332MB/s)(24.8GiB/20001msec); 0 zone resets
    slat (nsec): min=11735, max=67797, avg=18835.76, stdev=2889.37
    clat (usec): min=154, max=586, avg=181.00, stdev=20.79
     lat (usec): min=169, max=606, avg=199.98, stdev=20.98
    clat percentiles (usec):
     |  1.00th=[  169],  5.00th=[  169], 10.00th=[  172], 20.00th=[  172],
     | 30.00th=[  174], 40.00th=[  174], 50.00th=[  176], 60.00th=[  176],
     | 70.00th=[  178], 80.00th=[  180], 90.00th=[  198], 95.00th=[  235],
     | 99.00th=[  260], 99.50th=[  289], 99.90th=[  318], 99.95th=[  359],
     | 99.99th=[  400]
   bw (  MiB/s): min= 1045, max= 1328, per=100.00%, avg=1270.35, stdev=10.96, samples=160
   iops        : min= 8362, max=10624, avg=10162.80, stdev=87.67, samples=160
  lat (usec)   : 250=98.77%, 500=1.23%, 750=0.01%
  cpu          : usr=2.67%, sys=7.83%, ctx=406713, majf=0, minf=0
  IO depths    : 1=100.0%, 2=0.0%, 4=0.0%, 8=0.0%, 16=0.0%, 32=0.0%, >=64=0.0%
     submit    : 0=0.0%, 4=100.0%, 8=0.0%, 16=0.0%, 32=0.0%, 64=0.0%, >=64=0.0%
     complete  : 0=0.0%, 4=100.0%, 8=0.0%, 16=0.0%, 32=0.0%, 64=0.0%, >=64=0.0%
     issued rwts: total=203454,203250,0,0 short=0,0,0,0 dropped=0,0,0,0
     latency   : target=0, window=0, percentile=100.00%, depth=1

Run status group 0 (all jobs):
   READ: bw=1272MiB/s (1333MB/s), 1272MiB/s-1272MiB/s (1333MB/s-1333MB/s), io=24.8GiB (26.7GB), run=20001-20001msec
  WRITE: bw=1270MiB/s (1332MB/s), 1270MiB/s-1270MiB/s (1332MB/s-1332MB/s), io=24.8GiB (26.6GB), run=20001-20001msec
