randwrite_64k_1_1: (g=0): rw=randwrite, bs=(R) 64.0KiB-64.0KiB, (W) 64.0KiB-64.0KiB, (T) 64.0KiB-64.0KiB, ioengine=io_uring, iodepth=1
fio-3.28
Starting 1 thread

randwrite_64k_1_1: (groupid=0, jobs=1): err= 0: pid=24147: Fri Feb 24 00:24:03 2023
  write: IOPS=10.9k, BW=682MiB/s (715MB/s)(13.3GiB/20001msec); 0 zone resets
    slat (nsec): min=8718, max=25177, avg=9491.05, stdev=562.73
    clat (usec): min=66, max=1376, avg=81.31, stdev=15.99
     lat (usec): min=84, max=1386, avg=90.93, stdev=16.00
    clat percentiles (usec):
     |  1.00th=[   77],  5.00th=[   77], 10.00th=[   77], 20.00th=[   77],
     | 30.00th=[   77], 40.00th=[   77], 50.00th=[   77], 60.00th=[   78],
     | 70.00th=[   78], 80.00th=[   78], 90.00th=[   79], 95.00th=[  137],
     | 99.00th=[  139], 99.50th=[  139], 99.90th=[  143], 99.95th=[  145],
     | 99.99th=[  163]
   bw (  KiB/s): min=693120, max=713088, per=100.00%, avg=698146.83, stdev=3855.97, samples=40
   iops        : min=10830, max=11142, avg=10908.52, stdev=60.26, samples=40
  lat (usec)   : 100=92.07%, 250=7.93%, 500=0.01%
  lat (msec)   : 2=0.01%
  cpu          : usr=3.43%, sys=11.73%, ctx=218166, majf=0, minf=0
  IO depths    : 1=100.0%, 2=0.0%, 4=0.0%, 8=0.0%, 16=0.0%, 32=0.0%, >=64=0.0%
     submit    : 0=0.0%, 4=100.0%, 8=0.0%, 16=0.0%, 32=0.0%, 64=0.0%, >=64=0.0%
     complete  : 0=0.0%, 4=100.0%, 8=0.0%, 16=0.0%, 32=0.0%, 64=0.0%, >=64=0.0%
     issued rwts: total=0,218163,0,0 short=0,0,0,0 dropped=0,0,0,0
     latency   : target=0, window=0, percentile=100.00%, depth=1

Run status group 0 (all jobs):
  WRITE: bw=682MiB/s (715MB/s), 682MiB/s-682MiB/s (715MB/s-715MB/s), io=13.3GiB (14.3GB), run=20001-20001msec
