randrw_32k_128_16: (g=0): rw=randrw, bs=(R) 32.0KiB-32.0KiB, (W) 32.0KiB-32.0KiB, (T) 32.0KiB-32.0KiB, ioengine=io_uring, iodepth=128
...
fio-3.28
Starting 16 threads

randrw_32k_128_16: (groupid=0, jobs=16): err= 0: pid=33973: Fri Feb 24 02:05:58 2023
  read: IOPS=63.7k, BW=1991MiB/s (2088MB/s)(41.0GiB/21065msec)
    slat (usec): min=4, max=158, avg= 9.51, stdev= 2.70
    clat (usec): min=47, max=10512k, avg=16382.11, stdev=229794.60
     lat (usec): min=60, max=10512k, avg=16391.75, stdev=229794.42
    clat percentiles (usec):
     |  1.00th=[    198],  5.00th=[    273], 10.00th=[    281],
     | 20.00th=[    293], 30.00th=[    302], 40.00th=[    310],
     | 50.00th=[    318], 60.00th=[    326], 70.00th=[    338],
     | 80.00th=[    351], 90.00th=[    388], 95.00th=[    437],
     | 99.00th=[   1237], 99.50th=[2432697], 99.90th=[2667578],
     | 99.95th=[5066720], 99.99th=[7348421]
   bw (  MiB/s): min=   36, max= 9083, per=100.00%, avg=2782.90, stdev=168.87, samples=503
   iops        : min= 1174, max=290656, avg=89052.64, stdev=5403.94, samples=503
  write: IOPS=63.8k, BW=1995MiB/s (2091MB/s)(41.0GiB/21065msec); 0 zone resets
    slat (usec): min=5, max=370, avg=13.24, stdev= 4.48
    clat (usec): min=24, max=12840k, avg=18164.56, stdev=244429.17
     lat (usec): min=65, max=12840k, avg=18177.93, stdev=244429.08
    clat percentiles (usec):
     |  1.00th=[    198],  5.00th=[    273], 10.00th=[    289],
     | 20.00th=[    302], 30.00th=[    310], 40.00th=[    322],
     | 50.00th=[    330], 60.00th=[    338], 70.00th=[    347],
     | 80.00th=[    363], 90.00th=[    396], 95.00th=[    457],
     | 99.00th=[   1237], 99.50th=[2499806], 99.90th=[2734687],
     | 99.95th=[5066720], 99.99th=[7549748]
   bw (  MiB/s): min=   37, max= 9096, per=100.00%, avg=2806.69, stdev=168.95, samples=501
   iops        : min= 1194, max=291098, avg=89813.74, stdev=5406.28, samples=501
  lat (usec)   : 50=0.01%, 100=0.13%, 250=1.83%, 500=95.76%, 750=0.58%
  lat (usec)   : 1000=0.04%
  lat (msec)   : 2=1.13%, 10=0.01%, 20=0.01%, 50=0.01%, 100=0.01%
  lat (msec)   : 250=0.01%, 500=0.01%, 750=0.01%, 1000=0.01%, 2000=0.03%
  lat (msec)   : >=2000=0.55%
  cpu          : usr=2.37%, sys=9.61%, ctx=1711770, majf=0, minf=0
  IO depths    : 1=0.0%, 2=0.0%, 4=0.0%, 8=0.0%, 16=0.0%, 32=0.0%, >=64=100.0%
     submit    : 0=0.0%, 4=100.0%, 8=0.0%, 16=0.0%, 32=0.0%, 64=0.0%, >=64=0.0%
     complete  : 0=0.0%, 4=100.0%, 8=0.0%, 16=0.0%, 32=0.0%, 64=0.0%, >=64=0.1%
     issued rwts: total=1341035,1343463,0,0 short=0,0,0,0 dropped=0,0,0,0
     latency   : target=0, window=0, percentile=100.00%, depth=128

Run status group 0 (all jobs):
   READ: bw=1991MiB/s (2088MB/s), 1991MiB/s-1991MiB/s (2088MB/s-2088MB/s), io=41.0GiB (44.0GB), run=21065-21065msec
  WRITE: bw=1995MiB/s (2091MB/s), 1995MiB/s-1995MiB/s (2091MB/s-2091MB/s), io=41.0GiB (44.1GB), run=21065-21065msec
