read_8k_128_16: (g=0): rw=read, bs=(R) 8192B-8192B, (W) 8192B-8192B, (T) 8192B-8192B, ioengine=io_uring, iodepth=128
...
fio-3.28
Starting 16 threads

read_8k_128_16: (groupid=0, jobs=16): err= 0: pid=42212: Fri Feb 24 03:27:15 2023
  read: IOPS=223k, BW=1745MiB/s (1830MB/s)(34.2GiB/20096msec)
    slat (usec): min=3, max=365, avg= 6.34, stdev= 4.96
    clat (usec): min=34, max=1696.4k, avg=9250.93, stdev=61950.95
     lat (usec): min=40, max=1696.4k, avg=9257.41, stdev=61950.79
    clat percentiles (usec):
     |  1.00th=[   437],  5.00th=[   441], 10.00th=[   445], 20.00th=[   449],
     | 30.00th=[   453], 40.00th=[   453], 50.00th=[   457], 60.00th=[   457],
     | 70.00th=[   461], 80.00th=[   465], 90.00th=[   469], 95.00th=[   486],
     | 99.00th=[425722], 99.50th=[446694], 99.90th=[488637], 99.95th=[541066],
     | 99.99th=[876610]
   bw (  MiB/s): min= 1431, max= 2085, per=100.00%, avg=1752.56, stdev= 9.10, samples=640
   iops        : min=183294, max=267000, avg=224328.10, stdev=1165.42, samples=640
  lat (usec)   : 50=0.01%, 100=0.01%, 250=0.01%, 500=96.39%, 750=1.59%
  lat (usec)   : 1000=0.02%
  lat (msec)   : 2=0.01%, 100=0.01%, 250=0.02%, 500=1.94%, 750=0.04%
  lat (msec)   : 1000=0.04%, 2000=0.01%
  cpu          : usr=3.14%, sys=11.09%, ctx=3480202, majf=0, minf=0
  IO depths    : 1=0.0%, 2=0.0%, 4=0.0%, 8=0.0%, 16=0.0%, 32=0.0%, >=64=100.0%
     submit    : 0=0.0%, 4=100.0%, 8=0.0%, 16=0.0%, 32=0.0%, 64=0.0%, >=64=0.0%
     complete  : 0=0.0%, 4=100.0%, 8=0.0%, 16=0.0%, 32=0.0%, 64=0.0%, >=64=0.1%
     issued rwts: total=4486558,0,0,0 short=0,0,0,0 dropped=0,0,0,0
     latency   : target=0, window=0, percentile=100.00%, depth=128

Run status group 0 (all jobs):
   READ: bw=1745MiB/s (1830MB/s), 1745MiB/s-1745MiB/s (1830MB/s-1830MB/s), io=34.2GiB (36.8GB), run=20096-20096msec
