write_8k_16_1: (g=0): rw=write, bs=(R) 8192B-8192B, (W) 8192B-8192B, (T) 8192B-8192B, ioengine=io_uring, iodepth=16
fio-3.28
Starting 1 thread

write_8k_16_1: (groupid=0, jobs=1): err= 0: pid=54222: Fri Feb 24 05:19:21 2023
  write: IOPS=145k, BW=1134MiB/s (1189MB/s)(22.1GiB/20001msec); 0 zone resets
    slat (nsec): min=3589, max=38161, avg=5720.51, stdev=901.46
    clat (usec): min=73, max=454, avg=103.89, stdev=19.67
     lat (usec): min=79, max=460, avg=109.72, stdev=19.56
    clat percentiles (usec):
     |  1.00th=[   92],  5.00th=[   94], 10.00th=[   95], 20.00th=[   96],
     | 30.00th=[   97], 40.00th=[   98], 50.00th=[   99], 60.00th=[  100],
     | 70.00th=[  101], 80.00th=[  102], 90.00th=[  105], 95.00th=[  169],
     | 99.00th=[  188], 99.50th=[  192], 99.90th=[  202], 99.95th=[  206],
     | 99.99th=[  223]
   bw (  MiB/s): min= 1131, max= 1137, per=100.00%, avg=1133.61, stdev= 1.51, samples=40
   iops        : min=144832, max=145582, avg=145102.62, stdev=192.89, samples=40
  lat (usec)   : 100=65.55%, 250=34.45%, 500=0.01%
  cpu          : usr=22.60%, sys=72.78%, ctx=23493, majf=0, minf=0
  IO depths    : 1=0.0%, 2=0.0%, 4=0.0%, 8=0.0%, 16=100.0%, 32=0.0%, >=64=0.0%
     submit    : 0=0.0%, 4=100.0%, 8=0.0%, 16=0.0%, 32=0.0%, 64=0.0%, >=64=0.0%
     complete  : 0=0.0%, 4=100.0%, 8=0.0%, 16=0.1%, 32=0.0%, 64=0.0%, >=64=0.0%
     issued rwts: total=0,2901929,0,0 short=0,0,0,0 dropped=0,0,0,0
     latency   : target=0, window=0, percentile=100.00%, depth=16

Run status group 0 (all jobs):
  WRITE: bw=1134MiB/s (1189MB/s), 1134MiB/s-1134MiB/s (1189MB/s-1189MB/s), io=22.1GiB (23.8GB), run=20001-20001msec
