randrw_1_16_4: (g=0): rw=randrw, bs=(R) 1B-1B, (W) 1B-1B, (T) 1B-1B, ioengine=io_uring, iodepth=16
...
fio-3.28
Starting 4 threads

randrw_1_16_4: (groupid=0, jobs=4): err= 0: pid=25159: Fri Feb 24 00:36:11 2023
  read: IOPS=119k, BW=116KiB/s (119kB/s)(2330KiB/20001msec)
    slat (nsec): min=3714, max=70416, avg=6144.42, stdev=3532.12
    clat (usec): min=110, max=704, avg=357.41, stdev=37.07
     lat (usec): min=151, max=711, avg=363.67, stdev=37.43
    clat percentiles (usec):
     |  1.00th=[  258],  5.00th=[  297], 10.00th=[  314], 20.00th=[  330],
     | 30.00th=[  338], 40.00th=[  347], 50.00th=[  359], 60.00th=[  367],
     | 70.00th=[  375], 80.00th=[  392], 90.00th=[  408], 95.00th=[  420],
     | 99.00th=[  441], 99.50th=[  445], 99.90th=[  461], 99.95th=[  465],
     | 99.99th=[  482]
   bw (  KiB/s): min=  112, max=  116, per=98.72%, avg=115.62, stdev= 0.29, samples=160
   iops        : min=118274, max=120372, avg=119300.28, stdev=117.68, samples=160
  write: IOPS=119k, BW=116KiB/s (119kB/s)(2326KiB/20001msec); 0 zone resets
    slat (usec): min=4, max=376, avg= 7.53, stdev= 4.20
    clat (usec): min=58, max=551, avg=164.03, stdev=31.98
     lat (usec): min=71, max=556, avg=171.68, stdev=32.38
    clat percentiles (usec):
     |  1.00th=[  104],  5.00th=[  118], 10.00th=[  125], 20.00th=[  137],
     | 30.00th=[  145], 40.00th=[  153], 50.00th=[  161], 60.00th=[  172],
     | 70.00th=[  182], 80.00th=[  194], 90.00th=[  206], 95.00th=[  219],
     | 99.00th=[  247], 99.50th=[  253], 99.90th=[  265], 99.95th=[  265],
     | 99.99th=[  273]
   bw (  KiB/s): min=  112, max=  116, per=98.02%, avg=114.68, stdev= 0.47, samples=160
   iops        : min=117220, max=120808, avg=119100.75, stdev=205.43, samples=160
  lat (usec)   : 100=0.29%, 250=49.61%, 500=50.10%, 750=0.01%
  cpu          : usr=11.84%, sys=44.97%, ctx=2287441, majf=0, minf=0
  IO depths    : 1=0.0%, 2=0.0%, 4=0.0%, 8=0.0%, 16=100.0%, 32=0.0%, >=64=0.0%
     submit    : 0=0.0%, 4=100.0%, 8=0.0%, 16=0.0%, 32=0.0%, 64=0.0%, >=64=0.0%
     complete  : 0=0.0%, 4=100.0%, 8=0.0%, 16=0.1%, 32=0.0%, 64=0.0%, >=64=0.0%
     issued rwts: total=2385863,2381895,0,0 short=0,0,0,0 dropped=0,0,0,0
     latency   : target=0, window=0, percentile=100.00%, depth=16

Run status group 0 (all jobs):
   READ: bw=116KiB/s (119kB/s), 116KiB/s-116KiB/s (119kB/s-119kB/s), io=2330KiB (2386kB), run=20001-20001msec
  WRITE: bw=116KiB/s (119kB/s), 116KiB/s-116KiB/s (119kB/s-119kB/s), io=2326KiB (2382kB), run=20001-20001msec
