randrw_16k_16_8: (g=0): rw=randrw, bs=(R) 16.0KiB-16.0KiB, (W) 16.0KiB-16.0KiB, (T) 16.0KiB-16.0KiB, ioengine=io_uring, iodepth=16
...
fio-3.28
Starting 8 threads

randrw_16k_16_8: (groupid=0, jobs=8): err= 0: pid=31364: Fri Feb 24 01:37:36 2023
  read: IOPS=87.4k, BW=1366MiB/s (1432MB/s)(26.7GiB/20010msec)
    slat (usec): min=3, max=161, avg= 8.09, stdev= 3.92
    clat (usec): min=224, max=88433, avg=819.79, stdev=2896.07
     lat (usec): min=264, max=88438, avg=828.01, stdev=2895.84
    clat percentiles (usec):
     |  1.00th=[  359],  5.00th=[  400], 10.00th=[  420], 20.00th=[  449],
     | 30.00th=[  465], 40.00th=[  478], 50.00th=[  490], 60.00th=[  506],
     | 70.00th=[  519], 80.00th=[  537], 90.00th=[  562], 95.00th=[  586],
     | 99.00th=[19792], 99.50th=[24511], 99.90th=[36439], 99.95th=[40109],
     | 99.99th=[50070]
   bw (  MiB/s): min= 1259, max= 1473, per=100.00%, avg=1366.28, stdev= 5.74, samples=320
   iops        : min=80604, max=94279, avg=87441.72, stdev=367.53, samples=320
  write: IOPS=87.5k, BW=1367MiB/s (1433MB/s)(26.7GiB/20010msec); 0 zone resets
    slat (usec): min=4, max=395, avg=10.64, stdev= 5.24
    clat (usec): min=51, max=84313, avg=623.87, stdev=2874.39
     lat (usec): min=122, max=84320, avg=634.64, stdev=2874.16
    clat percentiles (usec):
     |  1.00th=[  184],  5.00th=[  212], 10.00th=[  231], 20.00th=[  258],
     | 30.00th=[  273], 40.00th=[  289], 50.00th=[  302], 60.00th=[  314],
     | 70.00th=[  330], 80.00th=[  351], 90.00th=[  375], 95.00th=[  396],
     | 99.00th=[19268], 99.50th=[24249], 99.90th=[35914], 99.95th=[40109],
     | 99.99th=[51643]
   bw (  MiB/s): min= 1245, max= 1481, per=100.00%, avg=1367.29, stdev= 6.37, samples=320
   iops        : min=79688, max=94824, avg=87506.38, stdev=407.52, samples=320
  lat (usec)   : 100=0.01%, 250=8.61%, 500=69.03%, 750=20.93%, 1000=0.01%
  lat (msec)   : 2=0.01%, 10=0.07%, 20=0.40%, 50=0.95%, 100=0.01%
  cpu          : usr=6.01%, sys=22.86%, ctx=2621017, majf=0, minf=0
  IO depths    : 1=0.0%, 2=0.0%, 4=0.0%, 8=0.0%, 16=100.0%, 32=0.0%, >=64=0.0%
     submit    : 0=0.0%, 4=100.0%, 8=0.0%, 16=0.0%, 32=0.0%, 64=0.0%, >=64=0.0%
     complete  : 0=0.0%, 4=100.0%, 8=0.0%, 16=0.1%, 32=0.0%, 64=0.0%, >=64=0.0%
     issued rwts: total=1748720,1750039,0,0 short=0,0,0,0 dropped=0,0,0,0
     latency   : target=0, window=0, percentile=100.00%, depth=16

Run status group 0 (all jobs):
   READ: bw=1366MiB/s (1432MB/s), 1366MiB/s-1366MiB/s (1432MB/s-1432MB/s), io=26.7GiB (28.7GB), run=20010-20010msec
  WRITE: bw=1367MiB/s (1433MB/s), 1367MiB/s-1367MiB/s (1433MB/s-1433MB/s), io=26.7GiB (28.7GB), run=20010-20010msec
