write_128k_32_16: (g=0): rw=write, bs=(R) 128KiB-128KiB, (W) 128KiB-128KiB, (T) 128KiB-128KiB, ioengine=io_uring, iodepth=32
...
fio-3.28
Starting 16 threads

write_128k_32_16: (groupid=0, jobs=16): err= 0: pid=62551: Fri Feb 24 06:45:00 2023
  write: IOPS=38.0k, BW=4757MiB/s (4988MB/s)(97.0GiB/20888msec); 0 zone resets
    slat (usec): min=8, max=125, avg=18.36, stdev= 4.33
    clat (usec): min=130, max=19736k, avg=15085.08, stdev=285605.59
     lat (usec): min=146, max=19736k, avg=15103.60, stdev=285605.43
    clat percentiles (usec):
     |  1.00th=[     277],  5.00th=[     322], 10.00th=[     326],
     | 20.00th=[     330], 30.00th=[     334], 40.00th=[     338],
     | 50.00th=[     338], 60.00th=[     343], 70.00th=[     347],
     | 80.00th=[     351], 90.00th=[     359], 95.00th=[     388],
     | 99.00th=[     424], 99.50th=[     441], 99.90th=[ 4244636],
     | 99.95th=[ 6341788], 99.99th=[10536092]
   bw (  MiB/s): min=  116, max=16455, per=100.00%, avg=5690.11, stdev=281.12, samples=560
   iops        : min=  928, max=131641, avg=45520.65, stdev=2248.91, samples=560
  lat (usec)   : 250=0.55%, 500=99.11%, 750=0.01%
  lat (msec)   : 250=0.01%, 500=0.01%, 750=0.01%, 1000=0.01%, 2000=0.03%
  lat (msec)   : >=2000=0.36%
  cpu          : usr=0.99%, sys=4.56%, ctx=772278, majf=0, minf=0
  IO depths    : 1=0.0%, 2=0.0%, 4=0.0%, 8=0.0%, 16=0.0%, 32=100.0%, >=64=0.0%
     submit    : 0=0.0%, 4=100.0%, 8=0.0%, 16=0.0%, 32=0.0%, 64=0.0%, >=64=0.0%
     complete  : 0=0.0%, 4=100.0%, 8=0.0%, 16=0.0%, 32=0.1%, 64=0.0%, >=64=0.0%
     issued rwts: total=0,794438,0,0 short=0,0,0,0 dropped=0,0,0,0
     latency   : target=0, window=0, percentile=100.00%, depth=32

Run status group 0 (all jobs):
  WRITE: bw=4757MiB/s (4988MB/s), 4757MiB/s-4757MiB/s (4988MB/s-4988MB/s), io=97.0GiB (104GB), run=20888-20888msec
