write_4k_16_8: (g=0): rw=write, bs=(R) 4096B-4096B, (W) 4096B-4096B, (T) 4096B-4096B, ioengine=io_uring, iodepth=16
...
fio-3.28
Starting 8 threads

write_4k_16_8: (groupid=0, jobs=8): err= 0: pid=51932: Fri Feb 24 05:00:38 2023
  write: IOPS=224k, BW=876MiB/s (919MB/s)(17.1GiB/20001msec); 0 zone resets
    slat (usec): min=3, max=8031, avg=34.83, stdev=17.53
    clat (usec): min=103, max=12187, avg=535.08, stdev=77.34
     lat (usec): min=113, max=12213, avg=570.02, stdev=79.45
    clat percentiles (usec):
     |  1.00th=[  486],  5.00th=[  506], 10.00th=[  515], 20.00th=[  523],
     | 30.00th=[  529], 40.00th=[  537], 50.00th=[  537], 60.00th=[  537],
     | 70.00th=[  545], 80.00th=[  545], 90.00th=[  553], 95.00th=[  553],
     | 99.00th=[  562], 99.50th=[  562], 99.90th=[  578], 99.95th=[  611],
     | 99.99th=[ 4359]
   bw (  KiB/s): min=881808, max=907280, per=100.00%, avg=897395.20, stdev=640.84, samples=320
   iops        : min=220452, max=226820, avg=224348.60, stdev=160.21, samples=320
  lat (usec)   : 250=0.03%, 500=2.73%, 750=97.20%, 1000=0.01%
  lat (msec)   : 2=0.01%, 4=0.01%, 10=0.01%, 20=0.01%
  cpu          : usr=4.24%, sys=95.61%, ctx=27260, majf=0, minf=0
  IO depths    : 1=0.0%, 2=0.0%, 4=0.0%, 8=0.0%, 16=100.0%, 32=0.0%, >=64=0.0%
     submit    : 0=0.0%, 4=100.0%, 8=0.0%, 16=0.0%, 32=0.0%, 64=0.0%, >=64=0.0%
     complete  : 0=0.0%, 4=100.0%, 8=0.0%, 16=0.1%, 32=0.0%, 64=0.0%, >=64=0.0%
     issued rwts: total=0,4486728,0,0 short=0,0,0,0 dropped=0,0,0,0
     latency   : target=0, window=0, percentile=100.00%, depth=16

Run status group 0 (all jobs):
  WRITE: bw=876MiB/s (919MB/s), 876MiB/s-876MiB/s (919MB/s-919MB/s), io=17.1GiB (18.4GB), run=20001-20001msec
