randrw_16k_16_16: (g=0): rw=randrw, bs=(R) 16.0KiB-16.0KiB, (W) 16.0KiB-16.0KiB, (T) 16.0KiB-16.0KiB, ioengine=io_uring, iodepth=16
...
fio-3.28
Starting 16 threads

randrw_16k_16_16: (groupid=0, jobs=16): err= 0: pid=31408: Fri Feb 24 01:38:06 2023
  read: IOPS=85.6k, BW=1338MiB/s (1403MB/s)(26.2GiB/20026msec)
    slat (usec): min=3, max=366, avg= 8.24, stdev= 4.10
    clat (usec): min=41, max=208140, avg=1607.67, stdev=8342.19
     lat (usec): min=47, max=208145, avg=1616.05, stdev=8341.92
    clat percentiles (usec):
     |  1.00th=[   388],  5.00th=[   429], 10.00th=[   453], 20.00th=[   478],
     | 30.00th=[   494], 40.00th=[   510], 50.00th=[   529], 60.00th=[   537],
     | 70.00th=[   553], 80.00th=[   578], 90.00th=[   603], 95.00th=[   635],
     | 99.00th=[ 56886], 99.50th=[ 66323], 99.90th=[ 84411], 99.95th=[104334],
     | 99.99th=[130548]
   bw (  MiB/s): min= 1143, max= 1537, per=100.00%, avg=1339.72, stdev= 5.53, samples=640
   iops        : min=73174, max=98388, avg=85742.25, stdev=354.03, samples=640
  write: IOPS=85.8k, BW=1341MiB/s (1407MB/s)(26.2GiB/20026msec); 0 zone resets
    slat (usec): min=4, max=692, avg=10.81, stdev= 5.63
    clat (usec): min=45, max=232322, avg=1359.67, stdev=8273.12
     lat (usec): min=52, max=232333, avg=1370.63, stdev=8272.89
    clat percentiles (usec):
     |  1.00th=[   184],  5.00th=[   208], 10.00th=[   225], 20.00th=[   249],
     | 30.00th=[   269], 40.00th=[   285], 50.00th=[   297], 60.00th=[   314],
     | 70.00th=[   326], 80.00th=[   347], 90.00th=[   375], 95.00th=[   400],
     | 99.00th=[ 56361], 99.50th=[ 64750], 99.90th=[ 84411], 99.95th=[104334],
     | 99.99th=[131597]
   bw (  MiB/s): min= 1138, max= 1550, per=100.00%, avg=1343.03, stdev= 5.81, samples=640
   iops        : min=72892, max=99218, avg=85953.90, stdev=372.01, samples=640
  lat (usec)   : 50=0.01%, 100=0.01%, 250=10.20%, 500=55.48%, 750=32.57%
  lat (usec)   : 1000=0.01%
  lat (msec)   : 2=0.01%, 20=0.01%, 50=0.28%, 100=1.40%, 250=0.06%
  cpu          : usr=3.24%, sys=11.79%, ctx=2977676, majf=0, minf=0
  IO depths    : 1=0.0%, 2=0.0%, 4=0.0%, 8=0.0%, 16=100.0%, 32=0.0%, >=64=0.0%
     submit    : 0=0.0%, 4=100.0%, 8=0.0%, 16=0.0%, 32=0.0%, 64=0.0%, >=64=0.0%
     complete  : 0=0.0%, 4=100.0%, 8=0.0%, 16=0.1%, 32=0.0%, 64=0.0%, >=64=0.0%
     issued rwts: total=1714845,1719058,0,0 short=0,0,0,0 dropped=0,0,0,0
     latency   : target=0, window=0, percentile=100.00%, depth=16

Run status group 0 (all jobs):
   READ: bw=1338MiB/s (1403MB/s), 1338MiB/s-1338MiB/s (1403MB/s-1403MB/s), io=26.2GiB (28.1GB), run=20026-20026msec
  WRITE: bw=1341MiB/s (1407MB/s), 1341MiB/s-1341MiB/s (1407MB/s-1407MB/s), io=26.2GiB (28.2GB), run=20026-20026msec
