randrw_4k_2_1: (g=0): rw=randrw, bs=(R) 4096B-4096B, (W) 4096B-4096B, (T) 4096B-4096B, ioengine=io_uring, iodepth=2
fio-3.28
Starting 1 thread

randrw_4k_2_1: (groupid=0, jobs=1): err= 0: pid=26139: Fri Feb 24 00:47:49 2023
  read: IOPS=22.3k, BW=87.1MiB/s (91.4MB/s)(1743MiB/20001msec)
    slat (nsec): min=3731, max=66998, avg=5102.80, stdev=612.35
    clat (usec): min=22, max=2624, avg=36.06, stdev=12.12
     lat (usec): min=32, max=2629, avg=41.28, stdev=12.10
    clat percentiles (usec):
     |  1.00th=[   30],  5.00th=[   31], 10.00th=[   33], 20.00th=[   34],
     | 30.00th=[   34], 40.00th=[   34], 50.00th=[   34], 60.00th=[   35],
     | 70.00th=[   35], 80.00th=[   35], 90.00th=[   39], 95.00th=[   41],
     | 99.00th=[   95], 99.50th=[   99], 99.90th=[  104], 99.95th=[  106],
     | 99.99th=[  112]
   bw (  KiB/s): min=87856, max=90912, per=100.00%, avg=89231.25, stdev=676.42, samples=40
   iops        : min=21964, max=22728, avg=22307.80, stdev=169.11, samples=40
  write: IOPS=22.3k, BW=87.0MiB/s (91.2MB/s)(1739MiB/20001msec); 0 zone resets
    slat (nsec): min=4268, max=22891, avg=5715.64, stdev=616.58
    clat (usec): min=24, max=126, avg=41.09, stdev=10.78
     lat (usec): min=38, max=132, avg=46.92, stdev=10.74
    clat percentiles (usec):
     |  1.00th=[   37],  5.00th=[   38], 10.00th=[   38], 20.00th=[   38],
     | 30.00th=[   38], 40.00th=[   39], 50.00th=[   39], 60.00th=[   39],
     | 70.00th=[   39], 80.00th=[   40], 90.00th=[   45], 95.00th=[   47],
     | 99.00th=[   98], 99.50th=[  100], 99.90th=[  105], 99.95th=[  108],
     | 99.99th=[  111]
   bw (  KiB/s): min=87960, max=90320, per=100.00%, avg=89065.45, stdev=575.87, samples=40
   iops        : min=21990, max=22580, avg=22266.35, stdev=143.97, samples=40
  lat (usec)   : 50=95.79%, 100=3.76%, 250=0.45%
  lat (msec)   : 4=0.01%
  cpu          : usr=11.85%, sys=30.67%, ctx=764186, majf=0, minf=0
  IO depths    : 1=0.0%, 2=100.0%, 4=0.0%, 8=0.0%, 16=0.0%, 32=0.0%, >=64=0.0%
     submit    : 0=0.0%, 4=100.0%, 8=0.0%, 16=0.0%, 32=0.0%, 64=0.0%, >=64=0.0%
     complete  : 0=0.0%, 4=100.0%, 8=0.0%, 16=0.0%, 32=0.0%, 64=0.0%, >=64=0.0%
     issued rwts: total=446141,445311,0,0 short=0,0,0,0 dropped=0,0,0,0
     latency   : target=0, window=0, percentile=100.00%, depth=2

Run status group 0 (all jobs):
   READ: bw=87.1MiB/s (91.4MB/s), 87.1MiB/s-87.1MiB/s (91.4MB/s-91.4MB/s), io=1743MiB (1827MB), run=20001-20001msec
  WRITE: bw=87.0MiB/s (91.2MB/s), 87.0MiB/s-87.0MiB/s (91.2MB/s-91.2MB/s), io=1739MiB (1824MB), run=20001-20001msec
