write_4k_4_4: (g=0): rw=write, bs=(R) 4096B-4096B, (W) 4096B-4096B, (T) 4096B-4096B, ioengine=io_uring, iodepth=4
...
fio-3.28
Starting 4 threads

write_4k_4_4: (groupid=0, jobs=4): err= 0: pid=51436: Fri Feb 24 04:55:05 2023
  write: IOPS=177k, BW=693MiB/s (727MB/s)(13.5GiB/20001msec); 0 zone resets
    slat (nsec): min=4211, max=78324, avg=8578.49, stdev=2884.23
    clat (usec): min=40, max=1103, avg=80.75, stdev=18.55
     lat (usec): min=45, max=1120, avg=89.46, stdev=18.55
    clat percentiles (usec):
     |  1.00th=[   63],  5.00th=[   69], 10.00th=[   71], 20.00th=[   73],
     | 30.00th=[   75], 40.00th=[   76], 50.00th=[   77], 60.00th=[   79],
     | 70.00th=[   80], 80.00th=[   82], 90.00th=[   88], 95.00th=[  120],
     | 99.00th=[  167], 99.50th=[  172], 99.90th=[  182], 99.95th=[  188],
     | 99.99th=[  196]
   bw (  KiB/s): min=706144, max=712304, per=100.00%, avg=709893.70, stdev=346.80, samples=160
   iops        : min=176536, max=178076, avg=177473.35, stdev=86.68, samples=160
  lat (usec)   : 50=0.05%, 100=94.06%, 250=5.89%, 500=0.01%
  lat (msec)   : 2=0.01%
  cpu          : usr=10.16%, sys=44.66%, ctx=2823795, majf=0, minf=0
  IO depths    : 1=0.0%, 2=0.0%, 4=100.0%, 8=0.0%, 16=0.0%, 32=0.0%, >=64=0.0%
     submit    : 0=0.0%, 4=100.0%, 8=0.0%, 16=0.0%, 32=0.0%, 64=0.0%, >=64=0.0%
     complete  : 0=0.0%, 4=100.0%, 8=0.0%, 16=0.0%, 32=0.0%, 64=0.0%, >=64=0.0%
     issued rwts: total=0,3549317,0,0 short=0,0,0,0 dropped=0,0,0,0
     latency   : target=0, window=0, percentile=100.00%, depth=4

Run status group 0 (all jobs):
  WRITE: bw=693MiB/s (727MB/s), 693MiB/s-693MiB/s (727MB/s-727MB/s), io=13.5GiB (14.5GB), run=20001-20001msec
