write_8k_128_16: (g=0): rw=write, bs=(R) 8192B-8192B, (W) 8192B-8192B, (T) 8192B-8192B, ioengine=io_uring, iodepth=128
...
fio-3.28
Starting 16 threads

write_8k_128_16: (groupid=0, jobs=16): err= 0: pid=55940: Fri Feb 24 05:28:58 2023
  write: IOPS=218k, BW=1701MiB/s (1783MB/s)(33.2GiB/20008msec); 0 zone resets
    slat (usec): min=3, max=8172, avg=72.64, stdev=39.86
    clat (usec): min=98, max=192267, avg=9334.19, stdev=1369.66
     lat (usec): min=168, max=192329, avg=9406.95, stdev=1370.64
    clat percentiles (usec):
     |  1.00th=[ 7898],  5.00th=[ 8979], 10.00th=[ 9110], 20.00th=[ 9241],
     | 30.00th=[ 9241], 40.00th=[ 9241], 50.00th=[ 9372], 60.00th=[ 9372],
     | 70.00th=[ 9372], 80.00th=[ 9503], 90.00th=[ 9503], 95.00th=[ 9634],
     | 99.00th=[ 9765], 99.50th=[11994], 99.90th=[17695], 99.95th=[32637],
     | 99.99th=[76022]
   bw (  MiB/s): min= 1654, max= 1776, per=100.00%, avg=1700.64, stdev= 1.42, samples=636
   iops        : min=211760, max=227352, avg=217682.18, stdev=181.66, samples=636
  lat (usec)   : 100=0.01%, 250=0.01%, 500=0.01%, 750=0.01%, 1000=0.01%
  lat (msec)   : 2=0.12%, 4=0.13%, 10=98.94%, 20=0.74%, 50=0.07%
  lat (msec)   : 100=0.03%, 250=0.01%
  cpu          : usr=2.18%, sys=97.47%, ctx=43724, majf=0, minf=0
  IO depths    : 1=0.0%, 2=0.0%, 4=0.0%, 8=0.0%, 16=0.0%, 32=0.0%, >=64=100.0%
     submit    : 0=0.0%, 4=100.0%, 8=0.0%, 16=0.0%, 32=0.0%, 64=0.0%, >=64=0.0%
     complete  : 0=0.0%, 4=100.0%, 8=0.0%, 16=0.0%, 32=0.0%, 64=0.0%, >=64=0.1%
     issued rwts: total=0,4353191,0,0 short=0,0,0,0 dropped=0,0,0,0
     latency   : target=0, window=0, percentile=100.00%, depth=128

Run status group 0 (all jobs):
  WRITE: bw=1701MiB/s (1783MB/s), 1701MiB/s-1701MiB/s (1783MB/s-1783MB/s), io=33.2GiB (35.7GB), run=20008-20008msec
