write_32k_8_2: (g=0): rw=write, bs=(R) 32.0KiB-32.0KiB, (W) 32.0KiB-32.0KiB, (T) 32.0KiB-32.0KiB, ioengine=io_uring, iodepth=8
...
fio-3.28
Starting 2 threads

write_32k_8_2: (groupid=0, jobs=2): err= 0: pid=58583: Fri Feb 24 05:57:48 2023
  write: IOPS=94.3k, BW=2948MiB/s (3091MB/s)(57.6GiB/20001msec); 0 zone resets
    slat (nsec): min=6342, max=42667, avg=11336.16, stdev=1951.78
    clat (usec): min=91, max=376, avg=157.34, stdev=21.81
     lat (usec): min=100, max=385, avg=168.83, stdev=21.89
    clat percentiles (usec):
     |  1.00th=[  121],  5.00th=[  133], 10.00th=[  139], 20.00th=[  145],
     | 30.00th=[  149], 40.00th=[  151], 50.00th=[  155], 60.00th=[  157],
     | 70.00th=[  161], 80.00th=[  165], 90.00th=[  174], 95.00th=[  212],
     | 99.00th=[  241], 99.50th=[  249], 99.90th=[  265], 99.95th=[  277],
     | 99.99th=[  318]
   bw (  MiB/s): min= 2588, max= 2964, per=100.00%, avg=2947.96, stdev=29.51, samples=80
   iops        : min=82828, max=94862, avg=94334.60, stdev=944.32, samples=80
  lat (usec)   : 100=0.05%, 250=99.48%, 500=0.47%
  cpu          : usr=11.47%, sys=54.59%, ctx=789402, majf=0, minf=0
  IO depths    : 1=0.0%, 2=0.0%, 4=0.0%, 8=100.0%, 16=0.0%, 32=0.0%, >=64=0.0%
     submit    : 0=0.0%, 4=100.0%, 8=0.0%, 16=0.0%, 32=0.0%, 64=0.0%, >=64=0.0%
     complete  : 0=0.0%, 4=100.0%, 8=0.1%, 16=0.0%, 32=0.0%, 64=0.0%, >=64=0.0%
     issued rwts: total=0,1886609,0,0 short=0,0,0,0 dropped=0,0,0,0
     latency   : target=0, window=0, percentile=100.00%, depth=8

Run status group 0 (all jobs):
  WRITE: bw=2948MiB/s (3091MB/s), 2948MiB/s-2948MiB/s (3091MB/s-3091MB/s), io=57.6GiB (61.8GB), run=20001-20001msec
