write_16k_8_4: (g=0): rw=write, bs=(R) 16.0KiB-16.0KiB, (W) 16.0KiB-16.0KiB, (T) 16.0KiB-16.0KiB, ioengine=io_uring, iodepth=8
...
fio-3.28
Starting 4 threads

write_16k_8_4: (groupid=0, jobs=4): err= 0: pid=56706: Fri Feb 24 05:38:04 2023
  write: IOPS=138k, BW=2161MiB/s (2266MB/s)(42.2GiB/20001msec); 0 zone resets
    slat (usec): min=4, max=146, avg=14.94, stdev= 5.50
    clat (usec): min=130, max=1888, avg=215.58, stdev=28.17
     lat (usec): min=145, max=1911, avg=230.63, stdev=27.93
    clat percentiles (usec):
     |  1.00th=[  163],  5.00th=[  176], 10.00th=[  186], 20.00th=[  196],
     | 30.00th=[  202], 40.00th=[  208], 50.00th=[  212], 60.00th=[  219],
     | 70.00th=[  223], 80.00th=[  231], 90.00th=[  249], 95.00th=[  277],
     | 99.00th=[  306], 99.50th=[  314], 99.90th=[  326], 99.95th=[  330],
     | 99.99th=[  338]
   bw (  MiB/s): min= 2153, max= 2166, per=100.00%, avg=2161.61, stdev= 0.55, samples=160
   iops        : min=137830, max=138644, avg=138342.95, stdev=35.31, samples=160
  lat (usec)   : 250=90.28%, 500=9.72%
  lat (msec)   : 2=0.01%
  cpu          : usr=7.67%, sys=55.09%, ctx=1629819, majf=0, minf=0
  IO depths    : 1=0.0%, 2=0.0%, 4=0.0%, 8=100.0%, 16=0.0%, 32=0.0%, >=64=0.0%
     submit    : 0=0.0%, 4=100.0%, 8=0.0%, 16=0.0%, 32=0.0%, 64=0.0%, >=64=0.0%
     complete  : 0=0.0%, 4=100.0%, 8=0.1%, 16=0.0%, 32=0.0%, 64=0.0%, >=64=0.0%
     issued rwts: total=0,2766724,0,0 short=0,0,0,0 dropped=0,0,0,0
     latency   : target=0, window=0, percentile=100.00%, depth=8

Run status group 0 (all jobs):
  WRITE: bw=2161MiB/s (2266MB/s), 2161MiB/s-2161MiB/s (2266MB/s-2266MB/s), io=42.2GiB (45.3GB), run=20001-20001msec
