read_64k_2_8: (g=0): rw=read, bs=(R) 64.0KiB-64.0KiB, (W) 64.0KiB-64.0KiB, (T) 64.0KiB-64.0KiB, ioengine=io_uring, iodepth=2
...
fio-3.28
Starting 8 threads

read_64k_2_8: (groupid=0, jobs=8): err= 0: pid=46199: Fri Feb 24 04:12:17 2023
  read: IOPS=79.6k, BW=4974MiB/s (5216MB/s)(97.2GiB/20001msec)
    slat (nsec): min=7085, max=79560, avg=10761.75, stdev=1538.72
    clat (usec): min=86, max=547, avg=189.33, stdev=21.04
     lat (usec): min=125, max=560, avg=200.22, stdev=20.96
    clat percentiles (usec):
     |  1.00th=[  161],  5.00th=[  169], 10.00th=[  174], 20.00th=[  178],
     | 30.00th=[  182], 40.00th=[  184], 50.00th=[  186], 60.00th=[  188],
     | 70.00th=[  192], 80.00th=[  194], 90.00th=[  200], 95.00th=[  245],
     | 99.00th=[  277], 99.50th=[  297], 99.90th=[  326], 99.95th=[  338],
     | 99.99th=[  408]
   bw (  MiB/s): min= 4348, max= 5011, per=100.00%, avg=4974.83, stdev=16.10, samples=320
   iops        : min=69574, max=80180, avg=79597.20, stdev=257.52, samples=320
  lat (usec)   : 100=0.01%, 250=95.77%, 500=4.23%, 750=0.01%
  cpu          : usr=2.39%, sys=12.92%, ctx=1577852, majf=0, minf=0
  IO depths    : 1=0.0%, 2=100.0%, 4=0.0%, 8=0.0%, 16=0.0%, 32=0.0%, >=64=0.0%
     submit    : 0=0.0%, 4=100.0%, 8=0.0%, 16=0.0%, 32=0.0%, 64=0.0%, >=64=0.0%
     complete  : 0=0.0%, 4=100.0%, 8=0.0%, 16=0.0%, 32=0.0%, 64=0.0%, >=64=0.0%
     issued rwts: total=1591848,0,0,0 short=0,0,0,0 dropped=0,0,0,0
     latency   : target=0, window=0, percentile=100.00%, depth=2

Run status group 0 (all jobs):
   READ: bw=4974MiB/s (5216MB/s), 4974MiB/s-4974MiB/s (5216MB/s-5216MB/s), io=97.2GiB (104GB), run=20001-20001msec
