"randread_16k_64_1": (g=0): rw=randread, bs=(R) 16.0KiB-16.0KiB, (W) 16.0KiB-16.0KiB, (T) 16.0KiB-16.0KiB, ioengine=io_uring, iodepth=64
fio-3.28
Starting 1 thread

"randread_16k_64_1": (groupid=0, jobs=1): err= 0: pid=17364: Thu Jul 27 00:44:18 2023
  read: IOPS=14.6k, BW=228MiB/s (240MB/s)(13.4GiB/60004msec)
    slat (nsec): min=2545, max=77974, avg=4753.74, stdev=2036.41
    clat (usec): min=115, max=40682, avg=4371.22, stdev=2458.80
     lat (usec): min=119, max=40687, avg=4376.09, stdev=2458.68
    clat percentiles (usec):
     |  1.00th=[  494],  5.00th=[  840], 10.00th=[ 1188], 20.00th=[ 2040],
     | 30.00th=[ 3064], 40.00th=[ 3818], 50.00th=[ 4359], 60.00th=[ 4948],
     | 70.00th=[ 5407], 80.00th=[ 5997], 90.00th=[ 7177], 95.00th=[ 8586],
     | 99.00th=[11994], 99.50th=[13698], 99.90th=[17433], 99.95th=[19268],
     | 99.99th=[23725]
   bw (  KiB/s): min=217696, max=271008, per=100.00%, avg=233990.33, stdev=11292.03, samples=120
   iops        : min=13606, max=16938, avg=14624.37, stdev=705.77, samples=120
  lat (usec)   : 250=0.11%, 500=0.94%, 750=2.53%, 1000=3.86%
  lat (msec)   : 2=12.03%, 4=23.82%, 10=54.20%, 20=2.48%, 50=0.04%
  cpu          : usr=2.79%, sys=8.75%, ctx=563031, majf=0, minf=0
  IO depths    : 1=0.0%, 2=0.0%, 4=0.0%, 8=0.0%, 16=0.0%, 32=0.0%, >=64=100.0%
     submit    : 0=0.0%, 4=100.0%, 8=0.0%, 16=0.0%, 32=0.0%, 64=0.0%, >=64=0.0%
     complete  : 0=0.0%, 4=100.0%, 8=0.0%, 16=0.0%, 32=0.0%, 64=0.1%, >=64=0.0%
     issued rwts: total=877407,0,0,0 short=0,0,0,0 dropped=0,0,0,0
     latency   : target=0, window=0, percentile=100.00%, depth=64

Run status group 0 (all jobs):
   READ: bw=228MiB/s (240MB/s), 228MiB/s-228MiB/s (240MB/s-240MB/s), io=13.4GiB (14.4GB), run=60004-60004msec
