"randwrite_16k_1_1": (g=0): rw=randwrite, bs=(R) 16.0KiB-16.0KiB, (W) 16.0KiB-16.0KiB, (T) 16.0KiB-16.0KiB, ioengine=io_uring, iodepth=1
fio-3.28
Starting 1 thread

"randwrite_16k_1_1": (groupid=0, jobs=1): err= 0: pid=19985: Thu Jul 27 01:24:14 2023
  write: IOPS=1129, BW=17.7MiB/s (18.5MB/s)(1059MiB/60001msec); 0 zone resets
    slat (nsec): min=5775, max=27031, avg=6604.06, stdev=752.07
    clat (usec): min=682, max=11441, avg=877.47, stdev=234.65
     lat (usec): min=690, max=11448, avg=884.21, stdev=234.67
    clat percentiles (usec):
     |  1.00th=[  742],  5.00th=[  766], 10.00th=[  783], 20.00th=[  799],
     | 30.00th=[  816], 40.00th=[  832], 50.00th=[  840], 60.00th=[  857],
     | 70.00th=[  873], 80.00th=[  889], 90.00th=[  922], 95.00th=[  955],
     | 99.00th=[ 2073], 99.50th=[ 2278], 99.90th=[ 3490], 99.95th=[ 4146],
     | 99.99th=[ 5932]
   bw (  KiB/s): min=16640, max=19712, per=100.00%, avg=18075.29, stdev=680.42, samples=120
   iops        : min= 1040, max= 1232, avg=1129.70, stdev=42.53, samples=120
  lat (usec)   : 750=1.68%, 1000=94.84%
  lat (msec)   : 2=2.24%, 4=1.18%, 10=0.06%, 20=0.01%
  cpu          : usr=0.32%, sys=1.11%, ctx=67860, majf=0, minf=0
  IO depths    : 1=100.0%, 2=0.0%, 4=0.0%, 8=0.0%, 16=0.0%, 32=0.0%, >=64=0.0%
     submit    : 0=0.0%, 4=100.0%, 8=0.0%, 16=0.0%, 32=0.0%, 64=0.0%, >=64=0.0%
     complete  : 0=0.0%, 4=100.0%, 8=0.0%, 16=0.0%, 32=0.0%, 64=0.0%, >=64=0.0%
     issued rwts: total=0,67780,0,0 short=0,0,0,0 dropped=0,0,0,0
     latency   : target=0, window=0, percentile=100.00%, depth=1

Run status group 0 (all jobs):
  WRITE: bw=17.7MiB/s (18.5MB/s), 17.7MiB/s-17.7MiB/s (18.5MB/s-18.5MB/s), io=1059MiB (1111MB), run=60001-60001msec
