"randread_4k_8_1": (g=0): rw=randread, bs=(R) 4096B-4096B, (W) 4096B-4096B, (T) 4096B-4096B, ioengine=io_uring, iodepth=8
fio-3.28
Starting 1 thread

"randread_4k_8_1": (groupid=0, jobs=1): err= 0: pid=16548: Thu Jul 27 00:32:35 2023
  read: IOPS=16.6k, BW=64.9MiB/s (68.1MB/s)(3897MiB/60001msec)
    slat (nsec): min=2002, max=59239, avg=3588.74, stdev=1477.64
    clat (usec): min=70, max=6725, avg=476.82, stdev=171.19
     lat (usec): min=74, max=6741, avg=480.51, stdev=171.18
    clat percentiles (usec):
     |  1.00th=[  113],  5.00th=[  169], 10.00th=[  233], 20.00th=[  355],
     | 30.00th=[  404], 40.00th=[  441], 50.00th=[  478], 60.00th=[  515],
     | 70.00th=[  553], 80.00th=[  611], 90.00th=[  693], 95.00th=[  758],
     | 99.00th=[  889], 99.50th=[  938], 99.90th=[ 1057], 99.95th=[ 1106],
     | 99.99th=[ 1467]
   bw (  KiB/s): min=59400, max=73544, per=100.00%, avg=66513.02, stdev=3367.92, samples=120
   iops        : min=14850, max=18386, avg=16628.24, stdev=841.98, samples=120
  lat (usec)   : 100=0.43%, 250=10.83%, 500=45.40%, 750=37.78%, 1000=5.34%
  lat (msec)   : 2=0.20%, 4=0.01%, 10=0.01%
  cpu          : usr=3.10%, sys=8.09%, ctx=734691, majf=0, minf=0
  IO depths    : 1=0.0%, 2=0.0%, 4=0.0%, 8=100.0%, 16=0.0%, 32=0.0%, >=64=0.0%
     submit    : 0=0.0%, 4=100.0%, 8=0.0%, 16=0.0%, 32=0.0%, 64=0.0%, >=64=0.0%
     complete  : 0=0.0%, 4=100.0%, 8=0.1%, 16=0.0%, 32=0.0%, 64=0.0%, >=64=0.0%
     issued rwts: total=997644,0,0,0 short=0,0,0,0 dropped=0,0,0,0
     latency   : target=0, window=0, percentile=100.00%, depth=8

Run status group 0 (all jobs):
   READ: bw=64.9MiB/s (68.1MB/s), 64.9MiB/s-64.9MiB/s (68.1MB/s-68.1MB/s), io=3897MiB (4086MB), run=60001-60001msec
