"randwrite_4k_1_1": (g=0): rw=randwrite, bs=(R) 4096B-4096B, (W) 4096B-4096B, (T) 4096B-4096B, ioengine=io_uring, iodepth=1
fio-3.28
Starting 1 thread

"randwrite_4k_1_1": (groupid=0, jobs=1): err= 0: pid=19957: Thu Jul 27 01:23:04 2023
  write: IOPS=1202, BW=4811KiB/s (4927kB/s)(282MiB/60001msec); 0 zone resets
    slat (nsec): min=4602, max=28307, avg=5250.17, stdev=732.12
    clat (usec): min=650, max=30522, avg=824.97, stdev=256.76
     lat (usec): min=655, max=30527, avg=830.36, stdev=256.76
    clat percentiles (usec):
     |  1.00th=[  701],  5.00th=[  725], 10.00th=[  742], 20.00th=[  758],
     | 30.00th=[  766], 40.00th=[  783], 50.00th=[  791], 60.00th=[  799],
     | 70.00th=[  816], 80.00th=[  832], 90.00th=[  865], 95.00th=[  906],
     | 99.00th=[ 2008], 99.50th=[ 2180], 99.90th=[ 3097], 99.95th=[ 3785],
     | 99.99th=[ 6325]
   bw (  KiB/s): min= 4232, max= 5272, per=99.99%, avg=4811.70, stdev=178.18, samples=120
   iops        : min= 1058, max= 1318, avg=1202.92, stdev=44.55, samples=120
  lat (usec)   : 750=16.69%, 1000=80.13%
  lat (msec)   : 2=2.18%, 4=0.96%, 10=0.04%, 20=0.01%, 50=0.01%
  cpu          : usr=0.33%, sys=1.02%, ctx=72260, majf=0, minf=0
  IO depths    : 1=100.0%, 2=0.0%, 4=0.0%, 8=0.0%, 16=0.0%, 32=0.0%, >=64=0.0%
     submit    : 0=0.0%, 4=100.0%, 8=0.0%, 16=0.0%, 32=0.0%, 64=0.0%, >=64=0.0%
     complete  : 0=0.0%, 4=100.0%, 8=0.0%, 16=0.0%, 32=0.0%, 64=0.0%, >=64=0.0%
     issued rwts: total=0,72173,0,0 short=0,0,0,0 dropped=0,0,0,0
     latency   : target=0, window=0, percentile=100.00%, depth=1

Run status group 0 (all jobs):
  WRITE: bw=4811KiB/s (4927kB/s), 4811KiB/s-4811KiB/s (4927kB/s-4927kB/s), io=282MiB (296MB), run=60001-60001msec
