randwrite_128k_8_2: (g=0): rw=randwrite, bs=(R) 128KiB-128KiB, (W) 128KiB-128KiB, (T) 128KiB-128KiB, ioengine=io_uring, iodepth=8
...
fio-3.28
Starting 2 threads

randwrite_128k_8_2: (groupid=0, jobs=2): err= 0: pid=11244: Thu Apr  6 23:20:46 2023
  write: IOPS=2343, BW=293MiB/s (307MB/s)(17.2GiB/60007msec); 0 zone resets
    slat (nsec): min=10463, max=79946, avg=25140.14, stdev=6937.81
    clat (usec): min=5508, max=12281, avg=6798.42, stdev=396.50
     lat (usec): min=5539, max=12311, avg=6823.98, stdev=396.31
    clat percentiles (usec):
     |  1.00th=[ 5735],  5.00th=[ 6194], 10.00th=[ 6325], 20.00th=[ 6390],
     | 30.00th=[ 6521], 40.00th=[ 6718], 50.00th=[ 6849], 60.00th=[ 6980],
     | 70.00th=[ 7046], 80.00th=[ 7111], 90.00th=[ 7177], 95.00th=[ 7308],
     | 99.00th=[ 7832], 99.50th=[ 7963], 99.90th=[ 8225], 99.95th=[ 8356],
     | 99.99th=[10421]
   bw (  KiB/s): min=273664, max=331008, per=100.00%, avg=300024.51, stdev=5155.19, samples=240
   iops        : min= 2138, max= 2586, avg=2343.84, stdev=40.27, samples=240
  lat (msec)   : 10=100.00%, 20=0.01%
  cpu          : usr=1.72%, sys=3.91%, ctx=140619, majf=0, minf=0
  IO depths    : 1=0.0%, 2=0.0%, 4=0.0%, 8=100.0%, 16=0.0%, 32=0.0%, >=64=0.0%
     submit    : 0=0.0%, 4=100.0%, 8=0.0%, 16=0.0%, 32=0.0%, 64=0.0%, >=64=0.0%
     complete  : 0=0.0%, 4=100.0%, 8=0.1%, 16=0.0%, 32=0.0%, 64=0.0%, >=64=0.0%
     issued rwts: total=0,140601,0,0 short=0,0,0,0 dropped=0,0,0,0
     latency   : target=0, window=0, percentile=100.00%, depth=8

Run status group 0 (all jobs):
  WRITE: bw=293MiB/s (307MB/s), 293MiB/s-293MiB/s (307MB/s-307MB/s), io=17.2GiB (18.4GB), run=60007-60007msec
