randwrite_32k_64_2: (g=0): rw=randwrite, bs=(R) 32.0KiB-32.0KiB, (W) 32.0KiB-32.0KiB, (T) 32.0KiB-32.0KiB, ioengine=io_uring, iodepth=64
...
fio-3.28
Starting 2 threads

randwrite_32k_64_2: (groupid=0, jobs=2): err= 0: pid=10399: Thu Apr  6 23:05:32 2023
  write: IOPS=22.6k, BW=706MiB/s (741MB/s)(41.4GiB/60005msec); 0 zone resets
    slat (usec): min=2, max=211, avg= 6.27, stdev= 3.31
    clat (usec): min=162, max=12736, avg=5655.89, stdev=1279.03
     lat (usec): min=170, max=12746, avg=5662.29, stdev=1278.70
    clat percentiles (usec):
     |  1.00th=[  221],  5.00th=[ 5145], 10.00th=[ 5342], 20.00th=[ 5473],
     | 30.00th=[ 5604], 40.00th=[ 5669], 50.00th=[ 5735], 60.00th=[ 5800],
     | 70.00th=[ 5932], 80.00th=[ 6128], 90.00th=[ 6521], 95.00th=[ 6915],
     | 99.00th=[ 8094], 99.50th=[ 9241], 99.90th=[11338], 99.95th=[11731],
     | 99.99th=[12125]
   bw (  KiB/s): min=568256, max=767360, per=100.00%, avg=723421.87, stdev=12238.43, samples=240
   iops        : min=17758, max=23980, avg=22606.83, stdev=382.47, samples=240
  lat (usec)   : 250=2.62%, 500=1.62%, 750=0.01%, 1000=0.01%
  lat (msec)   : 4=0.01%, 10=95.54%, 20=0.23%
  cpu          : usr=3.99%, sys=9.71%, ctx=1184462, majf=0, minf=0
  IO depths    : 1=0.0%, 2=0.0%, 4=0.0%, 8=0.0%, 16=0.0%, 32=0.0%, >=64=100.0%
     submit    : 0=0.0%, 4=100.0%, 8=0.0%, 16=0.0%, 32=0.0%, 64=0.0%, >=64=0.0%
     complete  : 0=0.0%, 4=100.0%, 8=0.0%, 16=0.0%, 32=0.0%, 64=0.1%, >=64=0.0%
     issued rwts: total=0,1356169,0,0 short=0,0,0,0 dropped=0,0,0,0
     latency   : target=0, window=0, percentile=100.00%, depth=64

Run status group 0 (all jobs):
  WRITE: bw=706MiB/s (741MB/s), 706MiB/s-706MiB/s (741MB/s-741MB/s), io=41.4GiB (44.4GB), run=60005-60005msec
