randwrite_1_1_1: (g=0): rw=randwrite, bs=(R) 1B-1B, (W) 1B-1B, (T) 1B-1B, ioengine=io_uring, iodepth=1
fio-3.28
Starting 1 thread

randwrite_1_1_1: (groupid=0, jobs=1): err= 0: pid=11701: Thu Apr  6 23:34:55 2023
  write: IOPS=9910, BW=9910B/s (9910B/s)(581KiB/60001msec); 0 zone resets
    slat (nsec): min=5510, max=43061, avg=6233.27, stdev=270.69
    clat (usec): min=53, max=6974, avg=93.73, stdev=17.98
     lat (usec): min=87, max=6980, avg=100.10, stdev=17.99
    clat percentiles (usec):
     |  1.00th=[   84],  5.00th=[   84], 10.00th=[   85], 20.00th=[   85],
     | 30.00th=[   86], 40.00th=[   88], 50.00th=[   91], 60.00th=[   92],
     | 70.00th=[   93], 80.00th=[   94], 90.00th=[  113], 95.00th=[  131],
     | 99.00th=[  151], 99.50th=[  155], 99.90th=[  225], 99.95th=[  245],
     | 99.99th=[  302]
   bw (  KiB/s): min=    8, max=   10, per=93.00%, avg= 9.37, stdev= 0.50, samples=120
   iops        : min= 8738, max=10426, avg=9911.11, stdev=401.05, samples=120
  lat (usec)   : 100=88.27%, 250=11.68%, 500=0.04%, 1000=0.01%
  lat (msec)   : 2=0.01%, 10=0.01%
  cpu          : usr=2.62%, sys=9.78%, ctx=594644, majf=0, minf=0
  IO depths    : 1=100.0%, 2=0.0%, 4=0.0%, 8=0.0%, 16=0.0%, 32=0.0%, >=64=0.0%
     submit    : 0=0.0%, 4=100.0%, 8=0.0%, 16=0.0%, 32=0.0%, 64=0.0%, >=64=0.0%
     complete  : 0=0.0%, 4=100.0%, 8=0.0%, 16=0.0%, 32=0.0%, 64=0.0%, >=64=0.0%
     issued rwts: total=0,594641,0,0 short=0,0,0,0 dropped=0,0,0,0
     latency   : target=0, window=0, percentile=100.00%, depth=1

Run status group 0 (all jobs):
  WRITE: bw=9910B/s (9910B/s), 9910B/s-9910B/s (9910B/s-9910B/s), io=581KiB (595kB), run=60001-60001msec
